FILENAME:   /home/mcs001/s132664/testsets/IP/miplib2017/ns1116954.mps.gz
SETTINGS:   settings_final_nosym_norestarts
TIMELIMIT:  7200
OUTPUTNAME: final_miplib_symretope_if_extended_generating_set_cpx_v802__settings_final_nosym_norestarts__1__
BINNAME:    bin/sbcs.linux.x86_64.gnu.opt.cpx
BASENAME:   ns1116954.mps.gz
SEED:       1
@01 /home/mcs001/s132664/testsets/IP/miplib2017/ns1116954.mps.gz ===========
@02 ns1116954.mps.gz
@03 1686650457
SCIP version 8.0.2 [precision: 8 byte] [memory: block] [mode: optimized] [LP solver: CPLEX 20.1.0.0] [GitHash: 5f0473c]
Copyright (C) 2002-2022 Konrad-Zuse-Zentrum fuer Informationstechnik Berlin (ZIB)

Symretope propagation methods - (c) Jasper van Doornmalen, Christopher Hojny.
[GitHash: 2fd0484]

reading parameter file <../settings/settings_final_nosym_norestarts.set> ...

Changed settings:
limits/time = 7200
limits/restarts = 0
misc/usesymmetry = 0
randomization/randomseedshift = 1
constraints/orbisack/sepafreq = -1
constraints/symresack/sepafreq = -1
propagating/symmetry/detectsubgroups = FALSE
propagating/symmetry/usesymretopes = FALSE
propagating/symmetry/relabelsymretopes = 0
propagating/symmetry/ofsymcomptiming = 0
constraints/symretope/sepafreq = -1
constraints/symretope/peek = FALSE


solving problem ...

original problem has 12648 variables (7482 bin, 0 int, 0 impl, 5166 cont) and 131991 constraints
presolving:
(round 1, fast)       720 del vars, 120 del conss, 0 add conss, 0 chg bounds, 0 chg sides, 24 chg coeffs, 0 upgd conss, 0 impls, 12209 clqs
(round 2, exhaustive) 720 del vars, 126 del conss, 0 add conss, 0 chg bounds, 0 chg sides, 24 chg coeffs, 8483 upgd conss, 0 impls, 12209 clqs
(round 3, medium)     720 del vars, 150 del conss, 48 add conss, 0 chg bounds, 48 chg sides, 672 chg coeffs, 8483 upgd conss, 0 impls, 13360 clqs
   (17.9s) probing: 1000/7482 (13.4%) - 0 fixings, 0 aggregations, 331146 implications, 0 bound changes
   (17.9s) probing: 1001/7482 (13.4%) - 0 fixings, 0 aggregations, 331548 implications, 0 bound changes
   (17.9s) probing aborted: 1000/1000 successive useless probings
presolving (4 rounds: 4 fast, 3 medium, 2 exhaustive):
 720 deleted vars, 150 deleted constraints, 48 added constraints, 0 tightened bounds, 0 added holes, 48 changed sides, 672 changed coefficients
 0 implications, 344908 cliques
presolved problem has 11928 variables (7482 bin, 0 int, 0 impl, 4446 cont) and 131889 constraints
    180 constraints of type <knapsack>
   8327 constraints of type <setppc>
 123382 constraints of type <linear>
transformed objective value is always integral (scale: 1)
Presolving Time: 17.79

 time | node  | left  |LP iter|LP it/n|mem/heur|mdpt |vars |cons |rows |cuts |sepa|confs|strbr|  dualbound   | primalbound  |  gap   | compl. 
 22.0s|     1 |     0 |   556 |     - |   395M |   0 |  11k| 131k| 131k|   0 |  0 |  82 |   0 | 0.000000e+00 |      --      |    Inf | unknown
  227s|     1 |     0 | 33322 |     - |   417M |   0 |  11k| 131k| 131k|  29 |  1 |  92 |   0 | 0.000000e+00 |      --      |    Inf | unknown
  345s|     1 |     0 | 48483 |     - |   432M |   0 |  11k| 131k| 131k|  68 |  2 |  92 |   0 | 0.000000e+00 |      --      |    Inf | unknown
  486s|     1 |     0 | 66319 |     - |   446M |   0 |  11k| 131k| 131k| 105 |  3 |  97 |   0 | 0.000000e+00 |      --      |    Inf | unknown
  624s|     1 |     0 | 82917 |     - |   461M |   0 |  11k| 131k| 132k| 131 |  4 |  97 |   0 | 0.000000e+00 |      --      |    Inf | unknown
  766s|     1 |     0 |100345 |     - |   475M |   0 |  11k| 131k| 132k| 160 |  5 |  97 |   0 | 0.000000e+00 |      --      |    Inf | unknown
  911s|     1 |     0 |117913 |     - |   489M |   0 |  11k| 131k| 132k| 181 |  6 |  97 |   0 | 0.000000e+00 |      --      |    Inf | unknown
 1040s|     1 |     0 |134445 |     - |   504M |   0 |  11k| 131k| 132k| 208 |  7 |  97 |   0 | 0.000000e+00 |      --      |    Inf | unknown
 1168s|     1 |     0 |151112 |     - |   519M |   0 |  11k| 131k| 132k| 235 |  8 |  97 |   0 | 0.000000e+00 |      --      |    Inf | unknown
 1311s|     1 |     0 |169969 |     - |   533M |   0 |  11k| 131k| 132k| 260 |  9 |  97 |   0 | 0.000000e+00 |      --      |    Inf | unknown
 1429s|     1 |     0 |186135 |     - |   547M |   0 |  11k| 131k| 132k| 280 | 10 | 107 |   0 | 0.000000e+00 |      --      |    Inf | unknown
 1521s|     1 |     0 |202865 |     - |   562M |   0 |  11k| 132k| 132k| 307 | 11 | 117 |   0 | 0.000000e+00 |      --      |    Inf | unknown
 1781s|     1 |     2 |234803 |     - |   570M |   0 |  11k| 132k| 132k| 307 | 11 | 138 |  20 | 0.000000e+00 |      --      |    Inf | unknown
 6017s|   100 |   101 |781542 |5848.7 |   666M |  36 |  11k| 132k| 132k| 366 |  1 | 342 |  20 | 0.000000e+00 |      --      |    Inf | unknown
d6510s|   137 |     0 |876540 |4956.0 |pscostdi|  43 |  11k| 132k| 132k|   0 |  1 | 574 |  20 | 0.000000e+00 | 0.000000e+00 |   0.00%| 100.00%

SCIP Status        : problem is solved [optimal solution found]
Solving Time (sec) : 6510.28
Solving Nodes      : 137
Primal Bound       : +0.00000000000000e+00 (1 solutions)
Dual Bound         : +0.00000000000000e+00
Gap                : 0.00 %
SCIP Status        : problem is solved [optimal solution found]
Total Time         :    6510.86
  solving          :    6510.28
  presolving       :      17.79 (included in solving)
  reading          :       0.58
  copying          :       1.19 (4 #copies) (minimal 0.29, maximal 0.30, average 0.30)
Original Problem   :
  Problem name     : ns1116954
  Variables        : 12648 (7482 binary, 0 integer, 0 implicit integer, 5166 continuous)
  Constraints      : 131991 initial, 131991 maximal
  Objective        : minimize, 0 non-zeros (abs.min = 1e+20, abs.max = -1e+20)
Presolved Problem  :
  Problem name     : t_ns1116954
  Variables        : 11928 (7482 binary, 0 integer, 0 implicit integer, 4446 continuous)
  Constraints      : 131889 initial, 132425 maximal
  Objective        : minimize, 0 non-zeros (abs.min = 1e+20, abs.max = -1e+20)
  Nonzeros         : 409946 constraint, 740913 clique table
Presolvers         :   ExecTime  SetupTime  Calls  FixedVars   AggrVars   ChgTypes  ChgBounds   AddHoles    DelCons    AddCons   ChgSides   ChgCoefs
  boundshift       :       0.00       0.00      0          0          0          0          0          0          0          0          0          0
  convertinttobin  :       0.00       0.00      0          0          0          0          0          0          0          0          0          0
  domcol           :       0.08       0.00      1          0          0          0          0          0          0          0          0          0
  dualagg          :       0.00       0.00      0          0          0          0          0          0          0          0          0          0
  dualcomp         :       0.09       0.00      1          0          0          0          0          0          0          0          0          0
  dualinfer        :       0.00       0.00      0          0          0          0          0          0          0          0          0          0
  dualsparsify     :       0.16       0.00      1          0          0          0          0          0          0          0          0          0
  gateextraction   :       0.00       0.00      0          0          0          0          0          0          0          0          0          0
  implics          :       0.00       0.00      3          0          0          0          0          0          0          0          0          0
  inttobinary      :       0.00       0.00      0          0          0          0          0          0          0          0          0          0
  qpkktref         :       0.00       0.00      0          0          0          0          0          0          0          0          0          0
  redvub           :       0.00       0.00      0          0          0          0          0          0          0          0          0          0
  sparsify         :       0.21       0.00      1          0          0          0          0          0          0          0          0          0
  stuffing         :       0.00       0.00      0          0          0          0          0          0          0          0          0          0
  trivial          :       0.00       0.00      4          0          0          0          0          0          0          0          0          0
  tworowbnd        :       0.00       0.00      0          0          0          0          0          0          0          0          0          0
  dualfix          :       0.00       0.00      4        720          0          0          0          0          0          0          0          0
  genvbounds       :       0.00       0.00      0          0          0          0          0          0          0          0          0          0
  probing          :      16.71       0.00      1          0          0          0          0          0          0          0          0          0
  pseudoobj        :       0.00       0.00      0          0          0          0          0          0          0          0          0          0
  symmetry         :       0.00       0.00      0          0          0          0          0          0          0          0          0          0
  vbounds          :       0.01       0.00      1          0          0          0          0          0          0          0          0          0
  knapsack         :       0.03       0.00      5          0          0          0          0          0         24         48         48        648
  setppc           :       0.02       0.00      5          0          0          0          0          0          0          0          0          0
  linear           :       0.38       0.07      6          0          0          0          0          0        126          0          0         24
  logicor          :       0.00       0.00      0          0          0          0          0          0          0          0          0          0
  benders          :       0.00       0.00      0          0          0          0          0          0          0          0          0          0
  components       :       0.05       0.00      1          0          0          0          0          0          0          0          0          0
  root node        :          -          -      -          0          -          -          0          -          -          -          -          -
Constraints        :     Number  MaxNumber  #Separate #Propagate    #EnfoLP    #EnfoRelax  #EnfoPS    #Check   #ResProp    Cutoffs    DomReds       Cuts    Applied      Conss   Children
  benderslp        :          0          0          0          0        137          0          0         25          0          0          0          0          0          0          0
  integral         :          0          0          0          0        137          0          0         25          0          0          0          0          0          0        274
  knapsack         :        180+       183         11      17669          0          0          0         19       9153         34      10474       1294        229          0          0
  setppc           :       8327       8327         11      17635          0          0          0          4       4108         21       8960          0          0          0          0
  linear           :     123382+    123385         11      17614          0          0          0          1       1845         16        156          0          0          0          0
  logicor          :          0+       564         11        725          0          0          0          0          6          0          6          0          0          0          0
  benders          :          0          0          0          0          0          0          0          2          0          0          0          0          0          0          0
  countsols        :          0          0          0          0          0          0          0          2          0          0          0          0          0          0          0
  components       :          0          0          0          0          0          0          0          0          0          0          0          0          0          0          0
Constraint Timings :  TotalTime  SetupTime   Separate  Propagate     EnfoLP     EnfoPS     EnfoRelax   Check    ResProp    SB-Prop
  benderslp        :       0.00       0.00       0.00       0.00       0.00       0.00       0.00       0.00       0.00       0.00
  integral         :      93.71       0.00       0.00       0.00      93.71       0.00       0.00       0.00       0.00       0.00
  knapsack         :       2.49       0.00       0.02       2.45       0.00       0.00       0.00       0.00       0.00       0.01
  setppc           :       3.61       0.00       0.01       3.55       0.00       0.00       0.00       0.00       0.01       0.05
  linear           :       5.39       0.07       0.26       4.99       0.00       0.00       0.00       0.00       0.00       0.06
  logicor          :       0.01       0.00       0.00       0.01       0.00       0.00       0.00       0.00       0.00       0.00
  benders          :       0.00       0.00       0.00       0.00       0.00       0.00       0.00       0.00       0.00       0.00
  countsols        :       0.00       0.00       0.00       0.00       0.00       0.00       0.00       0.00       0.00       0.00
  components       :       0.00       0.00       0.00       0.00       0.00       0.00       0.00       0.00       0.00       0.00
Propagators        : #Propagate   #ResProp    Cutoffs    DomReds
  dualfix          :          1          0          0          0
  genvbounds       :          0          0          0          0
  nlobbt           :          0          0          0          0
  obbt             :          0          0          0          0
  probing          :          0          0          0          0
  pseudoobj        :          0          0          0          0
  redcost          :          0          0          0          0
  rootredcost      :          0          0          0          0
  symmetry         :          0          0          0          0
  vbounds          :       4104          0          0          0
Propagator Timings :  TotalTime  SetupTime   Presolve  Propagate    ResProp    SB-Prop
  dualfix          :       0.00       0.00       0.00       0.00       0.00       0.00
  genvbounds       :       0.00       0.00       0.00       0.00       0.00       0.00
  nlobbt           :       0.00       0.00       0.00       0.00       0.00       0.00
  obbt             :       0.00       0.00       0.00       0.00       0.00       0.00
  probing          :      16.71       0.00      16.71       0.00       0.00       0.00
  pseudoobj        :       0.00       0.00       0.00       0.00       0.00       0.00
  redcost          :       0.00       0.00       0.00       0.00       0.00       0.00
  rootredcost      :       0.00       0.00       0.00       0.00       0.00       0.00
  symmetry         :       0.00       0.00       0.00       0.00       0.00       0.00
  vbounds          :       0.01       0.00       0.01       0.01       0.00       0.00
Conflict Analysis  :       Time      Calls    Success    DomReds  Conflicts   Literals    Reconvs ReconvLits   Dualrays   Nonzeros   LP Iters   (pool size: [10000,10000])
  propagation      :       0.04         68         68          -       1404      208.1         89       10.1          -          -          -
  infeasible LP    :       0.08         14         11          -        331      690.6          3        4.0         11      524.9          0
  bound exceed. LP :       0.00          0          0          -          0        0.0          0        0.0          0        0.0          0
  strong branching :       0.00          0          0          -          0        0.0          0        0.0          -          -          0
  pseudo solution  :       0.00          0          0          -          0        0.0          0        0.0          -          -          -
  applied globally :       0.08          -          -          0        533       61.0          -          -          9          -          -
  applied locally  :          -          -          -          0         30      150.4          -          -          2          -          -
Separators         :   ExecTime  SetupTime      Calls  RootCalls    Cutoffs    DomReds  FoundCuts ViaPoolAdd  DirectAdd    Applied ViaPoolApp  DirectApp      Conss
  cut pool         :       0.02          -         56         21          -          -        772        234          -          -          -          -          -    (maximal pool size:        772)
  aggregation      :       0.41       0.00         23         11          0          0         55          6          0          2          2          0          0
  > cmir           :          -          -          -          -          -          -          -          3          0          1          1          0          -
  > flowcover      :          -          -          -          -          -          -          -          3          0          1          1          0          -
  > knapsackcover  :          -          -          -          -          -          -          -          0          0          0          0          0          -
  cgmip            :       0.00       0.00          0          0          0          0          0          0          0          0          0          0          0
  clique           :       1.40       0.00         11         11          0          0         66         40          0         22         22          0          0
  closecuts        :       0.00       0.00          0          0          0          0          0          0          0          0          0          0          0
  convexproj       :       0.00       0.00          0          0          0          0          0          0          0          0          0          0          0
  disjunctive      :       0.00       0.00          0          0          0          0          0          0          0          0          0          0          0
  eccuts           :       0.00       0.00          0          0          0          0          0          0          0          0          0          0          0
  gauge            :       0.00       0.00          0          0          0          0          0          0          0          0          0          0          0
  gomory           :       5.42       0.00         22         10          0          0        542        128         56         70         68          2          0
  > gomorymi       :          -          -          -          -          -          -          -        116         56         64         62          2          -
  > strongcg       :          -          -          -          -          -          -          -         12          0          6          6          0          -
  impliedbounds    :       0.25       0.00         23         11          0          0         74         47          0         42         42          0          0
  interminor       :       0.00       0.00          0          0          0          0          0          0          0          0          0          0          0
  intobj           :       0.00       0.00          0          0          0          0          0          0          0          0          0          0          0
  mcf              :       0.08       0.00          1          1          0          0          0          0          0          0          0          0          0
  minor            :       0.00       0.00          0          0          0          0          0          0          0          0          0          0          0
  mixing           :       0.00       0.00         23         11          0          0          0          0          0          0          0          0          0
  oddcycle         :       0.00       0.00          0          0          0          0          0          0          0          0          0          0          0
  rapidlearning    :       0.00       0.00          0          0          0          0          0          0          0          0          0          0          0
  rlt              :       0.00       0.00         10         10          0          0          0          0          0          0          0          0          0
  zerohalf         :       0.37       0.00         23         11          0          0        144         13         53         50          7         43          0
Cutselectors       :   ExecTime  SetupTime      Calls  RootCalls   Selected     Forced   Filtered  RootSelec   RootForc   RootFilt 
  hybrid           :       0.00       0.00         26         11        415          0       1222        307          0       1120
Pricers            :   ExecTime  SetupTime      Calls       Vars
  problem variables:       0.00          -          0          0
Branching Rules    :   ExecTime  SetupTime   BranchLP  BranchExt   BranchPS    Cutoffs    DomReds       Cuts      Conss   Children
  allfullstrong    :       0.00       0.00          0          0          0          0          0          0          0          0
  cloud            :       0.00       0.00          0          0          0          0          0          0          0          0
  distribution     :       0.00       0.00          0          0          0          0          0          0          0          0
  fullstrong       :       0.00       0.00          0          0          0          0          0          0          0          0
  inference        :       0.00       0.00          0          0          0          0          0          0          0          0
  leastinf         :       0.00       0.00          0          0          0          0          0          0          0          0
  lookahead        :       0.00       0.00          0          0          0          0          0          0          0          0
  mostinf          :       0.00       0.00          0          0          0          0          0          0          0          0
  multaggr         :       0.00       0.00          0          0          0          0          0          0          0          0
  nodereopt        :       0.00       0.00          0          0          0          0          0          0          0          0
  pscost           :       0.00       0.00          0          0          0          0          0          0          0          0
  random           :       0.00       0.00          0          0          0          0          0          0          0          0
  relpscost        :      93.71       0.00        137          0          0          0          0          0          0        274
  vanillafullstrong:       0.00       0.00          0          0          0          0          0          0          0          0
Primal Heuristics  :   ExecTime  SetupTime      Calls      Found       Best
  LP solutions     :       0.00          -          -          0          0
  relax solutions  :       0.00          -          -          0          0
  pseudo solutions :       0.00          -          -          0          0
  strong branching :       0.00          -          -          0          0
  actconsdiving    :       0.00       0.00          0          0          0
  adaptivediving   :     262.49       0.00          2          0          0
  alns             :      88.88       0.00          3          0          0
  bound            :       0.00       0.00          0          0          0
  clique           :       0.45       0.00          1          0          0
  coefdiving       :       0.00       0.00          0          0          0
  completesol      :       0.00       0.00          0          0          0
  conflictdiving   :     223.26       0.00          4          0          0
  crossover        :       0.00       0.00          0          0          0
  dins             :       0.00       0.00          0          0          0
  distributiondivin:    1084.90       0.00          2          0          0
  dps              :       0.00       0.00          0          0          0
  dualval          :       0.00       0.00          0          0          0
  farkasdiving     :       0.00       0.00          0          0          0
  feaspump         :      52.98       0.00          2          0          0
  fixandinfer      :       0.00       0.00          0          0          0
  fracdiving       :      99.01       0.00          3          0          0
  gins             :       0.00       0.00          0          0          0
  guideddiving     :       0.00       0.00          0          0          0
  indicator        :       0.00       0.00          0          0          0
  intdiving        :       0.00       0.00          0          0          0
  intshifting      :       2.88       0.00          4          0          0
  linesearchdiving :     102.88       0.00          4          0          0
  localbranching   :       0.00       0.00          0          0          0
  locks            :       0.22       0.00          1          0          0
  lpface           :       0.01       0.00          0          0          0
  mpec             :       0.00       0.00          0          0          0
  multistart       :       0.00       0.00          0          0          0
  mutation         :       0.00       0.00          0          0          0
  nlpdiving        :       0.00       0.00          0          0          0
  objpscostdiving  :      91.21       0.00          2          0          0
  octane           :       0.00       0.00          0          0          0
  ofins            :       0.00       0.00          0          0          0
  oneopt           :       0.00       0.00          0          0          0
  padm             :       0.00       0.00          0          0          0
  proximity        :       0.00       0.00          0          0          0
  pscostdiving     :     240.70       0.00          4          1          1
  randrounding     :       2.47       0.00         19          0          0
  rens             :       0.85       0.00          1          0          0
  reoptsols        :       0.00       0.00          0          0          0
  repair           :       0.00       0.00          0          0          0
  rins             :       0.00       0.00          0          0          0
  rootsoldiving    :      62.17       0.00          2          0          0
  rounding         :       0.73       0.00        132          0          0
  shiftandpropagate:       0.24       0.00          1          0          0
  shifting         :       0.47       0.00         41          0          0
  simplerounding   :       0.00       0.00          0          0          0
  subnlp           :       0.00       0.00          0          0          0
  trivial          :       0.03       0.00          2          0          0
  trivialnegation  :       0.00       0.00          0          0          0
  trustregion      :       0.00       0.00          0          0          0
  trysol           :       0.00       0.00          0          0          0
  twoopt           :       0.00       0.00          0          0          0
  undercover       :       0.00       0.00          0          0          0
  vbounds          :       1.21       0.00          1          0          0
  veclendiving     :     131.02       0.00          3          0          0
  zeroobj          :       0.00       0.00          0          0          0
  zirounding       :       0.12       0.00        136          0          0
  other solutions  :          -          -          -          0          -
LP                 :       Time      Calls Iterations  Iter/call   Iter/sec  Time-0-It Calls-0-It    ItLimit
  primal LP        :      36.44          7          0       0.00       0.00      36.44          7
  dual LP          :    3901.71        163     515092    3160.07     132.02       0.00          0
  lex dual LP      :       0.00          0          0       0.00          -
  barrier LP       :       0.00          0          0       0.00          -       0.00          0
  resolve instable :       0.00          0          0       0.00          -
  diving/probing LP:    2346.93        295     361448    1225.25     154.01
  strong branching :      92.67         20      17775     888.75     191.81          -          -         31
    (at root node) :          -         20      17775     888.75          -
  conflict analysis:       0.00          0          0       0.00          -
B&B Tree           :
  number of runs   :          1
  nodes            :        137 (137 internal, 0 leaves)
  feasible leaves  :          0
  infeas. leaves   :          0
  objective leaves :          0
  nodes (total)    :        137 (137 internal, 0 leaves)
  nodes left       :          0
  max depth        :         43
  max depth (total):         43
  backtracks       :         25 (18.2%)
  early backtracks :          0 (0.0%)
  nodes exc. ref.  :          0 (0.0%)
  delayed cutoffs  :          0
  repropagations   :          0 (0 domain reductions, 0 cutoffs)
  avg switch length:       2.25
  switching time   :      36.68
Root Node          :
  First LP value   : +0.00000000000000e+00
  First LP Iters   :        210 (121.29 Iter/sec)
  First LP Time    :       1.73
  Final Dual Bound : +0.00000000000000e+00
  Final Root Iters :     202519
  Root LP Estimate : +9.74552660351218e-03
Solution           :
  Solutions found  :          1 (1 improvements)
  First Solution   : +0.00000000000000e+00   (in run 1, after 137 nodes, 6510.15 seconds, depth 363, found by <pscostdiving>)
  Gap First Sol.   :       0.00 %
  Gap Last Sol.    :       0.00 %
  Primal Bound     : +0.00000000000000e+00   (in run 1, after 137 nodes, 6510.15 seconds, depth 363, found by <pscostdiving>)
  Dual Bound       : +0.00000000000000e+00
  Gap              :       0.00 %
Integrals          :      Total       Avg%
  primal-dual      :  651015.88     100.00
  primal-ref       :          -          - (not evaluated)
  dual-ref         :          -          - (not evaluated)
written solution information to file <results/final_miplib_symretope_if_extended_generating_set_cpx_v802__settings_final_nosym_norestarts__1__ns1116954.mps.gz.sol>
@04 1686656969
