FILENAME:   /home/mcs001/s132664/testsets/IP/miplib2017/acc-tight4.mps.gz
SETTINGS:   settings_final_nopeek_norelabel_extend_norestarts
TIMELIMIT:  7200
OUTPUTNAME: final_miplib_symretope_if_extended_generating_set_cpx_v802__settings_final_nopeek_norelabel_extend_norestarts__1__
BINNAME:    bin/sbcs.linux.x86_64.gnu.opt.cpx
BASENAME:   acc-tight4.mps.gz
SEED:       1
@01 /home/mcs001/s132664/testsets/IP/miplib2017/acc-tight4.mps.gz ===========
@02 acc-tight4.mps.gz
@03 1686654359
SCIP version 8.0.2 [precision: 8 byte] [memory: block] [mode: optimized] [LP solver: CPLEX 20.1.0.0] [GitHash: 5f0473c]
Copyright (C) 2002-2022 Konrad-Zuse-Zentrum fuer Informationstechnik Berlin (ZIB)

Symretope propagation methods - (c) Jasper van Doornmalen, Christopher Hojny.
[GitHash: 2fd0484]

reading parameter file <../settings/settings_final_nopeek_norelabel_extend_norestarts.set> ...

Changed settings:
limits/time = 7200
limits/restarts = 0
misc/usesymmetry = 1
randomization/randomseedshift = 1
constraints/orbisack/sepafreq = -1
constraints/symresack/sepafreq = -1
propagating/symmetry/addsymresacks = TRUE
propagating/symmetry/detectsubgroups = FALSE
propagating/symmetry/relabelsymretopes = 0
propagating/symmetry/extendgenerators = TRUE
propagating/symmetry/ofsymcomptiming = 0
constraints/symretope/sepafreq = -1
constraints/symretope/peek = FALSE


solving problem ...

original problem has 1620 variables (1620 bin, 0 int, 0 impl, 0 cont) and 3285 constraints
presolving:
(round 1, exhaustive) 0 del vars, 0 del conss, 0 add conss, 0 chg bounds, 0 chg sides, 0 chg coeffs, 3249 upgd conss, 0 impls, 2448 clqs
   (0.1s) sparsify finished: 81/17073 (0.5%) nonzeros canceled - in total 81 canceled nonzeros, 81 changed coefficients, 0 added nonzeros
(round 2, exhaustive) 0 del vars, 0 del conss, 0 add conss, 0 chg bounds, 0 chg sides, 81 chg coeffs, 3249 upgd conss, 0 impls, 2448 clqs
(round 3, exhaustive) 0 del vars, 0 del conss, 0 add conss, 0 chg bounds, 0 chg sides, 81 chg coeffs, 3258 upgd conss, 0 impls, 2457 clqs
(round 4, exhaustive) 25 del vars, 0 del conss, 0 add conss, 0 chg bounds, 0 chg sides, 81 chg coeffs, 3258 upgd conss, 0 impls, 15201 clqs
(round 5, fast)       25 del vars, 27 del conss, 0 add conss, 0 chg bounds, 0 chg sides, 81 chg coeffs, 3258 upgd conss, 0 impls, 15201 clqs
(round 6, exhaustive) 50 del vars, 27 del conss, 0 add conss, 0 chg bounds, 0 chg sides, 81 chg coeffs, 3258 upgd conss, 0 impls, 15155 clqs
(round 7, fast)       50 del vars, 54 del conss, 0 add conss, 0 chg bounds, 0 chg sides, 81 chg coeffs, 3258 upgd conss, 0 impls, 15155 clqs
(round 8, exhaustive) 75 del vars, 54 del conss, 0 add conss, 0 chg bounds, 0 chg sides, 81 chg coeffs, 3258 upgd conss, 0 impls, 15198 clqs
(round 9, fast)       75 del vars, 85 del conss, 0 add conss, 0 chg bounds, 0 chg sides, 81 chg coeffs, 3258 upgd conss, 0 impls, 15198 clqs
   (0.6s) probing: 1000/1620 (61.7%) - 0 fixings, 81 aggregations, 42357 implications, 0 bound changes
   (0.9s) probing cycle finished: starting next cycle
   (0.9s) probing: 51/1539 (3.3%) - 0 fixings, 81 aggregations, 67803 implications, 0 bound changes
   (0.9s) probing aborted: 50/50 successive totally useless probings
(round 10, exhaustive) 81 del vars, 85 del conss, 0 add conss, 0 chg bounds, 0 chg sides, 81 chg coeffs, 3258 upgd conss, 0 impls, 15258 clqs
(round 11, fast)       81 del vars, 99 del conss, 0 add conss, 0 chg bounds, 0 chg sides, 81 chg coeffs, 3258 upgd conss, 0 impls, 15258 clqs
   (0.9s) probing: 56/1539 (3.6%) - 0 fixings, 81 aggregations, 67803 implications, 0 bound changes
   (0.9s) probing aborted: 50/50 successive totally useless probings
   (1.0s) symmetry computation started: requiring (bin +, int +, cont +), (fixed: bin -, int -, cont -)
   (1.0s) symmetry computation finished: 7 generators found (max: 1500, log10 of symmetry group size: 4.6)
(round 12, exhaustive) 81 del vars, 99 del conss, 28 add conss, 0 chg bounds, 0 chg sides, 81 chg coeffs, 3258 upgd conss, 0 impls, 15258 clqs
presolving (13 rounds: 13 fast, 9 medium, 9 exhaustive):
 81 deleted vars, 99 deleted constraints, 28 added constraints, 0 tightened bounds, 0 added holes, 0 changed sides, 81 changed coefficients
 0 implications, 15258 cliques
presolved problem has 1539 variables (1539 bin, 0 int, 0 impl, 0 cont) and 3214 constraints
    396 constraints of type <knapsack>
   2358 constraints of type <setppc>
     27 constraints of type <linear>
     22 constraints of type <orbisack>
      6 constraints of type <symretope>
    405 constraints of type <logicor>
transformed objective value is always integral (scale: 1)
Presolving Time: 0.99

 time | node  | left  |LP iter|LP it/n|mem/heur|mdpt |vars |cons |rows |cuts |sepa|confs|strbr|  dualbound   | primalbound  |  gap   | compl. 
  1.4s|     1 |     0 |  2989 |     - |    39M |   0 |1539 |3250 |3220 |   0 |  0 |  35 |   0 | 0.000000e+00 |      --      |    Inf | unknown
  8.5s|     1 |     0 | 24216 |     - |    41M |   0 |1539 |3451 |3224 |   4 |  1 |  36 |   0 | 0.000000e+00 |      --      |    Inf | unknown
  8.8s|     1 |     0 | 25318 |     - |    41M |   0 |1539 |3451 |3219 |   6 |  2 |  37 |   0 | 0.000000e+00 |      --      |    Inf | unknown
  9.0s|     1 |     0 | 25737 |     - |    42M |   0 |1539 |3453 |3223 |  10 |  3 |  41 |   0 | 0.000000e+00 |      --      |    Inf | unknown
  9.3s|     1 |     0 | 26693 |     - |    42M |   0 |1539 |3456 |3226 |  13 |  4 |  44 |   0 | 0.000000e+00 |      --      |    Inf | unknown
  9.5s|     1 |     0 | 27163 |     - |    43M |   0 |1539 |3456 |3229 |  16 |  5 |  44 |   0 | 0.000000e+00 |      --      |    Inf | unknown
 10.1s|     1 |     0 | 29674 |     - |    43M |   0 |1539 |3457 |3234 |  21 |  6 |  45 |   0 | 0.000000e+00 |      --      |    Inf | unknown
 10.8s|     1 |     0 | 32995 |     - |    43M |   0 |1539 |3457 |3231 |  27 |  7 |  46 |   0 | 0.000000e+00 |      --      |    Inf | unknown
 11.3s|     1 |     0 | 34877 |     - |    44M |   0 |1539 |3455 |3232 |  28 |  8 |  47 |   0 | 0.000000e+00 |      --      |    Inf | unknown
 12.0s|     1 |     0 | 37671 |     - |    44M |   0 |1539 |3463 |3243 |  39 |  9 |  55 |   0 | 0.000000e+00 |      --      |    Inf | unknown
 12.5s|     1 |     0 | 39842 |     - |    45M |   0 |1539 |3466 |3247 |  43 | 10 |  58 |   0 | 0.000000e+00 |      --      |    Inf | unknown
 13.2s|     1 |     0 | 42854 |     - |    45M |   0 |1539 |3467 |3253 |  49 | 11 |  59 |   0 | 0.000000e+00 |      --      |    Inf | unknown
 13.2s|     1 |     0 | 42854 |     - |    45M |   0 |1539 |3465 |3253 |  49 | 11 |  61 |   0 | 0.000000e+00 |      --      |    Inf | unknown
 13.5s|     1 |     0 | 44293 |     - |    46M |   0 |1539 |3465 |3257 |  53 | 12 |  61 |   0 | 0.000000e+00 |      --      |    Inf | unknown
 14.1s|     1 |     0 | 47058 |     - |    46M |   0 |1539 |3475 |3260 |  56 | 13 |  71 |   0 | 0.000000e+00 |      --      |    Inf | unknown
 time | node  | left  |LP iter|LP it/n|mem/heur|mdpt |vars |cons |rows |cuts |sepa|confs|strbr|  dualbound   | primalbound  |  gap   | compl. 
 14.6s|     1 |     0 | 49235 |     - |    46M |   0 |1539 |3476 |3264 |  60 | 14 |  72 |   0 | 0.000000e+00 |      --      |    Inf | unknown
 15.2s|     1 |     0 | 51803 |     - |    47M |   0 |1539 |3479 |3242 |  63 | 15 |  75 |   0 | 0.000000e+00 |      --      |    Inf | unknown
 15.6s|     1 |     0 | 53389 |     - |    47M |   0 |1539 |3485 |3244 |  65 | 16 |  81 |   0 | 0.000000e+00 |      --      |    Inf | unknown
 16.0s|     1 |     0 | 55499 |     - |    47M |   0 |1539 |3487 |3249 |  70 | 17 |  83 |   0 | 0.000000e+00 |      --      |    Inf | unknown
 16.2s|     1 |     0 | 56453 |     - |    48M |   0 |1539 |3488 |3251 |  72 | 18 |  84 |   0 | 0.000000e+00 |      --      |    Inf | unknown
 16.9s|     1 |     0 | 59838 |     - |    48M |   0 |1539 |3488 |3248 |  75 | 19 |  85 |   0 | 0.000000e+00 |      --      |    Inf | unknown
 17.2s|     1 |     0 | 61148 |     - |    49M |   0 |1539 |3489 |3231 |  78 | 20 |  88 |   0 | 0.000000e+00 |      --      |    Inf | unknown
 17.7s|     1 |     0 | 63591 |     - |    49M |   0 |1539 |3498 |3236 |  83 | 21 |  97 |   0 | 0.000000e+00 |      --      |    Inf | unknown
 17.9s|     1 |     0 | 64314 |     - |    49M |   0 |1539 |3498 |3241 |  88 | 22 |  97 |   0 | 0.000000e+00 |      --      |    Inf | unknown
 20.3s|     1 |     2 | 67233 |     - |    49M |   0 |1539 |3501 |3241 |  88 | 22 | 101 |  11 | 0.000000e+00 |      --      |    Inf | unknown
 32.8s|   100 |    66 |136080 | 725.6 |    53M |  20 |1539 |3577 |3209 | 130 |  1 | 177 |  11 | 0.000000e+00 |      --      |    Inf | unknown
 46.0s|   200 |   101 |185416 | 608.9 |    55M |  29 |1539 |3766 |3210 | 149 |  1 | 373 |  21 | 0.000000e+00 |      --      |    Inf | unknown
 57.4s|   300 |   151 |248972 | 617.8 |    56M |  29 |1539 |3830 |3215 | 184 |  0 | 439 |  21 | 0.000000e+00 |      --      |    Inf | unknown
 67.9s|   400 |   190 |311038 | 618.5 |    57M |  30 |1539 |3971 |3213 | 216 |  0 | 582 |  21 | 0.000000e+00 |      --      |    Inf | unknown
 77.9s|   500 |   240 |374988 | 622.7 |    58M |  30 |1539 |4028 |3210 | 232 |  1 | 645 |  21 | 0.000000e+00 |      --      |    Inf | unknown
 time | node  | left  |LP iter|LP it/n|mem/heur|mdpt |vars |cons |rows |cuts |sepa|confs|strbr|  dualbound   | primalbound  |  gap   | compl. 
 86.8s|   600 |   286 |423803 | 600.3 |    59M |  30 |1539 |4141 |3212 | 256 |  1 | 764 |  26 | 0.000000e+00 |      --      |    Inf | unknown
 98.8s|   700 |   340 |488432 | 606.8 |    59M |  30 |1539 |4364 |3207 | 270 |  1 |1010 |  47 | 0.000000e+00 |      --      |    Inf | unknown
  118s|   800 |   393 |592326 | 660.9 |    60M |  30 |1539 |4524 |3207 | 291 |  1 |1238 |  47 | 0.000000e+00 |      --      |    Inf | unknown
  133s|   900 |   448 |668080 | 671.7 |    61M |  30 |1539 |4695 |3213 | 318 |  1 |1565 |  84 | 0.000000e+00 |      --      |    Inf | unknown
  150s|  1000 |   507 |757080 | 693.5 |    61M |  30 |1539 |4733 |3207 | 360 |  1 |1825 |  84 | 0.000000e+00 |      --      |    Inf | unknown
  161s|  1100 |   541 |823926 | 691.2 |    62M |  30 |1539 |4752 |3214 | 369 |  0 |2107 |  89 | 0.000000e+00 |      --      |    Inf | unknown
  199s|  1200 |   579 |983787 | 766.9 |    63M |  30 |1539 |4633 |3207 | 419 |  1 |2319 |  93 | 0.000000e+00 |      --      |    Inf | unknown
Restart triggered after 50 consecutive estimations that the remaining tree will be large
  213s|  1300 |   631 |  1070k| 774.8 |    63M |  30 |1539 |4574 |3211 | 458 |  1 |2599 |  93 | 0.000000e+00 |      --      |    Inf | unknown
  222s|  1400 |   658 |  1122k| 756.5 |    63M |  30 |1539 |4506 |3211 | 459 |  2 |2783 |  98 | 0.000000e+00 |      --      |    Inf | unknown
  235s|  1500 |   703 |  1202k| 759.2 |    64M |  30 |1539 |4500 |3210 | 482 |  1 |2986 |  98 | 0.000000e+00 |      --      |    Inf | unknown
  245s|  1600 |   751 |  1262k| 749.3 |    64M |  30 |1539 |4522 |3210 | 500 |  1 |3210 |  98 | 0.000000e+00 |      --      |    Inf | unknown
* 252s|  1657 |   773 |  1298k| 745.5 |    LP  |  30 |1539 |4486 |3210 | 510 |  0 |3301 |  98 | 0.000000e+00 | 1.000000e+00 |    Inf | unknown
  258s|  1700 |   796 |  1338k| 750.0 |    65M |  30 |1539 |4491 |3211 | 520 |  1 |3396 |  98 | 0.000000e+00 | 1.000000e+00 |    Inf | unknown
  275s|  1800 |   874 |  1457k| 774.2 |    67M |  30 |1539 |4504 |3209 | 556 |  0 |3662 |  98 | 0.000000e+00 | 1.000000e+00 |    Inf | unknown
  292s|  1900 |   927 |  1569k| 792.6 |    68M |  30 |1539 |4564 |3215 | 578 |  1 |3902 |  98 | 0.000000e+00 | 1.000000e+00 |    Inf | unknown
 time | node  | left  |LP iter|LP it/n|mem/heur|mdpt |vars |cons |rows |cuts |sepa|confs|strbr|  dualbound   | primalbound  |  gap   | compl. 
  311s|  2000 |   980 |  1692k| 814.4 |    68M |  30 |1539 |4626 |3215 | 616 |  0 |4167 |  98 | 0.000000e+00 | 1.000000e+00 |    Inf |   1.53%
  328s|  2100 |   996 |  1803k| 828.8 |    69M |  30 |1539 |4659 |3209 | 625 |  1 |4500 |  98 | 0.000000e+00 | 1.000000e+00 |    Inf |   2.80%
  349s|  2200 |  1049 |  1933k| 850.2 |    69M |  30 |1539 |4622 |   0 | 686 |  0 |4800 |  98 | 0.000000e+00 | 1.000000e+00 |    Inf |   3.05%
  363s|  2300 |  1061 |  2024k| 852.7 |    69M |  30 |1539 |4667 |3217 | 696 |  0 |4997 |  98 | 0.000000e+00 | 1.000000e+00 |    Inf |   3.61%
  382s|  2400 |  1075 |  2145k| 867.7 |    69M |  30 |1539 |4606 |3214 | 717 |  1 |5090 |  98 | 0.000000e+00 | 1.000000e+00 |    Inf |   3.86%
  392s|  2500 |  1105 |  2220k| 863.0 |    69M |  31 |1539 |4780 |3210 | 733 |  0 |5353 |  98 | 0.000000e+00 | 1.000000e+00 |    Inf |   3.95%
* 398s|  2563 |     0 |  2262k| 858.1 |    LP  |  31 |1539 |4867 |3211 | 736 |  1 |5456 |  98 | 0.000000e+00 | 0.000000e+00 |   0.00%| 100.00%

SCIP Status        : problem is solved [optimal solution found]
Solving Time (sec) : 397.90
Solving Nodes      : 2563
Primal Bound       : +0.00000000000000e+00 (2 solutions)
Dual Bound         : +0.00000000000000e+00
Gap                : 0.00 %
SCIP Status        : problem is solved [optimal solution found]
Total Time         :     397.92
  solving          :     397.90
  presolving       :       0.99 (included in solving)
  reading          :       0.02
  copying          :       1.38 (110 #copies) (minimal 0.01, maximal 0.02, average 0.01)
Original Problem   :
  Problem name     : acc-tight4
  Variables        : 1620 (1620 binary, 0 integer, 0 implicit integer, 0 continuous)
  Constraints      : 3285 initial, 3285 maximal
  Objective        : minimize, 1 non-zeros (abs.min = 1, abs.max = 1)
Presolved Problem  :
  Problem name     : t_acc-tight4
  Variables        : 1539 (1539 binary, 0 integer, 0 implicit integer, 0 continuous)
  Constraints      : 3214 initial, 4867 maximal
  Objective        : minimize, 1 non-zeros (abs.min = 1, abs.max = 1)
  Nonzeros         : 41508 constraint, 33560 clique table
Presolvers         :   ExecTime  SetupTime  Calls  FixedVars   AggrVars   ChgTypes  ChgBounds   AddHoles    DelCons    AddCons   ChgSides   ChgCoefs
  boundshift       :       0.00       0.00      0          0          0          0          0          0          0          0          0          0
  convertinttobin  :       0.00       0.00      0          0          0          0          0          0          0          0          0          0
  domcol           :       0.01       0.00      7          0          0          0          0          0          0          0          0          0
  dualagg          :       0.00       0.00      0          0          0          0          0          0          0          0          0          0
  dualcomp         :       0.00       0.00      0          0          0          0          0          0          0          0          0          0
  dualinfer        :       0.00       0.00      0          0          0          0          0          0          0          0          0          0
  dualsparsify     :       0.02       0.00      1          0          0          0          0          0          0          0          0          0
  gateextraction   :       0.01       0.00      8          0          0          0          0          0          0          0          0          0
  implics          :       0.00       0.00      9          0          0          0          0          0          0          0          0          0
  inttobinary      :       0.00       0.00      0          0          0          0          0          0          0          0          0          0
  qpkktref         :       0.00       0.00      0          0          0          0          0          0          0          0          0          0
  redvub           :       0.00       0.00      0          0          0          0          0          0          0          0          0          0
  sparsify         :       0.04       0.00      3          0          0          0          0          0          0          0          0         81
  stuffing         :       0.00       0.00      0          0          0          0          0          0          0          0          0          0
  trivial          :       0.00       0.00     13          0          0          0          0          0          0          0          0          0
  tworowbnd        :       0.00       0.00      0          0          0          0          0          0          0          0          0          0
  dualfix          :       0.00       0.00     13          0          0          0          0          0          0          0          0          0
  genvbounds       :       0.00       0.00      0          0          0          0          0          0          0          0          0          0
  probing          :       0.76       0.00      5          0         81          0          0          0          0          0          0          0
  pseudoobj        :       0.00       0.00      0          0          0          0          0          0          0          0          0          0
  symmetry         :       0.03       0.00      1          0          0          0          0          0          0         28          0          0
  vbounds          :       0.00       0.00      2          0          0          0          0          0          0          0          0          0
  knapsack         :       0.06       0.00     28          0          0          0          0          0          0          0          0          0
  setppc           :       0.03       0.00     28          0          0          0          0          0         99          0          0          0
  linear           :       0.02       0.00     22          0          0          0          0          0          0          0          0          0
  orbisack         :       0.00       0.00      1          0          0          0          0          0          0          0          0          0
  symretope        :       0.00       0.00      1          0          0          0          0          0          0          0          0          0
  logicor          :       0.00       0.00     27          0          0          0          0          0          0          0          0          0
  benders          :       0.00       0.00      0          0          0          0          0          0          0          0          0          0
  components       :       0.01       0.00      1          0          0          0          0          0          0          0          0          0
  root node        :          -          -      -          9          -          -          9          -          -          -          -          -
Constraints        :     Number  MaxNumber  #Separate #Propagate    #EnfoLP    #EnfoRelax  #EnfoPS    #Check   #ResProp    Cutoffs    DomReds       Cuts    Applied      Conss   Children
  benderslp        :          0          0          0          0       1867          0          0        217          0          0          0          0          0          0          0
  integral         :          0          0          0          0       1867          0          0        217          0          0        206          0          0        126       3700
  knapsack         :        396+       431         22      36212          1          0          0        212      16686         36       6271          0          0          0          0
  setppc           :       2358+      2383         22      36176          1          0          0          1     206547        215      77189          1          0          0          0
  linear           :         27+       257         23      35961          1          0          0          1       4042         34       1739         13         11          0          0
  orbisack         :         22         22          0        612          0          0          0          1       3776         19       1251          0          0          0          0
  symretope        :          6          6          0       1448          0          0          0          1       1050          7        589          0          0          0          0
  logicor          :        405+      1818         22      17248          1          0          0          1      12859        123       6040          1          1          0          0
  benders          :          0          0          0          0          1          0          0          2          0          0          0          0          0          0          0
  countsols        :          0          0          0          0          1          0          0          2          0          0          0          0          0          0          0
  components       :          0          0          0          0          0          0          0          0          0          0          0          0          0          0          0
Constraint Timings :  TotalTime  SetupTime   Separate  Propagate     EnfoLP     EnfoPS     EnfoRelax   Check    ResProp    SB-Prop
  benderslp        :       0.00       0.00       0.00       0.00       0.00       0.00       0.00       0.00       0.00       0.00
  integral         :       5.22       0.00       0.00       0.00       5.22       0.00       0.00       0.00       0.00       0.00
  knapsack         :       0.38       0.00       0.03       0.32       0.00       0.00       0.00       0.00       0.01       0.01
  setppc           :       0.98       0.00       0.00       0.88       0.00       0.00       0.00       0.00       0.08       0.02
  linear           :       0.11       0.00       0.00       0.10       0.00       0.00       0.00       0.00       0.01       0.00
  orbisack         :       0.02       0.00       0.00       0.02       0.00       0.00       0.00       0.00       0.00       0.00
  symretope        :       0.02       0.00       0.00       0.02       0.00       0.00       0.00       0.00       0.00       0.00
  logicor          :       0.34       0.00       0.00       0.31       0.00       0.00       0.00       0.00       0.02       0.01
  benders          :       0.00       0.00       0.00       0.00       0.00       0.00       0.00       0.00       0.00       0.00
  countsols        :       0.00       0.00       0.00       0.00       0.00       0.00       0.00       0.00       0.00       0.00
  components       :       0.00       0.00       0.00       0.00       0.00       0.00       0.00       0.00       0.00       0.00
Propagators        : #Propagate   #ResProp    Cutoffs    DomReds
  dualfix          :          5          0          0          0
  genvbounds       :          0          0          0          0
  nlobbt           :          0          0          0          0
  obbt             :          0          0          0          0
  probing          :          0          0          0          0
  pseudoobj        :      12907          0          0          0
  redcost          :       4094          0          0        548
  rootredcost      :          2          0          0          1
  symmetry         :          0          0          0          0
  vbounds          :      21262          0          0          0
Propagator Timings :  TotalTime  SetupTime   Presolve  Propagate    ResProp    SB-Prop
  dualfix          :       0.00       0.00       0.00       0.00       0.00       0.00
  genvbounds       :       0.01       0.00       0.00       0.01       0.00       0.00
  nlobbt           :       0.00       0.00       0.00       0.00       0.00       0.00
  obbt             :       0.00       0.00       0.00       0.00       0.00       0.00
  probing          :       0.76       0.00       0.76       0.00       0.00       0.00
  pseudoobj        :       0.01       0.00       0.00       0.01       0.00       0.00
  redcost          :       0.13       0.00       0.00       0.13       0.00       0.00
  rootredcost      :       0.00       0.00       0.00       0.00       0.00       0.00
  symmetry         :       0.03       0.00       0.03       0.00       0.00       0.00
  vbounds          :       0.16       0.00       0.00       0.15       0.00       0.00
Orbital fixing     :
  vars fixed to 0  :          0
  vars fixed to 1  :          0
Conflict Analysis  :       Time      Calls    Success    DomReds  Conflicts   Literals    Reconvs ReconvLits   Dualrays   Nonzeros   LP Iters   (pool size: [10000,10000])
  propagation      :       0.04        412        405          -       3005       48.4        107       17.4          -          -          -
  infeasible LP    :       0.99        769        629          -       9640      173.7         59       12.2        290      109.7          0
  bound exceed. LP :       0.25         43         27          -        605      283.6          1        6.0          0        0.0        550
  strong branching :       0.00          0          0          -          0        0.0          0        0.0          -          -          0
  pseudo solution  :       0.00          1          1          -          1        0.0          0        0.0          -          -          -
  applied globally :       0.25          -          -          0       5143       46.5          -          -        290          -          -
  applied locally  :          -          -          -          0         23      176.2          -          -          0          -          -
Separators         :   ExecTime  SetupTime      Calls  RootCalls    Cutoffs    DomReds  FoundCuts ViaPoolAdd  DirectAdd    Applied ViaPoolApp  DirectApp      Conss
  cut pool         :       0.02          -        450         43          -          -        283       1715          -          -          -          -          -    (maximal pool size:        227)
  aggregation      :       0.15       0.00        181         22          0          0          0          0          0          0          0          0          0
  > cmir           :          -          -          -          -          -          -          -          0          0          0          0          0          -
  > flowcover      :          -          -          -          -          -          -          -          0          0          0          0          0          -
  > knapsackcover  :          -          -          -          -          -          -          -          0          0          0          0          0          -
  cgmip            :       0.00       0.00          0          0          0          0          0          0          0          0          0          0          0
  clique           :       0.31       0.00         22         22          0          0        153       1629          0        439        439          0          0
  closecuts        :       0.00       0.00          0          0          0          0          0          0          0          0          0          0          0
  convexproj       :       0.00       0.00          0          0          0          0          0          0          0          0          0          0          0
  disjunctive      :       0.00       0.00          0          0          0          0          0          0          0          0          0          0          0
  eccuts           :       0.00       0.00          0          0          0          0          0          0          0          0          0          0          0
  gauge            :       0.00       0.00          0          0          0          0          0          0          0          0          0          0          0
  gomory           :       9.75       0.00        169         10          0          0         87         58          0          9          9          0          0
  > gomorymi       :          -          -          -          -          -          -          -          9          0          0          0          0          -
  > strongcg       :          -          -          -          -          -          -          -         49          0          9          9          0          -
  impliedbounds    :       0.07       0.00        181         22          0          3          5          4          0          3          3          0          0
  interminor       :       0.00       0.00          0          0          0          0          0          0          0          0          0          0          0
  intobj           :       0.00       0.00          0          0          0          0          0          0          0          0          0          0          0
  mcf              :       0.00       0.00          1          1          0          0          0          0          0          0          0          0          0
  minor            :       0.00       0.00          0          0          0          0          0          0          0          0          0          0          0
  mixing           :       0.00       0.00          0          0          0          0          0          0          0          0          0          0          0
  oddcycle         :       0.00       0.00          0          0          0          0          0          0          0          0          0          0          0
  rapidlearning    :      19.88       0.00        100          1          0      17465          0          0          0          0          0          0       1058
  rlt              :       0.00       0.00         10         10          0          0          0          0          0          0          0          0          0
  zerohalf         :       3.02       0.00        179         20          0          0        301         24        263        273         23        250          0
Cutselectors       :   ExecTime  SetupTime      Calls  RootCalls   Selected     Forced   Filtered  RootSelec   RootForc   RootFilt 
  hybrid           :       0.00       0.00        246         22        738          0       1034         88          0         88
Pricers            :   ExecTime  SetupTime      Calls       Vars
  problem variables:       0.00          -          0          0
Branching Rules    :   ExecTime  SetupTime   BranchLP  BranchExt   BranchPS    Cutoffs    DomReds       Cuts      Conss   Children
  allfullstrong    :       0.00       0.00          0          0          0          0          0          0          0          0
  cloud            :       0.00       0.00          0          0          0          0          0          0          0          0
  distribution     :       0.00       0.00          0          0          0          0          0          0          0          0
  fullstrong       :       0.00       0.00          0          0          0          0          0          0          0          0
  inference        :       0.00       0.00          0          0          0          0          0          0          0          0
  leastinf         :       0.00       0.00          0          0          0          0          0          0          0          0
  lookahead        :       0.00       0.00          0          0          0          0          0          0          0          0
  mostinf          :       0.00       0.00          0          0          0          0          0          0          0          0
  multaggr         :       0.00       0.00          0          0          0          0          0          0          0          0
  nodereopt        :       0.00       0.00          0          0          0          0          0          0          0          0
  pscost           :       0.00       0.00          0          0          0          0          0          0          0          0
  random           :       0.00       0.00          0          0          0          0          0          0          0          0
  relpscost        :       5.21       0.00       1866          0          0          0        206          0        136       3700
  vanillafullstrong:       0.00       0.00          0          0          0          0          0          0          0          0
Primal Heuristics  :   ExecTime  SetupTime      Calls      Found       Best
  LP solutions     :       0.01          -          -          1          1
  relax solutions  :       0.00          -          -          0          0
  pseudo solutions :       0.00          -          -          0          0
  strong branching :       0.00          -          -          0          0
  actconsdiving    :       0.00       0.00          0          0          0
  adaptivediving   :       2.16       0.00         14          0          0
  alns             :       4.01       0.00          3          0          0
  bound            :       0.00       0.00          0          0          0
  clique           :       0.02       0.00          1          0          0
  coefdiving       :       0.00       0.00          0          0          0
  completesol      :       0.00       0.00          0          0          0
  conflictdiving   :       3.35       0.00         24          0          0
  crossover        :       0.00       0.00          0          0          0
  dins             :       0.00       0.00          0          0          0
  distributiondivin:       4.63       0.00         23          0          0
  dps              :       0.00       0.00          0          0          0
  dualval          :       0.00       0.00          0          0          0
  farkasdiving     :       0.00       0.00          0          0          0
  feaspump         :      12.29       0.00          8          0          0
  fixandinfer      :       0.00       0.00          0          0          0
  fracdiving       :       4.06       0.00         24          0          0
  gins             :       0.01       0.00          0          0          0
  guideddiving     :       6.03       0.00         23          0          0
  indicator        :       0.00       0.00          0          0          0
  intdiving        :       0.00       0.00          0          0          0
  intshifting      :       0.00       0.00          0          0          0
  linesearchdiving :       5.38       0.00         24          0          0
  localbranching   :       0.00       0.00          0          0          0
  locks            :       0.00       0.00          1          0          0
  lpface           :       0.01       0.00          0          0          0
  mpec             :       0.00       0.00          0          0          0
  multistart       :       0.00       0.00          0          0          0
  mutation         :       0.00       0.00          0          0          0
  nlpdiving        :       0.00       0.00          0          0          0
  objpscostdiving  :      29.44       0.00          4          0          0
  octane           :       0.00       0.00          0          0          0
  ofins            :       0.00       0.00          0          0          0
  oneopt           :       0.00       0.00          1          0          0
  padm             :       0.00       0.00          0          0          0
  proximity        :       0.00       0.00          0          0          0
  pscostdiving     :       4.69       0.00         24          0          0
  randrounding     :       0.76       0.00        231          0          0
  rens             :       0.25       0.00          1          0          0
  reoptsols        :       0.00       0.00          0          0          0
  repair           :       0.00       0.00          0          0          0
  rins             :       0.75       0.00          6          0          0
  rootsoldiving    :      10.63       0.00          9          0          0
  rounding         :       0.24       0.00        607          0          0
  shiftandpropagate:       0.00       0.00          1          0          0
  shifting         :       0.22       0.00        265          0          0
  simplerounding   :       0.00       0.00          0          0          0
  subnlp           :       0.00       0.00          0          0          0
  trivial          :       0.00       0.00          2          0          0
  trivialnegation  :       0.00       0.00          0          0          0
  trustregion      :       0.00       0.00          0          0          0
  trysol           :       0.00       0.00          0          0          0
  twoopt           :       0.00       0.00          0          0          0
  undercover       :       0.00       0.00          0          0          0
  vbounds          :       0.01       0.00          1          0          0
  veclendiving     :       5.46       0.00         23          0          0
  zeroobj          :       0.00       0.00          0          0          0
  zirounding       :       0.10       0.00       1000          0          0
  other solutions  :          -          -          -          0          -
LP                 :       Time      Calls Iterations  Iter/call   Iter/sec  Time-0-It Calls-0-It    ItLimit
  primal LP        :       3.36        112          0       0.00       0.00       3.36        112
  dual LP          :     255.57       2871    1795214     637.05    7024.32       0.04         53
  lex dual LP      :       0.00          0          0       0.00          -
  barrier LP       :       0.00          0          0       0.00          -       0.00          0
  resolve instable :       0.00          0          0       0.00          -
  diving/probing LP:      86.50        991     467613     471.86    5405.86
  strong branching :       4.62         98      34408     351.10    7454.88          -          -         49
    (at root node) :          -         11       8993     817.55          -
  conflict analysis:       0.15         55        550      10.00    3714.91
B&B Tree           :
  number of runs   :          1
  nodes            :       2563 (1850 internal, 713 leaves)
  feasible leaves  :          1
  infeas. leaves   :        651
  objective leaves :         61
  nodes (total)    :       2563 (1850 internal, 713 leaves)
  nodes left       :          0
  max depth        :         31
  max depth (total):         31
  backtracks       :        547 (21.3%)
  early backtracks :          0 (0.0%)
  nodes exc. ref.  :          0 (0.0%)
  delayed cutoffs  :         32
  repropagations   :        925 (10341 domain reductions, 21 cutoffs)
  avg switch length:       5.53
  switching time   :       4.36
Root Node          :
  First LP value   : +0.00000000000000e+00
  First LP Iters   :       2922 (7997.92 Iter/sec)
  First LP Time    :       0.37
  Final Dual Bound : +0.00000000000000e+00
  Final Root Iters :      64247
  Root LP Estimate : +5.15562766692171e-02
Solution           :
  Solutions found  :          2 (2 improvements)
  First Solution   : +1.00000000000000e+00   (in run 1, after 1657 nodes, 251.76 seconds, depth 20, found by <relaxation>)
  Gap First Sol.   :   infinite
  Gap Last Sol.    :       0.00 %
  Primal Bound     : +0.00000000000000e+00   (in run 1, after 2563 nodes, 397.89 seconds, depth 23, found by <relaxation>)
  Dual Bound       : +0.00000000000000e+00
  Gap              :       0.00 %
Integrals          :      Total       Avg%
  primal-dual      :   39789.67     100.00
  primal-ref       :          -          - (not evaluated)
  dual-ref         :          -          - (not evaluated)
written solution information to file <results/final_miplib_symretope_if_extended_generating_set_cpx_v802__settings_final_nopeek_norelabel_extend_norestarts__1__acc-tight4.mps.gz.sol>
@04 1686654757
