FILENAME:   /home/mcs001/s132664/testsets/IP/miplib2017/ns1208400.mps.gz
SETTINGS:   settings_final_nopeek_norelabel_extend_norestarts
TIMELIMIT:  7200
OUTPUTNAME: final_miplib_symretope_if_extended_generating_set_cpx_v802__settings_final_nopeek_norelabel_extend_norestarts__1__
BINNAME:    bin/sbcs.linux.x86_64.gnu.opt.cpx
BASENAME:   ns1208400.mps.gz
SEED:       1
@01 /home/mcs001/s132664/testsets/IP/miplib2017/ns1208400.mps.gz ===========
@02 ns1208400.mps.gz
@03 1686656414
SCIP version 8.0.2 [precision: 8 byte] [memory: block] [mode: optimized] [LP solver: CPLEX 20.1.0.0] [GitHash: 5f0473c]
Copyright (C) 2002-2022 Konrad-Zuse-Zentrum fuer Informationstechnik Berlin (ZIB)

Symretope propagation methods - (c) Jasper van Doornmalen, Christopher Hojny.
[GitHash: 2fd0484]

reading parameter file <../settings/settings_final_nopeek_norelabel_extend_norestarts.set> ...

Changed settings:
limits/time = 7200
limits/restarts = 0
misc/usesymmetry = 1
randomization/randomseedshift = 1
constraints/orbisack/sepafreq = -1
constraints/symresack/sepafreq = -1
propagating/symmetry/addsymresacks = TRUE
propagating/symmetry/detectsubgroups = FALSE
propagating/symmetry/relabelsymretopes = 0
propagating/symmetry/extendgenerators = TRUE
propagating/symmetry/ofsymcomptiming = 0
constraints/symretope/sepafreq = -1
constraints/symretope/peek = FALSE


solving problem ...

original problem has 2883 variables (2880 bin, 0 int, 0 impl, 3 cont) and 4289 constraints
presolving:
(round 1, fast)       3 del vars, 2307 del conss, 0 add conss, 6 chg bounds, 0 chg sides, 0 chg coeffs, 0 upgd conss, 0 impls, 564 clqs
(round 2, fast)       287 del vars, 2308 del conss, 0 add conss, 290 chg bounds, 1 chg sides, 0 chg coeffs, 0 upgd conss, 0 impls, 564 clqs
(round 3, exhaustive) 287 del vars, 2308 del conss, 0 add conss, 290 chg bounds, 1 chg sides, 0 chg coeffs, 1453 upgd conss, 0 impls, 564 clqs
   (0.2s) probing: 51/2596 (2.0%) - 0 fixings, 0 aggregations, 0 implications, 0 bound changes
   (0.2s) probing aborted: 50/50 successive totally useless probings
   (0.2s) symmetry computation started: requiring (bin +, int +, cont +), (fixed: bin -, int -, cont -)
   (0.3s) symmetry computation finished: 7 generators found (max: 1500, log10 of symmetry group size: 2.8)
(round 4, exhaustive) 287 del vars, 2308 del conss, 28 add conss, 290 chg bounds, 1 chg sides, 0 chg coeffs, 1453 upgd conss, 0 impls, 564 clqs
presolving (5 rounds: 5 fast, 3 medium, 3 exhaustive):
 287 deleted vars, 2308 deleted constraints, 28 added constraints, 290 tightened bounds, 0 added holes, 1 changed sides, 0 changed coefficients
 0 implications, 564 cliques
presolved problem has 2596 variables (2596 bin, 0 int, 0 impl, 0 cont) and 2009 constraints
    397 constraints of type <knapsack>
    564 constraints of type <setppc>
    528 constraints of type <linear>
     25 constraints of type <orbisack>
      3 constraints of type <symretope>
    492 constraints of type <logicor>
transformed objective value is always integral (scale: 1)
Presolving Time: 0.29

 time | node  | left  |LP iter|LP it/n|mem/heur|mdpt |vars |cons |rows |cuts |sepa|confs|strbr|  dualbound   | primalbound  |  gap   | compl. 
  1.3s|     1 |     0 |  4677 |     - |    74M |   0 |2596 |2262 |2011 |   0 |  0 | 253 |   0 | 0.000000e+00 |      --      |    Inf | unknown
  3.9s|     1 |     0 | 14636 |     - |    74M |   0 |2596 |2266 |2014 |   3 |  1 | 257 |   0 | 0.000000e+00 |      --      |    Inf | unknown
  4.0s|     1 |     0 | 14747 |     - |    75M |   0 |2596 |2274 |2015 |   4 |  2 | 265 |   0 | 0.000000e+00 |      --      |    Inf | unknown
  4.6s|     1 |     0 | 17538 |     - |    75M |   0 |2596 |2283 |2027 |  16 |  3 | 274 |   0 | 0.000000e+00 |      --      |    Inf | unknown
  5.4s|     1 |     0 | 21307 |     - |    76M |   0 |2596 |2287 |2035 |  24 |  4 | 278 |   0 | 0.000000e+00 |      --      |    Inf | unknown
  6.3s|     1 |     0 | 25082 |     - |    76M |   0 |2596 |2293 |2044 |  33 |  5 | 284 |   0 | 0.000000e+00 |      --      |    Inf | unknown
  7.1s|     1 |     0 | 28210 |     - |    76M |   0 |2596 |2298 |2049 |  38 |  6 | 289 |   0 | 0.000000e+00 |      --      |    Inf | unknown
  7.8s|     1 |     0 | 31291 |     - |    77M |   0 |2596 |2298 |2058 |  47 |  7 | 290 |   0 | 0.000000e+00 |      --      |    Inf | unknown
  8.6s|     1 |     0 | 34940 |     - |    77M |   0 |2596 |2303 |2070 |  59 |  8 | 295 |   0 | 9.317322e-15 |      --      |    Inf | unknown
  9.6s|     1 |     0 | 38836 |     - |    77M |   0 |2596 |2312 |2081 |  70 |  9 | 304 |   0 | 9.317322e-15 |      --      |    Inf | unknown
 10.5s|     1 |     0 | 42593 |     - |    78M |   0 |2596 |2316 |2090 |  79 | 10 | 308 |   0 | 9.317322e-15 |      --      |    Inf | unknown
 10.6s|     1 |     0 | 42851 |     - |    78M |   0 |2596 |2317 |2098 |  87 | 11 | 309 |   0 | 9.317322e-15 |      --      |    Inf | unknown
 10.8s|     1 |     0 | 43009 |     - |    78M |   0 |2596 |2318 |2080 |  92 | 12 | 310 |   0 | 9.317322e-15 |      --      |    Inf | unknown
 12.2s|     1 |     2 | 46297 |     - |    78M |   0 |2596 |2336 |2080 |  92 | 12 | 329 |  11 | 9.317322e-15 |      --      |    Inf | unknown
 29.1s|   100 |    81 | 94460 | 521.3 |    82M |  60 |2596 |2847 |2017 | 147 |  2 | 844 | 326 | 9.317322e-15 |      --      |    Inf | unknown
 time | node  | left  |LP iter|LP it/n|mem/heur|mdpt |vars |cons |rows |cuts |sepa|confs|strbr|  dualbound   | primalbound  |  gap   | compl. 
 41.1s|   200 |   136 |122289 | 399.2 |    83M |  65 |2596 |3859 |2024 | 189 |  1 |1863 | 903 | 9.317322e-15 |      --      |    Inf | unknown
 46.5s|   300 |   170 |136386 | 312.8 |    87M |  65 |2596 |4693 |2028 | 240 |  1 |2723 |1151 | 9.317322e-15 |      --      |    Inf | unknown
*48.2s|   323 |   169 |138430 | 296.8 |strongbr|  71 |2596 |4823 |2028 | 240 |  1 |2865 |1254 | 9.317322e-15 | 2.000000e+00 |    Inf | unknown
 53.1s|   400 |   239 |153281 | 276.8 |    89M |  71 |2596 |5323 |2030 | 317 |  2 |3449 |1396 | 9.317322e-15 | 2.000000e+00 |    Inf | unknown
 66.6s|   500 |   314 |231235 | 377.5 |    91M |  71 |2596 |5361 |2014 | 384 |  1 |3654 |1419 | 9.317322e-15 | 2.000000e+00 |    Inf | unknown
 87.2s|   600 |   407 |339987 | 496.0 |    93M |  71 |2596 |4994 |2020 | 471 |  1 |3827 |1419 | 9.317322e-15 | 2.000000e+00 |    Inf | unknown
  107s|   700 |   505 |443638 | 573.4 |    95M |  71 |2596 |5035 |2019 | 558 |  1 |4029 |1433 | 9.317322e-15 | 2.000000e+00 |    Inf | unknown
  137s|   800 |   601 |607693 | 706.9 |    98M |  71 |2596 |4909 |2014 | 740 |  1 |4166 |1433 | 9.317322e-15 | 2.000000e+00 |    Inf | unknown
  172s|   900 |   669 |788308 | 829.2 |   100M |  71 |2596 |4778 |2039 |1000 |  1 |4309 |1433 | 9.317322e-15 | 2.000000e+00 |    Inf | unknown
  211s|  1000 |   364 |991217 | 949.3 |   101M |  71 |2596 |4400 |2013 |1199 |  2 |4460 |1433 | 9.317322e-15 | 2.000000e+00 |    Inf |  49.38%

SCIP Status        : problem is solved [optimal solution found]
Solving Time (sec) : 222.51
Solving Nodes      : 1029
Primal Bound       : +2.00000000000000e+00 (2 solutions)
Dual Bound         : +2.00000000000000e+00
Gap                : 0.00 %
SCIP Status        : problem is solved [optimal solution found]
Total Time         :     222.57
  solving          :     222.51
  presolving       :       0.29 (included in solving)
  reading          :       0.05
  copying          :       1.11 (53 #copies) (minimal 0.01, maximal 0.03, average 0.02)
Original Problem   :
  Problem name     : ns1208400
  Variables        : 2883 (2880 binary, 0 integer, 0 implicit integer, 3 continuous)
  Constraints      : 4289 initial, 4289 maximal
  Objective        : minimize, 3 non-zeros (abs.min = 1, abs.max = 10)
Presolved Problem  :
  Problem name     : t_ns1208400
  Variables        : 2596 (2596 binary, 0 integer, 0 implicit integer, 0 continuous)
  Constraints      : 2009 initial, 5387 maximal
  Objective        : minimize, 72 non-zeros (abs.min = 1, abs.max = 1)
  Nonzeros         : 120180 constraint, 7699 clique table
Presolvers         :   ExecTime  SetupTime  Calls  FixedVars   AggrVars   ChgTypes  ChgBounds   AddHoles    DelCons    AddCons   ChgSides   ChgCoefs
  boundshift       :       0.00       0.00      0          0          0          0          0          0          0          0          0          0
  convertinttobin  :       0.00       0.00      0          0          0          0          0          0          0          0          0          0
  domcol           :       0.01       0.00      2          0          0          0          0          0          0          0          0          0
  dualagg          :       0.00       0.00      0          0          0          0          0          0          0          0          0          0
  dualcomp         :       0.00       0.00      0          0          0          0          0          0          0          0          0          0
  dualinfer        :       0.00       0.00      0          0          0          0          0          0          0          0          0          0
  dualsparsify     :       0.01       0.00      1          0          0          0          0          0          0          0          0          0
  gateextraction   :       0.00       0.00      2          0          0          0          0          0          0          0          0          0
  implics          :       0.00       0.00      3          0          0          0          0          0          0          0          0          0
  inttobinary      :       0.00       0.00      0          0          0          0          0          0          0          0          0          0
  qpkktref         :       0.00       0.00      0          0          0          0          0          0          0          0          0          0
  redvub           :       0.00       0.00      0          0          0          0          0          0          0          0          0          0
  sparsify         :       0.04       0.00      1          0          0          0          0          0          0          0          0          0
  stuffing         :       0.00       0.00      0          0          0          0          0          0          0          0          0          0
  trivial          :       0.00       0.00      5          0          0          0          0          0          0          0          0          0
  tworowbnd        :       0.00       0.00      0          0          0          0          0          0          0          0          0          0
  dualfix          :       0.00       0.00      5          0          0          0          0          0          0          0          0          0
  genvbounds       :       0.00       0.00      0          0          0          0          0          0          0          0          0          0
  probing          :       0.01       0.00      1          0          0          0          0          0          0          0          0          0
  pseudoobj        :       0.00       0.00      1          0          0          0          0          0          0          0          0          0
  symmetry         :       0.09       0.00      1          0          0          0          0          0          0         28          0          0
  vbounds          :       0.00       0.00      1          0          0          0          0          0          0          0          0          0
  knapsack         :       0.03       0.00      6          0          0          0          0          0          0          0          0          0
  setppc           :       0.00       0.00      6          0          0          0          0          0          0          0          0          0
  linear           :       0.04       0.01      8        284          3          0        290          0       2308          0          1          0
  orbisack         :       0.00       0.00      1          0          0          0          0          0          0          0          0          0
  symretope        :       0.00       0.00      1          0          0          0          0          0          0          0          0          0
  logicor          :       0.01       0.00      6          0          0          0          0          0          0          0          0          0
  benders          :       0.00       0.00      0          0          0          0          0          0          0          0          0          0
  components       :       0.02       0.00      1          0          0          0          0          0          0          0          0          0
  root node        :          -          -      -        189          -          -        189          -          -          -          -          -
Constraints        :     Number  MaxNumber  #Separate #Propagate    #EnfoLP    #EnfoRelax  #EnfoPS    #Check   #ResProp    Cutoffs    DomReds       Cuts    Applied      Conss   Children
  benderslp        :          0          0          0          0       1066          0          0        143          0          0          0          0          0          0          0
  integral         :          0          0          0          0       1066          0          0        143          0          1        621          0          0       2462       1740
  knapsack         :        397+       420         12      21354          0          0          0        137       3871         56       3753          0          0          0          0
  setppc           :        564+       619         12      21298          0          0          0          3      34348         99      28110          1          0          0          0
  linear           :        528+       567         12      21199          0          0          0          2        482        278       2663          0          0          0          0
  orbisack         :         25         25          0        252          0          0          0          2        532         28        292          0          0          0          0
  symretope        :          3          3          0        617          0          0          0          2         10          3          4          0          0          0          0
  logicor          :        492+      3784         12       9391          0          0          0          2        913        116       1637          1          1          0          0
  benders          :          0          0          0          0          0          0          0          3          0          0          0          0          0          0          0
  countsols        :          0          0          0          0          0          0          0          3          0          0          0          0          0          0          0
  components       :          0          0          0          0          0          0          0          0          0          0          0          0          0          0          0
Constraint Timings :  TotalTime  SetupTime   Separate  Propagate     EnfoLP     EnfoPS     EnfoRelax   Check    ResProp    SB-Prop
  benderslp        :       0.00       0.00       0.00       0.00       0.00       0.00       0.00       0.00       0.00       0.00
  integral         :      20.04       0.00       0.00       0.00      20.04       0.00       0.00       0.00       0.00       0.00
  knapsack         :       0.27       0.00       0.03       0.16       0.00       0.00       0.00       0.01       0.00       0.07
  setppc           :       0.55       0.00       0.00       0.38       0.00       0.00       0.00       0.00       0.01       0.16
  linear           :       0.17       0.01       0.00       0.10       0.00       0.00       0.00       0.00       0.00       0.05
  orbisack         :       0.02       0.00       0.00       0.01       0.00       0.00       0.00       0.00       0.00       0.01
  symretope        :       0.00       0.00       0.00       0.00       0.00       0.00       0.00       0.00       0.00       0.00
  logicor          :       0.26       0.00       0.00       0.20       0.00       0.00       0.00       0.00       0.00       0.05
  benders          :       0.00       0.00       0.00       0.00       0.00       0.00       0.00       0.00       0.00       0.00
  countsols        :       0.00       0.00       0.00       0.00       0.00       0.00       0.00       0.00       0.00       0.00
  components       :       0.00       0.00       0.00       0.00       0.00       0.00       0.00       0.00       0.00       0.00
Propagators        : #Propagate   #ResProp    Cutoffs    DomReds
  dualfix          :          1          0          0          0
  genvbounds       :          0          0          0          0
  nlobbt           :          0          0          0          0
  obbt             :          0          0          0          0
  probing          :          0          0          0          0
  pseudoobj        :       4858          8          0        158
  redcost          :       1706          0          0       5461
  rootredcost      :          2          0          0          0
  symmetry         :          0          0          0          0
  vbounds          :       6878          0          0          0
Propagator Timings :  TotalTime  SetupTime   Presolve  Propagate    ResProp    SB-Prop
  dualfix          :       0.00       0.00       0.00       0.00       0.00       0.00
  genvbounds       :       0.00       0.00       0.00       0.00       0.00       0.00
  nlobbt           :       0.00       0.00       0.00       0.00       0.00       0.00
  obbt             :       0.00       0.00       0.00       0.00       0.00       0.00
  probing          :       0.01       0.00       0.01       0.00       0.00       0.00
  pseudoobj        :       0.01       0.00       0.00       0.01       0.00       0.00
  redcost          :       0.19       0.00       0.00       0.19       0.00       0.00
  rootredcost      :       0.00       0.00       0.00       0.00       0.00       0.00
  symmetry         :       0.10       0.00       0.09       0.00       0.00       0.00
  vbounds          :       0.04       0.00       0.00       0.04       0.00       0.00
Orbital fixing     :
  vars fixed to 0  :          0
  vars fixed to 1  :          0
Conflict Analysis  :       Time      Calls    Success    DomReds  Conflicts   Literals    Reconvs ReconvLits   Dualrays   Nonzeros   LP Iters   (pool size: [10000,10000])
  propagation      :       0.05        503        487          -       5916       52.0         35       33.1          -          -          -
  infeasible LP    :       0.10         99         99          -       1486      126.9          9       21.2         91      102.1          0
  bound exceed. LP :       0.10         48         48          -        604      124.7         15       17.9         42      214.7        110
  strong branching :       0.00          0          0          -          0        0.0          0        0.0          -          -          0
  pseudo solution  :       0.00          0          0          -          0        0.0          0        0.0          -          -          -
  applied globally :       0.06          -          -          0       4341       25.7          -          -        131          -          -
  applied locally  :          -          -          -          0          0        0.0          -          -          2          -          -
Separators         :   ExecTime  SetupTime      Calls  RootCalls    Cutoffs    DomReds  FoundCuts ViaPoolAdd  DirectAdd    Applied ViaPoolApp  DirectApp      Conss
  cut pool         :       0.09          -        383         23          -          -       1678       2487          -          -          -          -          -    (maximal pool size:        938)
  aggregation      :       0.21       0.00        120         12          0          0          4          5          1          1          0          1          0
  > cmir           :          -          -          -          -          -          -          -          5          0          0          0          0          -
  > flowcover      :          -          -          -          -          -          -          -          0          0          0          0          0          -
  > knapsackcover  :          -          -          -          -          -          -          -          0          1          1          0          1          -
  cgmip            :       0.00       0.00          0          0          0          0          0          0          0          0          0          0          0
  clique           :       0.03       0.00         12         12          0          0         75         36          0         28         28          0          0
  closecuts        :       0.00       0.00          0          0          0          0          0          0          0          0          0          0          0
  convexproj       :       0.00       0.00          0          0          0          0          0          0          0          0          0          0          0
  disjunctive      :       0.00       0.00          0          0          0          0          0          0          0          0          0          0          0
  eccuts           :       0.00       0.00          0          0          0          0          0          0          0          0          0          0          0
  gauge            :       0.00       0.00          0          0          0          0          0          0          0          0          0          0          0
  gomory           :       3.68       0.00        118         10          0          0       1417       1765         66        661        658          3          0
  > gomorymi       :          -          -          -          -          -          -          -        468         37        144        142          2          -
  > strongcg       :          -          -          -          -          -          -          -       1297         29        517        516          1          -
  impliedbounds    :       0.01       0.00        120         12          0          0         35        217          0        157        157          0          0
  interminor       :       0.00       0.00          0          0          0          0          0          0          0          0          0          0          0
  intobj           :       0.00       0.00          0          0          0          0          0          0          0          0          0          0          0
  mcf              :       0.00       0.00          1          1          0          0          0          0          0          0          0          0          0
  minor            :       0.00       0.00          0          0          0          0          0          0          0          0          0          0          0
  mixing           :       0.00       0.00          0          0          0          0          0          0          0          0          0          0          0
  oddcycle         :       0.00       0.00          0          0          0          0          0          0          0          0          0          0          0
  rapidlearning    :       6.25       0.00         44          1          0       2363          0          0          0          0          0          0          0
  rlt              :       0.00       0.00         10         10          0          0          0          0          0          0          0          0          0
  zerohalf         :       1.36       0.00        120         12          0          0        384        464        170        401        260        141          0
Cutselectors       :   ExecTime  SetupTime      Calls  RootCalls   Selected     Forced   Filtered  RootSelec   RootForc   RootFilt 
  hybrid           :       0.00       0.00        195         12       1252          1       1412         92          0         84
Pricers            :   ExecTime  SetupTime      Calls       Vars
  problem variables:       0.00          -          0          0
Branching Rules    :   ExecTime  SetupTime   BranchLP  BranchExt   BranchPS    Cutoffs    DomReds       Cuts      Conss   Children
  allfullstrong    :       0.00       0.00          0          0          0          0          0          0          0          0
  cloud            :       0.00       0.00          0          0          0          0          0          0          0          0
  distribution     :       0.00       0.00          0          0          0          0          0          0          0          0
  fullstrong       :       0.00       0.00          0          0          0          0          0          0          0          0
  inference        :       0.00       0.00          0          0          0          0          0          0          0          0
  leastinf         :       0.00       0.00          0          0          0          0          0          0          0          0
  lookahead        :       0.00       0.00          0          0          0          0          0          0          0          0
  mostinf          :       0.00       0.00          0          0          0          0          0          0          0          0
  multaggr         :       0.00       0.00          0          0          0          0          0          0          0          0
  nodereopt        :       0.00       0.00          0          0          0          0          0          0          0          0
  pscost           :       0.00       0.00          0          0          0          0          0          0          0          0
  random           :       0.00       0.00          0          0          0          0          0          0          0          0
  relpscost        :      20.04       0.00       1066          0          0          1        621          0       2515       1740
  vanillafullstrong:       0.00       0.00          0          0          0          0          0          0          0          0
Primal Heuristics  :   ExecTime  SetupTime      Calls      Found       Best
  LP solutions     :       0.00          -          -          0          0
  relax solutions  :       0.00          -          -          0          0
  pseudo solutions :       0.00          -          -          0          0
  strong branching :       0.02          -          -          1          1
  actconsdiving    :       0.00       0.00          0          0          0
  adaptivediving   :       2.54       0.00          5          0          0
  alns             :       3.47       0.00          3          0          0
  bound            :       0.00       0.00          0          0          0
  clique           :       0.05       0.00          1          0          0
  coefdiving       :       0.00       0.00          0          0          0
  completesol      :       0.00       0.00          0          0          0
  conflictdiving   :       2.43       0.00          8          0          0
  crossover        :       0.00       0.00          0          0          0
  dins             :       0.00       0.00          0          0          0
  distributiondivin:       1.51       0.00          7          0          0
  dps              :       0.00       0.00          0          0          0
  dualval          :       0.00       0.00          0          0          0
  farkasdiving     :       0.00       0.00          0          0          0
  feaspump         :       3.44       0.00          3          0          0
  fixandinfer      :       0.00       0.00          0          0          0
  fracdiving       :       1.65       0.00          8          0          0
  gins             :       0.02       0.00          0          0          0
  guideddiving     :       1.79       0.00          7          0          0
  indicator        :       0.00       0.00          0          0          0
  intdiving        :       0.00       0.00          0          0          0
  intshifting      :       0.00       0.00          0          0          0
  linesearchdiving :       0.52       0.00          7          0          0
  localbranching   :       0.00       0.00          0          0          0
  locks            :       0.02       0.00          1          0          0
  lpface           :       0.01       0.00          0          0          0
  mpec             :       0.00       0.00          0          0          0
  multistart       :       0.00       0.00          0          0          0
  mutation         :       0.00       0.00          0          0          0
  nlpdiving        :       0.00       0.00          0          0          0
  objpscostdiving  :       1.53       0.00          4          0          0
  octane           :       0.00       0.00          0          0          0
  ofins            :       0.00       0.00          0          0          0
  oneopt           :       0.00       0.00          1          0          0
  padm             :       0.00       0.00          0          0          0
  proximity        :       0.00       0.00          0          0          0
  pscostdiving     :       1.58       0.00          8          0          0
  randrounding     :       0.17       0.00        145          0          0
  rens             :       0.04       0.00          1          0          0
  reoptsols        :       0.00       0.00          0          0          0
  repair           :       0.00       0.00          0          0          0
  rins             :       0.62       0.00          5          1          0
  rootsoldiving    :       2.41       0.00          4          0          0
  rounding         :       0.20       0.00        470          0          0
  shiftandpropagate:       0.02       0.00          1          0          0
  shifting         :       0.28       0.00        206          0          0
  simplerounding   :       0.00       0.00          0          0          0
  subnlp           :       0.00       0.00          0          0          0
  trivial          :       0.00       0.00          2          0          0
  trivialnegation  :       0.00       0.00          0          0          0
  trustregion      :       0.00       0.00          0          0          0
  trysol           :       0.00       0.00          0          0          0
  twoopt           :       0.00       0.00          0          0          0
  undercover       :       0.00       0.00          0          0          0
  vbounds          :       0.02       0.00          1          0          0
  veclendiving     :       1.47       0.00          8          0          0
  zeroobj          :       0.00       0.00          0          0          0
  zirounding       :       0.11       0.00        870          0          0
  other solutions  :          -          -          -          0          -
LP                 :       Time      Calls Iterations  Iter/call   Iter/sec  Time-0-It Calls-0-It    ItLimit
  primal LP        :       7.90         99          0       0.00       0.00       7.90         99
  dual LP          :     153.85       1543     935604     665.44    6081.31       0.13        137
  lex dual LP      :       0.00          0          0       0.00          -
  barrier LP       :       0.00          0          0       0.00          -       0.00          0
  resolve instable :       0.00          0          0       0.00          -
  diving/probing LP:      19.71        341     116117     340.52    5889.80
  strong branching :      17.03       1433     183758     128.23   10793.12          -          -         29
    (at root node) :          -         11       3991     362.82          -
  conflict analysis:       0.04         11        110      10.00    2827.62
B&B Tree           :
  number of runs   :          1
  nodes            :       1029 (870 internal, 159 leaves)
  feasible leaves  :          0
  infeas. leaves   :        125
  objective leaves :         34
  nodes (total)    :       1029 (870 internal, 159 leaves)
  nodes left       :          0
  max depth        :         71
  max depth (total):         71
  backtracks       :        163 (15.8%)
  early backtracks :          0 (0.0%)
  nodes exc. ref.  :          0 (0.0%)
  delayed cutoffs  :        698
  repropagations   :       1112 (3258 domain reductions, 29 cutoffs)
  avg switch length:       5.84
  switching time   :       8.31
Root Node          :
  First LP value   : +0.00000000000000e+00
  First LP Iters   :       4523 (5017.97 Iter/sec)
  First LP Time    :       0.90
  Final Dual Bound : +2.00000000000000e+00
  Final Root Iters :      42855
  Root LP Estimate : +5.62990430604323e-01
Solution           :
  Solutions found  :          2 (1 improvements)
  First Solution   : +2.00000000000000e+00   (in run 1, after 323 nodes, 48.18 seconds, depth 73, found by <relaxation>)
  Gap First Sol.   :   infinite
  Gap Last Sol.    :   infinite
  Primal Bound     : +2.00000000000000e+00   (in run 1, after 323 nodes, 48.18 seconds, depth 73, found by <relaxation>)
  Dual Bound       : +2.00000000000000e+00
  Gap              :       0.00 %
Integrals          :      Total       Avg%
  primal-dual      :   22251.39     100.00
  primal-ref       :          -          - (not evaluated)
  dual-ref         :          -          - (not evaluated)
written solution information to file <results/final_miplib_symretope_if_extended_generating_set_cpx_v802__settings_final_nopeek_norelabel_extend_norestarts__1__ns1208400.mps.gz.sol>
@04 1686656637
