FILENAME:   /home/mcs001/s132664/testsets/IP/miplib2017/shs1014.mps.gz
SETTINGS:   settings_final_nopeek_norelabel_extend_norestarts
TIMELIMIT:  7200
OUTPUTNAME: final_miplib_symretope_if_extended_generating_set_cpx_v802__settings_final_nopeek_norelabel_extend_norestarts__0__
BINNAME:    bin/sbcs.linux.x86_64.gnu.opt.cpx
BASENAME:   shs1014.mps.gz
SEED:       0
@01 /home/mcs001/s132664/testsets/IP/miplib2017/shs1014.mps.gz ===========
@02 shs1014.mps.gz
@03 1686649325
SCIP version 8.0.2 [precision: 8 byte] [memory: block] [mode: optimized] [LP solver: CPLEX 20.1.0.0] [GitHash: 5f0473c]
Copyright (C) 2002-2022 Konrad-Zuse-Zentrum fuer Informationstechnik Berlin (ZIB)

Symretope propagation methods - (c) Jasper van Doornmalen, Christopher Hojny.
[GitHash: 2fd0484]

reading parameter file <../settings/settings_final_nopeek_norelabel_extend_norestarts.set> ...

Changed settings:
limits/time = 7200
limits/restarts = 0
misc/usesymmetry = 1
constraints/orbisack/sepafreq = -1
constraints/symresack/sepafreq = -1
propagating/symmetry/addsymresacks = TRUE
propagating/symmetry/detectsubgroups = FALSE
propagating/symmetry/relabelsymretopes = 0
propagating/symmetry/extendgenerators = TRUE
propagating/symmetry/ofsymcomptiming = 0
constraints/symretope/sepafreq = -1
constraints/symretope/peek = FALSE


solving problem ...

original problem has 444474 variables (1296 bin, 440754 int, 0 impl, 2424 cont) and 134322 constraints
presolving:
(round 1, fast)       8165 del vars, 4545 del conss, 0 add conss, 397569 chg bounds, 0 chg sides, 0 chg coeffs, 0 upgd conss, 0 impls, 1255 clqs
(round 2, fast)       12586 del vars, 6951 del conss, 0 add conss, 402118 chg bounds, 38 chg sides, 351 chg coeffs, 0 upgd conss, 0 impls, 1231 clqs
(round 3, fast)       13621 del vars, 6997 del conss, 0 add conss, 402406 chg bounds, 38 chg sides, 351 chg coeffs, 0 upgd conss, 0 impls, 1233 clqs
(round 4, fast)       14007 del vars, 7016 del conss, 0 add conss, 402774 chg bounds, 38 chg sides, 351 chg coeffs, 0 upgd conss, 0 impls, 1230 clqs
(round 5, fast)       14371 del vars, 7035 del conss, 0 add conss, 403142 chg bounds, 38 chg sides, 351 chg coeffs, 0 upgd conss, 0 impls, 1229 clqs
(round 6, fast)       14809 del vars, 7049 del conss, 0 add conss, 403593 chg bounds, 38 chg sides, 351 chg coeffs, 0 upgd conss, 0 impls, 1229 clqs
(round 7, fast)       15133 del vars, 7062 del conss, 0 add conss, 403920 chg bounds, 38 chg sides, 351 chg coeffs, 0 upgd conss, 0 impls, 1223 clqs
(round 8, fast)       15455 del vars, 7073 del conss, 0 add conss, 404247 chg bounds, 38 chg sides, 351 chg coeffs, 0 upgd conss, 0 impls, 1219 clqs
(round 9, fast)       15777 del vars, 7084 del conss, 0 add conss, 404574 chg bounds, 38 chg sides, 351 chg coeffs, 0 upgd conss, 0 impls, 1215 clqs
(round 10, exhaustive) 15781 del vars, 7317 del conss, 0 add conss, 404596 chg bounds, 38 chg sides, 351 chg coeffs, 0 upgd conss, 0 impls, 1213 clqs
(round 11, exhaustive) 15791 del vars, 7327 del conss, 0 add conss, 404606 chg bounds, 38 chg sides, 351 chg coeffs, 7402 upgd conss, 0 impls, 1213 clqs
(round 12, medium)     15799 del vars, 7643 del conss, 4 add conss, 404630 chg bounds, 42 chg sides, 359 chg coeffs, 7402 upgd conss, 1 impls, 1221 clqs
   (68.9s) probing: 1000/38457 (2.6%) - 0 fixings, 0 aggregations, 235020 implications, 334 bound changes
   (69.0s) probing: 1001/38457 (2.6%) - 0 fixings, 0 aggregations, 235021 implications, 334 bound changes
   (69.0s) probing aborted: 1000/1000 successive useless probings
   (69.4s) symmetry computation started: requiring (bin +, int +, cont +), (fixed: bin -, int -, cont -)
   (70.5s) symmetry computation finished: 5 generators found (max: 149, log10 of symmetry group size: 1.7)
presolving (13 rounds: 13 fast, 4 medium, 3 exhaustive):
 15805 deleted vars, 7650 deleted constraints, 15 added constraints, 404974 tightened bounds, 0 added holes, 42 changed sides, 363 changed coefficients
 232773 implications, 3478 cliques
presolved problem has 428669 variables (38457 bin, 388241 int, 770 impl, 1201 cont) and 126687 constraints
   5684 constraints of type <varbound>
    190 constraints of type <knapsack>
   1210 constraints of type <setppc>
 119593 constraints of type <linear>
      7 constraints of type <orbisack>
      1 constraints of type <symretope>
      2 constraints of type <logicor>
Presolving Time: 69.82

 time | node  | left  |LP iter|LP it/n|mem/heur|mdpt |vars |cons |rows |cuts |sepa|confs|strbr|  dualbound   | primalbound  |  gap   | compl. 
  195s|     1 |     0 |177300 |     - |  2562M |   0 | 428k| 126k| 126k|   0 |  0 |  30 |   0 | 2.213741e+04 |      --      |    Inf | unknown
  902s|     1 |     0 |213291 |     - |  2656M |   0 | 428k| 126k| 126k|   5 |  1 |  30 |   0 | 2.213741e+04 |      --      |    Inf | unknown
 1123s|     1 |     0 |213589 |     - |  2673M |   0 | 428k| 126k| 126k|  12 |  2 |  30 |   0 | 2.218758e+04 |      --      |    Inf | unknown
 1351s|     1 |     0 |215730 |     - |  2689M |   0 | 428k| 126k| 126k|  21 |  3 |  30 |   0 | 2.220788e+04 |      --      |    Inf | unknown
 1582s|     1 |     0 |217803 |     - |  2706M |   0 | 428k| 126k| 126k|  29 |  4 |  30 |   0 | 2.221943e+04 |      --      |    Inf | unknown
 1812s|     1 |     0 |218592 |     - |  2726M |   0 | 428k| 126k| 126k|  38 |  5 |  30 |   0 | 2.223417e+04 |      --      |    Inf | unknown
 2046s|     1 |     0 |219732 |     - |  2740M |   0 | 428k| 126k| 126k|  45 |  6 |  30 |   0 | 2.224999e+04 |      --      |    Inf | unknown
 2274s|     1 |     0 |220574 |     - |  2754M |   0 | 428k| 126k| 126k|  63 |  7 |  30 |   0 | 2.226985e+04 |      --      |    Inf | unknown
 2506s|     1 |     0 |221774 |     - |  2773M |   0 | 428k| 126k| 126k|  75 |  8 |  30 |   0 | 2.232069e+04 |      --      |    Inf | unknown
 2745s|     1 |     0 |223801 |     - |  2791M |   0 | 428k| 126k| 126k|  88 |  9 |  30 |   0 | 2.236188e+04 |      --      |    Inf | unknown
 2985s|     1 |     0 |225295 |     - |  2814M |   0 | 428k| 126k| 126k| 102 | 10 |  30 |   0 | 2.237288e+04 |      --      |    Inf | unknown
 3300s|     1 |     0 |226343 |     - |  2828M |   0 | 428k| 126k| 126k| 106 | 11 |  30 |   0 | 2.243072e+04 |      --      |    Inf | unknown
 3531s|     1 |     0 |226997 |     - |  2843M |   0 | 428k| 126k| 126k| 109 | 12 |  30 |   0 | 2.243572e+04 |      --      |    Inf | unknown
 3763s|     1 |     0 |228729 |     - |  2857M |   0 | 428k| 126k| 126k| 111 | 13 |  30 |   0 | 2.243819e+04 |      --      |    Inf | unknown
 3996s|     1 |     0 |230316 |     - |  2856M |   0 | 428k| 126k| 126k| 114 | 14 |  30 |   0 | 2.243967e+04 |      --      |    Inf | unknown
 time | node  | left  |LP iter|LP it/n|mem/heur|mdpt |vars |cons |rows |cuts |sepa|confs|strbr|  dualbound   | primalbound  |  gap   | compl. 
 4225s|     1 |     0 |230709 |     - |  2870M |   0 | 428k| 126k| 126k| 115 | 15 |  30 |   0 | 2.244045e+04 |      --      |    Inf | unknown
 4455s|     1 |     0 |231432 |     - |  2884M |   0 | 428k| 126k| 126k| 118 | 16 |  30 |   0 | 2.244232e+04 |      --      |    Inf | unknown
 5026s|     1 |     2 |363397 |     - |  2923M |   0 | 428k| 126k| 126k| 118 | 18 |  32 |  19 | 2.246965e+04 |      --      |    Inf | unknown

SCIP Status        : solving was interrupted [time limit reached]
Solving Time (sec) : 7200.06
Solving Nodes      : 15
Primal Bound       : +1.00000000000000e+20 (0 solutions)
Dual Bound         : +2.24841822411737e+04
Gap                : infinite
SCIP Status        : solving was interrupted [time limit reached]
Total Time         :    7201.80
  solving          :    7200.06
  presolving       :      69.82 (included in solving)
  reading          :       1.74
  copying          :       2.07 (2 #copies) (minimal 1.03, maximal 1.04, average 1.04)
Original Problem   :
  Problem name     : shs1014
  Variables        : 444474 (1296 binary, 440754 integer, 0 implicit integer, 2424 continuous)
  Constraints      : 134322 initial, 134322 maximal
  Objective        : minimize, 318965 non-zeros (abs.min = 0.00347222, abs.max = 250)
Presolved Problem  :
  Problem name     : t_shs1014
  Variables        : 428669 (38457 binary, 388241 integer, 770 implicit integer, 1201 continuous)
  Constraints      : 126687 initial, 126704 maximal
  Objective        : minimize, 312213 non-zeros (abs.min = 0.00347222, abs.max = 375)
  Nonzeros         : 1010027 constraint, 43579 clique table
Presolvers         :   ExecTime  SetupTime  Calls  FixedVars   AggrVars   ChgTypes  ChgBounds   AddHoles    DelCons    AddCons   ChgSides   ChgCoefs
  boundshift       :       0.00       0.00      0          0          0          0          0          0          0          0          0          0
  convertinttobin  :       0.00       0.00      0          0          0          0          0          0          0          0          0          0
  domcol           :       0.29       0.00      1          2          0          0          0          0          0          0          0          0
  dualagg          :       0.00       0.00      0          0          0          0          0          0          0          0          0          0
  dualcomp         :       0.20       0.00      1          0          0          0          0          0          0          0          0          0
  dualinfer        :       0.00       0.00      0          0          0          0          0          0          0          0          0          0
  dualsparsify     :       0.39       0.00      1          0          0          0          0          0          0          0          0          4
  gateextraction   :       0.00       0.00      1          0          0          0          0          0          0          0          0          0
  implics          :       0.00       0.00      4          0          0          0          0          0          0          0          0          0
  inttobinary      :       0.10       0.00     13          0          0          0          0          0          0          0          0          0
  qpkktref         :       0.00       0.00      0          0          0          0          0          0          0          0          0          0
  redvub           :       0.00       0.00      0          0          0          0          0          0          0          0          0          0
  sparsify         :       2.73       0.00      1          0          0          0          0          0          0          0          0          0
  stuffing         :       0.00       0.00      0          0          0          0          0          0          0          0          0          0
  trivial          :       0.30       0.00     13          0          0          0          0          0          0          0          0          0
  tworowbnd        :       0.00       0.00      0          0          0          0          0          0          0          0          0          0
  dualfix          :       0.26       0.00     13        850          0          0          0          0          0          0          0          0
  genvbounds       :       0.00       0.00      0          0          0          0          0          0          0          0          0          0
  probing          :      61.77       0.02      1          0          0          0        334          0          0          0          0          0
  pseudoobj        :       0.00       0.00      0          0          0          0          0          0          0          0          0          0
  symmetry         :       1.14       0.00      1          0          0          0          0          0          1          9          0          0
  vbounds          :       0.07       0.00      1          0          0          0          0          0          0          0          0          0
  varbound         :       0.01       0.00      4          0          0          0         19          0        306          0          0          0
  knapsack         :       0.03       0.01      5          0          0          0          0          0          2          4          4          8
  setppc           :       0.08       0.00      5          0         12          0          0          0         14          2          0          0
  linear           :       1.24       0.15     16      11865       3076          0     404621          0       7327          0         38        351
  orbisack         :       0.00       0.00      0          0          0          0          0          0          0          0          0          0
  symretope        :       0.00       0.00      0          0          0          0          0          0          0          0          0          0
  logicor          :       0.03       0.00      5          0          0          0          0          0          0          0          0          0
  bounddisjunction :       0.00       0.00      0          0          0          0          0          0          0          0          0          0
  benders          :       0.00       0.00      0          0          0          0          0          0          0          0          0          0
  components       :       0.23       0.00      1          0          0          0          0          0          0          0          0          0
  root node        :          -          -      -        565          -          -        580          -          -          -          -          -
Constraints        :     Number  MaxNumber  #Separate #Propagate    #EnfoLP    #EnfoRelax  #EnfoPS    #Check   #ResProp    Cutoffs    DomReds       Cuts    Applied      Conss   Children
  benderslp        :          0          0          0          0         12          0          2          8          0          0          0          0          0          0          0
  integral         :          0          0          0          0         12          0          0          8          0          0          0          0          0          0         24
  varbound         :       5684       5684         17      64977          0          0          2          3          0          0          0          0          0          0          0
  knapsack         :        190        190         17      29099          0          0          2          2          0          0          0          0          0          0          0
  setppc           :       1210       1210         17      30625          0          0          2          0        284          1         87          0          0          0          0
  linear           :     119593     119593         17      64976          0          0          0          0        159         15       6520          0          0          0          0
  orbisack         :          7          7          0         17          0          0          0          0         30          1          0          0          0          0          0
  symretope        :          1          1          0         43          0          0          0          0          0          0          0          0          0          0          0
  logicor          :          2          2          1          9          0          0          0          0          0          0          0          0          0          0          0
  bounddisjunction :          0+        30          0         10          0          0          0          0          0          0          0          0          0          0          0
  benders          :          0          0          0          0          0          0          2          0          0          0          0          0          0          0          0
  countsols        :          0          0          0          0          0          0          2          0          0          0          0          0          0          0          0
  components       :          0          0          0          0          0          0          0          0          0          0          0          0          0          0          0
Constraint Timings :  TotalTime  SetupTime   Separate  Propagate     EnfoLP     EnfoPS     EnfoRelax   Check    ResProp    SB-Prop
  benderslp        :       0.00       0.00       0.00       0.00       0.00       0.00       0.00       0.00       0.00       0.00
  integral         :    1254.18       0.00       0.00       0.00    1253.98       0.00       0.00       0.20       0.00       0.00
  varbound         :       0.04       0.00       0.03       0.00       0.00       0.00       0.00       0.00       0.00       0.00
  knapsack         :       0.16       0.01       0.03       0.12       0.00       0.00       0.00       0.00       0.00       0.00
  setppc           :       0.35       0.00       0.01       0.34       0.00       0.00       0.00       0.00       0.00       0.00
  linear           :    2597.30       0.15    2594.79       2.20       0.00       0.00       0.00       0.00       0.00       0.16
  orbisack         :       0.03       0.00       0.00       0.03       0.00       0.00       0.00       0.00       0.00       0.00
  symretope        :       0.00       0.00       0.00       0.00       0.00       0.00       0.00       0.00       0.00       0.00
  logicor          :       0.00       0.00       0.00       0.00       0.00       0.00       0.00       0.00       0.00       0.00
  bounddisjunction :       0.00       0.00       0.00       0.00       0.00       0.00       0.00       0.00       0.00       0.00
  benders          :       0.00       0.00       0.00       0.00       0.00       0.00       0.00       0.00       0.00       0.00
  countsols        :       0.00       0.00       0.00       0.00       0.00       0.00       0.00       0.00       0.00       0.00
  components       :       0.00       0.00       0.00       0.00       0.00       0.00       0.00       0.00       0.00       0.00
Propagators        : #Propagate   #ResProp    Cutoffs    DomReds
  dualfix          :          5          0          0          2
  genvbounds       :          0          0          0          0
  nlobbt           :          0          0          0          0
  obbt             :          0          0          0          0
  probing          :          0          0          0          0
  pseudoobj        :          0          0          0          0
  redcost          :          0          0          0          0
  rootredcost      :          0          0          0          0
  symmetry         :          0          0          0          0
  vbounds          :       6359          0          0          0
Propagator Timings :  TotalTime  SetupTime   Presolve  Propagate    ResProp    SB-Prop
  dualfix          :       0.37       0.00       0.26       0.11       0.00       0.00
  genvbounds       :       0.00       0.00       0.00       0.00       0.00       0.00
  nlobbt           :       0.00       0.00       0.00       0.00       0.00       0.00
  obbt             :       0.00       0.00       0.00       0.00       0.00       0.00
  probing          :      61.79       0.02      61.77       0.00       0.00       0.00
  pseudoobj        :       3.50       0.00       0.00       3.50       0.00       0.00
  redcost          :       0.00       0.00       0.00       0.00       0.00       0.00
  rootredcost      :       0.00       0.00       0.00       0.00       0.00       0.00
  symmetry         :       1.14       0.00       1.14       0.00       0.00       0.00
  vbounds          :       0.27       0.00       0.07       0.20       0.00       0.00
Orbital fixing     :
  vars fixed to 0  :          0
  vars fixed to 1  :          0
Conflict Analysis  :       Time      Calls    Success    DomReds  Conflicts   Literals    Reconvs ReconvLits   Dualrays   Nonzeros   LP Iters   (pool size: [10000,10000])
  propagation      :       0.00          9          9          -        102      307.8          0        0.0          -          -          -
  infeasible LP    :       0.12          2          2          -          2        1.5          0        0.0          2      381.5          0
  bound exceed. LP :       0.00          0          0          -          0        0.0          0        0.0          0        0.0          0
  strong branching :       0.00          0          0          -          0        0.0          0        0.0          -          -          0
  pseudo solution  :       0.00          0          0          -          0        0.0          0        0.0          -          -          -
  applied globally :       0.06          -          -          0         34      198.9          -          -          2          -          -
  applied locally  :          -          -          -          0          0        0.0          -          -          0          -          -
Separators         :   ExecTime  SetupTime      Calls  RootCalls    Cutoffs    DomReds  FoundCuts ViaPoolAdd  DirectAdd    Applied ViaPoolApp  DirectApp      Conss
  cut pool         :       0.04          -         31         31          -          -       1068        250          -          -          -          -          -    (maximal pool size:       1068)
  aggregation      :       1.44       0.00         17         17          0          0          9          8          0          5          5          0          0
  > cmir           :          -          -          -          -          -          -          -          5          0          5          5          0          -
  > flowcover      :          -          -          -          -          -          -          -          3          0          0          0          0          -
  > knapsackcover  :          -          -          -          -          -          -          -          0          0          0          0          0          -
  cgmip            :       0.00       0.00          0          0          0          0          0          0          0          0          0          0          0
  clique           :       0.30       0.00         17         17          0          0          0          0          0          0          0          0          0
  closecuts        :       0.00       0.00          0          0          0          0          0          0          0          0          0          0          0
  convexproj       :       0.00       0.00          0          0          0          0          0          0          0          0          0          0          0
  disjunctive      :       0.00       0.00          0          0          0          0          0          0          0          0          0          0          0
  eccuts           :       0.00       0.00          0          0          0          0          0          0          0          0          0          0          0
  gauge            :       0.00       0.00          0          0          0          0          0          0          0          0          0          0          0
  gomory           :      78.79       0.00         10         10          0          0       1008        194          0         70         70          0          0
  > gomorymi       :          -          -          -          -          -          -          -        178          0         64         64          0          -
  > strongcg       :          -          -          -          -          -          -          -         16          0          6          6          0          -
  impliedbounds    :       0.42       0.00         17         17          0          0         43         42          0         38         38          0          0
  interminor       :       0.00       0.00          0          0          0          0          0          0          0          0          0          0          0
  intobj           :       0.00       0.00          0          0          0          0          0          0          0          0          0          0          0
  mcf              :       3.01       0.00          1          1          0          0          0          0          0          0          0          0          0
  minor            :       0.00       0.00          0          0          0          0          0          0          0          0          0          0          0
  mixing           :       0.00       0.00         17         17          0          0          0          0          0          0          0          0          0
  oddcycle         :       0.00       0.00          0          0          0          0          0          0          0          0          0          0          0
  rapidlearning    :       0.00       0.00          0          0          0          0          0          0          0          0          0          0          0
  rlt              :       0.00       0.00         10         10          0          0          0          0          0          0          0          0          0
  zerohalf         :    1106.10       0.00         17         17          0          0          8          6          0          5          5          0          0
Cutselectors       :   ExecTime  SetupTime      Calls  RootCalls   Selected     Forced   Filtered  RootSelec   RootForc   RootFilt 
  hybrid           :       0.00       0.00         16         16        118          0        132        118          0        132
Pricers            :   ExecTime  SetupTime      Calls       Vars
  problem variables:       0.00          -          0          0
Branching Rules    :   ExecTime  SetupTime   BranchLP  BranchExt   BranchPS    Cutoffs    DomReds       Cuts      Conss   Children
  allfullstrong    :       0.00       0.00          0          0          0          0          0          0          0          0
  cloud            :       0.00       0.00          0          0          0          0          0          0          0          0
  distribution     :       0.00       0.00          0          0          0          0          0          0          0          0
  fullstrong       :       0.00       0.00          0          0          0          0          0          0          0          0
  inference        :       0.18       0.00          0          0          2          0          0          0          0          4
  leastinf         :       0.00       0.00          0          0          0          0          0          0          0          0
  lookahead        :       0.00       0.00          0          0          0          0          0          0          0          0
  mostinf          :       0.00       0.00          0          0          0          0          0          0          0          0
  multaggr         :       0.00       0.00          0          0          0          0          0          0          0          0
  nodereopt        :       0.00       0.00          0          0          0          0          0          0          0          0
  pscost           :       0.00       0.00          0          0          0          0          0          0          0          0
  random           :       0.00       0.00          0          0          0          0          0          0          0          0
  relpscost        :    1253.98       0.00         12          0          0          0          0          0          0         24
  vanillafullstrong:       0.00       0.00          0          0          0          0          0          0          0          0
Primal Heuristics  :   ExecTime  SetupTime      Calls      Found       Best
  LP solutions     :       0.00          -          -          0          0
  relax solutions  :       0.00          -          -          0          0
  pseudo solutions :       0.00          -          -          0          0
  strong branching :       0.00          -          -          0          0
  actconsdiving    :       0.00       0.00          0          0          0
  adaptivediving   :       0.91       0.00          1          0          0
  alns             :       3.29       0.00          1          0          0
  bound            :       0.00       0.00          0          0          0
  clique           :       1.21       0.00          1          0          0
  coefdiving       :       0.00       0.00          0          0          0
  completesol      :       0.00       0.00          0          0          0
  conflictdiving   :      43.76       0.00          1          0          0
  crossover        :       0.00       0.00          0          0          0
  dins             :       0.00       0.00          0          0          0
  distributiondivin:       0.20       0.00          0          0          0
  dps              :       0.00       0.00          0          0          0
  dualval          :       0.00       0.00          0          0          0
  farkasdiving     :     224.33       0.00          1          0          0
  feaspump         :     487.17       0.00          1          0          0
  fixandinfer      :       0.00       0.00          0          0          0
  fracdiving       :       0.00       0.00          0          0          0
  gins             :       0.00       0.00          0          0          0
  guideddiving     :       0.00       0.00          0          0          0
  indicator        :       0.00       0.00          0          0          0
  intdiving        :       0.00       0.00          0          0          0
  intshifting      :       0.05       0.00          1          0          0
  linesearchdiving :       0.00       0.00          0          0          0
  localbranching   :       0.00       0.00          0          0          0
  locks            :       0.66       0.00          1          0          0
  lpface           :       0.00       0.00          0          0          0
  mpec             :       0.00       0.00          0          0          0
  multistart       :       0.00       0.00          0          0          0
  mutation         :       0.00       0.00          0          0          0
  nlpdiving        :       0.00       0.00          0          0          0
  objpscostdiving  :       0.00       0.00          0          0          0
  octane           :       0.00       0.00          0          0          0
  ofins            :       0.00       0.00          0          0          0
  oneopt           :       0.00       0.00          0          0          0
  padm             :       0.00       0.00          0          0          0
  proximity        :       0.00       0.00          0          0          0
  pscostdiving     :      50.98       0.00          1          0          0
  randrounding     :       0.55       0.00         17          0          0
  rens             :       3.32       0.00          1          0          0
  reoptsols        :       0.00       0.00          0          0          0
  repair           :       0.00       0.00          0          0          0
  rins             :       0.00       0.00          0          0          0
  rootsoldiving    :       0.00       0.00          0          0          0
  rounding         :       0.18       0.00         28          0          0
  shiftandpropagate:       1.39       0.00          1          0          0
  shifting         :       0.35       0.00         17          0          0
  simplerounding   :       0.01       0.00         28          0          0
  subnlp           :       0.00       0.00          0          0          0
  trivial          :       1.00       0.00          2          0          0
  trivialnegation  :       0.00       0.00          0          0          0
  trustregion      :       0.00       0.00          0          0          0
  trysol           :       0.00       0.00          0          0          0
  twoopt           :       0.00       0.00          0          0          0
  undercover       :       0.00       0.00          0          0          0
  vbounds          :       0.05       0.00          0          0          0
  veclendiving     :       0.00       0.00          0          0          0
  zeroobj          :       0.00       0.00          0          0          0
  zirounding       :       0.07       0.00         12          0          0
  other solutions  :          -          -          -          0          -
LP                 :       Time      Calls Iterations  Iter/call   Iter/sec  Time-0-It Calls-0-It    ItLimit
  primal LP        :     163.75          2          0       0.00       0.00     163.75          2
  dual LP          :    1100.26         37     752100   22120.59     683.57       0.06          3
  lex dual LP      :       0.00          0          0       0.00          -
  barrier LP       :       0.00          0          0       0.00          -       0.00          0
  resolve instable :       0.00          0          0       0.00          -
  diving/probing LP:     926.19         42     367234    8743.67     396.50
  strong branching :    1051.44        353     178954     506.95     170.20          -          -        259
    (at root node) :          -         19      11654     613.37          -
  conflict analysis:       0.00          0          0       0.00          -
B&B Tree           :
  number of runs   :          1
  nodes            :         15 (14 internal, 1 leaves)
  feasible leaves  :          0
  infeas. leaves   :          0
  objective leaves :          0
  nodes (total)    :         15 (14 internal, 1 leaves)
  nodes left       :         15
  max depth        :          7
  max depth (total):          7
  backtracks       :          2 (13.3%)
  early backtracks :          0 (0.0%)
  nodes exc. ref.  :          0 (0.0%)
  delayed cutoffs  :          0
  repropagations   :          2 (140 domain reductions, 0 cutoffs)
  avg switch length:       1.60
  switching time   :      80.24
Root Node          :
  First LP value   : +2.21374103628660e+04
  First LP Iters   :     177300 (1517.99 Iter/sec)
  First LP Time    :     116.80
  Final Dual Bound : +2.24696473445271e+04
  Final Root Iters :     231432
  Root LP Estimate : +2.25210000552562e+04
Solution           :
  Solutions found  :          0 (0 improvements)
  Primal Bound     :          -
  Dual Bound       : +2.24841822411737e+04
  Gap              :   infinite
Integrals          :      Total       Avg%
  primal-dual      :  720005.70     100.00
  primal-ref       :          -          - (not evaluated)
  dual-ref         :          -          - (not evaluated)
written solution information to file <results/final_miplib_symretope_if_extended_generating_set_cpx_v802__settings_final_nopeek_norelabel_extend_norestarts__0__shs1014.mps.gz.sol>
@04 1686656529
