FILENAME:   /home/mcs001/s132664/testsets/IP/miplib2017/fastxgemm-n3r21s3t6.mps.gz
SETTINGS:   settings_final_nosym_norestarts
TIMELIMIT:  7200
OUTPUTNAME: final_miplib_symretope_if_extended_generating_set_cpx_v802__settings_final_nosym_norestarts__3__
BINNAME:    bin/sbcs.linux.x86_64.gnu.opt.cpx
BASENAME:   fastxgemm-n3r21s3t6.mps.gz
SEED:       3
@01 /home/mcs001/s132664/testsets/IP/miplib2017/fastxgemm-n3r21s3t6.mps.gz ===========
@02 fastxgemm-n3r21s3t6.mps.gz
@03 1686660609
SCIP version 8.0.2 [precision: 8 byte] [memory: block] [mode: optimized] [LP solver: CPLEX 20.1.0.0] [GitHash: 5f0473c]
Copyright (C) 2002-2022 Konrad-Zuse-Zentrum fuer Informationstechnik Berlin (ZIB)

Symretope propagation methods - (c) Jasper van Doornmalen, Christopher Hojny.
[GitHash: 2fd0484]

reading parameter file <../settings/settings_final_nosym_norestarts.set> ...

Changed settings:
limits/time = 7200
limits/restarts = 0
misc/usesymmetry = 0
randomization/randomseedshift = 3
constraints/orbisack/sepafreq = -1
constraints/symresack/sepafreq = -1
propagating/symmetry/detectsubgroups = FALSE
propagating/symmetry/usesymretopes = FALSE
propagating/symmetry/relabelsymretopes = 0
propagating/symmetry/ofsymcomptiming = 0
constraints/symretope/sepafreq = -1
constraints/symretope/peek = FALSE


solving problem ...

original problem has 18684 variables (378 bin, 0 int, 0 impl, 18306 cont) and 219368 constraints
presolving:
(round 1, exhaustive) 0 del vars, 61236 del conss, 0 add conss, 0 chg bounds, 0 chg sides, 0 chg coeffs, 0 upgd conss, 0 impls, 189 clqs
(round 2, exhaustive) 0 del vars, 61236 del conss, 0 add conss, 0 chg bounds, 0 chg sides, 0 chg coeffs, 93646 upgd conss, 0 impls, 189 clqs
(round 3, exhaustive) 25 del vars, 61236 del conss, 0 add conss, 0 chg bounds, 0 chg sides, 0 chg coeffs, 93646 upgd conss, 2322 impls, 1047 clqs
(round 4, exhaustive) 50 del vars, 61297 del conss, 0 add conss, 0 chg bounds, 0 chg sides, 0 chg coeffs, 93646 upgd conss, 2322 impls, 985 clqs
(round 5, medium)     50 del vars, 61446 del conss, 0 add conss, 0 chg bounds, 0 chg sides, 0 chg coeffs, 93646 upgd conss, 2322 impls, 985 clqs
(round 6, exhaustive) 75 del vars, 61446 del conss, 0 add conss, 0 chg bounds, 0 chg sides, 0 chg coeffs, 93646 upgd conss, 2322 impls, 927 clqs
(round 7, exhaustive) 100 del vars, 61559 del conss, 0 add conss, 0 chg bounds, 0 chg sides, 0 chg coeffs, 93646 upgd conss, 2322 impls, 864 clqs
(round 8, medium)     100 del vars, 61774 del conss, 0 add conss, 0 chg bounds, 0 chg sides, 0 chg coeffs, 93646 upgd conss, 2322 impls, 864 clqs
(round 9, exhaustive) 125 del vars, 61774 del conss, 0 add conss, 0 chg bounds, 0 chg sides, 0 chg coeffs, 93646 upgd conss, 2322 impls, 812 clqs
(round 10, exhaustive) 150 del vars, 61817 del conss, 0 add conss, 0 chg bounds, 0 chg sides, 0 chg coeffs, 93646 upgd conss, 2322 impls, 756 clqs
(round 11, exhaustive) 175 del vars, 61928 del conss, 0 add conss, 0 chg bounds, 0 chg sides, 0 chg coeffs, 93646 upgd conss, 2322 impls, 698 clqs
(round 12, medium)     175 del vars, 62073 del conss, 0 add conss, 0 chg bounds, 0 chg sides, 0 chg coeffs, 93646 upgd conss, 2322 impls, 698 clqs
(round 13, exhaustive) 200 del vars, 62073 del conss, 0 add conss, 0 chg bounds, 0 chg sides, 0 chg coeffs, 93646 upgd conss, 2322 impls, 756 clqs
(round 14, medium)     200 del vars, 62286 del conss, 0 add conss, 0 chg bounds, 0 chg sides, 0 chg coeffs, 93646 upgd conss, 2322 impls, 756 clqs
(round 15, exhaustive) 225 del vars, 62286 del conss, 0 add conss, 0 chg bounds, 0 chg sides, 0 chg coeffs, 93646 upgd conss, 2322 impls, 696 clqs
(round 16, medium)     225 del vars, 62418 del conss, 0 add conss, 0 chg bounds, 0 chg sides, 0 chg coeffs, 93646 upgd conss, 2322 impls, 696 clqs
(round 17, exhaustive) 250 del vars, 62418 del conss, 0 add conss, 0 chg bounds, 0 chg sides, 0 chg coeffs, 93646 upgd conss, 2322 impls, 640 clqs
(round 18, exhaustive) 275 del vars, 62529 del conss, 0 add conss, 0 chg bounds, 0 chg sides, 0 chg coeffs, 93646 upgd conss, 2322 impls, 584 clqs
(round 19, medium)     275 del vars, 62658 del conss, 0 add conss, 0 chg bounds, 0 chg sides, 0 chg coeffs, 93646 upgd conss, 2322 impls, 584 clqs
(round 20, exhaustive) 300 del vars, 62658 del conss, 0 add conss, 0 chg bounds, 0 chg sides, 0 chg coeffs, 93646 upgd conss, 2322 impls, 530 clqs
(round 21, exhaustive) 325 del vars, 62738 del conss, 0 add conss, 0 chg bounds, 0 chg sides, 0 chg coeffs, 93646 upgd conss, 2322 impls, 534 clqs
(round 22, exhaustive) 350 del vars, 62837 del conss, 0 add conss, 0 chg bounds, 0 chg sides, 0 chg coeffs, 93646 upgd conss, 2322 impls, 488 clqs
(round 23, medium)     350 del vars, 62978 del conss, 0 add conss, 0 chg bounds, 0 chg sides, 0 chg coeffs, 93646 upgd conss, 2322 impls, 488 clqs
(round 24, exhaustive) 375 del vars, 62978 del conss, 0 add conss, 0 chg bounds, 0 chg sides, 0 chg coeffs, 93646 upgd conss, 2322 impls, 438 clqs
   (18.8s) probing cycle finished: starting next cycle
presolving (25 rounds: 25 fast, 25 medium, 18 exhaustive):
 378 deleted vars, 63070 deleted constraints, 0 added constraints, 0 tightened bounds, 0 added holes, 0 changed sides, 0 changed coefficients
 3456 implications, 432 cliques
presolved problem has 18306 variables (378 bin, 0 int, 756 impl, 17172 cont) and 156298 constraints
  91584 constraints of type <varbound>
      1 constraints of type <knapsack>
    192 constraints of type <setppc>
  64486 constraints of type <linear>
     35 constraints of type <logicor>
Presolving Time: 23.41

 time | node  | left  |LP iter|LP it/n|mem/heur|mdpt |vars |cons |rows |cuts |sepa|confs|strbr|  dualbound   | primalbound  |  gap   | compl. 
p25.3s|     1 |     0 |     0 |     - |shiftand|   0 |  18k| 156k| 156k|   0 |  0 |  13 |   0 | 0.000000e+00 | 6.708400e+04 |    Inf | unknown
 46.3s|     1 |     0 |    46 |     - |   702M |   0 |  18k| 156k| 156k|   0 |  0 |  13 |   0 | 8.400000e+01 | 6.708400e+04 |  Large | unknown
 48.6s|     1 |     0 |   168 |     - |   729M |   0 |  18k| 156k| 156k|   3 |  1 |  13 |   0 | 8.400000e+01 | 6.708400e+04 |  Large | unknown
 50.9s|     1 |     0 |   294 |     - |   756M |   0 |  18k| 156k| 156k|   6 |  2 |  13 |   0 | 8.400000e+01 | 6.708400e+04 |  Large | unknown
 52.9s|     1 |     0 |   400 |     - |   778M |   0 |  18k| 156k| 156k|   9 |  3 |  13 |   0 | 8.400000e+01 | 6.708400e+04 |  Large | unknown
 55.0s|     1 |     0 |   520 |     - |   801M |   0 |  18k| 156k| 156k|  13 |  4 |  13 |   0 | 8.400000e+01 | 6.708400e+04 |  Large | unknown
 57.2s|     1 |     0 |   660 |     - |   823M |   0 |  18k| 156k| 156k|  16 |  5 |  13 |   0 | 8.400000e+01 | 6.708400e+04 |  Large | unknown
 59.4s|     1 |     0 |   771 |     - |   847M |   0 |  18k| 156k| 156k|  19 |  6 |  13 |   0 | 8.400000e+01 | 6.708400e+04 |  Large | unknown
 62.1s|     1 |     0 |   920 |     - |   872M |   0 |  18k| 156k| 156k|  22 |  7 |  13 |   0 | 8.400000e+01 | 6.708400e+04 |  Large | unknown
 64.3s|     1 |     0 |  1029 |     - |   897M |   0 |  18k| 156k| 156k|  24 |  8 |  13 |   0 | 8.400000e+01 | 6.708400e+04 |  Large | unknown
 66.6s|     1 |     0 |  1143 |     - |   920M |   0 |  18k| 156k| 156k|  27 |  9 |  13 |   0 | 8.400000e+01 | 6.708400e+04 |  Large | unknown
 69.1s|     1 |     0 |  1272 |     - |   945M |   0 |  18k| 156k| 156k|  29 | 10 |  13 |   0 | 8.400000e+01 | 6.708400e+04 |  Large | unknown
 70.1s|     1 |     0 |  1275 |     - |   961M |   0 |  18k| 156k| 156k|  30 | 11 |  13 |   0 | 8.400000e+01 | 6.708400e+04 |  Large | unknown
L 499s|     1 |     0 | 39218 |     - |    alns|   0 |  18k| 156k| 156k|  30 | 11 |  13 |   0 | 8.400000e+01 | 6.608400e+04 |  Large | unknown
  500s|     1 |     0 | 39218 |     - |   974M |   0 |  18k| 156k| 156k|  30 | 11 |  13 |   0 | 8.400000e+01 | 6.608400e+04 |  Large | unknown
 time | node  | left  |LP iter|LP it/n|mem/heur|mdpt |vars |cons |rows |cuts |sepa|confs|strbr|  dualbound   | primalbound  |  gap   | compl. 
  514s|     1 |     0 | 39347 |     - |   989M |   0 |  18k| 156k| 156k|  31 | 12 |  13 |   0 | 8.400000e+01 | 6.608400e+04 |  Large | unknown
  522s|     1 |     0 | 39458 |     - |   989M |   0 |  18k| 156k| 156k|  32 | 13 |  13 |   0 | 8.400000e+01 | 6.608400e+04 |  Large | unknown
  902s|     1 |     2 | 39458 |     - |   991M |   0 |  18k| 156k| 156k|  32 | 13 |  13 |  72 | 8.400000e+01 | 6.608400e+04 |  Large | unknown
L1141s|    41 |    42 | 62528 |1525.3 |    alns|  40 |  18k| 156k| 156k|  60 |  2 |  13 |  72 | 8.400000e+01 | 6.308400e+04 |  Large | unknown
L1141s|    41 |    42 | 62528 |1525.3 |    alns|  40 |  18k| 156k| 156k|  60 |  2 |  13 |  72 | 8.400000e+01 | 5.208400e+04 |  Large | unknown
L1141s|    41 |    42 | 62528 |1525.3 |    alns|  40 |  18k| 156k| 156k|  60 |  2 |  13 |  72 | 8.400000e+01 | 5.108400e+04 |  Large | unknown
L1327s|    81 |    82 | 82202 |1008.6 |    alns|  80 |  18k| 156k| 156k|  61 |  1 |  13 |  72 | 8.400000e+01 | 4.908700e+04 |  Large | unknown
 1553s|   100 |   101 |107918 |1074.8 |  1052M |  99 |  18k| 156k| 156k|  61 |  1 |  13 |  72 | 8.400000e+01 | 4.908700e+04 |  Large | unknown
 3470s|   200 |   201 |357549 |1789.1 |  1059M | 143 |  18k| 156k| 156k|  61 |  1 |  15 |  72 | 8.400000e+01 | 4.908700e+04 |  Large | unknown

SCIP Status        : solving was interrupted [time limit reached]
Solving Time (sec) : 7200.08
Solving Nodes      : 277
Primal Bound       : +4.90870000000000e+04 (8 solutions)
Dual Bound         : +8.40000000000000e+01
Gap                : 58336.90 %
SCIP Status        : solving was interrupted [time limit reached]
Total Time         :    7201.13
  solving          :    7200.08
  presolving       :      23.41 (included in solving)
  reading          :       1.04
  copying          :       2.45 (7 #copies) (minimal 0.33, maximal 0.36, average 0.35)
Original Problem   :
  Problem name     : fastxgemm-n3r21s3t6
  Variables        : 18684 (378 binary, 0 integer, 0 implicit integer, 18306 continuous)
  Constraints      : 219368 initial, 219368 maximal
  Objective        : minimize, 1863 non-zeros (abs.min = 0.001, abs.max = 1000)
Presolved Problem  :
  Problem name     : t_fastxgemm-n3r21s3t6
  Variables        : 18306 (378 binary, 0 integer, 756 implicit integer, 17172 continuous)
  Constraints      : 156298 initial, 156325 maximal
  Objective        : minimize, 1863 non-zeros (abs.min = 0.001, abs.max = 1000)
  Nonzeros         : 468204 constraint, 1053 clique table
Presolvers         :   ExecTime  SetupTime  Calls  FixedVars   AggrVars   ChgTypes  ChgBounds   AddHoles    DelCons    AddCons   ChgSides   ChgCoefs
  boundshift       :       0.00       0.00      0          0          0          0          0          0          0          0          0          0
  convertinttobin  :       0.00       0.00      0          0          0          0          0          0          0          0          0          0
  domcol           :       2.28       0.00     16          0          0          0          0          0          0          0          0          0
  dualagg          :       0.00       0.00      0          0          0          0          0          0          0          0          0          0
  dualcomp         :       2.12       0.00     16          0          0          0          0          0          0          0          0          0
  dualinfer        :       0.00       0.00      0          0          0          0          0          0          0          0          0          0
  dualsparsify     :       1.45       0.00      1          0          0          0          0          0          0          0          0          0
  gateextraction   :       0.00       0.00     16          0          0          0          0          0          0          0          0          0
  implics          :       0.00       0.00     25          0          0          0          0          0          0          0          0          0
  inttobinary      :       0.00       0.00      0          0          0          0          0          0          0          0          0          0
  qpkktref         :       0.00       0.00      0          0          0          0          0          0          0          0          0          0
  redvub           :       0.00       0.00      0          0          0          0          0          0          0          0          0          0
  sparsify         :       0.94       0.00      4          0          0          0          0          0          0          0          0          0
  stuffing         :       0.00       0.00      0          0          0          0          0          0          0          0          0          0
  trivial          :       0.02       0.00     25          0          0          0          0          0          0          0          0          0
  tworowbnd        :       0.00       0.00      0          0          0          0          0          0          0          0          0          0
  dualfix          :       0.03       0.00     25          0          0          0          0          0          0          0          0          0
  genvbounds       :       0.00       0.00      0          0          0          0          0          0          0          0          0          0
  probing          :      10.23       0.00     16          0        378          0          0          0          0          0          0          0
  pseudoobj        :       0.00       0.00      0          0          0          0          0          0          0          0          0          0
  symmetry         :       0.00       0.00      0          0          0          0          0          0          0          0          0          0
  vbounds          :       0.00       0.00      5          0          0          0          0          0          0          0          0          0
  varbound         :       1.40       0.00     46          0          0          0          0          0       1404          0          0          0
  knapsack         :       0.01       0.00     62          0          0          0          0          0          0          0          0          0
  setppc           :       0.02       0.00     62          0          0          0          0          0        375          0          0          0
  linear           :       4.56       0.14     43          0          0          0          0          0      61236          0          0          0
  logicor          :       0.02       0.00     62          0          0          0          0          0         55          0          0          0
  bounddisjunction :       0.00       0.00      0          0          0          0          0          0          0          0          0          0
  benders          :       0.00       0.00      0          0          0          0          0          0          0          0          0          0
  components       :       0.09       0.00      1          0          0          0          0          0          0          0          0          0
  root node        :          -          -      -          0          -          -          0          -          -          -          -          -
Constraints        :     Number  MaxNumber  #Separate #Propagate    #EnfoLP    #EnfoRelax  #EnfoPS    #Check   #ResProp    Cutoffs    DomReds       Cuts    Applied      Conss   Children
  benderslp        :          0          0          0          0        282          0          0         53          0          0          0          0          0          0          0
  integral         :          0          0          0          0        282          0          0         53          0          0        165          0          0          0        554
  varbound         :      91584      91584         12      12134          0          0          0         13          1          0          0          0          0          0          0
  knapsack         :          1          1         12      10614          0          0          0         12          0          0          0          0          0          0          0
  setppc           :        192        192         12      12133          0          0          0         11         68          0        218          0          0          0          0
  linear           :      64486+     64487         12      12135          0          0          0          9        110         12       3931          0          0          0          0
  logicor          :         35+        38         12        979          0          0          0          9          3          1          0          0          0          0          0
  bounddisjunction :          0+        23          0         74          0          0          0          0          0          0          0          0          0          0          0
  benders          :          0          0          0          0          0          0          0         10          0          0          0          0          0          0          0
  countsols        :          0          0          0          0          0          0          0         10          0          0          0          0          0          0          0
  components       :          0          0          0          0          0          0          0          0          0          0          0          0          0          0          0
Constraint Timings :  TotalTime  SetupTime   Separate  Propagate     EnfoLP     EnfoPS     EnfoRelax   Check    ResProp    SB-Prop
  benderslp        :       0.00       0.00       0.00       0.00       0.00       0.00       0.00       0.00       0.00       0.00
  integral         :    1051.66       0.00       0.00       0.00    1051.66       0.00       0.00       0.00       0.00       0.00
  varbound         :       2.49       0.00       0.46       1.85       0.00       0.00       0.00       0.14       0.00       0.04
  knapsack         :       0.04       0.00       0.01       0.03       0.00       0.00       0.00       0.00       0.00       0.00
  setppc           :       0.62       0.00       0.00       0.57       0.00       0.00       0.00       0.00       0.00       0.04
  linear           :       4.34       0.14       0.21       3.55       0.00       0.00       0.00       0.23       0.00       0.22
  logicor          :       0.01       0.00       0.00       0.01       0.00       0.00       0.00       0.00       0.00       0.00
  bounddisjunction :       0.00       0.00       0.00       0.00       0.00       0.00       0.00       0.00       0.00       0.00
  benders          :       0.00       0.00       0.00       0.00       0.00       0.00       0.00       0.00       0.00       0.00
  countsols        :       0.00       0.00       0.00       0.00       0.00       0.00       0.00       0.00       0.00       0.00
  components       :       0.00       0.00       0.00       0.00       0.00       0.00       0.00       0.00       0.00       0.00
Propagators        : #Propagate   #ResProp    Cutoffs    DomReds
  dualfix          :          3          0          0          0
  genvbounds       :          0          0          0          0
  nlobbt           :          0          0          0          0
  obbt             :          0          0          0          0
  probing          :          0          0          0          0
  pseudoobj        :       1041          0          0          0
  redcost          :        588          0          0          0
  rootredcost      :          3          0          0          0
  symmetry         :          0          0          0          0
  vbounds          :       5415         56          0      10425
Propagator Timings :  TotalTime  SetupTime   Presolve  Propagate    ResProp    SB-Prop
  dualfix          :       0.03       0.00       0.03       0.00       0.00       0.00
  genvbounds       :       0.00       0.00       0.00       0.00       0.00       0.00
  nlobbt           :       0.00       0.00       0.00       0.00       0.00       0.00
  obbt             :       0.00       0.00       0.00       0.00       0.00       0.00
  probing          :      10.23       0.00      10.23       0.00       0.00       0.00
  pseudoobj        :       0.02       0.00       0.00       0.02       0.00       0.00
  redcost          :       0.31       0.00       0.00       0.31       0.00       0.00
  rootredcost      :       0.00       0.00       0.00       0.00       0.00       0.00
  symmetry         :       0.00       0.00       0.00       0.00       0.00       0.00
  vbounds          :       0.27       0.00       0.00       0.26       0.00       0.01
Conflict Analysis  :       Time      Calls    Success    DomReds  Conflicts   Literals    Reconvs ReconvLits   Dualrays   Nonzeros   LP Iters   (pool size: [10000,10000])
  propagation      :       0.00          4          3          -         30       20.8          0        0.0          -          -          -
  infeasible LP    :       0.01          3          1          -         21       65.0         12        2.0          1       71.0          0
  bound exceed. LP :       0.00          0          0          -          0        0.0          0        0.0          0        0.0          0
  strong branching :       0.00          0          0          -          0        0.0          0        0.0          -          -          0
  pseudo solution  :       0.00          0          0          -          0        0.0          0        0.0          -          -          -
  applied globally :       0.00          -          -          0         25       11.7          -          -          1          -          -
  applied locally  :          -          -          -          0          0        0.0          -          -          0          -          -
Separators         :   ExecTime  SetupTime      Calls  RootCalls    Cutoffs    DomReds  FoundCuts ViaPoolAdd  DirectAdd    Applied ViaPoolApp  DirectApp      Conss
  cut pool         :       0.45          -         63         23          -          -       2218       1941          -          -          -          -          -    (maximal pool size:       2218)
  aggregation      :       1.79       0.00         16         12          0          0          0          0          0          0          0          0          0
  > cmir           :          -          -          -          -          -          -          -          0          0          0          0          0          -
  > flowcover      :          -          -          -          -          -          -          -          0          0          0          0          0          -
  > knapsackcover  :          -          -          -          -          -          -          -          0          0          0          0          0          -
  cgmip            :       0.00       0.00          0          0          0          0          0          0          0          0          0          0          0
  clique           :       0.00       0.00         12         12          0          0          0          0          0          0          0          0          0
  closecuts        :       0.00       0.00          0          0          0          0          0          0          0          0          0          0          0
  convexproj       :       0.00       0.00          0          0          0          0          0          0          0          0          0          0          0
  disjunctive      :       0.00       0.00          0          0          0          0          0          0          0          0          0          0          0
  eccuts           :       0.00       0.00          0          0          0          0          0          0          0          0          0          0          0
  gauge            :       0.00       0.00          0          0          0          0          0          0          0          0          0          0          0
  gomory           :       6.25       0.00         14         10          0          0       2200       1922          0         45         45          0          0
  > gomorymi       :          -          -          -          -          -          -          -       1922          0         45         45          0          -
  > strongcg       :          -          -          -          -          -          -          -          0          0          0          0          0          -
  impliedbounds    :       0.02       0.00         16         12          0          0          0          0          0          0          0          0          0
  interminor       :       0.00       0.00          0          0          0          0          0          0          0          0          0          0          0
  intobj           :       0.00       0.00          0          0          0          0          0          0          0          0          0          0          0
  mcf              :       0.13       0.00          1          1          0          0          0          0          0          0          0          0          0
  minor            :       0.00       0.00          0          0          0          0          0          0          0          0          0          0          0
  mixing           :       0.20       0.00         16         12          0          0         18         19          0         17         17          0          0
  oddcycle         :       0.00       0.00          0          0          0          0          0          0          0          0          0          0          0
  rapidlearning    :       0.00       0.00          0          0          0          0          0          0          0          0          0          0          0
  rlt              :       0.00       0.00         10         10          0          0          0          0          0          0          0          0          0
  zerohalf         :       0.57       0.00         16         12          0          0          0          0          0          0          0          0          0
Cutselectors       :   ExecTime  SetupTime      Calls  RootCalls   Selected     Forced   Filtered  RootSelec   RootForc   RootFilt 
  hybrid           :       0.02       0.00         22         13         62          0       1879         32          0       1670
Pricers            :   ExecTime  SetupTime      Calls       Vars
  problem variables:       0.00          -          0          0
Branching Rules    :   ExecTime  SetupTime   BranchLP  BranchExt   BranchPS    Cutoffs    DomReds       Cuts      Conss   Children
  allfullstrong    :       0.00       0.00          0          0          0          0          0          0          0          0
  cloud            :       0.00       0.00          0          0          0          0          0          0          0          0
  distribution     :       0.00       0.00          0          0          0          0          0          0          0          0
  fullstrong       :       0.00       0.00          0          0          0          0          0          0          0          0
  inference        :       0.00       0.00          0          0          0          0          0          0          0          0
  leastinf         :       0.00       0.00          0          0          0          0          0          0          0          0
  lookahead        :       0.00       0.00          0          0          0          0          0          0          0          0
  mostinf          :       0.00       0.00          0          0          0          0          0          0          0          0
  multaggr         :       0.00       0.00          0          0          0          0          0          0          0          0
  nodereopt        :       0.00       0.00          0          0          0          0          0          0          0          0
  pscost           :       0.00       0.00          0          0          0          0          0          0          0          0
  random           :       0.00       0.00          0          0          0          0          0          0          0          0
  relpscost        :    1051.66       0.00        282          0          0          0        165          0          0        554
  vanillafullstrong:       0.00       0.00          0          0          0          0          0          0          0          0
Primal Heuristics  :   ExecTime  SetupTime      Calls      Found       Best
  LP solutions     :       0.00          -          -          0          0
  relax solutions  :       0.00          -          -          0          0
  pseudo solutions :       0.00          -          -          0          0
  strong branching :       0.00          -          -          0          0
  actconsdiving    :       0.00       0.00          0          0          0
  adaptivediving   :     215.81       0.00          1          0          0
  alns             :       7.13       0.00          4          5          5
  bound            :       0.00       0.00          0          0          0
  clique           :       0.57       0.00          1          0          0
  coefdiving       :       0.00       0.00          0          0          0
  completesol      :       0.00       0.00          0          0          0
  conflictdiving   :     182.44       0.00          1          0          0
  crossover        :       0.00       0.00          0          0          0
  dins             :       0.00       0.00          0          0          0
  distributiondivin:       0.01       0.00          0          0          0
  dps              :       0.00       0.00          0          0          0
  dualval          :       0.00       0.00          0          0          0
  farkasdiving     :       0.00       0.00          0          0          0
  feaspump         :     145.70       0.00          1          0          0
  fixandinfer      :       0.00       0.00          0          0          0
  fracdiving       :       0.00       0.00          0          0          0
  gins             :       6.31       0.00          2          2          0
  guideddiving     :       0.00       0.00          0          0          0
  indicator        :       0.00       0.00          0          0          0
  intdiving        :       0.00       0.00          0          0          0
  intshifting      :     208.78       0.00          2          0          0
  linesearchdiving :       0.00       0.00          0          0          0
  localbranching   :       0.00       0.00          0          0          0
  locks            :       0.06       0.00          1          0          0
  lpface           :       0.01       0.00          0          0          0
  mpec             :       0.00       0.00          0          0          0
  multistart       :       0.00       0.00          0          0          0
  mutation         :       0.00       0.00          0          0          0
  nlpdiving        :       0.00       0.00          0          0          0
  objpscostdiving  :       0.00       0.00          0          0          0
  octane           :       0.00       0.00          0          0          0
  ofins            :       0.00       0.00          0          0          0
  oneopt           :       0.12       0.00          4          0          0
  padm             :       0.00       0.00          0          0          0
  proximity        :       0.00       0.00          0          0          0
  pscostdiving     :     225.30       0.00          1          0          0
  randrounding     :       3.50       0.00         34          0          0
  rens             :       2.36       0.00          1          0          0
  reoptsols        :       0.00       0.00          0          0          0
  repair           :       0.00       0.00          0          0          0
  rins             :       0.00       0.00          0          0          0
  rootsoldiving    :       0.00       0.00          0          0          0
  rounding         :       1.43       0.00        201          0          0
  shiftandpropagate:       0.75       0.00          1          1          1
  shifting         :       9.60       0.00         53          0          0
  simplerounding   :       0.00       0.00          0          0          0
  subnlp           :       0.00       0.00          0          0          0
  trivial          :       0.09       0.00          2          0          0
  trivialnegation  :       0.00       0.00          0          0          0
  trustregion      :       0.00       0.00          0          0          0
  trysol           :       0.00       0.00          0          0          0
  twoopt           :       0.00       0.00          0          0          0
  undercover       :       0.00       0.00          0          0          0
  vbounds          :       0.01       0.00          0          0          0
  veclendiving     :       0.00       0.00          0          0          0
  zeroobj          :       0.00       0.00          0          0          0
  zirounding       :       2.47       0.00        276          0          0
  other solutions  :          -          -          -          0          -
LP                 :       Time      Calls Iterations  Iter/call   Iter/sec  Time-0-It Calls-0-It    ItLimit
  primal LP        :      29.42          3          0       0.00       0.00      29.42          3
  dual LP          :    5065.42        304     677741    2236.77     133.80       0.02          1
  lex dual LP      :       0.00          0          0       0.00          -
  barrier LP       :       0.00          0          0       0.00          -       0.00          0
  resolve instable :       0.00          0          0       0.00          -
  diving/probing LP:     978.01         19     115924    6101.26     118.53
  strong branching :    1045.73        189     155437     822.42     148.64          -          -        240
    (at root node) :          -         72      42323     587.82          -
  conflict analysis:       0.00          0          0       0.00          -
B&B Tree           :
  number of runs   :          1
  nodes            :        277 (277 internal, 0 leaves)
  feasible leaves  :          0
  infeas. leaves   :          0
  objective leaves :          0
  nodes (total)    :        277 (277 internal, 0 leaves)
  nodes left       :        278
  max depth        :        143
  max depth (total):        143
  backtracks       :          2 (0.7%)
  early backtracks :          0 (0.0%)
  nodes exc. ref.  :          0 (0.0%)
  delayed cutoffs  :          0
  repropagations   :          0 (0 domain reductions, 0 cutoffs)
  avg switch length:       1.57
  switching time   :      17.05
Root Node          :
  First LP value   : +8.40000000000000e+01
  First LP Iters   :         46 (2.20 Iter/sec)
  First LP Time    :      20.89
  Final Dual Bound : +8.40000000000000e+01
  Final Root Iters :       1515
  Root LP Estimate : +8.75770028391603e+01
Solution           :
  Solutions found  :          8 (6 improvements)
  First Solution   : +6.70840000000000e+04   (in run 1, after 1 nodes, 25.24 seconds, depth 352, found by <shiftandpropagate>)
  Gap First Sol.   :   infinite
  Gap Last Sol.    :   58336.90 %
  Primal Bound     : +4.90870000000000e+04   (in run 1, after 81 nodes, 1326.95 seconds, depth 80, found by <alns>)
  Dual Bound       : +8.40000000000000e+01
  Gap              :   58336.90 %
Integrals          :      Total       Avg%
  primal-dual      :  718834.37      99.84
  primal-ref       :          -          - (not evaluated)
  dual-ref         :          -          - (not evaluated)
written solution information to file <results/final_miplib_symretope_if_extended_generating_set_cpx_v802__settings_final_nosym_norestarts__3__fastxgemm-n3r21s3t6.mps.gz.sol>
@04 1686667811
