FILENAME:   /home/mcs001/s132664/testsets/IP/miplib2010/sts729.mps.gz
SETTINGS:   settings_final_nopeek_norelabel_extend_norestarts
TIMELIMIT:  7200
OUTPUTNAME: final_miplib_symretope_if_extended_generating_set_cpx_v802__settings_final_nopeek_norelabel_extend_norestarts__1__
BINNAME:    bin/sbcs.linux.x86_64.gnu.opt.cpx
BASENAME:   sts729.mps.gz
SEED:       1
@01 /home/mcs001/s132664/testsets/IP/miplib2010/sts729.mps.gz ===========
@02 sts729.mps.gz
@03 1686653587
SCIP version 8.0.2 [precision: 8 byte] [memory: block] [mode: optimized] [LP solver: CPLEX 20.1.0.0] [GitHash: 5f0473c]
Copyright (C) 2002-2022 Konrad-Zuse-Zentrum fuer Informationstechnik Berlin (ZIB)

Symretope propagation methods - (c) Jasper van Doornmalen, Christopher Hojny.
[GitHash: 2fd0484]

reading parameter file <../settings/settings_final_nopeek_norelabel_extend_norestarts.set> ...

Changed settings:
limits/time = 7200
limits/restarts = 0
misc/usesymmetry = 1
randomization/randomseedshift = 1
constraints/orbisack/sepafreq = -1
constraints/symresack/sepafreq = -1
propagating/symmetry/addsymresacks = TRUE
propagating/symmetry/detectsubgroups = FALSE
propagating/symmetry/relabelsymretopes = 0
propagating/symmetry/extendgenerators = TRUE
propagating/symmetry/ofsymcomptiming = 0
constraints/symretope/sepafreq = -1
constraints/symretope/peek = FALSE


solving problem ...

original problem has 729 variables (729 bin, 0 int, 0 impl, 0 cont) and 88452 constraints
feasible solution found by trivial heuristic after 0.2 seconds, objective value 7.290000e+02
presolving:
(round 1, exhaustive) 0 del vars, 0 del conss, 0 add conss, 0 chg bounds, 0 chg sides, 0 chg coeffs, 88452 upgd conss, 0 impls, 0 clqs
   (0.8s) probing: 51/729 (7.0%) - 0 fixings, 0 aggregations, 0 implications, 0 bound changes
   (0.8s) probing aborted: 50/50 successive totally useless probings
   (1.3s) symmetry computation started: requiring (bin +, int +, cont +), (fixed: bin -, int -, cont -)
   (3.3s) symmetry computation finished: 22 generators found (max: 1500, log10 of symmetry group size: 19.8)
(round 2, exhaustive) 0 del vars, 0 del conss, 253 add conss, 0 chg bounds, 0 chg sides, 0 chg coeffs, 88452 upgd conss, 0 impls, 0 clqs
presolving (3 rounds: 3 fast, 3 medium, 3 exhaustive):
 0 deleted vars, 0 deleted constraints, 253 added constraints, 0 tightened bounds, 0 added holes, 0 changed sides, 0 changed coefficients
 0 implications, 0 cliques
presolved problem has 729 variables (729 bin, 0 int, 0 impl, 0 cont) and 88705 constraints
     75 constraints of type <orbisack>
    178 constraints of type <symretope>
  88452 constraints of type <logicor>
transformed objective value is always integral (scale: 1)
Presolving Time: 3.30
transformed 1/1 original solutions to the transformed problem space

 time | node  | left  |LP iter|LP it/n|mem/heur|mdpt |vars |cons |rows |cuts |sepa|confs|strbr|  dualbound   | primalbound  |  gap   | compl. 
i 3.8s|     1 |     0 |     0 |     - |  oneopt|   0 | 729 |  88k|  88k|   0 |  0 |   0 |   0 | 0.000000e+00 | 6.650000e+02 |    Inf | unknown
 13.4s|     1 |     0 | 10126 |     - |   433M |   0 | 729 |  88k|  88k|   0 |  0 |   0 |   0 | 2.430000e+02 | 6.650000e+02 | 173.66%| unknown
 18.4s|     1 |     0 | 10140 |     - |   505M |   0 | 729 |  88k|  88k|   1 |  1 |   4 |   0 | 2.436667e+02 | 6.650000e+02 | 172.91%| unknown
 26.1s|     1 |     0 | 10664 |     - |   517M |   0 | 729 |  88k|  88k|   6 |  2 |   5 |   0 | 2.461667e+02 | 6.650000e+02 | 170.14%| unknown
 32.4s|     1 |     0 | 10725 |     - |   533M |   0 | 729 |  88k|  87k|  23 |  3 |  12 |   0 | 2.483333e+02 | 6.650000e+02 | 167.79%| unknown
 34.9s|     1 |     0 | 10730 |     - |   540M |   0 | 729 |  88k|  87k|  24 |  4 |  13 |   0 | 2.483333e+02 | 6.650000e+02 | 167.79%| unknown
 41.7s|     1 |     0 | 10968 |     - |   561M |   0 | 729 |  88k|  87k|  27 |  5 |  16 |   0 | 2.487211e+02 | 6.650000e+02 | 167.37%| unknown
 50.7s|     1 |     0 | 11532 |     - |   575M |   0 | 729 |  88k|  87k|  30 |  6 |  19 |   0 | 2.490232e+02 | 6.650000e+02 | 167.04%| unknown
 61.8s|     1 |     0 | 12246 |     - |   587M |   0 | 729 |  88k|  87k|  32 |  7 |  27 |   0 | 2.492575e+02 | 6.650000e+02 | 166.79%| unknown
 70.8s|     1 |     0 | 12787 |     - |   600M |   0 | 729 |  88k|  87k|  34 |  8 |  29 |   0 | 2.493269e+02 | 6.650000e+02 | 166.72%| unknown
 81.1s|     1 |     0 | 13573 |     - |   610M |   0 | 729 |  88k|  87k|  36 |  9 |  31 |   0 | 2.495630e+02 | 6.650000e+02 | 166.47%| unknown
 91.5s|     1 |     0 | 14170 |     - |   621M |   0 | 729 |  88k|  87k|  39 | 10 |  34 |   0 | 2.496667e+02 | 6.650000e+02 | 166.36%| unknown
  102s|     1 |     0 | 14396 |     - |   630M |   0 | 729 |  88k|  87k|  42 | 11 |  39 |   0 | 2.500000e+02 | 6.650000e+02 | 166.00%| unknown
  109s|     1 |     0 | 14410 |     - |   640M |   0 | 729 |  88k|  87k|  44 | 12 |  44 |   0 | 2.500000e+02 | 6.650000e+02 | 166.00%| unknown
  115s|     1 |     0 | 14751 |     - |   649M |   0 | 729 |  88k|  87k|  46 | 13 |  45 |   0 | 2.500775e+02 | 6.650000e+02 | 165.92%| unknown
 time | node  | left  |LP iter|LP it/n|mem/heur|mdpt |vars |cons |rows |cuts |sepa|confs|strbr|  dualbound   | primalbound  |  gap   | compl. 
  124s|     1 |     0 | 15302 |     - |   659M |   0 | 729 |  88k|  87k|  51 | 14 |  50 |   0 | 2.506667e+02 | 6.650000e+02 | 165.29%| unknown
  129s|     1 |     0 | 15303 |     - |   669M |   0 | 729 |  88k|  87k|  53 | 15 |  56 |   0 | 2.506667e+02 | 6.650000e+02 | 165.29%| unknown
  135s|     1 |     0 | 15304 |     - |   686M |   0 | 729 |  88k|  87k|  54 | 16 |  66 |   0 | 2.506667e+02 | 6.650000e+02 | 165.29%| unknown
  148s|     1 |     0 | 15604 |     - |   698M |   0 | 729 |  88k|  87k|  56 | 17 |  76 |   0 | 2.510000e+02 | 6.650000e+02 | 164.94%| unknown
  159s|     1 |     0 | 16138 |     - |   698M |   0 | 729 |  88k|  87k|  59 | 18 |  77 |   0 | 2.515556e+02 | 6.650000e+02 | 164.36%| unknown
  163s|     1 |     0 | 16216 |     - |   708M |   0 | 729 |  88k|  87k|  61 | 19 |  87 |   0 | 2.516667e+02 | 6.650000e+02 | 164.24%| unknown
  168s|     1 |     0 | 16300 |     - |   706M |   0 | 729 |  88k|  87k|  63 | 20 |  97 |   0 | 2.517500e+02 | 6.650000e+02 | 164.15%| unknown
  168s|     1 |     0 | 16300 |     - |   706M |   0 | 729 |  88k|  87k|  63 | 22 | 107 |   0 | 2.517500e+02 | 6.650000e+02 | 164.15%| unknown
  528s|     1 |     2 | 28549 |     - |   708M |   0 | 729 |  88k|  87k|  63 | 24 | 111 |  34 | 2.525833e+02 | 6.650000e+02 | 163.28%| unknown
r2621s|    87 |    49 |110901 |1100.0 |ziroundi|  40 | 729 |  88k|  87k| 102 |  1 | 177 | 264 | 2.529167e+02 | 6.590000e+02 | 160.56%|  10.51%
i2621s|    88 |    48 |110901 |1087.4 |  oneopt|  40 | 729 |  88k|  87k| 102 |  0 | 177 | 264 | 2.529167e+02 | 6.570000e+02 | 159.77%|  10.51%
r2631s|    89 |    48 |110961 |1075.7 |ziroundi|  41 | 729 |  88k|  87k| 113 |  1 | 177 | 264 | 2.529167e+02 | 6.540000e+02 | 158.58%|  10.52%
 2638s|   100 |    51 |111075 | 957.3 |   825M |  45 | 729 |  88k|  87k| 121 |  0 | 184 | 264 | 2.529167e+02 | 6.540000e+02 | 158.58%|  10.53%
*2638s|   102 |    49 |111084 | 938.5 |    LP  |  45 | 729 |  88k|  87k| 121 |  1 | 184 | 264 | 2.529167e+02 | 6.530000e+02 | 158.19%|  10.53%
 2947s|   200 |    60 |137001 | 606.5 |   826M |  45 | 729 |  88k|  87k| 121 |  1 | 312 | 280 | 2.535833e+02 | 6.530000e+02 | 157.51%|  11.86%
 time | node  | left  |LP iter|LP it/n|mem/heur|mdpt |vars |cons |rows |cuts |sepa|confs|strbr|  dualbound   | primalbound  |  gap   | compl. 
*3213s|   292 |    79 |162024 | 500.8 |    LP  |  50 | 729 |  88k|  87k| 154 |  1 | 403 | 294 | 2.542500e+02 | 6.520000e+02 | 156.44%|  11.88%
 3213s|   300 |    77 |162075 | 487.5 |   865M |  50 | 729 |  88k|  87k| 154 |  0 | 403 | 294 | 2.542500e+02 | 6.520000e+02 | 156.44%|  11.90%
 3218s|   400 |    80 |162842 | 367.3 |   865M |  55 | 729 |  88k|   0 | 155 |  0 | 426 | 294 | 2.542500e+02 | 6.520000e+02 | 156.44%|  11.95%
*3561s|   461 |    88 |199352 | 397.9 |    LP  |  56 | 729 |  88k|  87k| 165 |  1 | 445 | 308 | 2.657500e+02 | 6.510000e+02 | 144.97%|  12.00%
 3563s|   500 |    89 |199664 | 367.5 |   900M |  56 | 729 |  88k|  87k| 166 |  1 | 445 | 308 | 2.657500e+02 | 6.510000e+02 | 144.97%|  12.01%
 3616s|   600 |    91 |202861 | 311.5 |   952M |  56 | 729 |  88k|  87k| 204 |  1 | 533 | 308 | 2.657500e+02 | 6.510000e+02 | 144.97%|  12.95%
 3857s|   700 |    94 |221977 | 294.2 |   974M |  56 | 729 |  88k|  87k| 241 |  0 | 567 | 321 | 2.664167e+02 | 6.510000e+02 | 144.35%|  13.01%
 4279s|   800 |   150 |269575 | 317.0 |  1018M |  56 | 729 |  88k|  87k| 253 |  0 | 725 | 344 | 2.670833e+02 | 6.510000e+02 | 143.74%|  14.52%
 4918s|   900 |   198 |336314 | 356.0 |  1106M |  56 | 729 |  88k|  87k| 338 |  0 | 799 | 378 | 2.695000e+02 | 6.510000e+02 | 141.56%|  14.55%
 5622s|  1000 |   215 |401540 | 385.6 |  1106M |  56 | 729 |  88k|  87k| 341 |  1 | 831 | 433 | 2.715000e+02 | 6.510000e+02 | 139.78%|  14.55%
 5627s|  1100 |   215 |402452 | 351.4 |  1106M |  59 | 729 |  88k|  87k| 353 |  0 | 833 | 433 | 2.715000e+02 | 6.510000e+02 | 139.78%|  14.55%
 6074s|  1200 |   231 |459147 | 369.3 |  1110M |  59 | 729 |  88k|  87k| 366 |  0 | 844 | 484 | 2.735000e+02 | 6.510000e+02 | 138.03%|  14.56%
 6377s|  1300 |   245 |491458 | 365.8 |  1110M |  59 | 729 |  88k|  87k| 373 |  0 | 871 | 509 | 2.743333e+02 | 6.510000e+02 | 137.30%|  14.56%
 6382s|  1400 |   244 |492473 | 340.4 |  1110M |  59 | 729 |  88k|  87k| 375 |  0 | 898 | 509 | 2.743333e+02 | 6.510000e+02 | 137.30%|  14.56%
 6701s|  1500 |   256 |530173 | 342.8 |  1110M |  59 | 729 |  88k|  87k| 379 |  1 | 921 | 526 | 2.756667e+02 | 6.510000e+02 | 136.15%|  14.57%
 time | node  | left  |LP iter|LP it/n|mem/heur|mdpt |vars |cons |rows |cuts |sepa|confs|strbr|  dualbound   | primalbound  |  gap   | compl. 
 7032s|  1600 |   293 |558460 | 339.1 |  1120M |  60 | 729 |  88k|  87k| 429 |  1 | 961 | 536 | 2.761667e+02 | 6.510000e+02 | 135.73%|  15.39%

SCIP Status        : solving was interrupted [time limit reached]
Solving Time (sec) : 7200.04
Solving Nodes      : 1672
Primal Bound       : +6.51000000000000e+02 (301 solutions)
Dual Bound         : +2.76833333333333e+02
Gap                : 135.16 %
SCIP Status        : solving was interrupted [time limit reached]
Total Time         :    7200.45
  solving          :    7200.04
  presolving       :       3.30 (included in solving)
  reading          :       0.41
  copying          :       1.30 (11 #copies) (minimal 0.11, maximal 0.13, average 0.12)
Original Problem   :
  Problem name     : sts729
  Variables        : 729 (729 binary, 0 integer, 0 implicit integer, 0 continuous)
  Constraints      : 88452 initial, 88452 maximal
  Objective        : minimize, 729 non-zeros (abs.min = 1, abs.max = 1)
Presolved Problem  :
  Problem name     : t_sts729
  Variables        : 729 (729 binary, 0 integer, 0 implicit integer, 0 continuous)
  Constraints      : 88705 initial, 88718 maximal
  Objective        : minimize, 729 non-zeros (abs.min = 1, abs.max = 1)
  Nonzeros         : 417636 constraint, 2 clique table
Presolvers         :   ExecTime  SetupTime  Calls  FixedVars   AggrVars   ChgTypes  ChgBounds   AddHoles    DelCons    AddCons   ChgSides   ChgCoefs
  boundshift       :       0.00       0.00      0          0          0          0          0          0          0          0          0          0
  convertinttobin  :       0.00       0.00      0          0          0          0          0          0          0          0          0          0
  domcol           :       0.04       0.00      2          0          0          0          0          0          0          0          0          0
  dualagg          :       0.00       0.00      0          0          0          0          0          0          0          0          0          0
  dualcomp         :       0.00       0.00      0          0          0          0          0          0          0          0          0          0
  dualinfer        :       0.00       0.00      0          0          0          0          0          0          0          0          0          0
  dualsparsify     :       0.58       0.00      1          0          0          0          0          0          0          0          0          0
  gateextraction   :       0.00       0.00      0          0          0          0          0          0          0          0          0          0
  implics          :       0.00       0.00      3          0          0          0          0          0          0          0          0          0
  inttobinary      :       0.00       0.00      0          0          0          0          0          0          0          0          0          0
  qpkktref         :       0.00       0.00      0          0          0          0          0          0          0          0          0          0
  redvub           :       0.00       0.00      0          0          0          0          0          0          0          0          0          0
  sparsify         :       0.07       0.00      1          0          0          0          0          0          0          0          0          0
  stuffing         :       0.00       0.00      0          0          0          0          0          0          0          0          0          0
  trivial          :       0.00       0.00      3          0          0          0          0          0          0          0          0          0
  tworowbnd        :       0.00       0.00      0          0          0          0          0          0          0          0          0          0
  dualfix          :       0.00       0.00      3          0          0          0          0          0          0          0          0          0
  genvbounds       :       0.00       0.00      0          0          0          0          0          0          0          0          0          0
  probing          :       0.03       0.00      1          0          0          0          0          0          0          0          0          0
  pseudoobj        :       0.00       0.00      1          0          0          0          0          0          0          0          0          0
  symmetry         :       1.96       0.00      1          0          0          0          0          0          0        253          0          0
  vbounds          :       0.00       0.00      0          0          0          0          0          0          0          0          0          0
  setppc           :       0.00       0.00      0          0          0          0          0          0          0          0          0          0
  linear           :       0.29       0.05      2          0          0          0          0          0          0          0          0          0
  orbisack         :       0.00       0.00      1          0          0          0          0          0          0          0          0          0
  symretope        :       0.00       0.00      1          0          0          0          0          0          0          0          0          0
  logicor          :       0.13       0.09      6          0          0          0          0          0          0          0          0          0
  benders          :       0.00       0.00      0          0          0          0          0          0          0          0          0          0
  components       :       0.04       0.00      1          0          0          0          0          0          0          0          0          0
  root node        :          -          -      -          6          -          -          6          -          -          -          -          -
Constraints        :     Number  MaxNumber  #Separate #Propagate    #EnfoLP    #EnfoRelax  #EnfoPS    #Check   #ResProp    Cutoffs    DomReds       Cuts    Applied      Conss   Children
  benderslp        :          0          0          0          0       1047          0          0        381          0          0          0          0          0          0          0
  integral         :          0          0          0          0       1047          0          0        381          0          0         36          0          0          2       2074
  setppc           :          0+         1          4         18          0          0          0          0        174          0          2          1          0          0          0
  orbisack         :         75         75          0        571          0          0          0        376       1171         77        282          0          0          0          0
  symretope        :        178        178          0       2618          0          0          0        376       2378        105        806          0          0          0          0
  logicor          :      88452+     88465         22       5598          3          0          0        376       7527         63      14544          0          0          0          0
  benders          :          0          0          0          0          3          0          0        304          0          0          0          0          0          0          0
  countsols        :          0          0          0          0          3          0          0        304          0          0          0          0          0          0          0
  components       :          0          0          0          0          0          0          0          0          0          0          0          0          0          0          0
Constraint Timings :  TotalTime  SetupTime   Separate  Propagate     EnfoLP     EnfoPS     EnfoRelax   Check    ResProp    SB-Prop
  benderslp        :       0.00       0.00       0.00       0.00       0.00       0.00       0.00       0.00       0.00       0.00
  integral         :    2665.15       0.00       0.00       0.00    2665.13       0.00       0.00       0.02       0.00       0.00
  setppc           :       0.00       0.00       0.00       0.00       0.00       0.00       0.00       0.00       0.00       0.00
  orbisack         :       0.06       0.00       0.00       0.05       0.00       0.00       0.00       0.00       0.00       0.01
  symretope        :       0.47       0.00       0.00       0.44       0.00       0.00       0.00       0.00       0.01       0.03
  logicor          :       4.06       0.09       0.36       2.65       0.00       0.00       0.00       0.76       0.01       0.19
  benders          :       0.00       0.00       0.00       0.00       0.00       0.00       0.00       0.00       0.00       0.00
  countsols        :       0.00       0.00       0.00       0.00       0.00       0.00       0.00       0.00       0.00       0.00
  components       :       0.00       0.00       0.00       0.00       0.00       0.00       0.00       0.00       0.00       0.00
Propagators        : #Propagate   #ResProp    Cutoffs    DomReds
  dualfix          :          5          0          0          0
  genvbounds       :          0          0          0          0
  nlobbt           :          0          0          0          0
  obbt             :          0          0          0          0
  probing          :          0          0          0          0
  pseudoobj        :       4840          0          0          0
  redcost          :         23          0          0          0
  rootredcost      :          7          0          0          0
  symmetry         :          0          0          0          0
  vbounds          :          0          0          0          0
Propagator Timings :  TotalTime  SetupTime   Presolve  Propagate    ResProp    SB-Prop
  dualfix          :       0.00       0.00       0.00       0.00       0.00       0.00
  genvbounds       :       0.00       0.00       0.00       0.00       0.00       0.00
  nlobbt           :       0.00       0.00       0.00       0.00       0.00       0.00
  obbt             :       0.00       0.00       0.00       0.00       0.00       0.00
  probing          :       0.03       0.00       0.03       0.00       0.00       0.00
  pseudoobj        :       0.01       0.00       0.00       0.01       0.00       0.00
  redcost          :       0.00       0.00       0.00       0.00       0.00       0.00
  rootredcost      :       0.00       0.00       0.00       0.00       0.00       0.00
  symmetry         :       1.97       0.00       1.96       0.00       0.00       0.00
  vbounds          :       0.00       0.00       0.00       0.00       0.00       0.00
Orbital fixing     :
  vars fixed to 0  :          0
  vars fixed to 1  :          0
Conflict Analysis  :       Time      Calls    Success    DomReds  Conflicts   Literals    Reconvs ReconvLits   Dualrays   Nonzeros   LP Iters   (pool size: [10000,10000])
  propagation      :       0.03        244        242          -       2761       57.0         21       27.7          -          -          -
  infeasible LP    :       0.00          0          0          -          0        0.0          0        0.0          0        0.0          0
  bound exceed. LP :       0.03         34          0          -          0        0.0          0        0.0          0        0.0          0
  strong branching :       0.00          0          0          -          0        0.0          0        0.0          -          -          0
  pseudo solution  :       0.00          0          0          -          0        0.0          0        0.0          -          -          -
  applied globally :       0.00          -          -          0       1026       43.7          -          -          0          -          -
  applied locally  :          -          -          -          0          0        0.0          -          -          0          -          -
Separators         :   ExecTime  SetupTime      Calls  RootCalls    Cutoffs    DomReds  FoundCuts ViaPoolAdd  DirectAdd    Applied ViaPoolApp  DirectApp      Conss
  cut pool         :       0.54          -        307         41          -          -       4237       1932          -          -          -          -          -    (maximal pool size:       2971)
  aggregation      :       1.46       0.00        116         22          0          0          0          0          0          0          0          0          0
  > cmir           :          -          -          -          -          -          -          -          0          0          0          0          0          -
  > flowcover      :          -          -          -          -          -          -          -          0          0          0          0          0          -
  > knapsackcover  :          -          -          -          -          -          -          -          0          0          0          0          0          -
  cgmip            :       0.00       0.00          0          0          0          0          0          0          0          0          0          0          0
  clique           :       0.00       0.00          1          1          0          0          0          0          0          0          0          0          0
  closecuts        :       0.00       0.00          0          0          0          0          0          0          0          0          0          0          0
  convexproj       :       0.00       0.00          0          0          0          0          0          0          0          0          0          0          0
  disjunctive      :       0.00       0.00          0          0          0          0          0          0          0          0          0          0          0
  eccuts           :       0.00       0.00          0          0          0          0          0          0          0          0          0          0          0
  gauge            :       0.00       0.00          0          0          0          0          0          0          0          0          0          0          0
  gomory           :     408.59       0.00         95         10          0          0       3987       1518         16        181        166         15          0
  > gomorymi       :          -          -          -          -          -          -          -        592          8         31         23          8          -
  > strongcg       :          -          -          -          -          -          -          -        926          8        150        143          7          -
  impliedbounds    :       0.00       0.00        116         22          0          0          1          1          0          1          1          0          0
  interminor       :       0.00       0.00          0          0          0          0          0          0          0          0          0          0          0
  intobj           :       0.00       0.00          0          0          0          0          0          0          0          0          0          0          0
  mcf              :       0.00       0.00          0          0          0          0          0          0          0          0          0          0          0
  minor            :       0.00       0.00          0          0          0          0          0          0          0          0          0          0          0
  mixing           :       0.00       0.00          0          0          0          0          0          0          0          0          0          0          0
  oddcycle         :       0.00       0.00          0          0          0          0          0          0          0          0          0          0          0
  rapidlearning    :       0.13       0.00          0          0          0          0          0          0          0          0          0          0          0
  rlt              :       0.00       0.00         10         10          0          0          0          0          0          0          0          0          0
  zerohalf         :      81.44       0.00        105         20          0          0        265        413          0        274        274          0          0
Cutselectors       :   ExecTime  SetupTime      Calls  RootCalls   Selected     Forced   Filtered  RootSelec   RootForc   RootFilt 
  hybrid           :       0.01       0.00        133         19        441          0       1491         46          0        865
Pricers            :   ExecTime  SetupTime      Calls       Vars
  problem variables:       0.00          -          0          0
Branching Rules    :   ExecTime  SetupTime   BranchLP  BranchExt   BranchPS    Cutoffs    DomReds       Cuts      Conss   Children
  allfullstrong    :       0.00       0.00          0          0          0          0          0          0          0          0
  cloud            :       0.00       0.00          0          0          0          0          0          0          0          0
  distribution     :       0.00       0.00          0          0          0          0          0          0          0          0
  fullstrong       :       0.00       0.00          0          0          0          0          0          0          0          0
  inference        :       0.00       0.00          0          0          0          0          0          0          0          0
  leastinf         :       0.00       0.00          0          0          0          0          0          0          0          0
  lookahead        :       0.00       0.00          0          0          0          0          0          0          0          0
  mostinf          :       0.00       0.00          0          0          0          0          0          0          0          0
  multaggr         :       0.00       0.00          0          0          0          0          0          0          0          0
  nodereopt        :       0.00       0.00          0          0          0          0          0          0          0          0
  pscost           :       0.00       0.00          0          0          0          0          0          0          0          0
  random           :       0.00       0.00          0          0          0          0          0          0          0          0
  relpscost        :    2665.13       0.00       1044          0          0          0         36          0          2       2074
  vanillafullstrong:       0.00       0.00          0          0          0          0          0          0          0          0
Primal Heuristics  :   ExecTime  SetupTime      Calls      Found       Best
  LP solutions     :       0.00          -          -          3          3
  relax solutions  :       0.00          -          -          0          0
  pseudo solutions :       0.00          -          -          0          0
  strong branching :       0.00          -          -          0          0
  actconsdiving    :       0.00       0.00          0          0          0
  adaptivediving   :      88.66       0.00          3          0          0
  alns             :       1.53       0.00          5          0          0
  bound            :       0.00       0.00          0          0          0
  clique           :       0.00       0.00          0          0          0
  coefdiving       :       0.00       0.00          0          0          0
  completesol      :       0.00       0.00          0          0          0
  conflictdiving   :      76.35       0.00          8          0          0
  crossover        :       0.62       0.00          2          0          0
  dins             :       0.00       0.00          0          0          0
  distributiondivin:      19.62       0.00          7          0          0
  dps              :       0.00       0.00          0          0          0
  dualval          :       0.00       0.00          0          0          0
  farkasdiving     :       0.00       0.00          0          0          0
  feaspump         :     100.70       0.00          1          1          0
  fixandinfer      :       0.00       0.00          0          0          0
  fracdiving       :       2.43       0.00          8          0          0
  gins             :       0.15       0.00          0          0          0
  guideddiving     :      11.30       0.00          8          0          0
  indicator        :       0.00       0.00          0          0          0
  intdiving        :       0.00       0.00          0          0          0
  intshifting      :       0.00       0.00          0          0          0
  linesearchdiving :      53.92       0.00          8          0          0
  localbranching   :       0.00       0.00          0          0          0
  locks            :       0.34       0.00          1          0          0
  lpface           :       0.00       0.00          0          0          0
  mpec             :       0.00       0.00          0          0          0
  multistart       :       0.00       0.00          0          0          0
  mutation         :       0.00       0.00          0          0          0
  nlpdiving        :       0.00       0.00          0          0          0
  objpscostdiving  :     468.84       0.00          5          1          0
  octane           :       0.00       0.00          0          0          0
  ofins            :       0.00       0.00          0          0          0
  oneopt           :       0.09       0.00          6          2          2
  padm             :       0.00       0.00          0          0          0
  proximity        :       0.00       0.00          0          0          0
  pscostdiving     :     113.47       0.00          8          0          0
  randrounding     :       0.52       0.00         96          1          0
  rens             :       0.00       0.00          0          0          0
  reoptsols        :       0.00       0.00          0          0          0
  repair           :       0.00       0.00          0          0          0
  rins             :      24.18       0.00          5          5          0
  rootsoldiving    :     140.92       0.00          5          1          0
  rounding         :       8.30       0.00        425          0          0
  shiftandpropagate:       0.00       0.00          0          0          0
  shifting         :       6.21       0.00        204          1          0
  simplerounding   :       0.00       0.00       1182          0          0
  subnlp           :       0.00       0.00          0          0          0
  trivial          :       0.02       0.00          2          1          1
  trivialnegation  :       0.00       0.00          0          0          0
  trustregion      :       0.00       0.00          0          0          0
  trysol           :       0.00       0.00          0          0          0
  twoopt           :       0.00       0.00          0          0          0
  undercover       :       0.00       0.00          0          0          0
  vbounds          :       0.00       0.00          0          0          0
  veclendiving     :       8.69       0.00          8          0          0
  zeroobj          :       0.00       0.00          0          0          0
  zirounding       :      15.57       0.00       1036        285          2
  other solutions  :          -          -          -          0          -
LP                 :       Time      Calls Iterations  Iter/call   Iter/sec  Time-0-It Calls-0-It    ItLimit
  primal LP        :     111.41         84          0       0.00       0.00     111.41         84
  dual LP          :    2771.12       1711     454430     265.75     163.99       0.01          1
  lex dual LP      :       0.00          0          0       0.00          -
  barrier LP       :       0.00          0          0       0.00          -       0.00          0
  resolve instable :       0.00          0          0       0.00          -
  diving/probing LP:    1072.07       2561     125951      49.18     117.48
  strong branching :    2656.68        541     348369     643.94     131.13          -          -        499
    (at root node) :          -         34      20352     598.59          -
  conflict analysis:       0.00          0          0       0.00          -
B&B Tree           :
  number of runs   :          1
  nodes            :       1672 (1037 internal, 635 leaves)
  feasible leaves  :          3
  infeas. leaves   :        103
  objective leaves :        529
  nodes (total)    :       1672 (1037 internal, 635 leaves)
  nodes left       :        333
  max depth        :         60
  max depth (total):         60
  backtracks       :        298 (17.8%)
  early backtracks :          0 (0.0%)
  nodes exc. ref.  :          0 (0.0%)
  delayed cutoffs  :         64
  repropagations   :        403 (1016 domain reductions, 41 cutoffs)
  avg switch length:       3.98
  switching time   :     103.27
Root Node          :
  First LP value   : +2.43000000000000e+02
  First LP Iters   :      10126 (1057.94 Iter/sec)
  First LP Time    :       9.57
  Final Dual Bound : +2.52583333333333e+02
  Final Root Iters :      16300
  Root LP Estimate : +7.23793125266121e+02
Solution           :
  Solutions found  :        301 (8 improvements)
  First Solution   : +7.29000000000000e+02   (in run 1, after 0 nodes, 0.16 seconds, depth 0, found by <trivial>)
  Gap First Sol.   :   infinite
  Gap Last Sol.    :     144.97 %
  Primal Bound     : +6.51000000000000e+02   (in run 1, after 461 nodes, 3560.77 seconds, depth 56, found by <relaxation>)
  Dual Bound       : +2.76833333333333e+02
  Gap              :     135.16 %
Integrals          :      Total       Avg%
  primal-dual      :  432234.86      60.03
  primal-ref       :          -          - (not evaluated)
  dual-ref         :          -          - (not evaluated)
written solution information to file <results/final_miplib_symretope_if_extended_generating_set_cpx_v802__settings_final_nopeek_norelabel_extend_norestarts__1__sts729.mps.gz.sol>
@04 1686660787
