FILENAME:   /home/mcs001/s132664/testsets/IP/miplib2010/sts405.mps.gz
SETTINGS:   settings_final_nopeek_norelabel_extend_norestarts
TIMELIMIT:  7200
OUTPUTNAME: final_miplib_symretope_if_extended_generating_set_cpx_v802__settings_final_nopeek_norelabel_extend_norestarts__1__
BINNAME:    bin/sbcs.linux.x86_64.gnu.opt.cpx
BASENAME:   sts405.mps.gz
SEED:       1
@01 /home/mcs001/s132664/testsets/IP/miplib2010/sts405.mps.gz ===========
@02 sts405.mps.gz
@03 1686653480
SCIP version 8.0.2 [precision: 8 byte] [memory: block] [mode: optimized] [LP solver: CPLEX 20.1.0.0] [GitHash: 5f0473c]
Copyright (C) 2002-2022 Konrad-Zuse-Zentrum fuer Informationstechnik Berlin (ZIB)

Symretope propagation methods - (c) Jasper van Doornmalen, Christopher Hojny.
[GitHash: 2fd0484]

reading parameter file <../settings/settings_final_nopeek_norelabel_extend_norestarts.set> ...

Changed settings:
limits/time = 7200
limits/restarts = 0
misc/usesymmetry = 1
randomization/randomseedshift = 1
constraints/orbisack/sepafreq = -1
constraints/symresack/sepafreq = -1
propagating/symmetry/addsymresacks = TRUE
propagating/symmetry/detectsubgroups = FALSE
propagating/symmetry/relabelsymretopes = 0
propagating/symmetry/extendgenerators = TRUE
propagating/symmetry/ofsymcomptiming = 0
constraints/symretope/sepafreq = -1
constraints/symretope/peek = FALSE


solving problem ...

original problem has 405 variables (405 bin, 0 int, 0 impl, 0 cont) and 27270 constraints
feasible solution found by trivial heuristic after 0.0 seconds, objective value 4.050000e+02
presolving:
(round 1, exhaustive) 0 del vars, 0 del conss, 0 add conss, 0 chg bounds, 0 chg sides, 0 chg coeffs, 27270 upgd conss, 0 impls, 0 clqs
   (0.2s) probing: 51/405 (12.6%) - 0 fixings, 0 aggregations, 0 implications, 0 bound changes
   (0.2s) probing aborted: 50/50 successive totally useless probings
   (0.5s) symmetry computation started: requiring (bin +, int +, cont +), (fixed: bin -, int -, cont -)
   (1.3s) symmetry computation finished: 8 generators found (max: 1500, log10 of symmetry group size: 7.3)
(round 2, exhaustive) 0 del vars, 0 del conss, 36 add conss, 0 chg bounds, 0 chg sides, 0 chg coeffs, 27270 upgd conss, 0 impls, 0 clqs
presolving (3 rounds: 3 fast, 3 medium, 3 exhaustive):
 0 deleted vars, 0 deleted constraints, 36 added constraints, 0 tightened bounds, 0 added holes, 0 changed sides, 0 changed coefficients
 0 implications, 0 cliques
presolved problem has 405 variables (405 bin, 0 int, 0 impl, 0 cont) and 27306 constraints
     10 constraints of type <orbisack>
     26 constraints of type <symretope>
  27270 constraints of type <logicor>
transformed objective value is always integral (scale: 1)
Presolving Time: 1.31
transformed 1/1 original solutions to the transformed problem space

 time | node  | left  |LP iter|LP it/n|mem/heur|mdpt |vars |cons |rows |cuts |sepa|confs|strbr|  dualbound   | primalbound  |  gap   | compl. 
i 1.5s|     1 |     0 |     0 |     - |  oneopt|   0 | 405 |  27k|  29k|   0 |  0 |   0 |   0 | 0.000000e+00 | 3.570000e+02 |    Inf | unknown
  2.9s|     1 |     0 |  1803 |     - |   188M |   0 | 405 |  27k|  29k|   0 |  0 |   0 |   0 | 1.350000e+02 | 3.570000e+02 | 164.44%| unknown
  3.2s|     1 |     0 |  1858 |     - |   202M |   0 | 405 |  27k|  29k|   2 |  1 |   5 |   0 | 1.360000e+02 | 3.570000e+02 | 162.50%| unknown
  4.2s|     1 |     0 |  2171 |     - |   214M |   0 | 405 |  27k|  29k|   5 |  2 |   8 |   0 | 1.375733e+02 | 3.570000e+02 | 159.50%| unknown
  5.1s|     1 |     0 |  2172 |     - |   219M |   0 | 405 |  27k|  28k|   6 |  3 |  10 |   0 | 1.375733e+02 | 3.570000e+02 | 159.50%| unknown
  5.8s|     1 |     0 |  2289 |     - |   226M |   0 | 405 |  27k|  28k|   8 |  4 |  12 |   0 | 1.378799e+02 | 3.570000e+02 | 158.92%| unknown
  6.7s|     1 |     0 |  2399 |     - |   232M |   0 | 405 |  27k|  28k|   9 |  5 |  15 |   0 | 1.379742e+02 | 3.570000e+02 | 158.74%| unknown
  7.5s|     1 |     0 |  2503 |     - |   238M |   0 | 405 |  27k|  28k|  11 |  6 |  16 |   0 | 1.380890e+02 | 3.570000e+02 | 158.53%| unknown
  8.7s|     1 |     0 |  2756 |     - |   244M |   0 | 405 |  27k|  28k|  14 |  7 |  25 |   0 | 1.384035e+02 | 3.570000e+02 | 157.94%| unknown
  9.6s|     1 |     0 |  2906 |     - |   251M |   0 | 405 |  27k|  28k|  16 |  8 |  35 |   0 | 1.385613e+02 | 3.570000e+02 | 157.65%| unknown
 10.6s|     1 |     0 |  3057 |     - |   256M |   0 | 405 |  27k|  28k|  18 |  9 |  37 |   0 | 1.386932e+02 | 3.570000e+02 | 157.40%| unknown
 11.9s|     1 |     0 |  3412 |     - |   261M |   0 | 405 |  27k|  28k|  20 | 10 |  39 |   0 | 1.388713e+02 | 3.570000e+02 | 157.07%| unknown
 12.7s|     1 |     0 |  3458 |     - |   264M |   0 | 405 |  27k|  27k|  21 | 11 |  47 |   0 | 1.389028e+02 | 3.570000e+02 | 157.01%| unknown
 14.0s|     1 |     0 |  3514 |     - |   267M |   0 | 405 |  27k|  27k|  22 | 12 |  49 |   0 | 1.389318e+02 | 3.570000e+02 | 156.96%| unknown
 14.8s|     1 |     0 |  3679 |     - |   270M |   0 | 405 |  27k|  27k|  23 | 13 |  58 |   0 | 1.389917e+02 | 3.570000e+02 | 156.85%| unknown
 time | node  | left  |LP iter|LP it/n|mem/heur|mdpt |vars |cons |rows |cuts |sepa|confs|strbr|  dualbound   | primalbound  |  gap   | compl. 
 15.4s|     1 |     0 |  3783 |     - |   273M |   0 | 405 |  27k|  27k|  24 | 14 |  59 |   0 | 1.391686e+02 | 3.570000e+02 | 156.52%| unknown
 15.8s|     1 |     0 |  3805 |     - |   275M |   0 | 405 |  27k|  27k|  25 | 15 |  69 |   0 | 1.391897e+02 | 3.570000e+02 | 156.48%| unknown
 16.4s|     1 |     0 |  3931 |     - |   278M |   0 | 405 |  27k|  27k|  26 | 16 |  73 |   0 | 1.392949e+02 | 3.570000e+02 | 156.29%| unknown
 17.5s|     1 |     0 |  4012 |     - |   281M |   0 | 405 |  27k|  27k|  28 | 17 |  83 |   0 | 1.394646e+02 | 3.570000e+02 | 155.98%| unknown
 18.5s|     1 |     0 |  4090 |     - |   281M |   0 | 405 |  27k|  27k|  29 | 18 |  93 |   0 | 1.394927e+02 | 3.570000e+02 | 155.93%| unknown
 19.3s|     1 |     0 |  4171 |     - |   282M |   0 | 405 |  27k|  27k|  31 | 19 | 103 |   0 | 1.396671e+02 | 3.570000e+02 | 155.61%| unknown
 19.9s|     1 |     0 |  4275 |     - |   282M |   0 | 405 |  27k|  27k|  32 | 20 | 108 |   0 | 1.398483e+02 | 3.570000e+02 | 155.28%| unknown
 20.0s|     1 |     0 |  4275 |     - |   282M |   0 | 405 |  27k|  27k|  32 | 22 | 115 |   0 | 1.398483e+02 | 3.570000e+02 | 155.28%| unknown
 52.0s|     1 |     2 |  9066 |     - |   283M |   0 | 405 |  27k|  27k|  32 | 24 | 130 |  20 | 1.404732e+02 | 3.570000e+02 | 154.14%| unknown
  319s|   100 |    88 | 28764 | 247.4 |   322M |  21 | 405 |  27k|  27k| 109 |  1 | 174 | 388 | 1.440833e+02 | 3.570000e+02 | 147.77%|   8.27%
  401s|   200 |   188 | 58189 | 270.9 |   370M |  25 | 405 |  27k|  27k| 180 |  1 | 236 | 400 | 1.453333e+02 | 3.570000e+02 | 145.64%|   8.46%
  419s|   300 |   276 | 64054 | 199.9 |   380M |  34 | 405 |  27k|  27k| 220 |  1 | 321 | 446 | 1.453333e+02 | 3.570000e+02 | 145.64%|   8.54%
  441s|   400 |   335 | 71659 | 168.9 |   384M |  34 | 405 |  27k|  27k| 254 |  1 | 357 | 477 | 1.460000e+02 | 3.570000e+02 | 144.52%|   8.64%
  502s|   500 |   390 | 83225 | 158.2 |   385M |  34 | 405 |  27k|   0 | 313 |  0 | 396 | 498 | 1.471667e+02 | 3.570000e+02 | 142.58%|   8.84%
  549s|   600 |   442 | 99868 | 159.6 |   393M |  45 | 405 |  27k|  27k| 366 |  1 | 496 | 509 | 1.509167e+02 | 3.570000e+02 | 136.55%|   9.49%
 time | node  | left  |LP iter|LP it/n|mem/heur|mdpt |vars |cons |rows |cuts |sepa|confs|strbr|  dualbound   | primalbound  |  gap   | compl. 
  583s|   700 |   446 |107221 | 147.3 |   427M |  45 | 405 |  27k|  27k| 449 |  1 | 667 | 517 | 1.515833e+02 | 3.570000e+02 | 135.51%|   9.59%
r 588s|   764 |   447 |108264 | 136.3 |ziroundi|  45 | 405 |  27k|  27k| 457 |  1 | 776 | 517 | 1.515833e+02 | 3.560000e+02 | 134.85%|   9.59%
i 588s|   766 |   444 |108264 | 135.9 |  oneopt|  45 | 405 |  27k|  27k| 457 |  0 | 786 | 517 | 1.515833e+02 | 3.530000e+02 | 132.88%|   9.59%
  591s|   800 |   457 |109127 | 131.2 |   430M |  45 | 405 |  27k|   0 | 457 |  0 | 866 | 517 | 1.515833e+02 | 3.530000e+02 | 132.88%|   9.63%
  667s|   900 |   492 |140465 | 151.5 |   470M |  45 | 405 |  27k|   0 | 457 |  0 |1045 | 544 | 1.540000e+02 | 3.530000e+02 | 129.22%|   9.65%
  695s|  1000 |   512 |151637 | 147.5 |   477M |  45 | 405 |  27k|   0 | 502 |  0 |1206 | 552 | 1.553333e+02 | 3.530000e+02 | 127.25%|   9.66%
  747s|  1100 |   542 |174240 | 154.7 |   499M |  45 | 405 |  27k|   0 | 547 |  0 |1337 | 584 | 1.573333e+02 | 3.530000e+02 | 124.36%|   9.71%
L 763s|  1116 |   550 |179543 | 157.2 |    rins|  45 | 405 |  27k|  27k| 548 |  1 |1362 | 590 | 1.586667e+02 | 3.510000e+02 | 121.22%|   9.72%
i 763s|  1117 |   551 |179629 | 157.1 |  oneopt|  45 | 405 |  27k|  27k| 548 |  1 |1362 | 590 | 1.586667e+02 | 3.490000e+02 | 119.96%|   9.72%
  793s|  1200 |   566 |194443 | 158.6 |   510M |  50 | 405 |  27k|  27k| 582 |  1 |1488 | 600 | 1.610000e+02 | 3.490000e+02 | 116.77%|   9.73%
  822s|  1300 |   594 |208834 | 157.5 |   515M |  50 | 405 |  28k|  27k| 624 |  1 |1645 | 609 | 1.623333e+02 | 3.490000e+02 | 114.99%|   9.81%
  855s|  1400 |   649 |224426 | 157.4 |   517M |  50 | 405 |  28k|   0 | 636 |  0 |1913 | 623 | 1.636667e+02 | 3.490000e+02 | 113.24%|   9.87%
  893s|  1500 |   701 |244393 | 160.2 |   521M |  50 | 405 |  28k|   0 | 669 |  0 |2086 | 642 | 1.656667e+02 | 3.490000e+02 | 110.66%|   9.95%
  957s|  1600 |   727 |264392 | 162.7 |   556M |  50 | 405 |  28k|  27k| 737 |  1 |2256 | 663 | 1.673333e+02 | 3.490000e+02 | 108.57%|   9.95%
  987s|  1700 |   778 |278587 | 161.5 |   557M |  50 | 405 |  28k|  27k| 762 |  1 |2511 | 686 | 1.686667e+02 | 3.490000e+02 | 106.92%|  10.07%
 time | node  | left  |LP iter|LP it/n|mem/heur|mdpt |vars |cons |rows |cuts |sepa|confs|strbr|  dualbound   | primalbound  |  gap   | compl. 
 1020s|  1800 |   799 |294865 | 161.5 |   558M |  50 | 405 |  28k|  27k| 803 |  1 |2664 | 728 | 1.766667e+02 | 3.490000e+02 |  97.55%|  10.07%
 1049s|  1900 |   811 |306765 | 159.3 |   570M |  50 | 405 |  28k|  27k| 855 |  1 |2827 | 750 | 1.776667e+02 | 3.490000e+02 |  96.44%|  10.08%
 1051s|  2000 |   808 |308518 | 152.2 |   570M |  50 | 405 |  28k|   0 | 855 |  0 |2988 | 750 | 1.776667e+02 | 3.490000e+02 |  96.44%|  10.08%
 1077s|  2100 |   821 |316500 | 148.7 |   578M |  50 | 405 |  28k|  27k| 907 |  1 |3167 | 773 | 1.790000e+02 | 3.490000e+02 |  94.97%|  10.17%
 1107s|  2200 |   863 |327194 | 146.8 |   581M |  50 | 405 |  28k|  27k| 971 |  1 |3308 | 809 | 1.790000e+02 | 3.490000e+02 |  94.97%|  10.18%
 1133s|  2300 |   897 |336584 | 144.5 |   584M |  50 | 405 |  28k|  27k| 994 |  1 |3403 | 830 | 1.801667e+02 | 3.490000e+02 |  93.71%|  10.21%
 1142s|  2400 |   909 |339230 | 139.6 |   585M |  50 | 405 |  28k|  27k|1050 |  1 |3505 | 830 | 1.801667e+02 | 3.490000e+02 |  93.71%|  10.23%
 1165s|  2500 |   928 |351301 | 138.9 |   617M |  52 | 405 |  28k|  27k|1078 |  1 |3668 | 830 | 1.805000e+02 | 3.490000e+02 |  93.35%|  10.23%
 1197s|  2600 |   959 |366646 | 139.4 |   620M |  55 | 405 |  28k|  27k|1183 |  1 |3771 | 830 | 1.825000e+02 | 3.490000e+02 |  91.23%|  10.24%
 1211s|  2700 |   992 |376143 | 137.8 |   623M |  56 | 405 |  28k|  27k|1203 |  1 |3922 | 830 | 1.831667e+02 | 3.490000e+02 |  90.54%|  10.24%
 1246s|  2800 |  1017 |396308 | 140.1 |   623M |  61 | 405 |  28k|  27k|1203 |  1 |4069 | 830 | 1.858333e+02 | 3.490000e+02 |  87.80%|  10.25%
 1252s|  2900 |  1046 |400827 | 136.8 |   624M |  61 | 405 |  27k|  27k|1236 |  1 |4217 | 830 | 1.858333e+02 | 3.490000e+02 |  87.80%|  11.58%
 1279s|  3000 |  1130 |414153 | 136.7 |   635M |  62 | 405 |  27k|  27k|1275 |  1 |4382 | 830 | 1.871667e+02 | 3.490000e+02 |  86.46%|  11.82%
 1300s|  3100 |  1155 |428775 | 137.0 |   636M |  65 | 405 |  27k|   0 |1276 |  0 |4520 | 830 | 1.888333e+02 | 3.490000e+02 |  84.82%|  11.86%
Restart triggered after 50 consecutive estimations that the remaining tree will be large
 1329s|  3200 |  1193 |449522 | 139.2 |   636M |  71 | 405 |  27k|   0 |1300 |  0 |4594 | 830 | 1.935000e+02 | 3.490000e+02 |  80.36%|  11.86%
 time | node  | left  |LP iter|LP it/n|mem/heur|mdpt |vars |cons |rows |cuts |sepa|confs|strbr|  dualbound   | primalbound  |  gap   | compl. 
 1335s|  3300 |  1210 |454398 | 136.4 |   636M |  72 | 405 |  27k|   0 |1300 |  0 |4725 | 830 | 1.948333e+02 | 3.490000e+02 |  79.13%|  11.88%
 1352s|  3400 |  1230 |461070 | 134.4 |   638M |  73 | 405 |  27k|  27k|1327 |  1 |4894 | 830 | 1.955000e+02 | 3.490000e+02 |  78.52%|  11.88%
 1387s|  3500 |  1270 |474418 | 134.4 |   638M |  76 | 405 |  27k|  27k|1394 |  1 |5031 | 832 | 1.980000e+02 | 3.490000e+02 |  76.26%|  11.97%
 1422s|  3600 |  1303 |484419 | 133.4 |   660M |  77 | 405 |  27k|   0 |1450 |  0 |5197 | 832 | 1.986667e+02 | 3.490000e+02 |  75.67%|  11.97%
 1436s|  3700 |  1347 |494274 | 132.5 |   660M |  79 | 405 |  27k|  27k|1468 |  1 |5334 | 832 | 2.000000e+02 | 3.490000e+02 |  74.50%|  13.25%
 1452s|  3800 |  1402 |498209 | 130.0 |   660M |  79 | 405 |  27k|  27k|1514 |  1 |5577 | 846 | 2.000000e+02 | 3.490000e+02 |  74.50%|  13.27%
 1485s|  3900 |  1420 |504547 | 128.3 |   661M |  81 | 405 |  27k|  27k|1584 |  1 |5714 | 878 | 2.006667e+02 | 3.490000e+02 |  73.92%|  13.44%
 1495s|  4000 |  1440 |507457 | 125.8 |   663M |  81 | 405 |  27k|   0 |1622 |  0 |5907 | 878 | 2.006667e+02 | 3.490000e+02 |  73.92%|  13.48%
 1517s|  4100 |  1452 |517135 | 125.1 |   668M |  83 | 405 |  27k|   0 |1653 |  0 |6023 | 893 | 2.024444e+02 | 3.490000e+02 |  72.39%|  13.57%
 1547s|  4200 |  1487 |523544 | 123.7 |   709M |  83 | 405 |  27k|  27k|1724 |  1 |6177 | 931 | 2.026667e+02 | 3.490000e+02 |  72.20%|  13.69%
 1558s|  4300 |  1501 |526196 | 121.4 |   709M |  83 | 405 |  27k|   0 |1777 |  0 |6329 | 936 | 2.026667e+02 | 3.490000e+02 |  72.20%|  14.09%
 1606s|  4400 |  1543 |539010 | 121.6 |   709M |  85 | 405 |  27k|   0 |1816 |  0 |6409 | 966 | 2.033333e+02 | 3.490000e+02 |  71.64%|  15.46%
 1615s|  4500 |  1561 |544491 | 120.1 |   709M |  86 | 405 |  27k|   0 |1826 |  0 |6495 | 966 | 2.037857e+02 | 3.490000e+02 |  71.26%|  15.47%
 1639s|  4600 |  1589 |549222 | 118.5 |   709M |  86 | 405 |  27k|  27k|1867 |  1 |6624 | 966 | 2.040000e+02 | 3.490000e+02 |  71.08%|  15.50%
 1654s|  4700 |  1631 |553830 | 117.0 |   711M |  86 | 405 |  27k|  27k|1884 |  1 |6764 | 966 | 2.040000e+02 | 3.490000e+02 |  71.08%|  15.57%
 time | node  | left  |LP iter|LP it/n|mem/heur|mdpt |vars |cons |rows |cuts |sepa|confs|strbr|  dualbound   | primalbound  |  gap   | compl. 
 1690s|  4800 |  1670 |561884 | 116.2 |   711M |  87 | 405 |  27k|  27k|1973 |  1 |6887 | 979 | 2.043333e+02 | 3.490000e+02 |  70.80%|  15.77%
 1701s|  4900 |  1674 |564082 | 114.3 |   711M |  87 | 405 |  27k|   0 |1992 |  0 |7024 | 979 | 2.044583e+02 | 3.490000e+02 |  70.69%|  15.79%
 1722s|  5000 |  1693 |567574 | 112.7 |   758M |  87 | 405 |  27k|   0 |2035 |  0 |7207 | 979 | 2.046667e+02 | 3.490000e+02 |  70.52%|  15.94%
 1757s|  5100 |  1724 |574162 | 111.8 |   776M |  87 | 405 |  27k|  27k|2098 |  1 |7354 | 990 | 2.046667e+02 | 3.490000e+02 |  70.52%|  15.99%
 1807s|  5200 |  1792 |579543 | 110.6 |   776M |  87 | 405 |  27k|  27k|2167 |  1 |7485 |1009 | 2.046667e+02 | 3.490000e+02 |  70.52%|  16.36%
 1826s|  5300 |  1810 |585375 | 109.7 |   778M |  88 | 405 |  27k|  27k|2176 |  1 |7615 |1022 | 2.046667e+02 | 3.490000e+02 |  70.52%|  16.37%
 1832s|  5400 |  1817 |587169 | 108.0 |   778M |  88 | 405 |  27k|   0 |2181 |  0 |7762 |1022 | 2.046667e+02 | 3.490000e+02 |  70.52%|  16.37%
 1842s|  5500 |  1830 |589856 | 106.5 |   816M |  88 | 405 |  27k|  27k|2224 |  6 |7888 |1022 | 2.047708e+02 | 3.490000e+02 |  70.43%|  16.37%
 1851s|  5600 |  1840 |592618 | 105.1 |   816M |  88 | 405 |  27k|  27k|2257 |  1 |7989 |1022 | 2.048333e+02 | 3.490000e+02 |  70.38%|  16.37%
 1858s|  5700 |  1849 |594475 | 103.6 |   817M |  88 | 405 |  27k|  27k|2285 |  1 |8178 |1022 | 2.048333e+02 | 3.490000e+02 |  70.38%|  16.37%
 1885s|  5800 |  1871 |597412 | 102.3 |   817M |  88 | 405 |  27k|  27k|2346 |  1 |8458 |1022 | 2.048889e+02 | 3.490000e+02 |  70.34%|  16.48%
 1918s|  5900 |  1920 |602978 | 101.5 |   839M |  88 | 405 |  27k|  27k|2399 |  1 |8660 |1022 | 2.050000e+02 | 3.490000e+02 |  70.24%|  17.02%
 1934s|  6000 |  1939 |608135 | 100.7 |   839M |  88 | 405 |  27k|  27k|2399 |  1 |8819 |1022 | 2.050625e+02 | 3.490000e+02 |  70.19%|  17.03%
 1953s|  6100 |  1945 |610981 |  99.5 |   839M |  88 | 405 |  28k|  27k|2454 |  3 |8959 |1022 | 2.052222e+02 | 3.490000e+02 |  70.06%|  17.03%
 1980s|  6200 |  1968 |617787 |  99.0 |   839M |  89 | 405 |  27k|  27k|2515 |  1 |9044 |1022 | 2.053333e+02 | 3.490000e+02 |  69.97%|  17.03%
 time | node  | left  |LP iter|LP it/n|mem/heur|mdpt |vars |cons |rows |cuts |sepa|confs|strbr|  dualbound   | primalbound  |  gap   | compl. 
 2003s|  6300 |  1987 |621016 |  97.9 |   885M |  89 | 405 |  27k|  27k|2581 |  1 |9193 |1022 | 2.053333e+02 | 3.490000e+02 |  69.97%|  17.04%
 2032s|  6400 |  1994 |624305 |  96.9 |   888M |  89 | 405 |  27k|  27k|2650 |  1 |9325 |1022 | 2.053333e+02 | 3.490000e+02 |  69.97%|  17.04%
 2050s|  6500 |  2019 |629460 |  96.2 |   888M |  89 | 405 |  27k|   0 |2694 |  0 |9487 |1022 | 2.055000e+02 | 3.490000e+02 |  69.83%|  17.24%
 2068s|  6600 |  2032 |632422 |  95.2 |   888M |  89 | 405 |  28k|   0 |2711 |  0 |9623 |1022 | 2.056667e+02 | 3.490000e+02 |  69.69%|  17.39%
 2093s|  6700 |  2051 |635109 |  94.2 |   916M |  89 | 405 |  28k|   0 |2755 |  0 |9821 |1022 | 2.056667e+02 | 3.490000e+02 |  69.69%|  17.39%
 2106s|  6800 |  2056 |637642 |  93.2 |   916M |  89 | 405 |  28k|   0 |2759 |  0 |9925 |1022 | 2.056667e+02 | 3.490000e+02 |  69.69%|  17.39%
 2114s|  6900 |  2071 |640075 |  92.2 |   916M |  89 | 405 |  28k|   0 |2759 |  0 |  10k|1022 | 2.056667e+02 | 3.490000e+02 |  69.69%|  18.19%
 2139s|  7000 |  2090 |642510 |  91.2 |   916M |  89 | 405 |  28k|  27k|2780 |  9 |  10k|1022 | 2.056667e+02 | 3.490000e+02 |  69.69%|  18.24%
 2158s|  7100 |  2124 |646808 |  90.5 |   916M |  89 | 405 |  28k|  27k|2835 |  1 |  10k|1022 | 2.056667e+02 | 3.490000e+02 |  69.69%|  18.50%
 2171s|  7200 |  2152 |650214 |  89.7 |   971M |  89 | 405 |  28k|  27k|2848 |  1 |  10k|1022 | 2.057059e+02 | 3.490000e+02 |  69.66%|  18.50%
 2181s|  7300 |  2177 |656001 |  89.3 |   971M |  89 | 405 |  28k|  27k|2877 |  1 |  10k|1022 | 2.058333e+02 | 3.490000e+02 |  69.55%|  18.50%
 2201s|  7400 |  2205 |660009 |  88.6 |   971M |  89 | 405 |  28k|  27k|2923 |  1 |  10k|1022 | 2.059091e+02 | 3.490000e+02 |  69.49%|  18.73%
 2215s|  7500 |  2229 |664670 |  88.1 |   971M |  89 | 405 |  28k|  27k|2955 |  1 |  10k|1022 | 2.060000e+02 | 3.490000e+02 |  69.42%|  18.83%
 2238s|  7600 |  2244 |668902 |  87.5 |   972M |  89 | 405 |  28k|  27k|3012 |  1 |  11k|1022 | 2.060000e+02 | 3.490000e+02 |  69.42%|  18.83%
 2247s|  7700 |  2255 |671506 |  86.7 |   972M |  89 | 405 |  28k|  27k|3037 |  1 |  11k|1022 | 2.060000e+02 | 3.490000e+02 |  69.42%|  18.83%
 time | node  | left  |LP iter|LP it/n|mem/heur|mdpt |vars |cons |rows |cuts |sepa|confs|strbr|  dualbound   | primalbound  |  gap   | compl. 
 2278s|  7800 |  2281 |674361 |  85.9 |   972M |  89 | 405 |  28k|  27k|3098 |  1 |  11k|1022 | 2.060000e+02 | 3.490000e+02 |  69.42%|  18.84%
 2282s|  7900 |  2292 |676237 |  85.1 |   972M |  89 | 405 |  28k|  27k|3098 |  1 |  11k|1022 | 2.060000e+02 | 3.490000e+02 |  69.42%|  19.24%
 2327s|  8000 |  2363 |686476 |  85.3 |  1005M |  91 | 405 |  28k|  27k|3197 |  1 |  11k|1022 | 2.061667e+02 | 3.490000e+02 |  69.28%|  19.28%
 2380s|  8100 |  2415 |695068 |  85.3 |  1072M |  91 | 405 |  28k|  27k|3310 |  1 |  11k|1022 | 2.063333e+02 | 3.490000e+02 |  69.14%|  19.32%
 2410s|  8200 |  2469 |701333 |  85.0 |  1074M |  91 | 405 |  28k|  27k|3401 |  1 |  12k|1022 | 2.063333e+02 | 3.490000e+02 |  69.14%|  19.32%
 2420s|  8300 |  2470 |703386 |  84.2 |  1074M |  91 | 405 |  28k|   0 |3435 |  0 |  12k|1022 | 2.063333e+02 | 3.490000e+02 |  69.14%|  19.51%
 2432s|  8400 |  2508 |707982 |  83.8 |  1074M |  91 | 405 |  28k|  27k|3435 |  1 |  12k|1022 | 2.063333e+02 | 3.490000e+02 |  69.14%|  20.16%
 2449s|  8500 |  2538 |710924 |  83.1 |  1074M |  91 | 405 |  28k|  27k|3464 |  1 |  12k|1022 | 2.063333e+02 | 3.490000e+02 |  69.14%|  20.48%
 2462s|  8600 |  2561 |713592 |  82.5 |  1074M |  91 | 405 |  28k|   0 |3518 |  0 |  12k|1022 | 2.063750e+02 | 3.490000e+02 |  69.11%|  20.49%
 2495s|  8700 |  2590 |716342 |  81.9 |  1074M |  91 | 405 |  28k|   0 |3564 |  0 |  12k|1022 | 2.065000e+02 | 3.490000e+02 |  69.01%|  20.58%
 2520s|  8800 |  2606 |718725 |  81.2 |  1074M |  91 | 405 |  28k|   0 |3612 |  0 |  12k|1022 | 2.065000e+02 | 3.490000e+02 |  69.01%|  20.59%
 2554s|  8900 |  2675 |723965 |  80.9 |  1076M |  91 | 405 |  28k|   0 |3653 |  0 |  13k|1022 | 2.066667e+02 | 3.490000e+02 |  68.87%|  20.60%
 2580s|  9000 |  2746 |731829 |  80.8 |  1076M |  92 | 405 |  28k|  27k|3719 |  1 |  13k|1022 | 2.066667e+02 | 3.490000e+02 |  68.87%|  20.69%
 2611s|  9100 |  2788 |735611 |  80.4 |  1076M |  92 | 405 |  28k|  27k|3811 |  1 |  13k|1022 | 2.067222e+02 | 3.490000e+02 |  68.83%|  20.70%
 2643s|  9200 |  2822 |739355 |  79.9 |  1114M |  92 | 405 |  28k|  27k|3861 |  1 |  13k|1043 | 2.068333e+02 | 3.490000e+02 |  68.73%|  20.71%
 time | node  | left  |LP iter|LP it/n|mem/heur|mdpt |vars |cons |rows |cuts |sepa|confs|strbr|  dualbound   | primalbound  |  gap   | compl. 
 2662s|  9300 |  2829 |741813 |  79.3 |  1194M |  92 | 405 |  28k|  27k|3904 |  1 |  13k|1075 | 2.068333e+02 | 3.490000e+02 |  68.73%|  20.71%
 2712s|  9400 |  2880 |747521 |  79.1 |  1196M |  92 | 405 |  28k|  27k|4029 |  6 |  13k|1110 | 2.068990e+02 | 3.490000e+02 |  68.68%|  20.71%
 2742s|  9500 |  2921 |753751 |  78.9 |  1196M |  92 | 405 |  28k|  27k|4061 |  1 |  14k|1144 | 2.070000e+02 | 3.490000e+02 |  68.60%|  20.78%
 2756s|  9600 |  2949 |757078 |  78.4 |  1196M |  92 | 405 |  28k|  27k|4076 |  1 |  14k|1173 | 2.070000e+02 | 3.490000e+02 |  68.60%|  20.78%
 2769s|  9700 |  2958 |759169 |  77.8 |  1196M |  92 | 405 |  28k|  27k|4125 |  1 |  14k|1173 | 2.070000e+02 | 3.490000e+02 |  68.60%|  20.79%
 2791s|  9800 |  2996 |763031 |  77.4 |  1196M |  92 | 405 |  28k|  27k|4159 |  1 |  14k|1173 | 2.070000e+02 | 3.490000e+02 |  68.60%|  20.79%
 2834s|  9900 |  3036 |766398 |  77.0 |  1196M |  92 | 405 |  28k|  27k|4200 |  1 |  14k|1180 | 2.070000e+02 | 3.490000e+02 |  68.60%|  20.87%
 2879s| 10000 |  3109 |772401 |  76.8 |  1198M |  92 | 405 |  28k|  27k|4280 |  1 |  14k|1198 | 2.071667e+02 | 3.490000e+02 |  68.46%|  20.87%
 2899s| 10100 |  3144 |775275 |  76.3 |  1198M |  92 | 405 |  28k|  27k|4296 |  1 |  15k|1202 | 2.071667e+02 | 3.490000e+02 |  68.46%|  20.88%
 2936s| 10200 |  3209 |779616 |  76.0 |  1244M |  92 | 405 |  28k|  27k|4390 |  1 |  15k|1215 | 2.073333e+02 | 3.490000e+02 |  68.33%|  20.88%
 2940s| 10300 |  3227 |781861 |  75.5 |  1244M |  92 | 405 |  28k|  27k|4392 |  1 |  15k|1215 | 2.073333e+02 | 3.490000e+02 |  68.33%|  20.89%
 2984s| 10400 |  3310 |790898 |  75.6 |  1341M |  93 | 405 |  28k|  27k|4417 |  2 |  15k|1220 | 2.073333e+02 | 3.490000e+02 |  68.33%|  20.89%
 3003s| 10500 |  3358 |794459 |  75.3 |  1341M |  93 | 405 |  28k|  27k|4455 |  1 |  15k|1221 | 2.074167e+02 | 3.490000e+02 |  68.26%|  20.90%
 3005s| 10600 |  3361 |796177 |  74.7 |  1341M |  93 | 405 |  28k|  27k|4455 |  1 |  15k|1221 | 2.075000e+02 | 3.490000e+02 |  68.19%|  20.90%
 3035s| 10700 |  3385 |798527 |  74.2 |  1341M |  93 | 405 |  28k|  27k|4496 |  1 |  15k|1221 | 2.075000e+02 | 3.490000e+02 |  68.19%|  20.90%
 time | node  | left  |LP iter|LP it/n|mem/heur|mdpt |vars |cons |rows |cuts |sepa|confs|strbr|  dualbound   | primalbound  |  gap   | compl. 
 3051s| 10800 |  3402 |800844 |  73.8 |  1341M |  93 | 405 |  28k|   0 |4569 |  0 |  16k|1221 | 2.075000e+02 | 3.490000e+02 |  68.19%|  20.91%
 3058s| 10900 |  3407 |802767 |  73.3 |  1341M |  93 | 405 |  28k|  27k|4616 |  1 |  16k|1221 | 2.075000e+02 | 3.490000e+02 |  68.19%|  20.91%
 3060s| 11000 |  3409 |803780 |  72.7 |  1341M |  93 | 405 |  28k|  27k|4616 |  1 |  16k|1221 | 2.075000e+02 | 3.490000e+02 |  68.19%|  20.91%
 3073s| 11100 |  3432 |806817 |  72.3 |  1341M |  93 | 405 |  28k|  27k|4650 |  1 |  16k|1221 | 2.075000e+02 | 3.490000e+02 |  68.19%|  20.91%
 3100s| 11200 |  3458 |809383 |  71.9 |  1341M |  93 | 405 |  28k|   0 |4714 |  0 |  16k|1221 | 2.075000e+02 | 3.490000e+02 |  68.19%|  20.92%
 3144s| 11300 |  3494 |813196 |  71.6 |  1341M |  93 | 405 |  28k|   0 |4826 |  0 |  16k|1221 | 2.075000e+02 | 3.490000e+02 |  68.19%|  20.93%
 3171s| 11400 |  3516 |815660 |  71.2 |  1341M |  93 | 405 |  28k|  27k|4870 |  1 |  17k|1221 | 2.075417e+02 | 3.490000e+02 |  68.16%|  20.93%
 3178s| 11500 |  3529 |819218 |  70.9 |  1341M |  93 | 405 |  28k|  27k|4887 |  1 |  17k|1221 | 2.076250e+02 | 3.490000e+02 |  68.09%|  20.93%
 3194s| 11600 |  3546 |822023 |  70.5 |  1341M |  93 | 405 |  28k|  27k|4897 |  1 |  17k|1221 | 2.076250e+02 | 3.490000e+02 |  68.09%|  20.95%
 3205s| 11700 |  3596 |826345 |  70.3 |  1342M |  93 | 405 |  28k|   0 |4909 |  0 |  17k|1221 | 2.076667e+02 | 3.490000e+02 |  68.06%|  20.95%
 3238s| 11800 |  3664 |831832 |  70.1 |  1342M |  93 | 405 |  28k|  27k|4972 |  1 |  17k|1221 | 2.076667e+02 | 3.490000e+02 |  68.06%|  20.96%
 3239s| 11900 |  3663 |833031 |  69.6 |  1342M |  93 | 405 |  28k|   0 |4972 |  0 |  17k|1221 | 2.076667e+02 | 3.490000e+02 |  68.06%|  20.96%
 3269s| 12000 |  3720 |836898 |  69.4 |  1398M |  93 | 405 |  28k|   0 |4994 |  0 |  17k|1221 | 2.076667e+02 | 3.490000e+02 |  68.06%|  20.96%
 3308s| 12100 |  3795 |844183 |  69.4 |  1399M |  93 | 405 |  28k|  27k|5038 |  1 |  18k|1221 | 2.078333e+02 | 3.490000e+02 |  67.92%|  20.96%
 3337s| 12200 |  3814 |847006 |  69.1 |  1399M |  93 | 405 |  28k|   0 |5086 |  0 |  18k|1221 | 2.078333e+02 | 3.490000e+02 |  67.92%|  21.44%
 time | node  | left  |LP iter|LP it/n|mem/heur|mdpt |vars |cons |rows |cuts |sepa|confs|strbr|  dualbound   | primalbound  |  gap   | compl. 
 3374s| 12300 |  3864 |851363 |  68.9 |  1514M |  93 | 405 |  28k|  27k|5161 |  1 |  18k|1221 | 2.078333e+02 | 3.490000e+02 |  67.92%|  21.48%
 3382s| 12400 |  3865 |852655 |  68.4 |  1514M |  93 | 405 |  28k|  27k|5184 |  1 |  18k|1221 | 2.078333e+02 | 3.490000e+02 |  67.92%|  21.48%
 3405s| 12500 |  3884 |854589 |  68.0 |  1514M |  93 | 405 |  28k|  27k|5209 |  1 |  18k|1221 | 2.078758e+02 | 3.490000e+02 |  67.89%|  21.52%
 3421s| 12600 |  3921 |860432 |  68.0 |  1514M |  93 | 405 |  29k|   0 |5218 |  0 |  19k|1221 | 2.080000e+02 | 3.490000e+02 |  67.79%|  21.53%
 3448s| 12700 |  3948 |863376 |  67.7 |  1514M |  93 | 405 |  28k|  27k|5249 |  1 |  19k|1221 | 2.080000e+02 | 3.490000e+02 |  67.79%|  21.55%
 3458s| 12800 |  3964 |865517 |  67.3 |  1515M |  93 | 405 |  28k|  27k|5255 |  1 |  19k|1221 | 2.080000e+02 | 3.490000e+02 |  67.79%|  21.56%
 3476s| 12900 |  3999 |868700 |  67.0 |  1515M |  93 | 405 |  28k|   0 |5276 |  0 |  19k|1221 | 2.080000e+02 | 3.490000e+02 |  67.79%|  21.64%
 3486s| 13000 |  4036 |871678 |  66.7 |  1515M |  93 | 405 |  28k|   0 |5282 |  0 |  19k|1221 | 2.080000e+02 | 3.490000e+02 |  67.79%|  21.76%
 3512s| 13100 |  4064 |876827 |  66.6 |  1515M |  93 | 405 |  28k|  27k|5333 |  1 |  19k|1221 | 2.080000e+02 | 3.490000e+02 |  67.79%|  21.77%
 3542s| 13200 |  4097 |884244 |  66.7 |  1516M |  94 | 405 |  28k|  27k|5410 |  1 |  20k|1221 | 2.080000e+02 | 3.490000e+02 |  67.79%|  21.81%
 3592s| 13300 |  4137 |887138 |  66.4 |  1516M |  94 | 405 |  29k|   0 |5498 |  0 |  20k|1221 | 2.080000e+02 | 3.490000e+02 |  67.79%|  21.88%
 3613s| 13400 |  4145 |889269 |  66.0 |  1516M |  94 | 405 |  29k|  27k|5556 |  1 |  20k|1221 | 2.080000e+02 | 3.490000e+02 |  67.79%|  21.88%
 3643s| 13500 |  4193 |893177 |  65.8 |  1517M |  94 | 405 |  28k|  27k|5609 |  1 |  20k|1221 | 2.080000e+02 | 3.490000e+02 |  67.79%|  21.89%
 3686s| 13600 |  4235 |897250 |  65.7 |  1583M |  94 | 405 |  29k|  27k|5659 |  1 |  20k|1221 | 2.081481e+02 | 3.490000e+02 |  67.67%|  22.12%
 3692s| 13700 |  4247 |899497 |  65.3 |  1583M |  94 | 405 |  29k|  27k|5666 |  1 |  20k|1221 | 2.081667e+02 | 3.490000e+02 |  67.65%|  22.13%
 time | node  | left  |LP iter|LP it/n|mem/heur|mdpt |vars |cons |rows |cuts |sepa|confs|strbr|  dualbound   | primalbound  |  gap   | compl. 
 3704s| 13800 |  4247 |900729 |  65.0 |  1583M |  94 | 405 |  29k|   0 |5690 |  0 |  21k|1221 | 2.081667e+02 | 3.490000e+02 |  67.65%|  22.13%
 3726s| 13900 |  4257 |902729 |  64.6 |  1583M |  94 | 405 |  29k|  27k|5722 |  1 |  21k|1221 | 2.081667e+02 | 3.490000e+02 |  67.65%|  22.13%
 3744s| 14000 |  4293 |906214 |  64.4 |  1583M |  94 | 405 |  29k|  27k|5775 |  1 |  21k|1221 | 2.081667e+02 | 3.490000e+02 |  67.65%|  22.13%
 3764s| 14100 |  4296 |907966 |  64.1 |  1584M |  94 | 405 |  29k|  27k|5822 |  1 |  21k|1221 | 2.081667e+02 | 3.490000e+02 |  67.65%|  22.21%
 3790s| 14200 |  4329 |913328 |  64.0 |  1584M |  94 | 405 |  29k|  27k|5862 |  1 |  21k|1221 | 2.083333e+02 | 3.490000e+02 |  67.52%|  22.21%
 3802s| 14300 |  4335 |915056 |  63.7 |  1584M |  94 | 405 |  29k|  27k|5900 |  1 |  21k|1221 | 2.083333e+02 | 3.490000e+02 |  67.52%|  22.25%
 3850s| 14400 |  4381 |919099 |  63.5 |  1721M |  94 | 405 |  28k|  27k|5946 |  1 |  22k|1221 | 2.083333e+02 | 3.490000e+02 |  67.52%|  22.29%
 3868s| 14500 |  4423 |923704 |  63.4 |  1722M |  94 | 405 |  28k|  27k|5954 |  1 |  22k|1221 | 2.083333e+02 | 3.490000e+02 |  67.52%|  22.31%
 3883s| 14600 |  4465 |928110 |  63.3 |  1722M |  94 | 405 |  28k|  27k|5977 |  0 |  22k|1221 | 2.083333e+02 | 3.490000e+02 |  67.52%|  22.35%
 3897s| 14700 |  4473 |929775 |  63.0 |  1722M |  94 | 405 |  28k|  27k|5984 |  1 |  22k|1221 | 2.083333e+02 | 3.490000e+02 |  67.52%|  22.35%
 3900s| 14800 |  4486 |931562 |  62.7 |  1722M |  94 | 405 |  28k|  27k|5991 |  1 |  22k|1221 | 2.083509e+02 | 3.490000e+02 |  67.51%|  22.36%
 3921s| 14900 |  4512 |934607 |  62.4 |  1722M |  94 | 405 |  28k|   0 |6006 |  0 |  22k|1221 | 2.084510e+02 | 3.490000e+02 |  67.43%|  22.36%
 3952s| 15000 |  4546 |939819 |  62.4 |  1722M |  94 | 405 |  28k|  27k|6069 |  1 |  22k|1221 | 2.085000e+02 | 3.490000e+02 |  67.39%|  22.36%
 3963s| 15100 |  4553 |942631 |  62.1 |  1722M |  94 | 405 |  28k|  27k|6073 |  1 |  22k|1221 | 2.085000e+02 | 3.490000e+02 |  67.39%|  22.44%
 3983s| 15200 |  4562 |945103 |  61.9 |  1723M |  94 | 405 |  28k|  27k|6119 |  1 |  23k|1239 | 2.085000e+02 | 3.490000e+02 |  67.39%|  22.51%
 time | node  | left  |LP iter|LP it/n|mem/heur|mdpt |vars |cons |rows |cuts |sepa|confs|strbr|  dualbound   | primalbound  |  gap   | compl. 
 4011s| 15300 |  4567 |947094 |  61.6 |  1723M |  94 | 405 |  28k|  27k|6145 |  1 |  23k|1244 | 2.085000e+02 | 3.490000e+02 |  67.39%|  22.56%
 4025s| 15400 |  4577 |950152 |  61.4 |  1724M |  94 | 405 |  28k|  27k|6177 |  1 |  23k|1263 | 2.085000e+02 | 3.490000e+02 |  67.39%|  22.60%
 4047s| 15500 |  4593 |952474 |  61.2 |  1724M |  94 | 405 |  28k|  27k|6218 |  0 |  23k|1279 | 2.085000e+02 | 3.490000e+02 |  67.39%|  22.82%
 4108s| 15600 |  4627 |955919 |  61.0 |  1724M |  94 | 405 |  28k|  27k|6293 |  1 |  23k|1303 | 2.085000e+02 | 3.490000e+02 |  67.39%|  22.90%
 4141s| 15700 |  4641 |958484 |  60.8 |  1725M |  94 | 405 |  28k|  27k|6371 |  1 |  23k|1331 | 2.085000e+02 | 3.490000e+02 |  67.39%|  22.97%
 4156s| 15800 |  4647 |960373 |  60.5 |  1725M |  94 | 405 |  28k|  27k|6394 |  1 |  23k|1338 | 2.085000e+02 | 3.490000e+02 |  67.39%|  23.05%
r4174s| 15866 |  4650 |961652 |  60.3 |ziroundi|  94 | 405 |  28k|  27k|6425 |  1 |  23k|1341 | 2.085000e+02 | 3.480000e+02 |  66.91%|  23.05%
 4196s| 15900 |  4667 |962937 |  60.3 |  1725M |  94 | 405 |  28k|  27k|6445 |  1 |  24k|1353 | 2.085000e+02 | 3.480000e+02 |  66.91%|  23.10%
 4229s| 16000 |  4675 |966345 |  60.1 |  1725M |  94 | 405 |  28k|   0 |6536 |  0 |  24k|1356 | 2.085000e+02 | 3.480000e+02 |  66.91%|  23.21%
 4246s| 16100 |  4717 |971608 |  60.1 |  1805M |  94 | 405 |  28k|  27k|6550 |  1 |  24k|1392 | 2.085833e+02 | 3.480000e+02 |  66.84%|  23.32%
 4251s| 16200 |  4737 |974094 |  59.9 |  1805M |  94 | 405 |  28k|   0 |6550 |  0 |  24k|1402 | 2.085862e+02 | 3.480000e+02 |  66.84%|  23.32%
 4264s| 16300 |  4772 |978881 |  59.8 |  1805M |  94 | 405 |  28k|   0 |6552 |  0 |  24k|1405 | 2.086667e+02 | 3.480000e+02 |  66.77%|  23.37%
 4273s| 16400 |  4808 |981953 |  59.6 |  1806M |  94 | 405 |  28k|  27k|6565 |  1 |  24k|1409 | 2.086667e+02 | 3.480000e+02 |  66.77%|  23.38%
 4306s| 16500 |  4880 |989366 |  59.7 |  1806M |  95 | 405 |  28k|  27k|6603 |  1 |  24k|1414 | 2.086667e+02 | 3.480000e+02 |  66.77%|  23.39%
 4313s| 16600 |  4895 |992536 |  59.5 |  1806M |  95 | 405 |  28k|   0 |6605 |  0 |  25k|1414 | 2.086667e+02 | 3.480000e+02 |  66.77%|  23.39%
 time | node  | left  |LP iter|LP it/n|mem/heur|mdpt |vars |cons |rows |cuts |sepa|confs|strbr|  dualbound   | primalbound  |  gap   | compl. 
 4325s| 16700 |  4967 |  1000k|  59.7 |  1808M |  95 | 405 |  28k|  27k|6605 |  0 |  25k|1416 | 2.087500e+02 | 3.480000e+02 |  66.71%|  23.39%
 4327s| 16800 |  4973 |  1001k|  59.4 |  1808M |  95 | 405 |  28k|   0 |6605 |  0 |  25k|1416 | 2.087667e+02 | 3.480000e+02 |  66.69%|  23.39%
 4339s| 16900 |  5005 |  1006k|  59.3 |  1808M |  95 | 405 |  28k|  27k|6628 |  1 |  25k|1416 | 2.088333e+02 | 3.480000e+02 |  66.64%|  23.40%
 4364s| 17000 |  5062 |  1010k|  59.2 |  1808M |  95 | 405 |  28k|  27k|6664 |  1 |  25k|1416 | 2.088333e+02 | 3.480000e+02 |  66.64%|  23.40%
 4392s| 17100 |  5108 |  1014k|  59.1 |  1972M |  95 | 405 |  28k|  27k|6713 |  1 |  25k|1416 | 2.088333e+02 | 3.480000e+02 |  66.64%|  23.40%
 4426s| 17200 |  5148 |  1018k|  58.9 |  1972M |  95 | 405 |  28k|  27k|6761 |  1 |  25k|1416 | 2.089167e+02 | 3.480000e+02 |  66.57%|  23.40%
 4430s| 17300 |  5172 |  1020k|  58.7 |  1973M |  95 | 405 |  28k|  27k|6762 |  0 |  25k|1416 | 2.090000e+02 | 3.480000e+02 |  66.51%|  23.45%
 4462s| 17400 |  5190 |  1022k|  58.5 |  1973M |  95 | 405 |  28k|  27k|6807 |  1 |  25k|1416 | 2.090000e+02 | 3.480000e+02 |  66.51%|  23.46%
 4481s| 17500 |  5225 |  1026k|  58.4 |  1973M |  95 | 405 |  28k|   0 |6824 |  0 |  26k|1416 | 2.090000e+02 | 3.480000e+02 |  66.51%|  23.46%
 4482s| 17600 |  5225 |  1027k|  58.2 |  1973M |  95 | 405 |  28k|  27k|6826 |  1 |  26k|1416 | 2.090000e+02 | 3.480000e+02 |  66.51%|  23.46%
 4504s| 17700 |  5251 |  1030k|  58.0 |  1973M |  95 | 405 |  28k|  27k|6855 |  1 |  26k|1416 | 2.090000e+02 | 3.480000e+02 |  66.51%|  23.58%
 4516s| 17800 |  5258 |  1031k|  57.7 |  1974M |  95 | 405 |  28k|  27k|6863 |  1 |  26k|1416 | 2.090000e+02 | 3.480000e+02 |  66.51%|  23.67%
 4537s| 17900 |  5268 |  1034k|  57.5 |  1974M |  95 | 405 |  28k|  27k|6909 |  1 |  26k|1416 | 2.090000e+02 | 3.480000e+02 |  66.51%|  23.67%
 4549s| 18000 |  5313 |  1039k|  57.5 |  1974M |  95 | 405 |  28k|  27k|6929 |  1 |  26k|1416 | 2.090000e+02 | 3.480000e+02 |  66.51%|  23.67%
 4565s| 18100 |  5336 |  1042k|  57.4 |  1974M |  95 | 405 |  28k|  27k|6973 |  0 |  26k|1416 | 2.090000e+02 | 3.480000e+02 |  66.51%|  23.71%
 time | node  | left  |LP iter|LP it/n|mem/heur|mdpt |vars |cons |rows |cuts |sepa|confs|strbr|  dualbound   | primalbound  |  gap   | compl. 
 4588s| 18200 |  5359 |  1044k|  57.2 |  1974M |  95 | 405 |  28k|  27k|6999 |  1 |  26k|1416 | 2.090000e+02 | 3.480000e+02 |  66.51%|  23.72%
 4598s| 18300 |  5358 |  1045k|  56.9 |  1974M |  95 | 405 |  28k|  27k|7024 |  1 |  26k|1416 | 2.090000e+02 | 3.480000e+02 |  66.51%|  23.72%
 4613s| 18400 |  5365 |  1048k|  56.7 |  1974M |  95 | 405 |  28k|  27k|7101 |  0 |  26k|1416 | 2.090000e+02 | 3.480000e+02 |  66.51%|  23.77%
 4644s| 18500 |  5394 |  1050k|  56.6 |  1975M |  95 | 405 |  28k|  27k|7163 |  1 |  27k|1416 | 2.090000e+02 | 3.480000e+02 |  66.51%|  23.78%
 4661s| 18600 |  5403 |  1052k|  56.4 |  1975M |  95 | 405 |  28k|   0 |7182 |  0 |  27k|1416 | 2.090000e+02 | 3.480000e+02 |  66.51%|  23.83%
 4698s| 18700 |  5422 |  1056k|  56.3 |  1975M |  95 | 405 |  28k|  27k|7278 |  1 |  27k|1416 | 2.090000e+02 | 3.480000e+02 |  66.51%|  23.89%
 4717s| 18800 |  5446 |  1058k|  56.1 |  1975M |  95 | 405 |  28k|  27k|7316 |  1 |  27k|1416 | 2.090000e+02 | 3.480000e+02 |  66.51%|  23.96%
 4744s| 18900 |  5478 |  1062k|  56.0 |  1975M |  95 | 405 |  28k|  27k|7361 |  4 |  27k|1416 | 2.090000e+02 | 3.480000e+02 |  66.51%|  24.01%
 4753s| 19000 |  5511 |  1066k|  55.9 |  1975M |  95 | 405 |  28k|  27k|7400 |  1 |  27k|1416 | 2.090103e+02 | 3.480000e+02 |  66.50%|  24.02%
 4780s| 19100 |  5583 |  1076k|  56.1 |  1975M |  95 | 405 |  28k|   0 |7439 |  0 |  27k|1416 | 2.091250e+02 | 3.480000e+02 |  66.41%|  24.02%
 4788s| 19200 |  5612 |  1078k|  56.0 |  1975M |  95 | 405 |  28k|  27k|7488 |  1 |  28k|1416 | 2.091667e+02 | 3.480000e+02 |  66.37%|  24.03%
 4796s| 19300 |  5617 |  1080k|  55.8 |  1977M |  95 | 405 |  28k|  27k|7515 |  1 |  28k|1416 | 2.091667e+02 | 3.480000e+02 |  66.37%|  24.03%
 4820s| 19400 |  5691 |  1085k|  55.7 |  1977M |  95 | 405 |  28k|   0 |7547 |  0 |  28k|1416 | 2.092500e+02 | 3.480000e+02 |  66.31%|  24.03%
 4843s| 19500 |  5717 |  1088k|  55.6 |  1977M |  95 | 405 |  28k|   0 |7610 |  0 |  28k|1416 | 2.092667e+02 | 3.480000e+02 |  66.29%|  24.07%
 4862s| 19600 |  5778 |  1096k|  55.7 |  1977M |  95 | 405 |  28k|  27k|7612 |  1 |  28k|1416 | 2.093333e+02 | 3.480000e+02 |  66.24%|  24.07%
 time | node  | left  |LP iter|LP it/n|mem/heur|mdpt |vars |cons |rows |cuts |sepa|confs|strbr|  dualbound   | primalbound  |  gap   | compl. 
 4872s| 19700 |  5777 |  1098k|  55.5 |  1977M |  95 | 405 |  28k|  27k|7641 |  1 |  28k|1416 | 2.093333e+02 | 3.480000e+02 |  66.24%|  24.07%
 4881s| 19800 |  5788 |  1100k|  55.4 |  1977M |  95 | 405 |  28k|  27k|7656 |  1 |  28k|1416 | 2.093333e+02 | 3.480000e+02 |  66.24%|  24.07%
 4892s| 19900 |  5819 |  1106k|  55.4 |  1978M |  96 | 405 |  28k|  27k|7656 |  1 |  28k|1416 | 2.093333e+02 | 3.480000e+02 |  66.24%|  24.10%
 4900s| 20000 |  5855 |  1109k|  55.3 |  1978M |  96 | 405 |  28k|  27k|7669 |  1 |  29k|1416 | 2.093333e+02 | 3.480000e+02 |  66.24%|  24.10%
 4920s| 20100 |  5923 |  1114k|  55.3 |  1978M |  96 | 405 |  28k|   0 |7693 |  0 |  29k|1416 | 2.093333e+02 | 3.480000e+02 |  66.24%|  24.10%
 4934s| 20200 |  5995 |  1120k|  55.2 |  2074M |  96 | 405 |  28k|  27k|7729 |  1 |  29k|1416 | 2.093361e+02 | 3.480000e+02 |  66.24%|  24.12%
 4961s| 20300 |  6058 |  1126k|  55.3 |  2075M |  96 | 405 |  28k|  27k|7742 |  1 |  29k|1416 | 2.094294e+02 | 3.480000e+02 |  66.17%|  24.13%
 4989s| 20400 |  6096 |  1130k|  55.2 |  2075M |  96 | 405 |  28k|   0 |7773 |  0 |  29k|1416 | 2.095000e+02 | 3.480000e+02 |  66.11%|  24.14%
 5020s| 20500 |  6140 |  1134k|  55.1 |  2075M |  96 | 405 |  28k|   0 |7839 |  0 |  30k|1416 | 2.095000e+02 | 3.480000e+02 |  66.11%|  24.19%
 5045s| 20600 |  6159 |  1136k|  54.9 |  2075M |  96 | 405 |  28k|   0 |7875 |  0 |  30k|1416 | 2.095000e+02 | 3.480000e+02 |  66.11%|  24.19%
 5085s| 20700 |  6216 |  1141k|  54.9 |  2076M |  96 | 405 |  28k|  27k|7939 |  1 |  30k|1416 | 2.095000e+02 | 3.480000e+02 |  66.11%|  24.22%
 5119s| 20800 |  6248 |  1144k|  54.8 |  2274M |  96 | 405 |  28k|  27k|8012 |  1 |  30k|1416 | 2.095000e+02 | 3.480000e+02 |  66.11%|  24.28%
 5141s| 20900 |  6282 |  1147k|  54.7 |  2274M |  96 | 405 |  28k|   0 |8064 |  0 |  30k|1416 | 2.095000e+02 | 3.480000e+02 |  66.11%|  24.30%
 5149s| 21000 |  6293 |  1149k|  54.5 |  2274M |  96 | 405 |  29k|  27k|8099 |  1 |  30k|1416 | 2.095000e+02 | 3.480000e+02 |  66.11%|  24.31%
 5151s| 21100 |  6307 |  1151k|  54.4 |  2274M |  96 | 405 |  29k|  27k|8112 |  1 |  30k|1416 | 2.095000e+02 | 3.480000e+02 |  66.11%|  24.33%
 time | node  | left  |LP iter|LP it/n|mem/heur|mdpt |vars |cons |rows |cuts |sepa|confs|strbr|  dualbound   | primalbound  |  gap   | compl. 
 5155s| 21200 |  6306 |  1152k|  54.2 |  2274M |  96 | 405 |  29k|   0 |8112 |  0 |  31k|1416 | 2.095000e+02 | 3.480000e+02 |  66.11%|  24.39%
 5197s| 21300 |  6356 |  1156k|  54.1 |  2274M |  96 | 405 |  29k|  27k|8146 |  0 |  31k|1416 | 2.095000e+02 | 3.480000e+02 |  66.11%|  24.39%
 5228s| 21400 |  6418 |  1161k|  54.1 |  2274M |  96 | 405 |  29k|   0 |8206 |  0 |  31k|1416 | 2.095833e+02 | 3.480000e+02 |  66.04%|  24.39%
 5232s| 21500 |  6423 |  1163k|  53.9 |  2275M |  96 | 405 |  29k|   0 |8208 |  0 |  31k|1416 | 2.095833e+02 | 3.480000e+02 |  66.04%|  24.39%
 5247s| 21600 |  6492 |  1171k|  54.0 |  2275M |  96 | 405 |  29k|  27k|8217 |  1 |  31k|1416 | 2.096188e+02 | 3.480000e+02 |  66.02%|  24.39%
 5252s| 21700 |  6521 |  1174k|  53.9 |  2275M |  96 | 405 |  29k|  27k|8222 |  1 |  31k|1416 | 2.096667e+02 | 3.480000e+02 |  65.98%|  24.39%
 5258s| 21800 |  6573 |  1178k|  53.9 |  2275M |  96 | 405 |  29k|  27k|8222 |  1 |  31k|1416 | 2.096667e+02 | 3.480000e+02 |  65.98%|  24.39%
 5267s| 21900 |  6630 |  1183k|  53.9 |  2276M |  96 | 405 |  29k|  27k|8230 |  1 |  32k|1416 | 2.096667e+02 | 3.480000e+02 |  65.98%|  24.41%
 5276s| 22000 |  6706 |  1190k|  53.9 |  2276M |  96 | 405 |  29k|  27k|8232 |  1 |  32k|1416 | 2.096667e+02 | 3.480000e+02 |  65.98%|  24.43%
 5281s| 22100 |  6751 |  1194k|  53.9 |  2276M |  96 | 405 |  29k|   0 |8232 |  0 |  32k|1416 | 2.097500e+02 | 3.480000e+02 |  65.91%|  24.43%
 5290s| 22200 |  6780 |  1198k|  53.8 |  2277M |  96 | 405 |  29k|  27k|8242 |  1 |  32k|1416 | 2.098000e+02 | 3.480000e+02 |  65.87%|  24.45%
 5296s| 22300 |  6814 |  1203k|  53.8 |  2277M |  96 | 405 |  29k|  27k|8249 |  1 |  32k|1416 | 2.098333e+02 | 3.480000e+02 |  65.85%|  24.52%
 5306s| 22400 |  6839 |  1205k|  53.6 |  2277M |  96 | 405 |  29k|   0 |8261 |  0 |  32k|1416 | 2.098333e+02 | 3.480000e+02 |  65.85%|  24.56%
 5316s| 22500 |  6897 |  1210k|  53.6 |  2277M |  96 | 405 |  29k|  27k|8261 |  1 |  32k|1416 | 2.098333e+02 | 3.480000e+02 |  65.85%|  24.57%
 5328s| 22600 |  6928 |  1212k|  53.5 |  2277M |  96 | 405 |  29k|   0 |8295 |  0 |  32k|1416 | 2.098333e+02 | 3.480000e+02 |  65.85%|  24.57%
 time | node  | left  |LP iter|LP it/n|mem/heur|mdpt |vars |cons |rows |cuts |sepa|confs|strbr|  dualbound   | primalbound  |  gap   | compl. 
 5345s| 22700 |  7010 |  1217k|  53.4 |  2278M |  96 | 405 |  29k|  27k|8314 |  1 |  33k|1416 | 2.098333e+02 | 3.480000e+02 |  65.85%|  24.57%
 5350s| 22800 |  7040 |  1220k|  53.3 |  2278M |  96 | 405 |  29k|  27k|8314 |  1 |  33k|1416 | 2.098810e+02 | 3.480000e+02 |  65.81%|  24.57%
 5363s| 22900 |  7122 |  1229k|  53.5 |  2279M |  96 | 405 |  29k|  27k|8314 |  1 |  33k|1416 | 2.099956e+02 | 3.480000e+02 |  65.72%|  24.57%
 5409s| 23000 |  7199 |  1235k|  53.5 |  2282M |  96 | 405 |  29k|   0 |8363 |  0 |  33k|1416 | 2.100000e+02 | 3.480000e+02 |  65.71%|  24.62%
 5457s| 23100 |  7241 |  1239k|  53.5 |  2282M |  96 | 405 |  29k|  27k|8398 |  1 |  33k|1416 | 2.100000e+02 | 3.480000e+02 |  65.71%|  24.68%
 5500s| 23200 |  7303 |  1244k|  53.4 |  2291M |  96 | 405 |  29k|  27k|8473 |  1 |  33k|1416 | 2.100000e+02 | 3.480000e+02 |  65.71%|  24.69%
 5513s| 23300 |  7371 |  1249k|  53.4 |  2292M |  96 | 405 |  29k|  27k|8498 |  1 |  34k|1416 | 2.100000e+02 | 3.480000e+02 |  65.71%|  24.74%
 5536s| 23400 |  7434 |  1255k|  53.5 |  2292M |  97 | 405 |  29k|  27k|8510 |  1 |  34k|1416 | 2.100000e+02 | 3.480000e+02 |  65.71%|  24.75%
 5545s| 23500 |  7436 |  1257k|  53.3 |  2300M |  97 | 405 |  29k|   0 |8535 |  0 |  34k|1416 | 2.100000e+02 | 3.480000e+02 |  65.71%|  24.75%
 5550s| 23600 |  7436 |  1258k|  53.2 |  2308M |  97 | 405 |  29k|  27k|8553 |  0 |  34k|1416 | 2.100000e+02 | 3.480000e+02 |  65.71%|  24.75%
 5578s| 23700 |  7488 |  1262k|  53.1 |  2308M |  97 | 405 |  29k|  27k|8575 |  1 |  34k|1416 | 2.100000e+02 | 3.480000e+02 |  65.71%|  24.82%
 5591s| 23800 |  7550 |  1268k|  53.1 |  2309M |  97 | 405 |  29k|  27k|8582 |  1 |  34k|1416 | 2.100000e+02 | 3.480000e+02 |  65.71%|  24.83%
 5608s| 23900 |  7601 |  1273k|  53.1 |  2309M |  97 | 405 |  29k|  27k|8622 |  1 |  34k|1416 | 2.100000e+02 | 3.480000e+02 |  65.71%|  24.90%
 5635s| 24000 |  7613 |  1276k|  53.0 |  2317M |  97 | 405 |  29k|  27k|8691 |  1 |  34k|1416 | 2.100000e+02 | 3.480000e+02 |  65.71%|  24.91%
 5661s| 24100 |  7610 |  1277k|  52.9 |  2330M |  97 | 405 |  29k|  27k|8750 |  3 |  35k|1416 | 2.100000e+02 | 3.480000e+02 |  65.71%|  24.91%
 time | node  | left  |LP iter|LP it/n|mem/heur|mdpt |vars |cons |rows |cuts |sepa|confs|strbr|  dualbound   | primalbound  |  gap   | compl. 
 5668s| 24200 |  7611 |  1280k|  52.7 |  2333M |  97 | 405 |  29k|  27k|8774 |  1 |  35k|1416 | 2.100000e+02 | 3.480000e+02 |  65.71%|  24.91%
 5702s| 24300 |  7649 |  1284k|  52.7 |  2333M |  97 | 405 |  29k|  27k|8807 |  1 |  35k|1416 | 2.100000e+02 | 3.480000e+02 |  65.71%|  24.91%
 5710s| 24400 |  7707 |  1288k|  52.6 |  2336M |  97 | 405 |  29k|   0 |8820 |  0 |  35k|1416 | 2.101250e+02 | 3.480000e+02 |  65.62%|  24.91%
 5714s| 24500 |  7709 |  1290k|  52.5 |  2336M |  97 | 405 |  29k|   0 |8820 |  0 |  35k|1416 | 2.101250e+02 | 3.480000e+02 |  65.62%|  24.91%
 5724s| 24600 |  7782 |  1298k|  52.6 |  2336M |  97 | 405 |  29k|  27k|8820 |  1 |  35k|1416 | 2.101667e+02 | 3.480000e+02 |  65.58%|  24.91%
 5732s| 24700 |  7867 |  1303k|  52.6 |  2337M |  97 | 405 |  29k|  27k|8827 |  1 |  35k|1416 | 2.101667e+02 | 3.480000e+02 |  65.58%|  25.00%
 5743s| 24800 |  7897 |  1306k|  52.5 |  2338M |  97 | 405 |  29k|  27k|8854 |  1 |  36k|1416 | 2.101667e+02 | 3.480000e+02 |  65.58%|  25.00%
 5755s| 24900 |  7937 |  1311k|  52.5 |  2343M |  97 | 405 |  29k|  27k|8864 |  1 |  36k|1416 | 2.102222e+02 | 3.480000e+02 |  65.54%|  25.00%
 5763s| 25000 |  7999 |  1317k|  52.5 |  2343M |  97 | 405 |  29k|  27k|8864 |  1 |  36k|1416 | 2.102778e+02 | 3.480000e+02 |  65.50%|  25.00%
 5776s| 25100 |  7999 |  1319k|  52.4 |  2343M |  97 | 405 |  29k|  27k|8909 |  1 |  36k|1416 | 2.102778e+02 | 3.480000e+02 |  65.50%|  25.00%
 5791s| 25200 |  8075 |  1329k|  52.6 |  2344M |  97 | 405 |  29k|   0 |8911 |  0 |  36k|1416 | 2.103333e+02 | 3.480000e+02 |  65.45%|  25.00%
 5799s| 25300 |  8130 |  1334k|  52.6 |  2347M |  97 | 405 |  29k|  27k|8914 |  1 |  36k|1416 | 2.103333e+02 | 3.480000e+02 |  65.45%|  25.01%
 5805s| 25400 |  8149 |  1336k|  52.4 |  2347M |  97 | 405 |  29k|   0 |8914 |  0 |  36k|1416 | 2.103333e+02 | 3.480000e+02 |  65.45%|  25.01%
 5809s| 25500 |  8159 |  1339k|  52.4 |  2347M |  97 | 405 |  29k|  27k|8914 |  1 |  36k|1416 | 2.103333e+02 | 3.480000e+02 |  65.45%|  25.01%
 5812s| 25600 |  8186 |  1341k|  52.2 |  2461M |  97 | 405 |  29k|   0 |8914 |  0 |  36k|1416 | 2.103333e+02 | 3.480000e+02 |  65.45%|  25.01%
 time | node  | left  |LP iter|LP it/n|mem/heur|mdpt |vars |cons |rows |cuts |sepa|confs|strbr|  dualbound   | primalbound  |  gap   | compl. 
 5828s| 25700 |  8268 |  1347k|  52.3 |  2462M |  97 | 405 |  29k|  27k|8938 |  1 |  37k|1416 | 2.103333e+02 | 3.480000e+02 |  65.45%|  25.01%
 5834s| 25800 |  8326 |  1352k|  52.3 |  2462M |  97 | 405 |  29k|  27k|8938 |  1 |  37k|1416 | 2.103333e+02 | 3.480000e+02 |  65.45%|  25.02%
 5847s| 25900 |  8347 |  1355k|  52.2 |  2462M |  97 | 405 |  29k|  27k|8947 |  1 |  37k|1416 | 2.103333e+02 | 3.480000e+02 |  65.45%|  25.02%
 5855s| 26000 |  8419 |  1360k|  52.1 |  2463M |  97 | 405 |  29k|  27k|8949 |  1 |  37k|1416 | 2.103333e+02 | 3.480000e+02 |  65.45%|  25.02%
 5872s| 26100 |  8500 |  1368k|  52.3 |  2464M |  97 | 405 |  29k|  27k|8951 |  1 |  37k|1416 | 2.104589e+02 | 3.480000e+02 |  65.35%|  25.02%
 5874s| 26200 |  8500 |  1369k|  52.1 |  2464M |  97 | 405 |  29k|   0 |8951 |  0 |  37k|1416 | 2.104589e+02 | 3.480000e+02 |  65.35%|  25.02%
 5883s| 26300 |  8532 |  1375k|  52.1 |  2465M |  97 | 405 |  29k|  27k|8951 |  1 |  37k|1416 | 2.105000e+02 | 3.480000e+02 |  65.32%|  25.03%
 5885s| 26400 |  8533 |  1376k|  52.0 |  2465M |  97 | 405 |  29k|   0 |8955 |  0 |  38k|1416 | 2.105000e+02 | 3.480000e+02 |  65.32%|  25.03%
 5895s| 26500 |  8544 |  1378k|  51.9 |  2465M |  97 | 405 |  29k|  27k|8982 |  2 |  38k|1416 | 2.105000e+02 | 3.480000e+02 |  65.32%|  25.17%
 5912s| 26600 |  8562 |  1380k|  51.7 |  2465M |  97 | 405 |  29k|  27k|9012 |  1 |  38k|1416 | 2.105000e+02 | 3.480000e+02 |  65.32%|  25.19%
 5916s| 26700 |  8565 |  1382k|  51.6 |  2465M |  97 | 405 |  29k|  27k|9020 |  1 |  38k|1416 | 2.105000e+02 | 3.480000e+02 |  65.32%|  25.30%
 5942s| 26800 |  8616 |  1386k|  51.6 |  2465M |  97 | 405 |  29k|  27k|9047 |  0 |  38k|1416 | 2.105000e+02 | 3.480000e+02 |  65.32%|  25.30%
 5959s| 26900 |  8647 |  1389k|  51.5 |  2465M |  97 | 405 |  29k|   0 |9073 |  0 |  38k|1416 | 2.105000e+02 | 3.480000e+02 |  65.32%|  25.53%
 5972s| 27000 |  8654 |  1391k|  51.4 |  2465M |  97 | 405 |  29k|   0 |9106 |  0 |  38k|1416 | 2.105000e+02 | 3.480000e+02 |  65.32%|  25.54%
 6001s| 27100 |  8664 |  1393k|  51.3 |  2465M |  97 | 405 |  29k|  27k|9180 |  1 |  38k|1416 | 2.105000e+02 | 3.480000e+02 |  65.32%|  25.58%
 time | node  | left  |LP iter|LP it/n|mem/heur|mdpt |vars |cons |rows |cuts |sepa|confs|strbr|  dualbound   | primalbound  |  gap   | compl. 
 6003s| 27200 |  8659 |  1394k|  51.1 |  2465M |  97 | 405 |  29k|  27k|9184 |  1 |  39k|1416 | 2.105000e+02 | 3.480000e+02 |  65.32%|  25.58%
 6004s| 27300 |  8658 |  1396k|  51.0 |  2465M |  97 | 405 |  29k|   0 |9185 |  0 |  39k|1416 | 2.105000e+02 | 3.480000e+02 |  65.32%|  25.61%
 6011s| 27400 |  8713 |  1400k|  50.9 |  2466M |  97 | 405 |  29k|  27k|9185 |  1 |  39k|1416 | 2.105000e+02 | 3.480000e+02 |  65.32%|  25.61%
 6017s| 27500 |  8759 |  1403k|  50.9 |  2466M |  97 | 405 |  29k|  27k|9186 |  1 |  39k|1416 | 2.105000e+02 | 3.480000e+02 |  65.32%|  25.62%
 6021s| 27600 |  8800 |  1406k|  50.8 |  2703M |  97 | 405 |  29k|  27k|9192 |  1 |  39k|1416 | 2.105000e+02 | 3.480000e+02 |  65.32%|  25.62%
 6028s| 27700 |  8817 |  1408k|  50.7 |  2703M |  97 | 405 |  29k|  27k|9213 |  1 |  39k|1416 | 2.105000e+02 | 3.480000e+02 |  65.32%|  25.62%
 6033s| 27800 |  8841 |  1411k|  50.6 |  2703M |  97 | 405 |  29k|  27k|9213 |  1 |  39k|1416 | 2.105000e+02 | 3.480000e+02 |  65.32%|  25.62%
 6038s| 27900 |  8854 |  1413k|  50.5 |  2703M |  97 | 405 |  29k|   0 |9213 |  0 |  40k|1416 | 2.105000e+02 | 3.480000e+02 |  65.32%|  25.62%
 6051s| 28000 |  8855 |  1414k|  50.4 |  2703M |  97 | 405 |  29k|  27k|9250 |  1 |  40k|1416 | 2.105000e+02 | 3.480000e+02 |  65.32%|  25.62%
 6059s| 28100 |  8873 |  1417k|  50.3 |  2705M |  97 | 405 |  29k|   0 |9261 |  0 |  40k|1416 | 2.105000e+02 | 3.480000e+02 |  65.32%|  25.62%
 6065s| 28200 |  8914 |  1421k|  50.2 |  2705M |  97 | 405 |  29k|  27k|9261 |  1 |  40k|1416 | 2.105000e+02 | 3.480000e+02 |  65.32%|  25.63%
 6084s| 28300 |  9004 |  1428k|  50.3 |  2705M |  97 | 405 |  29k|  27k|9274 |  0 |  40k|1416 | 2.106250e+02 | 3.480000e+02 |  65.22%|  25.63%
 6101s| 28400 |  9013 |  1431k|  50.3 |  2705M |  97 | 405 |  29k|  27k|9309 |  1 |  40k|1430 | 2.106250e+02 | 3.480000e+02 |  65.22%|  25.63%
 6114s| 28500 |  9041 |  1435k|  50.2 |  2707M |  97 | 405 |  29k|   0 |9334 |  0 |  41k|1468 | 2.106667e+02 | 3.480000e+02 |  65.19%|  25.63%
 6133s| 28600 |  9050 |  1437k|  50.1 |  2708M |  97 | 405 |  29k|  27k|9379 |  0 |  41k|1484 | 2.106667e+02 | 3.480000e+02 |  65.19%|  25.63%
 time | node  | left  |LP iter|LP it/n|mem/heur|mdpt |vars |cons |rows |cuts |sepa|confs|strbr|  dualbound   | primalbound  |  gap   | compl. 
 6144s| 28700 |  9072 |  1441k|  50.1 |  2708M |  97 | 405 |  29k|  27k|9379 |  0 |  41k|1510 | 2.106667e+02 | 3.480000e+02 |  65.19%|  25.63%
 6151s| 28800 |  9102 |  1443k|  50.0 |  2708M |  97 | 405 |  29k|  27k|9394 |  1 |  41k|1522 | 2.106667e+02 | 3.480000e+02 |  65.19%|  25.63%
 6157s| 28900 |  9121 |  1445k|  49.9 |  2709M |  97 | 405 |  29k|  27k|9400 |  1 |  41k|1524 | 2.106667e+02 | 3.480000e+02 |  65.19%|  25.63%
 6171s| 29000 |  9199 |  1454k|  50.0 |  2710M |  98 | 405 |  29k|  27k|9400 |  1 |  41k|1560 | 2.106667e+02 | 3.480000e+02 |  65.19%|  25.63%
 6182s| 29100 |  9265 |  1460k|  50.0 |  2711M |  98 | 405 |  29k|  27k|9405 |  1 |  41k|1575 | 2.106667e+02 | 3.480000e+02 |  65.19%|  25.63%
 6190s| 29200 |  9338 |  1465k|  50.0 |  2711M |  98 | 405 |  30k|   0 |9405 |  0 |  42k|1580 | 2.106667e+02 | 3.480000e+02 |  65.19%|  25.63%
 6196s| 29300 |  9393 |  1468k|  50.0 |  2712M |  98 | 405 |  29k|  27k|9407 |  0 |  42k|1589 | 2.106667e+02 | 3.480000e+02 |  65.19%|  25.70%
 6201s| 29400 |  9430 |  1472k|  49.9 |  2712M |  98 | 405 |  29k|  27k|9410 |  1 |  42k|1602 | 2.106667e+02 | 3.480000e+02 |  65.19%|  25.70%
 6211s| 29500 |  9526 |  1478k|  50.0 |  2712M |  98 | 405 |  29k|  27k|9410 |  1 |  42k|1607 | 2.106667e+02 | 3.480000e+02 |  65.19%|  25.70%
 6219s| 29600 |  9539 |  1480k|  49.9 |  2712M |  98 | 405 |  29k|   0 |9421 |  0 |  42k|1613 | 2.106726e+02 | 3.480000e+02 |  65.19%|  25.71%
 6230s| 29700 |  9617 |  1488k|  50.0 |  2713M |  98 | 405 |  29k|   0 |9421 |  0 |  42k|1616 | 2.108333e+02 | 3.480000e+02 |  65.06%|  25.71%
 6243s| 29800 |  9668 |  1492k|  50.0 |  2713M |  98 | 405 |  29k|   0 |9437 |  0 |  42k|1616 | 2.108333e+02 | 3.480000e+02 |  65.06%|  25.72%
 6247s| 29900 |  9696 |  1495k|  49.9 |  2713M |  98 | 405 |  29k|  27k|9437 |  1 |  43k|1616 | 2.108333e+02 | 3.480000e+02 |  65.06%|  25.75%
 6258s| 30000 |  9735 |  1498k|  49.8 |  2714M |  98 | 405 |  30k|   0 |9456 |  0 |  43k|1622 | 2.108333e+02 | 3.480000e+02 |  65.06%|  25.76%
 6272s| 30100 |  9780 |  1502k|  49.8 |  2714M |  98 | 405 |  30k|  27k|9486 |  1 |  43k|1633 | 2.108333e+02 | 3.480000e+02 |  65.06%|  25.76%
 time | node  | left  |LP iter|LP it/n|mem/heur|mdpt |vars |cons |rows |cuts |sepa|confs|strbr|  dualbound   | primalbound  |  gap   | compl. 
 6284s| 30200 |  9855 |  1507k|  49.8 |  2714M |  98 | 405 |  30k|  27k|9488 |  1 |  43k|1636 | 2.108667e+02 | 3.480000e+02 |  65.03%|  25.76%
 6290s| 30300 |  9878 |  1510k|  49.7 |  2714M |  98 | 405 |  30k|  27k|9502 |  1 |  43k|1636 | 2.108750e+02 | 3.480000e+02 |  65.03%|  25.80%
 6292s| 30400 |  9883 |  1511k|  49.6 |  2714M |  98 | 405 |  29k|  27k|9502 |  1 |  43k|1636 | 2.108750e+02 | 3.480000e+02 |  65.03%|  25.80%
 6295s| 30500 |  9887 |  1513k|  49.5 |  2714M |  98 | 405 |  29k|  27k|9502 |  0 |  43k|1636 | 2.108750e+02 | 3.480000e+02 |  65.03%|  25.80%
 6301s| 30600 |  9922 |  1517k|  49.4 |  2714M |  98 | 405 |  29k|  27k|9502 |  1 |  44k|1636 | 2.109444e+02 | 3.480000e+02 |  64.97%|  25.81%
 6310s| 30700 |  9966 |  1523k|  49.5 |  2715M |  98 | 405 |  29k|   0 |9502 |  0 |  44k|1636 | 2.110000e+02 | 3.480000e+02 |  64.93%|  25.81%
 6316s| 30800 | 10005 |  1526k|  49.4 |  2715M |  98 | 405 |  29k|  27k|9503 |  1 |  44k|1638 | 2.110000e+02 | 3.480000e+02 |  64.93%|  25.85%
 6329s| 30900 | 10071 |  1532k|  49.4 |  2715M |  98 | 405 |  29k|  27k|9527 |  1 |  44k|1638 | 2.110000e+02 | 3.480000e+02 |  64.93%|  25.85%
 6336s| 31000 | 10074 |  1534k|  49.3 |  2716M |  98 | 405 |  29k|  27k|9543 |  1 |  44k|1651 | 2.110000e+02 | 3.480000e+02 |  64.93%|  25.85%
 6340s| 31100 | 10080 |  1536k|  49.3 |  2716M |  98 | 405 |  29k|   0 |9554 |  0 |  44k|1659 | 2.110000e+02 | 3.480000e+02 |  64.93%|  25.85%
 6344s| 31200 | 10105 |  1538k|  49.2 |  2716M |  98 | 405 |  29k|  27k|9555 |  1 |  45k|1659 | 2.110000e+02 | 3.480000e+02 |  64.93%|  25.85%
 6348s| 31300 | 10112 |  1540k|  49.1 |  2716M |  98 | 405 |  29k|  27k|9555 |  1 |  45k|1659 | 2.110000e+02 | 3.480000e+02 |  64.93%|  25.85%
 6352s| 31400 | 10132 |  1542k|  49.0 |  2716M |  98 | 405 |  29k|  27k|9555 |  1 |  45k|1660 | 2.110000e+02 | 3.480000e+02 |  64.93%|  25.85%
 6363s| 31500 | 10222 |  1549k|  49.1 |  2716M |  98 | 405 |  29k|  27k|9557 |  1 |  45k|1660 | 2.110000e+02 | 3.480000e+02 |  64.93%|  25.86%
 6378s| 31600 | 10231 |  1552k|  49.0 |  2716M |  98 | 405 |  29k|  27k|9625 |  0 |  45k|1660 | 2.110000e+02 | 3.480000e+02 |  64.93%|  25.86%
 time | node  | left  |LP iter|LP it/n|mem/heur|mdpt |vars |cons |rows |cuts |sepa|confs|strbr|  dualbound   | primalbound  |  gap   | compl. 
 6383s| 31700 | 10247 |  1555k|  48.9 |  2717M |  98 | 405 |  29k|   0 |9671 |  0 |  45k|1660 | 2.110000e+02 | 3.480000e+02 |  64.93%|  25.86%
 6390s| 31800 | 10303 |  1559k|  48.9 |  2717M |  98 | 405 |  29k|  27k|9672 |  1 |  45k|1660 | 2.110000e+02 | 3.480000e+02 |  64.93%|  25.87%
 6401s| 31900 | 10399 |  1566k|  49.0 |  2717M |  98 | 405 |  29k|  27k|9678 |  1 |  45k|1660 | 2.110000e+02 | 3.480000e+02 |  64.93%|  25.87%
 6440s| 32000 | 10442 |  1571k|  49.0 |  2718M |  98 | 405 |  29k|  27k|9725 |  1 |  46k|1660 | 2.110000e+02 | 3.480000e+02 |  64.93%|  25.87%
 6461s| 32100 | 10463 |  1574k|  48.9 |  2719M |  98 | 405 |  29k|   0 |9795 |  0 |  46k|1661 | 2.110000e+02 | 3.480000e+02 |  64.93%|  25.87%
 6477s| 32200 | 10507 |  1578k|  48.9 |  2719M |  98 | 405 |  29k|  27k|9838 |  1 |  46k|1661 | 2.110000e+02 | 3.480000e+02 |  64.93%|  25.88%
 6490s| 32300 | 10517 |  1580k|  48.8 |  2719M |  98 | 405 |  29k|   0 |9870 |  0 |  46k|1661 | 2.110000e+02 | 3.480000e+02 |  64.93%|  25.92%
 6502s| 32400 | 10529 |  1583k|  48.7 |  2719M |  98 | 405 |  29k|  27k|9885 |  1 |  46k|1663 | 2.110000e+02 | 3.480000e+02 |  64.93%|  25.92%
 6515s| 32500 | 10542 |  1585k|  48.7 |  2721M |  98 | 405 |  29k|   0 |9915 |  0 |  46k|1663 | 2.110000e+02 | 3.480000e+02 |  64.93%|  25.92%
 6528s| 32600 | 10573 |  1588k|  48.6 |  2722M |  98 | 405 |  29k|  27k|9945 |  1 |  46k|1664 | 2.110000e+02 | 3.480000e+02 |  64.93%|  25.94%
 6540s| 32700 | 10574 |  1590k|  48.5 |  2730M |  98 | 405 |  29k|  27k|9971 |  1 |  47k|1664 | 2.110000e+02 | 3.480000e+02 |  64.93%|  25.94%
 6563s| 32800 | 10603 |  1593k|  48.4 |  2735M |  98 | 405 |  29k|  27k|  10k|  1 |  47k|1665 | 2.110000e+02 | 3.480000e+02 |  64.93%|  25.98%
 6581s| 32900 | 10672 |  1598k|  48.5 |  2736M |  98 | 405 |  29k|   0 |  10k|  0 |  47k|1666 | 2.110000e+02 | 3.480000e+02 |  64.93%|  25.98%
 6621s| 33000 | 10718 |  1602k|  48.4 |  2744M |  98 | 405 |  29k|  27k|  10k|  1 |  47k|1666 | 2.110000e+02 | 3.480000e+02 |  64.93%|  25.99%
 6624s| 33100 | 10716 |  1603k|  48.3 |  2744M |  98 | 405 |  29k|  27k|  10k|  1 |  47k|1667 | 2.110000e+02 | 3.480000e+02 |  64.93%|  25.99%
 time | node  | left  |LP iter|LP it/n|mem/heur|mdpt |vars |cons |rows |cuts |sepa|confs|strbr|  dualbound   | primalbound  |  gap   | compl. 
 6646s| 33200 | 10769 |  1610k|  48.4 |  2750M |  98 | 405 |  29k|   0 |  10k|  0 |  47k|1667 | 2.110000e+02 | 3.480000e+02 |  64.93%|  25.99%
 6652s| 33300 | 10778 |  1612k|  48.3 |  2750M |  98 | 405 |  29k|  27k|  10k|  0 |  47k|1667 | 2.110000e+02 | 3.480000e+02 |  64.93%|  25.99%
 6661s| 33400 | 10829 |  1619k|  48.4 |  2751M |  98 | 405 |  29k|  27k|  10k|  1 |  48k|1668 | 2.111360e+02 | 3.480000e+02 |  64.82%|  25.99%
 6674s| 33500 | 10929 |  1629k|  48.5 |  2751M |  98 | 405 |  29k|  27k|  10k|  1 |  48k|1668 | 2.111667e+02 | 3.480000e+02 |  64.80%|  25.99%
 6682s| 33600 | 10951 |  1633k|  48.5 |  2751M |  98 | 405 |  29k|  27k|  10k|  1 |  48k|1668 | 2.111667e+02 | 3.480000e+02 |  64.80%|  25.99%
 6696s| 33700 | 11043 |  1639k|  48.5 |  2752M |  98 | 405 |  29k|  27k|  10k|  1 |  48k|1669 | 2.111667e+02 | 3.480000e+02 |  64.80%|  25.99%
 6702s| 33800 | 11060 |  1641k|  48.4 |  2752M |  98 | 405 |  29k|  27k|  10k|  1 |  48k|1669 | 2.111667e+02 | 3.480000e+02 |  64.80%|  25.99%
 6713s| 33900 | 11064 |  1643k|  48.4 |  2760M |  98 | 405 |  29k|  27k|  10k|  1 |  48k|1670 | 2.111667e+02 | 3.480000e+02 |  64.80%|  25.99%
 6724s| 34000 | 11064 |  1645k|  48.3 |  2760M |  98 | 405 |  29k|  27k|  10k|  1 |  48k|1671 | 2.111667e+02 | 3.480000e+02 |  64.80%|  25.99%
 6737s| 34100 | 11065 |  1647k|  48.2 |  2765M |  98 | 405 |  29k|  27k|  10k|  1 |  48k|1671 | 2.111667e+02 | 3.480000e+02 |  64.80%|  25.99%
 6747s| 34200 | 11063 |  1649k|  48.1 |  2779M |  98 | 405 |  29k|  27k|  10k|  1 |  49k|1672 | 2.111667e+02 | 3.480000e+02 |  64.80%|  25.99%
 6762s| 34300 | 11151 |  1657k|  48.2 |  2780M |  98 | 405 |  29k|  27k|  10k|  1 |  49k|1673 | 2.111667e+02 | 3.480000e+02 |  64.80%|  25.99%
 6774s| 34400 | 11251 |  1667k|  48.3 |  2780M |  98 | 405 |  29k|  27k|  10k|  1 |  49k|1673 | 2.112500e+02 | 3.480000e+02 |  64.73%|  25.99%
 6788s| 34500 | 11316 |  1671k|  48.3 |  2781M |  98 | 405 |  29k|  27k|  10k|  1 |  49k|1687 | 2.112778e+02 | 3.480000e+02 |  64.71%|  25.99%
 6803s| 34600 | 11366 |  1677k|  48.4 |  2782M |  98 | 405 |  29k|  27k|  10k|  1 |  49k|1706 | 2.112963e+02 | 3.480000e+02 |  64.70%|  25.99%
 time | node  | left  |LP iter|LP it/n|mem/heur|mdpt |vars |cons |rows |cuts |sepa|confs|strbr|  dualbound   | primalbound  |  gap   | compl. 
 6810s| 34700 | 11435 |  1683k|  48.4 |  2782M |  98 | 405 |  30k|  27k|  10k|  1 |  49k|1710 | 2.113333e+02 | 3.480000e+02 |  64.67%|  25.99%
 6818s| 34800 | 11463 |  1687k|  48.4 |  2782M |  98 | 405 |  29k|  27k|  10k|  1 |  49k|1735 | 2.113333e+02 | 3.480000e+02 |  64.67%|  25.99%
 6830s| 34900 | 11544 |  1693k|  48.4 |  2783M |  98 | 405 |  29k|   0 |  10k|  0 |  49k|1755 | 2.113333e+02 | 3.480000e+02 |  64.67%|  25.99%
 6841s| 35000 | 11644 |  1700k|  48.5 |  2785M |  98 | 405 |  30k|  27k|  10k|  1 |  50k|1755 | 2.113333e+02 | 3.480000e+02 |  64.67%|  25.99%
 6854s| 35100 | 11681 |  1704k|  48.4 |  2785M |  98 | 405 |  30k|   0 |  10k|  0 |  50k|1779 | 2.113333e+02 | 3.480000e+02 |  64.67%|  25.99%
 6876s| 35200 | 11712 |  1709k|  48.4 |  2786M |  98 | 405 |  29k|  27k|  10k|  1 |  50k|1792 | 2.113333e+02 | 3.480000e+02 |  64.67%|  25.99%
 6903s| 35300 | 11738 |  1712k|  48.4 |  2792M |  98 | 405 |  29k|  27k|  10k|  0 |  50k|1799 | 2.113333e+02 | 3.480000e+02 |  64.67%|  26.00%
 6919s| 35400 | 11732 |  1714k|  48.3 |  2792M |  98 | 405 |  29k|   0 |  10k|  0 |  50k|1802 | 2.113333e+02 | 3.480000e+02 |  64.67%|  26.00%
 6932s| 35500 | 11824 |  1722k|  48.4 |  2793M |  99 | 405 |  30k|  27k|  10k|  1 |  50k|1815 | 2.113333e+02 | 3.480000e+02 |  64.67%|  26.00%
 6943s| 35600 | 11920 |  1729k|  48.5 |  2793M |  99 | 405 |  30k|  27k|  10k|  1 |  51k|1823 | 2.113333e+02 | 3.480000e+02 |  64.67%|  26.00%
 6952s| 35700 | 12011 |  1735k|  48.5 |  2794M |  99 | 405 |  30k|  27k|  10k|  2 |  51k|1823 | 2.113750e+02 | 3.480000e+02 |  64.64%|  26.00%
 6967s| 35800 | 12060 |  1741k|  48.5 |  2794M |  99 | 405 |  30k|  27k|  10k|  1 |  51k|1824 | 2.114240e+02 | 3.480000e+02 |  64.60%|  26.04%
 6986s| 35900 | 12128 |  1750k|  48.6 |  2794M |  99 | 405 |  30k|  27k|  10k|  1 |  51k|1835 | 2.114667e+02 | 3.480000e+02 |  64.56%|  26.04%
 6996s| 36000 | 12172 |  1753k|  48.6 |  2795M |  99 | 405 |  30k|  27k|  10k|  1 |  51k|1838 | 2.115000e+02 | 3.480000e+02 |  64.54%|  26.05%
 7000s| 36100 | 12201 |  1755k|  48.5 |  2796M |  99 | 405 |  30k|  27k|  10k|  1 |  51k|1839 | 2.115000e+02 | 3.480000e+02 |  64.54%|  26.05%
 time | node  | left  |LP iter|LP it/n|mem/heur|mdpt |vars |cons |rows |cuts |sepa|confs|strbr|  dualbound   | primalbound  |  gap   | compl. 
 7003s| 36200 | 12220 |  1757k|  48.4 |  2796M |  99 | 405 |  30k|   0 |  10k|  0 |  52k|1840 | 2.115000e+02 | 3.480000e+02 |  64.54%|  26.05%
 7025s| 36300 | 12269 |  1759k|  48.4 |  2796M |  99 | 405 |  30k|  27k|  10k|  1 |  52k|1841 | 2.115000e+02 | 3.480000e+02 |  64.54%|  26.07%
 7033s| 36400 | 12329 |  1763k|  48.3 |  2797M |  99 | 405 |  30k|  27k|  10k|  1 |  52k|1845 | 2.115000e+02 | 3.480000e+02 |  64.54%|  26.07%
 7037s| 36500 | 12351 |  1766k|  48.3 |  2797M |  99 | 405 |  30k|  27k|  10k|  1 |  52k|1848 | 2.115000e+02 | 3.480000e+02 |  64.54%|  26.14%
 7050s| 36600 | 12373 |  1768k|  48.2 |  2797M |  99 | 405 |  29k|   0 |  10k|  0 |  52k|1848 | 2.115000e+02 | 3.480000e+02 |  64.54%|  26.14%
 7058s| 36700 | 12418 |  1771k|  48.1 |  2798M |  99 | 405 |  29k|  27k|  10k|  1 |  52k|1848 | 2.115000e+02 | 3.480000e+02 |  64.54%|  26.15%
 7062s| 36800 | 12451 |  1773k|  48.1 |  2798M |  99 | 405 |  30k|   0 |  10k|  0 |  53k|1848 | 2.115000e+02 | 3.480000e+02 |  64.54%|  26.15%
 7069s| 36900 | 12479 |  1777k|  48.0 |  2798M |  99 | 405 |  30k|  27k|  10k|  1 |  53k|1848 | 2.115000e+02 | 3.480000e+02 |  64.54%|  26.15%
 7075s| 37000 | 12504 |  1779k|  48.0 |  2798M |  99 | 405 |  29k|  27k|  10k|  1 |  53k|1848 | 2.115000e+02 | 3.480000e+02 |  64.54%|  26.16%
 7094s| 37100 | 12561 |  1784k|  48.0 |  2800M |  99 | 405 |  29k|  27k|  10k|  1 |  53k|1851 | 2.115000e+02 | 3.480000e+02 |  64.54%|  26.16%
 7106s| 37200 | 12583 |  1786k|  47.9 |  2800M |  99 | 405 |  29k|  27k|  10k|  1 |  53k|1851 | 2.115000e+02 | 3.480000e+02 |  64.54%|  26.25%
 7121s| 37300 | 12611 |  1789k|  47.9 |  2800M |  99 | 405 |  29k|  27k|  10k|  1 |  53k|1851 | 2.115000e+02 | 3.480000e+02 |  64.54%|  26.27%
 7150s| 37400 | 12652 |  1792k|  47.8 |  2800M |  99 | 405 |  29k|   0 |  10k|  0 |  53k|1851 | 2.115000e+02 | 3.480000e+02 |  64.54%|  26.29%
 7151s| 37500 | 12648 |  1794k|  47.7 |  2800M |  99 | 405 |  29k|   0 |  10k|  0 |  54k|1851 | 2.115000e+02 | 3.480000e+02 |  64.54%|  26.29%
 7155s| 37600 | 12689 |  1796k|  47.7 |  2800M |  99 | 405 |  29k|  27k|  10k|  1 |  54k|1851 | 2.115000e+02 | 3.480000e+02 |  64.54%|  26.29%
 time | node  | left  |LP iter|LP it/n|mem/heur|mdpt |vars |cons |rows |cuts |sepa|confs|strbr|  dualbound   | primalbound  |  gap   | compl. 
 7157s| 37700 | 12686 |  1798k|  47.6 |  2800M |  99 | 405 |  29k|  27k|  10k|  0 |  54k|1851 | 2.115000e+02 | 3.480000e+02 |  64.54%|  26.29%
 7159s| 37800 | 12690 |  1799k|  47.5 |  2800M |  99 | 405 |  29k|  27k|  10k|  1 |  54k|1851 | 2.115000e+02 | 3.480000e+02 |  64.54%|  26.39%
 7162s| 37900 | 12698 |  1801k|  47.4 |  2800M |  99 | 405 |  29k|   0 |  10k|  0 |  54k|1851 | 2.115000e+02 | 3.480000e+02 |  64.54%|  26.39%
 7181s| 38000 | 12714 |  1804k|  47.4 |  2801M |  99 | 405 |  29k|  27k|  10k|  1 |  54k|1851 | 2.115000e+02 | 3.480000e+02 |  64.54%|  26.48%
 7190s| 38100 | 12752 |  1808k|  47.4 |  2801M |  99 | 405 |  29k|   0 |  10k|  0 |  54k|1851 | 2.115000e+02 | 3.480000e+02 |  64.54%|  26.63%

SCIP Status        : solving was interrupted [time limit reached]
Solving Time (sec) : 7200.00
Solving Nodes      : 38171
Primal Bound       : +3.48000000000000e+02 (685 solutions)
Dual Bound         : +2.11500000000000e+02
Gap                : 64.54 %
SCIP Status        : solving was interrupted [time limit reached]
Total Time         :    7200.11
  solving          :    7200.00
  presolving       :       1.31 (included in solving)
  reading          :       0.11
  copying          :       1.70 (36 #copies) (minimal 0.04, maximal 0.06, average 0.05)
Original Problem   :
  Problem name     : sts405
  Variables        : 405 (405 binary, 0 integer, 0 implicit integer, 0 continuous)
  Constraints      : 27270 initial, 27270 maximal
  Objective        : minimize, 405 non-zeros (abs.min = 1, abs.max = 1)
Presolved Problem  :
  Problem name     : t_sts405
  Variables        : 405 (405 binary, 0 integer, 0 implicit integer, 0 continuous)
  Constraints      : 27306 initial, 30892 maximal
  Objective        : minimize, 405 non-zeros (abs.min = 1, abs.max = 1)
  Nonzeros         : 94122 constraint, 2 clique table
Presolvers         :   ExecTime  SetupTime  Calls  FixedVars   AggrVars   ChgTypes  ChgBounds   AddHoles    DelCons    AddCons   ChgSides   ChgCoefs
  boundshift       :       0.00       0.00      0          0          0          0          0          0          0          0          0          0
  convertinttobin  :       0.00       0.00      0          0          0          0          0          0          0          0          0          0
  domcol           :       0.01       0.00      2          0          0          0          0          0          0          0          0          0
  dualagg          :       0.00       0.00      0          0          0          0          0          0          0          0          0          0
  dualcomp         :       0.00       0.00      0          0          0          0          0          0          0          0          0          0
  dualinfer        :       0.00       0.00      0          0          0          0          0          0          0          0          0          0
  dualsparsify     :       0.33       0.00      1          0          0          0          0          0          0          0          0          0
  gateextraction   :       0.00       0.00      0          0          0          0          0          0          0          0          0          0
  implics          :       0.00       0.00      3          0          0          0          0          0          0          0          0          0
  inttobinary      :       0.00       0.00      0          0          0          0          0          0          0          0          0          0
  qpkktref         :       0.00       0.00      0          0          0          0          0          0          0          0          0          0
  redvub           :       0.00       0.00      0          0          0          0          0          0          0          0          0          0
  sparsify         :       0.02       0.00      1          0          0          0          0          0          0          0          0          0
  stuffing         :       0.00       0.00      0          0          0          0          0          0          0          0          0          0
  trivial          :       0.00       0.00      3          0          0          0          0          0          0          0          0          0
  tworowbnd        :       0.00       0.00      0          0          0          0          0          0          0          0          0          0
  dualfix          :       0.00       0.00      3          0          0          0          0          0          0          0          0          0
  genvbounds       :       0.00       0.00      0          0          0          0          0          0          0          0          0          0
  probing          :       0.01       0.00      1          0          0          0          0          0          0          0          0          0
  pseudoobj        :       0.00       0.00      1          0          0          0          0          0          0          0          0          0
  symmetry         :       0.78       0.00      1          0          0          0          0          0          0         36          0          0
  vbounds          :       0.00       0.00      0          0          0          0          0          0          0          0          0          0
  setppc           :       0.00       0.00      0          0          0          0          0          0          0          0          0          0
  linear           :       0.09       0.01      2          0          0          0          0          0          0          0          0          0
  orbisack         :       0.00       0.00      1          0          0          0          0          0          0          0          0          0
  symretope        :       0.00       0.00      1          0          0          0          0          0          0          0          0          0
  logicor          :       0.04       0.01      6          0          0          0          0          0          0          0          0          0
  benders          :       0.00       0.00      0          0          0          0          0          0          0          0          0          0
  components       :       0.01       0.00      1          0          0          0          0          0          0          0          0          0
  root node        :          -          -      -          5          -          -          5          -          -          -          -          -
Constraints        :     Number  MaxNumber  #Separate #Propagate    #EnfoLP    #EnfoRelax  #EnfoPS    #Check   #ResProp    Cutoffs    DomReds       Cuts    Applied      Conss   Children
  benderslp        :          0          0          0          0      27401          0          0       3081          0          0          0          0          0          0          0
  integral         :          0          0          0          0      27401          0          0       3081          0          0        394          0          0        541      54536
  setppc           :          0+         1          0      66931          0          0          0          0        280          1         15          0          0          0          0
  orbisack         :         10         10          0       5383          0          0          0       3076      37898        840       3565          0          0          0          0
  symretope        :         26         26          0      42786          0          0          0       3076      57685       7504      46923          0          0          0          0
  logicor          :      27270+     30855         22     114294          0          0          0       3076     612821       8338     401858          0          0          0          0
  benders          :          0          0          0          0          0          0          0        785          0          0          0          0          0          0          0
  countsols        :          0          0          0          0          0          0          0        785          0          0          0          0          0          0          0
  components       :          0          0          0          0          0          0          0          0          0          0          0          0          0          0          0
Constraint Timings :  TotalTime  SetupTime   Separate  Propagate     EnfoLP     EnfoPS     EnfoRelax   Check    ResProp    SB-Prop
  benderslp        :       0.02       0.00       0.00       0.00       0.02       0.00       0.00       0.00       0.00       0.00
  integral         :     420.72       0.00       0.00       0.00     420.69       0.00       0.00       0.03       0.00       0.00
  setppc           :       0.01       0.00       0.00       0.01       0.00       0.00       0.00       0.00       0.00       0.00
  orbisack         :       0.25       0.00       0.00       0.20       0.00       0.00       0.00       0.00       0.04       0.00
  symretope        :      19.32       0.00       0.00      18.74       0.00       0.00       0.00       0.00       0.23       0.34
  logicor          :      35.32       0.01       0.12      33.29       0.00       0.00       0.00       0.68       0.62       0.60
  benders          :       0.00       0.00       0.00       0.00       0.00       0.00       0.00       0.00       0.00       0.00
  countsols        :       0.00       0.00       0.00       0.00       0.00       0.00       0.00       0.00       0.00       0.00
  components       :       0.02       0.00       0.00       0.01       0.00       0.00       0.00       0.00       0.00       0.00
Propagators        : #Propagate   #ResProp    Cutoffs    DomReds
  dualfix          :          4          0          0          0
  genvbounds       :          0          0          0          0
  nlobbt           :          0          0          0          0
  obbt             :          0          0          0          0
  probing          :          0          0          0          0
  pseudoobj        :     136225          9         27        136
  redcost          :      11938          0          0         20
  rootredcost      :          6          0          0          0
  symmetry         :          0          0          0          0
  vbounds          :          0          0          0          0
Propagator Timings :  TotalTime  SetupTime   Presolve  Propagate    ResProp    SB-Prop
  dualfix          :       0.00       0.00       0.00       0.00       0.00       0.00
  genvbounds       :       0.05       0.00       0.00       0.05       0.00       0.00
  nlobbt           :       0.00       0.00       0.00       0.00       0.00       0.00
  obbt             :       0.00       0.00       0.00       0.00       0.00       0.00
  probing          :       0.01       0.00       0.01       0.00       0.00       0.00
  pseudoobj        :       0.16       0.00       0.00       0.16       0.00       0.00
  redcost          :       0.11       0.00       0.00       0.11       0.00       0.00
  rootredcost      :       0.05       0.00       0.00       0.05       0.00       0.00
  symmetry         :       0.80       0.00       0.78       0.02       0.00       0.00
  vbounds          :       0.09       0.00       0.00       0.09       0.00       0.00
Orbital fixing     :
  vars fixed to 0  :          0
  vars fixed to 1  :          0
Conflict Analysis  :       Time      Calls    Success    DomReds  Conflicts   Literals    Reconvs ReconvLits   Dualrays   Nonzeros   LP Iters   (pool size: [10000,10000])
  propagation      :       2.19      16683      16112          -     202695       51.6        840       26.0          -          -          -
  infeasible LP    :       0.00          0          0          -          0        0.0          0        0.0          0        0.0          0
  bound exceed. LP :       0.43        157          0          -          0        0.0          0        0.0          0        0.0        330
  strong branching :       0.00          0          0          -          0        0.0          0        0.0          -          -          0
  pseudo solution  :       0.00          0          0          -          0        0.0          0        0.0          -          -          -
  applied globally :       0.13          -          -          0      55019       29.7          -          -          0          -          -
  applied locally  :          -          -          -          0         62       86.4          -          -          0          -          -
Separators         :   ExecTime  SetupTime      Calls  RootCalls    Cutoffs    DomReds  FoundCuts ViaPoolAdd  DirectAdd    Applied ViaPoolApp  DirectApp      Conss
  cut pool         :       4.48          -       7770         41          -          -      74131      22035          -          -          -          -          -    (maximal pool size:       2800)
  aggregation      :      24.04       0.00       3545         22          0          0          1          0          0          0          0          0          0
  > cmir           :          -          -          -          -          -          -          -          0          0          0          0          0          -
  > flowcover      :          -          -          -          -          -          -          -          0          0          0          0          0          -
  > knapsackcover  :          -          -          -          -          -          -          -          0          0          0          0          0          -
  cgmip            :       0.00       0.00          0          0          0          0          0          0          0          0          0          0          0
  clique           :       0.00       0.00          1          1          0          0          0          0          0          0          0          0          0
  closecuts        :       0.00       0.00          0          0          0          0          0          0          0          0          0          0          0
  convexproj       :       0.00       0.00          0          0          0          0          0          0          0          0          0          0          0
  disjunctive      :       0.00       0.00          0          0          0          0          0          0          0          0          0          0          0
  eccuts           :       0.00       0.00          0          0          0          0          0          0          0          0          0          0          0
  gauge            :       0.00       0.00          0          0          0          0          0          0          0          0          0          0          0
  gomory           :    3994.38       0.00       3060         10          0          0      68028      12272          0       4087       4087          0          0
  > gomorymi       :          -          -          -          -          -          -          -       1726          0        220        220          0          -
  > strongcg       :          -          -          -          -          -          -          -      10546          0       3867       3867          0          -
  impliedbounds    :       0.07       0.00       3546         22          0          0          0          0          0          0          0          0          0
  interminor       :       0.00       0.00          0          0          0          0          0          0          0          0          0          0          0
  intobj           :       0.00       0.00          0          0          0          0          0          0          0          0          0          0          0
  mcf              :       0.02       0.00          1          1          0          0          0          0          0          0          0          0          0
  minor            :       0.00       0.00          0          0          0          0          0          0          0          0          0          0          0
  mixing           :       0.00       0.00          0          0          0          0          0          0          0          0          0          0          0
  oddcycle         :       0.00       0.00          0          0          0          0          0          0          0          0          0          0          0
  rapidlearning    :       0.85       0.00          0          0          0          0          0          0          0          0          0          0          0
  rlt              :       0.00       0.00         10         10          0          0          0          0          0          0          0          0          0
  zerohalf         :      32.82       0.00       3069         20          0          0       6102       9763          0       6812       6812          0          0
Cutselectors       :   ExecTime  SetupTime      Calls  RootCalls   Selected     Forced   Filtered  RootSelec   RootForc   RootFilt 
  hybrid           :       0.02       0.00       3301         19      10899          0      11135         31          0       1348
Pricers            :   ExecTime  SetupTime      Calls       Vars
  problem variables:       0.00          -          0          0
Branching Rules    :   ExecTime  SetupTime   BranchLP  BranchExt   BranchPS    Cutoffs    DomReds       Cuts      Conss   Children
  allfullstrong    :       0.00       0.00          0          0          0          0          0          0          0          0
  cloud            :       0.00       0.00          0          0          0          0          0          0          0          0
  distribution     :       0.00       0.00          0          0          0          0          0          0          0          0
  fullstrong       :       0.00       0.00          0          0          0          0          0          0          0          0
  inference        :       0.00       0.00          0          0          0          0          0          0          0          0
  leastinf         :       0.00       0.00          0          0          0          0          0          0          0          0
  lookahead        :       0.00       0.00          0          0          0          0          0          0          0          0
  mostinf          :       0.00       0.00          0          0          0          0          0          0          0          0
  multaggr         :       0.00       0.00          0          0          0          0          0          0          0          0
  nodereopt        :       0.00       0.00          0          0          0          0          0          0          0          0
  pscost           :       0.00       0.00          0          0          0          0          0          0          0          0
  random           :       0.00       0.00          0          0          0          0          0          0          0          0
  relpscost        :     420.65       0.00      27401          0          0          0        394          0        571      54536
  vanillafullstrong:       0.00       0.00          0          0          0          0          0          0          0          0
Primal Heuristics  :   ExecTime  SetupTime      Calls      Found       Best
  LP solutions     :       0.00          -          -          0          0
  relax solutions  :       0.00          -          -          0          0
  pseudo solutions :       0.00          -          -          0          0
  strong branching :       0.02          -          -          0          0
  actconsdiving    :       0.00       0.00          0          0          0
  adaptivediving   :       6.46       0.00         21          0          0
  alns             :       1.19       0.00          9          0          0
  bound            :       0.00       0.00          0          0          0
  clique           :       0.00       0.00          0          0          0
  coefdiving       :       0.00       0.00          0          0          0
  completesol      :       0.00       0.00          0          0          0
  conflictdiving   :      26.08       0.00        466          0          0
  crossover        :       4.85       0.00         12          8          0
  dins             :       0.00       0.00          0          0          0
  distributiondivin:     117.62       0.00        465          0          0
  dps              :       0.00       0.00          0          0          0
  dualval          :       0.00       0.00          0          0          0
  farkasdiving     :       0.00       0.00          0          0          0
  feaspump         :       7.71       0.00          1          1          0
  fixandinfer      :       0.00       0.00          0          0          0
  fracdiving       :       9.70       0.00        465          0          0
  gins             :       0.11       0.00          0          0          0
  guideddiving     :       9.90       0.00        466          0          0
  indicator        :       0.02       0.00          0          0          0
  intdiving        :       0.00       0.00          0          0          0
  intshifting      :       0.00       0.00          0          0          0
  linesearchdiving :      23.76       0.00        466          0          0
  localbranching   :       0.00       0.00          0          0          0
  locks            :       0.17       0.00          1          0          0
  lpface           :       0.02       0.00          0          0          0
  mpec             :       0.00       0.00          0          0          0
  multistart       :       0.00       0.00          0          0          0
  mutation         :       0.00       0.00          0          0          0
  nlpdiving        :       0.00       0.00          0          0          0
  objpscostdiving  :     242.27       0.00         43         11          0
  octane           :       0.00       0.00          0          0          0
  ofins            :       0.01       0.00          0          0          0
  oneopt           :       0.03       0.00          4          3          3
  padm             :       0.00       0.00          0          0          0
  proximity        :       0.00       0.00          0          0          0
  pscostdiving     :      39.68       0.00        466          0          0
  randrounding     :       0.31       0.00       2314          0          0
  rens             :       0.00       0.00          0          0          0
  reoptsols        :       0.00       0.00          0          0          0
  repair           :       0.00       0.00          0          0          0
  rins             :      14.11       0.00         16         14          1
  rootsoldiving    :      24.86       0.00         43          2          0
  rounding         :      13.41       0.00       2395          0          0
  shiftandpropagate:       0.00       0.00          0          0          0
  shifting         :       7.45       0.00        788          0          0
  simplerounding   :       0.03       0.00      30727          0          0
  subnlp           :       0.02       0.00          0          0          0
  trivial          :       0.01       0.00          2          1          1
  trivialnegation  :       0.00       0.00          0          0          0
  trustregion      :       0.00       0.00          0          0          0
  trysol           :       0.02       0.00          0          0          0
  twoopt           :       0.00       0.00          0          0          0
  undercover       :       0.00       0.00          0          0          0
  vbounds          :       0.00       0.00          0          0          0
  veclendiving     :      24.24       0.00        466          0          0
  zeroobj          :       0.00       0.00          0          0          0
  zirounding       :     168.48       0.00      27268        645          2
  other solutions  :          -          -          -          0          -
LP                 :       Time      Calls Iterations  Iter/call   Iter/sec  Time-0-It Calls-0-It    ItLimit
  primal LP        :     120.79       2115          0       0.00       0.00     120.79       2115
  dual LP          :    1705.37      32436    1484265      45.79     870.35       0.05         24
  lex dual LP      :       0.00          0          0       0.00          -
  barrier LP       :       0.00          0          0       0.00          -       0.00          0
  resolve instable :       0.00          0          0       0.00          -
  diving/probing LP:     396.39      12062     326460      27.07     823.57
  strong branching :     387.04       1851     315295     170.34     814.63          -          -        454
    (at root node) :          -         20      11719     585.95          -
  conflict analysis:       0.34         33        330      10.00     975.79
B&B Tree           :
  number of runs   :          1
  nodes            :      38171 (27268 internal, 10903 leaves)
  feasible leaves  :          0
  infeas. leaves   :       9192
  objective leaves :       1710
  nodes (total)    :      38171 (27268 internal, 10903 leaves)
  nodes left       :      12781
  max depth        :         99
  max depth (total):         99
  backtracks       :       7055 (18.5%)
  early backtracks :          0 (0.0%)
  nodes exc. ref.  :          0 (0.0%)
  delayed cutoffs  :       3583
  repropagations   :      18532 (49243 domain reductions, 2552 cutoffs)
  avg switch length:       4.79
  switching time   :     139.20
Root Node          :
  First LP value   : +1.35000000000000e+02
  First LP Iters   :       1803 (1376.88 Iter/sec)
  First LP Time    :       1.31
  Final Dual Bound : +1.40473173743052e+02
  Final Root Iters :       4275
  Root LP Estimate : +5.73769550210015e+02
Solution           :
  Solutions found  :        685 (7 improvements)
  First Solution   : +4.05000000000000e+02   (in run 1, after 0 nodes, 0.04 seconds, depth 0, found by <trivial>)
  Gap First Sol.   :   infinite
  Gap Last Sol.    :      66.91 %
  Primal Bound     : +3.48000000000000e+02   (in run 1, after 15866 nodes, 4173.98 seconds, depth 49, found by <zirounding>)
  Dual Bound       : +2.11500000000000e+02
  Gap              :      64.54 %
Integrals          :      Total       Avg%
  primal-dual      :  204387.26      28.39
  primal-ref       :          -          - (not evaluated)
  dual-ref         :          -          - (not evaluated)
written solution information to file <results/final_miplib_symretope_if_extended_generating_set_cpx_v802__settings_final_nopeek_norelabel_extend_norestarts__1__sts405.mps.gz.sol>
@04 1686660681
