FILENAME:   /home/mcs001/s132664/testsets/IP/miplib2017/acc-tight2.mps.gz
SETTINGS:   settings_final_nosym_norestarts
TIMELIMIT:  7200
OUTPUTNAME: final_miplib_symretope_if_extended_generating_set_cpx_v802__settings_final_nosym_norestarts__0__
BINNAME:    bin/sbcs.linux.x86_64.gnu.opt.cpx
BASENAME:   acc-tight2.mps.gz
SEED:       0
@01 /home/mcs001/s132664/testsets/IP/miplib2017/acc-tight2.mps.gz ===========
@02 acc-tight2.mps.gz
@03 1686649182
SCIP version 8.0.2 [precision: 8 byte] [memory: block] [mode: optimized] [LP solver: CPLEX 20.1.0.0] [GitHash: 5f0473c]
Copyright (C) 2002-2022 Konrad-Zuse-Zentrum fuer Informationstechnik Berlin (ZIB)

Symretope propagation methods - (c) Jasper van Doornmalen, Christopher Hojny.
[GitHash: 2fd0484]

reading parameter file <../settings/settings_final_nosym_norestarts.set> ...

Changed settings:
limits/time = 7200
limits/restarts = 0
misc/usesymmetry = 0
constraints/orbisack/sepafreq = -1
constraints/symresack/sepafreq = -1
propagating/symmetry/detectsubgroups = FALSE
propagating/symmetry/usesymretopes = FALSE
propagating/symmetry/relabelsymretopes = 0
propagating/symmetry/ofsymcomptiming = 0
constraints/symretope/sepafreq = -1
constraints/symretope/peek = FALSE


solving problem ...

original problem has 1620 variables (1620 bin, 0 int, 0 impl, 0 cont) and 2520 constraints
presolving:
(round 1, exhaustive) 0 del vars, 0 del conss, 0 add conss, 0 chg bounds, 0 chg sides, 0 chg coeffs, 2493 upgd conss, 0 impls, 1710 clqs
   (0.1s) probing: 51/1620 (3.1%) - 0 fixings, 0 aggregations, 0 implications, 0 bound changes
   (0.1s) probing aborted: 50/50 successive totally useless probings
presolving (2 rounds: 2 fast, 2 medium, 2 exhaustive):
 0 deleted vars, 0 deleted constraints, 0 added constraints, 0 tightened bounds, 0 added holes, 0 changed sides, 0 changed coefficients
 0 implications, 1710 cliques
presolved problem has 1620 variables (1620 bin, 0 int, 0 impl, 0 cont) and 2520 constraints
    387 constraints of type <knapsack>
   1710 constraints of type <setppc>
     27 constraints of type <linear>
    396 constraints of type <logicor>
transformed objective value is always integral (scale: 1)
Presolving Time: 0.06

 time | node  | left  |LP iter|LP it/n|mem/heur|mdpt |vars |cons |rows |cuts |sepa|confs|strbr|  dualbound   | primalbound  |  gap   | compl. 
  0.2s|     1 |     0 |    43 |     - |    26M |   0 |1620 |2621 |2520 |   0 |  0 | 100 |   0 | 0.000000e+00 |      --      |    Inf | unknown
  1.7s|     1 |     0 |  8874 |     - |    27M |   0 |1620 |2622 |2532 |  12 |  1 | 101 |   0 | 0.000000e+00 |      --      |    Inf | unknown
  2.3s|     1 |     0 | 12564 |     - |    28M |   0 |1620 |2623 |2538 |  18 |  2 | 102 |   0 | 0.000000e+00 |      --      |    Inf | unknown
  2.8s|     1 |     0 | 15896 |     - |    28M |   0 |1620 |2624 |2546 |  26 |  3 | 103 |   0 | 0.000000e+00 |      --      |    Inf | unknown
  3.3s|     1 |     0 | 19286 |     - |    29M |   0 |1620 |2625 |2552 |  32 |  4 | 104 |   0 | 0.000000e+00 |      --      |    Inf | unknown
  3.8s|     1 |     0 | 22106 |     - |    29M |   0 |1620 |2632 |2563 |  43 |  5 | 111 |   0 | 0.000000e+00 |      --      |    Inf | unknown
  4.2s|     1 |     0 | 24927 |     - |    29M |   0 |1620 |2634 |2576 |  56 |  6 | 113 |   0 | 0.000000e+00 |      --      |    Inf | unknown
  4.6s|     1 |     0 | 27367 |     - |    30M |   0 |1620 |2643 |2585 |  65 |  7 | 122 |   0 | 0.000000e+00 |      --      |    Inf | unknown
  5.1s|     1 |     0 | 30336 |     - |    30M |   0 |1620 |2647 |2593 |  73 |  8 | 126 |   0 | 0.000000e+00 |      --      |    Inf | unknown
  5.5s|     1 |     0 | 32884 |     - |    30M |   0 |1620 |2648 |2601 |  81 |  9 | 127 |   0 | 0.000000e+00 |      --      |    Inf | unknown
  5.9s|     1 |     0 | 35126 |     - |    31M |   0 |1620 |2649 |2611 |  91 | 10 | 128 |   0 | 0.000000e+00 |      --      |    Inf | unknown
  6.2s|     1 |     0 | 37489 |     - |    31M |   0 |1620 |2649 |2614 | 102 | 11 | 128 |   0 | 0.000000e+00 |      --      |    Inf | unknown
  7.9s|     1 |     2 | 42312 |     - |    31M |   0 |1620 |2653 |2614 | 102 | 11 | 132 |  11 | 0.000000e+00 |      --      |    Inf | unknown
 39.5s|   100 |   101 |223269 |1876.6 |    34M |  13 |1620 |2734 |2581 | 177 |  1 | 213 |  11 | 0.000000e+00 |      --      |    Inf | unknown
 65.5s|   200 |   201 |364463 |1643.1 |    36M |  25 |1620 |2841 |2575 | 239 |  1 | 320 |  11 | 0.000000e+00 |      --      |    Inf | unknown
 time | node  | left  |LP iter|LP it/n|mem/heur|mdpt |vars |cons |rows |cuts |sepa|confs|strbr|  dualbound   | primalbound  |  gap   | compl. 
o70.2s|   225 |   226 |396608 |1603.2 |feaspump|  25 |1620 |2861 |2583 | 258 |  1 | 341 |  11 | 0.000000e+00 | 0.000000e+00 |   0.00%| unknown

SCIP Status        : problem is solved [optimal solution found]
Solving Time (sec) : 70.24
Solving Nodes      : 225
Primal Bound       : +0.00000000000000e+00 (1 solutions)
Dual Bound         : +0.00000000000000e+00
Gap                : 0.00 %
SCIP Status        : problem is solved [optimal solution found]
Total Time         :      70.25
  solving          :      70.24
  presolving       :       0.06 (included in solving)
  reading          :       0.01
  copying          :       0.15 (22 #copies) (minimal 0.01, maximal 0.01, average 0.01)
Original Problem   :
  Problem name     : acc-tight2
  Variables        : 1620 (1620 binary, 0 integer, 0 implicit integer, 0 continuous)
  Constraints      : 2520 initial, 2520 maximal
  Objective        : minimize, 1 non-zeros (abs.min = 1, abs.max = 1)
Presolved Problem  :
  Problem name     : t_acc-tight2
  Variables        : 1620 (1620 binary, 0 integer, 0 implicit integer, 0 continuous)
  Constraints      : 2520 initial, 2861 maximal
  Objective        : minimize, 1 non-zeros (abs.min = 1, abs.max = 1)
  Nonzeros         : 15327 constraint, 6966 clique table
Presolvers         :   ExecTime  SetupTime  Calls  FixedVars   AggrVars   ChgTypes  ChgBounds   AddHoles    DelCons    AddCons   ChgSides   ChgCoefs
  boundshift       :       0.00       0.00      0          0          0          0          0          0          0          0          0          0
  convertinttobin  :       0.00       0.00      0          0          0          0          0          0          0          0          0          0
  domcol           :       0.00       0.00      1          0          0          0          0          0          0          0          0          0
  dualagg          :       0.00       0.00      0          0          0          0          0          0          0          0          0          0
  dualcomp         :       0.00       0.00      0          0          0          0          0          0          0          0          0          0
  dualinfer        :       0.00       0.00      0          0          0          0          0          0          0          0          0          0
  dualsparsify     :       0.01       0.00      1          0          0          0          0          0          0          0          0          0
  gateextraction   :       0.00       0.00      1          0          0          0          0          0          0          0          0          0
  implics          :       0.00       0.00      2          0          0          0          0          0          0          0          0          0
  inttobinary      :       0.00       0.00      0          0          0          0          0          0          0          0          0          0
  qpkktref         :       0.00       0.00      0          0          0          0          0          0          0          0          0          0
  redvub           :       0.00       0.00      0          0          0          0          0          0          0          0          0          0
  sparsify         :       0.01       0.00      1          0          0          0          0          0          0          0          0          0
  stuffing         :       0.00       0.00      0          0          0          0          0          0          0          0          0          0
  trivial          :       0.00       0.00      2          0          0          0          0          0          0          0          0          0
  tworowbnd        :       0.00       0.00      0          0          0          0          0          0          0          0          0          0
  dualfix          :       0.00       0.00      2          0          0          0          0          0          0          0          0          0
  genvbounds       :       0.00       0.00      0          0          0          0          0          0          0          0          0          0
  probing          :       0.01       0.00      1          0          0          0          0          0          0          0          0          0
  pseudoobj        :       0.00       0.00      0          0          0          0          0          0          0          0          0          0
  symmetry         :       0.00       0.00      0          0          0          0          0          0          0          0          0          0
  vbounds          :       0.00       0.00      1          0          0          0          0          0          0          0          0          0
  knapsack         :       0.01       0.00      3          0          0          0          0          0          0          0          0          0
  setppc           :       0.00       0.00      3          0          0          0          0          0          0          0          0          0
  linear           :       0.01       0.00      4          0          0          0          0          0          0          0          0          0
  logicor          :       0.00       0.00      3          0          0          0          0          0          0          0          0          0
  benders          :       0.00       0.00      0          0          0          0          0          0          0          0          0          0
  components       :       0.00       0.00      1          0          0          0          0          0          0          0          0          0
  root node        :          -          -      -          0          -          -          0          -          -          -          -          -
Constraints        :     Number  MaxNumber  #Separate #Propagate    #EnfoLP    #EnfoRelax  #EnfoPS    #Check   #ResProp    Cutoffs    DomReds       Cuts    Applied      Conss   Children
  benderslp        :          0          0          0          0        225          0          0         17          0          0          0          0          0          0          0
  integral         :          0          0          0          0        225          0          0         17          0          0          0          0          0          0        450
  knapsack         :        387+       397         11       8455          0          0          0         12        189         11         17          0          0          0          0
  setppc           :       1710       1710         11       8444          0          0          0          2       3449         33       2228          0          0          0          0
  linear           :         27+        37         11       8411          0          0          0          1        451         10         19          0          0          0          0
  logicor          :        396+       728         11       2823          0          0          0          1        442          7         53          0          0          0          0
  benders          :          0          0          0          0          0          0          0          2          0          0          0          0          0          0          0
  countsols        :          0          0          0          0          0          0          0          2          0          0          0          0          0          0          0
  components       :          0          0          0          0          0          0          0          0          0          0          0          0          0          0          0
Constraint Timings :  TotalTime  SetupTime   Separate  Propagate     EnfoLP     EnfoPS     EnfoRelax   Check    ResProp    SB-Prop
  benderslp        :       0.00       0.00       0.00       0.00       0.00       0.00       0.00       0.00       0.00       0.00
  integral         :       0.98       0.00       0.00       0.00       0.98       0.00       0.00       0.00       0.00       0.00
  knapsack         :       0.04       0.00       0.01       0.02       0.00       0.00       0.00       0.00       0.00       0.00
  setppc           :       0.07       0.00       0.00       0.07       0.00       0.00       0.00       0.00       0.00       0.00
  linear           :       0.01       0.00       0.00       0.01       0.00       0.00       0.00       0.00       0.00       0.00
  logicor          :       0.01       0.00       0.00       0.01       0.00       0.00       0.00       0.00       0.00       0.00
  benders          :       0.00       0.00       0.00       0.00       0.00       0.00       0.00       0.00       0.00       0.00
  countsols        :       0.00       0.00       0.00       0.00       0.00       0.00       0.00       0.00       0.00       0.00
  components       :       0.00       0.00       0.00       0.00       0.00       0.00       0.00       0.00       0.00       0.00
Propagators        : #Propagate   #ResProp    Cutoffs    DomReds
  dualfix          :          1          0          0          0
  genvbounds       :          0          0          0          0
  nlobbt           :          0          0          0          0
  obbt             :          0          0          0          0
  probing          :          0          0          0          0
  pseudoobj        :        713          0          0          0
  redcost          :        496          0          0          0
  rootredcost      :          1          0          0          0
  symmetry         :          0          0          0          0
  vbounds          :       3570          0          0          0
Propagator Timings :  TotalTime  SetupTime   Presolve  Propagate    ResProp    SB-Prop
  dualfix          :       0.00       0.00       0.00       0.00       0.00       0.00
  genvbounds       :       0.00       0.00       0.00       0.00       0.00       0.00
  nlobbt           :       0.00       0.00       0.00       0.00       0.00       0.00
  obbt             :       0.00       0.00       0.00       0.00       0.00       0.00
  probing          :       0.01       0.00       0.01       0.00       0.00       0.00
  pseudoobj        :       0.00       0.00       0.00       0.00       0.00       0.00
  redcost          :       0.02       0.00       0.00       0.02       0.00       0.00
  rootredcost      :       0.00       0.00       0.00       0.00       0.00       0.00
  symmetry         :       0.00       0.00       0.00       0.00       0.00       0.00
  vbounds          :       0.00       0.00       0.00       0.00       0.00       0.00
Conflict Analysis  :       Time      Calls    Success    DomReds  Conflicts   Literals    Reconvs ReconvLits   Dualrays   Nonzeros   LP Iters   (pool size: [10000,10000])
  propagation      :       0.00         51         50          -        422       62.7          5       10.6          -          -          -
  infeasible LP    :       0.02         17         17          -        489      195.1          0        0.0         11       64.7          0
  bound exceed. LP :       0.00          0          0          -          0        0.0          0        0.0          0        0.0          0
  strong branching :       0.00          0          0          -          0        0.0          0        0.0          -          -          0
  pseudo solution  :       0.00          0          0          -          0        0.0          0        0.0          -          -          -
  applied globally :       0.00          -          -          0        330       46.0          -          -         11          -          -
  applied locally  :          -          -          -          0          0        0.0          -          -          0          -          -
Separators         :   ExecTime  SetupTime      Calls  RootCalls    Cutoffs    DomReds  FoundCuts ViaPoolAdd  DirectAdd    Applied ViaPoolApp  DirectApp      Conss
  cut pool         :       0.00          -         95         21          -          -        455        268          -          -          -          -          -    (maximal pool size:        455)
  aggregation      :       0.04       0.00         45         11          0          0          0          0          0          0          0          0          0
  > cmir           :          -          -          -          -          -          -          -          0          0          0          0          0          -
  > flowcover      :          -          -          -          -          -          -          -          0          0          0          0          0          -
  > knapsackcover  :          -          -          -          -          -          -          -          0          0          0          0          0          -
  cgmip            :       0.00       0.00          0          0          0          0          0          0          0          0          0          0          0
  clique           :       0.04       0.00         11         11          0          0         65         95          0         86         86          0          0
  closecuts        :       0.00       0.00          0          0          0          0          0          0          0          0          0          0          0
  convexproj       :       0.00       0.00          0          0          0          0          0          0          0          0          0          0          0
  disjunctive      :       0.00       0.00          0          0          0          0          0          0          0          0          0          0          0
  eccuts           :       0.00       0.00          0          0          0          0          0          0          0          0          0          0          0
  gauge            :       0.00       0.00          0          0          0          0          0          0          0          0          0          0          0
  gomory           :       2.10       0.00         44         10          0          0        256        104          0         80         80          0          0
  > gomorymi       :          -          -          -          -          -          -          -         57          0         47         47          0          -
  > strongcg       :          -          -          -          -          -          -          -         47          0         33         33          0          -
  impliedbounds    :       0.00       0.00         45         11          0          0          0          0          0          0          0          0          0
  interminor       :       0.00       0.00          0          0          0          0          0          0          0          0          0          0          0
  intobj           :       0.00       0.00          0          0          0          0          0          0          0          0          0          0          0
  mcf              :       0.00       0.00          1          1          0          0          0          0          0          0          0          0          0
  minor            :       0.00       0.00          0          0          0          0          0          0          0          0          0          0          0
  mixing           :       0.00       0.00          0          0          0          0          0          0          0          0          0          0          0
  oddcycle         :       0.00       0.00          0          0          0          0          0          0          0          0          0          0          0
  rapidlearning    :       2.01       0.00         18          1          0          0          0          0          0          0          0          0         50
  rlt              :       0.00       0.00         10         10          0          0          0          0          0          0          0          0          0
  zerohalf         :       0.55       0.00         45         11          0          0        173         69         39         92         59         33          0
Cutselectors       :   ExecTime  SetupTime      Calls  RootCalls   Selected     Forced   Filtered  RootSelec   RootForc   RootFilt 
  hybrid           :       0.00       0.00         46         11        258          0         49        102          0         20
Pricers            :   ExecTime  SetupTime      Calls       Vars
  problem variables:       0.00          -          0          0
Branching Rules    :   ExecTime  SetupTime   BranchLP  BranchExt   BranchPS    Cutoffs    DomReds       Cuts      Conss   Children
  allfullstrong    :       0.00       0.00          0          0          0          0          0          0          0          0
  cloud            :       0.00       0.00          0          0          0          0          0          0          0          0
  distribution     :       0.00       0.00          0          0          0          0          0          0          0          0
  fullstrong       :       0.00       0.00          0          0          0          0          0          0          0          0
  inference        :       0.00       0.00          0          0          0          0          0          0          0          0
  leastinf         :       0.00       0.00          0          0          0          0          0          0          0          0
  lookahead        :       0.00       0.00          0          0          0          0          0          0          0          0
  mostinf          :       0.00       0.00          0          0          0          0          0          0          0          0
  multaggr         :       0.00       0.00          0          0          0          0          0          0          0          0
  nodereopt        :       0.00       0.00          0          0          0          0          0          0          0          0
  pscost           :       0.00       0.00          0          0          0          0          0          0          0          0
  random           :       0.00       0.00          0          0          0          0          0          0          0          0
  relpscost        :       0.98       0.00        225          0          0          0          0          0          0        450
  vanillafullstrong:       0.00       0.00          0          0          0          0          0          0          0          0
Primal Heuristics  :   ExecTime  SetupTime      Calls      Found       Best
  LP solutions     :       0.00          -          -          0          0
  relax solutions  :       0.00          -          -          0          0
  pseudo solutions :       0.00          -          -          0          0
  strong branching :       0.00          -          -          0          0
  actconsdiving    :       0.00       0.00          0          0          0
  adaptivediving   :       1.41       0.00          3          0          0
  alns             :       3.99       0.00          3          0          0
  bound            :       0.00       0.00          0          0          0
  clique           :       0.01       0.00          1          0          0
  coefdiving       :       0.00       0.00          0          0          0
  completesol      :       0.00       0.00          0          0          0
  conflictdiving   :       1.52       0.00          3          0          0
  crossover        :       0.00       0.00          0          0          0
  dins             :       0.00       0.00          0          0          0
  distributiondivin:       1.57       0.00          3          0          0
  dps              :       0.00       0.00          0          0          0
  dualval          :       0.00       0.00          0          0          0
  farkasdiving     :       0.00       0.00          0          0          0
  feaspump         :       1.97       0.00          2          1          1
  fixandinfer      :       0.00       0.00          0          0          0
  fracdiving       :       1.30       0.00          3          0          0
  gins             :       0.00       0.00          0          0          0
  guideddiving     :       0.00       0.00          0          0          0
  indicator        :       0.00       0.00          0          0          0
  intdiving        :       0.00       0.00          0          0          0
  intshifting      :       0.00       0.00          0          0          0
  linesearchdiving :       1.08       0.00          3          0          0
  localbranching   :       0.00       0.00          0          0          0
  locks            :       0.00       0.00          1          0          0
  lpface           :       0.00       0.00          0          0          0
  mpec             :       0.00       0.00          0          0          0
  multistart       :       0.00       0.00          0          0          0
  mutation         :       0.00       0.00          0          0          0
  nlpdiving        :       0.00       0.00          0          0          0
  objpscostdiving  :       7.99       0.00          2          0          0
  octane           :       0.00       0.00          0          0          0
  ofins            :       0.00       0.00          0          0          0
  oneopt           :       0.00       0.00          0          0          0
  padm             :       0.00       0.00          0          0          0
  proximity        :       0.00       0.00          0          0          0
  pscostdiving     :       0.99       0.00          3          0          0
  randrounding     :       0.05       0.00         20          0          0
  rens             :       0.05       0.00          1          0          0
  reoptsols        :       0.00       0.00          0          0          0
  repair           :       0.00       0.00          0          0          0
  rins             :       0.00       0.00          0          0          0
  rootsoldiving    :       2.16       0.00          2          0          0
  rounding         :       0.08       0.00        185          0          0
  shiftandpropagate:       0.01       0.00          1          0          0
  shifting         :       0.06       0.00         69          0          0
  simplerounding   :       0.00       0.00          0          0          0
  subnlp           :       0.00       0.00          0          0          0
  trivial          :       0.00       0.00          2          0          0
  trivialnegation  :       0.00       0.00          0          0          0
  trustregion      :       0.00       0.00          0          0          0
  trysol           :       0.00       0.00          0          0          0
  twoopt           :       0.00       0.00          0          0          0
  undercover       :       0.00       0.00          0          0          0
  vbounds          :       0.01       0.00          1          0          0
  veclendiving     :       1.30       0.00          3          0          0
  zeroobj          :       0.00       0.00          0          0          0
  zirounding       :       0.02       0.00        224          0          0
  other solutions  :          -          -          -          0          -
LP                 :       Time      Calls Iterations  Iter/call   Iter/sec  Time-0-It Calls-0-It    ItLimit
  primal LP        :       0.57         15          0       0.00       0.00       0.57         15
  dual LP          :      38.09        271     290892    1073.40    7636.51       0.00          0
  lex dual LP      :       0.00          0          0       0.00          -
  barrier LP       :       0.00          0          0       0.00          -       0.00          0
  resolve instable :       0.00          0          0       0.00          -
  diving/probing LP:      20.77        566     105716     186.78    5088.74
  strong branching :       0.93         11       7549     686.27    8131.01          -          -         12
    (at root node) :          -         11       7549     686.27          -
  conflict analysis:       0.00          0          0       0.00          -
B&B Tree           :
  number of runs   :          1
  nodes            :        225 (225 internal, 0 leaves)
  feasible leaves  :          0
  infeas. leaves   :          0
  objective leaves :          0
  nodes (total)    :        225 (225 internal, 0 leaves)
  nodes left       :          0
  max depth        :         25
  max depth (total):         25
  backtracks       :         24 (10.7%)
  early backtracks :          0 (0.0%)
  nodes exc. ref.  :          0 (0.0%)
  delayed cutoffs  :          0
  repropagations   :          0 (0 domain reductions, 0 cutoffs)
  avg switch length:       2.50
  switching time   :       0.54
Root Node          :
  First LP value   : +0.00000000000000e+00
  First LP Iters   :         43 (596.78 Iter/sec)
  First LP Time    :       0.07
  Final Dual Bound : +0.00000000000000e+00
  Final Root Iters :      37489
  Root LP Estimate : +2.90593834962325e-02
Solution           :
  Solutions found  :          1 (1 improvements)
  First Solution   : +0.00000000000000e+00   (in run 1, after 225 nodes, 70.24 seconds, depth 21, found by <feaspump>)
  Gap First Sol.   :       0.00 %
  Gap Last Sol.    :       0.00 %
  Primal Bound     : +0.00000000000000e+00   (in run 1, after 225 nodes, 70.24 seconds, depth 21, found by <feaspump>)
  Dual Bound       : +0.00000000000000e+00
  Gap              :       0.00 %
Integrals          :      Total       Avg%
  primal-dual      :    7023.55     100.00
  primal-ref       :          -          - (not evaluated)
  dual-ref         :          -          - (not evaluated)
written solution information to file <results/final_miplib_symretope_if_extended_generating_set_cpx_v802__settings_final_nosym_norestarts__0__acc-tight2.mps.gz.sol>
@04 1686649252
