FILENAME:   /home/mcs001/s132664/testsets/IP/miplib2017/academictimetablebig.mps.gz
SETTINGS:   settings_final_nopeek_norelabel_extend_norestarts
TIMELIMIT:  7200
OUTPUTNAME: final_miplib_symretope_if_extended_generating_set_cpx_v802__settings_final_nopeek_norelabel_extend_norestarts__4__
BINNAME:    bin/sbcs.linux.x86_64.gnu.opt.cpx
BASENAME:   academictimetablebig.mps.gz
SEED:       4
@01 /home/mcs001/s132664/testsets/IP/miplib2017/academictimetablebig.mps.gz ===========
@02 academictimetablebig.mps.gz
@03 1686665645
SCIP version 8.0.2 [precision: 8 byte] [memory: block] [mode: optimized] [LP solver: CPLEX 20.1.0.0] [GitHash: 5f0473c]
Copyright (C) 2002-2022 Konrad-Zuse-Zentrum fuer Informationstechnik Berlin (ZIB)

Symretope propagation methods - (c) Jasper van Doornmalen, Christopher Hojny.
[GitHash: 2fd0484]

reading parameter file <../settings/settings_final_nopeek_norelabel_extend_norestarts.set> ...

Changed settings:
limits/time = 7200
limits/restarts = 0
misc/usesymmetry = 1
randomization/randomseedshift = 4
constraints/orbisack/sepafreq = -1
constraints/symresack/sepafreq = -1
propagating/symmetry/addsymresacks = TRUE
propagating/symmetry/detectsubgroups = FALSE
propagating/symmetry/relabelsymretopes = 0
propagating/symmetry/extendgenerators = TRUE
propagating/symmetry/ofsymcomptiming = 0
constraints/symretope/sepafreq = -1
constraints/symretope/peek = FALSE


solving problem ...

original problem has 168974 variables (168974 bin, 0 int, 0 impl, 0 cont) and 167661 constraints
presolving:
(round 1, fast)       11570 del vars, 10910 del conss, 0 add conss, 10138 chg bounds, 115 chg sides, 225 chg coeffs, 0 upgd conss, 0 impls, 57636 clqs
(round 2, fast)       12048 del vars, 15358 del conss, 0 add conss, 10380 chg bounds, 131 chg sides, 232 chg coeffs, 0 upgd conss, 0 impls, 61611 clqs
(round 3, fast)       12227 del vars, 15374 del conss, 0 add conss, 10382 chg bounds, 131 chg sides, 232 chg coeffs, 0 upgd conss, 0 impls, 61602 clqs
(round 4, exhaustive) 12292 del vars, 19770 del conss, 0 add conss, 10382 chg bounds, 131 chg sides, 232 chg coeffs, 0 upgd conss, 0 impls, 61953 clqs
(round 5, exhaustive) 12293 del vars, 19771 del conss, 0 add conss, 10382 chg bounds, 131 chg sides, 232 chg coeffs, 144726 upgd conss, 0 impls, 62019 clqs
(round 6, medium)     14421 del vars, 22484 del conss, 3913 add conss, 10382 chg bounds, 583 chg sides, 55924 chg coeffs, 144726 upgd conss, 0 impls, 67340 clqs
(round 7, exhaustive) 14422 del vars, 23087 del conss, 3990 add conss, 10382 chg bounds, 604 chg sides, 56027 chg coeffs, 144726 upgd conss, 0 impls, 67406 clqs
(round 8, exhaustive) 14567 del vars, 23232 del conss, 3990 add conss, 10382 chg bounds, 604 chg sides, 62423 chg coeffs, 144726 upgd conss, 0 impls, 67406 clqs
   (6.9s) symmetry computation started: requiring (bin +, int +, cont +), (fixed: bin -, int -, cont -)
   (24.3s) symmetry computation finished: 393 generators found (max: 414, log10 of symmetry group size: 187.4)
(round 9, exhaustive) 15074 del vars, 23234 del conss, 4759 add conss, 10382 chg bounds, 636 chg sides, 68187 chg coeffs, 144728 upgd conss, 0 impls, 68360 clqs
(round 10, fast)       15075 del vars, 23912 del conss, 5319 add conss, 10382 chg bounds, 636 chg sides, 68393 chg coeffs, 144728 upgd conss, 0 impls, 68394 clqs
presolving (11 rounds: 11 fast, 7 medium, 6 exhaustive):
 15151 deleted vars, 23920 deleted constraints, 5320 added constraints, 10382 tightened bounds, 0 added holes, 636 changed sides, 73398 changed coefficients
 0 implications, 69337 cliques
presolved problem has 154048 variables (154048 bin, 0 int, 0 impl, 0 cont) and 149060 constraints
  51665 constraints of type <knapsack>
  58998 constraints of type <setppc>
     73 constraints of type <and>
   1010 constraints of type <xor>
   3127 constraints of type <linear>
    478 constraints of type <orbisack>
    182 constraints of type <orbitope>
     87 constraints of type <symretope>
  33440 constraints of type <logicor>
transformed objective value is always integral (scale: 1)
Presolving Time: 41.20

 time | node  | left  |LP iter|LP it/n|mem/heur|mdpt |vars |cons |rows |cuts |sepa|confs|strbr|  dualbound   | primalbound  |  gap   | compl. 
  124s|     1 |     0 | 31227 |     - |  2236M |   0 | 154k| 149k| 148k|   0 |  0 |  50 |   0 | 4.254444e+02 |      --      |    Inf | unknown
  418s|     1 |     0 | 78013 |     - |  2306M |   0 | 154k| 149k| 149k| 280 |  1 |  51 |   0 | 4.254444e+02 |      --      |    Inf | unknown
  656s|     1 |     0 |105128 |     - |  2332M |   0 | 154k| 148k| 149k| 439 |  2 |  52 |   0 | 4.254444e+02 |      --      |    Inf | unknown
 1150s|     1 |     0 |155082 |     - |  2356M |   0 | 154k| 148k| 149k| 528 |  3 |  55 |   0 | 4.254444e+02 |      --      |    Inf | unknown
 1743s|     1 |     0 |211052 |     - |  2380M |   0 | 154k| 148k| 149k| 676 |  4 |  58 |   0 | 4.254444e+02 |      --      |    Inf | unknown
 2585s|     1 |     0 |285547 |     - |  2406M |   0 | 154k| 148k| 149k| 829 |  5 |  59 |   0 | 4.254444e+02 |      --      |    Inf | unknown
 3489s|     1 |     0 |364945 |     - |  2426M |   0 | 154k| 148k| 149k| 950 |  6 |  61 |   0 | 4.254444e+02 |      --      |    Inf | unknown
 4415s|     1 |     0 |442877 |     - |  2448M |   0 | 154k| 148k| 149k|1090 |  7 |  62 |   0 | 4.254444e+02 |      --      |    Inf | unknown
 5381s|     1 |     0 |527550 |     - |  2469M |   0 | 154k| 148k| 149k|1225 |  8 |  64 |   0 | 4.254444e+02 |      --      |    Inf | unknown
 6263s|     1 |     0 |620289 |     - |  2488M |   0 | 154k| 148k| 150k|1320 |  9 |  67 |   0 | 4.254444e+02 |      --      |    Inf | unknown
 7055s|     1 |     0 |706349 |     - |  2506M |   0 | 154k| 148k| 150k|1416 | 10 |  69 |   0 | 4.254444e+02 |      --      |    Inf | unknown
 7200s|     1 |     0 |721979 |     - |  2535M |   0 | 154k| 148k| 150k|1496 | 11 |  71 |   0 | 4.254444e+02 |      --      |    Inf | unknown
(node 1) LP solver hit time limit in LP 28 -- using pseudo solution instead

SCIP Status        : solving was interrupted [time limit reached]
Solving Time (sec) : 7200.05
Solving Nodes      : 1
Primal Bound       : +1.00000000000000e+20 (0 solutions)
Dual Bound         : +4.25444444444445e+02
Gap                : infinite
SCIP Status        : solving was interrupted [time limit reached]
Total Time         :    7201.94
  solving          :    7200.05
  presolving       :      41.20 (included in solving)
  reading          :       1.90
  copying          :       0.00 (0 times copied the problem)
Original Problem   :
  Problem name     : academictimetablebig
  Variables        : 168974 (168974 binary, 0 integer, 0 implicit integer, 0 continuous)
  Constraints      : 167661 initial, 167661 maximal
  Objective        : minimize, 2482 non-zeros (abs.min = 1, abs.max = 1005)
Presolved Problem  :
  Problem name     : t_academictimetablebig
  Variables        : 154048 (154048 binary, 0 integer, 0 implicit integer, 0 continuous)
  Constraints      : 149060 initial, 149060 maximal
  Objective        : minimize, 14874 non-zeros (abs.min = 1, abs.max = 1005)
  Nonzeros         : 2805752 constraint, 603256 clique table
Presolvers         :   ExecTime  SetupTime  Calls  FixedVars   AggrVars   ChgTypes  ChgBounds   AddHoles    DelCons    AddCons   ChgSides   ChgCoefs
  boundshift       :       0.00       0.00      0          0          0          0          0          0          0          0          0          0
  convertinttobin  :       0.00       0.00      0          0          0          0          0          0          0          0          0          0
  domcol           :       0.00       0.00      2          0          0          0          0          0          0          0          0          0
  dualagg          :       0.00       0.00      0          0          0          0          0          0          0          0          0          0
  dualcomp         :       0.00       0.00      0          0          0          0          0          0          0          0          0          0
  dualinfer        :       0.00       0.00      0          0          0          0          0          0          0          0          0          0
  dualsparsify     :       0.00       0.00      2          0          0          0          0          0          0          0          0          0
  gateextraction   :       0.55       0.00      4          0          0          0          0          0        589         78          0          0
  implics          :       0.03       0.00      7          0          0          0          0          0          0          0          0          0
  inttobinary      :       0.00       0.00      0          0          0          0          0          0          0          0          0          0
  qpkktref         :       0.00       0.00      0          0          0          0          0          0          0          0          0          0
  redvub           :       0.00       0.00      0          0          0          0          0          0          0          0          0          0
  sparsify         :       0.00       0.00      1          0          0          0          0          0          0          0          0          0
  stuffing         :       0.00       0.00      0          0          0          0          0          0          0          0          0          0
  trivial          :       0.10       0.00     11        225          0          0          0          0          0          0          0          0
  tworowbnd        :       0.00       0.00      0          0          0          0          0          0          0          0          0          0
  dualfix          :       0.10       0.00     11        257          0          0          0          0          0          0          0          0
  genvbounds       :       0.00       0.00      0          0          0          0          0          0          0          0          0          0
  probing          :       0.24       0.01      2        132          0          0          0          0          0          0          0          0
  pseudoobj        :       0.00       0.00      0          0          0          0          0          0          0          0          0          0
  symmetry         :      33.41       0.00      1        448          0          0          0          0          0        747          0          0
  vbounds          :       0.29       0.00      2         54         36          0          0          0          0          0          0          0
  knapsack         :       1.15       0.02     14          0          0          0          0          0       1199       4495        481      18447
  setppc           :       1.44       0.03     14          0       2104          0          0          0       2191          0         24         24
  and              :       0.00       0.00      7          0          0          0          0          0          0          0          0          0
  xor              :       0.04       0.00     14          0        145          0          0          0        145          0          0          4
  linear           :       1.89       0.26     15      10382       1143          0      10382          0      19771          0        131        232
  orbisack         :       0.00       0.00      1          0          0          0          0          0          0          0          0          0
  orbitope         :       0.00       0.00      1          0          0          0          0          0          0          0          0          0
  symretope        :       0.00       0.00      1          0          0          0          0          0          0          0          0          0
  logicor          :       0.69       0.02     13          0          0          0          0          0         25          0          0      54691
  benders          :       0.00       0.00      0          0          0          0          0          0          0          0          0          0
  components       :       0.57       0.00      1          0          0          0          0          0          0          0          0          0
  root node        :          -          -      -        250          -          -        250          -          -          -          -          -
Constraints        :     Number  MaxNumber  #Separate #Propagate    #EnfoLP    #EnfoRelax  #EnfoPS    #Check   #ResProp    Cutoffs    DomReds       Cuts    Applied      Conss   Children
  benderslp        :          0          0          0          0          0          0          0          7          0          0          0          0          0          0          0
  integral         :          0          0          0          0          0          0          0          7          0          0          0          0          0          0          0
  knapsack         :      51665      51665         11      27419          0          0          0          3          4          1          0       1333        378          0          0
  setppc           :      58998      58998         11      27418          0          0          0          0        373         28          0          1          0          0          0
  and              :         73         73         11      27390          0          0          0          0          0          0          0        331        103          0          0
  xor              :       1010       1010         11      27390          0          0          0          0          9          2          0          0          0          0          0
  linear           :       3127       3127         11      27388          0          0          0          0        244          9          0        282         98          0          0
  orbisack         :        478        478          0         23          0          0          0          0        136          7          0          0          0          0          0
  orbitope         :        182        182          0      27368          0          0          0          0          0          0          0          0          0          0          0
  symretope        :         87         87          0         58          0          0          0          0          0          0          0          0          0          0          0
  logicor          :      33440+     33470         11       5027          0          0          0          0         50          7          1         11          6          0          0
  benders          :          0          0          0          0          0          0          0          0          0          0          0          0          0          0          0
  countsols        :          0          0          0          0          0          0          0          0          0          0          0          0          0          0          0
  components       :          0          0          0          0          0          0          0          0          0          0          0          0          0          0          0
Constraint Timings :  TotalTime  SetupTime   Separate  Propagate     EnfoLP     EnfoPS     EnfoRelax   Check    ResProp    SB-Prop
  benderslp        :       0.00       0.00       0.00       0.00       0.00       0.00       0.00       0.00       0.00       0.00
  integral         :       0.07       0.00       0.00       0.00       0.00       0.00       0.00       0.07       0.00       0.00
  knapsack         :       1.11       0.02       0.86       0.23       0.00       0.00       0.00       0.00       0.00       0.00
  setppc           :       0.42       0.03       0.16       0.22       0.00       0.00       0.00       0.00       0.00       0.00
  and              :       0.04       0.00       0.00       0.03       0.00       0.00       0.00       0.00       0.00       0.00
  xor              :       0.37       0.00       0.00       0.36       0.00       0.00       0.00       0.00       0.00       0.00
  linear           :       4.39       0.26       3.95       0.18       0.00       0.00       0.00       0.00       0.00       0.00
  orbisack         :       0.30       0.00       0.00       0.30       0.00       0.00       0.00       0.00       0.00       0.00
  orbitope         :       5.32       0.00       0.00       5.32       0.00       0.00       0.00       0.00       0.00       0.00
  symretope        :       0.02       0.00       0.00       0.02       0.00       0.00       0.00       0.00       0.00       0.00
  logicor          :       0.14       0.02       0.05       0.07       0.00       0.00       0.00       0.00       0.00       0.00
  benders          :       0.00       0.00       0.00       0.00       0.00       0.00       0.00       0.00       0.00       0.00
  countsols        :       0.00       0.00       0.00       0.00       0.00       0.00       0.00       0.00       0.00       0.00
  components       :       0.00       0.00       0.00       0.00       0.00       0.00       0.00       0.00       0.00       0.00
Propagators        : #Propagate   #ResProp    Cutoffs    DomReds
  dualfix          :          2          0          0          1
  genvbounds       :          0          0          0          0
  nlobbt           :          0          0          0          0
  obbt             :          0          0          0          0
  probing          :          0          0          0          0
  pseudoobj        :         13          0          0          0
  redcost          :         11          0          0          0
  rootredcost      :          0          0          0          0
  symmetry         :          0          0          0          0
  vbounds          :       1783          0          0          0
Propagator Timings :  TotalTime  SetupTime   Presolve  Propagate    ResProp    SB-Prop
  dualfix          :       0.11       0.00       0.10       0.02       0.00       0.00
  genvbounds       :       0.00       0.00       0.00       0.00       0.00       0.00
  nlobbt           :       0.00       0.00       0.00       0.00       0.00       0.00
  obbt             :       0.00       0.00       0.00       0.00       0.00       0.00
  probing          :       0.25       0.01       0.24       0.00       0.00       0.00
  pseudoobj        :       2.71       0.00       0.00       2.71       0.00       0.00
  redcost          :       0.13       0.00       0.00       0.13       0.00       0.00
  rootredcost      :       0.00       0.00       0.00       0.00       0.00       0.00
  symmetry         :      33.42       0.00      33.41       0.00       0.00       0.00
  vbounds          :       0.36       0.00       0.29       0.06       0.00       0.00
Orbital fixing     :
  vars fixed to 0  :          0
  vars fixed to 1  :          0
Conflict Analysis  :       Time      Calls    Success    DomReds  Conflicts   Literals    Reconvs ReconvLits   Dualrays   Nonzeros   LP Iters   (pool size: [10000,10000])
  propagation      :       0.00         48         48          -         98       13.6          4        3.0          -          -          -
  infeasible LP    :       0.00          0          0          -          0        0.0          0        0.0          0        0.0          0
  bound exceed. LP :       0.00          0          0          -          0        0.0          0        0.0          0        0.0          0
  strong branching :       0.00          0          0          -          0        0.0          0        0.0          -          -          0
  pseudo solution  :       0.00          0          0          -          0        0.0          0        0.0          -          -          -
  applied globally :       0.00          -          -          0         71        9.4          -          -          0          -          -
  applied locally  :          -          -          -          0          0        0.0          -          -          0          -          -
Separators         :   ExecTime  SetupTime      Calls  RootCalls    Cutoffs    DomReds  FoundCuts ViaPoolAdd  DirectAdd    Applied ViaPoolApp  DirectApp      Conss
  cut pool         :       0.02          -         21         21          -          -       3923       1345          -          -          -          -          -    (maximal pool size:       3907)
  aggregation      :       0.90       0.00         11         11          0          0        592        249          0        131        131          0          0
  > cmir           :          -          -          -          -          -          -          -         18          0          7          7          0          -
  > flowcover      :          -          -          -          -          -          -          -         90          0         41         41          0          -
  > knapsackcover  :          -          -          -          -          -          -          -        141          0         83         83          0          -
  cgmip            :       0.00       0.00          0          0          0          0          0          0          0          0          0          0          0
  clique           :      27.31       0.00         11         11          0          0         45         25          0         18         18          0          0
  closecuts        :       0.00       0.00          0          0          0          0          0          0          0          0          0          0          0
  convexproj       :       0.00       0.00          0          0          0          0          0          0          0          0          0          0          0
  disjunctive      :       0.00       0.00          0          0          0          0          0          0          0          0          0          0          0
  eccuts           :       0.00       0.00          0          0          0          0          0          0          0          0          0          0          0
  gauge            :       0.00       0.00          0          0          0          0          0          0          0          0          0          0          0
  gomory           :       4.18       0.00         10         10          0          0       2002        286         60        166        109         57          0
  > gomorymi       :          -          -          -          -          -          -          -         27         30         37          7         30          -
  > strongcg       :          -          -          -          -          -          -          -        259         30        129        102         27          -
  impliedbounds    :       0.17       0.00         11         11          0        113        914        371          0        191        191          0          0
  interminor       :       0.00       0.00          0          0          0          0          0          0          0          0          0          0          0
  intobj           :       0.00       0.00          0          0          0          0          0          0          0          0          0          0          0
  mcf              :       0.23       0.00          1          1          0          0          0          0          0          0          0          0          0
  minor            :       0.00       0.00          0          0          0          0          0          0          0          0          0          0          0
  mixing           :       0.00       0.00          0          0          0          0          0          0          0          0          0          0          0
  oddcycle         :       0.00       0.00          0          0          0          0          0          0          0          0          0          0          0
  rapidlearning    :       0.00       0.00          0          0          0          0          0          0          0          0          0          0          0
  rlt              :       0.00       0.00         10         10          0          0          0          0          0          0          0          0          0
  zerohalf         :      16.61       0.00         11         11          0          0        430        414          0        388        388          0          0
Cutselectors       :   ExecTime  SetupTime      Calls  RootCalls   Selected     Forced   Filtered  RootSelec   RootForc   RootFilt 
  hybrid           :       0.01       0.00         11         11       1420         76       1943       1420         76       1943
Pricers            :   ExecTime  SetupTime      Calls       Vars
  problem variables:       0.00          -          0          0
Branching Rules    :   ExecTime  SetupTime   BranchLP  BranchExt   BranchPS    Cutoffs    DomReds       Cuts      Conss   Children
  allfullstrong    :       0.00       0.00          0          0          0          0          0          0          0          0
  cloud            :       0.00       0.00          0          0          0          0          0          0          0          0
  distribution     :       0.00       0.00          0          0          0          0          0          0          0          0
  fullstrong       :       0.00       0.00          0          0          0          0          0          0          0          0
  inference        :       0.00       0.00          0          0          0          0          0          0          0          0
  leastinf         :       0.00       0.00          0          0          0          0          0          0          0          0
  lookahead        :       0.00       0.00          0          0          0          0          0          0          0          0
  mostinf          :       0.00       0.00          0          0          0          0          0          0          0          0
  multaggr         :       0.00       0.00          0          0          0          0          0          0          0          0
  nodereopt        :       0.00       0.00          0          0          0          0          0          0          0          0
  pscost           :       0.00       0.00          0          0          0          0          0          0          0          0
  random           :       0.00       0.00          0          0          0          0          0          0          0          0
  relpscost        :       0.00       0.00          0          0          0          0          0          0          0          0
  vanillafullstrong:       0.00       0.00          0          0          0          0          0          0          0          0
Primal Heuristics  :   ExecTime  SetupTime      Calls      Found       Best
  LP solutions     :       0.00          -          -          0          0
  relax solutions  :       0.00          -          -          0          0
  pseudo solutions :       0.00          -          -          0          0
  strong branching :       0.00          -          -          0          0
  actconsdiving    :       0.00       0.00          0          0          0
  adaptivediving   :       0.00       0.00          0          0          0
  alns             :       0.00       0.00          0          0          0
  bound            :       0.00       0.00          0          0          0
  clique           :       1.02       0.00          1          0          0
  coefdiving       :       0.00       0.00          0          0          0
  completesol      :       0.00       0.00          0          0          0
  conflictdiving   :       0.00       0.00          0          0          0
  crossover        :       0.00       0.00          0          0          0
  dins             :       0.00       0.00          0          0          0
  distributiondivin:       0.00       0.00          0          0          0
  dps              :       0.00       0.00          0          0          0
  dualval          :       0.00       0.00          0          0          0
  farkasdiving     :       0.00       0.00          0          0          0
  feaspump         :     157.34       0.00          1          0          0
  fixandinfer      :       0.00       0.00          0          0          0
  fracdiving       :       0.00       0.00          0          0          0
  gins             :       0.00       0.00          0          0          0
  guideddiving     :       0.00       0.00          0          0          0
  indicator        :       0.00       0.00          0          0          0
  intdiving        :       0.00       0.00          0          0          0
  intshifting      :       0.00       0.00          0          0          0
  linesearchdiving :       0.00       0.00          0          0          0
  localbranching   :       0.00       0.00          0          0          0
  locks            :       1.45       0.00          1          0          0
  lpface           :       0.00       0.00          0          0          0
  mpec             :       0.00       0.00          0          0          0
  multistart       :       0.00       0.00          0          0          0
  mutation         :       0.00       0.00          0          0          0
  nlpdiving        :       0.00       0.00          0          0          0
  objpscostdiving  :       0.00       0.00          0          0          0
  octane           :       0.00       0.00          0          0          0
  ofins            :       0.00       0.00          0          0          0
  oneopt           :       0.00       0.00          0          0          0
  padm             :       0.00       0.00          0          0          0
  proximity        :       0.00       0.00          0          0          0
  pscostdiving     :       0.00       0.00          0          0          0
  randrounding     :       0.97       0.00         11          0          0
  rens             :       0.00       0.00          0          0          0
  reoptsols        :       0.00       0.00          0          0          0
  repair           :       0.00       0.00          0          0          0
  rins             :       0.00       0.00          0          0          0
  rootsoldiving    :       0.00       0.00          0          0          0
  rounding         :       0.10       0.00         11          0          0
  shiftandpropagate:       0.28       0.00          1          0          0
  shifting         :       1.76       0.00         11          0          0
  simplerounding   :       0.01       0.00         11          0          0
  subnlp           :       0.00       0.00          0          0          0
  trivial          :       0.31       0.00          2          0          0
  trivialnegation  :       0.00       0.00          0          0          0
  trustregion      :       0.00       0.00          0          0          0
  trysol           :       0.00       0.00          0          0          0
  twoopt           :       0.00       0.00          0          0          0
  undercover       :       0.00       0.00          1          0          0
  vbounds          :       5.49       0.00          1          0          0
  veclendiving     :       0.00       0.00          0          0          0
  zeroobj          :       0.00       0.00          0          0          0
  zirounding       :       0.00       0.00          0          0          0
  other solutions  :          -          -          -          0          -
LP                 :       Time      Calls Iterations  Iter/call   Iter/sec  Time-0-It Calls-0-It    ItLimit
  primal LP        :       0.00          0          0       0.00          -       0.00          0
  dual LP          :    6928.41         14     692673   57722.75      99.98       1.02          2
  lex dual LP      :       0.00          0          0       0.00          -
  barrier LP       :       0.00          0          0       0.00          -       0.00          0
  resolve instable :       0.00          0          0       0.00          -
  diving/probing LP:     155.36         16      29306    1831.62     188.63
  strong branching :       0.00          0          0       0.00          -          -          -          0
    (at root node) :          -          0          0       0.00          -
  conflict analysis:       0.00          0          0       0.00          -
B&B Tree           :
  number of runs   :          1
  nodes            :          1 (0 internal, 1 leaves)
  feasible leaves  :          0
  infeas. leaves   :          0
  objective leaves :          0
  nodes (total)    :          1 (0 internal, 1 leaves)
  nodes left       :          1
  max depth        :          0
  max depth (total):          0
  backtracks       :          0 (0.0%)
  early backtracks :          0 (0.0%)
  nodes exc. ref.  :          0 (0.0%)
  delayed cutoffs  :          0
  repropagations   :          0 (0 domain reductions, 0 cutoffs)
  avg switch length:       1.00
  switching time   :       0.00
Root Node          :
  First LP value   : +4.25444444444444e+02
  First LP Iters   :      31227 (442.15 Iter/sec)
  First LP Time    :      70.62
  Final Dual Bound : +4.25444444444445e+02
  Final Root Iters :     721979
  Root LP Estimate :                     -
Solution           :
  Solutions found  :          0 (0 improvements)
  Primal Bound     :          -
  Dual Bound       : +4.25444444444445e+02
  Gap              :   infinite
Integrals          :      Total       Avg%
  primal-dual      :  720004.81     100.00
  primal-ref       :          -          - (not evaluated)
  dual-ref         :          -          - (not evaluated)
written solution information to file <results/final_miplib_symretope_if_extended_generating_set_cpx_v802__settings_final_nopeek_norelabel_extend_norestarts__4__academictimetablebig.mps.gz.sol>
@04 1686672849
