FILENAME:   /home/mcs001/s132664/testsets/IP/miplib2017/wachplan.mps.gz
SETTINGS:   settings_final_nopeek_norelabel_extend_norestarts
TIMELIMIT:  7200
OUTPUTNAME: final_miplib_symretope_if_extended_generating_set_cpx_v802__settings_final_nopeek_norelabel_extend_norestarts__0__
BINNAME:    bin/sbcs.linux.x86_64.gnu.opt.cpx
BASENAME:   wachplan.mps.gz
SEED:       0
@01 /home/mcs001/s132664/testsets/IP/miplib2017/wachplan.mps.gz ===========
@02 wachplan.mps.gz
@03 1686649325
SCIP version 8.0.2 [precision: 8 byte] [memory: block] [mode: optimized] [LP solver: CPLEX 20.1.0.0] [GitHash: 5f0473c]
Copyright (C) 2002-2022 Konrad-Zuse-Zentrum fuer Informationstechnik Berlin (ZIB)

Symretope propagation methods - (c) Jasper van Doornmalen, Christopher Hojny.
[GitHash: 2fd0484]

reading parameter file <../settings/settings_final_nopeek_norelabel_extend_norestarts.set> ...

Changed settings:
limits/time = 7200
limits/restarts = 0
misc/usesymmetry = 1
constraints/orbisack/sepafreq = -1
constraints/symresack/sepafreq = -1
propagating/symmetry/addsymresacks = TRUE
propagating/symmetry/detectsubgroups = FALSE
propagating/symmetry/relabelsymretopes = 0
propagating/symmetry/extendgenerators = TRUE
propagating/symmetry/ofsymcomptiming = 0
constraints/symretope/sepafreq = -1
constraints/symretope/peek = FALSE


solving problem ...

original problem has 3361 variables (3360 bin, 1 int, 0 impl, 0 cont) and 1553 constraints
presolving:
(round 1, fast)       1025 del vars, 789 del conss, 0 add conss, 34 chg bounds, 0 chg sides, 0 chg coeffs, 0 upgd conss, 0 impls, 418 clqs
(round 2, fast)       1295 del vars, 831 del conss, 0 add conss, 70 chg bounds, 0 chg sides, 0 chg coeffs, 0 upgd conss, 0 impls, 440 clqs
(round 3, exhaustive) 1296 del vars, 913 del conss, 0 add conss, 70 chg bounds, 56 chg sides, 0 chg coeffs, 0 upgd conss, 0 impls, 440 clqs
(round 4, exhaustive) 1296 del vars, 913 del conss, 0 add conss, 70 chg bounds, 56 chg sides, 0 chg coeffs, 606 upgd conss, 0 impls, 440 clqs
(round 5, medium)     1296 del vars, 943 del conss, 20 add conss, 70 chg bounds, 76 chg sides, 60 chg coeffs, 606 upgd conss, 0 impls, 440 clqs
   (0.4s) probing: 1000/2300 (43.5%) - 19 fixings, 0 aggregations, 93942 implications, 0 bound changes
   (0.7s) probing: 2000/2300 (87.0%) - 19 fixings, 2 aggregations, 224168 implications, 0 bound changes
   (0.9s) probing cycle finished: starting next cycle
(round 6, exhaustive) 1318 del vars, 943 del conss, 20 add conss, 70 chg bounds, 76 chg sides, 60 chg coeffs, 606 upgd conss, 4186 impls, 86601 clqs
(round 7, fast)       1318 del vars, 953 del conss, 20 add conss, 70 chg bounds, 76 chg sides, 87 chg coeffs, 606 upgd conss, 4186 impls, 86601 clqs
(round 8, exhaustive) 1318 del vars, 954 del conss, 20 add conss, 70 chg bounds, 76 chg sides, 87 chg coeffs, 606 upgd conss, 4186 impls, 86601 clqs
(round 9, exhaustive) 1320 del vars, 954 del conss, 20 add conss, 70 chg bounds, 76 chg sides, 87 chg coeffs, 606 upgd conss, 4186 impls, 86601 clqs
   (0.9s) probing: 51/2278 (2.2%) - 19 fixings, 3 aggregations, 262606 implications, 0 bound changes
   (0.9s) probing aborted: 50/50 successive totally useless probings
   (0.9s) symmetry computation started: requiring (bin +, int +, cont +), (fixed: bin -, int -, cont -)
   (0.9s) symmetry computation finished: 5 generators found (max: 1500, log10 of symmetry group size: 1.9)
(round 10, exhaustive) 1320 del vars, 954 del conss, 35 add conss, 70 chg bounds, 76 chg sides, 87 chg coeffs, 606 upgd conss, 4186 impls, 86601 clqs
presolving (11 rounds: 11 fast, 8 medium, 7 exhaustive):
 1320 deleted vars, 954 deleted constraints, 35 added constraints, 70 tightened bounds, 0 added holes, 76 changed sides, 87 changed coefficients
 4186 implications, 86601 cliques
presolved problem has 2279 variables (2278 bin, 1 int, 0 impl, 0 cont) and 634 constraints
    168 constraints of type <knapsack>
    392 constraints of type <setppc>
     34 constraints of type <linear>
     11 constraints of type <orbisack>
      4 constraints of type <symretope>
     25 constraints of type <logicor>
transformed objective value is always integral (scale: 1)
Presolving Time: 0.90

 time | node  | left  |LP iter|LP it/n|mem/heur|mdpt |vars |cons |rows |cuts |sepa|confs|strbr|  dualbound   | primalbound  |  gap   | compl. 
  1.1s|     1 |     0 |  1489 |     - |    60M |   0 |2279 | 755 | 638 |   0 |  0 | 120 |   0 |-9.000000e+00 |      --      |    Inf | unknown
  1.5s|     1 |     0 |  7204 |     - |    61M |   0 |2279 | 755 | 638 |   0 |  0 | 120 |   0 |-9.000000e+00 |      --      |    Inf | unknown
  1.7s|     1 |     0 |  7408 |     - |    61M |   0 |2279 | 755 | 644 |   6 |  1 | 120 |   0 |-9.000000e+00 |      --      |    Inf | unknown
  1.8s|     1 |     0 |  7624 |     - |    61M |   0 |2279 | 755 | 647 |   9 |  2 | 121 |   0 |-9.000000e+00 |      --      |    Inf | unknown
  1.8s|     1 |     0 |  7763 |     - |    61M |   0 |2279 | 756 | 649 |  11 |  3 | 122 |   0 |-9.000000e+00 |      --      |    Inf | unknown
  1.9s|     1 |     0 |  7802 |     - |    61M |   0 |2279 | 756 | 650 |  12 |  4 | 122 |   0 |-9.000000e+00 |      --      |    Inf | unknown
  1.9s|     1 |     0 |  7918 |     - |    62M |   0 |2279 | 761 | 652 |  14 |  5 | 127 |   0 |-9.000000e+00 |      --      |    Inf | unknown
  1.9s|     1 |     0 |  8027 |     - |    62M |   0 |2279 | 762 | 655 |  17 |  6 | 128 |   0 |-9.000000e+00 |      --      |    Inf | unknown
  2.0s|     1 |     0 |  8148 |     - |    62M |   0 |2279 | 763 | 656 |  18 |  7 | 129 |   0 |-9.000000e+00 |      --      |    Inf | unknown
  2.0s|     1 |     0 |  8300 |     - |    62M |   0 |2279 | 764 | 658 |  20 |  8 | 130 |   0 |-9.000000e+00 |      --      |    Inf | unknown
  2.1s|     1 |     0 |  8428 |     - |    62M |   0 |2279 | 767 | 659 |  21 |  9 | 133 |   0 |-9.000000e+00 |      --      |    Inf | unknown
  2.1s|     1 |     0 |  8593 |     - |    62M |   0 |2279 | 767 | 664 |  26 | 10 | 133 |   0 |-9.000000e+00 |      --      |    Inf | unknown
  2.1s|     1 |     0 |  8653 |     - |    62M |   0 |2279 | 767 | 642 |  28 | 11 | 133 |   0 |-9.000000e+00 |      --      |    Inf | unknown
  2.8s|     1 |     2 | 10392 |     - |    62M |   0 |2279 | 786 | 642 |  28 | 11 | 152 |  11 |-9.000000e+00 |      --      |    Inf | unknown
 11.8s|   100 |    89 | 48567 | 405.5 |    69M |  21 |2279 | 863 | 627 | 113 |  1 | 231 | 291 |-9.000000e+00 |      --      |    Inf | unknown
 time | node  | left  |LP iter|LP it/n|mem/heur|mdpt |vars |cons |rows |cuts |sepa|confs|strbr|  dualbound   | primalbound  |  gap   | compl. 
o15.4s|   177 |   158 | 83733 | 427.9 |rootsold|  24 |2279 | 922 | 630 | 217 |  1 | 297 | 314 |-9.000000e+00 |-8.000000e+00 |  12.50%|   3.82%
 16.1s|   200 |    43 | 95168 | 435.9 |    72M |  24 |2279 | 927 | 632 | 229 |  0 | 302 | 314 |-9.000000e+00 |-8.000000e+00 |  12.50%|  34.96%
 21.3s|   300 |    47 |155810 | 492.9 |    73M |  24 |2279 | 999 | 632 | 256 |  0 | 374 | 314 |-9.000000e+00 |-8.000000e+00 |  12.50%|  37.08%
 24.4s|   400 |    57 |205051 | 492.8 |    74M |  24 |2279 |1033 | 634 | 285 |  0 | 409 | 314 |-9.000000e+00 |-8.000000e+00 |  12.50%|  38.06%
 27.1s|   500 |    64 |250284 | 484.7 |    75M |  24 |2279 |1051 | 632 | 320 |  0 | 429 | 314 |-9.000000e+00 |-8.000000e+00 |  12.50%|  40.04%
 30.8s|   600 |    68 |308771 | 501.4 |    76M |  24 |2279 |1130 | 632 | 333 |  2 | 510 | 319 |-9.000000e+00 |-8.000000e+00 |  12.50%|  40.08%
 34.1s|   700 |    60 |366456 | 512.2 |    76M |  24 |2279 |1164 | 632 | 333 |  0 | 546 | 319 |-9.000000e+00 |-8.000000e+00 |  12.50%|  40.11%
 37.1s|   800 |    58 |417276 | 511.7 |    77M |  24 |2279 |1254 | 640 | 371 |  2 | 638 | 319 |-9.000000e+00 |-8.000000e+00 |  12.50%|  42.19%
 40.1s|   900 |    64 |464481 | 507.3 |    77M |  24 |2279 |1341 | 631 | 409 |  0 | 729 | 319 |-9.000000e+00 |-8.000000e+00 |  12.50%|  42.25%
Restart triggered after 50 consecutive estimations that the remaining tree will be large
 42.0s|  1000 |    53 |499753 | 491.8 |    77M |  24 |2279 |1409 | 631 | 409 |  0 | 801 | 319 |-9.000000e+00 |-8.000000e+00 |  12.50%|  42.28%
 45.1s|  1100 |    57 |551315 | 494.0 |    77M |  24 |2279 |1507 | 637 | 440 |  0 | 906 | 319 |-9.000000e+00 |-8.000000e+00 |  12.50%|  43.40%
 48.8s|  1200 |    61 |612920 | 504.2 |    78M |  24 |2279 |1583 | 641 | 511 |  1 | 990 | 319 |-9.000000e+00 |-8.000000e+00 |  12.50%|  43.50%
 51.9s|  1300 |    53 |665885 | 506.1 |    78M |  24 |2279 |1630 |   0 | 533 |  0 |1042 | 319 |-9.000000e+00 |-8.000000e+00 |  12.50%|  43.55%
 56.3s|  1400 |    83 |728877 | 515.0 |    79M |  24 |2279 |1692 | 632 | 622 |  2 |1119 | 319 |-9.000000e+00 |-8.000000e+00 |  12.50%|  45.73%
 59.6s|  1500 |   109 |775698 | 511.9 |    79M |  24 |2279 |1759 | 634 | 682 |  0 |1194 | 319 |-9.000000e+00 |-8.000000e+00 |  12.50%|  45.79%
 time | node  | left  |LP iter|LP it/n|mem/heur|mdpt |vars |cons |rows |cuts |sepa|confs|strbr|  dualbound   | primalbound  |  gap   | compl. 
 63.3s|  1600 |   117 |828978 | 513.2 |    80M |  25 |2279 |1816 | 631 | 767 |  0 |1262 | 319 |-9.000000e+00 |-8.000000e+00 |  12.50%|  45.94%
 66.1s|  1700 |   123 |873646 | 509.3 |    80M |  25 |2279 |1905 | 634 | 787 |  0 |1359 | 319 |-9.000000e+00 |-8.000000e+00 |  12.50%|  45.95%
 69.4s|  1800 |   115 |921821 | 507.7 |    80M |  25 |2279 |1995 | 636 | 845 |  0 |1460 | 319 |-9.000000e+00 |-8.000000e+00 |  12.50%|  46.00%
 72.4s|  1900 |   120 |969280 | 506.0 |    80M |  25 |2279 |2048 | 639 | 886 |  0 |1539 | 319 |-9.000000e+00 |-8.000000e+00 |  12.50%|  46.05%
 75.6s|  2000 |   126 |  1021k| 506.8 |    80M |  25 |2279 |2088 | 633 | 916 |  1 |1599 | 319 |-9.000000e+00 |-8.000000e+00 |  12.50%|  46.14%
 79.1s|  2100 |   116 |  1081k| 511.2 |    80M |  25 |2279 |2115 | 641 | 952 |  1 |1641 | 319 |-9.000000e+00 |-8.000000e+00 |  12.50%|  46.22%
 83.0s|  2200 |   124 |  1126k| 508.6 |    80M |  25 |2279 |2145 | 635 | 964 |  1 |1681 | 319 |-9.000000e+00 |-8.000000e+00 |  12.50%|  46.25%
 85.9s|  2300 |   126 |  1179k| 509.2 |    80M |  25 |2279 |2192 | 635 | 964 |  1 |1733 | 319 |-9.000000e+00 |-8.000000e+00 |  12.50%|  46.26%
 88.9s|  2400 |   121 |  1232k| 510.2 |    80M |  25 |2279 |2199 | 635 | 964 |  1 |1787 | 319 |-9.000000e+00 |-8.000000e+00 |  12.50%|  46.28%
 91.9s|  2500 |   113 |  1285k| 511.1 |    81M |  25 |2279 |2242 | 631 | 964 |  0 |1849 | 319 |-9.000000e+00 |-8.000000e+00 |  12.50%|  46.31%
 95.0s|  2600 |   117 |  1339k| 512.3 |    81M |  25 |2279 |2254 | 637 | 981 |  1 |1879 | 319 |-9.000000e+00 |-8.000000e+00 |  12.50%|  46.34%
 98.0s|  2700 |   122 |  1389k| 511.6 |    81M |  25 |2279 |2283 | 632 | 994 |  0 |1946 | 319 |-9.000000e+00 |-8.000000e+00 |  12.50%|  46.36%
  101s|  2800 |   123 |  1439k| 511.2 |    81M |  25 |2279 |2341 | 637 |1021 |  1 |2011 | 319 |-9.000000e+00 |-8.000000e+00 |  12.50%|  46.39%
  104s|  2900 |   123 |  1490k| 511.1 |    81M |  25 |2279 |2419 | 637 |1029 |  1 |2098 | 319 |-9.000000e+00 |-8.000000e+00 |  12.50%|  46.40%
  107s|  3000 |   121 |  1532k| 508.1 |    81M |  25 |2279 |2440 | 632 |1062 |  1 |2183 | 319 |-9.000000e+00 |-8.000000e+00 |  12.50%|  46.46%
 time | node  | left  |LP iter|LP it/n|mem/heur|mdpt |vars |cons |rows |cuts |sepa|confs|strbr|  dualbound   | primalbound  |  gap   | compl. 
  109s|  3100 |   117 |  1571k| 504.5 |    82M |  25 |2279 |2503 | 632 |1084 |  1 |2267 | 319 |-9.000000e+00 |-8.000000e+00 |  12.50%|  46.50%
  112s|  3200 |   115 |  1623k| 504.9 |    82M |  25 |2279 |2540 | 633 |1102 |  0 |2320 | 323 |-9.000000e+00 |-8.000000e+00 |  12.50%|  46.54%
  114s|  3300 |   117 |  1662k| 501.4 |    82M |  25 |2279 |2587 | 640 |1128 |  2 |2391 | 323 |-9.000000e+00 |-8.000000e+00 |  12.50%|  46.59%
  117s|  3400 |   119 |  1713k| 501.6 |    82M |  25 |2279 |2599 | 638 |1178 |  0 |2431 | 323 |-9.000000e+00 |-8.000000e+00 |  12.50%|  46.66%
  121s|  3500 |   109 |  1773k| 504.4 |    83M |  25 |2279 |2528 | 631 |1204 |  2 |2448 | 323 |-9.000000e+00 |-8.000000e+00 |  12.50%|  47.68%
  123s|  3600 |   107 |  1815k| 502.0 |    83M |  25 |2279 |2585 | 632 |1207 |  1 |2535 | 328 |-9.000000e+00 |-8.000000e+00 |  12.50%|  47.70%
  127s|  3700 |   107 |  1873k| 504.2 |    83M |  25 |2279 |2570 | 634 |1255 |  2 |2579 | 328 |-9.000000e+00 |-8.000000e+00 |  12.50%|  47.83%
  130s|  3800 |   111 |  1927k| 505.1 |    83M |  25 |2279 |2574 | 639 |1296 |  0 |2614 | 328 |-9.000000e+00 |-8.000000e+00 |  12.50%|  47.87%
  134s|  3900 |   119 |  1988k| 507.8 |    83M |  25 |2279 |2479 | 632 |1340 |  2 |2680 | 328 |-9.000000e+00 |-8.000000e+00 |  12.50%|  48.74%
  138s|  4000 |   117 |  2034k| 506.8 |    83M |  25 |2279 |2522 | 632 |1356 |  1 |2787 | 328 |-9.000000e+00 |-8.000000e+00 |  12.50%|  48.74%
  141s|  4100 |   125 |  2086k| 507.0 |    84M |  25 |2279 |2581 | 642 |1399 |  0 |2905 | 328 |-9.000000e+00 |-8.000000e+00 |  12.50%|  48.75%
  145s|  4200 |   135 |  2138k| 507.4 |    84M |  25 |2279 |2605 | 642 |1416 |  2 |2957 | 328 |-9.000000e+00 |-8.000000e+00 |  12.50%|  48.77%
  148s|  4300 |   133 |  2195k| 508.7 |    84M |  25 |2279 |2653 | 642 |1424 |  2 |3020 | 328 |-9.000000e+00 |-8.000000e+00 |  12.50%|  48.78%
  151s|  4400 |   133 |  2246k| 508.8 |    84M |  28 |2279 |2665 | 644 |1427 |  0 |3064 | 328 |-9.000000e+00 |-8.000000e+00 |  12.50%|  48.80%
  155s|  4500 |   149 |  2305k| 510.7 |    85M |  28 |2279 |2714 | 636 |1428 |  2 |3155 | 333 |-9.000000e+00 |-8.000000e+00 |  12.50%|  48.81%
 time | node  | left  |LP iter|LP it/n|mem/heur|mdpt |vars |cons |rows |cuts |sepa|confs|strbr|  dualbound   | primalbound  |  gap   | compl. 
  158s|  4600 |   151 |  2355k| 510.3 |    85M |  28 |2279 |2726 | 637 |1441 |  0 |3205 | 333 |-9.000000e+00 |-8.000000e+00 |  12.50%|  48.81%
  161s|  4700 |   152 |  2400k| 509.1 |    85M |  28 |2279 |2753 | 645 |1446 |  2 |3264 | 333 |-9.000000e+00 |-8.000000e+00 |  12.50%|  48.81%
  164s|  4800 |   150 |  2457k| 510.3 |    85M |  28 |2279 |2768 | 632 |1449 |  2 |3331 | 333 |-9.000000e+00 |-8.000000e+00 |  12.50%|  48.82%
  167s|  4900 |   148 |  2506k| 509.9 |    85M |  28 |2279 |2760 | 633 |1452 |  2 |3375 | 333 |-9.000000e+00 |-8.000000e+00 |  12.50%|  48.84%
  171s|  5000 |   150 |  2578k| 514.2 |    85M |  28 |2279 |2612 | 634 |1482 |  0 |3415 | 333 |-9.000000e+00 |-8.000000e+00 |  12.50%|  48.93%
  175s|  5100 |   162 |  2640k| 516.3 |    85M |  28 |2279 |2638 | 634 |1487 |  0 |3497 | 333 |-9.000000e+00 |-8.000000e+00 |  12.50%|  48.96%
  177s|  5200 |   166 |  2688k| 515.6 |    85M |  28 |2279 |2678 | 634 |1514 |  1 |3553 | 339 |-9.000000e+00 |-8.000000e+00 |  12.50%|  48.96%
  180s|  5300 |   170 |  2733k| 514.3 |    85M |  28 |2279 |2741 | 634 |1527 |  1 |3631 | 339 |-9.000000e+00 |-8.000000e+00 |  12.50%|  48.96%
  185s|  5400 |   172 |  2792k| 515.6 |    85M |  28 |2279 |2681 | 636 |1532 |  1 |3677 | 339 |-9.000000e+00 |-8.000000e+00 |  12.50%|  48.98%
  188s|  5500 |   172 |  2850k| 516.9 |    85M |  28 |2279 |2605 | 638 |1547 |  2 |3765 | 339 |-9.000000e+00 |-8.000000e+00 |  12.50%|  49.00%
  192s|  5600 |   179 |  2911k| 518.4 |    85M |  28 |2279 |2535 | 637 |1587 |  0 |3806 | 339 |-9.000000e+00 |-8.000000e+00 |  12.50%|  49.11%
  195s|  5700 |   183 |  2959k| 517.9 |    86M |  28 |2279 |2484 | 637 |1588 |  0 |3838 | 339 |-9.000000e+00 |-8.000000e+00 |  12.50%|  49.12%
  198s|  5800 |   175 |  3009k| 517.4 |    86M |  28 |2279 |2475 | 642 |1593 |  2 |3890 | 341 |-9.000000e+00 |-8.000000e+00 |  12.50%|  49.15%
  200s|  5900 |   180 |  3052k| 516.0 |    87M |  28 |2279 |2513 | 635 |1624 |  1 |3977 | 347 |-9.000000e+00 |-8.000000e+00 |  12.50%|  49.21%
  203s|  6000 |   178 |  3103k| 515.9 |    87M |  28 |2279 |2504 | 635 |1657 |  2 |4013 | 347 |-9.000000e+00 |-8.000000e+00 |  12.50%|  49.26%
 time | node  | left  |LP iter|LP it/n|mem/heur|mdpt |vars |cons |rows |cuts |sepa|confs|strbr|  dualbound   | primalbound  |  gap   | compl. 
  206s|  6100 |   174 |  3158k| 516.5 |    87M |  28 |2279 |2512 | 638 |1658 |  0 |4080 | 347 |-9.000000e+00 |-8.000000e+00 |  12.50%|  49.29%
  209s|  6200 |   158 |  3208k| 516.2 |    87M |  28 |2279 |2477 | 635 |1665 |  0 |4118 | 347 |-9.000000e+00 |-8.000000e+00 |  12.50%|  49.29%
  212s|  6300 |   158 |  3263k| 516.7 |    87M |  28 |2279 |2435 | 642 |1699 |  0 |4156 | 347 |-9.000000e+00 |-8.000000e+00 |  12.50%|  49.32%
  215s|  6400 |   172 |  3319k| 517.4 |    87M |  28 |2279 |2469 | 638 |1727 |  1 |4212 | 347 |-9.000000e+00 |-8.000000e+00 |  12.50%|  49.34%
  218s|  6500 |   164 |  3363k| 516.2 |    87M |  28 |2279 |2494 | 642 |1730 |  1 |4253 | 358 |-9.000000e+00 |-8.000000e+00 |  12.50%|  49.35%
  221s|  6600 |   166 |  3414k| 516.1 |    87M |  28 |2279 |2505 | 638 |1754 |  1 |4299 | 358 |-9.000000e+00 |-8.000000e+00 |  12.50%|  49.38%
  223s|  6700 |   165 |  3453k| 514.3 |    87M |  28 |2279 |2538 | 638 |1759 |  2 |4364 | 363 |-9.000000e+00 |-8.000000e+00 |  12.50%|  49.39%
  226s|  6800 |   166 |  3498k| 513.3 |    88M |  28 |2279 |2570 | 638 |1776 |  0 |4437 | 372 |-9.000000e+00 |-8.000000e+00 |  12.50%|  49.40%
  228s|  6900 |   163 |  3544k| 512.6 |    88M |  28 |2279 |2576 | 643 |1785 |  2 |4501 | 372 |-9.000000e+00 |-8.000000e+00 |  12.50%|  49.47%
  231s|  7000 |   165 |  3587k| 511.3 |    88M |  28 |2279 |2598 | 642 |1796 |  2 |4564 | 372 |-9.000000e+00 |-8.000000e+00 |  12.50%|  49.48%
  235s|  7100 |   163 |  3636k| 511.0 |    88M |  28 |2279 |2593 | 641 |1806 |  0 |4599 | 372 |-9.000000e+00 |-8.000000e+00 |  12.50%|  49.51%
  237s|  7200 |   161 |  3678k| 509.8 |    88M |  28 |2279 |2597 | 641 |1823 |  0 |4637 | 372 |-9.000000e+00 |-8.000000e+00 |  12.50%|  49.56%
  239s|  7300 |   159 |  3717k| 508.2 |    88M |  28 |2279 |2607 | 641 |1823 |  0 |4682 | 372 |-9.000000e+00 |-8.000000e+00 |  12.50%|  49.57%
  242s|  7400 |   147 |  3769k| 508.3 |    88M |  28 |2279 |2577 | 634 |1825 |  0 |4742 | 372 |-9.000000e+00 |-8.000000e+00 |  12.50%|  49.58%
  245s|  7500 |   143 |  3808k| 506.8 |    88M |  28 |2279 |2636 | 637 |1840 |  2 |4870 | 381 |-9.000000e+00 |-8.000000e+00 |  12.50%|  49.59%
 time | node  | left  |LP iter|LP it/n|mem/heur|mdpt |vars |cons |rows |cuts |sepa|confs|strbr|  dualbound   | primalbound  |  gap   | compl. 
  247s|  7600 |   125 |  3844k| 504.8 |    88M |  28 |2279 |2669 | 640 |1850 |  1 |4992 | 384 |-9.000000e+00 |-8.000000e+00 |  12.50%|  49.59%
  249s|  7700 |   130 |  3883k| 503.3 |    88M |  28 |2279 |2632 | 639 |1876 |  3 |5057 | 384 |-9.000000e+00 |-8.000000e+00 |  12.50%|  49.64%
  251s|  7800 |   132 |  3918k| 501.3 |    88M |  29 |2279 |2659 | 642 |1908 |  0 |5141 | 384 |-9.000000e+00 |-8.000000e+00 |  12.50%|  49.64%
  253s|  7900 |   126 |  3955k| 499.7 |    88M |  29 |2279 |2703 | 640 |1908 |  1 |5213 | 384 |-9.000000e+00 |-8.000000e+00 |  12.50%|  49.65%
  256s|  8000 |   123 |  4001k| 499.2 |    88M |  29 |2279 |2773 | 641 |1930 |  0 |5313 | 384 |-9.000000e+00 |-8.000000e+00 |  12.50%|  49.65%
  258s|  8100 |   137 |  4034k| 497.1 |    88M |  29 |2279 |2787 | 639 |1952 |  0 |5430 | 391 |-9.000000e+00 |-8.000000e+00 |  12.50%|  49.66%
  260s|  8200 |   139 |  4067k| 495.0 |    88M |  29 |2279 |2792 | 637 |1956 |  1 |5491 | 395 |-9.000000e+00 |-8.000000e+00 |  12.50%|  49.67%
  262s|  8300 |   134 |  4112k| 494.6 |    88M |  29 |2279 |2784 | 636 |1963 |  0 |5552 | 395 |-9.000000e+00 |-8.000000e+00 |  12.50%|  49.68%
  265s|  8400 |   136 |  4155k| 493.7 |    88M |  29 |2279 |2761 | 638 |1978 |  0 |5610 | 400 |-9.000000e+00 |-8.000000e+00 |  12.50%|  49.71%
  267s|  8500 |   154 |  4194k| 492.6 |    88M |  29 |2279 |2781 | 642 |2020 |  2 |5675 | 400 |-9.000000e+00 |-8.000000e+00 |  12.50%|  49.76%
  269s|  8600 |   153 |  4225k| 490.4 |    88M |  29 |2279 |2842 | 642 |2023 |  0 |5773 | 400 |-9.000000e+00 |-8.000000e+00 |  12.50%|  49.76%
  271s|  8700 |   155 |  4257k| 488.5 |    89M |  29 |2279 |2839 | 642 |2031 |  1 |5819 | 400 |-9.000000e+00 |-8.000000e+00 |  12.50%|  49.77%
  272s|  8800 |   153 |  4285k| 486.1 |    89M |  29 |2279 |2871 | 641 |2042 |  0 |5890 | 406 |-9.000000e+00 |-8.000000e+00 |  12.50%|  49.79%
  274s|  8900 |   152 |  4319k| 484.4 |    89M |  29 |2279 |2902 | 641 |2047 |  0 |5969 | 406 |-9.000000e+00 |-8.000000e+00 |  12.50%|  49.80%
  276s|  9000 |   146 |  4348k| 482.3 |    89M |  29 |2279 |2934 | 639 |2058 |  0 |6026 | 411 |-9.000000e+00 |-8.000000e+00 |  12.50%|  49.81%
 time | node  | left  |LP iter|LP it/n|mem/heur|mdpt |vars |cons |rows |cuts |sepa|confs|strbr|  dualbound   | primalbound  |  gap   | compl. 
  278s|  9100 |   151 |  4385k| 481.1 |    89M |  29 |2279 |2910 | 641 |2092 |  1 |6075 | 416 |-9.000000e+00 |-8.000000e+00 |  12.50%|  49.83%
  280s|  9200 |   145 |  4421k| 479.8 |    89M |  29 |2279 |2886 | 641 |2092 |  0 |6129 | 416 |-9.000000e+00 |-8.000000e+00 |  12.50%|  49.84%
  282s|  9300 |   135 |  4459k| 478.6 |    89M |  29 |2279 |2794 | 638 |2097 |  2 |6180 | 416 |-9.000000e+00 |-8.000000e+00 |  12.50%|  49.85%
  284s|  9400 |   122 |  4494k| 477.3 |    89M |  29 |2279 |2767 | 640 |2097 |  1 |6234 | 421 |-9.000000e+00 |-8.000000e+00 |  12.50%|  49.86%
  286s|  9500 |   114 |  4534k| 476.5 |    89M |  29 |2279 |2799 | 639 |2097 |  0 |6313 | 421 |-9.000000e+00 |-8.000000e+00 |  12.50%|  49.88%
  288s|  9600 |   126 |  4568k| 475.0 |    89M |  29 |2279 |1969 | 634 |2126 |  0 |6358 | 421 |-9.000000e+00 |-8.000000e+00 |  12.50%|  49.89%
  290s|  9700 |   125 |  4607k| 474.1 |    89M |  29 |2279 |1975 | 634 |2127 |  1 |6403 | 426 |-9.000000e+00 |-8.000000e+00 |  12.50%|  49.91%
  293s|  9800 |   133 |  4655k| 474.3 |    89M |  29 |2279 |1996 | 634 |2150 |  2 |6469 | 426 |-9.000000e+00 |-8.000000e+00 |  12.50%|  49.95%
  296s|  9900 |   156 |  4703k| 474.3 |    89M |  29 |2279 |2074 | 636 |2230 |  0 |6607 | 426 |-9.000000e+00 |-8.000000e+00 |  12.50%|  49.99%
  300s| 10000 |   164 |  4760k| 475.3 |    89M |  29 |2279 |1981 | 633 |2268 |  0 |6700 | 426 |-9.000000e+00 |-8.000000e+00 |  12.50%|  50.10%
  303s| 10100 |   159 |  4808k| 475.3 |    89M |  29 |2279 |1948 | 639 |2294 |  0 |6740 | 429 |-9.000000e+00 |-8.000000e+00 |  12.50%|  50.27%
  305s| 10200 |   154 |  4852k| 474.9 |    89M |  29 |2279 |1931 | 635 |2294 |  1 |6778 | 429 |-9.000000e+00 |-8.000000e+00 |  12.50%|  50.32%
  308s| 10300 |   180 |  4892k| 474.3 |    90M |  29 |2279 |1965 | 639 |2405 |  0 |6859 | 429 |-9.000000e+00 |-8.000000e+00 |  12.50%|  50.38%
  310s| 10400 |   182 |  4924k| 472.8 |    90M |  29 |2279 |2027 | 632 |2405 |  0 |6974 | 432 |-9.000000e+00 |-8.000000e+00 |  12.50%|  50.39%
  312s| 10500 |   186 |  4973k| 472.9 |    90M |  29 |2279 |2035 | 630 |2414 |  2 |7017 | 432 |-9.000000e+00 |-8.000000e+00 |  12.50%|  50.45%
 time | node  | left  |LP iter|LP it/n|mem/heur|mdpt |vars |cons |rows |cuts |sepa|confs|strbr|  dualbound   | primalbound  |  gap   | compl. 
  315s| 10600 |   188 |  5020k| 472.9 |    90M |  29 |2279 |1892 | 635 |2414 |  0 |7088 | 437 |-9.000000e+00 |-8.000000e+00 |  12.50%|  50.48%
  318s| 10700 |   184 |  5062k| 472.4 |    90M |  29 |2279 |1872 | 626 |2423 |  2 |7154 | 438 |-9.000000e+00 |-8.000000e+00 |  12.50%|  50.53%
  321s| 10800 |   204 |  5115k| 472.9 |    90M |  29 |2279 |1868 | 626 |2596 |  2 |7225 | 438 |-9.000000e+00 |-8.000000e+00 |  12.50%|  50.86%
  325s| 10900 |   236 |  5170k| 473.6 |    91M |  29 |2279 |1949 | 634 |2784 |  1 |7353 | 438 |-9.000000e+00 |-8.000000e+00 |  12.50%|  50.98%
  329s| 11000 |   232 |  5210k| 473.0 |    91M |  29 |2279 |1899 | 632 |2786 |  0 |7400 | 438 |-9.000000e+00 |-8.000000e+00 |  12.50%|  51.09%
  332s| 11100 |   218 |  5251k| 472.4 |    91M |  29 |2279 |1890 | 633 |2798 |  1 |7442 | 438 |-9.000000e+00 |-8.000000e+00 |  12.50%|  51.24%
  334s| 11200 |   200 |  5295k| 472.1 |    91M |  29 |2279 |1870 | 633 |2798 |  0 |7481 | 444 |-9.000000e+00 |-8.000000e+00 |  12.50%|  51.40%
  337s| 11300 |   190 |  5348k| 472.6 |    91M |  29 |2279 |1852 | 637 |2863 |  2 |7517 | 444 |-9.000000e+00 |-8.000000e+00 |  12.50%|  51.56%
  340s| 11400 |   172 |  5400k| 473.0 |    91M |  29 |2279 |1839 | 638 |2887 |  0 |7549 | 444 |-9.000000e+00 |-8.000000e+00 |  12.50%|  51.65%
  343s| 11500 |   157 |  5442k| 472.6 |    91M |  29 |2279 |1822 | 634 |2887 |  1 |7583 | 444 |-9.000000e+00 |-8.000000e+00 |  12.50%|  51.76%
  344s| 11600 |   150 |  5474k| 471.3 |    91M |  29 |2279 |1799 | 634 |2915 |  0 |7590 | 444 |-9.000000e+00 |-8.000000e+00 |  12.50%|  51.88%
  347s| 11700 |   143 |  5513k| 470.6 |    92M |  29 |2279 |1799 | 631 |2941 |  0 |7618 | 444 |-9.000000e+00 |-8.000000e+00 |  12.50%|  51.97%
  349s| 11800 |   130 |  5550k| 469.7 |    92M |  29 |2279 |1794 | 629 |2941 |  0 |7628 | 444 |-9.000000e+00 |-8.000000e+00 |  12.50%|  52.02%
  351s| 11900 |   123 |  5600k| 469.9 |    92M |  29 |2279 |1809 | 638 |2948 |  2 |7671 | 444 |-9.000000e+00 |-8.000000e+00 |  12.50%|  52.15%
  354s| 12000 |   119 |  5645k| 469.8 |    92M |  29 |2279 |1820 | 635 |2981 |  2 |7718 | 450 |-9.000000e+00 |-8.000000e+00 |  12.50%|  53.16%
 time | node  | left  |LP iter|LP it/n|mem/heur|mdpt |vars |cons |rows |cuts |sepa|confs|strbr|  dualbound   | primalbound  |  gap   | compl. 
  356s| 12100 |   121 |  5683k| 469.1 |    92M |  29 |2279 |1871 | 637 |2989 |  0 |7817 | 455 |-9.000000e+00 |-8.000000e+00 |  12.50%|  53.18%
  359s| 12200 |   127 |  5726k| 468.7 |    92M |  29 |2279 |1898 | 638 |3002 |  1 |7868 | 455 |-9.000000e+00 |-8.000000e+00 |  12.50%|  53.23%
  362s| 12300 |   127 |  5773k| 468.7 |    92M |  29 |2279 |1804 | 638 |3036 |  0 |7944 | 455 |-9.000000e+00 |-8.000000e+00 |  12.50%|  53.29%
  365s| 12400 |   129 |  5822k| 468.9 |    92M |  29 |2279 |1778 | 638 |3065 |  1 |7957 | 455 |-9.000000e+00 |-8.000000e+00 |  12.50%|  53.36%
  368s| 12500 |   123 |  5869k| 468.9 |    92M |  29 |2279 |1808 | 647 |3105 |  4 |8033 | 455 |-9.000000e+00 |-8.000000e+00 |  12.50%|  53.56%
  370s| 12600 |   139 |  5912k| 468.6 |    92M |  29 |2279 |1868 | 641 |3139 |  0 |8140 | 455 |-9.000000e+00 |-8.000000e+00 |  12.50%|  53.61%
  373s| 12700 |   123 |  5957k| 468.4 |    93M |  29 |2279 |1817 | 640 |3194 |  1 |8201 | 455 |-9.000000e+00 |-8.000000e+00 |  12.50%|  53.73%
  376s| 12800 |   119 |  6010k| 469.0 |    93M |  29 |2279 |1789 | 631 |3251 |  1 |8226 | 455 |-9.000000e+00 |-8.000000e+00 |  12.50%|  54.53%
  379s| 12900 |   128 |  6056k| 468.9 |    93M |  29 |2279 |1810 | 641 |3360 |  0 |8278 | 455 |-9.000000e+00 |-8.000000e+00 |  12.50%|  54.91%
  381s| 13000 |   127 |  6093k| 468.1 |    93M |  29 |2279 |1834 | 637 |3396 |  1 |8326 | 455 |-9.000000e+00 |-8.000000e+00 |  12.50%|  55.03%
  384s| 13100 |   131 |  6128k| 467.2 |    94M |  29 |2279 |1903 | 638 |3492 |  1 |8408 | 472 |-9.000000e+00 |-8.000000e+00 |  12.50%|  55.16%
  386s| 13200 |   132 |  6156k| 465.8 |    94M |  29 |2279 |1942 | 639 |3492 |  0 |8463 | 477 |-9.000000e+00 |-8.000000e+00 |  12.50%|  55.19%
  387s| 13300 |   121 |  6184k| 464.4 |    94M |  29 |2279 |1986 | 646 |3492 |  0 |8523 | 477 |-9.000000e+00 |-8.000000e+00 |  12.50%|  55.22%
  390s| 13400 |   117 |  6222k| 463.8 |    94M |  29 |2279 |2005 | 642 |3539 |  0 |8644 | 477 |-9.000000e+00 |-8.000000e+00 |  12.50%|  55.33%
  393s| 13500 |   116 |  6281k| 464.7 |    94M |  29 |2279 |1858 | 646 |3599 |  2 |8736 | 477 |-9.000000e+00 |-8.000000e+00 |  12.50%|  57.42%
 time | node  | left  |LP iter|LP it/n|mem/heur|mdpt |vars |cons |rows |cuts |sepa|confs|strbr|  dualbound   | primalbound  |  gap   | compl. 
  397s| 13600 |   104 |  6338k| 465.5 |    94M |  29 |2279 |1835 | 640 |3629 |  0 |8814 | 482 |-9.000000e+00 |-8.000000e+00 |  12.50%|  57.49%
  400s| 13700 |   104 |  6388k| 465.7 |    94M |  29 |2279 |1794 | 642 |3666 |  0 |8863 | 482 |-9.000000e+00 |-8.000000e+00 |  12.50%|  57.51%
  403s| 13800 |    89 |  6441k| 466.2 |    95M |  29 |2279 |1736 | 634 |3713 |  0 |8934 | 487 |-9.000000e+00 |-8.000000e+00 |  12.50%|  57.93%
  406s| 13900 |    95 |  6484k| 465.9 |    95M |  29 |2279 |1765 | 633 |3751 |  1 |9017 | 487 |-9.000000e+00 |-8.000000e+00 |  12.50%|  58.04%
  408s| 14000 |    82 |  6528k| 465.8 |    95M |  29 |2279 |1723 | 634 |3771 |  0 |9072 | 487 |-9.000000e+00 |-8.000000e+00 |  12.50%|  59.15%
  410s| 14100 |    81 |  6563k| 464.9 |    96M |  29 |2279 |1722 | 632 |3817 |  2 |9176 | 493 |-9.000000e+00 |-8.000000e+00 |  12.50%|  59.30%
  413s| 14200 |    64 |  6596k| 464.0 |    96M |  29 |2279 |1646 | 638 |3843 |  2 |9216 | 501 |-9.000000e+00 |-8.000000e+00 |  12.50%|  61.83%
  415s| 14300 |    55 |  6643k| 464.0 |    96M |  29 |2279 |1663 | 628 |3881 |  2 |9310 | 501 |-9.000000e+00 |-8.000000e+00 |  12.50%|  62.00%
  419s| 14400 |    52 |  6702k| 464.9 |    96M |  29 |2279 |1664 | 641 |3948 |  0 |9400 | 501 |-9.000000e+00 |-8.000000e+00 |  12.50%|  63.29%
  424s| 14500 |    66 |  6777k| 466.9 |    96M |  29 |2279 |1684 | 639 |4129 |  2 |9467 | 501 |-9.000000e+00 |-8.000000e+00 |  12.50%|  63.71%
  428s| 14600 |    69 |  6835k| 467.7 |    96M |  29 |2279 |1684 | 639 |4179 |  1 |9492 | 501 |-9.000000e+00 |-8.000000e+00 |  12.50%|  63.85%
  431s| 14700 |    52 |  6894k| 468.5 |    96M |  29 |2279 |1696 | 645 |4179 |  0 |9541 | 501 |-9.000000e+00 |-8.000000e+00 |  12.50%|  64.07%
  433s| 14800 |    54 |  6933k| 467.9 |    96M |  29 |2279 |1763 | 641 |4210 |  0 |9654 | 507 |-9.000000e+00 |-8.000000e+00 |  12.50%|  64.13%
  437s| 14900 |    48 |  6990k| 468.6 |    96M |  29 |2279 |1774 | 645 |4269 |  1 |9707 | 507 |-9.000000e+00 |-8.000000e+00 |  12.50%|  64.23%
  440s| 15000 |    42 |  7041k| 468.9 |    96M |  29 |2279 |1781 | 634 |4305 |  1 |9763 | 507 |-9.000000e+00 |-8.000000e+00 |  12.50%|  64.34%
 time | node  | left  |LP iter|LP it/n|mem/heur|mdpt |vars |cons |rows |cuts |sepa|confs|strbr|  dualbound   | primalbound  |  gap   | compl. 
  443s| 15100 |    46 |  7086k| 468.8 |    96M |  29 |2279 |1704 | 639 |4374 |  0 |9826 | 507 |-9.000000e+00 |-8.000000e+00 |  12.50%|  66.52%
  446s| 15200 |    38 |  7129k| 468.5 |    96M |  29 |2279 |1725 | 634 |4387 |  0 |9907 | 507 |-9.000000e+00 |-8.000000e+00 |  12.50%|  66.61%
  448s| 15300 |    43 |  7161k| 467.5 |    96M |  29 |2279 |1731 | 633 |4462 |  2 |9987 | 513 |-9.000000e+00 |-8.000000e+00 |  12.50%|  66.76%
  449s| 15400 |    40 |  7183k| 466.0 |    96M |  29 |2279 |1782 | 633 |4463 |  0 |  10k| 518 |-9.000000e+00 |-8.000000e+00 |  12.50%|  66.78%
  451s| 15500 |    39 |  7219k| 465.3 |    96M |  29 |2279 |1806 | 638 |4557 |  1 |  10k| 523 |-9.000000e+00 |-8.000000e+00 |  12.50%|  66.98%
  453s| 15600 |    40 |  7250k| 464.3 |    96M |  29 |2279 |1846 | 644 |4563 |  0 |  10k| 528 |-9.000000e+00 |-8.000000e+00 |  12.50%|  66.99%
  456s| 15700 |    44 |  7290k| 463.8 |    97M |  29 |2279 |1832 | 637 |4598 |  1 |  10k| 531 |-9.000000e+00 |-8.000000e+00 |  12.50%|  67.03%
  458s| 15800 |    58 |  7318k| 462.7 |    97M |  29 |2279 |1957 | 639 |4608 |  0 |  10k| 547 |-9.000000e+00 |-8.000000e+00 |  12.50%|  67.04%
  460s| 15900 |    54 |  7350k| 461.8 |    97M |  29 |2279 |1987 | 641 |4634 |  0 |  10k| 555 |-9.000000e+00 |-8.000000e+00 |  12.50%|  67.04%
  462s| 16000 |    54 |  7379k| 460.7 |    97M |  29 |2279 |2061 | 639 |4669 |  1 |  10k| 568 |-9.000000e+00 |-8.000000e+00 |  12.50%|  67.05%
  464s| 16100 |    48 |  7409k| 459.7 |    97M |  29 |2279 |2006 | 633 |4724 |  1 |  10k| 573 |-9.000000e+00 |-8.000000e+00 |  12.50%|  67.10%
  466s| 16200 |    45 |  7443k| 459.0 |    97M |  29 |2279 |1905 | 632 |4769 |  0 |  10k| 573 |-9.000000e+00 |-8.000000e+00 |  12.50%|  67.19%
  468s| 16300 |    49 |  7478k| 458.3 |    97M |  29 |2279 |1880 | 638 |4808 |  1 |  10k| 573 |-9.000000e+00 |-8.000000e+00 |  12.50%|  67.28%
  470s| 16400 |    45 |  7503k| 457.1 |    97M |  29 |2279 |1929 | 633 |4808 |  1 |  10k| 580 |-9.000000e+00 |-8.000000e+00 |  12.50%|  67.29%
  472s| 16500 |    49 |  7541k| 456.6 |    97M |  29 |2279 |1916 | 636 |4862 |  2 |  10k| 585 |-9.000000e+00 |-8.000000e+00 |  12.50%|  67.31%
 time | node  | left  |LP iter|LP it/n|mem/heur|mdpt |vars |cons |rows |cuts |sepa|confs|strbr|  dualbound   | primalbound  |  gap   | compl. 
  474s| 16600 |    62 |  7576k| 455.9 |    97M |  29 |2279 |1994 | 636 |4937 |  1 |  11k| 585 |-9.000000e+00 |-8.000000e+00 |  12.50%|  67.34%
  476s| 16700 |    58 |  7607k| 455.1 |    97M |  29 |2279 |1985 | 636 |4948 |  1 |  11k| 585 |-9.000000e+00 |-8.000000e+00 |  12.50%|  67.40%
  478s| 16800 |    48 |  7641k| 454.4 |    97M |  29 |2279 |2035 | 639 |4978 |  0 |  11k| 598 |-9.000000e+00 |-8.000000e+00 |  12.50%|  67.41%
  480s| 16900 |    54 |  7669k| 453.3 |    97M |  29 |2279 |2063 | 632 |5011 |  0 |  11k| 603 |-9.000000e+00 |-8.000000e+00 |  12.50%|  67.45%
  481s| 17000 |    45 |  7699k| 452.4 |    98M |  29 |2279 |2063 | 637 |5024 |  0 |  11k| 607 |-9.000000e+00 |-8.000000e+00 |  12.50%|  67.50%
  484s| 17100 |    43 |  7747k| 452.6 |    98M |  29 |2279 |2102 | 638 |5056 |  0 |  11k| 611 |-9.000000e+00 |-8.000000e+00 |  12.50%|  67.51%
  486s| 17200 |    43 |  7783k| 452.1 |    98M |  29 |2279 |2058 | 643 |5112 |  0 |  11k| 611 |-9.000000e+00 |-8.000000e+00 |  12.50%|  67.52%
  488s| 17300 |    43 |  7811k| 451.1 |    98M |  29 |2279 |2096 | 632 |5149 |  0 |  11k| 616 |-9.000000e+00 |-8.000000e+00 |  12.50%|  67.55%
  490s| 17400 |    53 |  7839k| 450.1 |    98M |  29 |2279 |2084 | 637 |5176 |  1 |  11k| 616 |-9.000000e+00 |-8.000000e+00 |  12.50%|  67.59%
  492s| 17500 |    42 |  7875k| 449.6 |    98M |  29 |2279 |2033 | 634 |5201 |  1 |  11k| 616 |-9.000000e+00 |-8.000000e+00 |  12.50%|  67.68%
  497s| 17600 |    42 |  7907k| 448.8 |    98M |  29 |2279 |2035 | 637 |5231 |  1 |  11k| 617 |-9.000000e+00 |-8.000000e+00 |  12.50%|  67.73%
  499s| 17700 |    48 |  7940k| 448.2 |    98M |  29 |2279 |2043 | 636 |5284 |  2 |  11k| 617 |-9.000000e+00 |-8.000000e+00 |  12.50%|  67.76%
  501s| 17800 |    46 |  7975k| 447.6 |    98M |  29 |2279 |2047 | 637 |5369 |  1 |  11k| 622 |-9.000000e+00 |-8.000000e+00 |  12.50%|  67.85%
  504s| 17900 |    45 |  8012k| 447.2 |    98M |  29 |2279 |2099 |   0 |5395 |  0 |  11k| 634 |-9.000000e+00 |-8.000000e+00 |  12.50%|  67.91%
  505s| 18000 |    49 |  8046k| 446.6 |    99M |  29 |2279 |2148 | 638 |5402 |  1 |  11k| 634 |-9.000000e+00 |-8.000000e+00 |  12.50%|  67.92%
 time | node  | left  |LP iter|LP it/n|mem/heur|mdpt |vars |cons |rows |cuts |sepa|confs|strbr|  dualbound   | primalbound  |  gap   | compl. 
  507s| 18100 |    53 |  8073k| 445.6 |    99M |  29 |2279 |2206 | 637 |5406 |  0 |  12k| 638 |-9.000000e+00 |-8.000000e+00 |  12.50%|  67.93%
  509s| 18200 |    49 |  8103k| 444.8 |    99M |  29 |2279 |2195 | 637 |5409 |  0 |  12k| 643 |-9.000000e+00 |-8.000000e+00 |  12.50%|  67.94%
  511s| 18300 |    45 |  8134k| 444.1 |    99M |  29 |2279 |2262 | 631 |5443 |  0 |  12k| 649 |-9.000000e+00 |-8.000000e+00 |  12.50%|  67.97%
  513s| 18400 |    40 |  8166k| 443.4 |    99M |  29 |2279 |2251 | 633 |5494 |  0 |  12k| 653 |-9.000000e+00 |-8.000000e+00 |  12.50%|  68.04%
  514s| 18500 |    43 |  8193k| 442.4 |    99M |  29 |2279 |2253 | 634 |5512 |  1 |  12k| 653 |-9.000000e+00 |-8.000000e+00 |  12.50%|  68.07%
  516s| 18600 |    45 |  8229k| 442.0 |    99M |  29 |2279 |2272 | 634 |5522 |  1 |  12k| 653 |-9.000000e+00 |-8.000000e+00 |  12.50%|  68.08%
  517s| 18700 |    41 |  8254k| 441.0 |    99M |  29 |2279 |2318 | 635 |5552 |  0 |  12k| 653 |-9.000000e+00 |-8.000000e+00 |  12.50%|  68.09%
  519s| 18800 |    45 |  8286k| 440.4 |    99M |  29 |2279 |2365 | 635 |5610 |  1 |  12k| 654 |-9.000000e+00 |-8.000000e+00 |  12.50%|  68.13%
  522s| 18900 |    38 |  8327k| 440.2 |    99M |  29 |2279 |2311 | 643 |5646 |  1 |  12k| 662 |-9.000000e+00 |-8.000000e+00 |  12.50%|  68.22%
  525s| 19000 |    46 |  8369k| 440.1 |    99M |  29 |2279 |2262 | 632 |5747 |  1 |  12k| 662 |-9.000000e+00 |-8.000000e+00 |  12.50%|  68.33%
  528s| 19100 |    45 |  8418k| 440.3 |    99M |  29 |2279 |2191 | 632 |5788 |  2 |  12k| 668 |-9.000000e+00 |-8.000000e+00 |  12.50%|  68.46%
  530s| 19200 |    49 |  8450k| 439.7 |    99M |  29 |2279 |2190 | 639 |5834 |  1 |  12k| 679 |-9.000000e+00 |-8.000000e+00 |  12.50%|  68.49%
  532s| 19300 |    47 |  8486k| 439.3 |    99M |  29 |2279 |2199 | 638 |5910 |  0 |  12k| 687 |-9.000000e+00 |-8.000000e+00 |  12.50%|  68.60%
  534s| 19400 |    45 |  8513k| 438.4 |    99M |  29 |2279 |2217 | 637 |5934 |  2 |  12k| 697 |-9.000000e+00 |-8.000000e+00 |  12.50%|  68.67%
  536s| 19500 |    41 |  8556k| 438.4 |    99M |  29 |2279 |2216 | 640 |5988 |  0 |  12k| 697 |-9.000000e+00 |-8.000000e+00 |  12.50%|  68.77%
 time | node  | left  |LP iter|LP it/n|mem/heur|mdpt |vars |cons |rows |cuts |sepa|confs|strbr|  dualbound   | primalbound  |  gap   | compl. 
  539s| 19600 |    50 |  8594k| 438.1 |    99M |  29 |2279 |2175 | 635 |6034 |  1 |  12k| 697 |-9.000000e+00 |-8.000000e+00 |  12.50%|  68.86%
  541s| 19700 |    46 |  8626k| 437.5 |    99M |  29 |2279 |2241 | 635 |6060 |  1 |  13k| 697 |-9.000000e+00 |-8.000000e+00 |  12.50%|  68.89%
  542s| 19800 |    47 |  8646k| 436.3 |    99M |  29 |2279 |2279 | 638 |6077 |  2 |  13k| 697 |-9.000000e+00 |-8.000000e+00 |  12.50%|  68.91%
  544s| 19900 |    47 |  8688k| 436.2 |    99M |  29 |2279 |2273 | 639 |6093 |  1 |  13k| 697 |-9.000000e+00 |-8.000000e+00 |  12.50%|  68.95%
  546s| 20000 |    57 |  8719k| 435.6 |    99M |  29 |2279 |2333 | 647 |6138 |  1 |  13k| 706 |-9.000000e+00 |-8.000000e+00 |  12.50%|  68.97%
  548s| 20100 |    51 |  8751k| 435.0 |    99M |  29 |2279 |2315 | 639 |6188 |  0 |  13k| 712 |-9.000000e+00 |-8.000000e+00 |  12.50%|  69.02%
  551s| 20200 |    55 |  8785k| 434.5 |    99M |  29 |2279 |2314 | 634 |6233 |  2 |  13k| 725 |-9.000000e+00 |-8.000000e+00 |  12.50%|  69.07%
  552s| 20300 |    45 |  8818k| 434.0 |    99M |  29 |2279 |2252 | 641 |6260 |  2 |  13k| 725 |-9.000000e+00 |-8.000000e+00 |  12.50%|  69.11%
  554s| 20400 |    55 |  8848k| 433.4 |    99M |  29 |2279 |2352 | 641 |6287 |  0 |  13k| 730 |-9.000000e+00 |-8.000000e+00 |  12.50%|  69.14%
  556s| 20500 |    54 |  8872k| 432.4 |    99M |  29 |2279 |2395 | 642 |6300 |  1 |  13k| 735 |-9.000000e+00 |-8.000000e+00 |  12.50%|  69.15%
  558s| 20600 |    51 |  8904k| 431.9 |    99M |  29 |2279 |2376 | 634 |6305 |  2 |  13k| 740 |-9.000000e+00 |-8.000000e+00 |  12.50%|  69.17%
  559s| 20700 |    47 |  8934k| 431.2 |    99M |  29 |2279 |2395 | 647 |6348 |  0 |  13k| 740 |-9.000000e+00 |-8.000000e+00 |  12.50%|  69.21%
  561s| 20800 |    46 |  8962k| 430.5 |    99M |  29 |2279 |2406 | 647 |6348 |  0 |  13k| 740 |-9.000000e+00 |-8.000000e+00 |  12.50%|  69.25%
  564s| 20900 |    44 |  9001k| 430.3 |    99M |  29 |2279 |2460 | 644 |6395 |  0 |  13k| 762 |-9.000000e+00 |-8.000000e+00 |  12.50%|  69.30%
  566s| 21000 |    44 |  9040k| 430.1 |    99M |  29 |2279 |2454 | 633 |6427 |  2 |  14k| 772 |-9.000000e+00 |-8.000000e+00 |  12.50%|  69.38%
 time | node  | left  |LP iter|LP it/n|mem/heur|mdpt |vars |cons |rows |cuts |sepa|confs|strbr|  dualbound   | primalbound  |  gap   | compl. 
  568s| 21100 |    46 |  9072k| 429.6 |    99M |  29 |2279 |2496 | 638 |6454 |  1 |  14k| 792 |-9.000000e+00 |-8.000000e+00 |  12.50%|  69.41%
  570s| 21200 |    50 |  9102k| 429.0 |    99M |  29 |2279 |2506 | 638 |6471 |  1 |  14k| 792 |-9.000000e+00 |-8.000000e+00 |  12.50%|  69.47%
  572s| 21300 |    54 |  9141k| 428.8 |    99M |  29 |2279 |2483 | 632 |6501 |  1 |  14k| 802 |-9.000000e+00 |-8.000000e+00 |  12.50%|  69.54%
  575s| 21400 |    58 |  9189k| 429.1 |    99M |  29 |2279 |2459 | 636 |6527 |  1 |  14k| 802 |-9.000000e+00 |-8.000000e+00 |  12.50%|  69.58%
  577s| 21500 |    44 |  9234k| 429.2 |    99M |  29 |2279 |2453 | 633 |6539 |  0 |  14k| 802 |-9.000000e+00 |-8.000000e+00 |  12.50%|  69.66%
  580s| 21600 |    36 |  9274k| 429.0 |    99M |  29 |2279 |2406 | 647 |6601 |  0 |  14k| 802 |-9.000000e+00 |-8.000000e+00 |  12.50%|  69.80%
  582s| 21700 |    44 |  9303k| 428.4 |   100M |  29 |2279 |2352 | 639 |6643 |  2 |  14k| 809 |-9.000000e+00 |-8.000000e+00 |  12.50%|  69.83%
  584s| 21800 |    54 |  9337k| 427.9 |   100M |  29 |2279 |2252 | 641 |6676 |  2 |  14k| 814 |-9.000000e+00 |-8.000000e+00 |  12.50%|  69.84%
  585s| 21900 |    55 |  9364k| 427.2 |   100M |  29 |2279 |2265 | 641 |6686 |  0 |  14k| 814 |-9.000000e+00 |-8.000000e+00 |  12.50%|  69.87%
  588s| 22000 |    45 |  9403k| 427.1 |   100M |  29 |2279 |2216 | 632 |6773 |  0 |  14k| 814 |-9.000000e+00 |-8.000000e+00 |  12.50%|  70.05%
  590s| 22100 |    38 |  9439k| 426.8 |   100M |  29 |2279 |2171 | 659 |6858 |  6 |  14k| 825 |-9.000000e+00 |-8.000000e+00 |  12.50%|  70.18%
  592s| 22200 |    36 |  9466k| 426.0 |   100M |  29 |2279 |2239 | 633 |6858 |  0 |  14k| 839 |-9.000000e+00 |-8.000000e+00 |  12.50%|  70.27%
  594s| 22300 |    32 |  9500k| 425.7 |   100M |  29 |2279 |2200 | 633 |6963 |  0 |  14k| 839 |-9.000000e+00 |-8.000000e+00 |  12.50%|  70.45%
  597s| 22400 |    34 |  9540k| 425.6 |   100M |  29 |2279 |2143 | 641 |7028 |  0 |  14k| 839 |-9.000000e+00 |-8.000000e+00 |  12.50%|  70.61%
  600s| 22500 |    38 |  9587k| 425.8 |   100M |  29 |2279 |2088 | 641 |7169 |  1 |  15k| 839 |-9.000000e+00 |-8.000000e+00 |  12.50%|  71.99%
 time | node  | left  |LP iter|LP it/n|mem/heur|mdpt |vars |cons |rows |cuts |sepa|confs|strbr|  dualbound   | primalbound  |  gap   | compl. 
  602s| 22600 |    39 |  9619k| 425.3 |   100M |  29 |2279 |2054 | 639 |7255 |  1 |  15k| 839 |-9.000000e+00 |-8.000000e+00 |  12.50%|  72.31%
  605s| 22700 |    35 |  9653k| 424.9 |   100M |  29 |2279 |1939 | 638 |7340 |  0 |  15k| 839 |-9.000000e+00 |-8.000000e+00 |  12.50%|  75.03%
  607s| 22800 |    25 |  9686k| 424.5 |   100M |  29 |2279 |1936 | 636 |7413 |  1 |  15k| 844 |-9.000000e+00 |-8.000000e+00 |  12.50%|  75.51%
  609s| 22900 |    25 |  9713k| 423.8 |   100M |  29 |2279 |1942 | 644 |7452 |  1 |  15k| 850 |-9.000000e+00 |-8.000000e+00 |  12.50%|  77.77%
  611s| 23000 |    29 |  9754k| 423.8 |   100M |  29 |2279 |1954 | 643 |7501 |  1 |  15k| 850 |-9.000000e+00 |-8.000000e+00 |  12.50%|  78.81%
  615s| 23100 |    30 |  9812k| 424.4 |   100M |  29 |2279 |1953 | 637 |7706 |  1 |  15k| 850 |-9.000000e+00 |-8.000000e+00 |  12.50%|  79.12%
  619s| 23200 |    31 |  9864k| 424.9 |   101M |  29 |2279 |1935 | 639 |7843 |  1 |  15k| 850 |-9.000000e+00 |-8.000000e+00 |  12.50%|  79.54%
  623s| 23300 |    25 |  9920k| 425.4 |   101M |  29 |2279 |1937 | 639 |7962 |  0 |  15k| 850 |-9.000000e+00 |-8.000000e+00 |  12.50%|  79.85%
  626s| 23400 |    29 |  9969k| 425.7 |   101M |  29 |2279 |1970 | 637 |7989 |  0 |  15k| 859 |-9.000000e+00 |-8.000000e+00 |  12.50%|  79.98%
  629s| 23500 |    29 | 10023k| 426.2 |   101M |  29 |2279 |1998 | 651 |8046 |  4 |  15k| 859 |-9.000000e+00 |-8.000000e+00 |  12.50%|  80.06%
  632s| 23600 |    44 | 10062k| 426.0 |   101M |  29 |2279 |2038 | 639 |8063 |  1 |  15k| 859 |-9.000000e+00 |-8.000000e+00 |  12.50%|  80.11%
  634s| 23700 |    34 | 10102k| 425.9 |   101M |  29 |2279 |2087 | 639 |8069 |  1 |  15k| 867 |-9.000000e+00 |-8.000000e+00 |  12.50%|  80.13%
  636s| 23800 |    28 | 10144k| 425.9 |   101M |  29 |2279 |2112 | 633 |8084 |  0 |  15k| 867 |-9.000000e+00 |-8.000000e+00 |  12.50%|  80.16%
  639s| 23900 |    26 | 10187k| 425.9 |   101M |  29 |2279 |2124 | 634 |8099 |  1 |  15k| 870 |-9.000000e+00 |-8.000000e+00 |  12.50%|  80.17%
  641s| 24000 |    38 | 10227k| 425.8 |   101M |  29 |2279 |2124 | 639 |8155 |  0 |  15k| 870 |-9.000000e+00 |-8.000000e+00 |  12.50%|  80.20%
 time | node  | left  |LP iter|LP it/n|mem/heur|mdpt |vars |cons |rows |cuts |sepa|confs|strbr|  dualbound   | primalbound  |  gap   | compl. 
  643s| 24100 |    44 | 10258k| 425.3 |   101M |  29 |2279 |2171 | 644 |8158 |  1 |  15k| 874 |-9.000000e+00 |-8.000000e+00 |  12.50%|  80.22%
  645s| 24200 |    46 | 10291k| 425.0 |   101M |  29 |2279 |2196 | 644 |8161 |  0 |  16k| 878 |-9.000000e+00 |-8.000000e+00 |  12.50%|  80.24%
  647s| 24300 |    42 | 10325k| 424.6 |   101M |  29 |2279 |2268 | 642 |8179 |  0 |  16k| 883 |-9.000000e+00 |-8.000000e+00 |  12.50%|  80.24%
  649s| 24400 |    47 | 10361k| 424.3 |   101M |  29 |2279 |2312 | 640 |8202 |  1 |  16k| 883 |-9.000000e+00 |-8.000000e+00 |  12.50%|  80.26%
  651s| 24500 |    30 | 10398k| 424.1 |   101M |  29 |2279 |2313 | 643 |8205 |  0 |  16k| 883 |-9.000000e+00 |-8.000000e+00 |  12.50%|  80.29%
  653s| 24600 |    22 | 10427k| 423.6 |   101M |  29 |2279 |2291 | 645 |8209 |  0 |  16k| 883 |-9.000000e+00 |-8.000000e+00 |  12.50%|  80.31%
  655s| 24700 |    35 | 10465k| 423.4 |   101M |  29 |2279 |2259 | 643 |8281 |  0 |  16k| 883 |-9.000000e+00 |-8.000000e+00 |  12.50%|  80.36%
  657s| 24800 |    43 | 10496k| 422.9 |   101M |  29 |2279 |2312 | 644 |8300 |  0 |  16k| 883 |-9.000000e+00 |-8.000000e+00 |  12.50%|  80.39%
  659s| 24900 |    47 | 10528k| 422.5 |   101M |  29 |2279 |2393 | 642 |8301 |  2 |  16k| 883 |-9.000000e+00 |-8.000000e+00 |  12.50%|  80.41%
  661s| 25000 |    42 | 10566k| 422.3 |   101M |  29 |2279 |2461 | 642 |8302 |  2 |  16k| 896 |-9.000000e+00 |-8.000000e+00 |  12.50%|  80.43%
  664s| 25100 |    38 | 10614k| 422.6 |   101M |  29 |2279 |2467 | 636 |8302 |  0 |  16k| 896 |-9.000000e+00 |-8.000000e+00 |  12.50%|  80.46%
  666s| 25200 |    44 | 10652k| 422.4 |   101M |  29 |2279 |2531 | 638 |8327 |  0 |  16k| 909 |-9.000000e+00 |-8.000000e+00 |  12.50%|  80.51%
  668s| 25300 |    46 | 10684k| 422.0 |   101M |  29 |2279 |2533 | 641 |8327 |  1 |  16k| 914 |-9.000000e+00 |-8.000000e+00 |  12.50%|  80.52%
  670s| 25400 |    50 | 10711k| 421.4 |   101M |  29 |2279 |2620 | 639 |8335 |  2 |  17k| 922 |-9.000000e+00 |-8.000000e+00 |  12.50%|  80.53%
  672s| 25500 |    39 | 10739k| 420.8 |   101M |  29 |2279 |2705 | 641 |8344 |  0 |  17k| 951 |-9.000000e+00 |-8.000000e+00 |  12.50%|  80.55%
 time | node  | left  |LP iter|LP it/n|mem/heur|mdpt |vars |cons |rows |cuts |sepa|confs|strbr|  dualbound   | primalbound  |  gap   | compl. 
  674s| 25600 |    39 | 10769k| 420.4 |   101M |  29 |2279 |2846 | 642 |8344 |  1 |  17k| 977 |-9.000000e+00 |-8.000000e+00 |  12.50%|  80.57%
  676s| 25700 |    47 | 10812k| 420.4 |   101M |  29 |2279 |2825 | 638 |8371 |  0 |  17k| 977 |-9.000000e+00 |-8.000000e+00 |  12.50%|  80.61%
  678s| 25800 |    36 | 10847k| 420.1 |   101M |  29 |2279 |2842 |   0 |8371 |  0 |  17k| 977 |-9.000000e+00 |-8.000000e+00 |  12.50%|  80.64%
  681s| 25900 |    36 | 10885k| 420.0 |   101M |  29 |2279 |2854 | 641 |8422 |  1 |  17k| 977 |-9.000000e+00 |-8.000000e+00 |  12.50%|  80.69%
  683s| 26000 |    30 | 10919k| 419.7 |   101M |  29 |2279 |2857 | 642 |8425 |  1 |  17k| 987 |-9.000000e+00 |-8.000000e+00 |  12.50%|  80.73%
  685s| 26100 |    34 | 10959k| 419.6 |   101M |  29 |2279 |2812 | 636 |8433 |  2 |  17k| 987 |-9.000000e+00 |-8.000000e+00 |  12.50%|  80.77%
  687s| 26200 |    29 | 10992k| 419.2 |   101M |  29 |2279 |2843 | 641 |8452 |  1 |  17k| 992 |-9.000000e+00 |-8.000000e+00 |  12.50%|  80.81%
  689s| 26300 |    33 | 11022k| 418.8 |   101M |  29 |2279 |2920 | 642 |8460 |  1 |  17k|1012 |-9.000000e+00 |-8.000000e+00 |  12.50%|  80.83%
  691s| 26400 |    25 | 11063k| 418.8 |   101M |  29 |2279 |2804 | 637 |8497 |  0 |  17k|1012 |-9.000000e+00 |-8.000000e+00 |  12.50%|  80.87%
  693s| 26500 |    39 | 11094k| 418.4 |   101M |  29 |2279 |2824 | 636 |8527 |  1 |  18k|1012 |-9.000000e+00 |-8.000000e+00 |  12.50%|  80.91%
  695s| 26600 |    49 | 11132k| 418.2 |   101M |  29 |2279 |2854 | 636 |8547 |  0 |  18k|1012 |-9.000000e+00 |-8.000000e+00 |  12.50%|  80.92%
  697s| 26700 |    39 | 11162k| 417.8 |   101M |  29 |2279 |2854 | 637 |8578 |  1 |  18k|1017 |-9.000000e+00 |-8.000000e+00 |  12.50%|  80.93%
  699s| 26800 |    46 | 11191k| 417.3 |   101M |  29 |2279 |2842 | 637 |8598 |  1 |  18k|1017 |-9.000000e+00 |-8.000000e+00 |  12.50%|  80.94%
  701s| 26900 |    57 | 11220k| 416.8 |   101M |  29 |2279 |2932 | 637 |8633 |  0 |  18k|1022 |-9.000000e+00 |-8.000000e+00 |  12.50%|  80.96%
  703s| 27000 |    48 | 11258k| 416.7 |   101M |  29 |2279 |2985 | 643 |8650 |  1 |  18k|1027 |-9.000000e+00 |-8.000000e+00 |  12.50%|  80.98%
 time | node  | left  |LP iter|LP it/n|mem/heur|mdpt |vars |cons |rows |cuts |sepa|confs|strbr|  dualbound   | primalbound  |  gap   | compl. 
  706s| 27100 |    45 | 11295k| 416.5 |   101M |  29 |2279 |3031 | 639 |8656 |  2 |  18k|1032 |-9.000000e+00 |-8.000000e+00 |  12.50%|  81.00%
  707s| 27200 |    34 | 11324k| 416.1 |   101M |  29 |2279 |2962 | 634 |8656 |  2 |  18k|1037 |-9.000000e+00 |-8.000000e+00 |  12.50%|  81.05%
  709s| 27300 |    44 | 11360k| 415.8 |   101M |  29 |2279 |2952 | 640 |8672 |  0 |  18k|1037 |-9.000000e+00 |-8.000000e+00 |  12.50%|  81.09%
  711s| 27400 |    26 | 11388k| 415.3 |   101M |  29 |2279 |3032 | 639 |8675 |  2 |  19k|1042 |-9.000000e+00 |-8.000000e+00 |  12.50%|  81.13%
  713s| 27500 |    22 | 11428k| 415.3 |   101M |  29 |2279 |2662 | 635 |8699 |  0 |  19k|1042 |-9.000000e+00 |-8.000000e+00 |  12.50%|  81.20%
  716s| 27600 |    32 | 11463k| 415.0 |   101M |  29 |2279 |2629 | 634 |8756 |  2 |  19k|1042 |-9.000000e+00 |-8.000000e+00 |  12.50%|  81.33%
  719s| 27700 |    32 | 11522k| 415.7 |   101M |  29 |2279 |2653 | 637 |8925 |  3 |  19k|1042 |-9.000000e+00 |-8.000000e+00 |  12.50%|  82.28%
  722s| 27800 |    36 | 11556k| 415.4 |   101M |  29 |2279 |2758 | 640 |8974 |  1 |  19k|1047 |-9.000000e+00 |-8.000000e+00 |  12.50%|  82.49%
  723s| 27900 |    28 | 11584k| 414.9 |   101M |  30 |2279 |2775 | 639 |9006 |  0 |  19k|1047 |-9.000000e+00 |-8.000000e+00 |  12.50%|  82.50%
  725s| 28000 |    32 | 11613k| 414.5 |   101M |  30 |2279 |2744 | 639 |9025 |  1 |  19k|1047 |-9.000000e+00 |-8.000000e+00 |  12.50%|  82.58%
  727s| 28100 |    24 | 11645k| 414.2 |   101M |  30 |2279 |2784 | 639 |9027 |  0 |  19k|1047 |-9.000000e+00 |-8.000000e+00 |  12.50%|  82.60%
  729s| 28200 |    22 | 11677k| 413.8 |   102M |  30 |2279 |2780 | 643 |9067 |  0 |  19k|1052 |-9.000000e+00 |-8.000000e+00 |  12.50%|  82.69%
  731s| 28300 |    26 | 11709k| 413.5 |   102M |  30 |2279 |2783 | 635 |9169 |  2 |  19k|1067 |-9.000000e+00 |-8.000000e+00 |  12.50%|  82.90%
  733s| 28400 |    26 | 11742k| 413.2 |   102M |  30 |2279 |2788 | 637 |9181 |  0 |  19k|1067 |-9.000000e+00 |-8.000000e+00 |  12.50%|  82.95%
  735s| 28500 |    21 | 11775k| 412.9 |   102M |  30 |2279 |2822 | 647 |9206 |  1 |  19k|1083 |-9.000000e+00 |-8.000000e+00 |  12.50%|  83.04%
 time | node  | left  |LP iter|LP it/n|mem/heur|mdpt |vars |cons |rows |cuts |sepa|confs|strbr|  dualbound   | primalbound  |  gap   | compl. 
  737s| 28600 |    21 | 11810k| 412.7 |   102M |  30 |2279 |2714 | 647 |9228 |  0 |  19k|1083 |-9.000000e+00 |-8.000000e+00 |  12.50%|  84.30%
  739s| 28700 |    19 | 11847k| 412.5 |   102M |  30 |2279 |2564 | 641 |9263 |  1 |  19k|1083 |-9.000000e+00 |-8.000000e+00 |  12.50%|  85.52%
  741s| 28800 |    18 | 11883k| 412.4 |   102M |  30 |2279 |2494 | 636 |9326 |  2 |  19k|1088 |-9.000000e+00 |-8.000000e+00 |  12.50%|  86.64%
  743s| 28900 |    14 | 11918k| 412.1 |   102M |  30 |2279 |2349 | 626 |9374 |  1 |  19k|1088 |-9.000000e+00 |-8.000000e+00 |  12.50%|  88.59%
  747s| 29000 |    13 | 11963k| 412.2 |   102M |  30 |2279 |2205 | 636 |9535 |  0 |  20k|1088 |-9.000000e+00 |-8.000000e+00 |  12.50%|  90.71%
  748s| 29100 |    16 | 11988k| 411.7 |   102M |  30 |2279 |2204 | 630 |9546 |  1 |  20k|1088 |-9.000000e+00 |-8.000000e+00 |  12.50%|  91.73%
  750s| 29200 |    20 | 12012k| 411.1 |   102M |  30 |2279 |2245 | 637 |9572 |  1 |  20k|1093 |-9.000000e+00 |-8.000000e+00 |  12.50%|  91.73%
  752s| 29300 |    18 | 12053k| 411.1 |   102M |  30 |2279 |2194 | 653 |9667 |  4 |  20k|1100 |-9.000000e+00 |-8.000000e+00 |  12.50%|  91.96%
  754s| 29400 |    20 | 12088k| 410.9 |   102M |  30 |2279 |2215 | 641 |9699 |  1 |  20k|1100 |-9.000000e+00 |-8.000000e+00 |  12.50%|  92.06%
  757s| 29500 |    12 | 12126k| 410.8 |   102M |  30 |2279 |2253 | 628 |9725 |  2 |  20k|1100 |-9.000000e+00 |-8.000000e+00 |  12.50%|  92.44%
  759s| 29600 |    14 | 12166k| 410.8 |   102M |  30 |2279 |2251 | 635 |9790 |  1 |  20k|1100 |-9.000000e+00 |-8.000000e+00 |  12.50%|  92.75%
  761s| 29700 |    22 | 12199k| 410.5 |   102M |  30 |2279 |2285 | 636 |9815 |  1 |  20k|1105 |-9.000000e+00 |-8.000000e+00 |  12.50%|  92.77%
  763s| 29800 |    31 | 12225k| 410.0 |   102M |  30 |2279 |2350 | 644 |9848 |  1 |  20k|1110 |-9.000000e+00 |-8.000000e+00 |  12.50%|  92.81%
  764s| 29900 |    29 | 12249k| 409.4 |   102M |  30 |2279 |2398 | 638 |9868 |  1 |  20k|1115 |-9.000000e+00 |-8.000000e+00 |  12.50%|  92.81%
  766s| 30000 |    28 | 12277k| 409.0 |   102M |  31 |2279 |2517 | 639 |9910 |  1 |  20k|1132 |-9.000000e+00 |-8.000000e+00 |  12.50%|  92.82%
 time | node  | left  |LP iter|LP it/n|mem/heur|mdpt |vars |cons |rows |cuts |sepa|confs|strbr|  dualbound   | primalbound  |  gap   | compl. 
  767s| 30100 |    22 | 12302k| 408.4 |   102M |  31 |2279 |2542 | 636 |9910 |  1 |  20k|1142 |-9.000000e+00 |-8.000000e+00 |  12.50%|  92.82%
  769s| 30200 |    16 | 12326k| 407.9 |   102M |  31 |2279 |2544 | 639 |9946 |  2 |  21k|1147 |-9.000000e+00 |-8.000000e+00 |  12.50%|  92.83%
  771s| 30300 |    20 | 12359k| 407.6 |   103M |  31 |2279 |2456 | 635 |  10k|  1 |  21k|1155 |-9.000000e+00 |-8.000000e+00 |  12.50%|  92.91%
  778s| 30400 |    12 | 12390k| 407.3 |   103M |  31 |2279 |2405 | 639 |  10k|  1 |  21k|1155 |-9.000000e+00 |-8.000000e+00 |  12.50%|  92.97%
  780s| 30500 |    14 | 12429k| 407.3 |   103M |  31 |2279 |2347 | 637 |  10k|  0 |  21k|1155 |-9.000000e+00 |-8.000000e+00 |  12.50%|  93.24%
  783s| 30600 |    18 | 12465k| 407.1 |   103M |  31 |2279 |2211 | 634 |  10k|  1 |  21k|1155 |-9.000000e+00 |-8.000000e+00 |  12.50%|  94.51%
  785s| 30700 |    15 | 12500k| 406.9 |   103M |  31 |2279 |2200 | 634 |  10k|  0 |  21k|1163 |-9.000000e+00 |-8.000000e+00 |  12.50%|  94.68%
  787s| 30800 |    19 | 12531k| 406.6 |   103M |  31 |2279 |2221 | 636 |  10k|  0 |  21k|1163 |-9.000000e+00 |-8.000000e+00 |  12.50%|  94.75%
  789s| 30900 |    21 | 12568k| 406.5 |   103M |  31 |2279 |2321 | 636 |  10k|  0 |  21k|1163 |-9.000000e+00 |-8.000000e+00 |  12.50%|  94.92%
  791s| 31000 |    23 | 12598k| 406.1 |   103M |  31 |2279 |2375 | 638 |  10k|  0 |  21k|1163 |-9.000000e+00 |-8.000000e+00 |  12.50%|  94.96%
  793s| 31100 |    25 | 12629k| 405.9 |   103M |  31 |2279 |2391 | 638 |  10k|  2 |  21k|1168 |-9.000000e+00 |-8.000000e+00 |  12.50%|  94.98%
  795s| 31200 |    16 | 12668k| 405.8 |   103M |  31 |2279 |2404 | 635 |  10k|  0 |  21k|1168 |-9.000000e+00 |-8.000000e+00 |  12.50%|  95.10%
  797s| 31300 |    13 | 12693k| 405.3 |   103M |  31 |2279 |2456 |   0 |  10k|  0 |  21k|1168 |-9.000000e+00 |-8.000000e+00 |  12.50%|  95.19%
  799s| 31400 |     9 | 12724k| 405.0 |   103M |  31 |2279 |2411 | 633 |  10k|  2 |  21k|1173 |-9.000000e+00 |-8.000000e+00 |  12.50%|  95.37%
  801s| 31500 |     9 | 12762k| 404.9 |   103M |  31 |2279 |2426 | 635 |  10k|  0 |  21k|1173 |-9.000000e+00 |-8.000000e+00 |  12.50%|  95.55%
 time | node  | left  |LP iter|LP it/n|mem/heur|mdpt |vars |cons |rows |cuts |sepa|confs|strbr|  dualbound   | primalbound  |  gap   | compl. 
  804s| 31600 |    10 | 12811k| 405.2 |   103M |  31 |2279 |2394 | 637 |  10k|  2 |  21k|1173 |-9.000000e+00 |-8.000000e+00 |  12.50%|  96.13%
  807s| 31700 |     6 | 12849k| 405.1 |   103M |  31 |2279 |2410 | 640 |  10k|  1 |  21k|1173 |-9.000000e+00 |-8.000000e+00 |  12.50%|  96.19%
  809s| 31800 |    19 | 12883k| 404.9 |   103M |  31 |2279 |2394 | 640 |  10k|  0 |  22k|1173 |-9.000000e+00 |-8.000000e+00 |  12.50%|  96.20%
  811s| 31900 |    21 | 12920k| 404.8 |   103M |  31 |2279 |2360 | 641 |  10k|  1 |  22k|1173 |-9.000000e+00 |-8.000000e+00 |  12.50%|  96.47%
  814s| 32000 |    23 | 12955k| 404.6 |   103M |  31 |2279 |2441 | 641 |  11k|  0 |  22k|1173 |-9.000000e+00 |-8.000000e+00 |  12.50%|  96.54%
  815s| 32100 |    34 | 12987k| 404.3 |   103M |  31 |2279 |2531 | 643 |  11k|  2 |  22k|1178 |-9.000000e+00 |-8.000000e+00 |  12.50%|  96.57%
  817s| 32200 |    30 | 13016k| 404.0 |   103M |  31 |2279 |2551 | 642 |  11k|  0 |  22k|1178 |-9.000000e+00 |-8.000000e+00 |  12.50%|  96.59%
  819s| 32300 |    40 | 13044k| 403.6 |   103M |  31 |2279 |2594 | 645 |  11k|  1 |  22k|1189 |-9.000000e+00 |-8.000000e+00 |  12.50%|  96.59%
  820s| 32400 |    26 | 13065k| 403.0 |   103M |  31 |2279 |2686 | 645 |  11k|  0 |  22k|1194 |-9.000000e+00 |-8.000000e+00 |  12.50%|  96.59%
  822s| 32500 |    24 | 13095k| 402.7 |   103M |  31 |2279 |2681 | 635 |  11k|  1 |  22k|1194 |-9.000000e+00 |-8.000000e+00 |  12.50%|  96.67%
  824s| 32600 |    22 | 13125k| 402.4 |   103M |  31 |2279 |2681 | 636 |  11k|  2 |  22k|1194 |-9.000000e+00 |-8.000000e+00 |  12.50%|  96.69%
  826s| 32700 |    31 | 13153k| 402.0 |   103M |  31 |2279 |2793 | 639 |  11k|  1 |  23k|1219 |-9.000000e+00 |-8.000000e+00 |  12.50%|  96.70%
  827s| 32800 |    28 | 13171k| 401.3 |   103M |  31 |2279 |2882 | 637 |  11k|  1 |  23k|1240 |-9.000000e+00 |-8.000000e+00 |  12.50%|  96.70%
  829s| 32900 |    30 | 13198k| 400.9 |   103M |  31 |2279 |2853 | 638 |  11k|  0 |  23k|1257 |-9.000000e+00 |-8.000000e+00 |  12.50%|  96.70%
  830s| 33000 |    25 | 13224k| 400.5 |   103M |  31 |2279 |2855 | 641 |  11k|  1 |  23k|1265 |-9.000000e+00 |-8.000000e+00 |  12.50%|  96.71%
 time | node  | left  |LP iter|LP it/n|mem/heur|mdpt |vars |cons |rows |cuts |sepa|confs|strbr|  dualbound   | primalbound  |  gap   | compl. 
  833s| 33100 |    28 | 13261k| 400.4 |   103M |  31 |2279 |2755 | 637 |  11k|  0 |  23k|1265 |-9.000000e+00 |-8.000000e+00 |  12.50%|  96.73%
  834s| 33200 |    22 | 13290k| 400.1 |   103M |  31 |2279 |2779 | 637 |  11k|  0 |  23k|1265 |-9.000000e+00 |-8.000000e+00 |  12.50%|  96.75%
  836s| 33300 |    17 | 13324k| 399.9 |   103M |  31 |2279 |2749 | 637 |  11k|  0 |  23k|1265 |-9.000000e+00 |-8.000000e+00 |  12.50%|  96.95%
  838s| 33400 |    13 | 13351k| 399.5 |   103M |  31 |2279 |2704 | 633 |  11k|  1 |  23k|1270 |-9.000000e+00 |-8.000000e+00 |  12.50%|  97.11%
  841s| 33500 |    19 | 13389k| 399.4 |   103M |  31 |2279 |2770 | 630 |  11k|  1 |  23k|1270 |-9.000000e+00 |-8.000000e+00 |  12.50%|  97.15%
  843s| 33600 |    19 | 13422k| 399.2 |   103M |  31 |2279 |2790 | 633 |  11k|  1 |  23k|1270 |-9.000000e+00 |-8.000000e+00 |  12.50%|  97.18%
  844s| 33700 |    20 | 13452k| 399.0 |   103M |  31 |2279 |2808 | 633 |  11k|  0 |  24k|1276 |-9.000000e+00 |-8.000000e+00 |  12.50%|  97.20%
  846s| 33800 |    20 | 13484k| 398.7 |   103M |  31 |2279 |2883 | 633 |  11k|  0 |  24k|1283 |-9.000000e+00 |-8.000000e+00 |  12.50%|  97.21%
  848s| 33900 |    20 | 13517k| 398.5 |   103M |  31 |2279 |2916 | 636 |  11k|  0 |  24k|1283 |-9.000000e+00 |-8.000000e+00 |  12.50%|  97.21%
  850s| 34000 |    22 | 13549k| 398.3 |   103M |  31 |2279 |2944 | 635 |  11k|  1 |  24k|1294 |-9.000000e+00 |-8.000000e+00 |  12.50%|  97.22%
  852s| 34100 |    26 | 13576k| 397.9 |   103M |  31 |2279 |2996 | 635 |  11k|  0 |  24k|1294 |-9.000000e+00 |-8.000000e+00 |  12.50%|  97.23%
  853s| 34200 |    22 | 13601k| 397.5 |   103M |  31 |2279 |3091 | 635 |  11k|  0 |  24k|1302 |-9.000000e+00 |-8.000000e+00 |  12.50%|  97.23%
  855s| 34300 |    18 | 13626k| 397.0 |   104M |  31 |2279 |3221 | 636 |  11k|  1 |  24k|1312 |-9.000000e+00 |-8.000000e+00 |  12.50%|  97.23%
  856s| 34400 |    16 | 13656k| 396.7 |   104M |  31 |2279 |3190 | 644 |  11k|  0 |  24k|1312 |-9.000000e+00 |-8.000000e+00 |  12.50%|  97.35%
  857s| 34500 |    18 | 13670k| 396.0 |   104M |  31 |2279 |3236 | 644 |  11k|  0 |  24k|1317 |-9.000000e+00 |-8.000000e+00 |  12.50%|  97.36%
 time | node  | left  |LP iter|LP it/n|mem/heur|mdpt |vars |cons |rows |cuts |sepa|confs|strbr|  dualbound   | primalbound  |  gap   | compl. 
  858s| 34600 |    15 | 13690k| 395.5 |   104M |  31 |2279 |3234 | 644 |  11k|  0 |  24k|1320 |-9.000000e+00 |-8.000000e+00 |  12.50%|  97.37%
  860s| 34700 |    33 | 13715k| 395.0 |   104M |  31 |2279 |3247 | 644 |  11k|  1 |  24k|1325 |-9.000000e+00 |-8.000000e+00 |  12.50%|  97.53%
  861s| 34800 |    25 | 13733k| 394.4 |   104M |  31 |2279 |3278 | 637 |  11k|  0 |  24k|1332 |-9.000000e+00 |-8.000000e+00 |  12.50%|  97.53%
  862s| 34900 |    24 | 13749k| 393.7 |   104M |  31 |2279 |3341 | 634 |  11k|  1 |  25k|1332 |-9.000000e+00 |-8.000000e+00 |  12.50%|  97.54%
  864s| 35000 |    25 | 13772k| 393.3 |   104M |  31 |2279 |3407 | 635 |  11k|  0 |  25k|1342 |-9.000000e+00 |-8.000000e+00 |  12.50%|  97.56%
  865s| 35100 |    25 | 13791k| 392.7 |   104M |  31 |2279 |3530 | 634 |  11k|  0 |  25k|1387 |-9.000000e+00 |-8.000000e+00 |  12.50%|  97.57%
  866s| 35200 |    31 | 13810k| 392.1 |   104M |  31 |2279 |3524 | 638 |  11k|  0 |  25k|1392 |-9.000000e+00 |-8.000000e+00 |  12.50%|  97.58%
  868s| 35300 |    34 | 13832k| 391.6 |   104M |  31 |2279 |3627 | 638 |  11k|  3 |  25k|1413 |-9.000000e+00 |-8.000000e+00 |  12.50%|  97.59%
  870s| 35400 |    18 | 13855k| 391.2 |   104M |  31 |2279 |3750 | 638 |  11k|  0 |  25k|1445 |-9.000000e+00 |-8.000000e+00 |  12.50%|  97.61%
  871s| 35500 |    29 | 13873k| 390.6 |   105M |  31 |2279 |3868 | 633 |  11k|  1 |  26k|1445 |-9.000000e+00 |-8.000000e+00 |  12.50%|  97.62%
  872s| 35600 |    25 | 13892k| 390.0 |   105M |  31 |2279 |3921 | 637 |  11k|  0 |  26k|1458 |-9.000000e+00 |-8.000000e+00 |  12.50%|  97.62%
  874s| 35700 |    29 | 13914k| 389.5 |   105M |  31 |2279 |4017 | 633 |  11k|  1 |  26k|1468 |-9.000000e+00 |-8.000000e+00 |  12.50%|  97.62%
  875s| 35800 |    27 | 13935k| 389.0 |   105M |  31 |2279 |4121 | 633 |  11k|  1 |  26k|1509 |-9.000000e+00 |-8.000000e+00 |  12.50%|  97.62%
  877s| 35900 |    21 | 13954k| 388.5 |   105M |  31 |2279 |4090 | 633 |  11k|  0 |  26k|1524 |-9.000000e+00 |-8.000000e+00 |  12.50%|  97.63%
  878s| 36000 |    22 | 13979k| 388.1 |   105M |  31 |2279 |3934 | 635 |  11k|  0 |  26k|1529 |-9.000000e+00 |-8.000000e+00 |  12.50%|  97.65%
 time | node  | left  |LP iter|LP it/n|mem/heur|mdpt |vars |cons |rows |cuts |sepa|confs|strbr|  dualbound   | primalbound  |  gap   | compl. 
  879s| 36100 |    24 | 13997k| 387.5 |   105M |  31 |2279 |3952 | 636 |  11k|  0 |  26k|1534 |-9.000000e+00 |-8.000000e+00 |  12.50%|  97.65%
  880s| 36200 |    21 | 14014k| 386.9 |   105M |  31 |2279 |3967 | 635 |  11k|  1 |  26k|1534 |-9.000000e+00 |-8.000000e+00 |  12.50%|  97.65%
  881s| 36300 |    19 | 14037k| 386.5 |   105M |  31 |2279 |4003 |   0 |  11k|  0 |  27k|1544 |-9.000000e+00 |-8.000000e+00 |  12.50%|  97.66%
  883s| 36400 |    14 | 14051k| 385.8 |   105M |  31 |2279 |4250 | 644 |  11k|  0 |  27k|1575 |-9.000000e+00 |-8.000000e+00 |  12.50%|  97.66%
  884s| 36500 |    13 | 14074k| 385.4 |   105M |  31 |2279 |4303 | 638 |  11k|  2 |  27k|1613 |-9.000000e+00 |-8.000000e+00 |  12.50%|  97.69%
  888s| 36600 |    15 | 14117k| 385.5 |   105M |  31 |2279 |4220 | 638 |  11k|  0 |  27k|1613 |-9.000000e+00 |-8.000000e+00 |  12.50%|  97.74%
  890s| 36700 |    27 | 14146k| 385.2 |   105M |  31 |2279 |4184 | 638 |  11k|  1 |  27k|1623 |-9.000000e+00 |-8.000000e+00 |  12.50%|  97.76%
  892s| 36800 |    27 | 14169k| 384.8 |   105M |  31 |2279 |4246 | 638 |  11k|  2 |  27k|1635 |-9.000000e+00 |-8.000000e+00 |  12.50%|  97.76%
  894s| 36900 |    39 | 14200k| 384.6 |   105M |  31 |2279 |4297 | 641 |  11k|  1 |  27k|1635 |-9.000000e+00 |-8.000000e+00 |  12.50%|  97.77%
  895s| 37000 |    39 | 14221k| 384.1 |   105M |  31 |2279 |4355 |   0 |  12k|  0 |  27k|1642 |-9.000000e+00 |-8.000000e+00 |  12.50%|  97.77%
  897s| 37100 |    29 | 14246k| 383.8 |   105M |  31 |2279 |4177 | 638 |  12k|  1 |  28k|1654 |-9.000000e+00 |-8.000000e+00 |  12.50%|  97.79%
  898s| 37200 |    31 | 14273k| 383.5 |   105M |  31 |2279 |4233 | 638 |  12k|  0 |  28k|1675 |-9.000000e+00 |-8.000000e+00 |  12.50%|  97.82%
  900s| 37300 |    35 | 14297k| 383.1 |   105M |  31 |2279 |4277 | 641 |  12k|  1 |  28k|1701 |-9.000000e+00 |-8.000000e+00 |  12.50%|  97.84%
  902s| 37400 |    37 | 14321k| 382.7 |   106M |  31 |2279 |4330 | 637 |  12k|  0 |  28k|1751 |-9.000000e+00 |-8.000000e+00 |  12.50%|  97.85%
  904s| 37500 |    34 | 14343k| 382.3 |   106M |  31 |2279 |4426 | 639 |  12k|  0 |  28k|1786 |-9.000000e+00 |-8.000000e+00 |  12.50%|  97.86%
 time | node  | left  |LP iter|LP it/n|mem/heur|mdpt |vars |cons |rows |cuts |sepa|confs|strbr|  dualbound   | primalbound  |  gap   | compl. 
  905s| 37600 |    40 | 14366k| 381.9 |   106M |  31 |2279 |4413 | 640 |  12k|  1 |  28k|1797 |-9.000000e+00 |-8.000000e+00 |  12.50%|  97.87%
  907s| 37700 |    42 | 14390k| 381.5 |   106M |  31 |2279 |4460 | 640 |  12k|  1 |  28k|1812 |-9.000000e+00 |-8.000000e+00 |  12.50%|  97.88%
  908s| 37800 |    46 | 14419k| 381.3 |   106M |  31 |2279 |4496 | 640 |  12k|  1 |  28k|1824 |-9.000000e+00 |-8.000000e+00 |  12.50%|  97.89%
  910s| 37900 |    40 | 14448k| 381.0 |   106M |  31 |2279 |4515 | 638 |  12k|  2 |  29k|1834 |-9.000000e+00 |-8.000000e+00 |  12.50%|  97.90%
  912s| 38000 |    38 | 14480k| 380.8 |   106M |  31 |2279 |4587 | 638 |  12k|  2 |  29k|1854 |-9.000000e+00 |-8.000000e+00 |  12.50%|  97.92%
  915s| 38100 |    36 | 14518k| 380.9 |   106M |  31 |2279 |4617 |   0 |  12k|  0 |  29k|1865 |-9.000000e+00 |-8.000000e+00 |  12.50%|  97.95%
  916s| 38200 |    40 | 14545k| 380.6 |   106M |  31 |2279 |4464 | 639 |  12k|  3 |  29k|1888 |-9.000000e+00 |-8.000000e+00 |  12.50%|  97.97%
  918s| 38300 |    38 | 14569k| 380.2 |   106M |  31 |2279 |4594 | 639 |  12k|  2 |  29k|1918 |-9.000000e+00 |-8.000000e+00 |  12.50%|  97.97%
  919s| 38400 |    44 | 14585k| 379.6 |   106M |  31 |2279 |4593 | 638 |  12k|  1 |  29k|1927 |-9.000000e+00 |-8.000000e+00 |  12.50%|  97.98%
  920s| 38500 |    42 | 14607k| 379.2 |   106M |  31 |2279 |4636 | 639 |  12k|  1 |  29k|1935 |-9.000000e+00 |-8.000000e+00 |  12.50%|  97.99%
  922s| 38600 |    43 | 14627k| 378.7 |   106M |  31 |2279 |4666 | 639 |  12k|  1 |  29k|1935 |-9.000000e+00 |-8.000000e+00 |  12.50%|  98.00%
  923s| 38700 |    39 | 14649k| 378.3 |   106M |  31 |2279 |4695 | 640 |  12k|  1 |  29k|1938 |-9.000000e+00 |-8.000000e+00 |  12.50%|  98.00%
  925s| 38800 |    52 | 14682k| 378.2 |   106M |  31 |2279 |4675 | 640 |  12k|  2 |  30k|1938 |-9.000000e+00 |-8.000000e+00 |  12.50%|  98.05%
  926s| 38900 |    52 | 14708k| 377.9 |   106M |  31 |2279 |4743 |   0 |  12k|  0 |  30k|1943 |-9.000000e+00 |-8.000000e+00 |  12.50%|  98.06%
  928s| 39000 |    54 | 14741k| 377.8 |   106M |  31 |2279 |4783 | 640 |  12k|  0 |  30k|1948 |-9.000000e+00 |-8.000000e+00 |  12.50%|  98.07%
 time | node  | left  |LP iter|LP it/n|mem/heur|mdpt |vars |cons |rows |cuts |sepa|confs|strbr|  dualbound   | primalbound  |  gap   | compl. 
  930s| 39100 |    45 | 14772k| 377.6 |   106M |  31 |2279 |4854 | 642 |  12k|  1 |  30k|1961 |-9.000000e+00 |-8.000000e+00 |  12.50%|  98.09%
  932s| 39200 |    43 | 14800k| 377.4 |   106M |  31 |2279 |4872 | 641 |  12k|  1 |  30k|1966 |-9.000000e+00 |-8.000000e+00 |  12.50%|  98.10%
  934s| 39300 |    41 | 14832k| 377.2 |   106M |  31 |2279 |4837 | 634 |  12k|  1 |  30k|1981 |-9.000000e+00 |-8.000000e+00 |  12.50%|  98.11%
  936s| 39400 |    42 | 14862k| 377.0 |   106M |  31 |2279 |4953 | 635 |  12k|  0 |  30k|2013 |-9.000000e+00 |-8.000000e+00 |  12.50%|  98.12%
  937s| 39500 |    34 | 14889k| 376.7 |   106M |  31 |2279 |4938 | 641 |  12k|  3 |  30k|2019 |-9.000000e+00 |-8.000000e+00 |  12.50%|  98.12%
  939s| 39600 |    34 | 14920k| 376.6 |   106M |  31 |2279 |4894 | 641 |  12k|  1 |  30k|2050 |-9.000000e+00 |-8.000000e+00 |  12.50%|  98.13%
  941s| 39700 |    30 | 14944k| 376.2 |   106M |  31 |2279 |4938 | 640 |  12k|  0 |  31k|2068 |-9.000000e+00 |-8.000000e+00 |  12.50%|  98.15%
  944s| 39800 |    35 | 14984k| 376.3 |   106M |  31 |2279 |4748 |   0 |  12k|  0 |  31k|2089 |-9.000000e+00 |-8.000000e+00 |  12.50%|  98.19%
  945s| 39900 |    35 | 15014k| 376.1 |   106M |  31 |2279 |4767 | 639 |  12k|  1 |  31k|2089 |-9.000000e+00 |-8.000000e+00 |  12.50%|  98.21%
  948s| 40000 |    31 | 15058k| 376.3 |   106M |  31 |2279 |4800 | 639 |  12k|  0 |  31k|2089 |-9.000000e+00 |-8.000000e+00 |  12.50%|  98.25%
  950s| 40100 |    32 | 15093k| 376.2 |   106M |  31 |2279 |4910 | 639 |  12k|  1 |  31k|2112 |-9.000000e+00 |-8.000000e+00 |  12.50%|  98.28%
  951s| 40200 |    44 | 15113k| 375.8 |   106M |  31 |2279 |4994 | 645 |  12k|  2 |  31k|2129 |-9.000000e+00 |-8.000000e+00 |  12.50%|  98.28%
  952s| 40300 |    38 | 15133k| 375.3 |   106M |  31 |2279 |5067 | 646 |  12k|  0 |  31k|2134 |-9.000000e+00 |-8.000000e+00 |  12.50%|  98.28%
  954s| 40400 |    30 | 15158k| 375.0 |   106M |  31 |2279 |5100 | 643 |  12k|  0 |  31k|2159 |-9.000000e+00 |-8.000000e+00 |  12.50%|  98.28%
  956s| 40500 |    28 | 15185k| 374.7 |   106M |  31 |2279 |5073 | 646 |  12k|  1 |  31k|2164 |-9.000000e+00 |-8.000000e+00 |  12.50%|  98.30%
 time | node  | left  |LP iter|LP it/n|mem/heur|mdpt |vars |cons |rows |cuts |sepa|confs|strbr|  dualbound   | primalbound  |  gap   | compl. 
  958s| 40600 |    16 | 15212k| 374.5 |   106M |  31 |2279 |4624 | 639 |  12k|  0 |  31k|2169 |-9.000000e+00 |-8.000000e+00 |  12.50%|  98.34%
  959s| 40700 |    12 | 15236k| 374.2 |   106M |  31 |2279 |4613 | 641 |  12k|  0 |  32k|2177 |-9.000000e+00 |-8.000000e+00 |  12.50%|  98.34%
  961s| 40800 |    20 | 15258k| 373.8 |   106M |  31 |2279 |4403 | 633 |  12k|  0 |  32k|2188 |-9.000000e+00 |-8.000000e+00 |  12.50%|  98.36%
  962s| 40900 |    12 | 15288k| 373.6 |   106M |  31 |2279 |4387 | 630 |  12k|  0 |  32k|2203 |-9.000000e+00 |-8.000000e+00 |  12.50%|  98.56%
  964s| 41000 |    17 | 15309k| 373.2 |   106M |  31 |2279 |4406 | 635 |  12k|  0 |  32k|2208 |-9.000000e+00 |-8.000000e+00 |  12.50%|  98.58%
  965s| 41100 |    16 | 15333k| 372.9 |   106M |  31 |2279 |4427 |   0 |  12k|  0 |  32k|2208 |-9.000000e+00 |-8.000000e+00 |  12.50%|  98.58%
  967s| 41200 |     8 | 15364k| 372.7 |   106M |  31 |2279 |4457 | 630 |  12k|  2 |  32k|2208 |-9.000000e+00 |-8.000000e+00 |  12.50%|  98.61%
  969s| 41300 |    10 | 15395k| 372.6 |   106M |  31 |2279 |4483 | 630 |  12k|  2 |  32k|2213 |-9.000000e+00 |-8.000000e+00 |  12.50%|  98.62%
  970s| 41400 |    16 | 15421k| 372.3 |   106M |  31 |2279 |4545 | 633 |  12k|  1 |  32k|2218 |-9.000000e+00 |-8.000000e+00 |  12.50%|  98.63%
  973s| 41500 |     7 | 15460k| 372.3 |   106M |  31 |2279 |4270 | 637 |  12k|  1 |  32k|2218 |-9.000000e+00 |-8.000000e+00 |  12.50%|  98.78%
  975s| 41600 |     8 | 15502k| 372.5 |   106M |  31 |2279 |4138 | 638 |  12k|  1 |  32k|2223 |-9.000000e+00 |-8.000000e+00 |  12.50%|  98.89%
  978s| 41700 |    15 | 15538k| 372.4 |   106M |  31 |2279 |4127 | 643 |  12k|  0 |  32k|2228 |-9.000000e+00 |-8.000000e+00 |  12.50%|  98.96%
  979s| 41800 |    12 | 15562k| 372.1 |   106M |  31 |2279 |4203 | 641 |  12k|  1 |  32k|2238 |-9.000000e+00 |-8.000000e+00 |  12.50%|  98.97%

SCIP Status        : problem is solved [optimal solution found]
Solving Time (sec) : 981.49
Solving Nodes      : 41884
Primal Bound       : -8.00000000000000e+00 (1 solutions)
Dual Bound         : -8.00000000000000e+00
Gap                : 0.00 %
SCIP Status        : problem is solved [optimal solution found]
Total Time         :     981.54
  solving          :     981.49
  presolving       :       0.90 (included in solving)
  reading          :       0.06
  copying          :       2.07 (121 #copies) (minimal 0.01, maximal 0.03, average 0.02)
Original Problem   :
  Problem name     : wachplan
  Variables        : 3361 (3360 binary, 1 integer, 0 implicit integer, 0 continuous)
  Constraints      : 1553 initial, 1553 maximal
  Objective        : minimize, 1 non-zeros (abs.min = 1, abs.max = 1)
Presolved Problem  :
  Problem name     : t_wachplan
  Variables        : 2279 (2278 binary, 1 integer, 0 implicit integer, 0 continuous)
  Constraints      : 634 initial, 5105 maximal
  Objective        : minimize, 1 non-zeros (abs.min = 1, abs.max = 1)
  Nonzeros         : 36804 constraint, 152469 clique table
Presolvers         :   ExecTime  SetupTime  Calls  FixedVars   AggrVars   ChgTypes  ChgBounds   AddHoles    DelCons    AddCons   ChgSides   ChgCoefs
  boundshift       :       0.00       0.00      0          0          0          0          0          0          0          0          0          0
  convertinttobin  :       0.00       0.00      0          0          0          0          0          0          0          0          0          0
  domcol           :       0.00       0.00      3          0          0          0          0          0          0          0          0          0
  dualagg          :       0.00       0.00      0          0          0          0          0          0          0          0          0          0
  dualcomp         :       0.00       0.00      0          0          0          0          0          0          0          0          0          0
  dualinfer        :       0.00       0.00      0          0          0          0          0          0          0          0          0          0
  dualsparsify     :       0.00       0.00      1          0          0          0          0          0          0          0          0          0
  gateextraction   :       0.00       0.00      5          0          0          0          0          0          0          0          0          0
  implics          :       0.00       0.00      8          0          0          0          0          0          0          0          0          0
  inttobinary      :       0.00       0.00     11          0          0          0          0          0          0          0          0          0
  qpkktref         :       0.00       0.00      0          0          0          0          0          0          0          0          0          0
  redvub           :       0.00       0.00      0          0          0          0          0          0          0          0          0          0
  sparsify         :       0.02       0.00      1          0          0          0          0          0          0          0          0          0
  stuffing         :       0.00       0.00      0          0          0          0          0          0          0          0          0          0
  trivial          :       0.00       0.00     11        236          0          0          0          0          0          0          0          0
  tworowbnd        :       0.00       0.00      0          0          0          0          0          0          0          0          0          0
  dualfix          :       0.00       0.00     11        756          0          0          0          0          0          0          0          0
  genvbounds       :       0.00       0.00      0          0          0          0          0          0          0          0          0          0
  probing          :       0.80       0.00      2         19          3          0          0          0          0          0          0          0
  pseudoobj        :       0.00       0.00      0          0          0          0          0          0          0          0          0          0
  symmetry         :       0.01       0.00      1          0          0          0          0          0          0         15          0          0
  vbounds          :       0.01       0.00      2          1          0          0          0          0          0          0          0          0
  knapsack         :       0.00       0.00     18          0          0          0          0          0         10         20         20         60
  setppc           :       0.00       0.00     18          0          0          0          0          0         28          0          0          0
  linear           :       0.02       0.01     17         67          0          0         70          0        913          0         56          0
  orbisack         :       0.00       0.00      1          0          0          0          0          0          0          0          0          0
  symretope        :       0.00       0.00      1          0          0          0          0          0          0          0          0          0
  logicor          :       0.01       0.00     17          2          0          0          0          0          3          0          0         27
  bounddisjunction :       0.00       0.00      0          0          0          0          0          0          0          0          0          0
  benders          :       0.00       0.00      0          0          0          0          0          0          0          0          0          0
  components       :       0.01       0.00      1          0          0          0          0          0          0          0          0          0
  root node        :          -          -      -        172          -          -        173          -          -          -          -          -
Constraints        :     Number  MaxNumber  #Separate #Propagate    #EnfoLP    #EnfoRelax  #EnfoPS    #Check   #ResProp    Cutoffs    DomReds       Cuts    Applied      Conss   Children
  benderslp        :          0          0          0          0      21703          0          0       2140          0          0          0          0          0          0          0
  integral         :          0          0          0          0      21703          0          0       2140          0          1      10951          0          0       5416      42316
  knapsack         :        168+       193         11     213488          0          0          0       2134     105415        255     109030          0          0          0          0
  setppc           :        392+       471         11     213233          0          0          0          5    1897273        378    2943157          0          0          0          0
  linear           :         34+        51         11     212855          0          0          0          1      13820        370      40372          0          0          0          0
  orbisack         :         11         11          0       4690          0          0          0          1       5574        123       8156          0          0          0          0
  symretope        :          4          4          0      14877          0          0          0          1        873         22       2640          0          0          0          0
  logicor          :         25+      4399         11     111925          0          0          0          1      68244       1213      60627          0          0          0          0
  bounddisjunction :          0+         8          0       5393          0          0          0          0          0          0          0          0          0          0          0
  benders          :          0          0          0          0          0          0          0          2          0          0          0          0          0          0          0
  countsols        :          0          0          0          0          0          0          0          2          0          0          0          0          0          0          0
  components       :          0          0          0          0          0          0          0          0          0          0          0          0          0          0          0
Constraint Timings :  TotalTime  SetupTime   Separate  Propagate     EnfoLP     EnfoPS     EnfoRelax   Check    ResProp    SB-Prop
  benderslp        :       0.01       0.00       0.00       0.00       0.01       0.00       0.00       0.00       0.00       0.00
  integral         :      29.12       0.00       0.00       0.00      29.12       0.00       0.00       0.00       0.00       0.00
  knapsack         :       1.15       0.00       0.00       0.97       0.00       0.00       0.00       0.03       0.10       0.05
  setppc           :       7.85       0.00       0.00       6.85       0.00       0.00       0.00       0.00       0.66       0.33
  linear           :       0.73       0.01       0.00       0.66       0.00       0.00       0.00       0.00       0.03       0.03
  orbisack         :       0.12       0.00       0.00       0.11       0.00       0.00       0.00       0.00       0.01       0.00
  symretope        :       0.37       0.00       0.00       0.35       0.00       0.00       0.00       0.00       0.01       0.01
  logicor          :       2.82       0.00       0.00       2.53       0.00       0.00       0.00       0.00       0.13       0.16
  bounddisjunction :       0.01       0.00       0.00       0.01       0.00       0.00       0.00       0.00       0.00       0.00
  benders          :       0.00       0.00       0.00       0.00       0.00       0.00       0.00       0.00       0.00       0.00
  countsols        :       0.00       0.00       0.00       0.00       0.00       0.00       0.00       0.00       0.00       0.00
  components       :       0.02       0.00       0.00       0.01       0.00       0.00       0.00       0.00       0.00       0.00
Propagators        : #Propagate   #ResProp    Cutoffs    DomReds
  dualfix          :          2          0          0          0
  genvbounds       :          0          0          0          0
  nlobbt           :          0          0          0          0
  obbt             :          0          0          0          0
  probing          :          0          0          0          0
  pseudoobj        :     191071          0          0          2
  redcost          :      63356          0          0     191484
  rootredcost      :          2          0          0         28
  symmetry         :          0          0          0          0
  vbounds          :     151309          0          0          0
Propagator Timings :  TotalTime  SetupTime   Presolve  Propagate    ResProp    SB-Prop
  dualfix          :       0.00       0.00       0.00       0.00       0.00       0.00
  genvbounds       :       0.05       0.00       0.00       0.04       0.00       0.00
  nlobbt           :       0.00       0.00       0.00       0.00       0.00       0.00
  obbt             :       0.00       0.00       0.00       0.00       0.00       0.00
  probing          :       0.80       0.00       0.80       0.00       0.00       0.00
  pseudoobj        :       0.10       0.00       0.00       0.10       0.00       0.00
  redcost          :       3.79       0.00       0.00       3.79       0.00       0.00
  rootredcost      :       0.04       0.00       0.00       0.04       0.00       0.00
  symmetry         :       0.04       0.00       0.01       0.02       0.00       0.00
  vbounds          :       0.59       0.00       0.01       0.58       0.00       0.01
Orbital fixing     :
  vars fixed to 0  :          0
  vars fixed to 1  :          0
Conflict Analysis  :       Time      Calls    Success    DomReds  Conflicts   Literals    Reconvs ReconvLits   Dualrays   Nonzeros   LP Iters   (pool size: [10000,10000])
  propagation      :       0.25       2051       1792          -      11678       97.2        180       38.0          -          -          -
  infeasible LP    :      10.85       4911       3620          -      50238      207.3        165       19.2        203      202.9          0
  bound exceed. LP :       5.31       1753       1387          -      20849      254.0        100       32.6        337      177.9       8424
  strong branching :       0.00          0          0          -          0        0.0          0        0.0          -          -          0
  pseudo solution  :       0.00          0          0          -          0        0.0          0        0.0          -          -          -
  applied globally :       7.47          -          -          1      32430      114.5          -          -        525          -          -
  applied locally  :          -          -          -          0         77      311.6          -          -         15          -          -
Separators         :   ExecTime  SetupTime      Calls  RootCalls    Cutoffs    DomReds  FoundCuts ViaPoolAdd  DirectAdd    Applied ViaPoolApp  DirectApp      Conss
  cut pool         :       1.27          -       5686         20          -          -       9333      16069          -          -          -          -          -    (maximal pool size:        761)
  aggregation      :       1.27       0.00       2275         11          0          0          9          0          6          3          0          3          0
  > cmir           :          -          -          -          -          -          -          -          0          6          3          0          3          -
  > flowcover      :          -          -          -          -          -          -          -          0          0          0          0          0          -
  > knapsackcover  :          -          -          -          -          -          -          -          0          0          0          0          0          -
  cgmip            :       0.00       0.00          0          0          0          0          0          0          0          0          0          0          0
  clique           :       0.13       0.00         11         11          0          0         28         27          0         15         15          0          0
  closecuts        :       0.00       0.00          0          0          0          0          0          0          0          0          0          0          0
  convexproj       :       0.00       0.00          0          0          0          0          0          0          0          0          0          0          0
  disjunctive      :       0.00       0.00          0          0          0          0          0          0          0          0          0          0          0
  eccuts           :       0.00       0.00          0          0          0          0          0          0          0          0          0          0          0
  gauge            :       0.00       0.00          0          0          0          0          0          0          0          0          0          0          0
  gomory           :      16.32       0.00       2116         10          0          0      12144      13473       3632       6106       5927        179          0
  > gomorymi       :          -          -          -          -          -          -          -       1566       1816        293        205         88          -
  > strongcg       :          -          -          -          -          -          -          -      11907       1816       5813       5722         91          -
  impliedbounds    :       5.57       0.00       2275         11          0         29        193        224          0        217        217          0          0
  interminor       :       0.00       0.00          0          0          0          0          0          0          0          0          0          0          0
  intobj           :       0.00       0.00          0          0          0          0          0          0          0          0          0          0          0
  mcf              :       0.00       0.00          1          1          0          0          0          0          0          0          0          0          0
  minor            :       0.00       0.00          0          0          0          0          0          0          0          0          0          0          0
  mixing           :       0.00       0.00       2275         11          0          0          0          0          0          0          0          0          0
  oddcycle         :       0.00       0.00          0          0          0          0          0          0          0          0          0          0          0
  rapidlearning    :       6.41       0.00        100          1          0       5410          0          0          0          0          0          0        261
  rlt              :       0.00       0.00         10         10          0          0          0          0          0          0          0          0          0
  zerohalf         :      13.00       0.00       2117         11          0          0       6356       2345       5759       6408       1390       5018          0
Cutselectors       :   ExecTime  SetupTime      Calls  RootCalls   Selected     Forced   Filtered  RootSelec   RootForc   RootFilt 
  hybrid           :       0.06       0.00       3220         11      12749          0      12705         28          0          3
Pricers            :   ExecTime  SetupTime      Calls       Vars
  problem variables:       0.00          -          0          0
Branching Rules    :   ExecTime  SetupTime   BranchLP  BranchExt   BranchPS    Cutoffs    DomReds       Cuts      Conss   Children
  allfullstrong    :       0.00       0.00          0          0          0          0          0          0          0          0
  cloud            :       0.00       0.00          0          0          0          0          0          0          0          0
  distribution     :       0.00       0.00          0          0          0          0          0          0          0          0
  fullstrong       :       0.00       0.00          0          0          0          0          0          0          0          0
  inference        :       0.00       0.00          0          0          0          0          0          0          0          0
  leastinf         :       0.00       0.00          0          0          0          0          0          0          0          0
  lookahead        :       0.00       0.00          0          0          0          0          0          0          0          0
  mostinf          :       0.00       0.00          0          0          0          0          0          0          0          0
  multaggr         :       0.00       0.00          0          0          0          0          0          0          0          0
  nodereopt        :       0.00       0.00          0          0          0          0          0          0          0          0
  pscost           :       0.00       0.00          0          0          0          0          0          0          0          0
  random           :       0.00       0.00          0          0          0          0          0          0          0          0
  relpscost        :      29.10       0.00      21703          0          0          1      10951          0       5694      42316
  vanillafullstrong:       0.00       0.00          0          0          0          0          0          0          0          0
Primal Heuristics  :   ExecTime  SetupTime      Calls      Found       Best
  LP solutions     :       0.00          -          -          0          0
  relax solutions  :       0.00          -          -          0          0
  pseudo solutions :       0.00          -          -          0          0
  strong branching :       0.00          -          -          0          0
  actconsdiving    :       0.00       0.00          0          0          0
  adaptivediving   :       1.85       0.00         58          0          0
  alns             :       1.58       0.00          8          0          0
  bound            :       0.00       0.00          0          0          0
  clique           :       0.01       0.00          1          0          0
  coefdiving       :       0.00       0.00          0          0          0
  completesol      :       0.00       0.00          0          0          0
  conflictdiving   :       1.30       0.00         66          0          0
  crossover        :       0.02       0.00          0          0          0
  dins             :       0.00       0.00          0          0          0
  distributiondivin:       6.10       0.00         66          0          0
  dps              :       0.00       0.00          0          0          0
  dualval          :       0.00       0.00          0          0          0
  farkasdiving     :       0.00       0.00          0          0          0
  feaspump         :       5.29       0.00         33          0          0
  fixandinfer      :       0.00       0.00          0          0          0
  fracdiving       :       2.42       0.00         66          0          0
  gins             :       0.03       0.00          0          0          0
  guideddiving     :       2.33       0.00         66          0          0
  indicator        :       0.02       0.00          0          0          0
  intdiving        :       0.00       0.00          0          0          0
  intshifting      :       0.00       0.00          0          0          0
  linesearchdiving :       2.12       0.00         66          0          0
  localbranching   :       0.00       0.00          0          0          0
  locks            :       0.00       0.00          1          0          0
  lpface           :      15.89       0.00          7          0          0
  mpec             :       0.00       0.00          0          0          0
  multistart       :       0.00       0.00          0          0          0
  mutation         :       0.00       0.00          0          0          0
  nlpdiving        :       0.00       0.00          0          0          0
  objpscostdiving  :       8.44       0.00         34          0          0
  octane           :       0.00       0.00          0          0          0
  ofins            :       0.01       0.00          0          0          0
  oneopt           :       0.02       0.00          1          0          0
  padm             :       0.00       0.00          0          0          0
  proximity        :       0.00       0.00          0          0          0
  pscostdiving     :       1.89       0.00         66          0          0
  randrounding     :       0.17       0.00       2143          0          0
  rens             :       0.03       0.00          1          0          0
  reoptsols        :       0.00       0.00          0          0          0
  repair           :       0.00       0.00          0          0          0
  rins             :       0.72       0.00         14          0          0
  rootsoldiving    :       3.58       0.00         33          1          1
  rounding         :       0.50       0.00       2182          0          0
  shiftandpropagate:       0.01       0.00          1          0          0
  shifting         :       0.55       0.00        919          0          0
  simplerounding   :       0.02       0.00          0          0          0
  subnlp           :       0.02       0.00          0          0          0
  trivial          :       0.00       0.00          2          0          0
  trivialnegation  :       0.00       0.00          0          0          0
  trustregion      :       0.00       0.00          0          0          0
  trysol           :       0.02       0.00          0          0          0
  twoopt           :       0.00       0.00          0          0          0
  undercover       :       0.00       0.00          0          0          0
  vbounds          :       0.04       0.00          1          0          0
  veclendiving     :       2.13       0.00         66          0          0
  zeroobj          :       0.00       0.00          0          0          0
  zirounding       :       0.05       0.00       1000          0          0
  other solutions  :          -          -          -          0          -
LP                 :       Time      Calls Iterations  Iter/call   Iter/sec  Time-0-It Calls-0-It    ItLimit
  primal LP        :      13.74       1444          0       0.00       0.00      13.74       1444
  dual LP          :     775.78      60621   15249251     341.54   19656.57       4.25      15973
  lex dual LP      :       0.00          0          0       0.00          -
  barrier LP       :       0.00          0          0       0.00          -       0.00          0
  resolve instable :       0.00          0          0       0.00          -
  diving/probing LP:      27.59       2953     349844     118.47   12678.17
  strong branching :      20.70       2243     440651     196.46   21286.06          -          -         89
    (at root node) :          -         11       6953     632.09          -
  conflict analysis:       1.10        844       8424       9.98    7681.79
B&B Tree           :
  number of runs   :          1
  nodes            :      41884 (21158 internal, 20726 leaves)
  feasible leaves  :          0
  infeas. leaves   :       5616
  objective leaves :      15110
  nodes (total)    :      41884 (21158 internal, 20726 leaves)
  nodes left       :          0
  max depth        :         31
  max depth (total):         31
  backtracks       :      12097 (28.9%)
  early backtracks :          0 (0.0%)
  nodes exc. ref.  :          0 (0.0%)
  delayed cutoffs  :        309
  repropagations   :       8309 (190048 domain reductions, 169 cutoffs)
  avg switch length:       3.38
  switching time   :      26.72
Root Node          :
  First LP value   : -9.00000000000000e+00
  First LP Iters   :       1260 (17320.78 Iter/sec)
  First LP Time    :       0.07
  Final Dual Bound : -8.99999999999999e+00
  Final Root Iters :       8424
  Root LP Estimate : -8.85367391749611e+00
Solution           :
  Solutions found  :          1 (1 improvements)
  First Solution   : -8.00000000000000e+00   (in run 1, after 177 nodes, 15.38 seconds, depth 14, found by <rootsoldiving>)
  Gap First Sol.   :      12.50 %
  Gap Last Sol.    :      12.50 %
  Primal Bound     : -8.00000000000000e+00   (in run 1, after 177 nodes, 15.38 seconds, depth 14, found by <rootsoldiving>)
  Dual Bound       : -8.00000000000000e+00
  Gap              :       0.00 %
Integrals          :      Total       Avg%
  primal-dual      :   12272.32      12.50
  primal-ref       :          -          - (not evaluated)
  dual-ref         :          -          - (not evaluated)
written solution information to file <results/final_miplib_symretope_if_extended_generating_set_cpx_v802__settings_final_nopeek_norelabel_extend_norestarts__0__wachplan.mps.gz.sol>
@04 1686650309
