FILENAME:   /home/mcs001/s132664/testsets/IP/miplib2017/s250r10.mps.gz
SETTINGS:   settings_final_nopeek_norelabel_extend_norestarts
TIMELIMIT:  7200
OUTPUTNAME: final_miplib_symretope_if_extended_generating_set_cpx_v802__settings_final_nopeek_norelabel_extend_norestarts__0__
BINNAME:    bin/sbcs.linux.x86_64.gnu.opt.cpx
BASENAME:   s250r10.mps.gz
SEED:       0
@01 /home/mcs001/s132664/testsets/IP/miplib2017/s250r10.mps.gz ===========
@02 s250r10.mps.gz
@03 1686649325
SCIP version 8.0.2 [precision: 8 byte] [memory: block] [mode: optimized] [LP solver: CPLEX 20.1.0.0] [GitHash: 5f0473c]
Copyright (C) 2002-2022 Konrad-Zuse-Zentrum fuer Informationstechnik Berlin (ZIB)

Symretope propagation methods - (c) Jasper van Doornmalen, Christopher Hojny.
[GitHash: 2fd0484]

reading parameter file <../settings/settings_final_nopeek_norelabel_extend_norestarts.set> ...

Changed settings:
limits/time = 7200
limits/restarts = 0
misc/usesymmetry = 1
constraints/orbisack/sepafreq = -1
constraints/symresack/sepafreq = -1
propagating/symmetry/addsymresacks = TRUE
propagating/symmetry/detectsubgroups = FALSE
propagating/symmetry/relabelsymretopes = 0
propagating/symmetry/extendgenerators = TRUE
propagating/symmetry/ofsymcomptiming = 0
constraints/symretope/sepafreq = -1
constraints/symretope/peek = FALSE


solving problem ...

original problem has 273142 variables (273139 bin, 0 int, 0 impl, 3 cont) and 10962 constraints
presolving:
(round 1, fast)       3027 del vars, 2457 del conss, 0 add conss, 773 chg bounds, 6 chg sides, 0 chg coeffs, 0 upgd conss, 0 impls, 3517 clqs
(round 2, fast)       3027 del vars, 2478 del conss, 0 add conss, 773 chg bounds, 6 chg sides, 47 chg coeffs, 0 upgd conss, 0 impls, 3518 clqs
(round 3, exhaustive) 3027 del vars, 2479 del conss, 0 add conss, 773 chg bounds, 6 chg sides, 47 chg coeffs, 3629 upgd conss, 0 impls, 3518 clqs
(round 4, medium)     3204 del vars, 2656 del conss, 0 add conss, 773 chg bounds, 6 chg sides, 47 chg coeffs, 3629 upgd conss, 0 impls, 3511 clqs
(round 5, fast)       3204 del vars, 2755 del conss, 99 add conss, 773 chg bounds, 6 chg sides, 47 chg coeffs, 3629 upgd conss, 0 impls, 3659 clqs
(round 6, medium)     3225 del vars, 2776 del conss, 99 add conss, 773 chg bounds, 6 chg sides, 47 chg coeffs, 3629 upgd conss, 0 impls, 3655 clqs
(round 7, fast)       3225 del vars, 2784 del conss, 107 add conss, 773 chg bounds, 6 chg sides, 47 chg coeffs, 3629 upgd conss, 0 impls, 3671 clqs
(round 8, medium)     3233 del vars, 2792 del conss, 107 add conss, 773 chg bounds, 6 chg sides, 47 chg coeffs, 3629 upgd conss, 0 impls, 3670 clqs
(round 9, medium)     3241 del vars, 2800 del conss, 107 add conss, 773 chg bounds, 6 chg sides, 47 chg coeffs, 3629 upgd conss, 0 impls, 3675 clqs
(round 10, medium)     3248 del vars, 2807 del conss, 107 add conss, 773 chg bounds, 6 chg sides, 47 chg coeffs, 3629 upgd conss, 0 impls, 3679 clqs
(round 11, medium)     3255 del vars, 2814 del conss, 107 add conss, 773 chg bounds, 6 chg sides, 47 chg coeffs, 3629 upgd conss, 0 impls, 3684 clqs
(round 12, medium)     3262 del vars, 2821 del conss, 107 add conss, 773 chg bounds, 6 chg sides, 47 chg coeffs, 3629 upgd conss, 0 impls, 3689 clqs
(round 13, medium)     3269 del vars, 2828 del conss, 107 add conss, 773 chg bounds, 6 chg sides, 47 chg coeffs, 3629 upgd conss, 0 impls, 3694 clqs
(round 14, exhaustive) 3275 del vars, 2834 del conss, 107 add conss, 773 chg bounds, 6 chg sides, 47 chg coeffs, 3736 upgd conss, 0 impls, 3705 clqs
(round 15, medium)     3357 del vars, 2916 del conss, 107 add conss, 773 chg bounds, 6 chg sides, 47 chg coeffs, 3736 upgd conss, 0 impls, 3694 clqs
(round 16, fast)       3357 del vars, 2966 del conss, 157 add conss, 773 chg bounds, 6 chg sides, 47 chg coeffs, 3736 upgd conss, 0 impls, 3761 clqs
(round 17, medium)     3366 del vars, 2975 del conss, 157 add conss, 773 chg bounds, 6 chg sides, 47 chg coeffs, 3736 upgd conss, 0 impls, 3761 clqs
(round 18, medium)     3372 del vars, 2983 del conss, 159 add conss, 773 chg bounds, 6 chg sides, 47 chg coeffs, 3736 upgd conss, 0 impls, 3768 clqs
(round 19, exhaustive) 3377 del vars, 2988 del conss, 159 add conss, 773 chg bounds, 6 chg sides, 47 chg coeffs, 3788 upgd conss, 0 impls, 3776 clqs
(round 20, medium)     3415 del vars, 3026 del conss, 159 add conss, 773 chg bounds, 6 chg sides, 47 chg coeffs, 3788 upgd conss, 0 impls, 3769 clqs
(round 21, fast)       3415 del vars, 3038 del conss, 171 add conss, 773 chg bounds, 6 chg sides, 47 chg coeffs, 3788 upgd conss, 0 impls, 3796 clqs
(round 22, medium)     3427 del vars, 3050 del conss, 171 add conss, 773 chg bounds, 6 chg sides, 47 chg coeffs, 3788 upgd conss, 0 impls, 3792 clqs
(round 23, medium)     3434 del vars, 3059 del conss, 173 add conss, 773 chg bounds, 6 chg sides, 47 chg coeffs, 3788 upgd conss, 0 impls, 3801 clqs
(round 24, medium)     3441 del vars, 3066 del conss, 173 add conss, 773 chg bounds, 6 chg sides, 47 chg coeffs, 3788 upgd conss, 0 impls, 3807 clqs
(round 25, medium)     3448 del vars, 3073 del conss, 173 add conss, 773 chg bounds, 6 chg sides, 47 chg coeffs, 3788 upgd conss, 0 impls, 3811 clqs
(round 26, exhaustive) 3454 del vars, 3079 del conss, 173 add conss, 773 chg bounds, 6 chg sides, 47 chg coeffs, 3802 upgd conss, 0 impls, 3821 clqs
(round 27, medium)     3474 del vars, 3099 del conss, 173 add conss, 773 chg bounds, 6 chg sides, 47 chg coeffs, 3802 upgd conss, 0 impls, 3816 clqs
(round 28, fast)       3474 del vars, 3106 del conss, 180 add conss, 773 chg bounds, 6 chg sides, 47 chg coeffs, 3802 upgd conss, 0 impls, 3830 clqs
(round 29, medium)     3482 del vars, 3114 del conss, 180 add conss, 773 chg bounds, 6 chg sides, 47 chg coeffs, 3802 upgd conss, 0 impls, 3830 clqs
(round 30, medium)     3490 del vars, 3122 del conss, 180 add conss, 773 chg bounds, 6 chg sides, 47 chg coeffs, 3802 upgd conss, 0 impls, 3837 clqs
(round 31, medium)     3498 del vars, 3130 del conss, 180 add conss, 773 chg bounds, 6 chg sides, 47 chg coeffs, 3802 upgd conss, 0 impls, 3842 clqs
(round 32, medium)     3506 del vars, 3138 del conss, 180 add conss, 773 chg bounds, 6 chg sides, 47 chg coeffs, 3802 upgd conss, 0 impls, 3848 clqs
(round 33, medium)     3513 del vars, 3145 del conss, 180 add conss, 773 chg bounds, 6 chg sides, 47 chg coeffs, 3802 upgd conss, 0 impls, 3854 clqs
(round 34, exhaustive) 3518 del vars, 3150 del conss, 180 add conss, 773 chg bounds, 6 chg sides, 47 chg coeffs, 3809 upgd conss, 0 impls, 3863 clqs
(round 35, medium)     3529 del vars, 3161 del conss, 180 add conss, 773 chg bounds, 6 chg sides, 47 chg coeffs, 3809 upgd conss, 0 impls, 3859 clqs
(round 36, medium)     3535 del vars, 3169 del conss, 182 add conss, 773 chg bounds, 6 chg sides, 47 chg coeffs, 3809 upgd conss, 0 impls, 3864 clqs
(round 37, exhaustive) 3538 del vars, 3173 del conss, 183 add conss, 773 chg bounds, 6 chg sides, 47 chg coeffs, 3812 upgd conss, 0 impls, 3869 clqs
(round 38, exhaustive) 3543 del vars, 3179 del conss, 184 add conss, 773 chg bounds, 6 chg sides, 47 chg coeffs, 3812 upgd conss, 0 impls, 3872 clqs
   (100.1s) probing: 1000/269581 (0.4%) - 0 fixings, 0 aggregations, 7176910 implications, 0 bound changes
   (100.2s) probing: 1001/269581 (0.4%) - 0 fixings, 0 aggregations, 7180000 implications, 0 bound changes
   (100.2s) probing aborted: 1000/1000 successive useless probings
   (100.9s) symmetry computation started: requiring (bin +, int +, cont +), (fixed: bin -, int -, cont -)
   (102.1s) symmetry computation finished: 9 generators found (max: 237, log10 of symmetry group size: 3.2)
(round 39, exhaustive) 3558 del vars, 3182 del conss, 229 add conss, 773 chg bounds, 6 chg sides, 47 chg coeffs, 3813 upgd conss, 0 impls, 1088127 clqs
(round 40, exhaustive) 3562 del vars, 3186 del conss, 229 add conss, 773 chg bounds, 6 chg sides, 47 chg coeffs, 3823 upgd conss, 0 impls, 1079486 clqs
(round 41, exhaustive) 3567 del vars, 3192 del conss, 230 add conss, 773 chg bounds, 6 chg sides, 47 chg coeffs, 3823 upgd conss, 0 impls, 1071066 clqs
   (109.8s) probing: 1101/269581 (0.4%) - 0 fixings, 0 aggregations, 7226916 implications, 0 bound changes
   (109.8s) probing aborted: 1000/1000 successive useless probings
presolving (42 rounds: 42 fast, 35 medium, 11 exhaustive):
 3571 deleted vars, 3196 deleted constraints, 230 added constraints, 773 tightened bounds, 0 added holes, 6 changed sides, 47 changed coefficients
 0 implications, 1080481 cliques
presolved problem has 269571 variables (269568 bin, 0 int, 3 impl, 0 cont) and 7996 constraints
     12 constraints of type <knapsack>
   2994 constraints of type <setppc>
   4844 constraints of type <linear>
     42 constraints of type <orbisack>
      3 constraints of type <symretope>
    101 constraints of type <logicor>
Presolving Time: 109.50

 time | node  | left  |LP iter|LP it/n|mem/heur|mdpt |vars |cons |rows |cuts |sepa|confs|strbr|  dualbound   | primalbound  |  gap   | compl. 
  164s|     1 |     0 | 64071 |     - |  2730M |   0 | 269k|8066 |7999 |   0 |  0 |  70 |   0 |-1.726770e-01 |      --      |    Inf | unknown
  200s|     1 |     0 | 68823 |     - |  2800M |   0 | 269k|8066 |8001 |   2 |  1 |  70 |   0 |-1.726770e-01 |      --      |    Inf | unknown
d 218s|     1 |     0 | 71396 |     - |farkasdi|   0 | 269k|8066 |8001 |   0 |  3 |  70 |   0 |-1.726770e-01 |-1.698087e-01 |   1.69%| unknown
  224s|     1 |     0 | 71476 |     - |  2812M |   0 | 269k|8070 |8001 |   2 |  3 |  74 |   0 |-1.726770e-01 |-1.698087e-01 |   1.69%| unknown
i 225s|     1 |     0 | 71483 |     - |  oneopt|   0 | 269k|8070 |7918 |   2 |  3 |  74 |   0 |-1.726770e-01 |-1.708087e-01 |   1.09%| unknown
  226s|     1 |     0 | 71483 |     - |  2819M |   0 | 269k|8070 |7918 |   2 |  3 |  74 |   0 |-1.726770e-01 |-1.708087e-01 |   1.09%| unknown
  226s|     1 |     0 | 71483 |     - |  2819M |   0 | 269k|8070 |7893 |   2 |  3 |  74 |   0 |-1.726770e-01 |-1.708087e-01 |   1.09%| unknown
  237s|     1 |     0 | 71485 |     - |  2783M |   0 | 269k|7984 |7877 |   3 |  4 |  74 |   0 |-1.726770e-01 |-1.708087e-01 |   1.09%| unknown
  238s|     1 |     0 | 71485 |     - |  2784M |   0 | 269k|7984 |7877 |   3 |  4 |  74 |   0 |-1.726770e-01 |-1.708087e-01 |   1.09%| unknown
  238s|     1 |     0 | 71485 |     - |  2784M |   0 | 269k|6009 |7877 |   3 |  5 |  74 |   0 |-1.726770e-01 |-1.708087e-01 |   1.09%| unknown
  245s|     1 |     0 | 71614 |     - |  2783M |   0 | 269k|6009 |7879 |   5 |  6 |  74 |   0 |-1.726769e-01 |-1.708087e-01 |   1.09%| unknown
  246s|     1 |     0 | 71614 |     - |  2783M |   0 | 269k|6009 |7812 |   5 |  6 |  74 |   0 |-1.726769e-01 |-1.708087e-01 |   1.09%| unknown
  246s|     1 |     0 | 71614 |     - |  2783M |   0 | 269k|6008 |7812 |   5 |  7 |  74 |   0 |-1.726769e-01 |-1.708087e-01 |   1.09%| unknown
  252s|     1 |     0 | 71632 |     - |  2784M |   0 | 269k|6008 |7814 |   7 |  8 |  74 |   0 |-1.726769e-01 |-1.708087e-01 |   1.09%| unknown
  265s|     1 |     0 | 71632 |     - |  2788M |   0 | 269k|6008 |7814 |   7 |  9 |  74 |  19 |-1.724759e-01 |-1.708087e-01 |   0.98%| unknown
 time | node  | left  |LP iter|LP it/n|mem/heur|mdpt |vars |cons |rows |cuts |sepa|confs|strbr|  dualbound   | primalbound  |  gap   | compl. 
  271s|     1 |     0 | 71794 |     - |  2792M |   0 | 269k|6008 |7817 |  10 | 10 |  74 |  19 |-1.724759e-01 |-1.708087e-01 |   0.98%| unknown
  272s|     1 |     0 | 71794 |     - |  2792M |   0 | 269k|6008 |7817 |  10 | 10 |  74 |  19 |-1.724759e-01 |-1.708087e-01 |   0.98%| unknown
  272s|     1 |     0 | 71794 |     - |  2792M |   0 | 269k|5980 |7817 |  10 | 11 |  74 |  19 |-1.724759e-01 |-1.708087e-01 |   0.98%| unknown
  277s|     1 |     0 | 71842 |     - |  2788M |   0 | 269k|5980 |7819 |  12 | 12 |  74 |  19 |-1.724759e-01 |-1.708087e-01 |   0.98%| unknown
  278s|     1 |     0 | 71842 |     - |  2788M |   0 | 269k|5980 |7819 |  12 | 12 |  74 |  19 |-1.724759e-01 |-1.708087e-01 |   0.98%| unknown
  278s|     1 |     0 | 71842 |     - |  2788M |   0 | 269k|5975 |7819 |  12 | 13 |  74 |  19 |-1.724759e-01 |-1.708087e-01 |   0.98%| unknown
  284s|     1 |     0 | 72008 |     - |  2790M |   0 | 269k|5975 |7822 |  15 | 14 |  74 |  19 |-1.724759e-01 |-1.708087e-01 |   0.98%| unknown
  285s|     1 |     0 | 72008 |     - |  2790M |   0 | 269k|5975 |7822 |  15 | 14 |  74 |  19 |-1.724759e-01 |-1.708087e-01 |   0.98%| unknown
  303s|     1 |     2 | 72008 |     - |  2790M |   0 | 269k|5975 |7822 |  15 | 15 |  74 |  40 |-1.724759e-01 |-1.708087e-01 |   0.98%| unknown
* 353s|    13 |    12 | 73685 | 360.8 |strongbr|   7 | 269k|6108 |7774 |  15 |  2 | 207 | 223 |-1.724759e-01 |-1.708526e-01 |   0.95%| unknown
* 429s|    18 |    17 | 75290 | 349.1 |strongbr|   9 | 269k|6297 |7774 |  15 |  3 | 510 | 553 |-1.724759e-01 |-1.708867e-01 |   0.93%| unknown
L 644s|    49 |    11 | 79906 | 219.8 |    alns|  20 | 269k|8095 |7776 |  19 |  2 |2708 |1221 |-1.724759e-01 |-1.717114e-01 |   0.45%|   2.85%
* 654s|    53 |    13 | 80241 | 209.3 |strongbr|  20 | 269k|7844 |7774 |  19 |  2 |2724 |1264 |-1.724759e-01 |-1.717412e-01 |   0.43%|   4.34%
* 654s|    53 |    13 | 80246 | 209.4 |    LP  |  20 | 269k|7844 |7774 |  19 |  4 |2724 |1267 |-1.724759e-01 |-1.717413e-01 |   0.43%|   4.34%
* 666s|    55 |    13 | 80314 | 202.9 |strongbr|  20 | 269k|7650 |7774 |  19 |  2 |2724 |1339 |-1.724759e-01 |-1.717435e-01 |   0.43%|   6.39%
 time | node  | left  |LP iter|LP it/n|mem/heur|mdpt |vars |cons |rows |cuts |sepa|confs|strbr|  dualbound   | primalbound  |  gap   | compl. 
  831s|   100 |    16 | 83497 | 142.8 |  3559M |  20 | 269k|7560 |7777 |  36 |  6 |3794 |1876 |-1.724759e-01 |-1.717435e-01 |   0.43%|  15.22%
 1075s|   200 |    19 | 90708 | 107.3 |  3693M |  21 | 269k|6642 |7779 |  53 |  7 |5139 |2724 |-1.724759e-01 |-1.717435e-01 |   0.43%|  31.27%
 1174s|   300 |    15 | 93608 |  81.1 |  3756M |  23 | 269k|6738 |7779 |  56 |  0 |5356 |3016 |-1.724759e-01 |-1.717435e-01 |   0.43%|  31.30%
*1242s|   336 |    17 | 97189 |  83.1 |    LP  |  24 | 269k|6454 |7775 |  58 |  1 |5608 |3231 |-1.724759e-01 |-1.717785e-01 |   0.41%|  35.36%
*1243s|   337 |    16 | 97192 |  82.8 |    LP  |  24 | 269k|6454 |7775 |  58 |  2 |5608 |3231 |-1.724759e-01 |-1.717805e-01 |   0.40%|  35.64%
 1355s|   400 |    15 |101286 |  80.0 |  3845M |  24 | 269k|6961 |7775 |  62 |  0 |6542 |3603 |-1.724759e-01 |-1.717805e-01 |   0.40%|  46.39%
 1563s|   500 |    27 |108371 |  78.2 |  4004M |  24 | 269k|7109 |7777 |  92 |  2 |8492 |4103 |-1.724759e-01 |-1.717805e-01 |   0.40%|  47.52%
 1721s|   600 |    20 |114825 |  75.9 |  4091M |  24 | 269k|7416 |7779 | 102 | 16 |  10k|4546 |-1.724735e-01 |-1.717805e-01 |   0.40%|  50.95%
 1852s|   700 |    29 |118992 |  71.0 |  4204M |  24 | 269k|7920 |7776 | 119 |  5 |  11k|4831 |-1.724735e-01 |-1.717805e-01 |   0.40%|  56.53%
 1953s|   800 |    26 |122375 |  66.4 |  4327M |  24 | 269k|7523 |7779 | 129 |  3 |  12k|5054 |-1.724647e-01 |-1.717805e-01 |   0.40%|  61.00%
 2118s|   900 |    54 |130058 |  67.5 |  4372M |  25 | 269k|6701 |7774 | 162 |  0 |  12k|5464 |-1.724628e-01 |-1.717805e-01 |   0.40%|  61.82%
 2333s|  1000 |    59 |138144 |  68.9 |  4422M |  25 | 269k|7299 |7782 | 191 |  5 |  14k|5915 |-1.724556e-01 |-1.717805e-01 |   0.39%|  62.65%
 2476s|  1100 |    53 |142429 |  66.5 |  4486M |  25 | 269k|6948 |7783 | 210 |  0 |  15k|6172 |-1.724529e-01 |-1.717805e-01 |   0.39%|  62.90%
 2532s|  1200 |    73 |145439 |  63.5 |  4493M |  25 | 269k|6972 |7783 | 216 |  0 |  15k|6259 |-1.724523e-01 |-1.717805e-01 |   0.39%|  63.25%
 2569s|  1300 |    65 |147009 |  59.8 |  4503M |  25 | 269k|7071 |7778 | 219 |  3 |  16k|6334 |-1.724425e-01 |-1.717805e-01 |   0.39%|  63.52%
 time | node  | left  |LP iter|LP it/n|mem/heur|mdpt |vars |cons |rows |cuts |sepa|confs|strbr|  dualbound   | primalbound  |  gap   | compl. 
 2654s|  1400 |    77 |150221 |  57.8 |  4530M |  25 | 269k|7353 |7780 | 243 |  1 |  16k|6470 |-1.724398e-01 |-1.717805e-01 |   0.38%|  64.34%
 2734s|  1500 |   101 |154661 |  56.9 |  4593M |  25 | 269k|7119 |7780 | 248 |  1 |  17k|6589 |-1.724278e-01 |-1.717805e-01 |   0.38%|  64.46%
Restart triggered after 50 consecutive estimations that the remaining tree will be large
 2794s|  1600 |   109 |157577 |  55.2 |  4601M |  25 | 269k|7060 |   0 | 261 |  0 |  17k|6661 |-1.724277e-01 |-1.717805e-01 |   0.38%|  64.60%
 2897s|  1700 |   115 |160565 |  53.7 |  4646M |  27 | 269k|7233 |7780 | 286 |  1 |  18k|6795 |-1.724045e-01 |-1.717805e-01 |   0.36%|  64.97%
 2980s|  1800 |   114 |166186 |  53.8 |  4699M |  29 | 269k|7076 |7782 | 310 |  1 |  18k|6915 |-1.723999e-01 |-1.717805e-01 |   0.36%|  65.31%
 3054s|  1900 |   117 |169266 |  52.6 |  4705M |  29 | 269k|7147 |7782 | 336 |  3 |  19k|6988 |-1.723835e-01 |-1.717805e-01 |   0.35%|  65.62%
 3146s|  2000 |   125 |172401 |  51.5 |  4724M |  29 | 269k|7324 |7781 | 349 |  1 |  19k|7086 |-1.723795e-01 |-1.717805e-01 |   0.35%|  65.72%
 3209s|  2100 |   127 |174795 |  50.2 |  4733M |  29 | 269k|7143 |7782 | 366 |  0 |  19k|7131 |-1.723795e-01 |-1.717805e-01 |   0.35%|  66.18%
 3292s|  2200 |   133 |181632 |  51.1 |  4775M |  29 | 269k|7721 |7776 | 378 |  0 |  20k|7302 |-1.723795e-01 |-1.717805e-01 |   0.35%|  66.19%
 3365s|  2300 |   153 |187954 |  51.6 |  4796M |  29 | 269k|7736 |7780 | 394 |  0 |  21k|7438 |-1.723795e-01 |-1.717805e-01 |   0.35%|  66.58%
 3420s|  2400 |   147 |190644 |  50.6 |  4817M |  29 | 269k|7675 |7777 | 398 |  2 |  22k|7543 |-1.723778e-01 |-1.717805e-01 |   0.35%|  66.68%
 3485s|  2500 |   151 |195172 |  50.3 |  4829M |  29 | 269k|7429 |7782 | 405 |  1 |  22k|7677 |-1.723602e-01 |-1.717805e-01 |   0.34%|  66.94%
 3607s|  2600 |   171 |204237 |  51.9 |  4863M |  29 | 269k|7369 |7784 | 427 |  1 |  24k|7941 |-1.723246e-01 |-1.717805e-01 |   0.32%|  67.24%
 3709s|  2700 |   187 |214406 |  53.7 |  4891M |  29 | 269k|7124 |7784 | 432 |  2 |  24k|8114 |-1.723149e-01 |-1.717805e-01 |   0.31%|  67.38%
 3774s|  2800 |   186 |217396 |  52.9 |  4928M |  29 | 269k|7551 |7782 | 442 |  1 |  25k|8260 |-1.723125e-01 |-1.717805e-01 |   0.31%|  67.56%
 time | node  | left  |LP iter|LP it/n|mem/heur|mdpt |vars |cons |rows |cuts |sepa|confs|strbr|  dualbound   | primalbound  |  gap   | compl. 
 3897s|  2900 |   187 |221549 |  52.5 |  4966M |  29 | 269k|7710 |7778 | 470 |  0 |  26k|8467 |-1.723041e-01 |-1.717805e-01 |   0.30%|  68.02%
 3960s|  3000 |   188 |225565 |  52.1 |  4979M |  29 | 269k|7472 |7778 | 483 |  2 |  27k|8563 |-1.723028e-01 |-1.717805e-01 |   0.30%|  68.17%
 4011s|  3100 |   186 |228185 |  51.3 |  4989M |  29 | 269k|7512 |7784 | 483 |  3 |  27k|8623 |-1.723004e-01 |-1.717805e-01 |   0.30%|  68.53%
 4067s|  3200 |   188 |231605 |  50.7 |  4997M |  29 | 269k|7388 |7777 | 483 |  1 |  27k|8665 |-1.722999e-01 |-1.717805e-01 |   0.30%|  68.58%
 4137s|  3300 |   194 |234688 |  50.1 |  5029M |  29 | 269k|7961 |7785 | 492 |  3 |  28k|8831 |-1.722960e-01 |-1.717805e-01 |   0.30%|  69.05%
 4200s|  3400 |   206 |238262 |  49.7 |  5094M |  29 | 269k|7460 |   0 | 499 |  0 |  28k|8920 |-1.722856e-01 |-1.717805e-01 |   0.29%|  69.56%
 4255s|  3500 |   196 |240939 |  49.0 |  5100M |  29 | 269k|7693 |7776 | 507 |  1 |  29k|9003 |-1.722856e-01 |-1.717805e-01 |   0.29%|  69.63%
 4412s|  3600 |   201 |248465 |  49.8 |  5134M |  29 | 269k|7348 |7781 | 572 |  1 |  30k|9256 |-1.722830e-01 |-1.717805e-01 |   0.29%|  70.02%
 4498s|  3700 |   203 |251796 |  49.3 |  5153M |  29 | 269k|7227 |7777 | 588 |  1 |  31k|9455 |-1.722704e-01 |-1.717805e-01 |   0.29%|  70.24%
L4544s|  3788 |   201 |254807 |  49.0 |    rins|  29 | 269k|7122 |7787 | 588 | 10 |  31k|9539 |-1.722704e-01 |-1.717805e-01 |   0.29%|  71.75%
 4552s|  3800 |   199 |254917 |  48.8 |  5164M |  29 | 269k|7185 |7783 | 588 |  1 |  31k|9551 |-1.722704e-01 |-1.717805e-01 |   0.29%|  71.76%
 4629s|  3900 |   197 |258608 |  48.5 |  5174M |  29 | 269k|7791 |7779 | 595 |  4 |  32k|9694 |-1.722659e-01 |-1.717805e-01 |   0.28%|  71.86%
 4725s|  4000 |   191 |264709 |  48.9 |  5207M |  29 | 269k|7799 |7777 | 595 |  0 |  33k|9938 |-1.722659e-01 |-1.717805e-01 |   0.28%|  71.89%
 4815s|  4100 |   193 |270670 |  49.1 |  5235M |  29 | 269k|7881 |7786 | 599 | 14 |  34k|  10k|-1.722623e-01 |-1.717805e-01 |   0.28%|  71.99%
 4922s|  4200 |   191 |274956 |  49.0 |  5271M |  29 | 269k|8038 |7778 | 612 |  0 |  35k|  10k|-1.722615e-01 |-1.717805e-01 |   0.28%|  72.08%
 time | node  | left  |LP iter|LP it/n|mem/heur|mdpt |vars |cons |rows |cuts |sepa|confs|strbr|  dualbound   | primalbound  |  gap   | compl. 
 4986s|  4300 |   195 |278297 |  48.6 |  5293M |  29 | 269k|8241 |   0 | 612 |  0 |  36k|  10k|-1.722572e-01 |-1.717805e-01 |   0.28%|  72.13%
 5064s|  4400 |   201 |281601 |  48.2 |  5317M |  29 | 269k|7840 |7788 | 624 |  1 |  36k|  10k|-1.722509e-01 |-1.717805e-01 |   0.27%|  72.69%
 5157s|  4500 |   203 |287628 |  48.5 |  5359M |  29 | 269k|8060 |7784 | 628 |  0 |  37k|  10k|-1.722509e-01 |-1.717805e-01 |   0.27%|  72.71%
 5216s|  4600 |   199 |291679 |  48.3 |  5376M |  29 | 269k|7034 |7786 | 628 |  2 |  38k|  11k|-1.722509e-01 |-1.717805e-01 |   0.27%|  72.72%
 5300s|  4700 |   201 |295986 |  48.2 |  5396M |  29 | 269k|7334 |7785 | 628 |  0 |  38k|  11k|-1.722509e-01 |-1.717805e-01 |   0.27%|  72.72%
 5376s|  4800 |   211 |299767 |  48.0 |  5419M |  29 | 269k|7602 |7781 | 628 |  0 |  39k|  11k|-1.722489e-01 |-1.717805e-01 |   0.27%|  72.76%
 5449s|  4900 |   221 |304136 |  47.9 |  5428M |  29 | 269k|7198 |7784 | 641 |  0 |  40k|  11k|-1.722410e-01 |-1.717805e-01 |   0.27%|  73.00%
 5570s|  5000 |   213 |307655 |  47.7 |  5504M |  29 | 269k|7360 |7781 | 642 |  1 |  41k|  11k|-1.722408e-01 |-1.717805e-01 |   0.27%|  73.06%
 5622s|  5100 |   203 |310342 |  47.3 |  5515M |  29 | 269k|7670 |7784 | 642 |  0 |  42k|  11k|-1.722408e-01 |-1.717805e-01 |   0.27%|  73.08%
 5675s|  5200 |   201 |312330 |  46.7 |  5530M |  29 | 269k|7392 |7783 | 646 |  0 |  42k|  12k|-1.722387e-01 |-1.717805e-01 |   0.27%|  73.18%
 5753s|  5300 |   205 |316844 |  46.7 |  5550M |  29 | 269k|7608 |7784 | 652 |  2 |  43k|  12k|-1.722379e-01 |-1.717805e-01 |   0.27%|  73.22%
 5863s|  5400 |   205 |320792 |  46.6 |  5560M |  29 | 269k|7744 |7781 | 658 |  0 |  44k|  12k|-1.722379e-01 |-1.717805e-01 |   0.27%|  73.82%
 5922s|  5500 |   213 |325285 |  46.5 |  5568M |  29 | 269k|7569 |7778 | 668 |  0 |  45k|  12k|-1.722330e-01 |-1.717805e-01 |   0.26%|  74.47%
 5979s|  5600 |   210 |328035 |  46.2 |  5580M |  29 | 269k|7513 |7777 | 670 |  9 |  45k|  12k|-1.722297e-01 |-1.717805e-01 |   0.26%|  74.60%
 6022s|  5700 |   208 |330528 |  45.8 |  5591M |  29 | 269k|7828 |7779 | 670 |  0 |  46k|  12k|-1.722286e-01 |-1.717805e-01 |   0.26%|  75.22%
 time | node  | left  |LP iter|LP it/n|mem/heur|mdpt |vars |cons |rows |cuts |sepa|confs|strbr|  dualbound   | primalbound  |  gap   | compl. 
 6079s|  5800 |   218 |332709 |  45.4 |  5597M |  29 | 269k|7542 |7778 | 670 |  1 |  46k|  12k|-1.722255e-01 |-1.717805e-01 |   0.26%|  76.63%
 6176s|  5900 |   218 |335622 |  45.1 |  5630M |  29 | 269k|7552 |7781 | 673 |  7 |  47k|  12k|-1.722240e-01 |-1.717805e-01 |   0.26%|  76.71%
L6238s|  5998 |   224 |338994 |  45.0 |crossove|  30 | 269k|7814 |7777 | 673 |  0 |  48k|  13k|-1.722240e-01 |-1.717805e-01 |   0.26%|  76.71%
 6238s|  6000 |   222 |339001 |  44.9 |  5647M |  30 | 269k|7814 |7777 | 673 |  0 |  48k|  13k|-1.722240e-01 |-1.717805e-01 |   0.26%|  76.71%
 6319s|  6100 |   210 |341830 |  44.7 |  5662M |  30 | 269k|7320 |7789 | 692 |  0 |  49k|  13k|-1.722184e-01 |-1.717805e-01 |   0.25%|  76.97%
 6404s|  6200 |   208 |345671 |  44.6 |  5670M |  30 | 269k|7347 |7776 | 696 |  2 |  49k|  13k|-1.722172e-01 |-1.717805e-01 |   0.25%|  78.08%
 6483s|  6300 |   209 |349040 |  44.4 |  5709M |  30 | 269k|7602 |7782 | 698 |  0 |  50k|  13k|-1.722142e-01 |-1.717805e-01 |   0.25%|  78.49%
 6525s|  6400 |   201 |351139 |  44.0 |  5716M |  30 | 269k|7480 |7780 | 698 |  1 |  51k|  13k|-1.722139e-01 |-1.717805e-01 |   0.25%|  78.51%
 6568s|  6500 |   191 |353070 |  43.7 |  5720M |  30 | 269k|7684 |7781 | 701 |  1 |  51k|  13k|-1.722132e-01 |-1.717805e-01 |   0.25%|  78.52%
 6635s|  6600 |   195 |356890 |  43.6 |  5724M |  30 | 269k|7730 |7776 | 722 |  1 |  51k|  13k|-1.722130e-01 |-1.717805e-01 |   0.25%|  78.69%
 6667s|  6700 |   201 |358984 |  43.2 |  5725M |  30 | 269k|7719 |7778 | 742 |  1 |  51k|  14k|-1.722128e-01 |-1.717805e-01 |   0.25%|  78.72%
 6694s|  6800 |   203 |362067 |  43.1 |  5728M |  30 | 269k|7586 |7780 | 744 |  1 |  52k|  14k|-1.722117e-01 |-1.717805e-01 |   0.25%|  78.82%
 6760s|  6900 |   207 |364905 |  42.8 |  5736M |  30 | 269k|7667 |7777 | 746 |  0 |  52k|  14k|-1.722116e-01 |-1.717805e-01 |   0.25%|  78.84%
 6795s|  7000 |   203 |367034 |  42.5 |  5739M |  30 | 269k|7528 |7783 | 747 |  1 |  52k|  14k|-1.722096e-01 |-1.717805e-01 |   0.25%|  78.94%
 6820s|  7100 |   195 |369535 |  42.3 |  5740M |  30 | 269k|7403 |7777 | 749 |  1 |  52k|  14k|-1.722096e-01 |-1.717805e-01 |   0.25%|  78.96%
 time | node  | left  |LP iter|LP it/n|mem/heur|mdpt |vars |cons |rows |cuts |sepa|confs|strbr|  dualbound   | primalbound  |  gap   | compl. 
 6887s|  7200 |   197 |373703 |  42.3 |  5751M |  30 | 269k|7412 |7783 | 750 |  0 |  53k|  14k|-1.722082e-01 |-1.717805e-01 |   0.25%|  78.98%
 6962s|  7300 |   202 |375409 |  41.9 |  5766M |  30 | 269k|7667 |7783 | 750 |  1 |  54k|  14k|-1.722079e-01 |-1.717805e-01 |   0.25%|  79.10%
 7042s|  7400 |   199 |377829 |  41.7 |  5798M |  30 | 269k|7615 |7784 | 755 |  0 |  55k|  14k|-1.722062e-01 |-1.717805e-01 |   0.25%|  79.15%
 7129s|  7500 |   199 |381054 |  41.6 |  5812M |  31 | 269k|7794 |7784 | 771 |  1 |  55k|  14k|-1.722034e-01 |-1.717805e-01 |   0.25%|  79.29%
 7198s|  7600 |   202 |383836 |  41.4 |  5820M |  31 | 269k|7854 |7779 | 771 |  0 |  56k|  14k|-1.722034e-01 |-1.717805e-01 |   0.25%|  79.33%

SCIP Status        : solving was interrupted [time limit reached]
Solving Time (sec) : 7200.02
Solving Nodes      : 7602
Primal Bound       : -1.71780483423164e-01 (118 solutions)
Dual Bound         : -1.72202741782696e-01
Gap                : 0.25 %
SCIP Status        : solving was interrupted [time limit reached]
Total Time         :    7201.54
  solving          :    7200.02
  presolving       :     109.50 (included in solving)
  reading          :       1.52
  copying          :      27.99 (21 #copies) (minimal 0.82, maximal 3.39, average 1.33)
Original Problem   :
  Problem name     : s250r10
  Variables        : 273142 (273139 binary, 0 integer, 0 implicit integer, 3 continuous)
  Constraints      : 10962 initial, 10962 maximal
  Objective        : minimize, 253497 non-zeros (abs.min = 5e-05, abs.max = 0.002)
Presolved Problem  :
  Problem name     : t_s250r10
  Variables        : 269571 (269568 binary, 0 integer, 3 implicit integer, 0 continuous)
  Constraints      : 7996 initial, 8461 maximal
  Objective        : minimize, 251863 non-zeros (abs.min = 5e-05, abs.max = 0.002)
  Nonzeros         : 1642851 constraint, 67030 clique table
Presolvers         :   ExecTime  SetupTime  Calls  FixedVars   AggrVars   ChgTypes  ChgBounds   AddHoles    DelCons    AddCons   ChgSides   ChgCoefs
  boundshift       :       0.00       0.00      0          0          0          0          0          0          0          0          0          0
  convertinttobin  :       0.00       0.00      0          0          0          0          0          0          0          0          0          0
  domcol           :       0.47       0.00      2         12          0          0          0          0          0          0          0          0
  dualagg          :       0.00       0.00      0          0          0          0          0          0          0          0          0          0
  dualcomp         :       0.00       0.00      0          0          0          0          0          0          0          0          0          0
  dualinfer        :       0.00       0.00      0          0          0          0          0          0          0          0          0          0
  dualsparsify     :       0.69       0.00      1          0          0          0          0          0          0          0          0          0
  gateextraction   :       0.60       0.00     10          0          0          0          0          0          0          0          0          0
  implics          :       0.25       0.00     35          0          0          0          0          0          0          0          0          0
  inttobinary      :       0.00       0.00      0          0          0          0          0          0          0          0          0          0
  qpkktref         :       0.00       0.00      0          0          0          0          0          0          0          0          0          0
  redvub           :       0.00       0.00      0          0          0          0          0          0          0          0          0          0
  sparsify         :       3.30       0.00      1          0          0          0          0          0          0          0          0          0
  stuffing         :       0.00       0.00      0          0          0          0          0          0          0          0          0          0
  trivial          :       0.63       0.00     42          0          0          0          0          0          0          0          0          0
  tworowbnd        :       0.00       0.00      0          0          0          0          0          0          0          0          0          0
  dualfix          :       0.54       0.00     42         36          0          0          0          0          0          0          0          0
  genvbounds       :       0.00       0.00      0          0          0          0          0          0          0          0          0          0
  probing          :      83.65       0.01      2          0          0          0          0          0          0          0          0          0
  pseudoobj        :       0.00       0.00      0          0          0          0          0          0          0          0          0          0
  symmetry         :       1.33       0.00      1          0          0          0          0          0          0         45          0          0
  vbounds          :       1.07       0.00      3          0          0          0          0          0          0          0          0          0
  knapsack         :       1.15       0.02     83          0          0          0          0          0          0          0          0          0
  setppc           :       7.67       0.02     83          0        532          0          0          0        717        185          0          0
  linear           :       5.39       0.37     51        773       2218          0        773          0       2479          0          6         47
  orbisack         :       0.00       0.00      1          0          0          0          0          0          0          0          0          0
  symretope        :       0.00       0.00      1          0          0          0          0          0          0          0          0          0
  logicor          :       1.05       0.08     75          0          0          0          0          0          0          0          0          0
  benders          :       0.00       0.00      0          0          0          0          0          0          0          0          0          0
  components       :       0.55       0.00      1          0          0          0          0          0          0          0          0          0
  root node        :          -          -      -     226744          -          -     226759          -          -          -          -          -
Constraints        :     Number  MaxNumber  #Separate #Propagate    #EnfoLP    #EnfoRelax  #EnfoPS    #Check   #ResProp    Cutoffs    DomReds       Cuts    Applied      Conss   Children
  benderslp        :          0          0          0          0       9585          0          0        713          0          0          0          0          0          0          0
  integral         :          0          0          0          0       9585          0          0        713          0          0      28609          0          0      44056       7844
  knapsack         :         12+        20          8     329803          3          0          0        707     119237          9      54843          4          2          0          0
  setppc           :       2994+      3023          8     331633          3          0          0        547   12769458        777     932301          0          0          0          0
  linear           :       4844       4844          8     330856          3          0          0        123   26610117       4637    3399983          0          0          0          0
  orbisack         :         42         42          0       1544          0          0          0        123      15279         38       1893          0          0          0          0
  symretope        :          3          3          0       6461          0          0          0        123          0          1        170          0          0          0          0
  logicor          :        101+      2563          8     114530          3          0          0        123      19456       1795      14014          0          0          0          0
  benders          :          0          0          0          0          3          0          0        124          0          0          0          0          0          0          0
  countsols        :          0          0          0          0          3          0          0        124          0          0          0          0          0          0          0
  components       :          0          0          0          0          0          0          0          0          0          0          0          0          0          0          0
Constraint Timings :  TotalTime  SetupTime   Separate  Propagate     EnfoLP     EnfoPS     EnfoRelax   Check    ResProp    SB-Prop
  benderslp        :       0.01       0.00       0.00       0.00       0.01       0.00       0.00       0.00       0.00       0.00
  integral         :    3036.54       0.00       0.00       0.00    3035.96       0.00       0.00       0.58       0.00       0.00
  knapsack         :      39.96       0.02       0.33       8.59       0.00       0.00       0.00      19.20       2.63       9.19
  setppc           :     185.48       0.02       0.12      28.34       0.00       0.00       0.00       9.04      29.53     118.43
  linear           :    1165.03       0.37      36.91      99.75       0.00       0.00       0.00       3.85     707.37     316.79
  orbisack         :      13.93       0.00       0.00       6.49       0.00       0.00       0.00       0.00       0.24       7.20
  symretope        :       3.77       0.00       0.00       1.81       0.00       0.00       0.00       0.00       0.00       1.96
  logicor          :     221.40       0.08       0.08      30.71       0.00       0.00       0.00       1.70       3.84     184.99
  benders          :       0.00       0.00       0.00       0.00       0.00       0.00       0.00       0.00       0.00       0.00
  countsols        :       0.00       0.00       0.00       0.00       0.00       0.00       0.00       0.00       0.00       0.00
  components       :       0.02       0.00       0.00       0.01       0.00       0.00       0.00       0.00       0.00       0.00
Propagators        : #Propagate   #ResProp    Cutoffs    DomReds
  dualfix          :         16          0          0          0
  genvbounds       :          0          0          0          0
  nlobbt           :          0          0          0          0
  obbt             :          0          0          0          0
  probing          :          0          0          0          0
  pseudoobj        :      63016          0          0          0
  redcost          :      26487          0          0    2280061
  rootredcost      :         11          0          0      23179
  symmetry         :          0          0          0          0
  vbounds          :      92147          0          0          0
Propagator Timings :  TotalTime  SetupTime   Presolve  Propagate    ResProp    SB-Prop
  dualfix          :       0.71       0.00       0.54       0.17       0.00       0.00
  genvbounds       :       0.08       0.00       0.00       0.05       0.00       0.03
  nlobbt           :       0.00       0.00       0.00       0.00       0.00       0.00
  obbt             :       0.00       0.00       0.00       0.00       0.00       0.00
  probing          :      83.66       0.01      83.65       0.00       0.00       0.00
  pseudoobj        :       0.50       0.00       0.00       0.49       0.00       0.01
  redcost          :     367.58       0.00       0.00     367.57       0.00       0.01
  rootredcost      :       0.35       0.00       0.00       0.32       0.00       0.02
  symmetry         :       1.37       0.00       1.33       0.03       0.00       0.01
  vbounds          :      27.01       0.00       1.07      25.79       0.00       0.15
Orbital fixing     :
  vars fixed to 0  :          0
  vars fixed to 1  :          0
Conflict Analysis  :       Time      Calls    Success    DomReds  Conflicts   Literals    Reconvs ReconvLits   Dualrays   Nonzeros   LP Iters   (pool size: [10000,10000])
  propagation      :     523.70       3903       3856          -      44172     4396.3        149      448.7          -          -          -
  infeasible LP    :       4.78         37         38          -        239     3346.4          3     3432.7         37     1878.5          0
  bound exceed. LP :    1461.69       5079       2674          -      32753     4104.8        113     1084.5       2474    27678.3      47804
  strong branching :       0.00          0          0          -          0        0.0          0        0.0          -          -          0
  pseudo solution  :       0.00          0          0          -          0        0.0          0        0.0          -          -          -
  applied globally :      12.54          -          -          1      53780     3932.0          -          -       2509          -          -
  applied locally  :          -          -          -          0          0        0.0          -          -          2          -          -
Separators         :   ExecTime  SetupTime      Calls  RootCalls    Cutoffs    DomReds  FoundCuts ViaPoolAdd  DirectAdd    Applied ViaPoolApp  DirectApp      Conss
  cut pool         :       4.24          -       1943         22          -          -        929       1333          -          -          -          -          -    (maximal pool size:        184)
  aggregation      :     196.31       0.00        653          8          0          0          9          1          0          1          1          0          0
  > cmir           :          -          -          -          -          -          -          -          0          0          0          0          0          -
  > flowcover      :          -          -          -          -          -          -          -          1          0          1          1          0          -
  > knapsackcover  :          -          -          -          -          -          -          -          0          0          0          0          0          -
  cgmip            :       0.00       0.00          0          0          0          0          0          0          0          0          0          0          0
  clique           :       0.70       0.00          8          8          0          0          0          0          0          0          0          0          0
  closecuts        :       0.00       0.00          0          0          0          0          0          0          0          0          0          0          0
  convexproj       :       0.00       0.00          0          0          0          0          0          0          0          0          0          0          0
  disjunctive      :       0.00       0.00          0          0          0          0          0          0          0          0          0          0          0
  eccuts           :       0.00       0.00          0          0          0          0          0          0          0          0          0          0          0
  gauge            :       0.00       0.00          0          0          0          0          0          0          0          0          0          0          0
  gomory           :     109.47       0.00        473          8          0          0         28        102          0         17         17          0          0
  > gomorymi       :          -          -          -          -          -          -          -         45          0         16         16          0          -
  > strongcg       :          -          -          -          -          -          -          -         57          0          1          1          0          -
  impliedbounds    :      11.01       0.00        653          8          0       2984          7         26          0         26         26          0          0
  interminor       :       0.00       0.00          0          0          0          0          0          0          0          0          0          0          0
  intobj           :       0.00       0.00          0          0          0          0          0          0          0          0          0          0          0
  mcf              :       0.20       0.00          1          1          0          0          0          0          0          0          0          0          0
  minor            :       0.00       0.00          0          0          0          0          0          0          0          0          0          0          0
  mixing           :       0.00       0.00        653          8          0          0          0          0          0          0          0          0          0
  oddcycle         :       0.00       0.00          0          0          0          0          0          0          0          0          0          0          0
  rapidlearning    :       5.54       0.00          0          0          0          0          0          0          0          0          0          0          0
  rlt              :       0.00       0.00          8          8          0          0          0          0          0          0          0          0          0
  zerohalf         :     177.84       0.00        473          8          0          0        916       1204         31        725        695         30          0
Cutselectors       :   ExecTime  SetupTime      Calls  RootCalls   Selected     Forced   Filtered  RootSelec   RootForc   RootFilt 
  hybrid           :       0.08       0.00        429          7        771          0        597         15          0         11
Pricers            :   ExecTime  SetupTime      Calls       Vars
  problem variables:       0.00          -          0          0
Branching Rules    :   ExecTime  SetupTime   BranchLP  BranchExt   BranchPS    Cutoffs    DomReds       Cuts      Conss   Children
  allfullstrong    :       0.00       0.00          0          0          0          0          0          0          0          0
  cloud            :       0.00       0.00          0          0          0          0          0          0          0          0
  distribution     :       0.00       0.00          0          0          0          0          0          0          0          0
  fullstrong       :       0.00       0.00          0          0          0          0          0          0          0          0
  inference        :       0.00       0.00          0          0          0          0          0          0          0          0
  leastinf         :       0.00       0.00          0          0          0          0          0          0          0          0
  lookahead        :       0.00       0.00          0          0          0          0          0          0          0          0
  mostinf          :       0.00       0.00          0          0          0          0          0          0          0          0
  multaggr         :       0.00       0.00          0          0          0          0          0          0          0          0
  nodereopt        :       0.00       0.00          0          0          0          0          0          0          0          0
  pscost           :       0.00       0.00          0          0          0          0          0          0          0          0
  random           :       0.00       0.00          0          0          0          0          0          0          0          0
  relpscost        :    3035.94       0.00       9582          0          0          0      28609          0      49695       7844
  vanillafullstrong:       0.00       0.00          0          0          0          0          0          0          0          0
Primal Heuristics  :   ExecTime  SetupTime      Calls      Found       Best
  LP solutions     :       0.16          -          -          3          3
  relax solutions  :       0.00          -          -          0          0
  pseudo solutions :       0.00          -          -          0          0
  strong branching :      15.36          -          -          4          4
  actconsdiving    :       0.00       0.00          0          0          0
  adaptivediving   :      38.04       0.00         25          0          0
  alns             :      20.11       0.00          6          1          1
  bound            :       0.00       0.00          0          0          0
  clique           :       2.02       0.00          1          0          0
  coefdiving       :       0.00       0.00          0          0          0
  completesol      :       0.00       0.00          0          0          0
  conflictdiving   :      16.19       0.00         13          0          0
  crossover        :      14.98       0.00          5          2          1
  dins             :       0.00       0.00          0          0          0
  distributiondivin:     128.26       0.00         13          0          0
  dps              :       0.00       0.00          0          0          0
  dualval          :       0.00       0.00          0          0          0
  farkasdiving     :      37.34       0.00         13          1          1
  feaspump         :      27.13       0.00          1          0          0
  fixandinfer      :       0.00       0.00          0          0          0
  fracdiving       :      23.35       0.00         13          0          0
  gins             :       2.31       0.00          0          0          0
  guideddiving     :      25.83       0.00         13          0          0
  indicator        :       0.01       0.00          0          0          0
  intdiving        :       0.00       0.00          0          0          0
  intshifting      :       0.00       0.00          0          0          0
  linesearchdiving :      22.25       0.00         13          0          0
  localbranching   :       0.00       0.00          0          0          0
  locks            :       0.35       0.00          1          0          0
  lpface           :       0.00       0.00          0          0          0
  mpec             :       0.00       0.00          0          0          0
  multistart       :       0.00       0.00          0          0          0
  mutation         :       0.00       0.00          0          0          0
  nlpdiving        :       0.00       0.00          0          0          0
  objpscostdiving  :      90.94       0.00          7          7          0
  octane           :       0.00       0.00          0          0          0
  ofins            :       0.00       0.00          0          0          0
  oneopt           :       2.32       0.00         10          1          1
  padm             :       0.00       0.00          0          0          0
  proximity        :       0.00       0.00          0          0          0
  pscostdiving     :      11.55       0.00         13          0          0
  randrounding     :      23.06       0.00        663          0          0
  rens             :       2.15       0.00          1          0          0
  reoptsols        :       0.00       0.00          0          0          0
  repair           :       0.00       0.00          0          0          0
  rins             :      22.35       0.00          9          7          1
  rootsoldiving    :      36.97       0.00          7          6          0
  rounding         :       7.24       0.00       1375          0          0
  shiftandpropagate:       2.21       0.00          1          0          0
  shifting         :      74.81       0.00       1327         86          0
  simplerounding   :      46.42       0.00      15371          0          0
  subnlp           :       0.01       0.00          0          0          0
  trivial          :       0.68       0.00          2          0          0
  trivialnegation  :       0.00       0.00          0          0          0
  trustregion      :       0.00       0.00          0          0          0
  trysol           :       0.01       0.00          0          0          0
  twoopt           :       0.00       0.00          0          0          0
  undercover       :       0.00       0.00          0          0          0
  vbounds          :       8.06       0.00          1          0          0
  veclendiving     :      16.09       0.00         13          0          0
  zeroobj          :       0.00       0.00          0          0          0
  zirounding       :       0.77       0.00       1000          0          0
  other solutions  :          -          -          -          0          -
LP                 :       Time      Calls Iterations  Iter/call   Iter/sec  Time-0-It Calls-0-It    ItLimit
  primal LP        :     692.63        446          0       0.00       0.00     692.62        446
  dual LP          :     553.16      19885     362763      26.98     655.80      87.35       6437
  lex dual LP      :       0.00          0          0       0.00          -
  barrier LP       :       0.00          0          0       0.00          -       0.00          0
  resolve instable :       0.00          0          0       0.00          -
  diving/probing LP:     235.04        452      21111      46.71      89.82
  strong branching :     374.93      14960     275800      18.44     735.60          -          -       1843
    (at root node) :          -         40      11709     292.73          -
  conflict analysis:     112.90       4791      47804       9.98     423.41
B&B Tree           :
  number of runs   :          1
  nodes            :       7602 (3922 internal, 3680 leaves)
  feasible leaves  :          3
  infeas. leaves   :        472
  objective leaves :       3204
  nodes (total)    :       7602 (3922 internal, 3680 leaves)
  nodes left       :        203
  max depth        :         31
  max depth (total):         31
  backtracks       :       1782 (23.4%)
  early backtracks :          0 (0.0%)
  nodes exc. ref.  :          0 (0.0%)
  delayed cutoffs  :         28
  repropagations   :       1641 (77422 domain reductions, 19 cutoffs)
  avg switch length:       4.21
  switching time   :     729.62
Root Node          :
  First LP value   : -1.72677041905481e-01
  First LP Iters   :      64071 (1611.66 Iter/sec)
  First LP Time    :      39.75
  Final Dual Bound : -1.72475853186085e-01
  Final Root Iters :      69355
  Root LP Estimate : -1.56137410284949e-01
Solution           :
  Solutions found  :        118 (12 improvements)
  First Solution   : -1.69808652071154e-01   (in run 1, after 1 nodes, 217.56 seconds, depth 20, found by <farkasdiving>)
  Gap First Sol.   :       1.69 %
  Gap Last Sol.    :       0.26 %
  Primal Bound     : -1.71780483423164e-01   (in run 1, after 5998 nodes, 6237.44 seconds, depth 30, found by <crossover>)
  Dual Bound       : -1.72202741782696e-01
  Gap              :       0.25 %
Integrals          :      Total       Avg%
  primal-dual      :   24303.76       3.38
  primal-ref       :          -          - (not evaluated)
  dual-ref         :          -          - (not evaluated)
written solution information to file <results/final_miplib_symretope_if_extended_generating_set_cpx_v802__settings_final_nopeek_norelabel_extend_norestarts__0__s250r10.mps.gz.sol>
@04 1686656529
