FILENAME:   /home/mcs001/s132664/testsets/IP/miplib2017/neos-3755335-nizao.mps.gz
SETTINGS:   settings_final_nopeek_norelabel_extend_norestarts
TIMELIMIT:  7200
OUTPUTNAME: final_miplib_symretope_if_extended_generating_set_cpx_v802__settings_final_nopeek_norelabel_extend_norestarts__3__
BINNAME:    bin/sbcs.linux.x86_64.gnu.opt.cpx
BASENAME:   neos-3755335-nizao.mps.gz
SEED:       3
@01 /home/mcs001/s132664/testsets/IP/miplib2017/neos-3755335-nizao.mps.gz ===========
@02 neos-3755335-nizao.mps.gz
@03 1686663714
SCIP version 8.0.2 [precision: 8 byte] [memory: block] [mode: optimized] [LP solver: CPLEX 20.1.0.0] [GitHash: 5f0473c]
Copyright (C) 2002-2022 Konrad-Zuse-Zentrum fuer Informationstechnik Berlin (ZIB)

Symretope propagation methods - (c) Jasper van Doornmalen, Christopher Hojny.
[GitHash: 2fd0484]

reading parameter file <../settings/settings_final_nopeek_norelabel_extend_norestarts.set> ...

Changed settings:
limits/time = 7200
limits/restarts = 0
misc/usesymmetry = 1
randomization/randomseedshift = 3
constraints/orbisack/sepafreq = -1
constraints/symresack/sepafreq = -1
propagating/symmetry/addsymresacks = TRUE
propagating/symmetry/detectsubgroups = FALSE
propagating/symmetry/relabelsymretopes = 0
propagating/symmetry/extendgenerators = TRUE
propagating/symmetry/ofsymcomptiming = 0
constraints/symretope/sepafreq = -1
constraints/symretope/peek = FALSE


solving problem ...

original problem has 40938 variables (5226 bin, 0 int, 0 impl, 35712 cont) and 111026 constraints
presolving:
(round 1, exhaustive) 0 del vars, 0 del conss, 0 add conss, 0 chg bounds, 18 chg sides, 252 chg coeffs, 72104 upgd conss, 0 impls, 428 clqs
   (14.7s) probing: 1000/5226 (19.1%) - 0 fixings, 0 aggregations, 849954 implications, 0 bound changes
   (14.7s) probing: 1001/5226 (19.2%) - 0 fixings, 0 aggregations, 852626 implications, 0 bound changes
   (14.7s) probing aborted: 1000/1000 successive useless probings
   (16.1s) symmetry computation started: requiring (bin +, int +, cont +), (fixed: bin -, int -, cont -)
   (17.5s) symmetry computation finished: 12 generators found (max: 1500, log10 of symmetry group size: 4.3)
(round 2, exhaustive) 0 del vars, 12 del conss, 97 add conss, 0 chg bounds, 18 chg sides, 258 chg coeffs, 72104 upgd conss, 900144 impls, 24334 clqs
presolving (3 rounds: 3 fast, 3 medium, 3 exhaustive):
 0 deleted vars, 12 deleted constraints, 97 added constraints, 0 tightened bounds, 0 added holes, 18 changed sides, 288 changed coefficients
 900144 implications, 24334 cliques
presolved problem has 40938 variables (5226 bin, 0 int, 0 impl, 35712 cont) and 111111 constraints
  71424 constraints of type <varbound>
     54 constraints of type <knapsack>
    428 constraints of type <setppc>
  38922 constraints of type <linear>
     44 constraints of type <orbisack>
      5 constraints of type <symretope>
    234 constraints of type <logicor>
Presolving Time: 17.38

 time | node  | left  |LP iter|LP it/n|mem/heur|mdpt |vars |cons |rows |cuts |sepa|confs|strbr|  dualbound   | primalbound  |  gap   | compl. 
 20.0s|     1 |     0 |   974 |     - |   832M |   0 |  40k| 111k| 111k|   0 |  0 |  25 |   0 | 5.003016e+01 |      --      |    Inf | unknown
 23.2s|     1 |     0 |  3736 |     - |   856M |   0 |  40k| 111k| 111k|  45 |  1 |  27 |   0 | 5.003016e+01 |      --      |    Inf | unknown
 24.0s|     1 |     0 |  3872 |     - |   868M |   0 |  40k| 111k| 111k|  74 |  2 |  28 |   0 | 5.003016e+01 |      --      |    Inf | unknown
 24.7s|     1 |     0 |  3938 |     - |   880M |   0 |  40k| 111k| 111k|  97 |  3 |  31 |   0 | 5.003016e+01 |      --      |    Inf | unknown
 25.4s|     1 |     0 |  4014 |     - |   894M |   0 |  40k| 111k| 111k| 117 |  4 |  34 |   0 | 5.003016e+01 |      --      |    Inf | unknown
 26.3s|     1 |     0 |  4061 |     - |   907M |   0 |  40k| 111k| 111k| 133 |  5 |  35 |   0 | 5.003016e+01 |      --      |    Inf | unknown
 27.6s|     1 |     0 |  4817 |     - |   923M |   0 |  40k| 111k| 111k| 235 |  6 |  39 |   0 | 5.003016e+01 |      --      |    Inf | unknown
 28.8s|     1 |     0 |  5665 |     - |   935M |   0 |  40k| 111k| 111k| 323 |  7 |  40 |   0 | 5.003016e+01 |      --      |    Inf | unknown
 30.3s|     1 |     0 |  6696 |     - |   949M |   0 |  40k| 111k| 111k| 407 |  8 |  41 |   0 | 5.003016e+01 |      --      |    Inf | unknown
 31.5s|     1 |     0 |  7362 |     - |   961M |   0 |  40k| 111k| 111k| 472 |  9 |  43 |   0 | 5.003016e+01 |      --      |    Inf | unknown
 33.4s|     1 |     0 |  8092 |     - |   973M |   0 |  40k| 111k| 111k| 534 | 10 |  44 |   0 | 5.003016e+01 |      --      |    Inf | unknown
 34.6s|     1 |     0 |  8624 |     - |   985M |   0 |  40k| 111k| 111k| 558 | 11 |  45 |   0 | 5.003016e+01 |      --      |    Inf | unknown
 34.8s|     1 |     0 |  8624 |     - |   987M |   0 |  40k| 111k| 111k| 558 | 11 |  46 |   0 | 5.003016e+01 |      --      |    Inf | unknown
 36.3s|     1 |     0 |  8839 |     - |   997M |   0 |  40k| 111k| 111k| 576 | 12 |  46 |   0 | 5.003016e+01 |      --      |    Inf | unknown
 37.0s|     1 |     0 |  8898 |     - |  1010M |   0 |  40k| 111k| 111k| 588 | 13 |  47 |   0 | 5.003016e+01 |      --      |    Inf | unknown
 time | node  | left  |LP iter|LP it/n|mem/heur|mdpt |vars |cons |rows |cuts |sepa|confs|strbr|  dualbound   | primalbound  |  gap   | compl. 
 37.6s|     1 |     0 |  8934 |     - |  1022M |   0 |  40k| 111k| 111k| 597 | 14 |  50 |   0 | 5.003016e+01 |      --      |    Inf | unknown
 38.1s|     1 |     0 |  9026 |     - |  1034M |   0 |  40k| 111k| 111k| 604 | 15 |  51 |   0 | 5.003016e+01 |      --      |    Inf | unknown
 38.6s|     1 |     0 |  9071 |     - |  1046M |   0 |  40k| 111k| 111k| 618 | 16 |  52 |   0 | 5.003016e+01 |      --      |    Inf | unknown
 39.1s|     1 |     0 |  9133 |     - |  1058M |   0 |  40k| 111k| 111k| 629 | 17 |  53 |   0 | 5.003016e+01 |      --      |    Inf | unknown
 40.2s|     1 |     0 |  9199 |     - |  1070M |   0 |  40k| 111k| 111k| 633 | 18 |  54 |   0 | 5.003016e+01 |      --      |    Inf | unknown
 40.9s|     1 |     0 |  9279 |     - |  1082M |   0 |  40k| 111k| 111k| 638 | 19 |  54 |   0 | 5.003016e+01 |      --      |    Inf | unknown
 41.6s|     1 |     0 |  9422 |     - |  1094M |   0 |  40k| 111k| 111k| 642 | 20 |  54 |   0 | 5.003016e+01 |      --      |    Inf | unknown
 42.0s|     1 |     0 |  9457 |     - |  1096M |   0 |  40k| 111k| 111k| 650 | 22 |  54 |   0 | 5.003016e+01 |      --      |    Inf | unknown
 42.3s|     1 |     0 |  9457 |     - |  1097M |   0 |  40k| 111k| 111k| 650 | 22 |  55 |   0 | 5.003016e+01 |      --      |    Inf | unknown
 42.5s|     1 |     0 |  9478 |     - |  1097M |   0 |  40k| 111k| 111k| 652 | 23 |  55 |   0 | 5.003016e+01 |      --      |    Inf | unknown
 43.0s|     1 |     0 |  9489 |     - |  1098M |   0 |  40k| 111k| 111k| 657 | 24 |  56 |   0 | 5.003016e+01 |      --      |    Inf | unknown
L76.5s|     1 |     0 | 14836 |     - |    rens|   0 |  40k| 111k| 111k| 657 | 26 |  60 |   0 | 5.003016e+01 | 5.003016e+01 |   0.00%| unknown
 76.6s|     1 |     0 | 14836 |     - |  1105M |   0 |  40k| 111k| 111k| 657 | 26 |  60 |   0 | 5.003016e+01 | 5.003016e+01 |   0.00%| unknown

SCIP Status        : problem is solved [optimal solution found]
Solving Time (sec) : 76.58
Solving Nodes      : 1
Primal Bound       : +5.00301565326000e+01 (1 solutions)
Dual Bound         : +5.00301565326000e+01
Gap                : 0.00 %
SCIP Status        : problem is solved [optimal solution found]
Total Time         :      77.30
  solving          :      76.58
  presolving       :      17.38 (included in solving)
  reading          :       0.72
  copying          :       0.34 (1 #copies) (minimal 0.34, maximal 0.34, average 0.34)
Original Problem   :
  Problem name     : neos-3755335-nizao
  Variables        : 40938 (5226 binary, 0 integer, 0 implicit integer, 35712 continuous)
  Constraints      : 111026 initial, 111026 maximal
  Objective        : minimize, 1488 non-zeros (abs.min = 0.015122, abs.max = 5.95504)
Presolved Problem  :
  Problem name     : t_neos-3755335-nizao
  Variables        : 40938 (5226 binary, 0 integer, 0 implicit integer, 35712 continuous)
  Constraints      : 111111 initial, 111159 maximal
  Objective        : minimize, 1488 non-zeros (abs.min = 0.015122, abs.max = 5.95504)
  Nonzeros         : 570702 constraint, 51730 clique table
Presolvers         :   ExecTime  SetupTime  Calls  FixedVars   AggrVars   ChgTypes  ChgBounds   AddHoles    DelCons    AddCons   ChgSides   ChgCoefs
  boundshift       :       0.00       0.00      0          0          0          0          0          0          0          0          0          0
  convertinttobin  :       0.00       0.00      0          0          0          0          0          0          0          0          0          0
  domcol           :       0.14       0.00      2          0          0          0          0          0          0          0          0          0
  dualagg          :       0.00       0.00      0          0          0          0          0          0          0          0          0          0
  dualcomp         :       0.12       0.00      2          0          0          0          0          0          0          0          0          0
  dualinfer        :       0.00       0.00      0          0          0          0          0          0          0          0          0          0
  dualsparsify     :       1.46       0.00      1          0          0          0          0          0          0          0          0          0
  gateextraction   :       0.00       0.00      2          0          0          0          0          0          0          0          0          0
  implics          :       0.00       0.00      3          0          0          0          0          0          0          0          0          0
  inttobinary      :       0.00       0.00      0          0          0          0          0          0          0          0          0          0
  qpkktref         :       0.00       0.00      0          0          0          0          0          0          0          0          0          0
  redvub           :       0.00       0.00      0          0          0          0          0          0          0          0          0          0
  sparsify         :       0.33       0.00      1          0          0          0          0          0          0          0          0          0
  stuffing         :       0.00       0.00      0          0          0          0          0          0          0          0          0          0
  trivial          :       0.00       0.00      3          0          0          0          0          0          0          0          0          0
  tworowbnd        :       0.00       0.00      0          0          0          0          0          0          0          0          0          0
  dualfix          :       0.01       0.00      3          0          0          0          0          0          0          0          0          0
  genvbounds       :       0.00       0.00      0          0          0          0          0          0          0          0          0          0
  probing          :      12.62       0.00      1          0          0          0          0          0          0          0          0          0
  pseudoobj        :       0.00       0.00      0          0          0          0          0          0          0          0          0          0
  symmetry         :       1.40       0.00      1          0          0          0          0          0          0         49          0          0
  vbounds          :       0.01       0.00      2          0          0          0          0          0          0          0          0          0
  varbound         :       0.13       0.00      4          0          0          0          0          0          0          0          0          0
  knapsack         :       0.01       0.00      6          0          0          0          0          0         12         48          0         36
  setppc           :       0.00       0.00      6          0          0          0          0          0          0          0          0          0
  linear           :       0.77       0.17      6          0          0          0          0          0          0          0         18        252
  orbisack         :       0.00       0.00      1          0          0          0          0          0          0          0          0          0
  symretope        :       0.00       0.00      1          0          0          0          0          0          0          0          0          0
  logicor          :       0.02       0.00      6          0          0          0          0          0          0          0          0          0
  benders          :       0.00       0.00      0          0          0          0          0          0          0          0          0          0
  components       :       0.10       0.00      1          0          0          0          0          0          0          0          0          0
  root node        :          -          -      -          9          -          -         57          -          -          -          -          -
Constraints        :     Number  MaxNumber  #Separate #Propagate    #EnfoLP    #EnfoRelax  #EnfoPS    #Check   #ResProp    Cutoffs    DomReds       Cuts    Applied      Conss   Children
  benderslp        :          0          0          0          0          0          0          0         14          0          0          0          0          0          0          0
  integral         :          0          0          0          0          0          0          0         14          0          0          0          0          0          0          0
  varbound         :      71424      71424         24      10464          0          0          0          8        349          0         48          0          0          0          0
  knapsack         :         54         54         24      10464          0          0          0          5         94          0          0          0          0          0          0
  setppc           :        428        428         24      10464          0          0          0          3        173         12          2          0          0          0          0
  linear           :      38922      38922         24      10452          0          0          0          1        829         12          0          0          0          0          0
  orbisack         :         44         44          0         63          0          0          0          1         33         12          2          0          0          0          0
  symretope        :          5          5          0         97          0          0          0          1          4          0          1          0          0          0          0
  logicor          :        234+       293         24       3088          0          0          0          1          8          2          0          9          2          0          0
  benders          :          0          0          0          0          0          0          0          2          0          0          0          0          0          0          0
  countsols        :          0          0          0          0          0          0          0          2          0          0          0          0          0          0          0
  components       :          0          0          0          0          0          0          0          0          0          0          0          0          0          0          0
Constraint Timings :  TotalTime  SetupTime   Separate  Propagate     EnfoLP     EnfoPS     EnfoRelax   Check    ResProp    SB-Prop
  benderslp        :       0.00       0.00       0.00       0.00       0.00       0.00       0.00       0.00       0.00       0.00
  integral         :       0.00       0.00       0.00       0.00       0.00       0.00       0.00       0.00       0.00       0.00
  varbound         :       2.75       0.00       0.64       2.04       0.00       0.00       0.00       0.07       0.00       0.00
  knapsack         :       0.07       0.00       0.01       0.05       0.00       0.00       0.00       0.00       0.00       0.00
  setppc           :       0.17       0.00       0.00       0.17       0.00       0.00       0.00       0.00       0.00       0.00
  linear           :       5.02       0.17       0.21       4.60       0.00       0.00       0.00       0.04       0.00       0.00
  orbisack         :       0.01       0.00       0.00       0.01       0.00       0.00       0.00       0.00       0.00       0.00
  symretope        :       0.00       0.00       0.00       0.00       0.00       0.00       0.00       0.00       0.00       0.00
  logicor          :       0.01       0.00       0.00       0.01       0.00       0.00       0.00       0.00       0.00       0.00
  benders          :       0.00       0.00       0.00       0.00       0.00       0.00       0.00       0.00       0.00       0.00
  countsols        :       0.00       0.00       0.00       0.00       0.00       0.00       0.00       0.00       0.00       0.00
  components       :       0.00       0.00       0.00       0.00       0.00       0.00       0.00       0.00       0.00       0.00
Propagators        : #Propagate   #ResProp    Cutoffs    DomReds
  dualfix          :          7          0          0          0
  genvbounds       :          0          0          0          0
  nlobbt           :          0          0          0          0
  obbt             :          0          0          0          0
  probing          :          0          0          0          0
  pseudoobj        :         36          0          0          0
  redcost          :         29          0          0          0
  rootredcost      :          0          0          0          0
  symmetry         :          0          0          0          0
  vbounds          :       5069          0          0          0
Propagator Timings :  TotalTime  SetupTime   Presolve  Propagate    ResProp    SB-Prop
  dualfix          :       0.02       0.00       0.01       0.02       0.00       0.00
  genvbounds       :       0.00       0.00       0.00       0.00       0.00       0.00
  nlobbt           :       0.00       0.00       0.00       0.00       0.00       0.00
  obbt             :       0.00       0.00       0.00       0.00       0.00       0.00
  probing          :      12.62       0.00      12.62       0.00       0.00       0.00
  pseudoobj        :       0.03       0.00       0.00       0.03       0.00       0.00
  redcost          :       0.10       0.00       0.00       0.10       0.00       0.00
  rootredcost      :       0.00       0.00       0.00       0.00       0.00       0.00
  symmetry         :       1.40       0.00       1.40       0.00       0.00       0.00
  vbounds          :       0.14       0.00       0.01       0.13       0.00       0.00
Orbital fixing     :
  vars fixed to 0  :          0
  vars fixed to 1  :          0
Conflict Analysis  :       Time      Calls    Success    DomReds  Conflicts   Literals    Reconvs ReconvLits   Dualrays   Nonzeros   LP Iters   (pool size: [10000,10000])
  propagation      :       0.00         27         27          -         55       13.0         13        3.2          -          -          -
  infeasible LP    :       0.00          0          0          -          0        0.0          0        0.0          0        0.0          0
  bound exceed. LP :       0.00          0          0          -          0        0.0          0        0.0          0        0.0          0
  strong branching :       0.00          0          0          -          0        0.0          0        0.0          -          -          0
  pseudo solution  :       0.00          0          0          -          0        0.0          0        0.0          -          -          -
  applied globally :       0.01          -          -          0         60       10.3          -          -          0          -          -
  applied locally  :          -          -          -          0          0        0.0          -          -          0          -          -
Separators         :   ExecTime  SetupTime      Calls  RootCalls    Cutoffs    DomReds  FoundCuts ViaPoolAdd  DirectAdd    Applied ViaPoolApp  DirectApp      Conss
  cut pool         :       0.05          -         47         47          -          -       3766       2169          -          -          -          -          -    (maximal pool size:       3764)
  aggregation      :       1.52       0.00         24         24          0          0         73         79          0          4          4          0          0
  > cmir           :          -          -          -          -          -          -          -         30          0          1          1          0          -
  > flowcover      :          -          -          -          -          -          -          -          0          0          0          0          0          -
  > knapsackcover  :          -          -          -          -          -          -          -         49          0          3          3          0          -
  cgmip            :       0.00       0.00          0          0          0          0          0          0          0          0          0          0          0
  clique           :       0.22       0.00         24         24          0          0         64         88          0         12         12          0          0
  closecuts        :       0.00       0.00          0          0          0          0          0          0          0          0          0          0          0
  convexproj       :       0.00       0.00          0          0          0          0          0          0          0          0          0          0          0
  disjunctive      :       0.00       0.00          0          0          0          0          0          0          0          0          0          0          0
  eccuts           :       0.00       0.00          0          0          0          0          0          0          0          0          0          0          0
  gauge            :       0.00       0.00          0          0          0          0          0          0          0          0          0          0          0
  gomory           :       2.23       0.00         10         10          0          0       1980        484          0        190        190          0          0
  > gomorymi       :          -          -          -          -          -          -          -        429          0        170        170          0          -
  > strongcg       :          -          -          -          -          -          -          -         55          0         20         20          0          -
  impliedbounds    :       0.11       0.00         24         24          0          1       1446       1323          0        404        404          0          0
  interminor       :       0.00       0.00          0          0          0          0          0          0          0          0          0          0          0
  intobj           :       0.00       0.00          0          0          0          0          0          0          0          0          0          0          0
  mcf              :       0.25       0.00          1          1          0          0          0          0          0          0          0          0          0
  minor            :       0.00       0.00          0          0          0          0          0          0          0          0          0          0          0
  mixing           :       0.09       0.00         24         24          0          0          0          0          0          0          0          0          0
  oddcycle         :       0.00       0.00          0          0          0          0          0          0          0          0          0          0          0
  rapidlearning    :       0.00       0.00          0          0          0          0          0          0          0          0          0          0          0
  rlt              :       0.00       0.00         10         10          0          0          0          0          0          0          0          0          0
  zerohalf         :       2.17       0.00         20         20          0          0        203        195          0         43         43          0          0
Cutselectors       :   ExecTime  SetupTime      Calls  RootCalls   Selected     Forced   Filtered  RootSelec   RootForc   RootFilt 
  hybrid           :       0.00       0.00         23         23        655          2       1523        655          2       1523
Pricers            :   ExecTime  SetupTime      Calls       Vars
  problem variables:       0.00          -          0          0
Branching Rules    :   ExecTime  SetupTime   BranchLP  BranchExt   BranchPS    Cutoffs    DomReds       Cuts      Conss   Children
  allfullstrong    :       0.00       0.00          0          0          0          0          0          0          0          0
  cloud            :       0.00       0.00          0          0          0          0          0          0          0          0
  distribution     :       0.00       0.00          0          0          0          0          0          0          0          0
  fullstrong       :       0.00       0.00          0          0          0          0          0          0          0          0
  inference        :       0.00       0.00          0          0          0          0          0          0          0          0
  leastinf         :       0.00       0.00          0          0          0          0          0          0          0          0
  lookahead        :       0.00       0.00          0          0          0          0          0          0          0          0
  mostinf          :       0.00       0.00          0          0          0          0          0          0          0          0
  multaggr         :       0.00       0.00          0          0          0          0          0          0          0          0
  nodereopt        :       0.00       0.00          0          0          0          0          0          0          0          0
  pscost           :       0.00       0.00          0          0          0          0          0          0          0          0
  random           :       0.00       0.00          0          0          0          0          0          0          0          0
  relpscost        :       0.00       0.00          0          0          0          0          0          0          0          0
  vanillafullstrong:       0.00       0.00          0          0          0          0          0          0          0          0
Primal Heuristics  :   ExecTime  SetupTime      Calls      Found       Best
  LP solutions     :       0.00          -          -          0          0
  relax solutions  :       0.00          -          -          0          0
  pseudo solutions :       0.00          -          -          0          0
  strong branching :       0.00          -          -          0          0
  actconsdiving    :       0.00       0.00          0          0          0
  adaptivediving   :       0.00       0.00          0          0          0
  alns             :       0.00       0.00          0          0          0
  bound            :       0.00       0.00          0          0          0
  clique           :       0.51       0.00          1          0          0
  coefdiving       :       0.00       0.00          0          0          0
  completesol      :       0.00       0.00          0          0          0
  conflictdiving   :       0.39       0.00          1          0          0
  crossover        :       0.00       0.00          0          0          0
  dins             :       0.00       0.00          0          0          0
  distributiondivin:       0.00       0.00          0          0          0
  dps              :       0.00       0.00          0          0          0
  dualval          :       0.00       0.00          0          0          0
  farkasdiving     :      31.36       0.00          1          0          0
  feaspump         :       2.01       0.00          1          0          0
  fixandinfer      :       0.00       0.00          0          0          0
  fracdiving       :       0.00       0.00          0          0          0
  gins             :       0.00       0.00          0          0          0
  guideddiving     :       0.00       0.00          0          0          0
  indicator        :       0.00       0.00          0          0          0
  intdiving        :       0.00       0.00          0          0          0
  intshifting      :       0.04       0.00          1          0          0
  linesearchdiving :       0.00       0.00          0          0          0
  localbranching   :       0.00       0.00          0          0          0
  locks            :       0.16       0.00          1          0          0
  lpface           :       0.00       0.00          0          0          0
  mpec             :       0.00       0.00          0          0          0
  multistart       :       0.00       0.00          0          0          0
  mutation         :       0.00       0.00          0          0          0
  nlpdiving        :       0.00       0.00          0          0          0
  objpscostdiving  :       0.00       0.00          0          0          0
  octane           :       0.00       0.00          0          0          0
  ofins            :       0.00       0.00          0          0          0
  oneopt           :       0.00       0.00          0          0          0
  padm             :       0.00       0.00          0          0          0
  proximity        :       0.00       0.00          0          0          0
  pscostdiving     :       0.00       0.00          0          0          0
  randrounding     :       3.80       0.00         24          0          0
  rens             :       1.48       0.00          1          1          1
  reoptsols        :       0.00       0.00          0          0          0
  repair           :       0.00       0.00          0          0          0
  rins             :       0.00       0.00          0          0          0
  rootsoldiving    :       0.00       0.00          0          0          0
  rounding         :       0.11       0.00         24          0          0
  shiftandpropagate:       0.36       0.00          1          0          0
  shifting         :       0.41       0.00         24          0          0
  simplerounding   :       0.00       0.00          0          0          0
  subnlp           :       0.00       0.00          0          0          0
  trivial          :       0.22       0.00          2          0          0
  trivialnegation  :       0.00       0.00          0          0          0
  trustregion      :       0.00       0.00          0          0          0
  trysol           :       0.00       0.00          0          0          0
  twoopt           :       0.00       0.00          0          0          0
  undercover       :       0.00       0.00          0          0          0
  vbounds          :       0.02       0.00          0          0          0
  veclendiving     :       0.00       0.00          0          0          0
  zeroobj          :       0.00       0.00          0          0          0
  zirounding       :       0.00       0.00          1          0          0
  other solutions  :          -          -          -          0          -
LP                 :       Time      Calls Iterations  Iter/call   Iter/sec  Time-0-It Calls-0-It    ItLimit
  primal LP        :       1.32          2          0       0.00       0.00       1.32          2
  dual LP          :       7.78         28       6866     286.08     882.41       0.17          4
  lex dual LP      :       0.00          0          0       0.00          -
  barrier LP       :       0.00          0          0       0.00          -       0.00          0
  resolve instable :       0.00          0          0       0.00          -
  diving/probing LP:      21.10        554       7970      14.39     377.74
  strong branching :       0.00          0          0       0.00          -          -          -          0
    (at root node) :          -          0          0       0.00          -
  conflict analysis:       0.00          0          0       0.00          -
B&B Tree           :
  number of runs   :          1
  nodes            :          1 (0 internal, 1 leaves)
  feasible leaves  :          0
  infeas. leaves   :          0
  objective leaves :          1
  nodes (total)    :          1 (0 internal, 1 leaves)
  nodes left       :          0
  max depth        :          0
  max depth (total):          0
  backtracks       :          0 (0.0%)
  early backtracks :          0 (0.0%)
  nodes exc. ref.  :          0 (0.0%)
  delayed cutoffs  :          0
  repropagations   :          0 (0 domain reductions, 0 cutoffs)
  avg switch length:       2.00
  switching time   :       0.00
Root Node          :
  First LP value   : +5.00301565326000e+01
  First LP Iters   :        974 (1076.70 Iter/sec)
  First LP Time    :       0.90
  Final Dual Bound : +5.00301565326000e+01
  Final Root Iters :       9489
  Root LP Estimate :                     -
Solution           :
  Solutions found  :          1 (1 improvements)
  First Solution   : +5.00301565326000e+01   (in run 1, after 1 nodes, 76.39 seconds, depth 0, found by <rens>)
  Gap First Sol.   :       0.00 %
  Gap Last Sol.    :       0.00 %
  Primal Bound     : +5.00301565326000e+01   (in run 1, after 1 nodes, 76.39 seconds, depth 0, found by <rens>)
  Dual Bound       : +5.00301565326000e+01
  Gap              :       0.00 %
Integrals          :      Total       Avg%
  primal-dual      :    7645.22      99.84
  primal-ref       :          -          - (not evaluated)
  dual-ref         :          -          - (not evaluated)
written solution information to file <results/final_miplib_symretope_if_extended_generating_set_cpx_v802__settings_final_nopeek_norelabel_extend_norestarts__3__neos-3755335-nizao.mps.gz.sol>
@04 1686663792
