FILENAME:   /home/mcs001/s132664/testsets/IP/miplib2017/neos-2746589-doon.mps.gz
SETTINGS:   settings_final_nopeek_norelabel_extend_norestarts
TIMELIMIT:  7200
OUTPUTNAME: final_miplib_symretope_if_extended_generating_set_cpx_v802__settings_final_nopeek_norelabel_extend_norestarts__0__
BINNAME:    bin/sbcs.linux.x86_64.gnu.opt.cpx
BASENAME:   neos-2746589-doon.mps.gz
SEED:       0
@01 /home/mcs001/s132664/testsets/IP/miplib2017/neos-2746589-doon.mps.gz ===========
@02 neos-2746589-doon.mps.gz
@03 1686649300
SCIP version 8.0.2 [precision: 8 byte] [memory: block] [mode: optimized] [LP solver: CPLEX 20.1.0.0] [GitHash: 5f0473c]
Copyright (C) 2002-2022 Konrad-Zuse-Zentrum fuer Informationstechnik Berlin (ZIB)

Symretope propagation methods - (c) Jasper van Doornmalen, Christopher Hojny.
[GitHash: 2fd0484]

reading parameter file <../settings/settings_final_nopeek_norelabel_extend_norestarts.set> ...

Changed settings:
limits/time = 7200
limits/restarts = 0
misc/usesymmetry = 1
constraints/orbisack/sepafreq = -1
constraints/symresack/sepafreq = -1
propagating/symmetry/addsymresacks = TRUE
propagating/symmetry/detectsubgroups = FALSE
propagating/symmetry/relabelsymretopes = 0
propagating/symmetry/extendgenerators = TRUE
propagating/symmetry/ofsymcomptiming = 0
constraints/symretope/sepafreq = -1
constraints/symretope/peek = FALSE


solving problem ...

original problem has 50936 variables (50704 bin, 224 int, 0 impl, 8 cont) and 31530 constraints
presolving:
(round 1, fast)       8408 del vars, 10868 del conss, 8 add conss, 12 chg bounds, 12472 chg sides, 12472 chg coeffs, 0 upgd conss, 0 impls, 2390 clqs
(round 2, exhaustive) 8408 del vars, 10950 del conss, 8 add conss, 236 chg bounds, 12480 chg sides, 12472 chg coeffs, 0 upgd conss, 0 impls, 2390 clqs
(round 3, fast)       8408 del vars, 10988 del conss, 8 add conss, 236 chg bounds, 25138 chg sides, 25130 chg coeffs, 0 upgd conss, 112 impls, 2390 clqs
(round 4, exhaustive) 8408 del vars, 10988 del conss, 8 add conss, 236 chg bounds, 25138 chg sides, 25130 chg coeffs, 15052 upgd conss, 112 impls, 2390 clqs
   (2.4s) sparsify finished: 18736/190420 (9.8%) nonzeros canceled - in total 18736 canceled nonzeros, 18736 changed coefficients, 0 added nonzeros
(round 5, exhaustive) 8408 del vars, 10988 del conss, 8 add conss, 236 chg bounds, 25138 chg sides, 43866 chg coeffs, 15052 upgd conss, 12658 impls, 240886 clqs
(round 6, medium)     8426 del vars, 11012 del conss, 8 add conss, 236 chg bounds, 25138 chg sides, 43866 chg coeffs, 15052 upgd conss, 12658 impls, 240886 clqs
(round 7, medium)     8444 del vars, 11030 del conss, 8 add conss, 236 chg bounds, 25138 chg sides, 43866 chg coeffs, 15052 upgd conss, 12658 impls, 240886 clqs
(round 8, medium)     8462 del vars, 11048 del conss, 8 add conss, 236 chg bounds, 25138 chg sides, 43866 chg coeffs, 15052 upgd conss, 12658 impls, 240887 clqs
(round 9, medium)     8480 del vars, 11066 del conss, 8 add conss, 236 chg bounds, 25138 chg sides, 43866 chg coeffs, 15052 upgd conss, 12658 impls, 240887 clqs
(round 10, medium)     8498 del vars, 11084 del conss, 8 add conss, 236 chg bounds, 25138 chg sides, 43866 chg coeffs, 15052 upgd conss, 12658 impls, 240888 clqs
(round 11, medium)     8516 del vars, 11102 del conss, 8 add conss, 236 chg bounds, 25138 chg sides, 43866 chg coeffs, 15052 upgd conss, 12658 impls, 240888 clqs
(round 12, medium)     8534 del vars, 11120 del conss, 8 add conss, 236 chg bounds, 25138 chg sides, 43866 chg coeffs, 15052 upgd conss, 12658 impls, 240889 clqs
(round 13, medium)     8552 del vars, 11138 del conss, 8 add conss, 236 chg bounds, 25138 chg sides, 43866 chg coeffs, 15052 upgd conss, 12658 impls, 240889 clqs
(round 14, medium)     8570 del vars, 11156 del conss, 8 add conss, 236 chg bounds, 25138 chg sides, 43866 chg coeffs, 15052 upgd conss, 12658 impls, 240890 clqs
(round 15, medium)     8588 del vars, 11174 del conss, 8 add conss, 236 chg bounds, 25138 chg sides, 43866 chg coeffs, 15052 upgd conss, 12658 impls, 240890 clqs
(round 16, medium)     8606 del vars, 11192 del conss, 8 add conss, 236 chg bounds, 25138 chg sides, 43866 chg coeffs, 15052 upgd conss, 12658 impls, 240890 clqs
(round 17, medium)     8624 del vars, 11210 del conss, 8 add conss, 236 chg bounds, 25138 chg sides, 43866 chg coeffs, 15052 upgd conss, 12658 impls, 240891 clqs
(round 18, medium)     8642 del vars, 11228 del conss, 8 add conss, 236 chg bounds, 25138 chg sides, 43866 chg coeffs, 15052 upgd conss, 12658 impls, 240891 clqs
(round 19, medium)     8660 del vars, 11246 del conss, 8 add conss, 236 chg bounds, 25138 chg sides, 43866 chg coeffs, 15052 upgd conss, 12658 impls, 240892 clqs
(round 20, medium)     8678 del vars, 11264 del conss, 8 add conss, 236 chg bounds, 25138 chg sides, 43866 chg coeffs, 15052 upgd conss, 12658 impls, 240892 clqs
(round 21, medium)     8696 del vars, 11282 del conss, 8 add conss, 236 chg bounds, 25138 chg sides, 43866 chg coeffs, 15052 upgd conss, 12658 impls, 240892 clqs
(round 22, medium)     8714 del vars, 11300 del conss, 8 add conss, 236 chg bounds, 25138 chg sides, 43866 chg coeffs, 15052 upgd conss, 12658 impls, 240893 clqs
(round 23, medium)     8732 del vars, 11318 del conss, 8 add conss, 236 chg bounds, 25138 chg sides, 43866 chg coeffs, 15052 upgd conss, 12658 impls, 240893 clqs
(round 24, medium)     8750 del vars, 11336 del conss, 8 add conss, 236 chg bounds, 25138 chg sides, 43866 chg coeffs, 15052 upgd conss, 12658 impls, 240894 clqs
(round 25, medium)     8768 del vars, 11354 del conss, 8 add conss, 236 chg bounds, 25138 chg sides, 43866 chg coeffs, 15052 upgd conss, 12658 impls, 240894 clqs
(round 26, medium)     8786 del vars, 11372 del conss, 8 add conss, 236 chg bounds, 25138 chg sides, 43866 chg coeffs, 15052 upgd conss, 12658 impls, 240894 clqs
(round 27, medium)     8804 del vars, 11390 del conss, 8 add conss, 236 chg bounds, 25138 chg sides, 43866 chg coeffs, 15052 upgd conss, 12658 impls, 240895 clqs
(round 28, medium)     8822 del vars, 11408 del conss, 8 add conss, 236 chg bounds, 25138 chg sides, 43866 chg coeffs, 15052 upgd conss, 12658 impls, 240895 clqs
(round 29, medium)     8840 del vars, 11426 del conss, 8 add conss, 236 chg bounds, 25138 chg sides, 43866 chg coeffs, 15052 upgd conss, 12658 impls, 240895 clqs
(round 30, medium)     8858 del vars, 11444 del conss, 8 add conss, 236 chg bounds, 25138 chg sides, 43866 chg coeffs, 15052 upgd conss, 12658 impls, 240896 clqs
(round 31, medium)     8876 del vars, 11462 del conss, 8 add conss, 236 chg bounds, 25138 chg sides, 43866 chg coeffs, 15052 upgd conss, 12658 impls, 240896 clqs
(round 32, medium)     8894 del vars, 11480 del conss, 8 add conss, 236 chg bounds, 25138 chg sides, 43866 chg coeffs, 15052 upgd conss, 12658 impls, 240896 clqs
(round 33, medium)     8912 del vars, 11498 del conss, 8 add conss, 236 chg bounds, 25138 chg sides, 43866 chg coeffs, 15052 upgd conss, 12658 impls, 240897 clqs
(round 34, medium)     8930 del vars, 11516 del conss, 8 add conss, 236 chg bounds, 25138 chg sides, 43866 chg coeffs, 15052 upgd conss, 12658 impls, 240897 clqs
(round 35, medium)     8948 del vars, 11534 del conss, 8 add conss, 236 chg bounds, 25138 chg sides, 43866 chg coeffs, 15052 upgd conss, 12658 impls, 240897 clqs
(round 36, medium)     8966 del vars, 11552 del conss, 8 add conss, 236 chg bounds, 25138 chg sides, 43866 chg coeffs, 15052 upgd conss, 12658 impls, 240898 clqs
(round 37, medium)     8984 del vars, 11570 del conss, 8 add conss, 236 chg bounds, 25138 chg sides, 43866 chg coeffs, 15052 upgd conss, 12658 impls, 240898 clqs
(round 38, medium)     9002 del vars, 11588 del conss, 8 add conss, 236 chg bounds, 25138 chg sides, 43866 chg coeffs, 15052 upgd conss, 12658 impls, 240898 clqs
(round 39, medium)     9020 del vars, 11606 del conss, 8 add conss, 236 chg bounds, 25138 chg sides, 43866 chg coeffs, 15052 upgd conss, 12658 impls, 240898 clqs
(round 40, medium)     9038 del vars, 11624 del conss, 8 add conss, 236 chg bounds, 25138 chg sides, 43866 chg coeffs, 15052 upgd conss, 12658 impls, 240899 clqs
(round 41, medium)     9056 del vars, 11642 del conss, 8 add conss, 236 chg bounds, 25138 chg sides, 43866 chg coeffs, 15052 upgd conss, 12658 impls, 240899 clqs
(round 42, medium)     9074 del vars, 11660 del conss, 8 add conss, 236 chg bounds, 25138 chg sides, 43866 chg coeffs, 15052 upgd conss, 12658 impls, 240899 clqs
(round 43, medium)     9092 del vars, 11678 del conss, 8 add conss, 236 chg bounds, 25138 chg sides, 43866 chg coeffs, 15052 upgd conss, 12658 impls, 240900 clqs
(round 44, medium)     9110 del vars, 11696 del conss, 8 add conss, 236 chg bounds, 25138 chg sides, 43866 chg coeffs, 15052 upgd conss, 12658 impls, 240900 clqs
(round 45, medium)     9128 del vars, 11714 del conss, 8 add conss, 236 chg bounds, 25138 chg sides, 43866 chg coeffs, 15052 upgd conss, 12658 impls, 240900 clqs
(round 46, medium)     9146 del vars, 11732 del conss, 8 add conss, 236 chg bounds, 25138 chg sides, 43866 chg coeffs, 15052 upgd conss, 12658 impls, 240900 clqs
(round 47, medium)     9164 del vars, 11750 del conss, 8 add conss, 236 chg bounds, 25138 chg sides, 43866 chg coeffs, 15052 upgd conss, 12658 impls, 240901 clqs
(round 48, medium)     9182 del vars, 11768 del conss, 8 add conss, 236 chg bounds, 25138 chg sides, 43866 chg coeffs, 15052 upgd conss, 12658 impls, 240901 clqs
(round 49, medium)     9200 del vars, 11786 del conss, 8 add conss, 236 chg bounds, 25138 chg sides, 43866 chg coeffs, 15052 upgd conss, 12658 impls, 240901 clqs
(round 50, medium)     9218 del vars, 11804 del conss, 8 add conss, 236 chg bounds, 25138 chg sides, 43866 chg coeffs, 15052 upgd conss, 12658 impls, 240901 clqs
(round 51, medium)     9236 del vars, 11822 del conss, 8 add conss, 236 chg bounds, 25138 chg sides, 43866 chg coeffs, 15052 upgd conss, 12658 impls, 240902 clqs
(round 52, medium)     9254 del vars, 11840 del conss, 8 add conss, 236 chg bounds, 25138 chg sides, 43866 chg coeffs, 15052 upgd conss, 12658 impls, 240902 clqs
(round 53, medium)     9272 del vars, 11858 del conss, 8 add conss, 236 chg bounds, 25138 chg sides, 43866 chg coeffs, 15052 upgd conss, 12658 impls, 240902 clqs
(round 54, medium)     9290 del vars, 11876 del conss, 8 add conss, 236 chg bounds, 25138 chg sides, 43866 chg coeffs, 15052 upgd conss, 12658 impls, 240902 clqs
(round 55, medium)     9308 del vars, 11894 del conss, 8 add conss, 236 chg bounds, 25138 chg sides, 43866 chg coeffs, 15052 upgd conss, 12658 impls, 240903 clqs
(round 56, medium)     9326 del vars, 11912 del conss, 8 add conss, 236 chg bounds, 25138 chg sides, 43866 chg coeffs, 15052 upgd conss, 12658 impls, 240903 clqs
(round 57, medium)     9344 del vars, 11930 del conss, 8 add conss, 236 chg bounds, 25138 chg sides, 43866 chg coeffs, 15052 upgd conss, 12658 impls, 240903 clqs
(round 58, medium)     9362 del vars, 11948 del conss, 8 add conss, 236 chg bounds, 25138 chg sides, 43866 chg coeffs, 15052 upgd conss, 12658 impls, 240903 clqs
(round 59, medium)     9380 del vars, 11966 del conss, 8 add conss, 236 chg bounds, 25138 chg sides, 43866 chg coeffs, 15052 upgd conss, 12658 impls, 240904 clqs
(round 60, medium)     9398 del vars, 11984 del conss, 8 add conss, 236 chg bounds, 25138 chg sides, 43866 chg coeffs, 15052 upgd conss, 12658 impls, 240904 clqs
(round 61, medium)     9416 del vars, 12002 del conss, 8 add conss, 236 chg bounds, 25138 chg sides, 43866 chg coeffs, 15052 upgd conss, 12658 impls, 240904 clqs
   (15.9s) probing: 1000/41408 (2.4%) - 0 fixings, 0 aggregations, 347652 implications, 0 bound changes
   (15.9s) probing: 1001/41408 (2.4%) - 0 fixings, 0 aggregations, 348000 implications, 0 bound changes
   (15.9s) probing aborted: 1000/1000 successive useless probings
   (16.1s) symmetry computation started: requiring (bin +, int +, cont +), (fixed: bin -, int -, cont -)
   (22.2s) symmetry computation finished: 192 generators found (max: 1500, log10 of symmetry group size: 163.0)
(round 62, exhaustive) 9885 del vars, 12002 del conss, 3244 add conss, 236 chg bounds, 25138 chg sides, 43866 chg coeffs, 15052 upgd conss, 12658 impls, 232658 clqs
(round 63, fast)       10097 del vars, 12262 del conss, 3244 add conss, 236 chg bounds, 25138 chg sides, 43866 chg coeffs, 15052 upgd conss, 12658 impls, 232758 clqs
(round 64, medium)     10159 del vars, 12262 del conss, 3244 add conss, 236 chg bounds, 25138 chg sides, 43866 chg coeffs, 15052 upgd conss, 12658 impls, 232758 clqs
(round 65, medium)     10197 del vars, 12262 del conss, 3244 add conss, 236 chg bounds, 25138 chg sides, 43866 chg coeffs, 15052 upgd conss, 12658 impls, 232783 clqs
(round 66, exhaustive) 10219 del vars, 12262 del conss, 3244 add conss, 236 chg bounds, 25138 chg sides, 43866 chg coeffs, 15193 upgd conss, 12658 impls, 232799 clqs
   (44.1s) probing: 2000/41408 (4.8%) - 13 fixings, 0 aggregations, 971158 implications, 0 bound changes
   (44.2s) probing: 2005/41408 (4.8%) - 13 fixings, 0 aggregations, 973663 implications, 0 bound changes
   (44.2s) probing aborted: 1000/1000 successive useless probings
presolving (67 rounds: 67 fast, 64 medium, 6 exhaustive):
 10251 deleted vars, 12262 deleted constraints, 3244 added constraints, 236 tightened bounds, 0 added holes, 25138 changed sides, 43866 changed coefficients
 12658 implications, 241236 cliques
presolved problem has 40903 variables (40791 bin, 112 int, 0 impl, 0 cont) and 22512 constraints
  12450 constraints of type <varbound>
      4 constraints of type <knapsack>
   1472 constraints of type <setppc>
   5350 constraints of type <linear>
   2848 constraints of type <orbisack>
    130 constraints of type <orbitope>
    258 constraints of type <symretope>
transformed objective value is always integral (scale: 0.1)
Presolving Time: 44.53

 time | node  | left  |LP iter|LP it/n|mem/heur|mdpt |vars |cons |rows |cuts |sepa|confs|strbr|  dualbound   | primalbound  |  gap   | compl. 
 52.7s|     1 |     0 | 14517 |     - |  2097M |   0 |  40k|  22k|  21k|   0 |  0 | 230 |   0 | 1.985940e+03 |      --      |    Inf | unknown
 80.2s|     1 |     0 | 32755 |     - |  2124M |   0 |  40k|  22k|  21k|   3 |  1 | 232 |   0 | 1.985940e+03 |      --      |    Inf | unknown
 83.1s|     1 |     0 | 33077 |     - |  2130M |   0 |  40k|  22k|  21k|  10 |  2 | 240 |   0 | 1.985940e+03 |      --      |    Inf | unknown
 85.4s|     1 |     0 | 33161 |     - |  2133M |   0 |  40k|  22k|  21k|  17 |  3 | 240 |   0 | 1.985940e+03 |      --      |    Inf | unknown
 87.9s|     1 |     0 | 33264 |     - |  2137M |   0 |  40k|  22k|  21k|  27 |  4 | 240 |   0 | 1.985940e+03 |      --      |    Inf | unknown
 89.9s|     1 |     0 | 33324 |     - |  2140M |   0 |  40k|  22k|  21k|  35 |  5 | 241 |   0 | 1.985940e+03 |      --      |    Inf | unknown
 92.7s|     1 |     0 | 33402 |     - |  2146M |   0 |  40k|  22k|  21k|  56 |  6 | 241 |   0 | 1.985940e+03 |      --      |    Inf | unknown
 95.3s|     1 |     0 | 34335 |     - |  2149M |   0 |  40k|  22k|  21k|  76 |  7 | 242 |   0 | 1.985940e+03 |      --      |    Inf | unknown
 97.5s|     1 |     0 | 34407 |     - |  2155M |   0 |  40k|  22k|  21k|  90 |  8 | 248 |   0 | 1.985940e+03 |      --      |    Inf | unknown
 99.8s|     1 |     0 | 34498 |     - |  2159M |   0 |  40k|  22k|  21k| 105 |  9 | 248 |   0 | 1.985940e+03 |      --      |    Inf | unknown
  105s|     1 |     0 | 34583 |     - |  2162M |   0 |  40k|  22k|  19k| 124 | 10 | 252 |   0 | 1.985940e+03 |      --      |    Inf | unknown
  107s|     1 |     0 | 35653 |     - |  2164M |   0 |  40k|  22k|  19k| 140 | 11 | 253 |   0 | 1.985940e+03 |      --      |    Inf | unknown
  117s|     1 |     0 | 37633 |     - |  2175M |   0 |  40k|  22k|  19k| 140 | 11 | 273 |  11 | 1.985940e+03 |      --      |    Inf | unknown
  119s|     1 |     0 | 37803 |     - |  2177M |   0 |  40k|  22k|  19k| 148 | 12 | 275 |  11 | 1.985940e+03 |      --      |    Inf | unknown
  119s|     1 |     0 | 37808 |     - |  2177M |   0 |  40k|  22k|  19k| 149 | 13 | 275 |  11 | 1.985940e+03 |      --      |    Inf | unknown
 time | node  | left  |LP iter|LP it/n|mem/heur|mdpt |vars |cons |rows |cuts |sepa|confs|strbr|  dualbound   | primalbound  |  gap   | compl. 
  123s|     1 |     0 | 37892 |     - |  2178M |   0 |  40k|  22k|  19k| 149 | 13 | 277 |  31 | 1.985940e+03 |      --      |    Inf | unknown
  124s|     1 |     0 | 38675 |     - |  2180M |   0 |  40k|  22k|  19k| 156 | 14 | 278 |  31 | 1.985940e+03 |      --      |    Inf | unknown
  124s|     1 |     0 | 38795 |     - |  2180M |   0 |  40k|  22k|  19k| 164 | 15 | 280 |  31 | 1.985940e+03 |      --      |    Inf | unknown
  126s|     1 |     0 | 39678 |     - |  2180M |   0 |  40k|  22k|  19k| 164 | 15 | 283 |  37 | 1.985940e+03 |      --      |    Inf | unknown
  129s|     1 |     0 | 39751 |     - |  2182M |   0 |  40k|  22k|  19k| 173 | 16 | 284 |  37 | 1.985940e+03 |      --      |    Inf | unknown
  130s|     1 |     0 | 39779 |     - |  2183M |   0 |  40k|  22k|  19k| 181 | 17 | 284 |  37 | 1.985940e+03 |      --      |    Inf | unknown
  133s|     1 |     0 | 39919 |     - |  2183M |   0 |  40k|  22k|  19k| 181 | 17 | 295 |  62 | 1.985940e+03 |      --      |    Inf | unknown
  134s|     1 |     0 | 39949 |     - |  2185M |   0 |  40k|  22k|  19k| 188 | 18 | 296 |  62 | 1.985940e+03 |      --      |    Inf | unknown
  135s|     1 |     0 | 39960 |     - |  2185M |   0 |  40k|  22k|  19k| 192 | 19 | 299 |  62 | 1.985940e+03 |      --      |    Inf | unknown
  135s|     1 |     0 | 39960 |     - |  2186M |   0 |  40k|  22k|  19k| 192 | 19 | 299 |  63 | 1.985940e+03 |      --      |    Inf | unknown
  138s|     1 |     0 | 39967 |     - |  2188M |   0 |  40k|  22k|  19k| 196 | 20 | 299 |  63 | 1.985940e+03 |      --      |    Inf | unknown
  139s|     1 |     0 | 39992 |     - |  2188M |   0 |  40k|  22k|  19k| 198 | 21 | 300 |  63 | 1.985940e+03 |      --      |    Inf | unknown
  140s|     1 |     0 | 40021 |     - |  2188M |   0 |  40k|  22k|  19k| 198 | 21 | 306 |  80 | 1.985940e+03 |      --      |    Inf | unknown
  141s|     1 |     0 | 40080 |     - |  2190M |   0 |  40k|  22k|  19k| 209 | 22 | 307 |  80 | 1.985940e+03 |      --      |    Inf | unknown
  143s|     1 |     0 | 40098 |     - |  2190M |   0 |  40k|  22k|  19k| 214 | 23 | 309 |  80 | 1.985940e+03 |      --      |    Inf | unknown
 time | node  | left  |LP iter|LP it/n|mem/heur|mdpt |vars |cons |rows |cuts |sepa|confs|strbr|  dualbound   | primalbound  |  gap   | compl. 
  150s|     1 |     0 | 40146 |     - |  2190M |   0 |  40k|  22k|  19k| 214 | 23 | 314 | 102 | 1.985940e+03 |      --      |    Inf | unknown
  151s|     1 |     0 | 40204 |     - |  2193M |   0 |  40k|  22k|  19k| 219 | 24 | 315 | 102 | 1.985940e+03 |      --      |    Inf | unknown
  152s|     1 |     0 | 40210 |     - |  2193M |   0 |  40k|  22k|  19k| 220 | 25 | 315 | 102 | 1.985940e+03 |      --      |    Inf | unknown
  158s|     1 |     0 | 40409 |     - |  2194M |   0 |  40k|  22k|  19k| 220 | 25 | 317 | 123 | 1.988440e+03 |      --      |    Inf | unknown
  159s|     1 |     0 | 41357 |     - |  2196M |   0 |  40k|  22k|  19k| 227 | 26 | 318 | 123 | 1.988440e+03 |      --      |    Inf | unknown
  160s|     1 |     0 | 42030 |     - |  2196M |   0 |  40k|  22k|  19k| 233 | 27 | 318 | 123 | 1.988440e+03 |      --      |    Inf | unknown
  167s|     1 |     0 | 42688 |     - |  2196M |   0 |  40k|  22k|  19k| 233 | 27 | 321 | 146 | 1.988440e+03 |      --      |    Inf | unknown
  168s|     1 |     0 | 42754 |     - |  2198M |   0 |  40k|  22k|  19k| 242 | 28 | 322 | 146 | 1.988440e+03 |      --      |    Inf | unknown
  169s|     1 |     0 | 42767 |     - |  2198M |   0 |  40k|  22k|  19k| 248 | 29 | 322 | 146 | 1.988440e+03 |      --      |    Inf | unknown
  170s|     1 |     0 | 42811 |     - |  2198M |   0 |  40k|  22k|  19k| 248 | 29 | 326 | 161 | 1.988440e+03 |      --      |    Inf | unknown
  171s|     1 |     0 | 42823 |     - |  2198M |   0 |  40k|  22k|  19k| 250 | 30 | 327 | 161 | 1.988440e+03 |      --      |    Inf | unknown
  172s|     1 |     0 | 42914 |     - |  2198M |   0 |  40k|  22k|  19k| 250 | 31 | 330 | 164 | 1.988440e+03 |      --      |    Inf | unknown
  173s|     1 |     0 | 43776 |     - |  2198M |   0 |  40k|  22k|  19k| 259 | 32 | 331 | 164 | 1.988440e+03 |      --      |    Inf | unknown
  175s|     1 |     0 | 43793 |     - |  2199M |   0 |  40k|  22k|  19k| 266 | 33 | 331 | 164 | 1.988440e+03 |      --      |    Inf | unknown
  183s|     1 |     0 | 43881 |     - |  2199M |   0 |  40k|  22k|  19k| 266 | 33 | 335 | 184 | 1.988440e+03 |      --      |    Inf | unknown
 time | node  | left  |LP iter|LP it/n|mem/heur|mdpt |vars |cons |rows |cuts |sepa|confs|strbr|  dualbound   | primalbound  |  gap   | compl. 
  184s|     1 |     0 | 43909 |     - |  2199M |   0 |  40k|  22k|  19k| 269 | 34 | 338 | 184 | 1.988440e+03 |      --      |    Inf | unknown
  184s|     1 |     0 | 43947 |     - |  2199M |   0 |  40k|  22k|  19k| 272 | 35 | 339 | 184 | 1.988440e+03 |      --      |    Inf | unknown
  186s|     1 |     0 | 44023 |     - |  2199M |   0 |  40k|  22k|  19k| 272 | 35 | 340 | 199 | 1.988440e+03 |      --      |    Inf | unknown
  187s|     1 |     0 | 44050 |     - |  2199M |   0 |  40k|  22k|  19k| 276 | 36 | 341 | 199 | 1.988440e+03 |      --      |    Inf | unknown
  187s|     1 |     0 | 44062 |     - |  2199M |   0 |  40k|  22k|  19k| 278 | 37 | 341 | 199 | 1.988440e+03 |      --      |    Inf | unknown
  188s|     1 |     0 | 44062 |     - |  2200M |   0 |  40k|  22k|  19k| 278 | 37 | 341 | 200 | 1.988440e+03 |      --      |    Inf | unknown
  189s|     1 |     0 | 44068 |     - |  2200M |   0 |  40k|  22k|  19k| 282 | 38 | 341 | 200 | 1.988440e+03 |      --      |    Inf | unknown
  189s|     1 |     0 | 44070 |     - |  2200M |   0 |  40k|  22k|  19k| 283 | 39 | 342 | 200 | 1.988440e+03 |      --      |    Inf | unknown
  190s|     1 |     0 | 44070 |     - |  2200M |   0 |  40k|  22k|  19k| 283 | 39 | 342 | 205 | 1.988440e+03 |      --      |    Inf | unknown
  193s|     1 |     0 | 44073 |     - |  2200M |   0 |  40k|  22k|  19k| 284 | 40 | 342 | 205 | 1.988440e+03 |      --      |    Inf | unknown
  193s|     1 |     0 | 44075 |     - |  2200M |   0 |  40k|  22k|  19k| 285 | 41 | 342 | 205 | 1.988440e+03 |      --      |    Inf | unknown
  194s|     1 |     0 | 44075 |     - |  2200M |   0 |  40k|  22k|  19k| 285 | 41 | 342 | 206 | 1.988440e+03 |      --      |    Inf | unknown
  196s|     1 |     0 | 44232 |     - |  2200M |   0 |  40k|  22k|  19k| 285 | 43 | 345 | 224 | 1.988440e+03 |      --      |    Inf | unknown
  198s|     1 |     0 | 45083 |     - |  2200M |   0 |  40k|  22k|  19k| 296 | 44 | 346 | 224 | 1.988440e+03 |      --      |    Inf | unknown
  198s|     1 |     0 | 45132 |     - |  2201M |   0 |  40k|  22k|  19k| 303 | 45 | 347 | 224 | 1.988440e+03 |      --      |    Inf | unknown
 time | node  | left  |LP iter|LP it/n|mem/heur|mdpt |vars |cons |rows |cuts |sepa|confs|strbr|  dualbound   | primalbound  |  gap   | compl. 
  199s|     1 |     0 | 46078 |     - |  2201M |   0 |  40k|  22k|  19k| 303 | 45 | 348 | 227 | 1.988440e+03 |      --      |    Inf | unknown
  201s|     1 |     0 | 46751 |     - |  2201M |   0 |  40k|  22k|  19k| 310 | 46 | 353 | 227 | 1.988440e+03 |      --      |    Inf | unknown
  201s|     1 |     0 | 46806 |     - |  2201M |   0 |  40k|  22k|  19k| 319 | 47 | 358 | 227 | 1.988440e+03 |      --      |    Inf | unknown
  202s|     1 |     0 | 46894 |     - |  2201M |   0 |  40k|  22k|  19k| 319 | 47 | 361 | 232 | 1.988440e+03 |      --      |    Inf | unknown
  203s|     1 |     0 | 46903 |     - |  2201M |   0 |  40k|  22k|  19k| 322 | 48 | 361 | 232 | 1.988440e+03 |      --      |    Inf | unknown
  205s|     1 |     0 | 46967 |     - |  2201M |   0 |  40k|  22k|  19k| 324 | 49 | 362 | 232 | 1.988440e+03 |      --      |    Inf | unknown
  206s|     1 |     0 | 47910 |     - |  2201M |   0 |  40k|  22k|  19k| 324 | 49 | 364 | 235 | 1.988440e+03 |      --      |    Inf | unknown
  208s|     1 |     0 | 48012 |     - |  2201M |   0 |  40k|  22k|  19k| 334 | 50 | 364 | 235 | 1.988440e+03 |      --      |    Inf | unknown
  208s|     1 |     0 | 48984 |     - |  2201M |   0 |  40k|  22k|  19k| 340 | 51 | 365 | 235 | 1.988440e+03 |      --      |    Inf | unknown
  211s|     1 |     0 | 49025 |     - |  2201M |   0 |  40k|  22k|  19k| 340 | 51 | 365 | 252 | 1.988440e+03 |      --      |    Inf | unknown
  213s|     1 |     0 | 49185 |     - |  2201M |   0 |  40k|  22k|  19k| 353 | 52 | 366 | 252 | 1.988440e+03 |      --      |    Inf | unknown
  214s|     1 |     0 | 49241 |     - |  2201M |   0 |  40k|  22k|  19k| 359 | 53 | 366 | 252 | 1.988440e+03 |      --      |    Inf | unknown
  214s|     1 |     0 | 49255 |     - |  2201M |   0 |  40k|  22k|  19k| 359 | 53 | 367 | 254 | 1.988440e+03 |      --      |    Inf | unknown
  215s|     1 |     0 | 49293 |     - |  2201M |   0 |  40k|  22k|  19k| 364 | 54 | 368 | 254 | 1.988440e+03 |      --      |    Inf | unknown
  215s|     1 |     0 | 49296 |     - |  2201M |   0 |  40k|  22k|  19k| 365 | 55 | 368 | 254 | 1.988440e+03 |      --      |    Inf | unknown
 time | node  | left  |LP iter|LP it/n|mem/heur|mdpt |vars |cons |rows |cuts |sepa|confs|strbr|  dualbound   | primalbound  |  gap   | compl. 
  219s|     1 |     0 | 50147 |     - |  2201M |   0 |  40k|  22k|  19k| 365 | 55 | 372 | 267 | 1.988440e+03 |      --      |    Inf | unknown
  220s|     1 |     0 | 50209 |     - |  2201M |   0 |  40k|  22k|  19k| 376 | 56 | 372 | 267 | 1.988440e+03 |      --      |    Inf | unknown
  220s|     1 |     0 | 50237 |     - |  2201M |   0 |  40k|  22k|  19k| 382 | 57 | 374 | 267 | 1.988440e+03 |      --      |    Inf | unknown
  221s|     1 |     0 | 50253 |     - |  2202M |   0 |  40k|  22k|  19k| 382 | 57 | 376 | 270 | 1.988440e+03 |      --      |    Inf | unknown
  222s|     1 |     0 | 50301 |     - |  2202M |   0 |  40k|  22k|  19k| 383 | 58 | 376 | 270 | 1.988440e+03 |      --      |    Inf | unknown
  225s|     1 |     0 | 50315 |     - |  2202M |   0 |  40k|  22k|  19k| 387 | 59 | 376 | 270 | 1.988440e+03 |      --      |    Inf | unknown
  229s|     1 |     0 | 50425 |     - |  2202M |   0 |  40k|  22k|  19k| 387 | 59 | 378 | 281 | 1.988440e+03 |      --      |    Inf | unknown
  230s|     1 |     0 | 50454 |     - |  2202M |   0 |  40k|  22k|  19k| 395 | 60 | 380 | 281 | 1.988440e+03 |      --      |    Inf | unknown
  230s|     1 |     0 | 50480 |     - |  2202M |   0 |  40k|  22k|  19k| 399 | 61 | 381 | 281 | 1.988440e+03 |      --      |    Inf | unknown
  231s|     1 |     0 | 50480 |     - |  2202M |   0 |  40k|  22k|  19k| 399 | 61 | 381 | 290 | 1.988440e+03 |      --      |    Inf | unknown
  232s|     1 |     0 | 50499 |     - |  2202M |   0 |  40k|  22k|  19k| 401 | 62 | 381 | 290 | 1.988440e+03 |      --      |    Inf | unknown
  235s|     1 |     0 | 50542 |     - |  2202M |   0 |  40k|  22k|  19k| 401 | 63 | 383 | 298 | 1.988440e+03 |      --      |    Inf | unknown
  237s|     1 |     0 | 50570 |     - |  2202M |   0 |  40k|  22k|  19k| 406 | 64 | 383 | 298 | 1.988440e+03 |      --      |    Inf | unknown
  237s|     1 |     0 | 50692 |     - |  2202M |   0 |  40k|  22k|  19k| 408 | 65 | 384 | 298 | 1.988440e+03 |      --      |    Inf | unknown
  238s|     1 |     0 | 50750 |     - |  2202M |   0 |  40k|  22k|  19k| 408 | 65 | 384 | 313 | 1.988440e+03 |      --      |    Inf | unknown
 time | node  | left  |LP iter|LP it/n|mem/heur|mdpt |vars |cons |rows |cuts |sepa|confs|strbr|  dualbound   | primalbound  |  gap   | compl. 
  240s|     1 |     0 | 51748 |     - |  2202M |   0 |  40k|  22k|  19k| 413 | 66 | 385 | 313 | 1.988440e+03 |      --      |    Inf | unknown
  241s|     1 |     0 | 52836 |     - |  2203M |   0 |  40k|  22k|  19k| 425 | 67 | 386 | 313 | 1.988440e+03 |      --      |    Inf | unknown
  241s|     1 |     0 | 52836 |     - |  2203M |   0 |  40k|  22k|  19k| 425 | 67 | 386 | 314 | 1.988440e+03 |      --      |    Inf | unknown
  242s|     1 |     0 | 52881 |     - |  2203M |   0 |  40k|  22k|  19k| 436 | 68 | 386 | 314 | 1.988440e+03 |      --      |    Inf | unknown
  242s|     1 |     0 | 52901 |     - |  2203M |   0 |  40k|  22k|  19k| 443 | 69 | 387 | 314 | 1.988440e+03 |      --      |    Inf | unknown
  248s|     1 |     0 | 53559 |     - |  2203M |   0 |  40k|  22k|  19k| 443 | 69 | 392 | 336 | 1.988440e+03 |      --      |    Inf | unknown
  252s|     1 |     0 | 53609 |     - |  2203M |   0 |  40k|  22k|  19k| 456 | 70 | 392 | 336 | 1.988440e+03 |      --      |    Inf | unknown
  252s|     1 |     0 | 53650 |     - |  2203M |   0 |  40k|  22k|  19k| 461 | 71 | 393 | 336 | 1.988440e+03 |      --      |    Inf | unknown
  259s|     1 |     0 | 54495 |     - |  2204M |   0 |  40k|  22k|  19k| 461 | 71 | 394 | 357 | 1.988440e+03 |      --      |    Inf | unknown
  261s|     1 |     0 | 54537 |     - |  2204M |   0 |  40k|  22k|  19k| 472 | 72 | 398 | 357 | 1.988440e+03 |      --      |    Inf | unknown
  261s|     1 |     0 | 54556 |     - |  2204M |   0 |  40k|  22k|  19k| 475 | 73 | 407 | 357 | 1.988440e+03 |      --      |    Inf | unknown
  261s|     1 |     0 | 54599 |     - |  2204M |   0 |  40k|  22k|  19k| 475 | 73 | 410 | 360 | 1.988440e+03 |      --      |    Inf | unknown
  263s|     1 |     0 | 54624 |     - |  2204M |   0 |  40k|  22k|  19k| 478 | 74 | 410 | 360 | 1.988440e+03 |      --      |    Inf | unknown
  263s|     1 |     0 | 54627 |     - |  2204M |   0 |  40k|  22k|  19k| 481 | 75 | 411 | 360 | 1.988440e+03 |      --      |    Inf | unknown
  264s|     1 |     0 | 54722 |     - |  2205M |   0 |  40k|  22k|  19k| 481 | 75 | 412 | 364 | 1.988440e+03 |      --      |    Inf | unknown
 time | node  | left  |LP iter|LP it/n|mem/heur|mdpt |vars |cons |rows |cuts |sepa|confs|strbr|  dualbound   | primalbound  |  gap   | compl. 
  265s|     1 |     0 | 54787 |     - |  2205M |   0 |  40k|  22k|  19k| 492 | 76 | 413 | 364 | 1.988440e+03 |      --      |    Inf | unknown
  267s|     1 |     0 | 54818 |     - |  2205M |   0 |  40k|  22k|  19k| 496 | 77 | 414 | 364 | 1.988440e+03 |      --      |    Inf | unknown
  272s|     1 |     0 | 54950 |     - |  2205M |   0 |  40k|  22k|  19k| 496 | 77 | 417 | 374 | 1.988440e+03 |      --      |    Inf | unknown
  273s|     1 |     0 | 54969 |     - |  2205M |   0 |  40k|  22k|  19k| 500 | 78 | 418 | 374 | 1.988440e+03 |      --      |    Inf | unknown
  273s|     1 |     0 | 54983 |     - |  2205M |   0 |  40k|  22k|  19k| 504 | 79 | 418 | 374 | 1.988440e+03 |      --      |    Inf | unknown
  277s|     1 |     0 | 55179 |     - |  2205M |   0 |  40k|  22k|  19k| 504 | 79 | 424 | 395 | 1.988440e+03 |      --      |    Inf | unknown
  278s|     1 |     0 | 55965 |     - |  2205M |   0 |  40k|  22k|  19k| 511 | 80 | 425 | 395 | 1.988440e+03 |      --      |    Inf | unknown
  278s|     1 |     0 | 55981 |     - |  2205M |   0 |  40k|  22k|  19k| 512 | 81 | 425 | 395 | 1.988440e+03 |      --      |    Inf | unknown
  280s|     1 |     0 | 56310 |     - |  2206M |   0 |  40k|  22k|  19k| 512 | 81 | 428 | 402 | 1.988440e+03 |      --      |    Inf | unknown
  281s|     1 |     0 | 56339 |     - |  2206M |   0 |  40k|  22k|  19k| 516 | 82 | 428 | 402 | 1.988440e+03 |      --      |    Inf | unknown
  283s|     1 |     0 | 56348 |     - |  2206M |   0 |  40k|  22k|  19k| 517 | 83 | 429 | 402 | 1.988440e+03 |      --      |    Inf | unknown
  287s|     1 |     0 | 56574 |     - |  2206M |   0 |  40k|  22k|  19k| 517 | 83 | 429 | 415 | 1.988440e+03 |      --      |    Inf | unknown
  288s|     1 |     0 | 56629 |     - |  2206M |   0 |  40k|  22k|  19k| 523 | 84 | 429 | 415 | 1.988440e+03 |      --      |    Inf | unknown
  288s|     1 |     0 | 56643 |     - |  2206M |   0 |  40k|  22k|  19k| 525 | 85 | 429 | 415 | 1.988440e+03 |      --      |    Inf | unknown
  290s|     1 |     0 | 56646 |     - |  2206M |   0 |  40k|  22k|  19k| 525 | 85 | 431 | 433 | 1.988440e+03 |      --      |    Inf | unknown
 time | node  | left  |LP iter|LP it/n|mem/heur|mdpt |vars |cons |rows |cuts |sepa|confs|strbr|  dualbound   | primalbound  |  gap   | compl. 
  291s|     1 |     0 | 56667 |     - |  2206M |   0 |  40k|  22k|  19k| 531 | 86 | 432 | 433 | 1.988440e+03 |      --      |    Inf | unknown
  293s|     1 |     0 | 56676 |     - |  2206M |   0 |  40k|  22k|  19k| 532 | 87 | 432 | 433 | 1.988440e+03 |      --      |    Inf | unknown
  306s|     1 |     0 | 56767 |     - |  2206M |   0 |  40k|  22k|  19k| 532 | 87 | 435 | 466 | 1.988440e+03 |      --      |    Inf | unknown
  307s|     1 |     0 | 56825 |     - |  2206M |   0 |  40k|  22k|  19k| 539 | 88 | 439 | 466 | 1.988440e+03 |      --      |    Inf | unknown
  309s|     1 |     0 | 57898 |     - |  2206M |   0 |  40k|  22k|  19k| 539 | 89 | 442 | 476 | 1.988440e+03 |      --      |    Inf | unknown
  312s|     1 |     0 | 58208 |     - |  2206M |   0 |  40k|  22k|  19k| 546 | 90 | 442 | 476 | 1.988440e+03 |      --      |    Inf | unknown
  313s|     1 |     0 | 58234 |     - |  2207M |   0 |  40k|  22k|  19k| 550 | 91 | 443 | 476 | 1.988440e+03 |      --      |    Inf | unknown
  313s|     1 |     0 | 58348 |     - |  2207M |   0 |  40k|  22k|  19k| 550 | 91 | 443 | 477 | 1.988440e+03 |      --      |    Inf | unknown
  315s|     1 |     0 | 59117 |     - |  2207M |   0 |  40k|  22k|  19k| 559 | 92 | 444 | 477 | 1.988665e+03 |      --      |    Inf | unknown
  315s|     1 |     0 | 59138 |     - |  2207M |   0 |  40k|  22k|  19k| 560 | 93 | 445 | 477 | 1.988665e+03 |      --      |    Inf | unknown
  316s|     1 |     0 | 60174 |     - |  2207M |   0 |  40k|  22k|  19k| 560 | 93 | 449 | 485 | 1.989340e+03 |      --      |    Inf | unknown
  318s|     1 |     0 | 60176 |     - |  2207M |   0 |  40k|  22k|  19k| 562 | 94 | 450 | 485 | 1.989340e+03 |      --      |    Inf | unknown
  318s|     1 |     0 | 60182 |     - |  2207M |   0 |  40k|  22k|  19k| 563 | 95 | 450 | 485 | 1.989340e+03 |      --      |    Inf | unknown
  318s|     1 |     0 | 60188 |     - |  2207M |   0 |  40k|  22k|  19k| 563 | 95 | 453 | 490 | 1.989340e+03 |      --      |    Inf | unknown
  324s|     1 |     0 | 60386 |     - |  2207M |   0 |  40k|  22k|  19k| 563 | 97 | 455 | 512 | 1.989340e+03 |      --      |    Inf | unknown
 time | node  | left  |LP iter|LP it/n|mem/heur|mdpt |vars |cons |rows |cuts |sepa|confs|strbr|  dualbound   | primalbound  |  gap   | compl. 
  325s|     1 |     0 | 60412 |     - |  2207M |   0 |  40k|  22k|  19k| 572 | 98 | 455 | 512 | 1.989340e+03 |      --      |    Inf | unknown
  327s|     1 |     0 | 60503 |     - |  2207M |   0 |  40k|  22k|  19k| 572 | 99 | 459 | 542 | 1.989340e+03 |      --      |    Inf | unknown
  329s|     1 |     0 | 60526 |     - |  2207M |   0 |  40k|  22k|  19k| 575 |100 | 459 | 542 | 1.989340e+03 |      --      |    Inf | unknown
  329s|     1 |     0 | 60527 |     - |  2207M |   0 |  40k|  22k|  19k| 576 |101 | 460 | 542 | 1.989340e+03 |      --      |    Inf | unknown
  331s|     1 |     0 | 61728 |     - |  2207M |   0 |  40k|  22k|  19k| 576 |101 | 461 | 558 | 1.989340e+03 |      --      |    Inf | unknown
  333s|     1 |     0 | 61751 |     - |  2207M |   0 |  40k|  22k|  19k| 581 |102 | 462 | 558 | 1.989340e+03 |      --      |    Inf | unknown
  333s|     1 |     0 | 61837 |     - |  2207M |   0 |  40k|  22k|  19k| 582 |103 | 464 | 558 | 1.989340e+03 |      --      |    Inf | unknown
  342s|     1 |     0 | 62837 |     - |  2207M |   0 |  40k|  22k|  19k| 582 |103 | 465 | 581 | 1.989790e+03 |      --      |    Inf | unknown
  343s|     1 |     0 | 62854 |     - |  2207M |   0 |  40k|  22k|  19k| 588 |104 | 465 | 581 | 1.989790e+03 |      --      |    Inf | unknown
  343s|     1 |     0 | 62857 |     - |  2207M |   0 |  40k|  22k|  19k| 589 |105 | 466 | 581 | 1.989790e+03 |      --      |    Inf | unknown
  346s|     1 |     0 | 63051 |     - |  2207M |   0 |  40k|  22k|  19k| 589 |105 | 466 | 603 | 1.989790e+03 |      --      |    Inf | unknown
  347s|     1 |     0 | 63174 |     - |  2207M |   0 |  40k|  22k|  19k| 599 |106 | 467 | 603 | 1.990230e+03 |      --      |    Inf | unknown
  347s|     1 |     0 | 63208 |     - |  2207M |   0 |  40k|  22k|  19k| 604 |107 | 467 | 603 | 1.990636e+03 |      --      |    Inf | unknown
  350s|     1 |     0 | 63227 |     - |  2207M |   0 |  40k|  22k|  19k| 604 |107 | 468 | 621 | 1.990636e+03 |      --      |    Inf | unknown
  352s|     1 |     0 | 63272 |     - |  2207M |   0 |  40k|  22k|  19k| 610 |108 | 469 | 621 | 1.990710e+03 |      --      |    Inf | unknown
 time | node  | left  |LP iter|LP it/n|mem/heur|mdpt |vars |cons |rows |cuts |sepa|confs|strbr|  dualbound   | primalbound  |  gap   | compl. 
  352s|     1 |     0 | 63285 |     - |  2207M |   0 |  40k|  22k|  19k| 611 |109 | 469 | 621 | 1.990710e+03 |      --      |    Inf | unknown
  354s|     1 |     2 | 63285 |     - |  2208M |   0 |  40k|  22k|  19k| 611 |109 | 469 | 638 | 1.990810e+03 |      --      |    Inf | unknown
  514s|   100 |    67 | 99243 | 491.3 |  2258M |  15 |  40k|  22k|  19k| 893 |  1 | 665 |1122 | 1.990993e+03 |      --      |    Inf |  38.97%
  622s|   200 |   153 |151395 | 506.5 |  2327M |  23 |  40k|  22k|  19k|1208 |  1 | 764 |1205 | 1.990993e+03 |      --      |    Inf |  41.12%
  709s|   300 |   234 |190669 | 468.5 |  2348M |  25 |  40k|  22k|  19k|1407 |  1 | 921 |1285 | 1.993488e+03 |      --      |    Inf |  45.34%
  803s|   400 |   320 |227009 | 442.1 |  2354M |  31 |  40k|  22k|  19k|1558 |  1 |1027 |1341 | 1.993599e+03 |      --      |    Inf |  45.50%
  865s|   500 |   394 |258110 | 415.8 |  2357M |  31 |  40k|  22k|  19k|1683 |  1 |1170 |1396 | 1.993599e+03 |      --      |    Inf |  46.35%
  906s|   600 |   469 |281021 | 384.7 |  2360M |  31 |  40k|  23k|  19k|1762 |  1 |1308 |1449 | 1.993599e+03 |      --      |    Inf |  46.35%
  994s|   700 |   550 |302298 | 360.1 |  2377M |  45 |  40k|  23k|  19k|1907 |  1 |1547 |1506 | 1.993684e+03 |      --      |    Inf |  46.37%
 1030s|   800 |   619 |314445 | 330.2 |  2387M |  57 |  40k|  23k|   0 |1988 |  0 |1693 |1562 | 1.993684e+03 |      --      |    Inf |  46.37%
 1085s|   900 |   696 |335951 | 317.4 |  2415M |  57 |  40k|  23k|  19k|2243 |  1 |1947 |1646 | 1.993684e+03 |      --      |    Inf |  46.37%
 1123s|  1000 |   774 |348248 | 297.9 |  2422M |  69 |  40k|  23k|  19k|2321 |  1 |2070 |1703 | 1.993684e+03 |      --      |    Inf |  46.37%
 1175s|  1100 |   858 |365801 | 286.8 |  2435M |  69 |  40k|  23k|  19k|2454 |  1 |2194 |1755 | 1.993684e+03 |      --      |    Inf |  46.37%
 1188s|  1200 |   936 |370459 | 266.8 |  2439M |  95 |  40k|  23k|  19k|2500 |  2 |2300 |1765 | 1.993684e+03 |      --      |    Inf |  46.37%
 1213s|  1300 |  1013 |376269 | 250.7 |  2445M |  95 |  40k|  23k|  19k|2582 |  1 |2390 |1787 | 1.993684e+03 |      --      |    Inf |  46.37%
 time | node  | left  |LP iter|LP it/n|mem/heur|mdpt |vars |cons |rows |cuts |sepa|confs|strbr|  dualbound   | primalbound  |  gap   | compl. 
 1222s|  1400 |  1086 |378739 | 234.6 |  2449M |  95 |  40k|  23k|  19k|2601 |  1 |2489 |1821 | 1.993684e+03 |      --      |    Inf |  46.37%
 1248s|  1500 |  1154 |386109 | 223.8 |  2453M |  95 |  40k|  24k|  19k|2668 |  1 |2637 |1864 | 1.993684e+03 |      --      |    Inf |  46.40%
r1248s|  1518 |  1051 |386215 | 221.2 |rounding|  95 |  40k|  24k|  19k|2668 |  0 |2645 |1864 | 1.993684e+03 | 2.058500e+03 |   3.25%|  17.69%
r1268s|  1572 |   844 |391583 | 217.0 |rounding|  95 |  40k|  24k|  19k|2723 |  0 |2725 |1871 | 1.996111e+03 | 2.033300e+03 |   1.86%|  17.78%
 1288s|  1600 |   856 |398797 | 217.8 |  2459M |  95 |  40k|  24k|  19k|2754 |  2 |2768 |1885 | 1.996988e+03 | 2.033300e+03 |   1.82%|  18.42%
Restart triggered after 50 consecutive estimations that the remaining tree will be large
 1352s|  1700 |   938 |417603 | 216.0 |  2468M |  95 |  40k|  24k|   0 |2920 |  0 |2895 |1935 | 1.997176e+03 | 2.033300e+03 |   1.81%|  18.59%
L1370s|  1772 |   814 |424473 | 211.1 |    rins|  95 |  40k|  24k|  19k|2966 |  2 |3046 |1983 | 1.997676e+03 | 2.026700e+03 |   1.45%|  18.63%
 1386s|  1800 |   826 |430585 | 211.2 |  2474M |  95 |  40k|  24k|  19k|2979 |  1 |3081 |1999 | 1.997676e+03 | 2.026700e+03 |   1.45%|  19.30%
 1418s|  1900 |   880 |442774 | 206.5 |  2478M |  95 |  40k|  24k|  19k|2993 |  1 |3236 |2036 | 1.997676e+03 | 2.026700e+03 |   1.45%|  19.81%
L1442s|  1972 |   845 |450864 | 203.1 |    rins|  95 |  40k|  24k|  19k|3011 |  1 |3358 |2053 | 1.997676e+03 | 2.024600e+03 |   1.35%|  19.86%
 1455s|  2000 |   851 |456975 | 203.3 |  2482M |  95 |  40k|  24k|   0 |3032 |  0 |3419 |2076 | 1.997676e+03 | 2.024600e+03 |   1.35%|  20.66%
 1497s|  2100 |   863 |470634 | 200.1 |  2495M |  95 |  40k|  24k|  19k|3107 |  1 |3578 |2151 | 1.997812e+03 | 2.024600e+03 |   1.34%|  24.91%
 1528s|  2200 |   925 |484247 | 197.2 |  2502M |  95 |  40k|  24k|   0 |3129 |  0 |3795 |2222 | 1.997826e+03 | 2.024600e+03 |   1.34%|  24.91%
L1548s|  2253 |   575 |488915 | 194.6 |    rins|  95 |  40k|  24k|  19k|3143 |  1 |3817 |2234 | 1.997826e+03 | 2.012900e+03 |   0.75%|  25.35%
 1569s|  2300 |   588 |501574 | 196.2 |  2514M |  95 |  40k|  24k|  19k|3176 | 13 |4048 |2345 | 1.997826e+03 | 2.012900e+03 |   0.75%|  26.86%
 time | node  | left  |LP iter|LP it/n|mem/heur|mdpt |vars |cons |rows |cuts |sepa|confs|strbr|  dualbound   | primalbound  |  gap   | compl. 
 1603s|  2400 |   620 |518552 | 195.1 |  2523M |  95 |  40k|  24k|  19k|3224 |  1 |4319 |2431 | 1.997837e+03 | 2.012900e+03 |   0.75%|  29.07%
 1646s|  2500 |   640 |541476 | 196.4 |  2532M |  95 |  40k|  24k|  19k|3269 |  1 |4683 |2594 | 1.997882e+03 | 2.012900e+03 |   0.75%|  29.11%
 1674s|  2600 |   683 |551281 | 192.6 |  2536M |  95 |  40k|  24k|  19k|3288 |  1 |4904 |2644 | 1.997882e+03 | 2.012900e+03 |   0.75%|  29.11%
 1707s|  2700 |   725 |561155 | 189.2 |  2542M |  95 |  40k|  23k|  19k|3350 |  1 |5108 |2684 | 1.997993e+03 | 2.012900e+03 |   0.75%|  29.20%
 1734s|  2800 |   757 |572767 | 186.6 |  2545M |  95 |  40k|  23k|   0 |3368 |  0 |5398 |2772 | 1.997993e+03 | 2.012900e+03 |   0.75%|  29.20%
 1754s|  2900 |   795 |581829 | 183.2 |  2549M |  95 |  40k|  23k|  19k|3384 |  1 |5547 |2841 | 1.997993e+03 | 2.012900e+03 |   0.75%|  29.21%
 1801s|  3000 |   838 |620173 | 189.9 |  2554M |  95 |  40k|  23k|  19k|3393 |  1 |5931 |2951 | 1.997993e+03 | 2.012900e+03 |   0.75%|  29.21%
 1840s|  3100 |   855 |636837 | 189.2 |  2560M |  95 |  40k|  24k|  19k|3483 | 15 |6284 |3074 | 1.997993e+03 | 2.012900e+03 |   0.75%|  29.39%
 1898s|  3200 |   868 |657404 | 189.7 |  2569M |  95 |  40k|  23k|  19k|3681 |  1 |6546 |3210 | 1.997993e+03 | 2.012900e+03 |   0.75%|  29.41%
 1965s|  3300 |   878 |689893 | 193.8 |  2576M |  95 |  40k|  23k|  19k|3870 |  0 |6928 |3442 | 1.997999e+03 | 2.012900e+03 |   0.75%|  29.44%
 2015s|  3400 |   908 |711533 | 194.4 |  2592M |  95 |  40k|  23k|  19k|3901 |  1 |7375 |3614 | 1.997999e+03 | 2.012900e+03 |   0.75%|  29.69%
 2041s|  3500 |   958 |724877 | 192.7 |  2602M |  95 |  40k|  23k|  19k|3917 |  2 |7562 |3673 | 1.998182e+03 | 2.012900e+03 |   0.74%|  29.81%
 2109s|  3600 |   999 |742194 | 192.2 |  2609M |  95 |  40k|  23k|  19k|3999 |  2 |7893 |3829 | 1.998182e+03 | 2.012900e+03 |   0.74%|  29.81%
 2152s|  3700 |  1037 |757257 | 191.0 |  2618M |  95 |  40k|  23k|  19k|4100 |  1 |8276 |3977 | 1.998182e+03 | 2.012900e+03 |   0.74%|  29.90%
 2193s|  3800 |  1075 |766979 | 188.6 |  2627M |  95 |  40k|  24k|  19k|4166 |  1 |8678 |4084 | 1.998182e+03 | 2.012900e+03 |   0.74%|  29.92%
 time | node  | left  |LP iter|LP it/n|mem/heur|mdpt |vars |cons |rows |cuts |sepa|confs|strbr|  dualbound   | primalbound  |  gap   | compl. 
 2236s|  3900 |  1108 |780844 | 187.3 |  2636M |  95 |  40k|  23k|  19k|4279 |  2 |8940 |4191 | 1.998196e+03 | 2.012900e+03 |   0.74%|  30.00%
 2266s|  4000 |  1146 |792011 | 185.4 |  2650M |  95 |  40k|  23k|  19k|4323 |  1 |9190 |4316 | 1.998196e+03 | 2.012900e+03 |   0.74%|  30.00%
 2306s|  4100 |  1179 |804903 | 184.0 |  2658M |  95 |  40k|  23k|  19k|4455 |  4 |9386 |4431 | 1.998329e+03 | 2.012900e+03 |   0.73%|  30.01%
 2344s|  4200 |  1221 |817673 | 182.7 |  2663M |  95 |  40k|  23k|  19k|4534 |  1 |9567 |4542 | 1.998329e+03 | 2.012900e+03 |   0.73%|  30.01%
 2387s|  4300 |  1259 |833488 | 182.1 |  2671M |  95 |  40k|  23k|  19k|4580 |  2 |  10k|4789 | 1.998329e+03 | 2.012900e+03 |   0.73%|  30.01%
 2418s|  4400 |  1309 |850909 | 181.9 |  2679M |  95 |  40k|  24k|  19k|4594 |  1 |  10k|4986 | 1.998329e+03 | 2.012900e+03 |   0.73%|  30.01%
 2455s|  4500 |  1337 |870444 | 182.2 |  2688M |  95 |  40k|  23k|  19k|4623 |  0 |  10k|5181 | 1.998329e+03 | 2.012900e+03 |   0.73%|  30.05%
 2490s|  4600 |  1376 |889146 | 182.3 |  2695M |  95 |  40k|  24k|  19k|4649 |  0 |  11k|5461 | 1.998329e+03 | 2.012900e+03 |   0.73%|  30.05%
 2523s|  4700 |  1412 |903093 | 181.4 |  2701M |  95 |  40k|  24k|   0 |4674 |  0 |  11k|5598 | 1.998383e+03 | 2.012900e+03 |   0.73%|  30.10%
 2546s|  4800 |  1452 |917309 | 180.6 |  2707M |  95 |  40k|  24k|   0 |4688 |  0 |  11k|5786 | 1.998383e+03 | 2.012900e+03 |   0.73%|  30.10%
 2592s|  4900 |  1488 |931673 | 179.8 |  2713M |  95 |  40k|  24k|   0 |4710 |  0 |  12k|5948 | 1.998383e+03 | 2.012900e+03 |   0.73%|  30.10%
 2629s|  5000 |  1517 |947044 | 179.3 |  2720M |  95 |  40k|  24k|  19k|4802 |  1 |  12k|6087 | 1.998383e+03 | 2.012900e+03 |   0.73%|  30.19%
 2687s|  5100 |  1555 |962145 | 178.8 |  2726M |  95 |  40k|  24k|  19k|4974 |  1 |  13k|6204 | 1.998401e+03 | 2.012900e+03 |   0.73%|  30.29%
 2746s|  5200 |  1593 |979961 | 178.8 |  2734M |  95 |  40k|  24k|   0 |5193 |  0 |  13k|6368 | 1.998433e+03 | 2.012900e+03 |   0.72%|  30.35%
 2793s|  5300 |  1631 |996265 | 178.5 |  2739M |  95 |  40k|  24k|  19k|5271 |  2 |  13k|6546 | 1.998433e+03 | 2.012900e+03 |   0.72%|  30.35%
 time | node  | left  |LP iter|LP it/n|mem/heur|mdpt |vars |cons |rows |cuts |sepa|confs|strbr|  dualbound   | primalbound  |  gap   | compl. 
 2836s|  5400 |  1655 |  1014k| 178.6 |  2745M |  95 |  40k|  24k|  19k|5341 |  1 |  14k|6719 | 1.998433e+03 | 2.012900e+03 |   0.72%|  30.36%
 2870s|  5500 |  1675 |  1033k| 178.8 |  2751M |  95 |  40k|  24k|  19k|5414 |  0 |  14k|6861 | 1.998488e+03 | 2.012900e+03 |   0.72%|  30.44%
 2933s|  5600 |  1693 |  1057k| 179.8 |  2760M |  95 |  40k|  24k|  19k|5609 |  0 |  14k|7173 | 1.998488e+03 | 2.012900e+03 |   0.72%|  30.76%
 2960s|  5700 |  1725 |  1071k| 179.2 |  2767M |  95 |  40k|  24k|  19k|5641 |  2 |  15k|7353 | 1.998488e+03 | 2.012900e+03 |   0.72%|  30.76%
 3026s|  5800 |  1747 |  1102k| 181.3 |  2779M |  95 |  40k|  24k|  19k|5808 | 11 |  15k|7739 | 1.998742e+03 | 2.012900e+03 |   0.71%|  31.12%
 3092s|  5900 |  1775 |  1125k| 182.1 |  2792M |  95 |  40k|  24k|  19k|5966 |  1 |  15k|8016 | 1.998742e+03 | 2.012900e+03 |   0.71%|  31.37%
 3126s|  6000 |  1796 |  1138k| 181.3 |  2799M |  95 |  40k|  24k|   0 |6040 |  0 |  16k|8162 | 1.998742e+03 | 2.012900e+03 |   0.71%|  31.37%
 3166s|  6100 |  1849 |  1148k| 180.1 |  2804M |  95 |  40k|  24k|  19k|6100 |  1 |  16k|8291 | 1.998742e+03 | 2.012900e+03 |   0.71%|  31.44%
 3205s|  6200 |  1905 |  1150k| 177.5 |  2808M |  95 |  40k|  24k|  19k|6108 |  0 |  16k|8295 | 1.998742e+03 | 2.012900e+03 |   0.71%|  31.44%
 3221s|  6300 |  1957 |  1154k| 175.3 |  2812M |  95 |  40k|  24k|  19k|6110 |  1 |  16k|8337 | 1.998742e+03 | 2.012900e+03 |   0.71%|  31.44%
 3313s|  6400 |  2019 |  1169k| 174.8 |  2818M |  95 |  40k|  24k|  19k|6182 |  1 |  17k|8496 | 1.998873e+03 | 2.012900e+03 |   0.70%|  31.59%
L3344s|  6487 |  2055 |  1181k| 174.3 |crossove|  99 |  40k|  24k|  19k|6199 |  1 |  17k|8654 | 1.998873e+03 | 2.012800e+03 |   0.70%|  31.59%
 3345s|  6500 |  2056 |  1182k| 174.1 |  2819M |  99 |  40k|  24k|  19k|6199 |  1 |  17k|8654 | 1.998873e+03 | 2.012800e+03 |   0.70%|  31.62%
 3383s|  6600 |  2088 |  1201k| 174.3 |  2824M |  99 |  40k|  24k|   0 |6256 |  0 |  18k|8807 | 1.998873e+03 | 2.012800e+03 |   0.70%|  31.62%
 3417s|  6700 |  2123 |  1215k| 173.9 |  2829M | 106 |  40k|  24k|  19k|6267 |  1 |  18k|8997 | 1.998873e+03 | 2.012800e+03 |   0.70%|  31.86%
 time | node  | left  |LP iter|LP it/n|mem/heur|mdpt |vars |cons |rows |cuts |sepa|confs|strbr|  dualbound   | primalbound  |  gap   | compl. 
 3445s|  6800 |  2157 |  1227k| 173.1 |  2838M | 106 |  40k|  24k|  19k|6286 |  1 |  18k|9176 | 1.998873e+03 | 2.012800e+03 |   0.70%|  31.86%
 3472s|  6900 |  2185 |  1240k| 172.5 |  2844M | 106 |  40k|  24k|  19k|6305 |  1 |  19k|9367 | 1.998873e+03 | 2.012800e+03 |   0.70%|  31.86%
 3537s|  7000 |  2187 |  1285k| 176.5 |  2849M | 106 |  40k|  24k|  19k|6334 |  1 |  19k|9794 | 1.998878e+03 | 2.012800e+03 |   0.70%|  32.18%
 3576s|  7100 |  2211 |  1308k| 177.2 |  2856M | 106 |  40k|  24k|  19k|6362 |  1 |  20k|  10k| 1.998878e+03 | 2.012800e+03 |   0.70%|  32.24%
 3616s|  7200 |  2254 |  1328k| 177.5 |  2868M | 106 |  40k|  24k|  19k|6380 |  2 |  20k|  10k| 1.998878e+03 | 2.012800e+03 |   0.70%|  32.44%
 3644s|  7300 |  2298 |  1344k| 177.3 |  2873M | 106 |  40k|  24k|  19k|6394 |  1 |  20k|  10k| 1.998878e+03 | 2.012800e+03 |   0.70%|  32.55%
 3660s|  7400 |  2356 |  1348k| 175.4 |  2877M | 106 |  40k|  24k|  19k|6397 |  1 |  20k|  10k| 1.998878e+03 | 2.012800e+03 |   0.70%|  32.55%
 3682s|  7500 |  2399 |  1359k| 174.5 |  2886M | 106 |  40k|  24k|  19k|6406 |  3 |  21k|  10k| 1.998878e+03 | 2.012800e+03 |   0.70%|  32.56%
 3711s|  7600 |  2443 |  1368k| 173.4 |  2896M | 106 |  40k|  24k|  19k|6417 |  2 |  21k|  10k| 1.998878e+03 | 2.012800e+03 |   0.70%|  32.56%
 3734s|  7700 |  2472 |  1379k| 172.6 |  2901M | 106 |  40k|  24k|  19k|6420 |  2 |  21k|  10k| 1.998878e+03 | 2.012800e+03 |   0.70%|  32.56%
 3758s|  7800 |  2509 |  1392k| 172.1 |  2908M | 106 |  40k|  24k|   0 |6432 |  0 |  22k|  11k| 1.998878e+03 | 2.012800e+03 |   0.70%|  32.56%
 3794s|  7900 |  2551 |  1406k| 171.6 |  2918M | 106 |  40k|  24k|  19k|6514 |  1 |  22k|  11k| 1.998878e+03 | 2.012800e+03 |   0.70%|  32.56%
 3858s|  8000 |  2591 |  1432k| 172.8 |  2927M | 106 |  40k|  24k|  19k|6713 |  6 |  22k|  11k| 1.998878e+03 | 2.012800e+03 |   0.70%|  32.56%
 3898s|  8100 |  2627 |  1446k| 172.4 |  2938M | 106 |  40k|  24k|  19k|6788 |  1 |  23k|  12k| 1.998878e+03 | 2.012800e+03 |   0.70%|  32.56%
 3946s|  8200 |  2661 |  1478k| 174.2 |  2945M | 106 |  40k|  24k|  19k|6875 |  1 |  23k|  12k| 1.998878e+03 | 2.012800e+03 |   0.70%|  32.56%
 time | node  | left  |LP iter|LP it/n|mem/heur|mdpt |vars |cons |rows |cuts |sepa|confs|strbr|  dualbound   | primalbound  |  gap   | compl. 
 3978s|  8300 |  2713 |  1486k| 173.1 |  2949M | 107 |  40k|  24k|  19k|6902 |  1 |  23k|  12k| 1.998878e+03 | 2.012800e+03 |   0.70%|  32.56%
 4002s|  8400 |  2761 |  1499k| 172.6 |  2956M | 107 |  40k|  24k|  19k|6915 |  3 |  23k|  12k| 1.998878e+03 | 2.012800e+03 |   0.70%|  32.56%
 4028s|  8500 |  2806 |  1508k| 171.5 |  2974M | 107 |  40k|  25k|   0 |6925 |  0 |  24k|  12k| 1.998878e+03 | 2.012800e+03 |   0.70%|  32.56%
 4043s|  8600 |  2856 |  1516k| 170.5 |  2981M | 107 |  40k|  25k|  19k|6928 |  1 |  24k|  12k| 1.998878e+03 | 2.012800e+03 |   0.70%|  32.56%
 4067s|  8700 |  2904 |  1526k| 169.7 |  2991M | 107 |  40k|  25k|  19k|6946 |  4 |  25k|  12k| 1.998878e+03 | 2.012800e+03 |   0.70%|  32.56%
 4116s|  8800 |  2959 |  1542k| 169.5 |  3005M | 107 |  40k|  25k|  19k|6981 |  1 |  25k|  13k| 1.998878e+03 | 2.012800e+03 |   0.70%|  32.56%
 4152s|  8900 |  3001 |  1560k| 169.7 |  3019M | 107 |  40k|  25k|  19k|6992 |  1 |  26k|  13k| 1.998878e+03 | 2.012800e+03 |   0.70%|  32.56%
 4178s|  9000 |  3057 |  1567k| 168.6 |  3021M | 107 |  40k|  25k|  19k|7007 |  1 |  26k|  13k| 1.998878e+03 | 2.012800e+03 |   0.70%|  32.56%
 4199s|  9100 |  3093 |  1581k| 168.2 |  3023M | 107 |  40k|  25k|  19k|7017 |  1 |  26k|  13k| 1.998878e+03 | 2.012800e+03 |   0.70%|  32.56%
 4214s|  9200 |  3145 |  1584k| 166.8 |  3027M | 107 |  40k|  25k|  19k|7033 |  1 |  26k|  13k| 1.998878e+03 | 2.012800e+03 |   0.70%|  32.56%
 4230s|  9300 |  3188 |  1588k| 165.4 |  3029M | 107 |  40k|  25k|   0 |7037 |  0 |  26k|  13k| 1.998878e+03 | 2.012800e+03 |   0.70%|  32.56%
 4240s|  9400 |  3224 |  1592k| 164.0 |  3031M | 107 |  40k|  25k|  19k|7037 |  1 |  27k|  13k| 1.998878e+03 | 2.012800e+03 |   0.70%|  32.56%
 4253s|  9500 |  3276 |  1598k| 163.0 |  3036M | 107 |  40k|  25k|  19k|7037 |  1 |  27k|  13k| 1.998878e+03 | 2.012800e+03 |   0.70%|  32.56%
 4379s|  9600 |  3328 |  1609k| 162.4 |  3049M | 107 |  40k|  25k|   0 |7074 |  0 |  27k|  14k| 1.998878e+03 | 2.012800e+03 |   0.70%|  32.56%
 4392s|  9700 |  3382 |  1614k| 161.3 |  3055M | 107 |  40k|  25k|  19k|7085 |  1 |  27k|  14k| 1.998878e+03 | 2.012800e+03 |   0.70%|  32.56%
 time | node  | left  |LP iter|LP it/n|mem/heur|mdpt |vars |cons |rows |cuts |sepa|confs|strbr|  dualbound   | primalbound  |  gap   | compl. 
 4429s|  9800 |  3428 |  1624k| 160.6 |  3062M | 107 |  40k|  25k|  19k|7119 |  1 |  28k|  14k| 1.998878e+03 | 2.012800e+03 |   0.70%|  32.56%
 4447s|  9900 |  3462 |  1633k| 159.9 |  3065M | 107 |  40k|  25k|   0 |7123 |  0 |  28k|  14k| 1.998878e+03 | 2.012800e+03 |   0.70%|  32.56%
 4477s| 10000 |  3515 |  1646k| 159.6 |  3099M | 107 |  40k|  25k|  19k|7146 |  1 |  28k|  14k| 1.998878e+03 | 2.012800e+03 |   0.70%|  32.56%
 4503s| 10100 |  3563 |  1655k| 159.0 |  3104M | 107 |  40k|  25k|  19k|7159 |  2 |  29k|  14k| 1.998878e+03 | 2.012800e+03 |   0.70%|  32.56%
 4525s| 10200 |  3602 |  1667k| 158.5 |  3108M | 107 |  40k|  25k|  19k|7174 |  1 |  29k|  14k| 1.998878e+03 | 2.012800e+03 |   0.70%|  32.56%
 4558s| 10300 |  3647 |  1677k| 158.0 |  3129M | 107 |  40k|  25k|  19k|7178 |  1 |  30k|  15k| 1.998878e+03 | 2.012800e+03 |   0.70%|  32.56%
 4578s| 10400 |  3693 |  1686k| 157.3 |  3133M | 107 |  40k|  25k|   0 |7199 |  0 |  30k|  15k| 1.998878e+03 | 2.012800e+03 |   0.70%|  32.56%
 4587s| 10500 |  3757 |  1689k| 156.1 |  3143M | 107 |  40k|  25k|  19k|7199 |  1 |  30k|  15k| 1.998878e+03 | 2.012800e+03 |   0.70%|  32.56%
 4613s| 10600 |  3815 |  1698k| 155.5 |  3147M | 107 |  40k|  25k|  19k|7230 |  1 |  30k|  15k| 1.998878e+03 | 2.012800e+03 |   0.70%|  32.57%
 4621s| 10700 |  3859 |  1701k| 154.3 |  3148M | 107 |  40k|  25k|  19k|7230 |  1 |  30k|  15k| 1.998878e+03 | 2.012800e+03 |   0.70%|  32.57%
 4634s| 10800 |  3893 |  1706k| 153.4 |  3153M | 107 |  40k|  25k|  19k|7231 |  2 |  31k|  15k| 1.998878e+03 | 2.012800e+03 |   0.70%|  32.62%
 4654s| 10900 |  3950 |  1710k| 152.3 |  3156M | 107 |  40k|  25k|  19k|7232 |  1 |  31k|  15k| 1.998878e+03 | 2.012800e+03 |   0.70%|  32.62%
 4663s| 11000 |  3997 |  1714k| 151.2 |  3158M | 111 |  40k|  25k|  19k|7232 |  1 |  31k|  15k| 1.998878e+03 | 2.012800e+03 |   0.70%|  32.62%
 4688s| 11100 |  4037 |  1723k| 150.7 |  3161M | 115 |  40k|  25k|  19k|7245 |  1 |  31k|  15k| 1.998878e+03 | 2.012800e+03 |   0.70%|  32.63%
 4703s| 11200 |  4079 |  1729k| 149.9 |  3166M | 115 |  40k|  25k|  19k|7246 |  1 |  32k|  15k| 1.998878e+03 | 2.012800e+03 |   0.70%|  32.68%
 time | node  | left  |LP iter|LP it/n|mem/heur|mdpt |vars |cons |rows |cuts |sepa|confs|strbr|  dualbound   | primalbound  |  gap   | compl. 
 4728s| 11300 |  4129 |  1737k| 149.3 |  3172M | 115 |  40k|  25k|  19k|7255 |  3 |  32k|  15k| 1.998878e+03 | 2.012800e+03 |   0.70%|  32.70%
 4737s| 11400 |  4169 |  1740k| 148.2 |  3174M | 129 |  40k|  25k|  19k|7256 |  2 |  32k|  15k| 1.998878e+03 | 2.012800e+03 |   0.70%|  32.70%
 4753s| 11500 |  4217 |  1746k| 147.5 |  3180M | 129 |  40k|  26k|  19k|7260 |  2 |  33k|  15k| 1.998878e+03 | 2.012800e+03 |   0.70%|  32.71%
 4767s| 11600 |  4265 |  1752k| 146.7 |  3187M | 129 |  40k|  26k|  19k|7262 |  2 |  33k|  15k| 1.998878e+03 | 2.012800e+03 |   0.70%|  32.71%
 4782s| 11700 |  4303 |  1757k| 145.9 |  3190M | 129 |  40k|  26k|  19k|7264 |  0 |  34k|  16k| 1.998878e+03 | 2.012800e+03 |   0.70%|  32.71%
 4803s| 11800 |  4336 |  1765k| 145.4 |  3199M | 129 |  40k|  26k|  19k|7264 |  1 |  34k|  16k| 1.998878e+03 | 2.012800e+03 |   0.70%|  32.71%
 4816s| 11900 |  4377 |  1769k| 144.5 |  3204M | 129 |  40k|  26k|  19k|7264 |  2 |  34k|  16k| 1.998878e+03 | 2.012800e+03 |   0.70%|  32.71%
 4831s| 12000 |  4413 |  1775k| 143.7 |  3212M | 129 |  40k|  26k|  19k|7264 |  1 |  35k|  16k| 1.998878e+03 | 2.012800e+03 |   0.70%|  32.75%
 4847s| 12100 |  4451 |  1781k| 143.0 |  3227M | 129 |  40k|  26k|  19k|7269 |  2 |  35k|  16k| 1.998878e+03 | 2.012800e+03 |   0.70%|  32.80%
 4858s| 12200 |  4502 |  1785k| 142.2 |  3241M | 129 |  40k|  26k|  19k|7273 |  1 |  36k|  16k| 1.998878e+03 | 2.012800e+03 |   0.70%|  32.80%
 4879s| 12300 |  4550 |  1793k| 141.7 |  3249M | 129 |  40k|  26k|   0 |7273 |  0 |  36k|  16k| 1.998878e+03 | 2.012800e+03 |   0.70%|  32.83%
 4897s| 12400 |  4590 |  1801k| 141.2 |  3256M | 129 |  40k|  26k|   0 |7275 |  0 |  36k|  16k| 1.998878e+03 | 2.012800e+03 |   0.70%|  32.86%
 4914s| 12500 |  4638 |  1808k| 140.6 |  3259M | 129 |  40k|  26k|  19k|7276 |  0 |  37k|  16k| 1.998878e+03 | 2.012800e+03 |   0.70%|  32.86%
 4931s| 12600 |  4661 |  1819k| 140.4 |  3264M | 129 |  40k|  26k|  19k|7280 |  1 |  37k|  16k| 1.998878e+03 | 2.012800e+03 |   0.70%|  32.90%
 4951s| 12700 |  4721 |  1825k| 139.8 |  3266M | 129 |  40k|  26k|  19k|7280 |  1 |  38k|  16k| 1.998878e+03 | 2.012800e+03 |   0.70%|  32.90%
 time | node  | left  |LP iter|LP it/n|mem/heur|mdpt |vars |cons |rows |cuts |sepa|confs|strbr|  dualbound   | primalbound  |  gap   | compl. 
 4966s| 12800 |  4755 |  1833k| 139.3 |  3271M | 129 |  40k|  26k|  19k|7283 |  1 |  38k|  17k| 1.998878e+03 | 2.012800e+03 |   0.70%|  32.93%
 4984s| 12900 |  4797 |  1842k| 138.9 |  3275M | 129 |  40k|  26k|  19k|7286 |  0 |  38k|  17k| 1.998878e+03 | 2.012800e+03 |   0.70%|  32.94%
 5011s| 13000 |  4849 |  1851k| 138.5 |  3289M | 129 |  40k|  26k|  19k|7318 |  2 |  39k|  17k| 1.998878e+03 | 2.012800e+03 |   0.70%|  32.96%
 5037s| 13100 |  4899 |  1857k| 137.9 |  3293M | 129 |  40k|  26k|  19k|7396 |  4 |  39k|  17k| 1.998878e+03 | 2.012800e+03 |   0.70%|  32.96%
 5077s| 13200 |  4943 |  1867k| 137.7 |  3299M | 129 |  40k|  26k|  19k|7463 |  1 |  39k|  17k| 1.998878e+03 | 2.012800e+03 |   0.70%|  32.99%
 5124s| 13300 |  4993 |  1878k| 137.4 |  3309M | 129 |  40k|  26k|   0 |7621 |  0 |  39k|  17k| 1.998878e+03 | 2.012800e+03 |   0.70%|  32.99%
 5160s| 13400 |  5041 |  1886k| 137.0 |  3313M | 129 |  40k|  26k|  19k|7775 |  3 |  40k|  18k| 1.998878e+03 | 2.012800e+03 |   0.70%|  32.99%
 5206s| 13500 |  5075 |  1898k| 136.9 |  3336M | 129 |  40k|  26k|  19k|7941 |  1 |  40k|  18k| 1.998878e+03 | 2.012800e+03 |   0.70%|  33.07%
 5244s| 13600 |  5129 |  1906k| 136.5 |  3341M | 129 |  40k|  26k|  19k|7997 |  1 |  40k|  18k| 1.998878e+03 | 2.012800e+03 |   0.70%|  33.08%
 5265s| 13700 |  5183 |  1911k| 135.9 |  3345M | 129 |  40k|  26k|  19k|8021 |  2 |  41k|  18k| 1.998878e+03 | 2.012800e+03 |   0.70%|  33.08%
 5289s| 13800 |  5222 |  1919k| 135.5 |  3354M | 129 |  40k|  26k|  19k|8033 |  0 |  41k|  18k| 1.998878e+03 | 2.012800e+03 |   0.70%|  33.11%
 5306s| 13900 |  5276 |  1925k| 134.9 |  3360M | 129 |  40k|  26k|  19k|8047 |  2 |  41k|  18k| 1.998878e+03 | 2.012800e+03 |   0.70%|  33.14%
 5333s| 14000 |  5312 |  1934k| 134.6 |  3363M | 129 |  40k|  26k|  19k|8054 |  1 |  42k|  18k| 1.998878e+03 | 2.012800e+03 |   0.70%|  33.17%
 5351s| 14100 |  5328 |  1946k| 134.5 |  3367M | 129 |  40k|  26k|  19k|8067 |  1 |  42k|  18k| 1.998878e+03 | 2.012800e+03 |   0.70%|  33.22%
 5369s| 14200 |  5358 |  1953k| 134.0 |  3393M | 129 |  40k|  26k|  19k|8080 |  1 |  43k|  19k| 1.998878e+03 | 2.012800e+03 |   0.70%|  33.24%
 time | node  | left  |LP iter|LP it/n|mem/heur|mdpt |vars |cons |rows |cuts |sepa|confs|strbr|  dualbound   | primalbound  |  gap   | compl. 
 5385s| 14300 |  5386 |  1960k| 133.5 |  3401M | 129 |  40k|  26k|  19k|8091 |  1 |  43k|  19k| 1.998878e+03 | 2.012800e+03 |   0.70%|  33.24%
 5401s| 14400 |  5418 |  1967k| 133.1 |  3404M | 129 |  40k|  26k|  19k|8099 |  3 |  43k|  19k| 1.998878e+03 | 2.012800e+03 |   0.70%|  33.25%
 5434s| 14500 |  5446 |  1980k| 133.1 |  3408M | 129 |  40k|  26k|  19k|8123 |  0 |  44k|  19k| 1.998878e+03 | 2.012800e+03 |   0.70%|  33.28%
 5450s| 14600 |  5482 |  1983k| 132.4 |  3411M | 129 |  40k|  26k|  19k|8131 |  5 |  44k|  19k| 1.998878e+03 | 2.012800e+03 |   0.70%|  33.28%
 5479s| 14700 |  5528 |  1995k| 132.3 |  3420M | 129 |  40k|  26k|  19k|8154 | 20 |  45k|  19k| 1.998878e+03 | 2.012800e+03 |   0.70%|  33.28%
 5503s| 14800 |  5562 |  2003k| 131.9 |  3423M | 129 |  40k|  26k|  19k|8201 |  1 |  45k|  20k| 1.998878e+03 | 2.012800e+03 |   0.70%|  33.28%
 5542s| 14900 |  5618 |  2011k| 131.6 |  3435M | 129 |  40k|  26k|   0 |8221 |  0 |  46k|  20k| 1.998878e+03 | 2.012800e+03 |   0.70%|  33.31%
 5570s| 15000 |  5654 |  2020k| 131.3 |  3438M | 129 |  40k|  25k|  19k|8261 |  0 |  46k|  20k| 1.998878e+03 | 2.012800e+03 |   0.70%|  33.34%
 5581s| 15100 |  5692 |  2025k| 130.8 |  3445M | 129 |  40k|  26k|  19k|8274 |  1 |  46k|  20k| 1.998878e+03 | 2.012800e+03 |   0.70%|  33.34%
 5602s| 15200 |  5721 |  2030k| 130.3 |  3448M | 129 |  40k|  26k|  19k|8289 |  2 |  47k|  20k| 1.998878e+03 | 2.012800e+03 |   0.70%|  33.34%
 5618s| 15300 |  5753 |  2036k| 129.8 |  3454M | 129 |  40k|  26k|   0 |8297 |  0 |  47k|  20k| 1.998878e+03 | 2.012800e+03 |   0.70%|  33.34%
 5646s| 15400 |  5792 |  2044k| 129.5 |  3462M | 129 |  40k|  26k|  19k|8342 |  0 |  47k|  20k| 1.998878e+03 | 2.012800e+03 |   0.70%|  33.37%
o5748s| 15433 |  5813 |  2047k| 129.4 |objpscos| 129 |  40k|  26k|  19k|8366 |  1 |  47k|  20k| 1.998878e+03 | 2.011900e+03 |   0.65%|  33.37%
 5771s| 15500 |  5719 |  2053k| 129.2 |  3468M | 129 |  40k|  26k|  19k|8430 |  1 |  48k|  20k| 1.998878e+03 | 2.011900e+03 |   0.65%|  33.47%
 5813s| 15600 |  5755 |  2063k| 129.1 |  3490M | 129 |  40k|  26k|  19k|8477 |  3 |  49k|  21k| 1.998878e+03 | 2.011900e+03 |   0.65%|  33.52%
 time | node  | left  |LP iter|LP it/n|mem/heur|mdpt |vars |cons |rows |cuts |sepa|confs|strbr|  dualbound   | primalbound  |  gap   | compl. 
 5835s| 15700 |  5809 |  2070k| 128.7 |  3496M | 129 |  40k|  26k|   0 |8501 |  0 |  49k|  21k| 1.998878e+03 | 2.011900e+03 |   0.65%|  33.52%
 5862s| 15800 |  5849 |  2076k| 128.2 |  3502M | 129 |  40k|  26k|  19k|8518 |  1 |  50k|  21k| 1.998878e+03 | 2.011900e+03 |   0.65%|  33.56%
 5876s| 15900 |  5894 |  2080k| 127.7 |  3504M | 129 |  40k|  26k|  19k|8530 |  1 |  50k|  21k| 1.998878e+03 | 2.011900e+03 |   0.65%|  33.56%
 5888s| 16000 |  5945 |  2087k| 127.3 |  3511M | 129 |  40k|  26k|  19k|8530 |  1 |  51k|  21k| 1.998878e+03 | 2.011900e+03 |   0.65%|  33.56%
 6017s| 16100 |  5989 |  2093k| 126.9 |  3515M | 129 |  40k|  26k|  19k|8530 |  1 |  51k|  21k| 1.998878e+03 | 2.011900e+03 |   0.65%|  33.56%
 6039s| 16200 |  6011 |  2098k| 126.4 |  3537M | 129 |  40k|  26k|  19k|8538 |  1 |  52k|  21k| 1.998878e+03 | 2.011900e+03 |   0.65%|  33.59%
 6055s| 16300 |  6046 |  2104k| 126.0 |  3540M | 129 |  40k|  26k|  19k|8551 |  1 |  52k|  22k| 1.998878e+03 | 2.011900e+03 |   0.65%|  33.60%
 6071s| 16400 |  6089 |  2111k| 125.7 |  3544M | 129 |  40k|  26k|  19k|8558 |  0 |  52k|  22k| 1.998878e+03 | 2.011900e+03 |   0.65%|  33.60%
 6108s| 16500 |  6125 |  2121k| 125.5 |  3551M | 129 |  40k|  26k|  19k|8586 |  1 |  53k|  22k| 1.998878e+03 | 2.011900e+03 |   0.65%|  33.61%
 6133s| 16600 |  6158 |  2128k| 125.2 |  3558M | 129 |  40k|  26k|  19k|8603 |  1 |  53k|  22k| 1.998878e+03 | 2.011900e+03 |   0.65%|  33.62%
 6158s| 16700 |  6211 |  2136k| 124.9 |  3571M | 129 |  40k|  26k|  19k|8641 |  1 |  54k|  22k| 1.998878e+03 | 2.011900e+03 |   0.65%|  33.65%
 6179s| 16800 |  6253 |  2145k| 124.7 |  3575M | 129 |  40k|  26k|  19k|8658 |  1 |  54k|  22k| 1.998878e+03 | 2.011900e+03 |   0.65%|  33.68%
 6197s| 16900 |  6288 |  2150k| 124.2 |  3603M | 129 |  40k|  26k|  19k|8658 |  1 |  54k|  22k| 1.998878e+03 | 2.011900e+03 |   0.65%|  33.68%
 6212s| 17000 |  6322 |  2158k| 124.0 |  3607M | 129 |  40k|  26k|  19k|8673 |  1 |  54k|  22k| 1.998878e+03 | 2.011900e+03 |   0.65%|  33.69%
 6235s| 17100 |  6353 |  2167k| 123.8 |  3616M | 129 |  40k|  26k|  19k|8684 |  2 |  55k|  23k| 1.998878e+03 | 2.011900e+03 |   0.65%|  33.73%
 time | node  | left  |LP iter|LP it/n|mem/heur|mdpt |vars |cons |rows |cuts |sepa|confs|strbr|  dualbound   | primalbound  |  gap   | compl. 
 6260s| 17200 |  6391 |  2176k| 123.6 |  3624M | 129 |  40k|  26k|  19k|8700 |  0 |  55k|  23k| 1.998878e+03 | 2.011900e+03 |   0.65%|  33.76%
 6280s| 17300 |  6449 |  2184k| 123.4 |  3627M | 129 |  40k|  26k|  19k|8721 |  1 |  56k|  23k| 1.998878e+03 | 2.011900e+03 |   0.65%|  33.76%
 6304s| 17400 |  6492 |  2188k| 122.9 |  3637M | 129 |  40k|  26k|  19k|8738 |  2 |  57k|  23k| 1.998878e+03 | 2.011900e+03 |   0.65%|  33.77%
 6317s| 17500 |  6521 |  2191k| 122.4 |  3640M | 129 |  40k|  26k|  19k|8747 |  1 |  57k|  23k| 1.998878e+03 | 2.011900e+03 |   0.65%|  33.77%
 6322s| 17600 |  6538 |  2193k| 121.8 |  3640M | 129 |  40k|  26k|  19k|8748 |  1 |  57k|  23k| 1.998878e+03 | 2.011900e+03 |   0.65%|  33.77%
 6334s| 17700 |  6552 |  2198k| 121.4 |  3644M | 129 |  40k|  26k|   0 |8749 |  0 |  58k|  23k| 1.998878e+03 | 2.011900e+03 |   0.65%|  33.79%
 6341s| 17800 |  6563 |  2200k| 120.8 |  3646M | 129 |  40k|  26k|  19k|8749 |  1 |  58k|  23k| 1.998878e+03 | 2.011900e+03 |   0.65%|  33.79%
 6387s| 17900 |  6581 |  2217k| 121.0 |  3702M | 129 |  40k|  26k|  19k|8755 |  1 |  59k|  23k| 1.998878e+03 | 2.011900e+03 |   0.65%|  33.81%
 6397s| 18000 |  6586 |  2223k| 120.7 |  3702M | 129 |  40k|  26k|  19k|8756 |  1 |  59k|  23k| 1.998878e+03 | 2.011900e+03 |   0.65%|  33.81%
 6410s| 18100 |  6596 |  2229k| 120.4 |  3704M | 129 |  40k|  26k|  19k|8757 |  1 |  60k|  23k| 1.998878e+03 | 2.011900e+03 |   0.65%|  33.81%
 6423s| 18200 |  6608 |  2235k| 120.1 |  3706M | 129 |  40k|  26k|  19k|8758 |  0 |  60k|  23k| 1.998878e+03 | 2.011900e+03 |   0.65%|  33.82%
 6433s| 18300 |  6618 |  2240k| 119.7 |  3707M | 129 |  40k|  26k|  19k|8762 |  1 |  61k|  23k| 1.998878e+03 | 2.011900e+03 |   0.65%|  33.84%
 6486s| 18400 |  6634 |  2246k| 119.4 |  3708M | 135 |  40k|  26k|  19k|8764 |  1 |  61k|  24k| 1.998878e+03 | 2.011900e+03 |   0.65%|  33.84%
 6500s| 18500 |  6656 |  2253k| 119.1 |  3713M | 143 |  40k|  26k|  19k|8768 |  1 |  61k|  24k| 1.998878e+03 | 2.011900e+03 |   0.65%|  33.87%
 6509s| 18600 |  6666 |  2259k| 118.8 |  3714M | 143 |  40k|  26k|  19k|8768 |  1 |  62k|  24k| 1.998878e+03 | 2.011900e+03 |   0.65%|  33.87%
 time | node  | left  |LP iter|LP it/n|mem/heur|mdpt |vars |cons |rows |cuts |sepa|confs|strbr|  dualbound   | primalbound  |  gap   | compl. 
 6544s| 18700 |  6616 |  2307k| 120.7 |  3715M | 143 |  40k|  26k|  19k|8772 |  2 |  63k|  24k| 1.998878e+03 | 2.011900e+03 |   0.65%|  33.99%
 6564s| 18800 |  6666 |  2316k| 120.5 |  3719M | 143 |  40k|  26k|  19k|8772 |  1 |  63k|  24k| 1.998878e+03 | 2.011900e+03 |   0.65%|  34.05%
 6577s| 18900 |  6698 |  2320k| 120.1 |  3722M | 143 |  40k|  26k|  19k|8781 |  1 |  63k|  24k| 1.998878e+03 | 2.011900e+03 |   0.65%|  34.05%
 6593s| 19000 |  6736 |  2328k| 119.9 |  3727M | 143 |  40k|  26k|  19k|8790 |  4 |  64k|  24k| 1.998878e+03 | 2.011900e+03 |   0.65%|  34.07%
 6610s| 19100 |  6780 |  2333k| 119.5 |  3732M | 143 |  40k|  26k|  19k|8799 |  1 |  64k|  24k| 1.998878e+03 | 2.011900e+03 |   0.65%|  34.08%
 6626s| 19200 |  6807 |  2338k| 119.1 |  3734M | 143 |  40k|  26k|   0 |8812 |  0 |  64k|  24k| 1.998878e+03 | 2.011900e+03 |   0.65%|  34.10%
 6655s| 19300 |  6842 |  2349k| 119.1 |  3740M | 143 |  40k|  26k|  19k|8820 |  1 |  65k|  25k| 1.998878e+03 | 2.011900e+03 |   0.65%|  34.15%
 6672s| 19400 |  6880 |  2360k| 119.1 |  3743M | 143 |  40k|  26k|  19k|8820 |  1 |  65k|  25k| 1.998878e+03 | 2.011900e+03 |   0.65%|  34.17%
 6712s| 19500 |  6906 |  2379k| 119.4 |  3756M | 143 |  40k|  26k|  19k|8836 |  3 |  66k|  25k| 1.998878e+03 | 2.011900e+03 |   0.65%|  34.19%
 6743s| 19600 |  6946 |  2394k| 119.6 |  3763M | 143 |  40k|  26k|  19k|8864 |  2 |  66k|  25k| 1.998878e+03 | 2.011900e+03 |   0.65%|  34.19%
 6797s| 19700 |  6978 |  2415k| 120.1 |  3769M | 143 |  40k|  26k|  19k|9135 |  1 |  67k|  25k| 1.998878e+03 | 2.011900e+03 |   0.65%|  34.19%
 6847s| 19800 |  7010 |  2433k| 120.4 |  3788M | 143 |  40k|  26k|  19k|9397 |  1 |  67k|  26k| 1.998878e+03 | 2.011900e+03 |   0.65%|  34.22%
 6893s| 19900 |  7048 |  2446k| 120.4 |  3799M | 143 |  40k|  26k|  19k|9553 |  1 |  67k|  26k| 1.998878e+03 | 2.011900e+03 |   0.65%|  34.22%
 6947s| 20000 |  7074 |  2465k| 120.7 |  3813M | 143 |  40k|  26k|  19k|9809 |  1 |  68k|  26k| 1.998878e+03 | 2.011900e+03 |   0.65%|  34.23%
 6959s| 20100 |  7102 |  2468k| 120.3 |  3817M | 143 |  40k|  26k|  19k|9816 |  1 |  68k|  26k| 1.998878e+03 | 2.011900e+03 |   0.65%|  34.23%
 time | node  | left  |LP iter|LP it/n|mem/heur|mdpt |vars |cons |rows |cuts |sepa|confs|strbr|  dualbound   | primalbound  |  gap   | compl. 
 6967s| 20200 |  7118 |  2471k| 119.9 |  3819M | 143 |  40k|  26k|  19k|9816 |  1 |  68k|  26k| 1.998878e+03 | 2.011900e+03 |   0.65%|  34.23%
 6984s| 20300 |  7144 |  2478k| 119.6 |  3833M | 143 |  40k|  26k|  19k|9823 |  2 |  69k|  26k| 1.998878e+03 | 2.011900e+03 |   0.65%|  34.23%
 7005s| 20400 |  7166 |  2490k| 119.6 |  3839M | 143 |  40k|  26k|  19k|9841 |  1 |  69k|  26k| 1.998878e+03 | 2.011900e+03 |   0.65%|  34.23%
 7026s| 20500 |  7197 |  2497k| 119.4 |  3845M | 143 |  40k|  26k|  19k|9892 |  1 |  70k|  26k| 1.998878e+03 | 2.011900e+03 |   0.65%|  34.23%
 7034s| 20600 |  7213 |  2499k| 118.9 |  3847M | 143 |  40k|  27k|   0 |9892 |  0 |  70k|  26k| 1.998878e+03 | 2.011900e+03 |   0.65%|  34.23%
 7045s| 20700 |  7227 |  2506k| 118.7 |  3850M | 143 |  40k|  26k|  19k|9892 |  0 |  70k|  26k| 1.998878e+03 | 2.011900e+03 |   0.65%|  34.23%
 7060s| 20800 |  7225 |  2516k| 118.6 |  3852M | 143 |  40k|  26k|  19k|9901 |  2 |  71k|  26k| 1.998878e+03 | 2.011900e+03 |   0.65%|  34.23%
 7113s| 20900 |  7241 |  2535k| 118.9 |  3857M | 143 |  40k|  26k|  19k|  10k|  2 |  71k|  26k| 1.998878e+03 | 2.011900e+03 |   0.65%|  34.23%
 7125s| 21000 |  7245 |  2539k| 118.5 |  3859M | 143 |  40k|  26k|  19k|  10k|  1 |  71k|  26k| 1.998878e+03 | 2.011900e+03 |   0.65%|  34.23%
 7135s| 21100 |  7245 |  2543k| 118.1 |  3860M | 143 |  40k|  26k|  19k|  10k|  2 |  72k|  26k| 1.998878e+03 | 2.011900e+03 |   0.65%|  34.23%
 7169s| 21200 |  7261 |  2552k| 118.0 |  3867M | 143 |  40k|  26k|  19k|  10k|  1 |  72k|  26k| 1.998878e+03 | 2.011900e+03 |   0.65%|  34.23%

SCIP Status        : solving was interrupted [time limit reached]
Solving Time (sec) : 7200.01
Solving Nodes      : 21290
Primal Bound       : +2.01190000000000e+03 (95 solutions)
Dual Bound         : +1.99887755102041e+03
Gap                : 0.65 %
SCIP Status        : solving was interrupted [time limit reached]
Total Time         :    7200.33
  solving          :    7200.01
  presolving       :      44.53 (included in solving)
  reading          :       0.33
  copying          :       4.96 (42 #copies) (minimal 0.10, maximal 0.15, average 0.12)
Original Problem   :
  Problem name     : neos-2746589-doon
  Variables        : 50936 (50704 binary, 224 integer, 0 implicit integer, 8 continuous)
  Constraints      : 31530 initial, 31530 maximal
  Objective        : minimize, 50400 non-zeros (abs.min = 2, abs.max = 22.6)
Presolved Problem  :
  Problem name     : t_neos-2746589-doon
  Variables        : 40903 (40791 binary, 112 integer, 0 implicit integer, 0 continuous)
  Constraints      : 22512 initial, 27035 maximal
  Objective        : minimize, 40487 non-zeros (abs.min = 20, abs.max = 423)
  Nonzeros         : 3232391 constraint, 339580 clique table
Presolvers         :   ExecTime  SetupTime  Calls  FixedVars   AggrVars   ChgTypes  ChgBounds   AddHoles    DelCons    AddCons   ChgSides   ChgCoefs
  boundshift       :       0.00       0.00      0          0          0          0          0          0          0          0          0          0
  convertinttobin  :       0.00       0.00      0          0          0          0          0          0          0          0          0          0
  domcol           :       0.10       0.00      3          0          0          0          0          0          0          0          0          0
  dualagg          :       0.00       0.00      0          0          0          0          0          0          0          0          0          0
  dualcomp         :       0.00       0.00      0          0          0          0          0          0          0          0          0          0
  dualinfer        :       0.00       0.00      0          0          0          0          0          0          0          0          0          0
  dualsparsify     :       0.19       0.00      1          0          0          0          0          0          0          0          0          0
  gateextraction   :       0.00       0.00      0          0          0          0          0          0          0          0          0          0
  implics          :       0.07       0.00     64          0          0          0          0          0          0          0          0          0
  inttobinary      :       0.00       0.00     67          0          0          0          0          0          0          0          0          0
  qpkktref         :       0.00       0.00      0          0          0          0          0          0          0          0          0          0
  redvub           :       0.00       0.00      0          0          0          0          0          0          0          0          0          0
  sparsify         :       1.19       0.00      2          0          0          0          0          0          0          0          0      18736
  stuffing         :       0.00       0.00      0          0          0          0          0          0          0          0          0          0
  trivial          :       0.15       0.00     67        212          0          0          0          0          0          0          0          0
  tworowbnd        :       0.00       0.00      0          0          0          0          0          0          0          0          0          0
  dualfix          :       0.13       0.00     67        112          0          0          0          0          0          0          0          0
  genvbounds       :       0.00       0.00      0          0          0          0          0          0          0          0          0          0
  probing          :      26.84       0.00      2         13          0          0          0          0          0          0          0          0
  pseudoobj        :       0.00       0.00      0          0          0          0          0          0          0          0          0          0
  symmetry         :      11.90       0.00      1        261          0          0          0          0          0       3236          0          0
  vbounds          :       0.08       0.00      2          0          0          0          0          0          0          0          0          0
  varbound         :       0.52       0.00    125          0          0          0          0          0        208          0          0          0
  knapsack         :       0.62       0.00    129          0          0          0          0          0          0          0          0          0
  setppc           :       1.06       0.00    129          0       1008          0          0          0       1060          0          0          0
  linear           :       0.95       0.05     73          0       8296          0        236          0      10994          8      25138      25130
  orbisack         :       0.00       0.00      1          0          0          0          0          0          0          0          0          0
  orbitope         :       0.01       0.00      4        135          0          0          0          0          0          0          0          0
  symretope        :       0.00       0.00      1          6          0          0          0          0          0          0          0          0
  logicor          :       0.00       0.00      0          0          0          0          0          0          0          0          0          0
  bounddisjunction :       0.00       0.00      0          0          0          0          0          0          0          0          0          0
  benders          :       0.00       0.00      0          0          0          0          0          0          0          0          0          0
  components       :       0.54       0.00      1          0          0          0          0          0          0          0          0          0
  root node        :          -          -      -       5316          -          -       5316          -          -          -          -          -
Constraints        :     Number  MaxNumber  #Separate #Propagate    #EnfoLP    #EnfoRelax  #EnfoPS    #Check   #ResProp    Cutoffs    DomReds       Cuts    Applied      Conss   Children
  benderslp        :          0          0          0          0      20997          0          0       3258          0          0          0          0          0          0          0
  integral         :          0          0          0          0      20997          0          0       3258          0          4      33230          0          0      26963      29770
  varbound         :      12450      12450         60     278606          0          0          0       3253     244281        668      85510          0          0          0          0
  knapsack         :          4+        10         60     277938          0          0          0        416      15259         52      13751          0          0          0          0
  setppc           :       1472+      4465         60     277886          0          0          0        151    2105160       2352    2480463         24          1          0          0
  linear           :       5350+      5351         60     275534          0          0          0         95     858374      10861    3248114          0          0          0          0
  orbisack         :       2848       2848          0       6261          0          0          0         95      58491        593      39077          0          0          0          0
  orbitope         :        130        130          0     261080          0          0          0         95    1030753       4040     491334          0          0          0          0
  symretope        :        258        258          0      22631          0          0          0         95      32936        292      13854          0          0          0          0
  logicor          :          0+      2379         60      91979          0          0          0          0     158476       2467     111209         26         11          0          0
  bounddisjunction :          0+      1044          0      44084          0          0          0          0        542        152       3994          0          0          0          0
  benders          :          0          0          0          0          0          0          0         96          0          0          0          0          0          0          0
  countsols        :          0          0          0          0          0          0          0         96          0          0          0          0          0          0          0
  components       :          0          0          0          0          0          0          0          0          0          0          0          0          0          0          0
Constraint Timings :  TotalTime  SetupTime   Separate  Propagate     EnfoLP     EnfoPS     EnfoRelax   Check    ResProp    SB-Prop
  benderslp        :       0.01       0.00       0.00       0.00       0.01       0.00       0.00       0.00       0.00       0.00
  integral         :    1304.68       0.00       0.00       0.00    1304.61       0.00       0.00       0.07       0.00       0.00
  varbound         :       9.71       0.00       0.24       4.91       0.00       0.00       0.00       1.48       0.09       2.98
  knapsack         :      98.34       0.00      10.39      57.44       0.00       0.00       0.00       1.30       0.15      29.06
  setppc           :      29.71       0.00       0.02      15.06       0.00       0.00       0.00       0.54       1.47      12.63
  linear           :     103.26       0.05      50.19      44.51       0.00       0.00       0.00       0.57       1.66       6.29
  orbisack         :      44.74       0.00       0.00      33.65       0.00       0.00       0.00       0.00       0.43      10.65
  orbitope         :     280.12       0.00       0.00     188.92       0.00       0.00       0.00       0.00       6.95      84.25
  symretope        :      50.73       0.00       0.00      43.06       0.00       0.00       0.00       0.00       0.16       7.51
  logicor          :       7.21       0.00       0.00       3.52       0.00       0.00       0.00       0.00       0.75       2.94
  bounddisjunction :       1.46       0.00       0.00       1.11       0.00       0.00       0.00       0.00       0.03       0.32
  benders          :       0.00       0.00       0.00       0.00       0.00       0.00       0.00       0.00       0.00       0.00
  countsols        :       0.00       0.00       0.00       0.00       0.00       0.00       0.00       0.00       0.00       0.00
  components       :       0.03       0.00       0.00       0.02       0.00       0.00       0.00       0.00       0.00       0.01
Propagators        : #Propagate   #ResProp    Cutoffs    DomReds
  dualfix          :         52          0          0          0
  genvbounds       :          0          0          0          0
  nlobbt           :          0          0          0          0
  obbt             :          0          0          0          0
  probing          :          0          0          0          0
  pseudoobj        :     143655          0          0          0
  redcost          :      63760          0          0   12506470
  rootredcost      :          8          0          0       3894
  symmetry         :          0          0          0          0
  vbounds          :     157153          0          0          0
Propagator Timings :  TotalTime  SetupTime   Presolve  Propagate    ResProp    SB-Prop
  dualfix          :       0.22       0.00       0.13       0.10       0.00       0.00
  genvbounds       :       0.15       0.00       0.00       0.11       0.00       0.04
  nlobbt           :       0.00       0.00       0.00       0.00       0.00       0.00
  obbt             :       0.00       0.00       0.00       0.00       0.00       0.00
  probing          :      26.85       0.00      26.84       0.00       0.00       0.00
  pseudoobj        :       1.93       0.00       0.00       1.92       0.00       0.01
  redcost          :     165.47       0.00       0.00     165.46       0.00       0.01
  rootredcost      :       0.12       0.00       0.00       0.09       0.00       0.02
  symmetry         :      11.97       0.00      11.90       0.05       0.00       0.02
  vbounds          :      49.66       0.00       0.08      49.38       0.00       0.20
Orbital fixing     :
  vars fixed to 0  :          0
  vars fixed to 1  :          0
Conflict Analysis  :       Time      Calls    Success    DomReds  Conflicts   Literals    Reconvs ReconvLits   Dualrays   Nonzeros   LP Iters   (pool size: [10000,10000])
  propagation      :       8.98      11462      10740          -      67090      368.4       2074       34.8          -          -          -
  infeasible LP    :      15.77        386        384          -       5107     3551.6        162      111.6         37     1873.3          0
  bound exceed. LP :     127.45       1934       2070          -      48247     1210.3        845       65.5        140        1.0      31380
  strong branching :       0.00          0          0          -          0        0.0          0        0.0          -          -          0
  pseudo solution  :       0.00          0          0          -          0        0.0          0        0.0          -          -          -
  applied globally :       9.42          -          -        140      72568      476.9          -          -        177          -          -
  applied locally  :          -          -          -          0         12     8673.6          -          -          0          -          -
Separators         :   ExecTime  SetupTime      Calls  RootCalls    Cutoffs    DomReds  FoundCuts ViaPoolAdd  DirectAdd    Applied ViaPoolApp  DirectApp      Conss
  cut pool         :       6.96          -       6357        163          -          -      37294      39767          -          -          -          -          -    (maximal pool size:       3889)
  aggregation      :      75.66       0.00       1431         60          0          0        444       1056        252        295        182        113          0
  > cmir           :          -          -          -          -          -          -          -        885        126        225        169         56          -
  > flowcover      :          -          -          -          -          -          -          -        171        126         70         13         57          -
  > knapsackcover  :          -          -          -          -          -          -          -          0          0          0          0          0          -
  cgmip            :       0.00       0.00          0          0          0          0          0          0          0          0          0          0          0
  clique           :       2.52       0.00         60         60          0          0         29         50          0         19         19          0          0
  closecuts        :       0.00       0.00          0          0          0          0          0          0          0          0          0          0          0
  convexproj       :       0.00       0.00          0          0          0          0          0          0          0          0          0          0          0
  disjunctive      :       0.00       0.00          0          0          0          0          0          0          0          0          0          0          0
  eccuts           :       0.00       0.00          0          0          0          0          0          0          0          0          0          0          0
  gauge            :       0.00       0.00          0          0          0          0          0          0          0          0          0          0          0
  gomory           :     338.08       0.00        939         10          0          0      32563      26843       1028       3253       3174         79          0
  > gomorymi       :          -          -          -          -          -          -          -      16399        515       2574       2516         58          -
  > strongcg       :          -          -          -          -          -          -          -      10444        513        679        658         21          -
  impliedbounds    :      25.32       0.00       1431         60          0         20       4072       8702          0       6178       6178          0          0
  interminor       :       0.00       0.00          0          0          0          0          0          0          0          0          0          0          0
  intobj           :       0.00       0.00          0          0          0          0          0          0          0          0          0          0          0
  mcf              :       0.66       0.00          1          1          0          0          0          0          0          0          0          0          0
  minor            :       0.00       0.00          0          0          0          0          0          0          0          0          0          0          0
  mixing           :       0.00       0.00       1431         60          0          0          0          0          0          0          0          0          0
  oddcycle         :       0.00       0.00          0          0          0          0          0          0          0          0          0          0          0
  rapidlearning    :       1.49       0.00          0          0          0          0          0          0          0          0          0          0          0
  rlt              :       0.00       0.00         10         10          0          0          0          0          0          0          0          0          0
  zerohalf         :      24.69       0.00        949         20          0          0       1527       3116         61        504        481         23          0
Cutselectors       :   ExecTime  SetupTime      Calls  RootCalls   Selected     Forced   Filtered  RootSelec   RootForc   RootFilt 
  hybrid           :       0.08       0.00       2635        101      10261          0      30897        611          0       1662
Pricers            :   ExecTime  SetupTime      Calls       Vars
  problem variables:       0.00          -          0          0
Branching Rules    :   ExecTime  SetupTime   BranchLP  BranchExt   BranchPS    Cutoffs    DomReds       Cuts      Conss   Children
  allfullstrong    :       0.00       0.00          0          0          0          0          0          0          0          0
  cloud            :       0.00       0.00          0          0          0          0          0          0          0          0
  distribution     :       0.00       0.00          0          0          0          0          0          0          0          0
  fullstrong       :       0.00       0.00          0          0          0          0          0          0          0          0
  inference        :       0.00       0.00          0          0          0          0          0          0          0          0
  leastinf         :       0.00       0.00          0          0          0          0          0          0          0          0
  lookahead        :       0.00       0.00          0          0          0          0          0          0          0          0
  mostinf          :       0.00       0.00          0          0          0          0          0          0          0          0
  multaggr         :       0.00       0.00          0          0          0          0          0          0          0          0
  nodereopt        :       0.00       0.00          0          0          0          0          0          0          0          0
  pscost           :       0.00       0.00          0          0          0          0          0          0          0          0
  random           :       0.00       0.00          0          0          0          0          0          0          0          0
  relpscost        :    1304.57       0.00      20997          0          0          4      33230          0      30909      29770
  vanillafullstrong:       0.00       0.00          0          0          0          0          0          0          0          0
Primal Heuristics  :   ExecTime  SetupTime      Calls      Found       Best
  LP solutions     :       0.00          -          -          0          0
  relax solutions  :       0.00          -          -          0          0
  pseudo solutions :       0.00          -          -          0          0
  strong branching :       5.02          -          -          0          0
  actconsdiving    :       0.00       0.00          0          0          0
  adaptivediving   :      13.31       0.00         31          0          0
  alns             :      14.99       0.00          6          0          0
  bound            :       0.00       0.00          0          0          0
  clique           :       0.25       0.00          1          0          0
  coefdiving       :       0.00       0.00          0          0          0
  completesol      :       0.00       0.00          0          0          0
  conflictdiving   :      28.38       0.00        104          0          0
  crossover        :       5.93       0.00         17          7          1
  dins             :       0.00       0.00          0          0          0
  distributiondivin:      63.87       0.00        103          0          0
  dps              :       0.00       0.00          0          0          0
  dualval          :       0.00       0.00          0          0          0
  farkasdiving     :       7.58       0.00          1          0          0
  feaspump         :      82.08       0.00          6          0          0
  fixandinfer      :       0.00       0.00          0          0          0
  fracdiving       :      30.82       0.00        103          0          0
  gins             :       1.93       0.00          0          0          0
  guideddiving     :      50.90       0.00        103          0          0
  indicator        :       0.02       0.00          0          0          0
  intdiving        :       0.00       0.00          0          0          0
  intshifting      :       0.00       0.00          0          0          0
  linesearchdiving :      23.70       0.00        104          0          0
  localbranching   :       0.00       0.00          0          0          0
  locks            :       0.21       0.00          1          0          0
  lpface           :       0.01       0.00          0          0          0
  mpec             :       0.00       0.00          0          0          0
  multistart       :       0.00       0.00          0          0          0
  mutation         :       0.00       0.00          0          0          0
  nlpdiving        :       0.00       0.00          0          0          0
  objpscostdiving  :     789.18       0.00         52          2          1
  octane           :       0.00       0.00          0          0          0
  ofins            :       0.01       0.00          0          0          0
  oneopt           :       0.17       0.00          7          0          0
  padm             :       0.00       0.00          0          0          0
  proximity        :       0.00       0.00          0          0          0
  pscostdiving     :      37.24       0.00        104          0          0
  randrounding     :      12.43       0.00       3301          1          0
  rens             :       0.34       0.00          1          0          0
  reoptsols        :       0.00       0.00          0          0          0
  repair           :       0.00       0.00          0          0          0
  rins             :       6.40       0.00         18         10          3
  rootsoldiving    :      58.20       0.00          5          0          0
  rounding         :      20.18       0.00       9554          2          2
  shiftandpropagate:       0.59       0.00          1          0          0
  shifting         :      50.09       0.00       3627         73          0
  simplerounding   :       0.02       0.00          0          0          0
  subnlp           :       0.02       0.00          0          0          0
  trivial          :       0.09       0.00          2          0          0
  trivialnegation  :       0.00       0.00          0          0          0
  trustregion      :       0.00       0.00          0          0          0
  trysol           :       0.02       0.00          0          0          0
  twoopt           :       0.00       0.00          0          0          0
  undercover       :       0.00       0.00          0          0          0
  vbounds          :       2.84       0.00          1          0          0
  veclendiving     :      23.54       0.00        103          0          0
  zeroobj          :       0.00       0.00          0          0          0
  zirounding       :       0.76       0.00       1000          0          0
  other solutions  :          -          -          -          0          -
LP                 :       Time      Calls Iterations  Iter/call   Iter/sec  Time-0-It Calls-0-It    ItLimit
  primal LP        :    1425.24       1009          0       0.00       0.00    1425.24       1009
  dual LP          :    1605.59      40662    2282120      74.98    1421.36      39.46      10226
  lex dual LP      :       0.00          0          0       0.00          -
  barrier LP       :       0.00          0          0       0.00          -       0.00          0
  resolve instable :       0.00          0          0       0.00          -
  diving/probing LP:    1048.33       3568     284966      79.87     271.83
  strong branching :     762.89      26994    1296501      48.03    1699.47          -          -       3406
    (at root node) :          -        638     166513     260.99          -
  conflict analysis:      38.31       3138      31380      10.00     819.07
B&B Tree           :
  number of runs   :          1
  nodes            :      21290 (14885 internal, 6405 leaves)
  feasible leaves  :          0
  infeas. leaves   :       4172
  objective leaves :       2232
  nodes (total)    :      21290 (14885 internal, 6405 leaves)
  nodes left       :       7264
  max depth        :        143
  max depth (total):        143
  backtracks       :       1778 (8.4%)
  early backtracks :          0 (0.0%)
  nodes exc. ref.  :          0 (0.0%)
  delayed cutoffs  :        127
  repropagations   :      33106 (39264 domain reductions, 91 cutoffs)
  avg switch length:       6.93
  switching time   :    1340.25
Root Node          :
  First LP value   : +1.98593979591837e+03
  First LP Iters   :      14517 (3990.20 Iter/sec)
  First LP Time    :       3.64
  Final Dual Bound : +1.99081045118950e+03
  Final Root Iters :      50602
  Root LP Estimate : +2.01457204258574e+03
Solution           :
  Solutions found  :         95 (7 improvements)
  First Solution   : +2.05850000000000e+03   (in run 1, after 1518 nodes, 1248.27 seconds, depth 79, found by <rounding>)
  Gap First Sol.   :       3.25 %
  Gap Last Sol.    :       0.65 %
  Primal Bound     : +2.01190000000000e+03   (in run 1, after 15433 nodes, 5748.13 seconds, depth 42, found by <objpscostdiving>)
  Dual Bound       : +1.99887755102041e+03
  Gap              :       0.65 %
Integrals          :      Total       Avg%
  primal-dual      :  129218.81      17.95
  primal-ref       :          -          - (not evaluated)
  dual-ref         :          -          - (not evaluated)
written solution information to file <results/final_miplib_symretope_if_extended_generating_set_cpx_v802__settings_final_nopeek_norelabel_extend_norestarts__0__neos-2746589-doon.mps.gz.sol>
@04 1686656501
