FILENAME:   /home/mcs001/s132664/testsets/IP/miplib2017/seqsolve2short4288.mps.gz
SETTINGS:   settings_final_nopeek_norelabel_extend_norestarts
TIMELIMIT:  7200
OUTPUTNAME: final_miplib_symretope_if_extended_generating_set_cpx_v802__settings_final_nopeek_norelabel_extend_norestarts__4__
BINNAME:    bin/sbcs.linux.x86_64.gnu.opt.cpx
BASENAME:   seqsolve2short4288.mps.gz
SEED:       4
@01 /home/mcs001/s132664/testsets/IP/miplib2017/seqsolve2short4288.mps.gz ===========
@02 seqsolve2short4288.mps.gz
@03 1686668079
SCIP version 8.0.2 [precision: 8 byte] [memory: block] [mode: optimized] [LP solver: CPLEX 20.1.0.0] [GitHash: 5f0473c]
Copyright (C) 2002-2022 Konrad-Zuse-Zentrum fuer Informationstechnik Berlin (ZIB)

Symretope propagation methods - (c) Jasper van Doornmalen, Christopher Hojny.
[GitHash: 2fd0484]

reading parameter file <../settings/settings_final_nopeek_norelabel_extend_norestarts.set> ...

Changed settings:
limits/time = 7200
limits/restarts = 0
misc/usesymmetry = 1
randomization/randomseedshift = 4
constraints/orbisack/sepafreq = -1
constraints/symresack/sepafreq = -1
propagating/symmetry/addsymresacks = TRUE
propagating/symmetry/detectsubgroups = FALSE
propagating/symmetry/relabelsymretopes = 0
propagating/symmetry/extendgenerators = TRUE
propagating/symmetry/ofsymcomptiming = 0
constraints/symretope/sepafreq = -1
constraints/symretope/peek = FALSE


solving problem ...

original problem has 207665 variables (123834 bin, 82835 int, 0 impl, 996 cont) and 242244 constraints
presolving:
(round 1, fast)       26569 del vars, 23502 del conss, 0 add conss, 21794 chg bounds, 0 chg sides, 345 chg coeffs, 0 upgd conss, 6264 impls, 56 clqs
(round 2, fast)       38625 del vars, 43027 del conss, 0 add conss, 29654 chg bounds, 0 chg sides, 345 chg coeffs, 0 upgd conss, 6264 impls, 56 clqs
(round 3, exhaustive) 38739 del vars, 54526 del conss, 0 add conss, 52477 chg bounds, 0 chg sides, 345 chg coeffs, 0 upgd conss, 6264 impls, 56 clqs
(round 4, fast)       58079 del vars, 65958 del conss, 0 add conss, 53359 chg bounds, 19 chg sides, 22979 chg coeffs, 0 upgd conss, 6729 impls, 6061 clqs
(round 5, fast)       60514 del vars, 70244 del conss, 0 add conss, 55501 chg bounds, 28 chg sides, 23039 chg coeffs, 0 upgd conss, 7025 impls, 7385 clqs
(round 6, exhaustive) 60515 del vars, 80363 del conss, 0 add conss, 55502 chg bounds, 28 chg sides, 23039 chg coeffs, 0 upgd conss, 7025 impls, 7385 clqs
(round 7, fast)       70586 del vars, 90434 del conss, 0 add conss, 55502 chg bounds, 28 chg sides, 23316 chg coeffs, 0 upgd conss, 7025 impls, 7385 clqs
(round 8, exhaustive) 70586 del vars, 90438 del conss, 0 add conss, 55502 chg bounds, 82 chg sides, 23589 chg coeffs, 133581 upgd conss, 7025 impls, 7386 clqs
(round 9, medium)     73242 del vars, 93162 del conss, 205 add conss, 55502 chg bounds, 88 chg sides, 23700 chg coeffs, 133581 upgd conss, 124653 impls, 7644 clqs
(round 10, fast)       84059 del vars, 95825 del conss, 205 add conss, 66319 chg bounds, 88 chg sides, 23700 chg coeffs, 133581 upgd conss, 124653 impls, 7602 clqs
(round 11, fast)       92916 del vars, 113799 del conss, 210 add conss, 75176 chg bounds, 98 chg sides, 23701 chg coeffs, 133581 upgd conss, 124653 impls, 7602 clqs
(round 12, exhaustive) 92916 del vars, 113801 del conss, 210 add conss, 75176 chg bounds, 98 chg sides, 23701 chg coeffs, 146331 upgd conss, 124653 impls, 7602 clqs
(round 13, medium)     92984 del vars, 126513 del conss, 51151 add conss, 75176 chg bounds, 98 chg sides, 23701 chg coeffs, 146331 upgd conss, 124654 impls, 58469 clqs
   (63.3s) probing: 1000/69460 (1.4%) - 0 fixings, 0 aggregations, 242558 implications, 0 bound changes
   (63.3s) probing: 1001/69460 (1.4%) - 0 fixings, 0 aggregations, 242680 implications, 0 bound changes
   (63.3s) probing aborted: 1000/1000 successive useless probings
   (64.3s) symmetry computation started: requiring (bin +, int +, cont +), (fixed: bin -, int -, cont -)
   (68.8s) symmetry computation finished: 60 generators found (max: 534, log10 of symmetry group size: 27.2)
(round 14, exhaustive) 93053 del vars, 126620 del conss, 51248 add conss, 75222 chg bounds, 101 chg sides, 23701 chg coeffs, 146331 upgd conss, 347235 impls, 121193 clqs
   (76.2s) probing: 1101/69460 (1.6%) - 0 fixings, 0 aggregations, 244538 implications, 0 bound changes
   (76.2s) probing aborted: 1000/1000 successive useless probings
presolving (15 rounds: 15 fast, 8 medium, 6 exhaustive):
 93071 deleted vars, 126666 deleted constraints, 51256 added constraints, 75230 tightened bounds, 0 added holes, 101 changed sides, 23701 changed coefficients
 349093 implications, 121184 cliques
presolved problem has 119673 variables (69436 bin, 49870 int, 0 impl, 367 cont) and 166834 constraints
  99820 constraints of type <varbound>
  13099 constraints of type <knapsack>
  51202 constraints of type <setppc>
   2605 constraints of type <linear>
     65 constraints of type <orbisack>
     21 constraints of type <orbitope>
     11 constraints of type <symretope>
     11 constraints of type <logicor>
Presolving Time: 75.28

 time | node  | left  |LP iter|LP it/n|mem/heur|mdpt |vars |cons |rows |cuts |sepa|confs|strbr|  dualbound   | primalbound  |  gap   | compl. 
  189s|     1 |     0 | 42266 |     - |  2080M |   0 | 119k| 166k| 166k|   0 |  0 |  73 |   0 |-9.094947e-13 |      --      |    Inf | unknown
  503s|     1 |     0 |107624 |     - |  2133M |   0 | 119k| 166k| 166k|  36 |  1 |  74 |   0 |-9.094947e-13 |      --      |    Inf | unknown
  711s|     1 |     0 |145694 |     - |  2153M |   0 | 119k| 166k| 166k|  56 |  2 |  75 |   0 | 9.094947e-13 |      --      |    Inf | unknown
  868s|     1 |     0 |173628 |     - |  2172M |   0 | 119k| 166k| 166k| 100 |  3 |  76 |   0 | 1.818989e-12 |      --      |    Inf | unknown
  986s|     1 |     0 |193991 |     - |  2193M |   0 | 119k| 166k| 166k| 133 |  4 |  77 |   0 | 1.818989e-12 |      --      |    Inf | unknown
 1235s|     1 |     0 |236888 |     - |  2211M |   0 | 119k| 166k| 167k| 195 |  5 |  78 |   0 | 1.818989e-12 |      --      |    Inf | unknown
 1433s|     1 |     0 |268823 |     - |  2231M |   0 | 119k| 166k| 167k| 253 |  6 |  79 |   0 | 1.818989e-12 |      --      |    Inf | unknown
 1570s|     1 |     0 |291637 |     - |  2251M |   0 | 119k| 166k| 167k| 294 |  7 |  80 |   0 | 1.818989e-12 |      --      |    Inf | unknown
 1687s|     1 |     0 |308009 |     - |  2269M |   0 | 119k| 166k| 167k| 335 |  8 |  81 |   0 | 1.818989e-12 |      --      |    Inf | unknown
 1941s|     1 |     0 |343169 |     - |  2289M |   0 | 119k| 166k| 167k| 386 |  9 |  82 |   0 | 1.818989e-12 |      --      |    Inf | unknown
 2119s|     1 |     0 |369070 |     - |  2307M |   0 | 119k| 166k| 167k| 424 | 10 |  83 |   0 | 1.818989e-12 |      --      |    Inf | unknown
 2269s|     1 |     0 |392939 |     - |  2325M |   0 | 119k| 166k| 167k| 457 | 11 |  84 |   0 | 1.818989e-12 |      --      |    Inf | unknown
 3604s|     1 |     2 |610055 |     - |  2339M |   0 | 119k| 166k| 167k| 457 | 11 |  90 |  21 | 2.728484e-12 |      --      |    Inf | unknown

SCIP Status        : solving was interrupted [time limit reached]
Solving Time (sec) : 7200.01
Solving Nodes      : 34
Primal Bound       : +1.00000000000000e+20 (0 solutions)
Dual Bound         : +2.72848410531878e-12
Gap                : infinite
SCIP Status        : solving was interrupted [time limit reached]
Total Time         :    7202.08
  solving          :    7200.01
  presolving       :      75.28 (included in solving)
  reading          :       2.06
  copying          :       1.13 (2 #copies) (minimal 0.57, maximal 0.57, average 0.57)
Original Problem   :
  Problem name     : seqsolve2short4288
  Variables        : 207665 (123834 binary, 82835 integer, 0 implicit integer, 996 continuous)
  Constraints      : 242244 initial, 242244 maximal
  Objective        : minimize, 498 non-zeros (abs.min = 1, abs.max = 1)
Presolved Problem  :
  Problem name     : t_seqsolve2short4288
  Variables        : 119673 (69436 binary, 49870 integer, 0 implicit integer, 367 continuous)
  Constraints      : 166834 initial, 166934 maximal
  Objective        : minimize, 61616 non-zeros (abs.min = 1, abs.max = 4)
  Nonzeros         : 810250 constraint, 428651 clique table
Presolvers         :   ExecTime  SetupTime  Calls  FixedVars   AggrVars   ChgTypes  ChgBounds   AddHoles    DelCons    AddCons   ChgSides   ChgCoefs
  boundshift       :       0.00       0.00      0          0          0          0          0          0          0          0          0          0
  convertinttobin  :       0.00       0.00      0          0          0          0          0          0          0          0          0          0
  domcol           :       0.32       0.00      2          9          0          0          0          0          0          0          0          0
  dualagg          :       0.00       0.00      0          0          0          0          0          0          0          0          0          0
  dualcomp         :       0.25       0.00      2          0          0          0          0          0          0          0          0          0
  dualinfer        :       0.00       0.00      0          0          0          0          0          0          0          0          0          0
  dualsparsify     :       0.96       0.00      1          0          0          0          0          0          0          0          0          0
  gateextraction   :       0.22       0.00      3          0          0          0          0          0          0          0          0          0
  implics          :       0.06       0.00      8          0          0          0          0          0          0          0          0          0
  inttobinary      :       0.02       0.00     15          0          0          0          0          0          0          0          0          0
  qpkktref         :       0.00       0.00      0          0          0          0          0          0          0          0          0          0
  redvub           :       0.00       0.00      0          0          0          0          0          0          0          0          0          0
  sparsify         :       0.40       0.00      1          0          0          0          0          0          0          0          0          0
  stuffing         :       0.00       0.00      0          0          0          0          0          0          0          0          0          0
  trivial          :       0.17       0.00     15       5081          0          0          0          0          0          0          0          0
  tworowbnd        :       0.00       0.00      0          0          0          0          0          0          0          0          0          0
  dualfix          :       0.14       0.00     15        124          0          0          0          0          0          0          0          0
  genvbounds       :       0.00       0.00      0          0          0          0          0          0          0          0          0          0
  probing          :      59.64       0.01      2          0          0          0          0          0          0          0          0          0
  pseudoobj        :       0.02       0.00      0          0          0          0          0          0          0          0          0          0
  symmetry         :       6.07       0.00      1         14          0          0          0          0          0         97          0          0
  vbounds          :       0.37       0.00      4          0          8          0          0          0          0          0          0          0
  varbound         :       0.53       0.00     12          0          0          0       8909          0      17831          0         12          0
  knapsack         :       0.96       0.02     15       2725          0          0          0          0      15429      51159          6        111
  setppc           :       0.48       0.01     15          1          0          0          0          0         92          0          0          0
  linear           :       3.36       0.28     21      51294      28736          0      66321          0      93308          0         83      23590
  orbisack         :       0.00       0.00      1          0          0          0          0          0          0          0          0          0
  orbitope         :       0.00       0.00      1          0          0          0          0          0          0          0          0          0
  symretope        :       0.00       0.00      1          0          0          0          0          0          0          0          0          0
  logicor          :       0.03       0.00     14          0          0          0          0          0          6          0          0          0
  bounddisjunction :       0.00       0.00      0          0          0          0          0          0          0          0          0          0
  benders          :       0.00       0.00      0          0          0          0          0          0          0          0          0          0
  components       :       0.24       0.00      1          0          0          0          0          0          0          0          0          0
  root node        :          -          -      -          0          -          -          0          -          -          -          -          -
Constraints        :     Number  MaxNumber  #Separate #Propagate    #EnfoLP    #EnfoRelax  #EnfoPS    #Check   #ResProp    Cutoffs    DomReds       Cuts    Applied      Conss   Children
  benderslp        :          0          0          0          0         33          0          0          9          0          0          0          0          0          0          0
  integral         :          0          0          0          0         33          0          0          9          0          0          0          0          0          0         66
  varbound         :      99820      99820         11     159065          0          0          0          4      18737         12        571          0          0          0          0
  knapsack         :      13099      13099         11     159053          0          0          0          2        193         28        537        116         46          0          0
  setppc           :      51202+     51203         11     158398          0          0          0          2      19101         35        205          0          0          0          0
  linear           :       2605+      2606         11     158990          0          0          0          2        774          5        433          0          0          0          0
  orbisack         :         65         65          0        985          0          0          0          0        387          0          0          0          0          0          0
  orbitope         :         21         21          0     155723          0          0          0          0          4          1          0          0          0          0          0
  symretope        :         11         11          0        744          0          0          0          0          4          0          0          0          0          0          0
  logicor          :         11+        67         11         94          0          0          0          0         11          0          0          0          0          0          0
  bounddisjunction :          0+        42          0         70          0          0          0          0         10          0          0          0          0          0          0
  benders          :          0          0          0          0          0          0          0          0          0          0          0          0          0          0          0
  countsols        :          0          0          0          0          0          0          0          0          0          0          0          0          0          0          0
  components       :          0          0          0          0          0          0          0          0          0          0          0          0          0          0          0
Constraint Timings :  TotalTime  SetupTime   Separate  Propagate     EnfoLP     EnfoPS     EnfoRelax   Check    ResProp    SB-Prop
  benderslp        :       0.00       0.00       0.00       0.00       0.00       0.00       0.00       0.00       0.00       0.00
  integral         :      97.03       0.00       0.00       0.00      96.93       0.00       0.00       0.09       0.00       0.00
  varbound         :       1.57       0.00       0.50       1.02       0.00       0.00       0.00       0.04       0.02       0.00
  knapsack         :      19.35       0.02       0.37      18.92       0.00       0.00       0.00       0.03       0.00       0.00
  setppc           :       5.46       0.01       0.10       5.31       0.00       0.00       0.00       0.03       0.01       0.00
  linear           :       4.17       0.28       2.89       0.98       0.00       0.00       0.00       0.00       0.02       0.00
  orbisack         :       0.20       0.00       0.00       0.19       0.00       0.00       0.00       0.00       0.01       0.00
  orbitope         :       0.24       0.00       0.00       0.24       0.00       0.00       0.00       0.00       0.00       0.00
  symretope        :       0.02       0.00       0.00       0.02       0.00       0.00       0.00       0.00       0.00       0.00
  logicor          :       0.00       0.00       0.00       0.00       0.00       0.00       0.00       0.00       0.00       0.00
  bounddisjunction :       0.00       0.00       0.00       0.00       0.00       0.00       0.00       0.00       0.00       0.00
  benders          :       0.00       0.00       0.00       0.00       0.00       0.00       0.00       0.00       0.00       0.00
  countsols        :       0.00       0.00       0.00       0.00       0.00       0.00       0.00       0.00       0.00       0.00
  components       :       0.00       0.00       0.00       0.00       0.00       0.00       0.00       0.00       0.00       0.00
Propagators        : #Propagate   #ResProp    Cutoffs    DomReds
  dualfix          :          1          0          0          0
  genvbounds       :          0          0          0          0
  nlobbt           :          0          0          0          0
  obbt             :          0          0          0          0
  probing          :          0          0          0          0
  pseudoobj        :        104          0          0          0
  redcost          :         83          0          0          0
  rootredcost      :          1          0          0          0
  symmetry         :          0          0          0          0
  vbounds          :      96960          0          0          0
Propagator Timings :  TotalTime  SetupTime   Presolve  Propagate    ResProp    SB-Prop
  dualfix          :       0.15       0.00       0.14       0.01       0.00       0.00
  genvbounds       :       0.01       0.00       0.00       0.01       0.00       0.00
  nlobbt           :       0.00       0.00       0.00       0.00       0.00       0.00
  obbt             :       0.00       0.00       0.00       0.00       0.00       0.00
  probing          :      59.64       0.01      59.64       0.00       0.00       0.00
  pseudoobj        :       1.27       0.00       0.02       1.26       0.00       0.00
  redcost          :       0.58       0.00       0.00       0.58       0.00       0.00
  rootredcost      :       0.01       0.00       0.00       0.01       0.00       0.00
  symmetry         :       6.08       0.00       6.07       0.01       0.00       0.00
  vbounds          :       0.53       0.00       0.37       0.16       0.00       0.00
Orbital fixing     :
  vars fixed to 0  :          0
  vars fixed to 1  :          0
Conflict Analysis  :       Time      Calls    Success    DomReds  Conflicts   Literals    Reconvs ReconvLits   Dualrays   Nonzeros   LP Iters   (pool size: [10000,10000])
  propagation      :       7.31         65         65          -       5617     5321.4         82       50.5          -          -          -
  infeasible LP    :       0.02          1          1          -          3        5.3          0        0.0          1      514.0          0
  bound exceed. LP :       0.00          0          0          -          0        0.0          0        0.0          0        0.0          0
  strong branching :       0.00          0          0          -          0        0.0          0        0.0          -          -          0
  pseudo solution  :       0.00          0          0          -          0        0.0          0        0.0          -          -          -
  applied globally :       0.10          -          -          0         99        8.4          -          -          1          -          -
  applied locally  :          -          -          -          0          0        0.0          -          -          0          -          -
Separators         :   ExecTime  SetupTime      Calls  RootCalls    Cutoffs    DomReds  FoundCuts ViaPoolAdd  DirectAdd    Applied ViaPoolApp  DirectApp      Conss
  cut pool         :       0.07          -         33         21          -          -       2615       1335          -          -          -          -          -    (maximal pool size:       2615)
  aggregation      :       1.65       0.00         17         11          0          0          0          0          0          0          0          0          0
  > cmir           :          -          -          -          -          -          -          -          0          0          0          0          0          -
  > flowcover      :          -          -          -          -          -          -          -          0          0          0          0          0          -
  > knapsackcover  :          -          -          -          -          -          -          -          0          0          0          0          0          -
  cgmip            :       0.00       0.00          0          0          0          0          0          0          0          0          0          0          0
  clique           :      33.53       0.00         11         11          0          0         22         19          0          3          3          0          0
  closecuts        :       0.00       0.00          0          0          0          0          0          0          0          0          0          0          0
  convexproj       :       0.00       0.00          0          0          0          0          0          0          0          0          0          0          0
  disjunctive      :       0.00       0.00          0          0          0          0          0          0          0          0          0          0          0
  eccuts           :       0.00       0.00          0          0          0          0          0          0          0          0          0          0          0
  gauge            :       0.00       0.00          0          0          0          0          0          0          0          0          0          0          0
  gomory           :      10.42       0.00         16         10          0          0       2302       1015          2        416        414          2          0
  > gomorymi       :          -          -          -          -          -          -          -        744          2        358        356          2          -
  > strongcg       :          -          -          -          -          -          -          -        271          0         58         58          0          -
  impliedbounds    :       0.39       0.00         17         11          0          0         91         67          0         37         37          0          0
  interminor       :       0.00       0.00          0          0          0          0          0          0          0          0          0          0          0
  intobj           :       0.00       0.00          0          0          0          0          0          0          0          0          0          0          0
  mcf              :       0.15       0.00          1          1          0          0          0          0          0          0          0          0          0
  minor            :       0.00       0.00          0          0          0          0          0          0          0          0          0          0          0
  mixing           :       0.00       0.00         17         11          0          0          0          0          0          0          0          0          0
  oddcycle         :       0.00       0.00          0          0          0          0          0          0          0          0          0          0          0
  rapidlearning    :       0.00       0.00          0          0          0          0          0          0          0          0          0          0          0
  rlt              :       0.00       0.00         10         10          0          0          0          0          0          0          0          0          0
  zerohalf         :       2.92       0.00         17         11          0          0        203        234          1        206        205          1          0
Cutselectors       :   ExecTime  SetupTime      Calls  RootCalls   Selected     Forced   Filtered  RootSelec   RootForc   RootFilt 
  hybrid           :       0.01       0.00         17         11        708          0        746        457          0        551
Pricers            :   ExecTime  SetupTime      Calls       Vars
  problem variables:       0.00          -          0          0
Branching Rules    :   ExecTime  SetupTime   BranchLP  BranchExt   BranchPS    Cutoffs    DomReds       Cuts      Conss   Children
  allfullstrong    :       0.00       0.00          0          0          0          0          0          0          0          0
  cloud            :       0.00       0.00          0          0          0          0          0          0          0          0
  distribution     :       0.00       0.00          0          0          0          0          0          0          0          0
  fullstrong       :       0.00       0.00          0          0          0          0          0          0          0          0
  inference        :       0.00       0.00          0          0          0          0          0          0          0          0
  leastinf         :       0.00       0.00          0          0          0          0          0          0          0          0
  lookahead        :       0.00       0.00          0          0          0          0          0          0          0          0
  mostinf          :       0.00       0.00          0          0          0          0          0          0          0          0
  multaggr         :       0.00       0.00          0          0          0          0          0          0          0          0
  nodereopt        :       0.00       0.00          0          0          0          0          0          0          0          0
  pscost           :       0.00       0.00          0          0          0          0          0          0          0          0
  random           :       0.00       0.00          0          0          0          0          0          0          0          0
  relpscost        :      96.93       0.00         33          0          0          0          0          0          0         66
  vanillafullstrong:       0.00       0.00          0          0          0          0          0          0          0          0
Primal Heuristics  :   ExecTime  SetupTime      Calls      Found       Best
  LP solutions     :       0.00          -          -          0          0
  relax solutions  :       0.00          -          -          0          0
  pseudo solutions :       0.00          -          -          0          0
  strong branching :       0.00          -          -          0          0
  actconsdiving    :       0.00       0.00          0          0          0
  adaptivediving   :     263.24       0.00          1          0          0
  alns             :       1.51       0.00          1          0          0
  bound            :       0.00       0.00          0          0          0
  clique           :       0.92       0.00          1          0          0
  coefdiving       :       0.00       0.00          0          0          0
  completesol      :       0.00       0.00          0          0          0
  conflictdiving   :       0.32       0.00          1          0          0
  crossover        :       0.00       0.00          0          0          0
  dins             :       0.00       0.00          0          0          0
  distributiondivin:       0.08       0.00          0          0          0
  dps              :       0.00       0.00          0          0          0
  dualval          :       0.00       0.00          0          0          0
  farkasdiving     :    1234.56       0.00          1          0          0
  feaspump         :     153.25       0.00          1          0          0
  fixandinfer      :       0.00       0.00          0          0          0
  fracdiving       :     119.26       0.00          1          0          0
  gins             :       0.00       0.00          0          0          0
  guideddiving     :       0.00       0.00          0          0          0
  indicator        :       0.00       0.00          0          0          0
  intdiving        :       0.00       0.00          0          0          0
  intshifting      :       0.56       0.00          2          0          0
  linesearchdiving :       0.00       0.00          0          0          0
  localbranching   :       0.00       0.00          0          0          0
  locks            :       0.16       0.00          1          0          0
  lpface           :       0.02       0.00          0          0          0
  mpec             :       0.00       0.00          0          0          0
  multistart       :       0.00       0.00          0          0          0
  mutation         :       0.00       0.00          0          0          0
  nlpdiving        :       0.00       0.00          0          0          0
  objpscostdiving  :       0.00       0.00          0          0          0
  octane           :       0.00       0.00          0          0          0
  ofins            :       0.00       0.00          0          0          0
  oneopt           :       0.00       0.00          0          0          0
  padm             :       0.00       0.00          0          0          0
  proximity        :       0.00       0.00          0          0          0
  pscostdiving     :     585.25       0.00          1          0          0
  randrounding     :       0.10       0.00         12          0          0
  rens             :       1.52       0.00          1          0          0
  reoptsols        :       0.00       0.00          0          0          0
  repair           :       0.00       0.00          0          0          0
  rins             :       0.00       0.00          0          0          0
  rootsoldiving    :       0.00       0.00          0          0          0
  rounding         :       0.37       0.00         50          0          0
  shiftandpropagate:       4.20       0.00          1          0          0
  shifting         :       4.08       0.00         21          0          0
  simplerounding   :       0.01       0.00          0          0          0
  subnlp           :       0.00       0.00          0          0          0
  trivial          :       0.71       0.00          2          0          0
  trivialnegation  :       0.00       0.00          0          0          0
  trustregion      :       0.00       0.00          0          0          0
  trysol           :       0.00       0.00          0          0          0
  twoopt           :       0.00       0.00          0          0          0
  undercover       :       0.00       0.00          0          0          0
  vbounds          :       7.14       0.00          1          0          0
  veclendiving     :       0.00       0.00          0          0          0
  zeroobj          :       0.00       0.00          0          0          0
  zirounding       :       0.32       0.00         33          0          0
  other solutions  :          -          -          -          0          -
LP                 :       Time      Calls Iterations  Iter/call   Iter/sec  Time-0-It Calls-0-It    ItLimit
  primal LP        :     194.70          7          0       0.00       0.00     194.70          7
  dual LP          :    4396.79         50     981599   19631.98     223.25       0.00          0
  lex dual LP      :       0.00          0          0       0.00          -
  barrier LP       :       0.00          0          0       0.00          -       0.00          0
  resolve instable :       0.00          0          0       0.00          -
  diving/probing LP:    2345.35         43     486985   11325.23     207.64
  strong branching :      96.03         21      18990     904.29     197.75          -          -         37
    (at root node) :          -         21      18990     904.29          -
  conflict analysis:       0.00          0          0       0.00          -
B&B Tree           :
  number of runs   :          1
  nodes            :         34 (33 internal, 1 leaves)
  feasible leaves  :          0
  infeas. leaves   :          0
  objective leaves :          0
  nodes (total)    :         34 (33 internal, 1 leaves)
  nodes left       :         34
  max depth        :         17
  max depth (total):         17
  backtracks       :          3 (8.8%)
  early backtracks :          0 (0.0%)
  nodes exc. ref.  :          0 (0.0%)
  delayed cutoffs  :          0
  repropagations   :          0 (0 domain reductions, 0 cutoffs)
  avg switch length:       1.82
  switching time   :     194.76
Root Node          :
  First LP value   : -9.09494701772928e-13
  First LP Iters   :      42266 (428.77 Iter/sec)
  First LP Time    :      98.58
  Final Dual Bound : +2.72848410531878e-12
  Final Root Iters :     392939
  Root LP Estimate : +2.32897881869576e-03
Solution           :
  Solutions found  :          0 (0 improvements)
  Primal Bound     :          -
  Dual Bound       : +2.72848410531878e-12
  Gap              :   infinite
Integrals          :      Total       Avg%
  primal-dual      :  720001.37     100.00
  primal-ref       :          -          - (not evaluated)
  dual-ref         :          -          - (not evaluated)
written solution information to file <results/final_miplib_symretope_if_extended_generating_set_cpx_v802__settings_final_nopeek_norelabel_extend_norestarts__4__seqsolve2short4288.mps.gz.sol>
@04 1686675282
