FILENAME:   /home/mcs001/s132664/testsets/IP/miplib2017/mkc1.mps.gz
SETTINGS:   settings_final_nosym_norestarts
TIMELIMIT:  7200
OUTPUTNAME: final_miplib_symretope_if_extended_generating_set_cpx_v802__settings_final_nosym_norestarts__3__
BINNAME:    bin/sbcs.linux.x86_64.gnu.opt.cpx
BASENAME:   mkc1.mps.gz
SEED:       3
@01 /home/mcs001/s132664/testsets/IP/miplib2017/mkc1.mps.gz ===========
@02 mkc1.mps.gz
@03 1686661222
SCIP version 8.0.2 [precision: 8 byte] [memory: block] [mode: optimized] [LP solver: CPLEX 20.1.0.0] [GitHash: 5f0473c]
Copyright (C) 2002-2022 Konrad-Zuse-Zentrum fuer Informationstechnik Berlin (ZIB)

Symretope propagation methods - (c) Jasper van Doornmalen, Christopher Hojny.
[GitHash: 2fd0484]

reading parameter file <../settings/settings_final_nosym_norestarts.set> ...

Changed settings:
limits/time = 7200
limits/restarts = 0
misc/usesymmetry = 0
randomization/randomseedshift = 3
constraints/orbisack/sepafreq = -1
constraints/symresack/sepafreq = -1
propagating/symmetry/detectsubgroups = FALSE
propagating/symmetry/usesymretopes = FALSE
propagating/symmetry/relabelsymretopes = 0
propagating/symmetry/ofsymcomptiming = 0
constraints/symretope/sepafreq = -1
constraints/symretope/peek = FALSE


solving problem ...

original problem has 5325 variables (3087 bin, 0 int, 0 impl, 2238 cont) and 3411 constraints
feasible solution found by trivial heuristic after 0.0 seconds, objective value 0.000000e+00
presolving:
(round 1, fast)       449 del vars, 580 del conss, 1 add conss, 18 chg bounds, 0 chg sides, 10 chg coeffs, 0 upgd conss, 0 impls, 780 clqs
(round 2, fast)       454 del vars, 580 del conss, 2 add conss, 18 chg bounds, 2 chg sides, 10 chg coeffs, 0 upgd conss, 0 impls, 780 clqs
(round 3, exhaustive) 454 del vars, 581 del conss, 2 add conss, 18 chg bounds, 3 chg sides, 10 chg coeffs, 1143 upgd conss, 0 impls, 780 clqs
(round 4, exhaustive) 454 del vars, 581 del conss, 2 add conss, 18 chg bounds, 3 chg sides, 10 chg coeffs, 2551 upgd conss, 856 impls, 780 clqs
(round 5, exhaustive) 506 del vars, 582 del conss, 2 add conss, 18 chg bounds, 4 chg sides, 10 chg coeffs, 2551 upgd conss, 2263 impls, 775 clqs
(round 6, fast)       506 del vars, 585 del conss, 3 add conss, 18 chg bounds, 4 chg sides, 10 chg coeffs, 2551 upgd conss, 2263 impls, 775 clqs
(round 7, exhaustive) 506 del vars, 586 del conss, 3 add conss, 18 chg bounds, 6 chg sides, 10 chg coeffs, 2551 upgd conss, 2263 impls, 775 clqs
   (0.2s) probing: 51/2582 (2.0%) - 0 fixings, 0 aggregations, 0 implications, 0 bound changes
   (0.2s) probing aborted: 50/50 successive totally useless probings
presolving (8 rounds: 8 fast, 5 medium, 5 exhaustive):
 506 deleted vars, 586 deleted constraints, 3 added constraints, 18 tightened bounds, 0 added holes, 6 changed sides, 10 changed coefficients
 2263 implications, 775 cliques
presolved problem has 4819 variables (2582 bin, 0 int, 0 impl, 2237 cont) and 2828 constraints
   2261 constraints of type <varbound>
     24 constraints of type <knapsack>
    264 constraints of type <setppc>
    279 constraints of type <linear>
Presolving Time: 0.17
transformed 1/1 original solutions to the transformed problem space

 time | node  | left  |LP iter|LP it/n|mem/heur|mdpt |vars |cons |rows |cuts |sepa|confs|strbr|  dualbound   | primalbound  |  gap   | compl. 
p 0.2s|     1 |     0 |    89 |     - |   locks|   0 |4819 |2828 |2828 |   0 |  0 |   0 |   0 |-6.034183e+04 |-3.422400e+02 |  Large | unknown
  0.3s|     1 |     0 |   461 |     - |    33M |   0 |4819 |2828 |2828 |   0 |  0 |   0 |   0 |-6.118500e+02 |-3.422400e+02 |  78.78%| unknown
  0.3s|     1 |     0 |   476 |     - |    34M |   0 |4819 |2828 |2837 |   9 |  1 |   0 |   0 |-6.118500e+02 |-3.422400e+02 |  78.78%| unknown
  0.3s|     1 |     0 |   480 |     - |    34M |   0 |4819 |2828 |2840 |  12 |  2 |   0 |   0 |-6.118500e+02 |-3.422400e+02 |  78.78%| unknown
  0.4s|     1 |     0 |   498 |     - |    35M |   0 |4819 |2828 |2848 |  20 |  3 |   0 |   0 |-6.118500e+02 |-3.422400e+02 |  78.78%| unknown
  0.4s|     1 |     0 |   509 |     - |    35M |   0 |4819 |2828 |2851 |  23 |  4 |   0 |   0 |-6.118500e+02 |-3.422400e+02 |  78.78%| unknown
  0.5s|     1 |     0 |   536 |     - |    35M |   0 |4819 |2828 |2857 |  29 |  5 |   0 |   0 |-6.118500e+02 |-3.422400e+02 |  78.78%| unknown
  0.5s|     1 |     0 |   547 |     - |    36M |   0 |4819 |2828 |2861 |  33 |  6 |   0 |   0 |-6.118500e+02 |-3.422400e+02 |  78.78%| unknown
  0.5s|     1 |     0 |   576 |     - |    36M |   0 |4819 |2828 |2866 |  38 |  7 |   0 |   0 |-6.118500e+02 |-3.422400e+02 |  78.78%| unknown
  0.6s|     1 |     0 |   590 |     - |    38M |   0 |4819 |2828 |2873 |  45 |  8 |   0 |   0 |-6.118500e+02 |-3.422400e+02 |  78.78%| unknown
  0.6s|     1 |     0 |   620 |     - |    38M |   0 |4819 |2828 |2876 |  48 |  9 |   0 |   0 |-6.114527e+02 |-3.422400e+02 |  78.66%| unknown
  0.6s|     1 |     0 |   629 |     - |    39M |   0 |4819 |2828 |2878 |  50 | 10 |   0 |   0 |-6.114527e+02 |-3.422400e+02 |  78.66%| unknown
  0.7s|     1 |     0 |   638 |     - |    39M |   0 |4819 |2828 |2880 |  52 | 11 |   0 |   0 |-6.101814e+02 |-3.422400e+02 |  78.29%| unknown
  0.7s|     1 |     0 |   642 |     - |    39M |   0 |4819 |2828 |2882 |  54 | 12 |   0 |   0 |-6.101814e+02 |-3.422400e+02 |  78.29%| unknown
  0.7s|     1 |     0 |   665 |     - |    39M |   0 |4819 |2828 |2884 |  56 | 13 |   0 |   0 |-6.101792e+02 |-3.422400e+02 |  78.29%| unknown
 time | node  | left  |LP iter|LP it/n|mem/heur|mdpt |vars |cons |rows |cuts |sepa|confs|strbr|  dualbound   | primalbound  |  gap   | compl. 
  0.8s|     1 |     0 |   669 |     - |    40M |   0 |4819 |2828 |2886 |  58 | 14 |   0 |   0 |-6.101792e+02 |-3.422400e+02 |  78.29%| unknown
  0.8s|     1 |     0 |   719 |     - |    40M |   0 |4819 |2828 |2891 |  63 | 15 |   0 |   0 |-6.101792e+02 |-3.422400e+02 |  78.29%| unknown
  0.9s|     1 |     0 |   739 |     - |    41M |   0 |4819 |2828 |2891 |  69 | 16 |   0 |   0 |-6.101792e+02 |-3.422400e+02 |  78.29%| unknown
  0.9s|     1 |     0 |   756 |     - |    41M |   0 |4819 |2828 |2896 |  74 | 17 |   0 |   0 |-6.101151e+02 |-3.422400e+02 |  78.27%| unknown
  0.9s|     1 |     0 |   775 |     - |    41M |   0 |4819 |2828 |2901 |  79 | 18 |   0 |   0 |-6.101151e+02 |-3.422400e+02 |  78.27%| unknown
  1.0s|     1 |     0 |   790 |     - |    41M |   0 |4819 |2828 |2905 |  83 | 19 |   0 |   0 |-6.101093e+02 |-3.422400e+02 |  78.27%| unknown
  1.0s|     1 |     0 |   795 |     - |    42M |   0 |4819 |2828 |2908 |  86 | 20 |   0 |   0 |-6.101090e+02 |-3.422400e+02 |  78.27%| unknown
  1.0s|     1 |     0 |   798 |     - |    42M |   0 |4819 |2828 |2910 |  88 | 21 |   0 |   0 |-6.101081e+02 |-3.422400e+02 |  78.27%| unknown
  1.1s|     1 |     0 |   800 |     - |    42M |   0 |4819 |2828 |2902 |  89 | 22 |   0 |   0 |-6.101081e+02 |-3.422400e+02 |  78.27%| unknown
  1.1s|     1 |     0 |   810 |     - |    42M |   0 |4819 |2828 |2904 |  91 | 23 |   0 |   0 |-6.101081e+02 |-3.422400e+02 |  78.27%| unknown
  1.1s|     1 |     0 |   812 |     - |    42M |   0 |4819 |2828 |2905 |  92 | 24 |   0 |   0 |-6.101081e+02 |-3.422400e+02 |  78.27%| unknown
  1.2s|     1 |     0 |   815 |     - |    42M |   0 |4819 |2828 |2907 |  94 | 25 |   0 |   0 |-6.100036e+02 |-3.422400e+02 |  78.24%| unknown
  1.2s|     1 |     0 |   836 |     - |    42M |   0 |4819 |2828 |2909 |  96 | 26 |   0 |   0 |-6.100036e+02 |-3.422400e+02 |  78.24%| unknown
  1.3s|     1 |     0 |   847 |     - |    42M |   0 |4819 |2828 |2914 | 101 | 27 |   0 |   0 |-6.100036e+02 |-3.422400e+02 |  78.24%| unknown
  1.3s|     1 |     0 |   862 |     - |    42M |   0 |4819 |2828 |2903 | 104 | 28 |   0 |   0 |-6.100036e+02 |-3.422400e+02 |  78.24%| unknown
 time | node  | left  |LP iter|LP it/n|mem/heur|mdpt |vars |cons |rows |cuts |sepa|confs|strbr|  dualbound   | primalbound  |  gap   | compl. 
  1.3s|     1 |     0 |   867 |     - |    42M |   0 |4819 |2828 |2907 | 108 | 29 |   0 |   0 |-6.100036e+02 |-3.422400e+02 |  78.24%| unknown
  1.4s|     1 |     0 |   873 |     - |    42M |   0 |4819 |2828 |2910 | 111 | 30 |   0 |   0 |-6.100036e+02 |-3.422400e+02 |  78.24%| unknown
  1.4s|     1 |     0 |   876 |     - |    42M |   0 |4819 |2828 |2913 | 114 | 31 |   0 |   0 |-6.100036e+02 |-3.422400e+02 |  78.24%| unknown
  1.5s|     1 |     0 |   891 |     - |    42M |   0 |4819 |2828 |2916 | 117 | 32 |   0 |   0 |-6.100036e+02 |-3.422400e+02 |  78.24%| unknown
  1.5s|     1 |     0 |   899 |     - |    42M |   0 |4819 |2828 |2921 | 122 | 33 |   0 |   0 |-6.100036e+02 |-3.422400e+02 |  78.24%| unknown
  1.6s|     1 |     0 |   906 |     - |    42M |   0 |4819 |2828 |2915 | 125 | 34 |   0 |   0 |-6.100036e+02 |-3.422400e+02 |  78.24%| unknown
  1.6s|     1 |     0 |   914 |     - |    42M |   0 |4819 |2828 |2919 | 129 | 35 |   0 |   0 |-6.100036e+02 |-3.422400e+02 |  78.24%| unknown
r 1.6s|     1 |     0 |  1122 |     - |intshift|   0 |4819 |2828 |2919 | 129 | 35 |   0 |   0 |-6.100036e+02 |-4.580400e+02 |  33.18%| unknown
d 1.7s|     1 |     0 |  1231 |     - |farkasdi|   0 |4819 |2828 |2919 |   0 | 35 |   0 |   0 |-6.100036e+02 |-6.057180e+02 |   0.71%| unknown
L 1.8s|     1 |     0 |  1415 |     - |    rens|   0 |4819 |2828 |2919 | 129 | 35 |   0 |   0 |-6.100036e+02 |-6.062180e+02 |   0.62%| unknown
  1.9s|     1 |     0 |  1415 |     - |    44M |   0 |4819 |2829 |2920 | 129 | 35 |   0 |   0 |-6.100036e+02 |-6.062180e+02 |   0.62%| unknown
  1.9s|     1 |     0 |  1415 |     - |    44M |   0 |4819 |2829 |2916 | 129 | 35 |   0 |   0 |-6.100036e+02 |-6.062180e+02 |   0.62%| unknown
  2.0s|     1 |     0 |  1424 |     - |    44M |   0 |4819 |2825 |2919 | 132 | 36 |   0 |   0 |-6.100036e+02 |-6.062180e+02 |   0.62%| unknown
  2.0s|     1 |     0 |  1433 |     - |    44M |   0 |4819 |2825 |2924 | 137 | 37 |   0 |   0 |-6.100036e+02 |-6.062180e+02 |   0.62%| unknown
  2.0s|     1 |     0 |  1433 |     - |    47M |   0 |4819 |2829 |2928 | 137 | 37 |   0 |   0 |-6.100036e+02 |-6.062180e+02 |   0.62%| unknown
 time | node  | left  |LP iter|LP it/n|mem/heur|mdpt |vars |cons |rows |cuts |sepa|confs|strbr|  dualbound   | primalbound  |  gap   | compl. 
  2.1s|     1 |     0 |  1443 |     - |    47M |   0 |4819 |2829 |2931 | 140 | 38 |   0 |   0 |-6.100036e+02 |-6.062180e+02 |   0.62%| unknown
  2.1s|     1 |     0 |  1454 |     - |    47M |   0 |4819 |2829 |2934 | 143 | 39 |   0 |   0 |-6.100036e+02 |-6.062180e+02 |   0.62%| unknown
  2.2s|     1 |     2 |  1454 |     - |    47M |   0 |4819 |2829 |2934 | 143 | 39 |   0 |  20 |-6.090401e+02 |-6.062180e+02 |   0.47%| unknown
  3.6s|   100 |    51 |  3593 |  27.6 |    53M |  18 |4819 |2886 |2894 | 193 |  1 |  57 |  20 |-6.086454e+02 |-6.062180e+02 |   0.40%|  23.67%
L 3.9s|   114 |    51 |  3623 |  24.4 |    alns|  22 |4819 |2886 |2894 | 193 |  1 |  57 |  20 |-6.086454e+02 |-6.062423e+02 |   0.40%|  23.67%
  4.7s|   200 |    70 |  4703 |  19.3 |    58M |  24 |4819 |2907 |   0 | 217 |  0 |  78 |  20 |-6.086454e+02 |-6.062423e+02 |   0.40%|  36.26%
  5.1s|   300 |    76 |  5026 |  13.9 |    58M |  45 |4819 |2916 |2895 | 221 |  1 |  87 |  20 |-6.072100e+02 |-6.062423e+02 |   0.16%|  40.37%
L 5.2s|   314 |    44 |  5108 |  13.6 |    rins|  45 |4819 |2915 |2900 | 226 |  1 |  87 |  20 |-6.072100e+02 |-6.067100e+02 |   0.08%|  52.48%
* 5.3s|   321 |    42 |  5186 |  13.5 |    LP  |  51 |4819 |2915 |2901 | 228 |  1 |  87 |  20 |-6.072100e+02 |-6.069100e+02 |   0.05%|  52.61%
  5.7s|   400 |    47 |  5683 |  12.1 |    58M |  56 |4819 |2908 |2899 | 232 |  0 |  89 |  20 |-6.072100e+02 |-6.069100e+02 |   0.05%|  53.19%
  6.2s|   500 |    48 |  6383 |  11.1 |    58M |  56 |4819 |2913 |2901 | 248 |  1 |  95 |  20 |-6.072100e+02 |-6.069100e+02 |   0.05%|  54.16%
L 6.9s|   566 |    35 |  6906 |  10.7 |    rins|  56 |4819 |2913 |2902 | 257 |  1 |  95 |  20 |-6.072100e+02 |-6.070500e+02 |   0.03%|  55.09%
  7.1s|   600 |    35 |  7192 |  10.6 |    59M |  56 |4819 |2911 |2904 | 266 |  2 |  95 |  20 |-6.072100e+02 |-6.070500e+02 |   0.03%|  56.38%
* 7.4s|   630 |    37 |  7680 |  10.8 |    LP  |  56 |4819 |2911 |2901 | 281 |  1 |  95 |  20 |-6.072100e+02 |-6.070810e+02 |   0.02%|  57.88%
  7.8s|   700 |    38 |  8775 |  11.3 |    59M |  56 |4819 |2921 |2901 | 317 |  0 | 107 |  20 |-6.072100e+02 |-6.070810e+02 |   0.02%|  60.56%
 time | node  | left  |LP iter|LP it/n|mem/heur|mdpt |vars |cons |rows |cuts |sepa|confs|strbr|  dualbound   | primalbound  |  gap   | compl. 
  8.7s|   800 |    46 |  9550 |  10.9 |    59M |  56 |4819 |2926 |2906 | 330 |  0 | 113 |  20 |-6.072100e+02 |-6.070810e+02 |   0.02%|  60.57%
* 9.2s|   886 |    46 |  9740 |  10.0 |    LP  |  56 |4819 |2932 |2905 | 336 |  1 | 121 |  20 |-6.072100e+02 |-6.071070e+02 |   0.02%|  61.49%
  9.2s|   900 |    44 |  9921 |  10.1 |    60M |  56 |4819 |2932 |2904 | 336 |  0 | 121 |  20 |-6.072100e+02 |-6.071070e+02 |   0.02%|  62.05%
  9.9s|  1000 |    55 | 11326 |  10.5 |    60M |  56 |4819 |2957 |2907 | 364 |  0 | 149 |  20 |-6.072100e+02 |-6.071070e+02 |   0.02%|  62.15%
*10.2s|  1042 |    50 | 11857 |  10.6 |    LP  |  56 |4819 |2957 |2908 | 383 |  2 | 149 |  20 |-6.072100e+02 |-6.071100e+02 |   0.02%|  62.15%
 10.4s|  1100 |    50 | 12314 |  10.4 |    62M |  56 |4819 |2955 |2907 | 392 |  0 | 149 |  20 |-6.072100e+02 |-6.071100e+02 |   0.02%|  62.77%
*10.8s|  1182 |    51 | 12753 |  10.1 |    LP  |  56 |4819 |2960 |2906 | 398 |  1 | 158 |  20 |-6.072100e+02 |-6.071410e+02 |   0.01%|  63.38%
 10.9s|  1200 |    51 | 12844 |  10.0 |    62M |  56 |4819 |2960 |   0 | 398 |  0 | 158 |  20 |-6.072100e+02 |-6.071410e+02 |   0.01%|  64.21%
 11.2s|  1300 |    51 | 13418 |   9.7 |    62M |  56 |4819 |2963 |2906 | 405 |  0 | 166 |  20 |-6.072100e+02 |-6.071410e+02 |   0.01%|  65.36%
*11.4s|  1331 |    43 | 13667 |   9.6 |    LP  |  56 |4819 |2961 |2907 | 415 |  1 | 166 |  20 |-6.072100e+02 |-6.071670e+02 |   0.01%|  65.74%
 11.8s|  1400 |    44 | 14193 |   9.5 |    62M |  56 |4819 |2953 |2913 | 435 |  1 | 169 |  20 |-6.072100e+02 |-6.071670e+02 |   0.01%|  65.88%
 12.3s|  1500 |    68 | 14710 |   9.2 |    63M |  84 |4819 |2953 |2925 | 449 |  1 | 169 |  20 |-6.072100e+02 |-6.071670e+02 |   0.01%|  65.88%
 12.6s|  1600 |    66 | 14968 |   8.8 |    63M |  86 |4819 |2952 |   0 | 452 |  0 | 169 |  20 |-6.072100e+02 |-6.071670e+02 |   0.01%|  65.88%
 13.0s|  1700 |    70 | 15436 |   8.6 |    64M |  86 |4819 |2949 |2903 | 468 |  1 | 169 |  20 |-6.072100e+02 |-6.071670e+02 |   0.01%|  65.98%
 13.4s|  1800 |    78 | 15985 |   8.4 |    64M |  86 |4819 |2956 |2922 | 472 |  1 | 178 |  20 |-6.072100e+02 |-6.071670e+02 |   0.01%|  66.68%
 time | node  | left  |LP iter|LP it/n|mem/heur|mdpt |vars |cons |rows |cuts |sepa|confs|strbr|  dualbound   | primalbound  |  gap   | compl. 
 13.8s|  1900 |    90 | 16687 |   8.3 |    64M |  86 |4819 |2955 |   0 | 483 |  0 | 178 |  20 |-6.072100e+02 |-6.071670e+02 |   0.01%|  67.39%
 14.5s|  2000 |   100 | 17817 |   8.5 |    64M |  86 |4819 |2961 |2927 | 498 |  0 | 187 |  20 |-6.072100e+02 |-6.071670e+02 |   0.01%|  67.58%
 14.9s|  2100 |   104 | 18743 |   8.5 |    64M |  86 |4819 |2972 |2927 | 498 |  1 | 200 |  20 |-6.072100e+02 |-6.071670e+02 |   0.01%|  69.00%
 15.2s|  2200 |   102 | 19676 |   8.6 |    64M |  91 |4819 |2967 |2927 | 498 |  1 | 200 |  20 |-6.072100e+02 |-6.071670e+02 |   0.01%|  76.83%
 15.6s|  2300 |   100 | 20693 |   8.6 |    64M |  97 |4819 |2963 |2927 | 498 |  0 | 200 |  20 |-6.072100e+02 |-6.071670e+02 |   0.01%|  76.85%
 16.4s|  2400 |   103 | 21864 |   8.8 |    65M | 100 |4819 |2970 |2911 | 524 |  1 | 208 |  20 |-6.072100e+02 |-6.071670e+02 |   0.01%|  77.73%
 16.9s|  2500 |   111 | 22951 |   8.8 |    65M | 100 |4819 |2978 |2919 | 561 |  2 | 216 |  20 |-6.072100e+02 |-6.071670e+02 |   0.01%|  77.73%
*16.9s|  2507 |    43 | 23015 |   8.8 |    LP  | 100 |4819 |2978 |2916 | 565 |  1 | 216 |  20 |-6.072100e+02 |-6.072070e+02 |   0.00%|  77.73%
 17.4s|  2600 |    48 | 24116 |   8.9 |    65M | 100 |4819 |2982 |2929 | 592 |  0 | 220 |  20 |-6.072100e+02 |-6.072070e+02 |   0.00%|  77.73%
 18.2s|  2700 |    48 | 25449 |   9.1 |    67M | 100 |4819 |2981 |2913 | 628 |  0 | 220 |  20 |-6.072100e+02 |-6.072070e+02 |   0.00%|  78.16%
 18.8s|  2800 |    52 | 26269 |   9.1 |    68M | 100 |4819 |2982 |2935 | 684 |  0 | 224 |  20 |-6.072100e+02 |-6.072070e+02 |   0.00%|  78.59%
 19.4s|  2900 |    47 | 27410 |   9.2 |    69M | 100 |4819 |2980 |2913 | 716 |  0 | 224 |  20 |-6.072100e+02 |-6.072070e+02 |   0.00%|  79.16%
 19.9s|  3000 |    49 | 28460 |   9.2 |    69M | 100 |4819 |2980 |2917 | 737 |  2 | 224 |  20 |-6.072100e+02 |-6.072070e+02 |   0.00%|  79.58%
 20.4s|  3100 |    47 | 29785 |   9.3 |    69M | 100 |4819 |2980 |2904 | 763 |  1 | 224 |  20 |-6.072100e+02 |-6.072070e+02 |   0.00%|  79.59%
 21.0s|  3200 |    49 | 31128 |   9.5 |    69M | 100 |4819 |2982 |2908 | 782 |  0 | 226 |  20 |-6.072100e+02 |-6.072070e+02 |   0.00%|  79.59%
 time | node  | left  |LP iter|LP it/n|mem/heur|mdpt |vars |cons |rows |cuts |sepa|confs|strbr|  dualbound   | primalbound  |  gap   | compl. 
 21.4s|  3300 |    51 | 32122 |   9.5 |    69M | 100 |4819 |2984 |2906 | 793 |  1 | 229 |  20 |-6.072100e+02 |-6.072070e+02 |   0.00%|  80.87%
 21.8s|  3400 |    47 | 33035 |   9.5 |    69M | 100 |4819 |2983 |2912 | 820 |  1 | 229 |  20 |-6.072100e+02 |-6.072070e+02 |   0.00%|  80.88%
 22.4s|  3500 |    43 | 34115 |   9.5 |    69M | 100 |4819 |2992 |2912 | 853 |  0 | 239 |  20 |-6.072100e+02 |-6.072070e+02 |   0.00%|  81.37%
 23.0s|  3600 |    43 | 35292 |   9.6 |    70M | 100 |4819 |2991 |2915 | 891 |  0 | 241 |  20 |-6.072100e+02 |-6.072070e+02 |   0.00%|  81.80%
 26.0s|  3700 |    47 | 36319 |   9.6 |    70M | 100 |4819 |2997 |2905 | 912 |  1 | 247 |  20 |-6.072100e+02 |-6.072070e+02 |   0.00%|  81.85%
 26.4s|  3800 |    49 | 37134 |   9.5 |    71M | 100 |4819 |2997 |2929 | 943 |  1 | 247 |  20 |-6.072100e+02 |-6.072070e+02 |   0.00%|  82.28%
 27.0s|  3900 |    46 | 38677 |   9.7 |    71M | 100 |4819 |3007 |2944 | 979 |  1 | 260 |  20 |-6.072100e+02 |-6.072070e+02 |   0.00%|  82.28%
 27.8s|  4000 |    46 | 40234 |   9.8 |    75M | 100 |4819 |3027 |2929 |1031 |  1 | 280 |  20 |-6.072100e+02 |-6.072070e+02 |   0.00%|  82.28%
 28.4s|  4100 |    47 | 41424 |   9.9 |    75M | 100 |4819 |3042 |2942 |1053 |  1 | 296 |  20 |-6.072100e+02 |-6.072070e+02 |   0.00%|  82.28%
 28.9s|  4200 |    48 | 43041 |  10.0 |    75M | 100 |4819 |3062 |2935 |1085 |  1 | 317 |  20 |-6.072100e+02 |-6.072070e+02 |   0.00%|  82.28%
 29.5s|  4300 |    41 | 44318 |  10.1 |    75M | 100 |4819 |3084 |2930 |1109 |  0 | 339 |  20 |-6.072100e+02 |-6.072070e+02 |   0.00%|  83.59%
 30.0s|  4400 |    33 | 45414 |  10.1 |    75M | 100 |4819 |3087 |2946 |1132 |  0 | 346 |  20 |-6.072100e+02 |-6.072070e+02 |   0.00%|  84.87%
 30.7s|  4500 |    29 | 46638 |  10.2 |    76M | 100 |4819 |3091 |2901 |1169 |  1 | 352 |  20 |-6.072100e+02 |-6.072070e+02 |   0.00%|  85.91%
 31.2s|  4600 |    29 | 47355 |  10.1 |    76M | 100 |4819 |3095 |2903 |1190 |  0 | 359 |  20 |-6.072100e+02 |-6.072070e+02 |   0.00%|  86.00%
 31.7s|  4700 |    32 | 48117 |  10.1 |    76M | 100 |4819 |3112 |2906 |1217 |  1 | 378 |  20 |-6.072100e+02 |-6.072070e+02 |   0.00%|  86.06%
 time | node  | left  |LP iter|LP it/n|mem/heur|mdpt |vars |cons |rows |cuts |sepa|confs|strbr|  dualbound   | primalbound  |  gap   | compl. 
 32.3s|  4800 |    32 | 48961 |  10.0 |    77M | 100 |4819 |3121 |2903 |1246 |  1 | 398 |  20 |-6.072100e+02 |-6.072070e+02 |   0.00%|  86.13%
 32.7s|  4900 |    30 | 49732 |  10.0 |    77M | 100 |4819 |3144 |2908 |1255 |  0 | 421 |  20 |-6.072100e+02 |-6.072070e+02 |   0.00%|  87.12%
 33.3s|  5000 |    32 | 50567 |   9.9 |    78M | 100 |4819 |3160 |2903 |1287 |  1 | 437 |  20 |-6.072100e+02 |-6.072070e+02 |   0.00%|  87.65%
 33.7s|  5100 |    30 | 51132 |   9.9 |    78M | 100 |4819 |3170 |2908 |1305 |  0 | 450 |  20 |-6.072100e+02 |-6.072070e+02 |   0.00%|  88.09%
 34.3s|  5200 |    30 | 52051 |   9.8 |    78M | 100 |4819 |3190 |2895 |1358 |  1 | 475 |  20 |-6.072100e+02 |-6.072070e+02 |   0.00%|  88.73%
 34.9s|  5300 |    30 | 52838 |   9.8 |    78M | 100 |4819 |3185 |2906 |1409 |  1 | 478 |  20 |-6.072100e+02 |-6.072070e+02 |   0.00%|  88.85%
 35.3s|  5400 |    34 | 53727 |   9.8 |    78M | 100 |4819 |3192 |   0 |1431 |  0 | 488 |  20 |-6.072100e+02 |-6.072070e+02 |   0.00%|  88.87%
 35.8s|  5500 |    40 | 54396 |   9.7 |    78M | 100 |4819 |3201 |2910 |1448 |  1 | 499 |  20 |-6.072100e+02 |-6.072070e+02 |   0.00%|  89.29%
 36.4s|  5600 |    22 | 55525 |   9.8 |    78M | 100 |4819 |3204 |2909 |1485 |  1 | 513 |  20 |-6.072100e+02 |-6.072070e+02 |   0.00%|  90.84%
 37.1s|  5700 |    17 | 56412 |   9.7 |    78M | 100 |4819 |3209 |   0 |1535 |  0 | 524 |  20 |-6.072100e+02 |-6.072070e+02 |   0.00%|  92.50%
 37.6s|  5800 |    21 | 57288 |   9.7 |    78M | 100 |4819 |3208 |2910 |1548 |  1 | 524 |  20 |-6.072100e+02 |-6.072070e+02 |   0.00%|  92.51%
 38.3s|  5900 |    15 | 59031 |   9.9 |    79M | 100 |4819 |3212 |2909 |1575 |  1 | 537 |  20 |-6.072100e+02 |-6.072070e+02 |   0.00%|  94.25%
 38.7s|  6000 |    16 | 59742 |   9.8 |    79M | 100 |4819 |3211 |2912 |1591 |  1 | 544 |  20 |-6.072100e+02 |-6.072070e+02 |   0.00%|  95.69%

SCIP Status        : problem is solved [optimal solution found]
Solving Time (sec) : 39.06
Solving Nodes      : 6074
Primal Bound       : -6.07207000000000e+02 (36 solutions)
Dual Bound         : -6.07207000000000e+02
Gap                : 0.00 %
SCIP Status        : problem is solved [optimal solution found]
Total Time         :      39.08
  solving          :      39.06
  presolving       :       0.17 (included in solving)
  reading          :       0.02
  copying          :       0.40 (28 #copies) (minimal 0.01, maximal 0.02, average 0.01)
Original Problem   :
  Problem name     : mkc1
  Variables        : 5325 (3087 binary, 0 integer, 0 implicit integer, 2238 continuous)
  Constraints      : 3411 initial, 3411 maximal
  Objective        : minimize, 2946 non-zeros (abs.min = 3.744, abs.max = 40)
Presolved Problem  :
  Problem name     : t_mkc1
  Variables        : 4819 (2582 binary, 0 integer, 0 implicit integer, 2237 continuous)
  Constraints      : 2828 initial, 3216 maximal
  Objective        : minimize, 2889 non-zeros (abs.min = 3.744, abs.max = 40)
  Nonzeros         : 15785 constraint, 13428 clique table
Presolvers         :   ExecTime  SetupTime  Calls  FixedVars   AggrVars   ChgTypes  ChgBounds   AddHoles    DelCons    AddCons   ChgSides   ChgCoefs
  boundshift       :       0.00       0.00      0          0          0          0          0          0          0          0          0          0
  convertinttobin  :       0.00       0.00      0          0          0          0          0          0          0          0          0          0
  domcol           :       0.06       0.00      2         52          0          0          0          0          0          0          0          0
  dualagg          :       0.00       0.00      0          0          0          0          0          0          0          0          0          0
  dualcomp         :       0.01       0.00      2          0          0          0          0          0          0          0          0          0
  dualinfer        :       0.00       0.00      0          0          0          0          0          0          0          0          0          0
  dualsparsify     :       0.00       0.00      1          0          0          0          0          0          0          0          0          0
  gateextraction   :       0.00       0.00      0          0          0          0          0          0          0          0          0          0
  implics          :       0.00       0.00      5          0          0          0          0          0          0          0          0          0
  inttobinary      :       0.00       0.00      0          0          0          0          0          0          0          0          0          0
  qpkktref         :       0.00       0.00      0          0          0          0          0          0          0          0          0          0
  redvub           :       0.00       0.00      0          0          0          0          0          0          0          0          0          0
  sparsify         :       0.01       0.00      1          0          0          0          0          0          0          0          0          0
  stuffing         :       0.00       0.00      0          0          0          0          0          0          0          0          0          0
  trivial          :       0.00       0.00      8          0          0          0          0          0          0          0          0          0
  tworowbnd        :       0.00       0.00      0          0          0          0          0          0          0          0          0          0
  dualfix          :       0.00       0.00      8          5          0          0          0          0          0          0          0          0
  genvbounds       :       0.00       0.00      0          0          0          0          0          0          0          0          0          0
  probing          :       0.01       0.00      1          0          0          0          0          0          0          0          0          0
  pseudoobj        :       0.00       0.00      3          0          0          0          0          0          0          0          0          0
  symmetry         :       0.00       0.00      0          0          0          0          0          0          0          0          0          0
  vbounds          :       0.00       0.00      1          0          0          0          0          0          0          0          0          0
  varbound         :       0.00       0.00      9          0          0          0          0          0          3          0          0          0
  knapsack         :       0.01       0.00     13          0          0          0          0          0          0          0          0          0
  setppc           :       0.00       0.00     13          0          0          0          0          0          0          0          0          0
  linear           :       0.04       0.00     13          5        444          0         18          0        583          3          6         10
  logicor          :       0.00       0.00      0          0          0          0          0          0          0          0          0          0
  bounddisjunction :       0.00       0.00      0          0          0          0          0          0          0          0          0          0
  benders          :       0.00       0.00      0          0          0          0          0          0          0          0          0          0
  components       :       0.00       0.00      1          0          0          0          0          0          0          0          0          0
  root node        :          -          -      -         41          -          -        221          -          -          -          -          -
Constraints        :     Number  MaxNumber  #Separate #Propagate    #EnfoLP    #EnfoRelax  #EnfoPS    #Check   #ResProp    Cutoffs    DomReds       Cuts    Applied      Conss   Children
  benderslp        :          0          0          0          0       3147          0          0        508          0          0          0          0          0          0          0
  integral         :          0          0          0          0       3147          0          0        508          0          0          0          0          0          0       6280
  varbound         :       2261       2261         37      15321          7          0          0        502         76          1      11792          0          0          0          0
  knapsack         :         24         24         37      15320          7          0          0        133       4202          7     171788          0          0          0          0
  setppc           :        264+       275         37      15177          7          0          0         97       3960         25      58566          0          0          0          0
  linear           :        279+       313         37      15288          7          0          0         64       3692       1030     244468         78         23          0          0
  logicor          :          0+       358          0       4613          0          0          0          0        126         53        487          0          0          0          0
  bounddisjunction :          0+        11          0        928          0          0          0          0          0          0          0          0          0          0          0
  benders          :          0          0          0          0          7          0          0         32          0          0          0          0          0          0          0
  countsols        :          0          0          0          0          7          0          0         32          0          0          0          0          0          0          0
  components       :          0          0          0          0          0          0          0          0          0          0          0          0          0          0          0
Constraint Timings :  TotalTime  SetupTime   Separate  Propagate     EnfoLP     EnfoPS     EnfoRelax   Check    ResProp    SB-Prop
  benderslp        :       0.00       0.00       0.00       0.00       0.00       0.00       0.00       0.00       0.00       0.00
  integral         :       0.79       0.00       0.00       0.00       0.79       0.00       0.00       0.00       0.00       0.00
  varbound         :       0.25       0.00       0.03       0.09       0.00       0.00       0.00       0.14       0.00       0.00
  knapsack         :       0.67       0.00       0.01       0.65       0.00       0.00       0.00       0.01       0.00       0.00
  setppc           :       0.20       0.00       0.00       0.19       0.00       0.00       0.00       0.01       0.00       0.00
  linear           :       3.76       0.00       0.03       3.70       0.00       0.00       0.00       0.01       0.01       0.00
  logicor          :       0.07       0.00       0.00       0.07       0.00       0.00       0.00       0.00       0.00       0.00
  bounddisjunction :       0.00       0.00       0.00       0.00       0.00       0.00       0.00       0.00       0.00       0.00
  benders          :       0.00       0.00       0.00       0.00       0.00       0.00       0.00       0.00       0.00       0.00
  countsols        :       0.00       0.00       0.00       0.00       0.00       0.00       0.00       0.00       0.00       0.00
  components       :       0.00       0.00       0.00       0.00       0.00       0.00       0.00       0.00       0.00       0.00
Propagators        : #Propagate   #ResProp    Cutoffs    DomReds
  dualfix          :          5          0          0          2
  genvbounds       :          0          0          0          0
  nlobbt           :          0          0          0          0
  obbt             :          0          0          0          0
  probing          :          0          0          0          0
  pseudoobj        :      15454          0          0          0
  redcost          :       7162          0          0       7107
  rootredcost      :         11          0          0        120
  symmetry         :          0          0          0          0
  vbounds          :       7709          0          0          0
Propagator Timings :  TotalTime  SetupTime   Presolve  Propagate    ResProp    SB-Prop
  dualfix          :       0.00       0.00       0.00       0.00       0.00       0.00
  genvbounds       :       0.01       0.00       0.00       0.01       0.00       0.00
  nlobbt           :       0.00       0.00       0.00       0.00       0.00       0.00
  obbt             :       0.00       0.00       0.00       0.00       0.00       0.00
  probing          :       0.01       0.00       0.01       0.00       0.00       0.00
  pseudoobj        :       0.26       0.00       0.00       0.26       0.00       0.00
  redcost          :       0.84       0.00       0.00       0.84       0.00       0.00
  rootredcost      :       0.01       0.00       0.00       0.01       0.00       0.00
  symmetry         :       0.00       0.00       0.00       0.00       0.00       0.00
  vbounds          :       0.06       0.00       0.00       0.06       0.00       0.00
Conflict Analysis  :       Time      Calls    Success    DomReds  Conflicts   Literals    Reconvs ReconvLits   Dualrays   Nonzeros   LP Iters   (pool size: [10000,10000])
  propagation      :       0.01         86         82          -        359       24.7          0        0.0          -          -          -
  infeasible LP    :       0.00          2          0          -          0        0.0          0        0.0          0        0.0          0
  bound exceed. LP :       0.29         82         77          -        378       46.0          1      110.0         77      311.1        713
  strong branching :       0.00          0          0          -          0        0.0          0        0.0          -          -          0
  pseudo solution  :       0.00          0          0          -          0        0.0          0        0.0          -          -          -
  applied globally :       0.05          -          -          0        469       30.4          -          -         75          -          -
  applied locally  :          -          -          -          0          0        0.0          -          -          2          -          -
Separators         :   ExecTime  SetupTime      Calls  RootCalls    Cutoffs    DomReds  FoundCuts ViaPoolAdd  DirectAdd    Applied ViaPoolApp  DirectApp      Conss
  cut pool         :       0.60          -        879         75          -          -       5329      10970          -          -          -          -          -    (maximal pool size:       1278)
  aggregation      :       2.48       0.00        217         37          0          0       2097       7758         51       1281       1258         23          0
  > cmir           :          -          -          -          -          -          -          -       6835          0       1064       1064          0          -
  > flowcover      :          -          -          -          -          -          -          -        513         39        142        122         20          -
  > knapsackcover  :          -          -          -          -          -          -          -        410         12         75         72          3          -
  cgmip            :       0.00       0.00          0          0          0          0          0          0          0          0          0          0          0
  clique           :       0.01       0.00         37         37          0          0         24         79          0         33         33          0          0
  closecuts        :       0.00       0.00          0          0          0          0          0          0          0          0          0          0          0
  convexproj       :       0.00       0.00          0          0          0          0          0          0          0          0          0          0          0
  disjunctive      :       0.00       0.00          0          0          0          0          0          0          0          0          0          0          0
  eccuts           :       0.00       0.00          0          0          0          0          0          0          0          0          0          0          0
  gauge            :       0.00       0.00          0          0          0          0          0          0          0          0          0          0          0
  gomory           :       0.83       0.00        190         10          0          0       3394       2986        163        212        205          7          0
  > gomorymi       :          -          -          -          -          -          -          -       2468        163        159        152          7          -
  > strongcg       :          -          -          -          -          -          -          -        518          0         53         53          0          -
  impliedbounds    :       0.04       0.00        217         37          0          0         11         33          0         25         25          0          0
  interminor       :       0.00       0.00          0          0          0          0          0          0          0          0          0          0          0
  intobj           :       0.00       0.00          0          0          0          0          0          0          0          0          0          0          0
  mcf              :       0.00       0.00          1          1          0          0          0          0          0          0          0          0          0
  minor            :       0.00       0.00          0          0          0          0          0          0          0          0          0          0          0
  mixing           :       0.04       0.00        217         37          0          0          0          0          0          0          0          0          0
  oddcycle         :       0.00       0.00          0          0          0          0          0          0          0          0          0          0          0
  rapidlearning    :       0.00       0.00          0          0          0          0          0          0          0          0          0          0          0
  rlt              :       0.00       0.00         10         10          0          0          0          0          0          0          0          0          0
  zerohalf         :       0.34       0.00        200         20          0          0         41        114         24         33         22         11          0
Cutselectors       :   ExecTime  SetupTime      Calls  RootCalls   Selected     Forced   Filtered  RootSelec   RootForc   RootFilt 
  hybrid           :       0.02       0.00        559         39       1607          0       9679        143          0        470
Pricers            :   ExecTime  SetupTime      Calls       Vars
  problem variables:       0.00          -          0          0
Branching Rules    :   ExecTime  SetupTime   BranchLP  BranchExt   BranchPS    Cutoffs    DomReds       Cuts      Conss   Children
  allfullstrong    :       0.00       0.00          0          0          0          0          0          0          0          0
  cloud            :       0.00       0.00          0          0          0          0          0          0          0          0
  distribution     :       0.00       0.00          0          0          0          0          0          0          0          0
  fullstrong       :       0.00       0.00          0          0          0          0          0          0          0          0
  inference        :       0.00       0.00          0          0          0          0          0          0          0          0
  leastinf         :       0.00       0.00          0          0          0          0          0          0          0          0
  lookahead        :       0.00       0.00          0          0          0          0          0          0          0          0
  mostinf          :       0.00       0.00          0          0          0          0          0          0          0          0
  multaggr         :       0.00       0.00          0          0          0          0          0          0          0          0
  nodereopt        :       0.00       0.00          0          0          0          0          0          0          0          0
  pscost           :       0.00       0.00          0          0          0          0          0          0          0          0
  random           :       0.00       0.00          0          0          0          0          0          0          0          0
  relpscost        :       0.78       0.00       3140          0          0          0          0          0          0       6280
  vanillafullstrong:       0.00       0.00          0          0          0          0          0          0          0          0
Primal Heuristics  :   ExecTime  SetupTime      Calls      Found       Best
  LP solutions     :       0.01          -          -          7          7
  relax solutions  :       0.00          -          -          0          0
  pseudo solutions :       0.00          -          -          0          0
  strong branching :       0.00          -          -          0          0
  actconsdiving    :       0.00       0.00          0          0          0
  adaptivediving   :       0.09       0.00          6          0          0
  alns             :       0.58       0.00          5          1          1
  bound            :       0.00       0.00          0          0          0
  clique           :       0.01       0.00          1          0          0
  coefdiving       :       0.00       0.00          0          0          0
  completesol      :       0.00       0.00          0          0          0
  conflictdiving   :       0.04       0.00          3          0          0
  crossover        :       0.55       0.00          9          7          0
  dins             :       0.00       0.00          0          0          0
  distributiondivin:       0.46       0.00          3          0          0
  dps              :       0.00       0.00          0          0          0
  dualval          :       0.00       0.00          0          0          0
  farkasdiving     :       0.11       0.00          3          1          1
  feaspump         :       0.02       0.00          1          1          0
  fixandinfer      :       0.00       0.00          0          0          0
  fracdiving       :       0.04       0.00          3          0          0
  gins             :       0.64       0.00          4          4          0
  guideddiving     :       0.05       0.00          3          0          0
  indicator        :       0.00       0.00          0          0          0
  intdiving        :       0.00       0.00          0          0          0
  intshifting      :       0.03       0.00         14          1          1
  linesearchdiving :       0.06       0.00          3          0          0
  localbranching   :       0.00       0.00          0          0          0
  locks            :       0.02       0.00          1          1          1
  lpface           :       2.50       0.00          1          0          0
  mpec             :       0.00       0.00          0          0          0
  multistart       :       0.00       0.00          0          0          0
  mutation         :       0.00       0.00          0          0          0
  nlpdiving        :       0.00       0.00          0          0          0
  objpscostdiving  :       0.21       0.00          2          0          0
  octane           :       0.00       0.00          0          0          0
  ofins            :       0.00       0.00          0          0          0
  oneopt           :       0.02       0.00         12          0          0
  padm             :       0.00       0.00          0          0          0
  proximity        :       0.00       0.00          0          0          0
  pscostdiving     :       0.06       0.00          3          0          0
  randrounding     :       0.27       0.00        471          0          0
  rens             :       0.10       0.00          1          1          1
  reoptsols        :       0.00       0.00          0          0          0
  repair           :       0.00       0.00          0          0          0
  rins             :       0.56       0.00          9          9          2
  rootsoldiving    :       0.12       0.00          2          2          0
  rounding         :       0.17       0.00        820          0          0
  shiftandpropagate:       0.00       0.00          0          0          0
  shifting         :       1.95       0.00        390          0          0
  simplerounding   :       0.00       0.00          0          0          0
  subnlp           :       0.00       0.00          0          0          0
  trivial          :       0.01       0.00          2          1          1
  trivialnegation  :       0.00       0.00          0          0          0
  trustregion      :       0.00       0.00          0          0          0
  trysol           :       0.00       0.00          0          0          0
  twoopt           :       0.00       0.00          0          0          0
  undercover       :       0.00       0.00          0          0          0
  vbounds          :       0.00       0.00          0          0          0
  veclendiving     :       0.03       0.00          3          0          0
  zeroobj          :       0.00       0.00          0          0          0
  zirounding       :       0.15       0.00       1000          0          0
  other solutions  :          -          -          -          0          -
LP                 :       Time      Calls Iterations  Iter/call   Iter/sec  Time-0-It Calls-0-It    ItLimit
  primal LP        :       2.80        358          0       0.00       0.00       2.80        358
  dual LP          :       9.58       5867      58042      10.41    6056.19       0.16        289
  lex dual LP      :       0.00          0          0       0.00          -
  barrier LP       :       0.00          0          0       0.00          -       0.00          0
  resolve instable :       0.00          0          0       0.00          -
  diving/probing LP:       0.43        156       2289      14.67    5315.31
  strong branching :       0.08         20        535      26.75    7080.93          -          -          0
    (at root node) :          -         20        535      26.75          -
  conflict analysis:       0.10         89        713       8.01    7210.83
B&B Tree           :
  number of runs   :          1
  nodes            :       6074 (3140 internal, 2934 leaves)
  feasible leaves  :          7
  infeas. leaves   :       1060
  objective leaves :       1867
  nodes (total)    :       6074 (3140 internal, 2934 leaves)
  nodes left       :          0
  max depth        :        100
  max depth (total):        100
  backtracks       :        652 (10.7%)
  early backtracks :          0 (0.0%)
  nodes exc. ref.  :          0 (0.0%)
  delayed cutoffs  :         51
  repropagations   :        821 (5509 domain reductions, 21 cutoffs)
  avg switch length:       3.50
  switching time   :       4.40
Root Node          :
  First LP value   : -6.11850000000000e+02
  First LP Iters   :        372 (18652.23 Iter/sec)
  First LP Time    :       0.02
  Final Dual Bound : -6.09040119521912e+02
  Final Root Iters :        864
  Root LP Estimate : -6.07243154876921e+02
Solution           :
  Solutions found  :         36 (15 improvements)
  First Solution   : +0.00000000000000e+00   (in run 1, after 0 nodes, 0.01 seconds, depth 0, found by <trivial>)
  Gap First Sol.   :   infinite
  Gap Last Sol.    :       0.00 %
  Primal Bound     : -6.07207000000000e+02   (in run 1, after 2507 nodes, 16.92 seconds, depth 34, found by <relaxation>)
  Dual Bound       : -6.07207000000000e+02
  Gap              :       0.00 %
Integrals          :      Total       Avg%
  primal-dual      :      89.44       2.29
  primal-ref       :          -          - (not evaluated)
  dual-ref         :          -          - (not evaluated)
written solution information to file <results/final_miplib_symretope_if_extended_generating_set_cpx_v802__settings_final_nosym_norestarts__3__mkc1.mps.gz.sol>
@04 1686661261
