FILENAME:   /home/mcs001/s132664/testsets/IP/miplib2017/ns1208400.mps.gz
SETTINGS:   settings_final_nosym_norestarts
TIMELIMIT:  7200
OUTPUTNAME: final_miplib_symretope_if_extended_generating_set_cpx_v802__settings_final_nosym_norestarts__0__
BINNAME:    bin/sbcs.linux.x86_64.gnu.opt.cpx
BASENAME:   ns1208400.mps.gz
SEED:       0
@01 /home/mcs001/s132664/testsets/IP/miplib2017/ns1208400.mps.gz ===========
@02 ns1208400.mps.gz
@03 1686649251
SCIP version 8.0.2 [precision: 8 byte] [memory: block] [mode: optimized] [LP solver: CPLEX 20.1.0.0] [GitHash: 5f0473c]
Copyright (C) 2002-2022 Konrad-Zuse-Zentrum fuer Informationstechnik Berlin (ZIB)

Symretope propagation methods - (c) Jasper van Doornmalen, Christopher Hojny.
[GitHash: 2fd0484]

reading parameter file <../settings/settings_final_nosym_norestarts.set> ...

Changed settings:
limits/time = 7200
limits/restarts = 0
misc/usesymmetry = 0
constraints/orbisack/sepafreq = -1
constraints/symresack/sepafreq = -1
propagating/symmetry/detectsubgroups = FALSE
propagating/symmetry/usesymretopes = FALSE
propagating/symmetry/relabelsymretopes = 0
propagating/symmetry/ofsymcomptiming = 0
constraints/symretope/sepafreq = -1
constraints/symretope/peek = FALSE


solving problem ...

original problem has 2883 variables (2880 bin, 0 int, 0 impl, 3 cont) and 4289 constraints
presolving:
(round 1, fast)       3 del vars, 2307 del conss, 0 add conss, 6 chg bounds, 0 chg sides, 0 chg coeffs, 0 upgd conss, 0 impls, 564 clqs
(round 2, fast)       287 del vars, 2308 del conss, 0 add conss, 290 chg bounds, 1 chg sides, 0 chg coeffs, 0 upgd conss, 0 impls, 564 clqs
(round 3, exhaustive) 287 del vars, 2308 del conss, 0 add conss, 290 chg bounds, 1 chg sides, 0 chg coeffs, 1453 upgd conss, 0 impls, 564 clqs
   (0.2s) probing: 51/2596 (2.0%) - 0 fixings, 0 aggregations, 0 implications, 0 bound changes
   (0.2s) probing aborted: 50/50 successive totally useless probings
presolving (4 rounds: 4 fast, 2 medium, 2 exhaustive):
 287 deleted vars, 2308 deleted constraints, 0 added constraints, 290 tightened bounds, 0 added holes, 1 changed sides, 0 changed coefficients
 0 implications, 564 cliques
presolved problem has 2596 variables (2596 bin, 0 int, 0 impl, 0 cont) and 1981 constraints
    397 constraints of type <knapsack>
    564 constraints of type <setppc>
    528 constraints of type <linear>
    492 constraints of type <logicor>
transformed objective value is always integral (scale: 1)
Presolving Time: 0.17

 time | node  | left  |LP iter|LP it/n|mem/heur|mdpt |vars |cons |rows |cuts |sepa|confs|strbr|  dualbound   | primalbound  |  gap   | compl. 
  0.4s|     1 |     0 |   159 |     - |    60M |   0 |2596 |2258 |1980 |   0 |  0 | 276 |   0 | 0.000000e+00 |      --      |    Inf | unknown
  2.6s|     1 |     0 |  9816 |     - |    61M |   0 |2596 |2265 |1990 |  10 |  1 | 283 |   0 | 0.000000e+00 |      --      |    Inf | unknown
  3.3s|     1 |     0 | 13287 |     - |    62M |   0 |2596 |2270 |1993 |  13 |  2 | 288 |   0 | 0.000000e+00 |      --      |    Inf | unknown
  4.1s|     1 |     0 | 16890 |     - |    62M |   0 |2596 |2280 |2007 |  27 |  3 | 298 |   0 | 0.000000e+00 |      --      |    Inf | unknown
  4.9s|     1 |     0 | 20434 |     - |    63M |   0 |2596 |2285 |2022 |  42 |  4 | 303 |   0 | 0.000000e+00 |      --      |    Inf | unknown
  5.6s|     1 |     0 | 23364 |     - |    63M |   0 |2596 |2290 |2027 |  47 |  5 | 308 |   0 | 7.669753e-16 |      --      |    Inf | unknown
  6.4s|     1 |     0 | 26640 |     - |    64M |   0 |2596 |2294 |2034 |  54 |  6 | 312 |   0 | 7.669753e-16 |      --      |    Inf | unknown
  7.2s|     1 |     0 | 30255 |     - |    64M |   0 |2596 |2297 |2041 |  61 |  7 | 315 |   0 | 5.687722e-15 |      --      |    Inf | unknown
  8.0s|     1 |     0 | 33643 |     - |    64M |   0 |2596 |2304 |2057 |  77 |  8 | 322 |   0 | 5.687722e-15 |      --      |    Inf | unknown
  8.8s|     1 |     0 | 37231 |     - |    64M |   0 |2596 |2305 |2062 |  82 |  9 | 323 |   0 | 5.687722e-15 |      --      |    Inf | unknown
  9.5s|     1 |     0 | 40410 |     - |    65M |   0 |2596 |2311 |2067 |  87 | 10 | 329 |   0 | 1.420675e-14 |      --      |    Inf | unknown
 10.3s|     1 |     0 | 44094 |     - |    65M |   0 |2596 |2320 |2076 |  96 | 11 | 338 |   0 | 1.420675e-14 |      --      |    Inf | unknown
 12.8s|     1 |     2 | 50892 |     - |    65M |   0 |2596 |2363 |2076 |  96 | 11 | 381 |  11 | 1.420675e-14 |      --      |    Inf | unknown
 64.1s|   100 |   101 |285551 |2439.0 |    70M |  21 |2596 |2470 |2024 | 233 |  1 | 497 |  11 | 1.420675e-14 |      --      |    Inf | unknown
 99.8s|   200 |   201 |460100 |2090.5 |    72M |  38 |2596 |2572 |2050 | 335 |  1 | 601 | 102 | 1.420675e-14 |      --      |    Inf | unknown
 time | node  | left  |LP iter|LP it/n|mem/heur|mdpt |vars |cons |rows |cuts |sepa|confs|strbr|  dualbound   | primalbound  |  gap   | compl. 
  114s|   300 |   299 |536490 |1646.8 |    74M |  41 |2596 |2639 |2037 | 431 |  1 | 668 | 170 | 1.420675e-14 |      --      |    Inf | unknown
  131s|   400 |   393 |630587 |1469.9 |    75M |  41 |2596 |2810 |2055 | 535 |  1 | 846 | 187 | 1.420675e-14 |      --      |    Inf | unknown
  152s|   500 |   493 |733593 |1381.8 |    76M |  41 |2596 |2906 |2043 | 620 |  1 | 943 | 255 | 1.420675e-14 |      --      |    Inf | unknown
  173s|   600 |   589 |843094 |1333.9 |    77M |  41 |2596 |3004 |2065 | 721 |  2 |1042 | 336 | 1.420675e-14 |      --      |    Inf | unknown
  199s|   700 |   681 |955589 |1304.0 |    79M |  41 |2596 |3091 |2059 | 859 |  1 |1129 | 488 | 1.420675e-14 |      --      |    Inf | unknown
  228s|   800 |   781 |  1035k|1240.5 |    79M |  41 |2596 |3189 |2048 | 906 |  1 |1232 |1011 | 1.420675e-14 |      --      |    Inf | unknown
  258s|   900 |   881 |  1107k|1182.7 |    82M |  46 |2596 |3408 |2054 | 983 |  2 |1460 |1851 | 1.420675e-14 |      --      |    Inf | unknown
  280s|  1000 |   977 |  1177k|1134.4 |    84M |  60 |2596 |3781 |2047 |1079 |  1 |1871 |2411 | 1.420675e-14 |      --      |    Inf | unknown
  293s|  1100 |  1075 |  1218k|1068.8 |    86M |  60 |2596 |4228 |2052 |1133 |  1 |2413 |2690 | 1.420675e-14 |      --      |    Inf | unknown
  313s|  1200 |  1163 |  1320k|1064.5 |    87M |  60 |2596 |4502 |2036 |1198 |  1 |2709 |2812 | 1.420675e-14 |      --      |    Inf | unknown
  323s|  1300 |  1261 |  1362k|1014.8 |    88M |  60 |2596 |4590 |2057 |1236 |  1 |2819 |2937 | 1.420675e-14 |      --      |    Inf | unknown
  329s|  1400 |  1350 |  1388k| 961.3 |    89M |  75 |2596 |4776 |2041 |1285 |  1 |3019 |3023 | 1.420675e-14 |      --      |    Inf | unknown
  341s|  1500 |  1448 |  1445k| 935.1 |    89M |  75 |2596 |4770 |2040 |1335 |  1 |3053 |3131 | 1.420675e-14 |      --      |    Inf | unknown
* 343s|  1554 |   907 |  1452k| 906.7 |    LP  |  75 |2596 |4803 |2055 |1352 |  1 |3098 |3175 | 1.420675e-14 | 2.000000e+00 |    Inf | unknown
  363s|  1600 |   932 |  1561k| 948.9 |    90M |  75 |2596 |4805 |2036 |1438 |  1 |3137 |3175 | 1.420675e-14 | 2.000000e+00 |    Inf |   2.21%
 time | node  | left  |LP iter|LP it/n|mem/heur|mdpt |vars |cons |rows |cuts |sepa|confs|strbr|  dualbound   | primalbound  |  gap   | compl. 
  383s|  1700 |   945 |  1664k| 953.8 |    91M |  75 |2596 |4807 |2045 |1496 |  0 |3270 |3175 | 1.420675e-14 | 2.000000e+00 |    Inf |   7.85%

SCIP Status        : problem is solved [optimal solution found]
Solving Time (sec) : 387.56
Solving Nodes      : 1728
Primal Bound       : +2.00000000000000e+00 (1 solutions)
Dual Bound         : +2.00000000000000e+00
Gap                : 0.00 %
SCIP Status        : problem is solved [optimal solution found]
Total Time         :     387.61
  solving          :     387.56
  presolving       :       0.17 (included in solving)
  reading          :       0.05
  copying          :       1.53 (85 #copies) (minimal 0.01, maximal 0.02, average 0.02)
Original Problem   :
  Problem name     : ns1208400
  Variables        : 2883 (2880 binary, 0 integer, 0 implicit integer, 3 continuous)
  Constraints      : 4289 initial, 4289 maximal
  Objective        : minimize, 3 non-zeros (abs.min = 1, abs.max = 10)
Presolved Problem  :
  Problem name     : t_ns1208400
  Variables        : 2596 (2596 binary, 0 integer, 0 implicit integer, 0 continuous)
  Constraints      : 1981 initial, 4844 maximal
  Objective        : minimize, 72 non-zeros (abs.min = 1, abs.max = 1)
  Nonzeros         : 73620 constraint, 7646 clique table
Presolvers         :   ExecTime  SetupTime  Calls  FixedVars   AggrVars   ChgTypes  ChgBounds   AddHoles    DelCons    AddCons   ChgSides   ChgCoefs
  boundshift       :       0.00       0.00      0          0          0          0          0          0          0          0          0          0
  convertinttobin  :       0.00       0.00      0          0          0          0          0          0          0          0          0          0
  domcol           :       0.01       0.00      1          0          0          0          0          0          0          0          0          0
  dualagg          :       0.00       0.00      0          0          0          0          0          0          0          0          0          0
  dualcomp         :       0.00       0.00      0          0          0          0          0          0          0          0          0          0
  dualinfer        :       0.00       0.00      0          0          0          0          0          0          0          0          0          0
  dualsparsify     :       0.01       0.00      1          0          0          0          0          0          0          0          0          0
  gateextraction   :       0.00       0.00      1          0          0          0          0          0          0          0          0          0
  implics          :       0.00       0.00      2          0          0          0          0          0          0          0          0          0
  inttobinary      :       0.00       0.00      0          0          0          0          0          0          0          0          0          0
  qpkktref         :       0.00       0.00      0          0          0          0          0          0          0          0          0          0
  redvub           :       0.00       0.00      0          0          0          0          0          0          0          0          0          0
  sparsify         :       0.04       0.00      1          0          0          0          0          0          0          0          0          0
  stuffing         :       0.00       0.00      0          0          0          0          0          0          0          0          0          0
  trivial          :       0.00       0.00      4          0          0          0          0          0          0          0          0          0
  tworowbnd        :       0.00       0.00      0          0          0          0          0          0          0          0          0          0
  dualfix          :       0.00       0.00      4          0          0          0          0          0          0          0          0          0
  genvbounds       :       0.00       0.00      0          0          0          0          0          0          0          0          0          0
  probing          :       0.01       0.00      1          0          0          0          0          0          0          0          0          0
  pseudoobj        :       0.00       0.00      1          0          0          0          0          0          0          0          0          0
  symmetry         :       0.00       0.00      0          0          0          0          0          0          0          0          0          0
  vbounds          :       0.00       0.00      1          0          0          0          0          0          0          0          0          0
  knapsack         :       0.03       0.00      3          0          0          0          0          0          0          0          0          0
  setppc           :       0.00       0.00      3          0          0          0          0          0          0          0          0          0
  linear           :       0.04       0.01      6        284          3          0        290          0       2308          0          1          0
  logicor          :       0.01       0.00      3          0          0          0          0          0          0          0          0          0
  benders          :       0.00       0.00      0          0          0          0          0          0          0          0          0          0
  components       :       0.01       0.00      1          0          0          0          0          0          0          0          0          0
  root node        :          -          -      -        334          -          -        334          -          -          -          -          -
Constraints        :     Number  MaxNumber  #Separate #Propagate    #EnfoLP    #EnfoRelax  #EnfoPS    #Check   #ResProp    Cutoffs    DomReds       Cuts    Applied      Conss   Children
  benderslp        :          0          0          0          0       1830          0          0        263          0          0          0          0          0          0          0
  integral         :          0          0          0          0       1830          0          0        263          0          1        466          0          0       1342       3266
  knapsack         :        397+       435         11      28190          1          0          0        257       3175         67       7182          0          0          0          0
  setppc           :        564+       642         11      28123          1          0          0          1      22033        105      52080          0          0          0          0
  linear           :        528+       573         11      28018          1          0          0          0        548        205       1634          0          0          0          0
  logicor          :        492+      3208         11      13791          1          0          0          0        266         82        618          0          0          0          0
  benders          :          0          0          0          0          1          0          0          1          0          0          0          0          0          0          0
  countsols        :          0          0          0          0          1          0          0          1          0          0          0          0          0          0          0
  components       :          0          0          0          0          0          0          0          0          0          0          0          0          0          0          0
Constraint Timings :  TotalTime  SetupTime   Separate  Propagate     EnfoLP     EnfoPS     EnfoRelax   Check    ResProp    SB-Prop
  benderslp        :       0.00       0.00       0.00       0.00       0.00       0.00       0.00       0.00       0.00       0.00
  integral         :      73.20       0.00       0.00       0.00      73.20       0.00       0.00       0.00       0.00       0.00
  knapsack         :       0.38       0.00       0.03       0.20       0.00       0.00       0.00       0.01       0.00       0.14
  setppc           :       0.89       0.00       0.00       0.46       0.00       0.00       0.00       0.00       0.01       0.42
  linear           :       0.18       0.01       0.00       0.10       0.00       0.00       0.00       0.00       0.00       0.06
  logicor          :       0.29       0.00       0.01       0.18       0.00       0.00       0.00       0.00       0.00       0.10
  benders          :       0.00       0.00       0.00       0.00       0.00       0.00       0.00       0.00       0.00       0.00
  countsols        :       0.00       0.00       0.00       0.00       0.00       0.00       0.00       0.00       0.00       0.00
  components       :       0.00       0.00       0.00       0.00       0.00       0.00       0.00       0.00       0.00       0.00
Propagators        : #Propagate   #ResProp    Cutoffs    DomReds
  dualfix          :          1          0          0          0
  genvbounds       :          0          0          0          0
  nlobbt           :          0          0          0          0
  obbt             :          0          0          0          0
  probing          :          0          0          0          0
  pseudoobj        :       7087         20          0        407
  redcost          :        391          0          0       2804
  rootredcost      :          2          0          0          0
  symmetry         :          0          0          0          0
  vbounds          :       9759          0          0          0
Propagator Timings :  TotalTime  SetupTime   Presolve  Propagate    ResProp    SB-Prop
  dualfix          :       0.00       0.00       0.00       0.00       0.00       0.00
  genvbounds       :       0.01       0.00       0.00       0.00       0.00       0.00
  nlobbt           :       0.00       0.00       0.00       0.00       0.00       0.00
  obbt             :       0.00       0.00       0.00       0.00       0.00       0.00
  probing          :       0.01       0.00       0.01       0.00       0.00       0.00
  pseudoobj        :       0.02       0.00       0.00       0.02       0.00       0.00
  redcost          :       0.05       0.00       0.00       0.05       0.00       0.00
  rootredcost      :       0.01       0.00       0.00       0.00       0.00       0.00
  symmetry         :       0.00       0.00       0.00       0.00       0.00       0.00
  vbounds          :       0.05       0.00       0.00       0.04       0.00       0.01
Conflict Analysis  :       Time      Calls    Success    DomReds  Conflicts   Literals    Reconvs ReconvLits   Dualrays   Nonzeros   LP Iters   (pool size: [10000,10000])
  propagation      :       0.03        376        353          -       3739       56.9         32       43.8          -          -          -
  infeasible LP    :       0.10        121        117          -       1150      102.8         10       20.0        113       70.4          0
  bound exceed. LP :       0.02         15         14          -         70       31.8          1       33.0         14      186.6         30
  strong branching :       0.00          0          0          -          0        0.0          0        0.0          -          -          0
  pseudo solution  :       0.00          1          1          -          1        2.0          0        0.0          -          -          -
  applied globally :       0.04          -          -          0       3187       23.7          -          -        127          -          -
  applied locally  :          -          -          -          0          0        0.0          -          -          0          -          -
Separators         :   ExecTime  SetupTime      Calls  RootCalls    Cutoffs    DomReds  FoundCuts ViaPoolAdd  DirectAdd    Applied ViaPoolApp  DirectApp      Conss
  cut pool         :       0.19          -        598         21          -          -       2687       3270          -          -          -          -          -    (maximal pool size:        831)
  aggregation      :       0.25       0.00        154         11          0          0         10          1          3          3          1          2          0
  > cmir           :          -          -          -          -          -          -          -          0          0          0          0          0          -
  > flowcover      :          -          -          -          -          -          -          -          0          0          0          0          0          -
  > knapsackcover  :          -          -          -          -          -          -          -          1          3          3          1          2          -
  cgmip            :       0.00       0.00          0          0          0          0          0          0          0          0          0          0          0
  clique           :       0.03       0.00         11         11          0          0         62         65          0         57         57          0          0
  closecuts        :       0.00       0.00          0          0          0          0          0          0          0          0          0          0          0
  convexproj       :       0.00       0.00          0          0          0          0          0          0          0          0          0          0          0
  disjunctive      :       0.00       0.00          0          0          0          0          0          0          0          0          0          0          0
  eccuts           :       0.00       0.00          0          0          0          0          0          0          0          0          0          0          0
  gauge            :       0.00       0.00          0          0          0          0          0          0          0          0          0          0          0
  gomory           :       4.62       0.00        147         10          0          0       2469       2377        223        775        765         10          0
  > gomorymi       :          -          -          -          -          -          -          -        879        118        232        230          2          -
  > strongcg       :          -          -          -          -          -          -          -       1498        105        543        535          8          -
  impliedbounds    :       0.01       0.00        154         11          0          0         46        160          0        116        116          0          0
  interminor       :       0.00       0.00          0          0          0          0          0          0          0          0          0          0          0
  intobj           :       0.00       0.00          0          0          0          0          0          0          0          0          0          0          0
  mcf              :       0.00       0.00          1          1          0          0          0          0          0          0          0          0          0
  minor            :       0.00       0.00          0          0          0          0          0          0          0          0          0          0          0
  mixing           :       0.00       0.00          0          0          0          0          0          0          0          0          0          0          0
  oddcycle         :       0.00       0.00          0          0          0          0          0          0          0          0          0          0          0
  rapidlearning    :      10.54       0.00         81          1          0       2797          0          0          0          0          0          0         45
  rlt              :       0.00       0.00         10         10          0          0          0          0          0          0          0          0          0
  zerohalf         :       1.54       0.00        148         11          0          0        476        667        150        545        427        118          0
Cutselectors       :   ExecTime  SetupTime      Calls  RootCalls   Selected     Forced   Filtered  RootSelec   RootForc   RootFilt 
  hybrid           :       0.01       0.00        314         11       1518          0       2022         96          0         49
Pricers            :   ExecTime  SetupTime      Calls       Vars
  problem variables:       0.00          -          0          0
Branching Rules    :   ExecTime  SetupTime   BranchLP  BranchExt   BranchPS    Cutoffs    DomReds       Cuts      Conss   Children
  allfullstrong    :       0.00       0.00          0          0          0          0          0          0          0          0
  cloud            :       0.00       0.00          0          0          0          0          0          0          0          0
  distribution     :       0.00       0.00          0          0          0          0          0          0          0          0
  fullstrong       :       0.00       0.00          0          0          0          0          0          0          0          0
  inference        :       0.00       0.00          0          0          0          0          0          0          0          0
  leastinf         :       0.00       0.00          0          0          0          0          0          0          0          0
  lookahead        :       0.00       0.00          0          0          0          0          0          0          0          0
  mostinf          :       0.00       0.00          0          0          0          0          0          0          0          0
  multaggr         :       0.00       0.00          0          0          0          0          0          0          0          0
  nodereopt        :       0.00       0.00          0          0          0          0          0          0          0          0
  pscost           :       0.00       0.00          0          0          0          0          0          0          0          0
  random           :       0.00       0.00          0          0          0          0          0          0          0          0
  relpscost        :      73.20       0.00       1829          0          0          1        466          0       1367       3266
  vanillafullstrong:       0.00       0.00          0          0          0          0          0          0          0          0
Primal Heuristics  :   ExecTime  SetupTime      Calls      Found       Best
  LP solutions     :       0.00          -          -          1          1
  relax solutions  :       0.00          -          -          0          0
  pseudo solutions :       0.00          -          -          0          0
  strong branching :       0.03          -          -          0          0
  actconsdiving    :       0.00       0.00          0          0          0
  adaptivediving   :       1.92       0.00         11          0          0
  alns             :       5.97       0.00          3          0          0
  bound            :       0.00       0.00          0          0          0
  clique           :       0.03       0.00          1          0          0
  coefdiving       :       0.00       0.00          0          0          0
  completesol      :       0.00       0.00          0          0          0
  conflictdiving   :       1.74       0.00          8          0          0
  crossover        :       0.00       0.00          0          0          0
  dins             :       0.00       0.00          0          0          0
  distributiondivin:       1.86       0.00          7          0          0
  dps              :       0.00       0.00          0          0          0
  dualval          :       0.00       0.00          0          0          0
  farkasdiving     :       0.00       0.00          0          0          0
  feaspump         :       3.73       0.00          4          0          0
  fixandinfer      :       0.00       0.00          0          0          0
  fracdiving       :       1.86       0.00          8          0          0
  gins             :       0.01       0.00          0          0          0
  guideddiving     :       0.21       0.00          3          0          0
  indicator        :       0.00       0.00          0          0          0
  intdiving        :       0.00       0.00          0          0          0
  intshifting      :       0.00       0.00          0          0          0
  linesearchdiving :       0.61       0.00          7          0          0
  localbranching   :       0.00       0.00          0          0          0
  locks            :       0.01       0.00          1          0          0
  lpface           :       0.01       0.00          0          0          0
  mpec             :       0.00       0.00          0          0          0
  multistart       :       0.00       0.00          0          0          0
  mutation         :       0.00       0.00          0          0          0
  nlpdiving        :       0.00       0.00          0          0          0
  objpscostdiving  :       1.92       0.00          4          0          0
  octane           :       0.00       0.00          0          0          0
  ofins            :       0.00       0.00          0          0          0
  oneopt           :       0.00       0.00          1          0          0
  padm             :       0.00       0.00          0          0          0
  proximity        :       0.00       0.00          0          0          0
  pscostdiving     :       2.36       0.00          8          0          0
  randrounding     :       0.19       0.00        266          0          0
  rens             :       0.04       0.00          1          0          0
  reoptsols        :       0.00       0.00          0          0          0
  repair           :       0.00       0.00          0          0          0
  rins             :       0.00       0.00          0          0          0
  rootsoldiving    :       2.78       0.00          4          0          0
  rounding         :       0.31       0.00        614          0          0
  shiftandpropagate:       0.02       0.00          1          0          0
  shifting         :       0.42       0.00        283          0          0
  simplerounding   :       0.00       0.00          0          0          0
  subnlp           :       0.00       0.00          0          0          0
  trivial          :       0.00       0.00          2          0          0
  trivialnegation  :       0.00       0.00          0          0          0
  trustregion      :       0.00       0.00          0          0          0
  trysol           :       0.00       0.00          0          0          0
  twoopt           :       0.00       0.00          0          0          0
  undercover       :       0.00       0.00          0          0          0
  vbounds          :       0.03       0.00          1          0          0
  veclendiving     :       1.15       0.00          7          0          0
  zeroobj          :       0.00       0.00          0          0          0
  zirounding       :       0.12       0.00       1000          0          0
  other solutions  :          -          -          -          0          -
LP                 :       Time      Calls Iterations  Iter/call   Iter/sec  Time-0-It Calls-0-It    ItLimit
  primal LP        :      15.24        190          0       0.00       0.00      15.24        190
  dual LP          :     250.73       2339    1579313     697.88    6298.97       0.08         76
  lex dual LP      :       0.00          0          0       0.00          -
  barrier LP       :       0.00          0          0       0.00          -       0.00          0
  resolve instable :       0.00          0          0       0.00          -
  diving/probing LP:      19.40        421     108794     258.42    5607.00
  strong branching :      66.27       3175     630405     198.55    9512.61          -          -        165
    (at root node) :          -         11       5701     518.27          -
  conflict analysis:       0.01          3         30      10.00          -
B&B Tree           :
  number of runs   :          1
  nodes            :       1728 (1633 internal, 95 leaves)
  feasible leaves  :          1
  infeas. leaves   :         59
  objective leaves :         35
  nodes (total)    :       1728 (1633 internal, 95 leaves)
  nodes left       :          0
  max depth        :         75
  max depth (total):         75
  backtracks       :        131 (7.6%)
  early backtracks :          0 (0.0%)
  nodes exc. ref.  :          0 (0.0%)
  delayed cutoffs  :        946
  repropagations   :       1183 (3983 domain reductions, 19 cutoffs)
  avg switch length:       4.42
  switching time   :      15.80
Root Node          :
  First LP value   : +0.00000000000000e+00
  First LP Iters   :        159 (2478.41 Iter/sec)
  First LP Time    :       0.06
  Final Dual Bound : +2.00000000000000e+00
  Final Root Iters :      44094
  Root LP Estimate : +2.60464802673734e-01
Solution           :
  Solutions found  :          1 (1 improvements)
  First Solution   : +2.00000000000000e+00   (in run 1, after 1554 nodes, 343.04 seconds, depth 62, found by <relaxation>)
  Gap First Sol.   :   infinite
  Gap Last Sol.    :   infinite
  Primal Bound     : +2.00000000000000e+00   (in run 1, after 1554 nodes, 343.04 seconds, depth 62, found by <relaxation>)
  Dual Bound       : +2.00000000000000e+00
  Gap              :       0.00 %
Integrals          :      Total       Avg%
  primal-dual      :   38755.37     100.00
  primal-ref       :          -          - (not evaluated)
  dual-ref         :          -          - (not evaluated)
written solution information to file <results/final_miplib_symretope_if_extended_generating_set_cpx_v802__settings_final_nosym_norestarts__0__ns1208400.mps.gz.sol>
@04 1686649639
