FILENAME:   /home/mcs001/s132664/testsets/IP/miplib2017/wachplan.mps.gz
SETTINGS:   settings_final_nopeek_norelabel_extend_norestarts
TIMELIMIT:  7200
OUTPUTNAME: final_miplib_symretope_if_extended_generating_set_cpx_v802__settings_final_nopeek_norelabel_extend_norestarts__4__
BINNAME:    bin/sbcs.linux.x86_64.gnu.opt.cpx
BASENAME:   wachplan.mps.gz
SEED:       4
@01 /home/mcs001/s132664/testsets/IP/miplib2017/wachplan.mps.gz ===========
@02 wachplan.mps.gz
@03 1686668477
SCIP version 8.0.2 [precision: 8 byte] [memory: block] [mode: optimized] [LP solver: CPLEX 20.1.0.0] [GitHash: 5f0473c]
Copyright (C) 2002-2022 Konrad-Zuse-Zentrum fuer Informationstechnik Berlin (ZIB)

Symretope propagation methods - (c) Jasper van Doornmalen, Christopher Hojny.
[GitHash: 2fd0484]

reading parameter file <../settings/settings_final_nopeek_norelabel_extend_norestarts.set> ...

Changed settings:
limits/time = 7200
limits/restarts = 0
misc/usesymmetry = 1
randomization/randomseedshift = 4
constraints/orbisack/sepafreq = -1
constraints/symresack/sepafreq = -1
propagating/symmetry/addsymresacks = TRUE
propagating/symmetry/detectsubgroups = FALSE
propagating/symmetry/relabelsymretopes = 0
propagating/symmetry/extendgenerators = TRUE
propagating/symmetry/ofsymcomptiming = 0
constraints/symretope/sepafreq = -1
constraints/symretope/peek = FALSE


solving problem ...

original problem has 3361 variables (3360 bin, 1 int, 0 impl, 0 cont) and 1553 constraints
presolving:
(round 1, fast)       1025 del vars, 789 del conss, 0 add conss, 34 chg bounds, 0 chg sides, 0 chg coeffs, 0 upgd conss, 0 impls, 418 clqs
(round 2, fast)       1295 del vars, 831 del conss, 0 add conss, 70 chg bounds, 0 chg sides, 0 chg coeffs, 0 upgd conss, 0 impls, 440 clqs
(round 3, exhaustive) 1296 del vars, 913 del conss, 0 add conss, 70 chg bounds, 56 chg sides, 0 chg coeffs, 0 upgd conss, 0 impls, 440 clqs
(round 4, exhaustive) 1296 del vars, 913 del conss, 0 add conss, 70 chg bounds, 56 chg sides, 0 chg coeffs, 606 upgd conss, 0 impls, 440 clqs
(round 5, medium)     1296 del vars, 943 del conss, 20 add conss, 70 chg bounds, 76 chg sides, 60 chg coeffs, 606 upgd conss, 0 impls, 440 clqs
   (0.5s) probing: 1000/2300 (43.5%) - 19 fixings, 0 aggregations, 93766 implications, 0 bound changes
   (1.1s) probing: 2000/2300 (87.0%) - 19 fixings, 1 aggregations, 224009 implications, 0 bound changes
   (1.3s) probing cycle finished: starting next cycle
(round 6, exhaustive) 1318 del vars, 943 del conss, 20 add conss, 70 chg bounds, 76 chg sides, 60 chg coeffs, 606 upgd conss, 4186 impls, 86605 clqs
(round 7, fast)       1318 del vars, 953 del conss, 20 add conss, 70 chg bounds, 76 chg sides, 87 chg coeffs, 606 upgd conss, 4186 impls, 86605 clqs
(round 8, exhaustive) 1318 del vars, 954 del conss, 20 add conss, 70 chg bounds, 76 chg sides, 87 chg coeffs, 606 upgd conss, 4186 impls, 86605 clqs
(round 9, exhaustive) 1320 del vars, 954 del conss, 20 add conss, 70 chg bounds, 76 chg sides, 87 chg coeffs, 606 upgd conss, 4186 impls, 86605 clqs
   (1.3s) probing: 51/2278 (2.2%) - 19 fixings, 3 aggregations, 262494 implications, 0 bound changes
   (1.3s) probing aborted: 50/50 successive totally useless probings
   (1.4s) symmetry computation started: requiring (bin +, int +, cont +), (fixed: bin -, int -, cont -)
   (1.4s) symmetry computation finished: 5 generators found (max: 1500, log10 of symmetry group size: 1.9)
(round 10, exhaustive) 1320 del vars, 954 del conss, 35 add conss, 70 chg bounds, 76 chg sides, 87 chg coeffs, 606 upgd conss, 4186 impls, 86605 clqs
presolving (11 rounds: 11 fast, 8 medium, 7 exhaustive):
 1320 deleted vars, 954 deleted constraints, 35 added constraints, 70 tightened bounds, 0 added holes, 76 changed sides, 87 changed coefficients
 4186 implications, 86605 cliques
presolved problem has 2279 variables (2278 bin, 1 int, 0 impl, 0 cont) and 634 constraints
    168 constraints of type <knapsack>
    392 constraints of type <setppc>
     34 constraints of type <linear>
     11 constraints of type <orbisack>
      4 constraints of type <symretope>
     25 constraints of type <logicor>
transformed objective value is always integral (scale: 1)
Presolving Time: 1.34

 time | node  | left  |LP iter|LP it/n|mem/heur|mdpt |vars |cons |rows |cuts |sepa|confs|strbr|  dualbound   | primalbound  |  gap   | compl. 
  1.6s|     1 |     0 |  1364 |     - |    61M |   0 |2279 | 756 | 638 |   0 |  0 | 122 |   0 |-9.000000e+00 |      --      |    Inf | unknown
  2.0s|     1 |     0 |  6743 |     - |    61M |   0 |2279 | 756 | 638 |   0 |  0 | 122 |   0 |-9.000000e+00 |      --      |    Inf | unknown
  2.2s|     1 |     0 |  6900 |     - |    62M |   0 |2279 | 758 | 642 |   4 |  1 | 124 |   0 |-9.000000e+00 |      --      |    Inf | unknown
  2.3s|     1 |     0 |  7016 |     - |    62M |   0 |2279 | 761 | 645 |   7 |  3 | 127 |   0 |-9.000000e+00 |      --      |    Inf | unknown
  2.3s|     1 |     0 |  7308 |     - |    62M |   0 |2279 | 765 | 651 |  13 |  4 | 131 |   0 |-9.000000e+00 |      --      |    Inf | unknown
  2.4s|     1 |     0 |  7708 |     - |    62M |   0 |2279 | 765 | 657 |  19 |  5 | 131 |   0 |-9.000000e+00 |      --      |    Inf | unknown
  2.5s|     1 |     0 |  7926 |     - |    62M |   0 |2279 | 767 | 665 |  27 |  6 | 133 |   0 |-9.000000e+00 |      --      |    Inf | unknown
  3.2s|     1 |     2 |  8547 |     - |    63M |   0 |2279 | 772 | 665 |  27 |  8 | 138 |  11 |-9.000000e+00 |      --      |    Inf | unknown
* 8.1s|    33 |     8 | 20472 | 397.9 |strongbr|  21 |2279 | 786 | 637 |  57 |  1 | 153 | 183 |-9.000000e+00 |-8.000000e+00 |  12.50%|  38.99%
 13.5s|   100 |    19 | 72131 | 650.4 |    69M |  21 |2279 | 824 | 628 |  92 |  1 | 191 | 184 |-9.000000e+00 |-8.000000e+00 |  12.50%|  54.74%
 18.7s|   200 |    29 |141172 | 670.5 |    74M |  21 |2279 | 896 | 639 | 276 |  1 | 264 | 184 |-9.000000e+00 |-8.000000e+00 |  12.50%|  55.64%
 23.5s|   300 |    27 |221817 | 716.0 |    75M |  21 |2279 | 920 | 635 | 306 |  0 | 289 | 184 |-9.000000e+00 |-8.000000e+00 |  12.50%|  55.74%
 27.3s|   400 |    23 |280105 | 682.6 |    75M |  21 |2279 | 964 | 635 | 378 |  1 | 334 | 184 |-9.000000e+00 |-8.000000e+00 |  12.50%|  56.22%
 31.6s|   500 |    21 |328852 | 643.5 |    76M |  21 |2279 |1017 | 637 | 408 |  0 | 387 | 184 |-9.000000e+00 |-8.000000e+00 |  12.50%|  56.39%
 35.7s|   600 |    27 |391626 | 640.9 |    76M |  21 |2279 |1044 | 636 | 485 |  2 | 418 | 184 |-9.000000e+00 |-8.000000e+00 |  12.50%|  57.55%
 time | node  | left  |LP iter|LP it/n|mem/heur|mdpt |vars |cons |rows |cuts |sepa|confs|strbr|  dualbound   | primalbound  |  gap   | compl. 
 38.9s|   700 |    21 |446355 | 627.5 |    77M |  21 |2279 |1083 | 637 | 501 |  0 | 457 | 184 |-9.000000e+00 |-8.000000e+00 |  12.50%|  57.59%
 43.3s|   800 |    31 |513017 | 632.4 |    78M |  21 |2279 |1168 | 636 | 561 |  0 | 545 | 184 |-9.000000e+00 |-8.000000e+00 |  12.50%|  58.19%
 46.8s|   900 |    34 |563362 | 618.0 |    78M |  22 |2279 |1264 | 639 | 622 |  0 | 642 | 184 |-9.000000e+00 |-8.000000e+00 |  12.50%|  58.40%
 50.4s|  1000 |    36 |620719 | 613.6 |    79M |  22 |2279 |1296 | 637 | 681 |  0 | 684 | 184 |-9.000000e+00 |-8.000000e+00 |  12.50%|  58.55%
 54.0s|  1100 |    40 |670800 | 603.3 |    79M |  25 |2279 |1343 | 639 | 711 |  0 | 731 | 184 |-9.000000e+00 |-8.000000e+00 |  12.50%|  58.63%
 56.7s|  1200 |    40 |714231 | 589.2 |    79M |  25 |2279 |1410 | 637 | 719 |  2 | 799 | 184 |-9.000000e+00 |-8.000000e+00 |  12.50%|  58.66%
 60.3s|  1300 |    46 |770177 | 586.9 |    79M |  26 |2279 |1508 | 637 | 728 |  0 | 898 | 184 |-9.000000e+00 |-8.000000e+00 |  12.50%|  58.67%
 63.8s|  1400 |    42 |820612 | 581.0 |    80M |  26 |2279 |1570 | 653 | 765 |  4 | 962 | 184 |-9.000000e+00 |-8.000000e+00 |  12.50%|  58.67%
 67.0s|  1500 |    40 |871017 | 575.9 |    80M |  26 |2279 |1665 | 641 | 774 |  3 |1059 | 184 |-9.000000e+00 |-8.000000e+00 |  12.50%|  58.70%
 69.8s|  1600 |    44 |913631 | 566.5 |    80M |  29 |2279 |1721 | 640 | 791 |  2 |1118 | 184 |-9.000000e+00 |-8.000000e+00 |  12.50%|  58.72%
 72.8s|  1700 |    42 |961308 | 561.3 |    81M |  29 |2279 |1794 | 637 | 803 |  0 |1193 | 184 |-9.000000e+00 |-8.000000e+00 |  12.50%|  58.73%
 75.5s|  1800 |    44 |  1005k| 554.8 |    81M |  29 |2279 |1832 | 637 | 808 |  2 |1240 | 184 |-9.000000e+00 |-8.000000e+00 |  12.50%|  58.73%
 78.5s|  1900 |    49 |  1049k| 548.4 |    81M |  29 |2279 |1906 | 637 | 822 |  2 |1315 | 184 |-9.000000e+00 |-8.000000e+00 |  12.50%|  58.73%
 81.5s|  2000 |    47 |  1099k| 545.9 |    81M |  29 |2279 |1921 | 635 | 834 |  0 |1336 | 184 |-9.000000e+00 |-8.000000e+00 |  12.50%|  58.76%
 84.9s|  2100 |    47 |  1154k| 546.4 |    81M |  29 |2279 |1972 | 637 | 857 |  1 |1403 | 184 |-9.000000e+00 |-8.000000e+00 |  12.50%|  58.87%
 time | node  | left  |LP iter|LP it/n|mem/heur|mdpt |vars |cons |rows |cuts |sepa|confs|strbr|  dualbound   | primalbound  |  gap   | compl. 
 89.3s|  2200 |    53 |  1224k| 553.5 |    82M |  29 |2279 |1994 | 634 | 929 |  2 |1443 | 184 |-9.000000e+00 |-8.000000e+00 |  12.50%|  59.24%
 93.3s|  2300 |    49 |  1288k| 557.2 |    83M |  29 |2279 |1996 | 637 |1016 |  1 |1455 | 184 |-9.000000e+00 |-8.000000e+00 |  12.50%|  59.81%
 96.2s|  2400 |    57 |  1334k| 552.9 |    84M |  29 |2279 |1996 | 637 |1086 |  1 |1483 | 184 |-9.000000e+00 |-8.000000e+00 |  12.50%|  59.99%
 99.0s|  2500 |    68 |  1379k| 548.8 |    84M |  29 |2279 |2038 | 639 |1116 |  0 |1560 | 184 |-9.000000e+00 |-8.000000e+00 |  12.50%|  60.02%
  103s|  2600 |    68 |  1425k| 545.4 |    85M |  29 |2279 |2070 | 637 |1129 |  0 |1616 | 184 |-9.000000e+00 |-8.000000e+00 |  12.50%|  60.05%
  106s|  2700 |    64 |  1474k| 543.5 |    85M |  29 |2279 |2121 | 636 |1137 |  1 |1709 | 184 |-9.000000e+00 |-8.000000e+00 |  12.50%|  60.11%
  109s|  2800 |    48 |  1529k| 543.8 |    85M |  29 |2279 |2133 | 639 |1144 |  0 |1759 | 184 |-9.000000e+00 |-8.000000e+00 |  12.50%|  60.23%
  112s|  2900 |    52 |  1576k| 541.2 |    85M |  29 |2279 |2152 | 644 |1150 |  3 |1800 | 184 |-9.000000e+00 |-8.000000e+00 |  12.50%|  60.25%
Restart triggered after 50 consecutive estimations that the remaining tree will be large
  116s|  3000 |    56 |  1629k| 540.9 |    85M |  29 |2279 |2157 | 634 |1230 |  2 |1852 | 184 |-9.000000e+00 |-8.000000e+00 |  12.50%|  62.67%
  119s|  3100 |    58 |  1675k| 538.2 |    86M |  29 |2279 |2179 | 634 |1231 |  1 |1889 | 184 |-9.000000e+00 |-8.000000e+00 |  12.50%|  62.70%
  121s|  3200 |    52 |  1719k| 535.1 |    86M |  29 |2279 |2192 | 641 |1239 |  1 |1921 | 184 |-9.000000e+00 |-8.000000e+00 |  12.50%|  62.75%
  124s|  3300 |    52 |  1776k| 536.1 |    86M |  29 |2279 |2188 | 635 |1280 |  2 |1958 | 184 |-9.000000e+00 |-8.000000e+00 |  12.50%|  63.14%
  127s|  3400 |    50 |  1823k| 534.2 |    86M |  29 |2279 |2200 | 639 |1299 |  0 |1995 | 184 |-9.000000e+00 |-8.000000e+00 |  12.50%|  63.29%
  131s|  3500 |    52 |  1881k| 535.6 |    86M |  29 |2279 |2246 | 645 |1391 |  2 |2099 | 184 |-9.000000e+00 |-8.000000e+00 |  12.50%|  70.94%
  134s|  3600 |    50 |  1938k| 536.4 |    86M |  29 |2279 |2240 | 636 |1481 |  1 |2135 | 184 |-9.000000e+00 |-8.000000e+00 |  12.50%|  71.34%
 time | node  | left  |LP iter|LP it/n|mem/heur|mdpt |vars |cons |rows |cuts |sepa|confs|strbr|  dualbound   | primalbound  |  gap   | compl. 
  137s|  3700 |    48 |  1989k| 535.8 |    86M |  29 |2279 |2273 | 638 |1499 |  2 |2203 | 184 |-9.000000e+00 |-8.000000e+00 |  12.50%|  71.38%
  140s|  3800 |    51 |  2036k| 534.1 |    86M |  29 |2279 |2291 | 636 |1535 |  3 |2269 | 184 |-9.000000e+00 |-8.000000e+00 |  12.50%|  71.45%
  144s|  3900 |    42 |  2100k| 536.7 |    86M |  29 |2279 |2283 | 633 |1594 |  0 |2320 | 184 |-9.000000e+00 |-8.000000e+00 |  12.50%|  74.83%
  149s|  4000 |    53 |  2172k| 541.4 |    87M |  29 |2279 |2263 | 636 |1719 |  0 |2373 | 184 |-9.000000e+00 |-8.000000e+00 |  12.50%|  75.16%
  152s|  4100 |    50 |  2231k| 542.4 |    87M |  29 |2279 |2293 | 638 |1725 |  0 |2453 | 184 |-9.000000e+00 |-8.000000e+00 |  12.50%|  75.19%
  156s|  4200 |    44 |  2282k| 541.7 |    87M |  29 |2279 |2354 | 636 |1751 |  0 |2558 | 184 |-9.000000e+00 |-8.000000e+00 |  12.50%|  78.13%
  160s|  4300 |    54 |  2345k| 543.8 |    88M |  29 |2279 |2360 | 644 |1797 |  1 |2598 | 184 |-9.000000e+00 |-8.000000e+00 |  12.50%|  78.31%
  163s|  4400 |    56 |  2404k| 544.8 |    88M |  29 |2279 |2379 | 642 |1834 |  0 |2642 | 184 |-9.000000e+00 |-8.000000e+00 |  12.50%|  78.42%
  167s|  4500 |    60 |  2459k| 545.0 |    88M |  29 |2279 |2413 | 633 |1853 |  2 |2691 | 184 |-9.000000e+00 |-8.000000e+00 |  12.50%|  78.44%
  170s|  4600 |    95 |  2510k| 544.1 |    88M |  29 |2279 |2442 | 644 |1918 |  2 |2769 | 184 |-9.000000e+00 |-8.000000e+00 |  12.50%|  78.49%
  172s|  4700 |    77 |  2552k| 541.5 |    89M |  29 |2279 |2505 | 644 |1929 |  2 |2861 | 189 |-9.000000e+00 |-8.000000e+00 |  12.50%|  78.52%
  175s|  4800 |    83 |  2597k| 539.6 |    89M |  29 |2279 |2415 | 643 |1998 |  0 |2902 | 189 |-9.000000e+00 |-8.000000e+00 |  12.50%|  78.54%
  178s|  4900 |    80 |  2644k| 538.3 |    89M |  29 |2279 |2398 | 645 |1998 |  2 |2917 | 189 |-9.000000e+00 |-8.000000e+00 |  12.50%|  78.60%
  180s|  5000 |    83 |  2679k| 534.5 |    89M |  29 |2279 |2448 | 643 |2019 |  0 |2998 | 189 |-9.000000e+00 |-8.000000e+00 |  12.50%|  78.62%
  182s|  5100 |    81 |  2722k| 532.5 |    89M |  29 |2279 |2496 | 644 |2030 |  1 |3073 | 194 |-9.000000e+00 |-8.000000e+00 |  12.50%|  78.64%
 time | node  | left  |LP iter|LP it/n|mem/heur|mdpt |vars |cons |rows |cuts |sepa|confs|strbr|  dualbound   | primalbound  |  gap   | compl. 
  185s|  5200 |    75 |  2768k| 531.0 |    89M |  29 |2279 |2487 | 643 |2046 |  0 |3121 | 194 |-9.000000e+00 |-8.000000e+00 |  12.50%|  78.66%
  188s|  5300 |    69 |  2819k| 530.6 |    89M |  29 |2279 |2456 | 648 |2046 |  0 |3141 | 194 |-9.000000e+00 |-8.000000e+00 |  12.50%|  78.77%
  191s|  5400 |    67 |  2867k| 529.6 |    89M |  29 |2279 |2444 | 644 |2076 |  0 |3181 | 194 |-9.000000e+00 |-8.000000e+00 |  12.50%|  78.88%
  194s|  5500 |    71 |  2924k| 530.4 |    89M |  29 |2279 |2424 | 639 |2088 |  2 |3227 | 194 |-9.000000e+00 |-8.000000e+00 |  12.50%|  78.95%
  197s|  5600 |    66 |  2970k| 529.1 |    89M |  29 |2279 |2433 | 644 |2088 |  2 |3268 | 194 |-9.000000e+00 |-8.000000e+00 |  12.50%|  78.96%
  200s|  5700 |    52 |  3021k| 528.9 |    90M |  29 |2279 |2411 | 640 |2090 |  1 |3315 | 201 |-9.000000e+00 |-8.000000e+00 |  12.50%|  78.99%
  203s|  5800 |    53 |  3071k| 528.3 |    91M |  29 |2279 |2401 | 647 |2123 |  2 |3368 | 206 |-9.000000e+00 |-8.000000e+00 |  12.50%|  79.01%
  206s|  5900 |    44 |  3128k| 529.0 |    91M |  29 |2279 |2400 | 639 |2123 |  0 |3391 | 206 |-9.000000e+00 |-8.000000e+00 |  12.50%|  79.05%
  209s|  6000 |    66 |  3178k| 528.6 |    91M |  29 |2279 |2321 | 644 |2150 |  1 |3458 | 206 |-9.000000e+00 |-8.000000e+00 |  12.50%|  80.21%
  212s|  6100 |    78 |  3220k| 526.8 |    91M |  29 |2279 |2289 | 642 |2167 |  1 |3486 | 206 |-9.000000e+00 |-8.000000e+00 |  12.50%|  80.22%
  214s|  6200 |    80 |  3263k| 525.2 |    92M |  29 |2279 |2325 | 643 |2173 |  1 |3588 | 210 |-9.000000e+00 |-8.000000e+00 |  12.50%|  80.24%
  218s|  6300 |    84 |  3321k| 526.1 |    92M |  29 |2279 |2376 | 639 |2230 |  1 |3687 | 210 |-9.000000e+00 |-8.000000e+00 |  12.50%|  80.28%
  220s|  6400 |    95 |  3369k| 525.4 |    92M |  29 |2279 |2402 | 645 |2230 |  1 |3759 | 210 |-9.000000e+00 |-8.000000e+00 |  12.50%|  80.30%
  223s|  6500 |   109 |  3419k| 525.0 |    92M |  29 |2279 |2436 | 639 |2234 |  0 |3820 | 210 |-9.000000e+00 |-8.000000e+00 |  12.50%|  80.31%
  226s|  6600 |   109 |  3465k| 523.9 |    92M |  29 |2279 |2500 | 642 |2264 |  0 |3907 | 210 |-9.000000e+00 |-8.000000e+00 |  12.50%|  80.31%
 time | node  | left  |LP iter|LP it/n|mem/heur|mdpt |vars |cons |rows |cuts |sepa|confs|strbr|  dualbound   | primalbound  |  gap   | compl. 
  228s|  6700 |   107 |  3504k| 522.0 |    92M |  29 |2279 |2544 | 641 |2283 |  0 |3995 | 210 |-9.000000e+00 |-8.000000e+00 |  12.50%|  80.32%
  230s|  6800 |   109 |  3536k| 519.0 |    92M |  29 |2279 |2499 | 642 |2317 |  1 |4130 | 210 |-9.000000e+00 |-8.000000e+00 |  12.50%|  80.32%
  232s|  6900 |   107 |  3574k| 517.0 |    92M |  30 |2279 |2495 | 639 |2330 |  2 |4187 | 210 |-9.000000e+00 |-8.000000e+00 |  12.50%|  80.32%
  235s|  7000 |   103 |  3627k| 517.2 |    92M |  30 |2279 |2418 | 643 |2355 |  1 |4226 | 210 |-9.000000e+00 |-8.000000e+00 |  12.50%|  80.34%
  237s|  7100 |   115 |  3667k| 515.5 |    92M |  30 |2279 |2409 | 643 |2363 |  1 |4305 | 210 |-9.000000e+00 |-8.000000e+00 |  12.50%|  80.34%
  240s|  7200 |   108 |  3709k| 514.2 |    92M |  30 |2279 |2474 | 643 |2364 |  0 |4407 | 210 |-9.000000e+00 |-8.000000e+00 |  12.50%|  80.35%
  242s|  7300 |   111 |  3752k| 513.1 |    92M |  30 |2279 |2468 |   0 |2391 |  0 |4446 | 210 |-9.000000e+00 |-8.000000e+00 |  12.50%|  80.37%
  245s|  7400 |   111 |  3796k| 512.0 |    93M |  30 |2279 |2490 | 641 |2406 |  1 |4521 | 215 |-9.000000e+00 |-8.000000e+00 |  12.50%|  80.39%
  247s|  7500 |   102 |  3838k| 510.9 |    93M |  30 |2279 |2461 | 639 |2415 |  0 |4583 | 215 |-9.000000e+00 |-8.000000e+00 |  12.50%|  80.40%
  250s|  7600 |   114 |  3893k| 511.3 |    93M |  30 |2279 |2385 | 641 |2426 |  2 |4633 | 215 |-9.000000e+00 |-8.000000e+00 |  12.50%|  80.42%
  253s|  7700 |   104 |  3943k| 511.3 |    93M |  30 |2279 |2258 | 647 |2453 |  2 |4671 | 215 |-9.000000e+00 |-8.000000e+00 |  12.50%|  80.44%
  256s|  7800 |   117 |  3988k| 510.4 |    93M |  30 |2279 |2337 | 651 |2502 |  0 |4808 | 215 |-9.000000e+00 |-8.000000e+00 |  12.50%|  80.51%
  259s|  7900 |   115 |  4028k| 509.0 |    93M |  30 |2279 |2372 | 646 |2534 |  0 |4861 | 215 |-9.000000e+00 |-8.000000e+00 |  12.50%|  80.54%
  261s|  8000 |   113 |  4071k| 508.0 |    93M |  30 |2279 |2349 | 643 |2556 |  2 |4882 | 215 |-9.000000e+00 |-8.000000e+00 |  12.50%|  80.56%
  265s|  8100 |    97 |  4119k| 507.7 |    93M |  30 |2279 |2374 | 643 |2561 |  2 |4975 | 215 |-9.000000e+00 |-8.000000e+00 |  12.50%|  80.61%
 time | node  | left  |LP iter|LP it/n|mem/heur|mdpt |vars |cons |rows |cuts |sepa|confs|strbr|  dualbound   | primalbound  |  gap   | compl. 
  268s|  8200 |   111 |  4170k| 507.7 |    93M |  30 |2279 |2289 | 643 |2581 |  0 |5029 | 215 |-9.000000e+00 |-8.000000e+00 |  12.50%|  80.63%
  270s|  8300 |   113 |  4209k| 506.4 |    93M |  30 |2279 |2298 | 648 |2590 |  2 |5085 | 215 |-9.000000e+00 |-8.000000e+00 |  12.50%|  80.63%
  273s|  8400 |   122 |  4255k| 505.8 |    93M |  30 |2279 |2378 | 643 |2591 |  0 |5220 | 215 |-9.000000e+00 |-8.000000e+00 |  12.50%|  80.63%
  276s|  8500 |   139 |  4297k| 504.7 |    93M |  30 |2279 |2406 | 643 |2608 |  0 |5331 | 215 |-9.000000e+00 |-8.000000e+00 |  12.50%|  80.64%
  279s|  8600 |   137 |  4344k| 504.3 |    93M |  30 |2279 |2393 | 644 |2611 |  0 |5403 | 218 |-9.000000e+00 |-8.000000e+00 |  12.50%|  80.65%
  281s|  8700 |   133 |  4394k| 504.3 |    93M |  30 |2279 |2390 | 647 |2625 |  2 |5451 | 218 |-9.000000e+00 |-8.000000e+00 |  12.50%|  80.65%
  284s|  8800 |   133 |  4442k| 504.0 |    94M |  30 |2279 |2403 | 649 |2641 |  2 |5495 | 218 |-9.000000e+00 |-8.000000e+00 |  12.50%|  80.66%
  287s|  8900 |   126 |  4493k| 504.1 |    94M |  30 |2279 |1687 | 649 |2666 |  0 |5551 | 218 |-9.000000e+00 |-8.000000e+00 |  12.50%|  80.66%
  290s|  9000 |   116 |  4539k| 503.6 |    94M |  30 |2279 |1631 | 648 |2670 |  2 |5599 | 218 |-9.000000e+00 |-8.000000e+00 |  12.50%|  80.67%
  292s|  9100 |   120 |  4586k| 503.2 |    94M |  30 |2279 |1632 | 648 |2684 |  0 |5627 | 218 |-9.000000e+00 |-8.000000e+00 |  12.50%|  80.67%
  295s|  9200 |   120 |  4633k| 502.9 |    94M |  30 |2279 |1635 | 650 |2703 |  0 |5650 | 218 |-9.000000e+00 |-8.000000e+00 |  12.50%|  80.67%
  298s|  9300 |   115 |  4683k| 502.8 |    94M |  30 |2279 |1669 | 643 |2710 |  0 |5700 | 218 |-9.000000e+00 |-8.000000e+00 |  12.50%|  80.68%
  300s|  9400 |   102 |  4731k| 502.5 |    94M |  30 |2279 |1617 | 640 |2726 |  0 |5785 | 218 |-9.000000e+00 |-8.000000e+00 |  12.50%|  80.68%
  303s|  9500 |   104 |  4774k| 501.8 |    94M |  30 |2279 |1572 | 640 |2749 |  2 |5825 | 218 |-9.000000e+00 |-8.000000e+00 |  12.50%|  80.70%
  305s|  9600 |    97 |  4814k| 500.7 |    94M |  30 |2279 |1620 | 641 |2759 |  1 |5890 | 218 |-9.000000e+00 |-8.000000e+00 |  12.50%|  80.72%
 time | node  | left  |LP iter|LP it/n|mem/heur|mdpt |vars |cons |rows |cuts |sepa|confs|strbr|  dualbound   | primalbound  |  gap   | compl. 
  308s|  9700 |    98 |  4853k| 499.7 |    94M |  30 |2279 |1638 | 641 |2772 |  0 |6015 | 218 |-9.000000e+00 |-8.000000e+00 |  12.50%|  80.72%
  311s|  9800 |    83 |  4904k| 499.8 |    94M |  30 |2279 |1414 | 640 |2854 |  0 |6073 | 218 |-9.000000e+00 |-8.000000e+00 |  12.50%|  80.80%
  314s|  9900 |   134 |  4949k| 499.3 |    94M |  30 |2279 |1460 | 646 |2891 |  0 |6204 | 218 |-9.000000e+00 |-8.000000e+00 |  12.50%|  80.82%
  316s| 10000 |   133 |  4990k| 498.4 |    94M |  30 |2279 |1445 | 642 |2892 |  0 |6258 | 218 |-9.000000e+00 |-8.000000e+00 |  12.50%|  80.83%
  318s| 10100 |   138 |  5024k| 496.8 |    94M |  30 |2279 |1477 | 639 |2905 |  0 |6344 | 218 |-9.000000e+00 |-8.000000e+00 |  12.50%|  80.85%
  320s| 10200 |   136 |  5064k| 495.8 |    94M |  30 |2279 |1498 | 646 |2906 |  0 |6431 | 218 |-9.000000e+00 |-8.000000e+00 |  12.50%|  80.88%
  323s| 10300 |   103 |  5115k| 495.9 |    94M |  30 |2279 |1428 | 646 |2906 |  0 |6470 | 218 |-9.000000e+00 |-8.000000e+00 |  12.50%|  80.94%
  326s| 10400 |    94 |  5156k| 495.1 |    94M |  30 |2279 |1467 | 645 |2927 |  1 |6564 | 223 |-9.000000e+00 |-8.000000e+00 |  12.50%|  80.98%
  329s| 10500 |   101 |  5204k| 495.0 |    94M |  30 |2279 |1525 | 645 |2957 |  0 |6659 | 223 |-9.000000e+00 |-8.000000e+00 |  12.50%|  81.00%
  331s| 10600 |    94 |  5236k| 493.3 |    94M |  30 |2279 |1542 | 647 |2962 |  0 |6738 | 223 |-9.000000e+00 |-8.000000e+00 |  12.50%|  81.01%
  333s| 10700 |    95 |  5280k| 492.8 |    94M |  30 |2279 |1550 | 649 |2985 |  2 |6855 | 223 |-9.000000e+00 |-8.000000e+00 |  12.50%|  81.05%
  335s| 10800 |    93 |  5318k| 491.8 |    94M |  30 |2279 |1564 | 639 |2987 |  0 |6918 | 223 |-9.000000e+00 |-8.000000e+00 |  12.50%|  81.08%
  338s| 10900 |    63 |  5359k| 491.1 |    94M |  30 |2279 |1472 | 650 |2989 |  0 |7034 | 232 |-9.000000e+00 |-8.000000e+00 |  12.50%|  81.11%
  342s| 11000 |    50 |  5420k| 492.1 |    94M |  30 |2279 |1365 | 640 |3101 |  0 |7107 | 232 |-9.000000e+00 |-8.000000e+00 |  12.50%|  81.32%
  345s| 11100 |    86 |  5472k| 492.4 |    94M |  30 |2279 |1398 | 640 |3204 |  2 |7198 | 232 |-9.000000e+00 |-8.000000e+00 |  12.50%|  81.39%
 time | node  | left  |LP iter|LP it/n|mem/heur|mdpt |vars |cons |rows |cuts |sepa|confs|strbr|  dualbound   | primalbound  |  gap   | compl. 
  349s| 11200 |    82 |  5522k| 492.4 |    94M |  30 |2279 |1368 | 639 |3283 |  1 |7227 | 232 |-9.000000e+00 |-8.000000e+00 |  12.50%|  81.51%
  351s| 11300 |    84 |  5562k| 491.6 |    95M |  30 |2279 |1383 | 642 |3321 |  0 |7274 | 237 |-9.000000e+00 |-8.000000e+00 |  12.50%|  81.58%
  354s| 11400 |   107 |  5603k| 490.9 |    95M |  30 |2279 |1434 | 644 |3360 |  2 |7359 | 237 |-9.000000e+00 |-8.000000e+00 |  12.50%|  81.59%
  357s| 11500 |   120 |  5646k| 490.4 |    95M |  30 |2279 |1456 | 644 |3473 |  1 |7432 | 237 |-9.000000e+00 |-8.000000e+00 |  12.50%|  81.59%
  360s| 11600 |   148 |  5688k| 489.8 |    95M |  30 |2279 |1473 | 644 |3482 |  1 |7565 | 237 |-9.000000e+00 |-8.000000e+00 |  12.50%|  81.61%
  362s| 11700 |   151 |  5717k| 488.1 |    95M |  30 |2279 |1538 | 642 |3497 |  2 |7665 | 245 |-9.000000e+00 |-8.000000e+00 |  12.50%|  81.61%
  364s| 11800 |   151 |  5759k| 487.5 |    95M |  30 |2279 |1482 | 643 |3501 |  1 |7732 | 250 |-9.000000e+00 |-8.000000e+00 |  12.50%|  81.63%
  367s| 11900 |   163 |  5805k| 487.2 |    95M |  30 |2279 |1507 | 643 |3551 |  0 |7846 | 250 |-9.000000e+00 |-8.000000e+00 |  12.50%|  81.72%
  370s| 12000 |   201 |  5849k| 486.9 |    95M |  30 |2279 |1482 | 645 |3594 |  0 |7891 | 250 |-9.000000e+00 |-8.000000e+00 |  12.50%|  81.76%
  373s| 12100 |   201 |  5892k| 486.4 |    95M |  30 |2279 |1483 | 644 |3622 |  0 |7915 | 250 |-9.000000e+00 |-8.000000e+00 |  12.50%|  81.84%
  375s| 12200 |   197 |  5923k| 484.9 |    95M |  30 |2279 |1525 | 644 |3624 |  2 |7986 | 250 |-9.000000e+00 |-8.000000e+00 |  12.50%|  81.86%
  377s| 12300 |   184 |  5956k| 483.7 |    95M |  30 |2279 |1535 | 645 |3645 |  0 |8059 | 250 |-9.000000e+00 |-8.000000e+00 |  12.50%|  81.88%
  379s| 12400 |   160 |  5987k| 482.3 |    95M |  30 |2279 |1547 | 643 |3653 |  0 |8125 | 250 |-9.000000e+00 |-8.000000e+00 |  12.50%|  81.93%
  380s| 12500 |   149 |  6015k| 480.7 |    95M |  30 |2279 |1548 | 648 |3661 |  0 |8218 | 255 |-9.000000e+00 |-8.000000e+00 |  12.50%|  81.95%
  383s| 12600 |   160 |  6062k| 480.6 |    96M |  30 |2279 |1587 | 644 |3744 |  0 |8318 | 271 |-9.000000e+00 |-8.000000e+00 |  12.50%|  82.04%
 time | node  | left  |LP iter|LP it/n|mem/heur|mdpt |vars |cons |rows |cuts |sepa|confs|strbr|  dualbound   | primalbound  |  gap   | compl. 
  386s| 12700 |   153 |  6099k| 479.7 |    96M |  30 |2279 |1592 |   0 |3782 |  0 |8369 | 271 |-9.000000e+00 |-8.000000e+00 |  12.50%|  82.19%
  387s| 12800 |   150 |  6124k| 477.9 |    96M |  30 |2279 |1589 | 657 |3801 |  0 |8451 | 272 |-9.000000e+00 |-8.000000e+00 |  12.50%|  82.20%
  389s| 12900 |   141 |  6152k| 476.4 |    96M |  30 |2279 |1596 | 641 |3824 |  0 |8490 | 273 |-9.000000e+00 |-8.000000e+00 |  12.50%|  82.21%
  391s| 13000 |   130 |  6185k| 475.2 |    96M |  30 |2279 |1617 | 647 |3831 |  0 |8599 | 279 |-9.000000e+00 |-8.000000e+00 |  12.50%|  82.22%
  394s| 13100 |   146 |  6227k| 474.9 |    96M |  30 |2279 |1574 | 642 |3904 |  2 |8672 | 279 |-9.000000e+00 |-8.000000e+00 |  12.50%|  82.28%
  396s| 13200 |   151 |  6263k| 474.0 |    96M |  30 |2279 |1630 | 638 |3918 |  0 |8759 | 279 |-9.000000e+00 |-8.000000e+00 |  12.50%|  82.37%
  398s| 13300 |   163 |  6299k| 473.1 |    96M |  30 |2279 |1688 | 640 |3922 |  2 |8833 | 279 |-9.000000e+00 |-8.000000e+00 |  12.50%|  82.39%
  400s| 13400 |   159 |  6339k| 472.5 |    96M |  30 |2279 |1704 | 638 |3925 |  2 |8878 | 279 |-9.000000e+00 |-8.000000e+00 |  12.50%|  82.42%
  403s| 13500 |   163 |  6388k| 472.7 |    96M |  30 |2279 |1684 | 645 |4009 |  0 |8946 | 279 |-9.000000e+00 |-8.000000e+00 |  12.50%|  82.55%
  405s| 13600 |   173 |  6418k| 471.5 |    97M |  30 |2279 |1703 | 645 |4051 |  2 |9050 | 279 |-9.000000e+00 |-8.000000e+00 |  12.50%|  82.57%
  410s| 13700 |   174 |  6456k| 470.7 |    97M |  30 |2279 |1734 | 638 |4054 |  2 |9127 | 279 |-9.000000e+00 |-8.000000e+00 |  12.50%|  82.68%
  413s| 13800 |   187 |  6498k| 470.4 |    97M |  30 |2279 |1772 | 638 |4086 |  1 |9222 | 279 |-9.000000e+00 |-8.000000e+00 |  12.50%|  82.83%
  416s| 13900 |   175 |  6540k| 470.0 |    97M |  30 |2279 |1790 | 643 |4104 |  0 |9302 | 279 |-9.000000e+00 |-8.000000e+00 |  12.50%|  82.85%
  417s| 14000 |   187 |  6566k| 468.5 |    97M |  30 |2279 |1857 | 642 |4113 |  0 |9421 | 280 |-9.000000e+00 |-8.000000e+00 |  12.50%|  82.95%
  419s| 14100 |   167 |  6596k| 467.3 |    97M |  30 |2279 |1898 | 645 |4149 |  0 |9506 | 291 |-9.000000e+00 |-8.000000e+00 |  12.50%|  82.96%
 time | node  | left  |LP iter|LP it/n|mem/heur|mdpt |vars |cons |rows |cuts |sepa|confs|strbr|  dualbound   | primalbound  |  gap   | compl. 
  421s| 14200 |   177 |  6630k| 466.4 |    97M |  30 |2279 |1889 | 643 |4174 |  2 |9607 | 291 |-9.000000e+00 |-8.000000e+00 |  12.50%|  83.12%
  423s| 14300 |   181 |  6665k| 465.6 |    97M |  30 |2279 |1964 | 635 |4182 |  0 |9721 | 291 |-9.000000e+00 |-8.000000e+00 |  12.50%|  83.15%
  425s| 14400 |   174 |  6692k| 464.3 |    97M |  30 |2279 |2038 | 635 |4183 |  0 |9852 | 308 |-9.000000e+00 |-8.000000e+00 |  12.50%|  83.17%
  428s| 14500 |   174 |  6733k| 463.9 |    98M |  30 |2279 |2018 | 640 |4222 |  2 |9943 | 308 |-9.000000e+00 |-8.000000e+00 |  12.50%|  83.23%
  429s| 14600 |   176 |  6761k| 462.6 |    98M |  31 |2279 |2066 | 640 |4223 |  0 |  10k| 308 |-9.000000e+00 |-8.000000e+00 |  12.50%|  83.23%
  432s| 14700 |   145 |  6804k| 462.4 |    98M |  31 |2279 |1897 |   0 |4247 |  0 |  10k| 308 |-9.000000e+00 |-8.000000e+00 |  12.50%|  83.37%
  434s| 14800 |   135 |  6836k| 461.5 |    98M |  31 |2279 |1912 | 646 |4254 |  0 |  10k| 329 |-9.000000e+00 |-8.000000e+00 |  12.50%|  83.40%
  436s| 14900 |   117 |  6867k| 460.4 |    98M |  31 |2279 |1776 | 641 |4258 |  0 |  10k| 329 |-9.000000e+00 |-8.000000e+00 |  12.50%|  83.42%
  438s| 15000 |   122 |  6897k| 459.3 |    98M |  31 |2279 |1753 | 647 |4273 |  0 |  10k| 330 |-9.000000e+00 |-8.000000e+00 |  12.50%|  83.44%
  441s| 15100 |    85 |  6946k| 459.5 |    98M |  31 |2279 |1732 | 644 |4273 |  0 |  10k| 337 |-9.000000e+00 |-8.000000e+00 |  12.50%|  83.51%
  443s| 15200 |    73 |  6983k| 458.9 |    98M |  31 |2279 |1825 | 644 |4285 |  0 |  10k| 349 |-9.000000e+00 |-8.000000e+00 |  12.50%|  83.58%
  445s| 15300 |    79 |  7015k| 458.1 |    99M |  31 |2279 |1848 | 638 |4357 |  2 |  10k| 354 |-9.000000e+00 |-8.000000e+00 |  12.50%|  83.77%
  448s| 15400 |    94 |  7050k| 457.4 |    99M |  31 |2279 |1805 | 631 |4357 |  2 |  10k| 361 |-9.000000e+00 |-8.000000e+00 |  12.50%|  83.80%
  451s| 15500 |   139 |  7096k| 457.4 |    99M |  31 |2279 |1863 | 643 |4416 |  0 |  10k| 361 |-9.000000e+00 |-8.000000e+00 |  12.50%|  83.82%
  453s| 15600 |   177 |  7138k| 457.1 |    99M |  31 |2279 |1970 | 637 |4416 |  0 |  10k| 361 |-9.000000e+00 |-8.000000e+00 |  12.50%|  83.84%
 time | node  | left  |LP iter|LP it/n|mem/heur|mdpt |vars |cons |rows |cuts |sepa|confs|strbr|  dualbound   | primalbound  |  gap   | compl. 
  456s| 15700 |   189 |  7181k| 457.0 |    99M |  31 |2279 |1985 | 637 |4419 |  2 |  11k| 361 |-9.000000e+00 |-8.000000e+00 |  12.50%|  83.85%
  458s| 15800 |   197 |  7227k| 457.0 |    99M |  31 |2279 |1992 | 636 |4437 |  2 |  11k| 361 |-9.000000e+00 |-8.000000e+00 |  12.50%|  83.91%
  460s| 15900 |   200 |  7266k| 456.6 |    99M |  31 |2279 |1989 | 638 |4441 |  1 |  11k| 361 |-9.000000e+00 |-8.000000e+00 |  12.50%|  83.92%
  463s| 16000 |   202 |  7310k| 456.4 |    99M |  31 |2279 |2031 | 643 |4493 |  0 |  11k| 368 |-9.000000e+00 |-8.000000e+00 |  12.50%|  83.96%
  466s| 16100 |   193 |  7353k| 456.3 |    99M |  31 |2279 |1985 | 644 |4536 |  0 |  11k| 368 |-9.000000e+00 |-8.000000e+00 |  12.50%|  84.01%
  468s| 16200 |   175 |  7390k| 455.7 |    99M |  31 |2279 |1975 | 641 |4540 |  2 |  11k| 373 |-9.000000e+00 |-8.000000e+00 |  12.50%|  84.04%
  470s| 16300 |   179 |  7425k| 455.1 |   100M |  31 |2279 |1963 | 640 |4560 |  2 |  11k| 373 |-9.000000e+00 |-8.000000e+00 |  12.50%|  84.06%
  473s| 16400 |   191 |  7466k| 454.8 |   100M |  31 |2279 |2015 | 645 |4595 |  0 |  11k| 378 |-9.000000e+00 |-8.000000e+00 |  12.50%|  84.10%
  476s| 16500 |   197 |  7511k| 454.8 |   100M |  31 |2279 |2022 | 645 |4618 |  0 |  11k| 388 |-9.000000e+00 |-8.000000e+00 |  12.50%|  84.13%
  479s| 16600 |   181 |  7558k| 454.9 |   100M |  31 |2279 |1904 | 640 |4635 |  1 |  11k| 394 |-9.000000e+00 |-8.000000e+00 |  12.50%|  84.24%
  481s| 16700 |   182 |  7593k| 454.3 |   101M |  31 |2279 |1972 | 641 |4640 |  0 |  11k| 399 |-9.000000e+00 |-8.000000e+00 |  12.50%|  84.25%
  483s| 16800 |   182 |  7627k| 453.6 |   101M |  31 |2279 |1966 | 640 |4671 |  1 |  11k| 399 |-9.000000e+00 |-8.000000e+00 |  12.50%|  84.27%
  485s| 16900 |   211 |  7668k| 453.3 |   101M |  31 |2279 |2008 | 643 |4710 |  0 |  11k| 399 |-9.000000e+00 |-8.000000e+00 |  12.50%|  84.34%
  488s| 17000 |   204 |  7708k| 453.0 |   101M |  31 |2279 |1985 | 645 |4735 |  1 |  11k| 411 |-9.000000e+00 |-8.000000e+00 |  12.50%|  84.35%
  490s| 17100 |   214 |  7741k| 452.3 |   101M |  31 |2279 |2033 | 642 |4737 |  1 |  12k| 416 |-9.000000e+00 |-8.000000e+00 |  12.50%|  84.39%
 time | node  | left  |LP iter|LP it/n|mem/heur|mdpt |vars |cons |rows |cuts |sepa|confs|strbr|  dualbound   | primalbound  |  gap   | compl. 
  492s| 17200 |   194 |  7776k| 451.7 |   101M |  31 |2279 |1939 | 641 |4737 |  0 |  12k| 442 |-9.000000e+00 |-8.000000e+00 |  12.50%|  84.45%
  494s| 17300 |   184 |  7807k| 450.9 |   101M |  31 |2279 |1907 | 645 |4745 |  0 |  12k| 442 |-9.000000e+00 |-8.000000e+00 |  12.50%|  84.46%
  496s| 17400 |   170 |  7842k| 450.3 |   101M |  31 |2279 |1887 | 639 |4755 |  0 |  12k| 452 |-9.000000e+00 |-8.000000e+00 |  12.50%|  84.49%
  498s| 17500 |   190 |  7873k| 449.5 |   101M |  31 |2279 |1909 | 645 |4786 |  0 |  12k| 464 |-9.000000e+00 |-8.000000e+00 |  12.50%|  84.57%
  500s| 17600 |   175 |  7897k| 448.3 |   101M |  31 |2279 |1905 | 631 |4794 |  1 |  12k| 465 |-9.000000e+00 |-8.000000e+00 |  12.50%|  84.58%
  502s| 17700 |   196 |  7931k| 447.7 |   101M |  31 |2279 |1948 | 647 |4863 |  0 |  12k| 471 |-9.000000e+00 |-8.000000e+00 |  12.50%|  84.69%
  504s| 17800 |   202 |  7962k| 446.9 |   101M |  31 |2279 |1995 | 643 |4873 |  1 |  12k| 471 |-9.000000e+00 |-8.000000e+00 |  12.50%|  84.71%
  506s| 17900 |   202 |  7991k| 446.0 |   101M |  31 |2279 |2025 | 649 |4876 |  1 |  12k| 471 |-9.000000e+00 |-8.000000e+00 |  12.50%|  84.73%
  508s| 18000 |   203 |  8027k| 445.5 |   101M |  31 |2279 |2073 | 640 |4910 |  2 |  12k| 476 |-9.000000e+00 |-8.000000e+00 |  12.50%|  84.79%
  510s| 18100 |   206 |  8057k| 444.8 |   102M |  31 |2279 |2170 | 641 |4932 |  0 |  12k| 490 |-9.000000e+00 |-8.000000e+00 |  12.50%|  84.80%
  512s| 18200 |   209 |  8086k| 443.9 |   102M |  31 |2279 |2195 | 640 |4945 |  2 |  13k| 508 |-9.000000e+00 |-8.000000e+00 |  12.50%|  84.81%
  514s| 18300 |   223 |  8115k| 443.1 |   102M |  31 |2279 |2234 | 641 |4948 |  1 |  13k| 508 |-9.000000e+00 |-8.000000e+00 |  12.50%|  84.81%
  515s| 18400 |   218 |  8144k| 442.3 |   102M |  31 |2279 |2292 | 646 |4959 |  0 |  13k| 512 |-9.000000e+00 |-8.000000e+00 |  12.50%|  84.82%
  517s| 18500 |   199 |  8173k| 441.4 |   102M |  31 |2279 |2379 | 641 |4969 |  0 |  13k| 530 |-9.000000e+00 |-8.000000e+00 |  12.50%|  84.84%
  519s| 18600 |   191 |  8200k| 440.5 |   102M |  31 |2279 |2407 | 646 |4975 |  0 |  13k| 538 |-9.000000e+00 |-8.000000e+00 |  12.50%|  84.86%
 time | node  | left  |LP iter|LP it/n|mem/heur|mdpt |vars |cons |rows |cuts |sepa|confs|strbr|  dualbound   | primalbound  |  gap   | compl. 
  521s| 18700 |   189 |  8227k| 439.6 |   102M |  31 |2279 |2425 | 642 |4992 |  1 |  13k| 538 |-9.000000e+00 |-8.000000e+00 |  12.50%|  84.90%
  524s| 18800 |   181 |  8272k| 439.7 |   102M |  31 |2279 |2431 | 643 |5036 |  0 |  13k| 538 |-9.000000e+00 |-8.000000e+00 |  12.50%|  84.94%
  526s| 18900 |   179 |  8313k| 439.5 |   102M |  31 |2279 |2405 | 632 |5037 |  1 |  13k| 538 |-9.000000e+00 |-8.000000e+00 |  12.50%|  84.97%
  527s| 19000 |   195 |  8337k| 438.4 |   102M |  31 |2279 |2472 | 640 |5081 |  2 |  13k| 538 |-9.000000e+00 |-8.000000e+00 |  12.50%|  84.97%
  529s| 19100 |   197 |  8369k| 437.8 |   102M |  31 |2279 |2506 | 640 |5089 |  2 |  13k| 544 |-9.000000e+00 |-8.000000e+00 |  12.50%|  84.99%
  531s| 19200 |   197 |  8403k| 437.3 |   102M |  31 |2279 |2534 | 643 |5101 |  2 |  13k| 544 |-9.000000e+00 |-8.000000e+00 |  12.50%|  85.00%
  533s| 19300 |   201 |  8437k| 436.8 |   102M |  31 |2279 |2414 | 642 |5120 |  2 |  13k| 544 |-9.000000e+00 |-8.000000e+00 |  12.50%|  85.00%
  535s| 19400 |   198 |  8469k| 436.2 |   103M |  31 |2279 |2454 | 642 |5145 |  1 |  14k| 544 |-9.000000e+00 |-8.000000e+00 |  12.50%|  85.00%
  537s| 19500 |   193 |  8495k| 435.3 |   103M |  31 |2279 |2429 | 649 |5178 |  1 |  14k| 544 |-9.000000e+00 |-8.000000e+00 |  12.50%|  85.01%
  538s| 19600 |   203 |  8525k| 434.6 |   103M |  31 |2279 |2463 | 641 |5178 |  0 |  14k| 544 |-9.000000e+00 |-8.000000e+00 |  12.50%|  85.02%
  540s| 19700 |   206 |  8553k| 433.8 |   103M |  31 |2279 |2523 | 643 |5197 |  1 |  14k| 544 |-9.000000e+00 |-8.000000e+00 |  12.50%|  85.03%
  541s| 19800 |   205 |  8574k| 432.7 |   103M |  31 |2279 |2571 | 642 |5208 |  1 |  14k| 544 |-9.000000e+00 |-8.000000e+00 |  12.50%|  85.03%
  542s| 19900 |   203 |  8595k| 431.6 |   103M |  31 |2279 |2590 | 642 |5209 |  1 |  14k| 544 |-9.000000e+00 |-8.000000e+00 |  12.50%|  85.03%
  544s| 20000 |   220 |  8623k| 430.8 |   103M |  31 |2279 |2601 | 649 |5221 |  1 |  14k| 544 |-9.000000e+00 |-8.000000e+00 |  12.50%|  85.03%
  546s| 20100 |   211 |  8650k| 430.0 |   103M |  31 |2279 |2683 | 645 |5245 |  0 |  14k| 549 |-9.000000e+00 |-8.000000e+00 |  12.50%|  85.03%
 time | node  | left  |LP iter|LP it/n|mem/heur|mdpt |vars |cons |rows |cuts |sepa|confs|strbr|  dualbound   | primalbound  |  gap   | compl. 
  548s| 20200 |   206 |  8685k| 429.6 |   103M |  31 |2279 |2662 | 642 |5255 |  0 |  14k| 552 |-9.000000e+00 |-8.000000e+00 |  12.50%|  85.04%
  550s| 20300 |   205 |  8714k| 428.9 |   103M |  31 |2279 |2567 | 638 |5256 |  0 |  14k| 552 |-9.000000e+00 |-8.000000e+00 |  12.50%|  85.05%
  551s| 20400 |   202 |  8749k| 428.5 |   103M |  31 |2279 |2611 | 638 |5268 |  2 |  14k| 552 |-9.000000e+00 |-8.000000e+00 |  12.50%|  85.05%
  553s| 20500 |   188 |  8777k| 427.8 |   103M |  31 |2279 |2471 | 644 |5278 |  0 |  14k| 552 |-9.000000e+00 |-8.000000e+00 |  12.50%|  85.06%
  555s| 20600 |   206 |  8806k| 427.2 |   103M |  31 |2279 |2383 | 646 |5311 |  2 |  14k| 562 |-9.000000e+00 |-8.000000e+00 |  12.50%|  85.25%
  557s| 20700 |   209 |  8832k| 426.3 |   103M |  31 |2279 |2416 | 642 |5314 |  0 |  15k| 573 |-9.000000e+00 |-8.000000e+00 |  12.50%|  85.25%
  558s| 20800 |   203 |  8859k| 425.6 |   103M |  31 |2279 |2475 | 642 |5319 |  1 |  15k| 578 |-9.000000e+00 |-8.000000e+00 |  12.50%|  85.25%
  561s| 20900 |   203 |  8892k| 425.1 |   103M |  31 |2279 |2542 | 642 |5324 |  0 |  15k| 596 |-9.000000e+00 |-8.000000e+00 |  12.50%|  85.26%
  563s| 21000 |   211 |  8927k| 424.8 |   103M |  31 |2279 |2510 | 645 |5326 |  0 |  15k| 596 |-9.000000e+00 |-8.000000e+00 |  12.50%|  85.26%
  565s| 21100 |   217 |  8961k| 424.4 |   103M |  31 |2279 |2489 | 646 |5329 |  1 |  15k| 602 |-9.000000e+00 |-8.000000e+00 |  12.50%|  85.26%
  567s| 21200 |   229 |  8991k| 423.8 |   103M |  31 |2279 |2564 | 646 |5335 |  1 |  15k| 602 |-9.000000e+00 |-8.000000e+00 |  12.50%|  85.27%
  569s| 21300 |   233 |  9024k| 423.4 |   103M |  31 |2279 |2594 | 646 |5338 |  0 |  15k| 602 |-9.000000e+00 |-8.000000e+00 |  12.50%|  85.27%
  570s| 21400 |   233 |  9048k| 422.5 |   104M |  31 |2279 |2646 | 645 |5338 |  1 |  15k| 605 |-9.000000e+00 |-8.000000e+00 |  12.50%|  85.27%
  572s| 21500 |   225 |  9072k| 421.7 |   104M |  31 |2279 |2708 | 646 |5341 |  0 |  15k| 614 |-9.000000e+00 |-8.000000e+00 |  12.50%|  85.27%
  574s| 21600 |   209 |  9117k| 421.8 |   104M |  31 |2279 |2559 | 636 |5370 |  1 |  15k| 620 |-9.000000e+00 |-8.000000e+00 |  12.50%|  85.42%
 time | node  | left  |LP iter|LP it/n|mem/heur|mdpt |vars |cons |rows |cuts |sepa|confs|strbr|  dualbound   | primalbound  |  gap   | compl. 
  576s| 21700 |   216 |  9145k| 421.1 |   104M |  31 |2279 |2591 | 640 |5381 |  0 |  15k| 620 |-9.000000e+00 |-8.000000e+00 |  12.50%|  85.45%
  578s| 21800 |   236 |  9171k| 420.4 |   104M |  31 |2279 |2486 | 643 |5397 |  1 |  16k| 620 |-9.000000e+00 |-8.000000e+00 |  12.50%|  85.46%
  580s| 21900 |   228 |  9204k| 419.9 |   104M |  31 |2279 |2423 | 643 |5400 |  0 |  16k| 620 |-9.000000e+00 |-8.000000e+00 |  12.50%|  85.47%
  582s| 22000 |   223 |  9240k| 419.7 |   104M |  31 |2279 |2413 | 641 |5413 |  2 |  16k| 620 |-9.000000e+00 |-8.000000e+00 |  12.50%|  85.50%
  583s| 22100 |   231 |  9265k| 418.9 |   104M |  31 |2279 |2463 | 641 |5418 |  2 |  16k| 628 |-9.000000e+00 |-8.000000e+00 |  12.50%|  85.52%
  585s| 22200 |   227 |  9297k| 418.5 |   104M |  31 |2279 |2436 | 643 |5428 |  0 |  16k| 649 |-9.000000e+00 |-8.000000e+00 |  12.50%|  85.53%
  587s| 22300 |   213 |  9326k| 417.9 |   104M |  31 |2279 |2254 | 643 |5438 |  0 |  16k| 649 |-9.000000e+00 |-8.000000e+00 |  12.50%|  85.64%
  590s| 22400 |   202 |  9357k| 417.4 |   104M |  31 |2279 |2262 | 641 |5446 |  0 |  16k| 705 |-9.000000e+00 |-8.000000e+00 |  12.50%|  85.66%
  591s| 22500 |   206 |  9378k| 416.5 |   105M |  31 |2279 |2334 | 641 |5465 |  1 |  16k| 719 |-9.000000e+00 |-8.000000e+00 |  12.50%|  85.66%
  593s| 22600 |   182 |  9405k| 415.9 |   105M |  31 |2279 |2212 | 636 |5468 |  2 |  16k| 728 |-9.000000e+00 |-8.000000e+00 |  12.50%|  85.67%
  595s| 22700 |   180 |  9432k| 415.2 |   105M |  31 |2279 |2165 | 645 |5483 |  2 |  16k| 734 |-9.000000e+00 |-8.000000e+00 |  12.50%|  85.76%
  597s| 22800 |   176 |  9466k| 414.9 |   105M |  31 |2279 |2178 | 639 |5490 |  0 |  16k| 742 |-9.000000e+00 |-8.000000e+00 |  12.50%|  85.78%
  598s| 22900 |   176 |  9491k| 414.1 |   105M |  31 |2279 |2192 | 639 |5492 |  0 |  17k| 750 |-9.000000e+00 |-8.000000e+00 |  12.50%|  85.79%
  600s| 23000 |   182 |  9526k| 413.9 |   105M |  31 |2279 |2221 | 646 |5501 |  0 |  17k| 755 |-9.000000e+00 |-8.000000e+00 |  12.50%|  85.81%
  602s| 23100 |   176 |  9552k| 413.2 |   105M |  31 |2279 |2262 | 639 |5507 |  0 |  17k| 765 |-9.000000e+00 |-8.000000e+00 |  12.50%|  85.81%
 time | node  | left  |LP iter|LP it/n|mem/heur|mdpt |vars |cons |rows |cuts |sepa|confs|strbr|  dualbound   | primalbound  |  gap   | compl. 
  603s| 23200 |   171 |  9578k| 412.6 |   105M |  31 |2279 |2295 | 639 |5511 |  1 |  17k| 765 |-9.000000e+00 |-8.000000e+00 |  12.50%|  85.83%
  605s| 23300 |   159 |  9606k| 412.0 |   105M |  31 |2279 |2300 | 640 |5523 |  1 |  17k| 787 |-9.000000e+00 |-8.000000e+00 |  12.50%|  85.86%
  607s| 23400 |   134 |  9635k| 411.5 |   105M |  31 |2279 |2187 | 648 |5523 |  2 |  17k| 787 |-9.000000e+00 |-8.000000e+00 |  12.50%|  85.89%
  609s| 23500 |   124 |  9666k| 411.0 |   105M |  31 |2279 |2182 | 643 |5526 |  0 |  17k| 797 |-9.000000e+00 |-8.000000e+00 |  12.50%|  85.91%
  610s| 23600 |   102 |  9692k| 410.4 |   105M |  31 |2279 |2158 | 643 |5543 |  0 |  17k| 802 |-9.000000e+00 |-8.000000e+00 |  12.50%|  85.92%
  612s| 23700 |   100 |  9717k| 409.7 |   105M |  31 |2279 |2074 | 645 |5549 |  0 |  17k| 822 |-9.000000e+00 |-8.000000e+00 |  12.50%|  85.95%
  614s| 23800 |    83 |  9742k| 409.0 |   105M |  31 |2279 |2039 | 642 |5554 |  0 |  17k| 843 |-9.000000e+00 |-8.000000e+00 |  12.50%|  85.96%
  615s| 23900 |    63 |  9767k| 408.4 |   105M |  31 |2279 |1953 | 633 |5565 |  0 |  17k| 850 |-9.000000e+00 |-8.000000e+00 |  12.50%|  86.03%
  622s| 24000 |    79 |  9798k| 408.0 |   105M |  31 |2279 |2025 | 634 |5622 |  1 |  18k| 875 |-9.000000e+00 |-8.000000e+00 |  12.50%|  86.17%
  625s| 24100 |    86 |  9833k| 407.7 |   105M |  31 |2279 |2004 | 635 |5709 |  1 |  18k| 893 |-9.000000e+00 |-8.000000e+00 |  12.50%|  86.35%
  626s| 24200 |    93 |  9858k| 407.1 |   105M |  31 |2279 |1958 | 630 |5761 |  1 |  18k| 898 |-9.000000e+00 |-8.000000e+00 |  12.50%|  86.52%
  629s| 24300 |   106 |  9890k| 406.7 |   105M |  31 |2279 |1963 | 638 |5855 |  0 |  18k| 908 |-9.000000e+00 |-8.000000e+00 |  12.50%|  86.63%
  630s| 24400 |   118 |  9913k| 406.0 |   105M |  31 |2279 |1939 | 639 |5908 |  2 |  18k| 918 |-9.000000e+00 |-8.000000e+00 |  12.50%|  86.70%
  632s| 24500 |   116 |  9935k| 405.2 |   105M |  31 |2279 |1920 | 639 |5912 |  0 |  18k| 928 |-9.000000e+00 |-8.000000e+00 |  12.50%|  86.71%
  634s| 24600 |   112 |  9964k| 404.8 |   105M |  31 |2279 |1981 | 640 |5935 |  2 |  18k| 936 |-9.000000e+00 |-8.000000e+00 |  12.50%|  86.75%
 time | node  | left  |LP iter|LP it/n|mem/heur|mdpt |vars |cons |rows |cuts |sepa|confs|strbr|  dualbound   | primalbound  |  gap   | compl. 
  635s| 24700 |   102 |  9991k| 404.2 |   105M |  31 |2279 |1946 | 632 |5953 |  0 |  18k| 941 |-9.000000e+00 |-8.000000e+00 |  12.50%|  86.82%
  637s| 24800 |   103 | 10015k| 403.5 |   105M |  31 |2279 |1975 | 638 |5995 |  0 |  18k| 946 |-9.000000e+00 |-8.000000e+00 |  12.50%|  86.94%
  638s| 24900 |   108 | 10037k| 402.8 |   105M |  31 |2279 |2025 | 645 |6033 |  0 |  18k| 958 |-9.000000e+00 |-8.000000e+00 |  12.50%|  87.00%
  640s| 25000 |   121 | 10053k| 401.9 |   106M |  31 |2279 |2196 | 637 |6074 |  0 |  19k| 980 |-9.000000e+00 |-8.000000e+00 |  12.50%|  87.00%
  641s| 25100 |   110 | 10070k| 400.9 |   106M |  31 |2279 |2265 | 645 |6077 |  1 |  19k| 990 |-9.000000e+00 |-8.000000e+00 |  12.50%|  87.02%
  642s| 25200 |   108 | 10087k| 400.0 |   106M |  31 |2279 |2244 | 640 |6080 |  1 |  19k| 990 |-9.000000e+00 |-8.000000e+00 |  12.50%|  87.05%
  643s| 25300 |   104 | 10107k| 399.2 |   106M |  31 |2279 |2325 | 640 |6102 |  0 |  19k|1011 |-9.000000e+00 |-8.000000e+00 |  12.50%|  87.08%
  645s| 25400 |   114 | 10132k| 398.6 |   106M |  31 |2279 |2403 | 641 |6176 |  1 |  19k|1047 |-9.000000e+00 |-8.000000e+00 |  12.50%|  87.16%
  646s| 25500 |   119 | 10153k| 397.9 |   106M |  31 |2279 |2399 | 642 |6178 |  0 |  19k|1047 |-9.000000e+00 |-8.000000e+00 |  12.50%|  87.18%
  648s| 25600 |   115 | 10175k| 397.2 |   106M |  31 |2279 |2505 | 642 |6187 |  0 |  19k|1057 |-9.000000e+00 |-8.000000e+00 |  12.50%|  87.19%
  649s| 25700 |   115 | 10199k| 396.6 |   106M |  31 |2279 |2531 | 638 |6210 |  2 |  19k|1067 |-9.000000e+00 |-8.000000e+00 |  12.50%|  87.24%
  651s| 25800 |   108 | 10221k| 395.9 |   106M |  31 |2279 |2581 | 641 |6210 |  1 |  20k|1093 |-9.000000e+00 |-8.000000e+00 |  12.50%|  87.27%
  652s| 25900 |   106 | 10241k| 395.1 |   106M |  31 |2279 |2665 | 644 |6234 |  2 |  20k|1108 |-9.000000e+00 |-8.000000e+00 |  12.50%|  87.35%
  654s| 26000 |   116 | 10262k| 394.4 |   106M |  31 |2279 |2652 | 640 |6288 |  1 |  20k|1118 |-9.000000e+00 |-8.000000e+00 |  12.50%|  87.43%
  656s| 26100 |   117 | 10287k| 393.9 |   106M |  31 |2279 |2833 | 641 |6310 |  0 |  20k|1160 |-9.000000e+00 |-8.000000e+00 |  12.50%|  87.46%
 time | node  | left  |LP iter|LP it/n|mem/heur|mdpt |vars |cons |rows |cuts |sepa|confs|strbr|  dualbound   | primalbound  |  gap   | compl. 
  657s| 26200 |   118 | 10308k| 393.2 |   106M |  31 |2279 |2920 | 638 |6318 |  0 |  20k|1173 |-9.000000e+00 |-8.000000e+00 |  12.50%|  87.49%
  659s| 26300 |   115 | 10329k| 392.5 |   106M |  31 |2279 |3106 | 638 |6324 |  1 |  20k|1208 |-9.000000e+00 |-8.000000e+00 |  12.50%|  87.50%
  660s| 26400 |   109 | 10351k| 391.8 |   106M |  31 |2279 |3096 | 634 |6375 |  1 |  21k|1226 |-9.000000e+00 |-8.000000e+00 |  12.50%|  87.54%
  662s| 26500 |   106 | 10370k| 391.1 |   106M |  31 |2279 |3109 |   0 |6382 |  0 |  21k|1227 |-9.000000e+00 |-8.000000e+00 |  12.50%|  87.59%
  663s| 26600 |   107 | 10395k| 390.5 |   106M |  31 |2279 |3133 | 635 |6400 |  1 |  21k|1243 |-9.000000e+00 |-8.000000e+00 |  12.50%|  87.61%
  665s| 26700 |   107 | 10414k| 389.8 |   106M |  31 |2279 |3269 | 635 |6404 |  1 |  21k|1269 |-9.000000e+00 |-8.000000e+00 |  12.50%|  87.63%
  666s| 26800 |   119 | 10429k| 388.9 |   106M |  31 |2279 |3288 | 633 |6410 |  2 |  21k|1289 |-9.000000e+00 |-8.000000e+00 |  12.50%|  87.65%
  667s| 26900 |   125 | 10450k| 388.2 |   106M |  31 |2279 |3406 | 634 |6413 |  0 |  21k|1301 |-9.000000e+00 |-8.000000e+00 |  12.50%|  87.65%
  669s| 27000 |   123 | 10469k| 387.5 |   106M |  32 |2279 |3435 | 636 |6429 |  0 |  21k|1307 |-9.000000e+00 |-8.000000e+00 |  12.50%|  87.67%
  670s| 27100 |   103 | 10493k| 387.0 |   106M |  32 |2279 |3361 | 640 |6501 |  0 |  21k|1322 |-9.000000e+00 |-8.000000e+00 |  12.50%|  87.88%
  672s| 27200 |    97 | 10515k| 386.3 |   106M |  32 |2279 |3256 | 640 |6501 |  1 |  22k|1356 |-9.000000e+00 |-8.000000e+00 |  12.50%|  87.91%
  673s| 27300 |   100 | 10534k| 385.6 |   106M |  32 |2279 |3260 | 634 |6522 |  1 |  22k|1376 |-9.000000e+00 |-8.000000e+00 |  12.50%|  87.93%
  675s| 27400 |   104 | 10554k| 384.9 |   106M |  32 |2279 |3380 |   0 |6522 |  0 |  22k|1397 |-9.000000e+00 |-8.000000e+00 |  12.50%|  87.94%
  676s| 27500 |   101 | 10572k| 384.2 |   106M |  32 |2279 |3425 | 634 |6522 |  0 |  22k|1402 |-9.000000e+00 |-8.000000e+00 |  12.50%|  87.95%
  677s| 27600 |    95 | 10592k| 383.5 |   107M |  32 |2279 |3500 | 634 |6536 |  0 |  22k|1407 |-9.000000e+00 |-8.000000e+00 |  12.50%|  87.96%
 time | node  | left  |LP iter|LP it/n|mem/heur|mdpt |vars |cons |rows |cuts |sepa|confs|strbr|  dualbound   | primalbound  |  gap   | compl. 
  678s| 27700 |    92 | 10608k| 382.7 |   107M |  32 |2279 |3586 | 638 |6541 |  0 |  22k|1413 |-9.000000e+00 |-8.000000e+00 |  12.50%|  87.98%
  679s| 27800 |    87 | 10627k| 382.0 |   107M |  32 |2279 |3596 | 636 |6542 |  1 |  22k|1423 |-9.000000e+00 |-8.000000e+00 |  12.50%|  88.09%
  681s| 27900 |    87 | 10644k| 381.3 |   107M |  32 |2279 |3748 | 640 |6565 |  1 |  23k|1433 |-9.000000e+00 |-8.000000e+00 |  12.50%|  88.10%
  681s| 28000 |    89 | 10657k| 380.4 |   107M |  32 |2279 |3818 | 640 |6568 |  1 |  23k|1438 |-9.000000e+00 |-8.000000e+00 |  12.50%|  88.11%
  683s| 28100 |    92 | 10679k| 379.8 |   107M |  32 |2279 |3827 | 641 |6584 |  2 |  23k|1438 |-9.000000e+00 |-8.000000e+00 |  12.50%|  88.12%
  684s| 28200 |    82 | 10702k| 379.3 |   107M |  32 |2279 |3812 | 637 |6594 |  0 |  23k|1443 |-9.000000e+00 |-8.000000e+00 |  12.50%|  88.14%
  685s| 28300 |    87 | 10720k| 378.5 |   107M |  32 |2279 |3826 | 639 |6607 |  0 |  23k|1450 |-9.000000e+00 |-8.000000e+00 |  12.50%|  88.15%
  686s| 28400 |    81 | 10735k| 377.8 |   107M |  32 |2279 |3814 | 644 |6625 |  0 |  23k|1450 |-9.000000e+00 |-8.000000e+00 |  12.50%|  88.15%
  687s| 28500 |    77 | 10753k| 377.0 |   107M |  32 |2279 |3766 | 636 |6641 |  0 |  23k|1471 |-9.000000e+00 |-8.000000e+00 |  12.50%|  88.17%
  688s| 28600 |    73 | 10773k| 376.4 |   107M |  32 |2279 |3680 | 636 |6641 |  0 |  23k|1483 |-9.000000e+00 |-8.000000e+00 |  12.50%|  88.20%
  691s| 28700 |    78 | 10803k| 376.2 |   107M |  32 |2279 |3573 | 628 |6690 |  0 |  23k|1483 |-9.000000e+00 |-8.000000e+00 |  12.50%|  88.69%
  693s| 28800 |    84 | 10832k| 375.9 |   107M |  32 |2279 |3454 | 633 |6753 |  0 |  23k|1502 |-9.000000e+00 |-8.000000e+00 |  12.50%|  89.10%
  694s| 28900 |   102 | 10853k| 375.3 |   107M |  32 |2279 |3473 | 633 |6759 |  1 |  23k|1504 |-9.000000e+00 |-8.000000e+00 |  12.50%|  89.11%
  695s| 29000 |   101 | 10875k| 374.8 |   107M |  32 |2279 |3535 | 633 |6765 |  2 |  24k|1509 |-9.000000e+00 |-8.000000e+00 |  12.50%|  89.12%
  697s| 29100 |    96 | 10900k| 374.3 |   107M |  32 |2279 |3447 | 635 |6823 |  0 |  24k|1509 |-9.000000e+00 |-8.000000e+00 |  12.50%|  89.49%
 time | node  | left  |LP iter|LP it/n|mem/heur|mdpt |vars |cons |rows |cuts |sepa|confs|strbr|  dualbound   | primalbound  |  gap   | compl. 
  699s| 29200 |   106 | 10922k| 373.8 |   108M |  32 |2279 |3477 | 636 |6870 |  0 |  24k|1515 |-9.000000e+00 |-8.000000e+00 |  12.50%|  89.51%
  700s| 29300 |   110 | 10939k| 373.1 |   108M |  32 |2279 |3446 | 638 |6902 |  1 |  24k|1515 |-9.000000e+00 |-8.000000e+00 |  12.50%|  89.54%
  701s| 29400 |   112 | 10962k| 372.6 |   108M |  32 |2279 |3472 | 635 |6914 |  1 |  24k|1531 |-9.000000e+00 |-8.000000e+00 |  12.50%|  89.71%
  703s| 29500 |   110 | 10990k| 372.3 |   108M |  32 |2279 |3445 | 639 |6988 |  0 |  24k|1536 |-9.000000e+00 |-8.000000e+00 |  12.50%|  89.79%
  705s| 29600 |   144 | 11016k| 371.9 |   108M |  32 |2279 |3525 | 634 |7027 |  1 |  24k|1544 |-9.000000e+00 |-8.000000e+00 |  12.50%|  89.82%
  706s| 29700 |   138 | 11032k| 371.2 |   108M |  32 |2279 |3609 | 634 |7055 |  0 |  24k|1555 |-9.000000e+00 |-8.000000e+00 |  12.50%|  89.84%
  707s| 29800 |   135 | 11053k| 370.7 |   108M |  32 |2279 |3621 | 633 |7055 |  0 |  24k|1560 |-9.000000e+00 |-8.000000e+00 |  12.50%|  89.86%
  709s| 29900 |   143 | 11076k| 370.2 |   108M |  32 |2279 |3627 | 639 |7073 |  0 |  24k|1560 |-9.000000e+00 |-8.000000e+00 |  12.50%|  89.89%
  710s| 30000 |   136 | 11090k| 369.4 |   108M |  32 |2279 |3665 | 641 |7095 |  0 |  24k|1565 |-9.000000e+00 |-8.000000e+00 |  12.50%|  89.90%
  711s| 30100 |   130 | 11110k| 368.9 |   108M |  32 |2279 |3670 | 634 |7113 |  0 |  24k|1571 |-9.000000e+00 |-8.000000e+00 |  12.50%|  89.95%
  712s| 30200 |   117 | 11128k| 368.3 |   108M |  32 |2279 |3677 | 634 |7122 |  1 |  24k|1587 |-9.000000e+00 |-8.000000e+00 |  12.50%|  90.00%
  713s| 30300 |   116 | 11147k| 367.7 |   108M |  32 |2279 |3686 | 634 |7124 |  1 |  24k|1595 |-9.000000e+00 |-8.000000e+00 |  12.50%|  90.01%
  714s| 30400 |   103 | 11165k| 367.1 |   108M |  32 |2279 |3716 | 633 |7126 |  0 |  25k|1595 |-9.000000e+00 |-8.000000e+00 |  12.50%|  90.03%
  716s| 30500 |   109 | 11185k| 366.5 |   108M |  32 |2279 |3715 | 638 |7152 |  1 |  25k|1600 |-9.000000e+00 |-8.000000e+00 |  12.50%|  90.06%
  717s| 30600 |   112 | 11203k| 365.9 |   108M |  32 |2279 |3768 | 634 |7164 |  0 |  25k|1615 |-9.000000e+00 |-8.000000e+00 |  12.50%|  90.07%
 time | node  | left  |LP iter|LP it/n|mem/heur|mdpt |vars |cons |rows |cuts |sepa|confs|strbr|  dualbound   | primalbound  |  gap   | compl. 
  718s| 30700 |   109 | 11222k| 365.3 |   108M |  32 |2279 |3773 | 636 |7187 |  1 |  25k|1615 |-9.000000e+00 |-8.000000e+00 |  12.50%|  90.07%
  719s| 30800 |   106 | 11244k| 364.8 |   108M |  32 |2279 |3795 |   0 |7221 |  0 |  25k|1623 |-9.000000e+00 |-8.000000e+00 |  12.50%|  90.07%
  720s| 30900 |    97 | 11264k| 364.3 |   108M |  32 |2279 |3807 | 634 |7231 |  0 |  25k|1638 |-9.000000e+00 |-8.000000e+00 |  12.50%|  90.08%
  722s| 31000 |   105 | 11291k| 364.0 |   108M |  32 |2279 |3770 | 636 |7253 |  0 |  25k|1638 |-9.000000e+00 |-8.000000e+00 |  12.50%|  90.10%
  724s| 31100 |   103 | 11314k| 363.6 |   108M |  32 |2279 |3869 | 636 |7271 |  0 |  25k|1672 |-9.000000e+00 |-8.000000e+00 |  12.50%|  90.12%
  726s| 31200 |   107 | 11338k| 363.2 |   108M |  32 |2279 |3874 | 637 |7293 |  0 |  25k|1684 |-9.000000e+00 |-8.000000e+00 |  12.50%|  90.13%
  728s| 31300 |   100 | 11365k| 362.9 |   108M |  32 |2279 |4064 | 635 |7301 |  1 |  26k|1795 |-9.000000e+00 |-8.000000e+00 |  12.50%|  90.16%
  730s| 31400 |    97 | 11390k| 362.5 |   108M |  32 |2279 |3793 | 635 |7311 |  1 |  26k|1812 |-9.000000e+00 |-8.000000e+00 |  12.50%|  90.23%
  732s| 31500 |   111 | 11415k| 362.2 |   109M |  32 |2279 |3744 | 635 |7361 |  0 |  26k|1838 |-9.000000e+00 |-8.000000e+00 |  12.50%|  90.26%
  734s| 31600 |   111 | 11437k| 361.7 |   109M |  32 |2279 |3854 | 635 |7378 |  0 |  26k|1876 |-9.000000e+00 |-8.000000e+00 |  12.50%|  90.27%
  735s| 31700 |   108 | 11459k| 361.3 |   109M |  32 |2279 |3837 | 635 |7379 |  0 |  26k|1897 |-9.000000e+00 |-8.000000e+00 |  12.50%|  90.27%
  737s| 31800 |   110 | 11479k| 360.8 |   109M |  32 |2279 |3895 | 635 |7398 |  2 |  26k|1916 |-9.000000e+00 |-8.000000e+00 |  12.50%|  90.28%
  738s| 31900 |   111 | 11499k| 360.3 |   109M |  32 |2279 |3962 | 633 |7417 |  1 |  26k|1929 |-9.000000e+00 |-8.000000e+00 |  12.50%|  90.30%
  739s| 32000 |   109 | 11523k| 359.9 |   109M |  32 |2279 |3974 | 635 |7423 |  1 |  27k|1943 |-9.000000e+00 |-8.000000e+00 |  12.50%|  90.32%
  741s| 32100 |   109 | 11548k| 359.5 |   109M |  32 |2279 |4071 | 637 |7430 |  0 |  27k|1961 |-9.000000e+00 |-8.000000e+00 |  12.50%|  90.32%
 time | node  | left  |LP iter|LP it/n|mem/heur|mdpt |vars |cons |rows |cuts |sepa|confs|strbr|  dualbound   | primalbound  |  gap   | compl. 
  743s| 32200 |   101 | 11574k| 359.2 |   109M |  32 |2279 |4083 | 639 |7437 |  1 |  27k|1976 |-9.000000e+00 |-8.000000e+00 |  12.50%|  90.33%
  744s| 32300 |   105 | 11597k| 358.8 |   109M |  32 |2279 |4176 | 639 |7448 |  0 |  27k|1980 |-9.000000e+00 |-8.000000e+00 |  12.50%|  90.33%
  746s| 32400 |    97 | 11622k| 358.5 |   109M |  32 |2279 |4239 | 632 |7468 |  1 |  27k|2000 |-9.000000e+00 |-8.000000e+00 |  12.50%|  90.34%
  747s| 32500 |    93 | 11650k| 358.3 |   109M |  32 |2279 |4255 | 631 |7471 |  1 |  27k|2015 |-9.000000e+00 |-8.000000e+00 |  12.50%|  90.39%
  749s| 32600 |    89 | 11676k| 358.0 |   109M |  32 |2279 |4167 | 634 |7479 |  0 |  27k|2043 |-9.000000e+00 |-8.000000e+00 |  12.50%|  90.41%
  750s| 32700 |    93 | 11697k| 357.5 |   109M |  32 |2279 |4147 | 630 |7500 |  0 |  27k|2050 |-9.000000e+00 |-8.000000e+00 |  12.50%|  90.43%
  752s| 32800 |    95 | 11723k| 357.2 |   109M |  32 |2279 |4102 |   0 |7521 |  0 |  27k|2050 |-9.000000e+00 |-8.000000e+00 |  12.50%|  90.44%
  753s| 32900 |    93 | 11745k| 356.8 |   109M |  32 |2279 |4129 | 635 |7526 |  0 |  27k|2058 |-9.000000e+00 |-8.000000e+00 |  12.50%|  90.45%
  755s| 33000 |    88 | 11769k| 356.4 |   109M |  32 |2279 |4181 | 635 |7527 |  0 |  28k|2075 |-9.000000e+00 |-8.000000e+00 |  12.50%|  90.48%
  756s| 33100 |    78 | 11788k| 355.9 |   109M |  32 |2279 |4143 | 643 |7531 |  3 |  28k|2085 |-9.000000e+00 |-8.000000e+00 |  12.50%|  90.50%
  757s| 33200 |    49 | 11807k| 355.4 |   109M |  32 |2279 |3488 | 635 |7534 |  1 |  28k|2090 |-9.000000e+00 |-8.000000e+00 |  12.50%|  90.69%
  759s| 33300 |    63 | 11829k| 355.0 |   109M |  32 |2279 |3413 | 640 |7585 |  1 |  28k|2096 |-9.000000e+00 |-8.000000e+00 |  12.50%|  90.77%
  760s| 33400 |    83 | 11849k| 354.5 |   109M |  32 |2279 |3568 | 641 |7595 |  1 |  28k|2110 |-9.000000e+00 |-8.000000e+00 |  12.50%|  90.77%
  761s| 33500 |    62 | 11862k| 353.9 |   109M |  32 |2279 |3348 | 640 |7598 |  0 |  28k|2120 |-9.000000e+00 |-8.000000e+00 |  12.50%|  90.78%
  763s| 33600 |    48 | 11884k| 353.5 |   109M |  32 |2279 |2881 | 643 |7627 |  0 |  28k|2125 |-9.000000e+00 |-8.000000e+00 |  12.50%|  90.88%
 time | node  | left  |LP iter|LP it/n|mem/heur|mdpt |vars |cons |rows |cuts |sepa|confs|strbr|  dualbound   | primalbound  |  gap   | compl. 
  764s| 33700 |    54 | 11904k| 353.0 |   109M |  32 |2279 |2836 | 641 |7648 |  1 |  28k|2130 |-9.000000e+00 |-8.000000e+00 |  12.50%|  90.92%
  765s| 33800 |    54 | 11921k| 352.5 |   109M |  32 |2279 |2854 | 640 |7667 |  0 |  28k|2130 |-9.000000e+00 |-8.000000e+00 |  12.50%|  91.00%
  766s| 33900 |    51 | 11936k| 351.9 |   109M |  32 |2279 |2894 | 640 |7675 |  1 |  28k|2137 |-9.000000e+00 |-8.000000e+00 |  12.50%|  91.01%
  767s| 34000 |    51 | 11954k| 351.4 |   109M |  32 |2279 |2872 | 641 |7694 |  1 |  28k|2152 |-9.000000e+00 |-8.000000e+00 |  12.50%|  91.06%
  768s| 34100 |    54 | 11970k| 350.8 |   109M |  32 |2279 |2945 | 640 |7696 |  1 |  28k|2166 |-9.000000e+00 |-8.000000e+00 |  12.50%|  91.08%
  769s| 34200 |    56 | 11990k| 350.4 |   109M |  32 |2279 |2933 | 640 |7724 |  1 |  29k|2171 |-9.000000e+00 |-8.000000e+00 |  12.50%|  91.14%
  771s| 34300 |    68 | 12012k| 350.0 |   109M |  32 |2279 |2903 | 640 |7774 |  1 |  29k|2176 |-9.000000e+00 |-8.000000e+00 |  12.50%|  91.38%
  773s| 34400 |    82 | 12039k| 349.8 |   109M |  32 |2279 |2865 | 641 |7816 |  0 |  29k|2176 |-9.000000e+00 |-8.000000e+00 |  12.50%|  91.54%
  774s| 34500 |    86 | 12058k| 349.3 |   109M |  32 |2279 |2888 | 640 |7851 |  0 |  29k|2176 |-9.000000e+00 |-8.000000e+00 |  12.50%|  91.54%
  775s| 34600 |    93 | 12079k| 348.9 |   109M |  32 |2279 |2910 | 640 |7884 |  2 |  29k|2176 |-9.000000e+00 |-8.000000e+00 |  12.50%|  91.56%
  777s| 34700 |    84 | 12105k| 348.7 |   109M |  32 |2279 |2903 | 645 |7917 |  2 |  29k|2188 |-9.000000e+00 |-8.000000e+00 |  12.50%|  91.61%
  778s| 34800 |    96 | 12123k| 348.2 |   109M |  32 |2279 |2934 | 639 |7924 |  2 |  29k|2188 |-9.000000e+00 |-8.000000e+00 |  12.50%|  91.65%
  779s| 34900 |    90 | 12144k| 347.8 |   109M |  32 |2279 |2998 | 643 |7931 |  0 |  29k|2193 |-9.000000e+00 |-8.000000e+00 |  12.50%|  91.66%
  781s| 35000 |    85 | 12168k| 347.5 |   109M |  32 |2279 |3079 | 641 |7984 |  1 |  29k|2197 |-9.000000e+00 |-8.000000e+00 |  12.50%|  91.73%
  783s| 35100 |    85 | 12199k| 347.3 |   109M |  32 |2279 |3049 | 641 |8051 |  0 |  29k|2197 |-9.000000e+00 |-8.000000e+00 |  12.50%|  92.01%
 time | node  | left  |LP iter|LP it/n|mem/heur|mdpt |vars |cons |rows |cuts |sepa|confs|strbr|  dualbound   | primalbound  |  gap   | compl. 
  784s| 35200 |    86 | 12216k| 346.9 |   109M |  32 |2279 |3115 | 642 |8052 |  0 |  29k|2217 |-9.000000e+00 |-8.000000e+00 |  12.50%|  92.03%
  786s| 35300 |    87 | 12235k| 346.4 |   109M |  32 |2279 |3169 | 639 |8065 |  1 |  29k|2239 |-9.000000e+00 |-8.000000e+00 |  12.50%|  92.08%
  787s| 35400 |    87 | 12259k| 346.1 |   109M |  32 |2279 |3055 | 644 |8100 |  0 |  29k|2244 |-9.000000e+00 |-8.000000e+00 |  12.50%|  92.18%
  789s| 35500 |    97 | 12285k| 345.9 |   109M |  32 |2279 |3067 | 643 |8106 |  1 |  29k|2244 |-9.000000e+00 |-8.000000e+00 |  12.50%|  92.19%
  790s| 35600 |    89 | 12308k| 345.5 |   109M |  32 |2279 |3086 | 643 |8111 |  0 |  30k|2244 |-9.000000e+00 |-8.000000e+00 |  12.50%|  92.20%
  792s| 35700 |    88 | 12334k| 345.3 |   109M |  32 |2279 |3057 | 640 |8142 |  1 |  30k|2251 |-9.000000e+00 |-8.000000e+00 |  12.50%|  92.29%
  793s| 35800 |    88 | 12359k| 345.0 |   109M |  32 |2279 |3088 |   0 |8161 |  0 |  30k|2262 |-9.000000e+00 |-8.000000e+00 |  12.50%|  92.34%
  795s| 35900 |    86 | 12385k| 344.8 |   109M |  32 |2279 |3123 | 643 |8172 |  0 |  30k|2268 |-9.000000e+00 |-8.000000e+00 |  12.50%|  92.39%
  797s| 36000 |    85 | 12410k| 344.5 |   109M |  32 |2279 |3198 | 643 |8177 |  0 |  30k|2282 |-9.000000e+00 |-8.000000e+00 |  12.50%|  92.40%
  798s| 36100 |    80 | 12431k| 344.2 |   110M |  32 |2279 |3193 | 642 |8187 |  0 |  30k|2282 |-9.000000e+00 |-8.000000e+00 |  12.50%|  92.45%
  799s| 36200 |    90 | 12450k| 343.7 |   110M |  32 |2279 |3233 | 641 |8193 |  1 |  30k|2282 |-9.000000e+00 |-8.000000e+00 |  12.50%|  92.48%
  800s| 36300 |    88 | 12470k| 343.3 |   110M |  32 |2279 |3254 | 642 |8229 |  1 |  30k|2287 |-9.000000e+00 |-8.000000e+00 |  12.50%|  92.49%
  802s| 36400 |    79 | 12493k| 343.0 |   110M |  32 |2279 |3146 | 640 |8245 |  1 |  30k|2292 |-9.000000e+00 |-8.000000e+00 |  12.50%|  92.68%
  803s| 36500 |    72 | 12516k| 342.7 |   110M |  32 |2279 |2969 | 640 |8256 |  1 |  30k|2292 |-9.000000e+00 |-8.000000e+00 |  12.50%|  92.76%
  804s| 36600 |    76 | 12533k| 342.3 |   110M |  32 |2279 |3007 | 640 |8261 |  1 |  30k|2304 |-9.000000e+00 |-8.000000e+00 |  12.50%|  92.80%
 time | node  | left  |LP iter|LP it/n|mem/heur|mdpt |vars |cons |rows |cuts |sepa|confs|strbr|  dualbound   | primalbound  |  gap   | compl. 
  805s| 36700 |    76 | 12550k| 341.8 |   110M |  32 |2279 |3034 | 641 |8285 |  0 |  30k|2304 |-9.000000e+00 |-8.000000e+00 |  12.50%|  92.80%
  807s| 36800 |    37 | 12573k| 341.5 |   110M |  32 |2279 |2907 | 638 |8287 |  2 |  30k|2312 |-9.000000e+00 |-8.000000e+00 |  12.50%|  92.84%
  808s| 36900 |    41 | 12598k| 341.2 |   110M |  32 |2279 |2785 | 641 |8338 |  1 |  31k|2317 |-9.000000e+00 |-8.000000e+00 |  12.50%|  92.91%
  810s| 37000 |    38 | 12616k| 340.8 |   110M |  32 |2279 |2816 | 637 |8338 |  0 |  31k|2332 |-9.000000e+00 |-8.000000e+00 |  12.50%|  92.94%
  812s| 37100 |    32 | 12639k| 340.5 |   110M |  32 |2279 |2893 | 637 |8356 |  0 |  31k|2377 |-9.000000e+00 |-8.000000e+00 |  12.50%|  93.15%
  813s| 37200 |    31 | 12665k| 340.3 |   110M |  32 |2279 |2881 | 638 |8408 |  0 |  31k|2391 |-9.000000e+00 |-8.000000e+00 |  12.50%|  93.35%
  816s| 37300 |    22 | 12702k| 340.3 |   110M |  32 |2279 |2748 | 635 |8458 |  0 |  31k|2403 |-9.000000e+00 |-8.000000e+00 |  12.50%|  93.52%
  818s| 37400 |    13 | 12727k| 340.1 |   110M |  32 |2279 |2618 | 644 |8489 |  0 |  31k|2413 |-9.000000e+00 |-8.000000e+00 |  12.50%|  96.60%
  820s| 37500 |     9 | 12755k| 340.0 |   110M |  32 |2279 |2657 | 643 |8570 |  0 |  31k|2432 |-9.000000e+00 |-8.000000e+00 |  12.50%|  97.04%

SCIP Status        : problem is solved [optimal solution found]
Solving Time (sec) : 820.26
Solving Nodes      : 37521
Primal Bound       : -8.00000000000000e+00 (1 solutions)
Dual Bound         : -8.00000000000000e+00
Gap                : 0.00 %
SCIP Status        : problem is solved [optimal solution found]
Total Time         :     820.32
  solving          :     820.26
  presolving       :       1.34 (included in solving)
  reading          :       0.06
  copying          :       1.73 (119 #copies) (minimal 0.01, maximal 0.02, average 0.01)
Original Problem   :
  Problem name     : wachplan
  Variables        : 3361 (3360 binary, 1 integer, 0 implicit integer, 0 continuous)
  Constraints      : 1553 initial, 1553 maximal
  Objective        : minimize, 1 non-zeros (abs.min = 1, abs.max = 1)
Presolved Problem  :
  Problem name     : t_wachplan
  Variables        : 2279 (2278 binary, 1 integer, 0 implicit integer, 0 continuous)
  Constraints      : 634 initial, 4271 maximal
  Objective        : minimize, 1 non-zeros (abs.min = 1, abs.max = 1)
  Nonzeros         : 36804 constraint, 135818 clique table
Presolvers         :   ExecTime  SetupTime  Calls  FixedVars   AggrVars   ChgTypes  ChgBounds   AddHoles    DelCons    AddCons   ChgSides   ChgCoefs
  boundshift       :       0.00       0.00      0          0          0          0          0          0          0          0          0          0
  convertinttobin  :       0.00       0.00      0          0          0          0          0          0          0          0          0          0
  domcol           :       0.00       0.00      3          0          0          0          0          0          0          0          0          0
  dualagg          :       0.00       0.00      0          0          0          0          0          0          0          0          0          0
  dualcomp         :       0.00       0.00      0          0          0          0          0          0          0          0          0          0
  dualinfer        :       0.00       0.00      0          0          0          0          0          0          0          0          0          0
  dualsparsify     :       0.00       0.00      1          0          0          0          0          0          0          0          0          0
  gateextraction   :       0.00       0.00      5          0          0          0          0          0          0          0          0          0
  implics          :       0.00       0.00      8          0          0          0          0          0          0          0          0          0
  inttobinary      :       0.00       0.00     11          0          0          0          0          0          0          0          0          0
  qpkktref         :       0.00       0.00      0          0          0          0          0          0          0          0          0          0
  redvub           :       0.00       0.00      0          0          0          0          0          0          0          0          0          0
  sparsify         :       0.02       0.00      1          0          0          0          0          0          0          0          0          0
  stuffing         :       0.00       0.00      0          0          0          0          0          0          0          0          0          0
  trivial          :       0.00       0.00     11        236          0          0          0          0          0          0          0          0
  tworowbnd        :       0.00       0.00      0          0          0          0          0          0          0          0          0          0
  dualfix          :       0.00       0.00     11        756          0          0          0          0          0          0          0          0
  genvbounds       :       0.00       0.00      0          0          0          0          0          0          0          0          0          0
  probing          :       1.22       0.00      2         19          3          0          0          0          0          0          0          0
  pseudoobj        :       0.00       0.00      0          0          0          0          0          0          0          0          0          0
  symmetry         :       0.01       0.00      1          0          0          0          0          0          0         15          0          0
  vbounds          :       0.01       0.00      2          1          0          0          0          0          0          0          0          0
  knapsack         :       0.00       0.00     18          0          0          0          0          0         10         20         20         60
  setppc           :       0.00       0.00     18          0          0          0          0          0         28          0          0          0
  linear           :       0.02       0.01     17         67          0          0         70          0        913          0         56          0
  orbisack         :       0.00       0.00      1          0          0          0          0          0          0          0          0          0
  symretope        :       0.00       0.00      1          0          0          0          0          0          0          0          0          0
  logicor          :       0.02       0.00     17          2          0          0          0          0          3          0          0         27
  bounddisjunction :       0.00       0.00      0          0          0          0          0          0          0          0          0          0
  benders          :       0.00       0.00      0          0          0          0          0          0          0          0          0          0
  components       :       0.01       0.00      1          0          0          0          0          0          0          0          0          0
  root node        :          -          -      -        261          -          -        262          -          -          -          -          -
Constraints        :     Number  MaxNumber  #Separate #Propagate    #EnfoLP    #EnfoRelax  #EnfoPS    #Check   #ResProp    Cutoffs    DomReds       Cuts    Applied      Conss   Children
  benderslp        :          0          0          0          0      19618          0          0       2315          0          0          0          0          0          0          0
  integral         :          0          0          0          0      19618          0          0       2315          0          2      13465          0          0       6919      37974
  knapsack         :        168+       204          6     193602          0          0          0       2309      91762        251     112999          0          0          0          0
  setppc           :        392+       463          6     193351          0          0          0          2    1982378        370    2387676          0          0          0          0
  linear           :         34+        48          6     192981          0          0          0          1      15322        345      28377          0          0          0          0
  orbisack         :         11         11          0       5056          0          0          0          1       9172        139       8962          0          0          0          0
  symretope        :          4          4          0      13586          0          0          0          1       2151         26       4186          0          0          0          0
  logicor          :         25+      3564          6     101856          0          0          0          1      86802       1330      59100          2          2          0          0
  bounddisjunction :          0+        10          0       5684          0          0          0          0          0          1          0          0          0          0          0
  benders          :          0          0          0          0          0          0          0          2          0          0          0          0          0          0          0
  countsols        :          0          0          0          0          0          0          0          2          0          0          0          0          0          0          0
  components       :          0          0          0          0          0          0          0          0          0          0          0          0          0          0          0
Constraint Timings :  TotalTime  SetupTime   Separate  Propagate     EnfoLP     EnfoPS     EnfoRelax   Check    ResProp    SB-Prop
  benderslp        :       0.01       0.00       0.00       0.00       0.01       0.00       0.00       0.00       0.00       0.00
  integral         :      33.68       0.00       0.00       0.00      33.67       0.00       0.00       0.00       0.00       0.00
  knapsack         :       1.29       0.00       0.00       1.06       0.00       0.00       0.00       0.02       0.14       0.06
  setppc           :       7.62       0.00       0.00       6.53       0.00       0.00       0.00       0.00       0.71       0.38
  linear           :       0.73       0.01       0.00       0.63       0.00       0.00       0.00       0.00       0.04       0.05
  orbisack         :       0.15       0.00       0.00       0.13       0.00       0.00       0.00       0.00       0.01       0.01
  symretope        :       0.38       0.00       0.00       0.36       0.00       0.00       0.00       0.00       0.01       0.01
  logicor          :       3.12       0.00       0.00       2.75       0.00       0.00       0.00       0.00       0.17       0.19
  bounddisjunction :       0.01       0.00       0.00       0.01       0.00       0.00       0.00       0.00       0.00       0.00
  benders          :       0.00       0.00       0.00       0.00       0.00       0.00       0.00       0.00       0.00       0.00
  countsols        :       0.00       0.00       0.00       0.00       0.00       0.00       0.00       0.00       0.00       0.00
  components       :       0.01       0.00       0.00       0.01       0.00       0.00       0.00       0.00       0.00       0.00
Propagators        : #Propagate   #ResProp    Cutoffs    DomReds
  dualfix          :          2          0          0          0
  genvbounds       :          0          0          0          0
  nlobbt           :          0          0          0          0
  obbt             :          0          0          0          0
  probing          :          0          0          0          0
  pseudoobj        :     172981          0          0          2
  redcost          :      55641          0          0     141632
  rootredcost      :          2          0          0         28
  symmetry         :          0          0          0          0
  vbounds          :     137593          0          0          0
Propagator Timings :  TotalTime  SetupTime   Presolve  Propagate    ResProp    SB-Prop
  dualfix          :       0.00       0.00       0.00       0.00       0.00       0.00
  genvbounds       :       0.05       0.00       0.00       0.04       0.00       0.00
  nlobbt           :       0.00       0.00       0.00       0.00       0.00       0.00
  obbt             :       0.00       0.00       0.00       0.00       0.00       0.00
  probing          :       1.22       0.00       1.22       0.00       0.00       0.00
  pseudoobj        :       0.10       0.00       0.00       0.10       0.00       0.00
  redcost          :       3.38       0.00       0.00       3.38       0.00       0.00
  rootredcost      :       0.04       0.00       0.00       0.04       0.00       0.00
  symmetry         :       0.04       0.00       0.01       0.02       0.00       0.00
  vbounds          :       0.70       0.00       0.01       0.68       0.00       0.01
Orbital fixing     :
  vars fixed to 0  :          0
  vars fixed to 1  :          0
Conflict Analysis  :       Time      Calls    Success    DomReds  Conflicts   Literals    Reconvs ReconvLits   Dualrays   Nonzeros   LP Iters   (pool size: [10000,10000])
  propagation      :       0.33       2172       1971          -      13802       87.0        308       25.3          -          -          -
  infeasible LP    :       9.83       4221       3099          -      42150      225.1        126       27.3        170      206.6          0
  bound exceed. LP :       7.18       1966       1556          -      23363      273.6        105       29.5        383      262.1      12723
  strong branching :       0.00          0          0          -          0        0.0          0        0.0          -          -          0
  pseudo solution  :       0.00          0          0          -          0        0.0          0        0.0          -          -          -
  applied globally :       7.29          -          -          3      30967      108.5          -          -        538          -          -
  applied locally  :          -          -          -          0        120      443.6          -          -         15          -          -
Separators         :   ExecTime  SetupTime      Calls  RootCalls    Cutoffs    DomReds  FoundCuts ViaPoolAdd  DirectAdd    Applied ViaPoolApp  DirectApp      Conss
  cut pool         :       0.94          -       4769         12          -          -       6858      11981          -          -          -          -          -    (maximal pool size:        777)
  aggregation      :       0.85       0.00       1444          6          0          0          2          0          2          1          0          1          0
  > cmir           :          -          -          -          -          -          -          -          0          2          1          0          1          -
  > flowcover      :          -          -          -          -          -          -          -          0          0          0          0          0          -
  > knapsackcover  :          -          -          -          -          -          -          -          0          0          0          0          0          -
  cgmip            :       0.00       0.00          0          0          0          0          0          0          0          0          0          0          0
  clique           :       0.13       0.00          6          6          0          0         17         12          0         11         11          0          0
  closecuts        :       0.00       0.00          0          0          0          0          0          0          0          0          0          0          0
  convexproj       :       0.00       0.00          0          0          0          0          0          0          0          0          0          0          0
  disjunctive      :       0.00       0.00          0          0          0          0          0          0          0          0          0          0          0
  eccuts           :       0.00       0.00          0          0          0          0          0          0          0          0          0          0          0
  gauge            :       0.00       0.00          0          0          0          0          0          0          0          0          0          0          0
  gomory           :      11.23       0.00       1356          6          0          0       8414      10358       2078       4226       4098        128          0
  > gomorymi       :          -          -          -          -          -          -          -       1470       1039        310        244         66          -
  > strongcg       :          -          -          -          -          -          -          -       8888       1039       3916       3854         62          -
  impliedbounds    :       3.72       0.00       1444          6          0          1        168        164          0        158        158          0          0
  interminor       :       0.00       0.00          0          0          0          0          0          0          0          0          0          0          0
  intobj           :       0.00       0.00          0          0          0          0          0          0          0          0          0          0          0
  mcf              :       0.00       0.00          1          1          0          0          0          0          0          0          0          0          0
  minor            :       0.00       0.00          0          0          0          0          0          0          0          0          0          0          0
  mixing           :       0.00       0.00       1444          6          0          0          0          0          0          0          0          0          0
  oddcycle         :       0.00       0.00          0          0          0          0          0          0          0          0          0          0          0
  rapidlearning    :       5.62       0.00        100          1          0       1788          0          0          0          0          0          0        238
  rlt              :       0.00       0.00          6          6          0          0          0          0          0          0          0          0          0
  zerohalf         :       8.57       0.00       1356          6          0          0       3950       1447       3613       4181       1021       3160          0
Cutselectors       :   ExecTime  SetupTime      Calls  RootCalls   Selected     Forced   Filtered  RootSelec   RootForc   RootFilt 
  hybrid           :       0.04       0.00       2503          5       8579          0       9090         27          0         20
Pricers            :   ExecTime  SetupTime      Calls       Vars
  problem variables:       0.00          -          0          0
Branching Rules    :   ExecTime  SetupTime   BranchLP  BranchExt   BranchPS    Cutoffs    DomReds       Cuts      Conss   Children
  allfullstrong    :       0.00       0.00          0          0          0          0          0          0          0          0
  cloud            :       0.00       0.00          0          0          0          0          0          0          0          0
  distribution     :       0.00       0.00          0          0          0          0          0          0          0          0
  fullstrong       :       0.00       0.00          0          0          0          0          0          0          0          0
  inference        :       0.00       0.00          0          0          0          0          0          0          0          0
  leastinf         :       0.00       0.00          0          0          0          0          0          0          0          0
  lookahead        :       0.00       0.00          0          0          0          0          0          0          0          0
  mostinf          :       0.00       0.00          0          0          0          0          0          0          0          0
  multaggr         :       0.00       0.00          0          0          0          0          0          0          0          0
  nodereopt        :       0.00       0.00          0          0          0          0          0          0          0          0
  pscost           :       0.00       0.00          0          0          0          0          0          0          0          0
  random           :       0.00       0.00          0          0          0          0          0          0          0          0
  relpscost        :      33.65       0.00      19618          0          0          2      13465          0       7276      37974
  vanillafullstrong:       0.00       0.00          0          0          0          0          0          0          0          0
Primal Heuristics  :   ExecTime  SetupTime      Calls      Found       Best
  LP solutions     :       0.00          -          -          0          0
  relax solutions  :       0.00          -          -          0          0
  pseudo solutions :       0.00          -          -          0          0
  strong branching :       0.01          -          -          1          1
  actconsdiving    :       0.00       0.00          0          0          0
  adaptivediving   :       1.65       0.00         60          0          0
  alns             :       1.49       0.00          7          0          0
  bound            :       0.00       0.00          0          0          0
  clique           :       0.01       0.00          1          0          0
  coefdiving       :       0.00       0.00          0          0          0
  completesol      :       0.00       0.00          0          0          0
  conflictdiving   :       1.01       0.00         57          0          0
  crossover        :       0.02       0.00          0          0          0
  dins             :       0.00       0.00          0          0          0
  distributiondivin:       5.14       0.00         56          0          0
  dps              :       0.00       0.00          0          0          0
  dualval          :       0.00       0.00          0          0          0
  farkasdiving     :       0.00       0.00          0          0          0
  feaspump         :       4.87       0.00         28          0          0
  fixandinfer      :       0.00       0.00          0          0          0
  fracdiving       :       1.61       0.00         56          0          0
  gins             :       0.03       0.00          0          0          0
  guideddiving     :       1.37       0.00         57          0          0
  indicator        :       0.02       0.00          0          0          0
  intdiving        :       0.00       0.00          0          0          0
  intshifting      :       0.00       0.00          0          0          0
  linesearchdiving :       1.63       0.00         56          0          0
  localbranching   :       0.00       0.00          0          0          0
  locks            :       0.01       0.00          1          0          0
  lpface           :      11.56       0.00          6          0          0
  mpec             :       0.00       0.00          0          0          0
  multistart       :       0.00       0.00          0          0          0
  mutation         :       0.00       0.00          0          0          0
  nlpdiving        :       0.00       0.00          0          0          0
  objpscostdiving  :       5.96       0.00         29          0          0
  octane           :       0.00       0.00          0          0          0
  ofins            :       0.01       0.00          0          0          0
  oneopt           :       0.02       0.00          1          0          0
  padm             :       0.00       0.00          0          0          0
  proximity        :       0.00       0.00          0          0          0
  pscostdiving     :       2.21       0.00         57          0          0
  randrounding     :       0.16       0.00       2312          0          0
  rens             :       0.11       0.00          1          0          0
  reoptsols        :       0.00       0.00          0          0          0
  repair           :       0.00       0.00          0          0          0
  rins             :       0.65       0.00         13          0          0
  rootsoldiving    :       2.74       0.00         29          0          0
  rounding         :       0.52       0.00       2045          0          0
  shiftandpropagate:       0.01       0.00          1          0          0
  shifting         :       0.52       0.00        829          0          0
  simplerounding   :       0.01       0.00          0          0          0
  subnlp           :       0.02       0.00          0          0          0
  trivial          :       0.00       0.00          2          0          0
  trivialnegation  :       0.00       0.00          0          0          0
  trustregion      :       0.00       0.00          0          0          0
  trysol           :       0.02       0.00          0          0          0
  twoopt           :       0.00       0.00          0          0          0
  undercover       :       0.00       0.00          0          0          0
  vbounds          :       0.06       0.00          1          0          0
  veclendiving     :       0.95       0.00         56          0          0
  zeroobj          :       0.00       0.00          0          0          0
  zirounding       :       0.06       0.00       1000          0          0
  other solutions  :          -          -          -          0          -
LP                 :       Time      Calls Iterations  Iter/call   Iter/sec  Time-0-It Calls-0-It    ItLimit
  primal LP        :      12.63       1386          0       0.00       0.00      12.63       1386
  dual LP          :     637.95      52909   12519863     317.09   19625.02       3.75      13425
  lex dual LP      :       0.00          0          0       0.00          -
  barrier LP       :       0.00          0          0       0.00          -       0.00          0
  resolve instable :       0.00          0          0       0.00          -
  diving/probing LP:      20.27       2317     243449     105.07   12007.92
  strong branching :      22.76       2433     502206     206.41   22066.64          -          -        107
    (at root node) :          -         11       7024     638.55          -
  conflict analysis:       1.59       1277      12723       9.96    7981.49
B&B Tree           :
  number of runs   :          1
  nodes            :      37521 (18987 internal, 18534 leaves)
  feasible leaves  :          0
  infeas. leaves   :       5073
  objective leaves :      13461
  nodes (total)    :      37521 (18987 internal, 18534 leaves)
  nodes left       :          0
  max depth        :         32
  max depth (total):         32
  backtracks       :      10894 (29.0%)
  early backtracks :          0 (0.0%)
  nodes exc. ref.  :          0 (0.0%)
  delayed cutoffs  :        432
  repropagations   :      10758 (190355 domain reductions, 199 cutoffs)
  avg switch length:       3.75
  switching time   :      26.54
Root Node          :
  First LP value   : -9.00000000000000e+00
  First LP Iters   :       1176 (17419.13 Iter/sec)
  First LP Time    :       0.07
  Final Dual Bound : -9.00000000000000e+00
  Final Root Iters :       7738
  Root LP Estimate : -8.95354185735412e+00
Solution           :
  Solutions found  :          1 (1 improvements)
  First Solution   : -8.00000000000000e+00   (in run 1, after 33 nodes, 8.15 seconds, depth 16, found by <relaxation>)
  Gap First Sol.   :      12.50 %
  Gap Last Sol.    :      12.50 %
  Primal Bound     : -8.00000000000000e+00   (in run 1, after 33 nodes, 8.15 seconds, depth 16, found by <relaxation>)
  Dual Bound       : -8.00000000000000e+00
  Gap              :       0.00 %
Integrals          :      Total       Avg%
  primal-dual      :    9838.27      11.99
  primal-ref       :          -          - (not evaluated)
  dual-ref         :          -          - (not evaluated)
written solution information to file <results/final_miplib_symretope_if_extended_generating_set_cpx_v802__settings_final_nopeek_norelabel_extend_norestarts__4__wachplan.mps.gz.sol>
@04 1686669298
