FILENAME:   /home/mcs001/s132664/testsets/IP/miplib2017/8div-n59k11.mps.gz
SETTINGS:   settings_final_nosym_norestarts
TIMELIMIT:  7200
OUTPUTNAME: final_miplib_symretope_if_extended_generating_set_cpx_v802__settings_final_nosym_norestarts__3__
BINNAME:    bin/sbcs.linux.x86_64.gnu.opt.cpx
BASENAME:   8div-n59k11.mps.gz
SEED:       3
@01 /home/mcs001/s132664/testsets/IP/miplib2017/8div-n59k11.mps.gz ===========
@02 8div-n59k11.mps.gz
@03 1686659043
SCIP version 8.0.2 [precision: 8 byte] [memory: block] [mode: optimized] [LP solver: CPLEX 20.1.0.0] [GitHash: 5f0473c]
Copyright (C) 2002-2022 Konrad-Zuse-Zentrum fuer Informationstechnik Berlin (ZIB)

Symretope propagation methods - (c) Jasper van Doornmalen, Christopher Hojny.
[GitHash: 2fd0484]

reading parameter file <../settings/settings_final_nosym_norestarts.set> ...

Changed settings:
limits/time = 7200
limits/restarts = 0
misc/usesymmetry = 0
randomization/randomseedshift = 3
constraints/orbisack/sepafreq = -1
constraints/symresack/sepafreq = -1
propagating/symmetry/detectsubgroups = FALSE
propagating/symmetry/usesymretopes = FALSE
propagating/symmetry/relabelsymretopes = 0
propagating/symmetry/ofsymcomptiming = 0
constraints/symretope/sepafreq = -1
constraints/symretope/peek = FALSE


solving problem ...

original problem has 12287 variables (12282 bin, 5 int, 0 impl, 0 cont) and 4114 constraints
presolving:
(round 1, fast)       11 del vars, 11 del conss, 1 add conss, 22 chg bounds, 0 chg sides, 0 chg coeffs, 0 upgd conss, 0 impls, 2047 clqs
(round 2, exhaustive) 11 del vars, 12 del conss, 1 add conss, 22 chg bounds, 4 chg sides, 3 chg coeffs, 0 upgd conss, 0 impls, 2047 clqs
(round 3, exhaustive) 11 del vars, 12 del conss, 1 add conss, 22 chg bounds, 4 chg sides, 3 chg coeffs, 2047 upgd conss, 0 impls, 2047 clqs
   (3.8s) probing: 1000/12271 (8.1%) - 0 fixings, 0 aggregations, 999 implications, 0 bound changes
   (3.8s) probing: 1001/12271 (8.2%) - 0 fixings, 0 aggregations, 1000 implications, 0 bound changes
   (3.8s) probing aborted: 1000/1000 successive useless probings
presolving (4 rounds: 4 fast, 3 medium, 3 exhaustive):
 11 deleted vars, 12 deleted constraints, 1 added constraints, 22 tightened bounds, 0 added holes, 4 changed sides, 3 changed coefficients
 1000 implications, 2047 cliques
presolved problem has 12276 variables (12271 bin, 5 int, 0 impl, 0 cont) and 4103 constraints
   2047 constraints of type <setppc>
   2056 constraints of type <linear>
transformed objective value is always integral (scale: 1)
Presolving Time: 4.44

 time | node  | left  |LP iter|LP it/n|mem/heur|mdpt |vars |cons |rows |cuts |sepa|confs|strbr|  dualbound   | primalbound  |  gap   | compl. 
  448s|     1 |     0 |   902 |     - |  1173M |   0 |  12k|4103 |4103 |   0 |  0 |   0 |   0 |-1.421000e+03 |      --      |    Inf | unknown
  632s|     1 |     0 | 15750 |     - |  1175M |   0 |  12k|4109 |4103 |   0 |  0 |   6 |   0 |-1.421000e+03 |      --      |    Inf | unknown
  633s|     1 |     0 | 15750 |     - |  1175M |   0 |  12k|4109 |4103 |   0 |  0 |   6 |   0 |-1.421000e+03 |      --      |    Inf | unknown
  635s|     1 |     0 | 15750 |     - |  1177M |   0 |  12k|4111 |4105 |   0 |  2 |   6 |   0 |-1.421000e+03 |      --      |    Inf | unknown
  813s|     1 |     2 | 21831 |     - |  1179M |   0 |  12k|4124 |4105 |   0 |  4 |  23 |  19 |-1.421000e+03 |      --      |    Inf | unknown

SCIP Status        : solving was interrupted [time limit reached]
Solving Time (sec) : 7200.31
Solving Nodes      : 32
Primal Bound       : +1.00000000000000e+20 (0 solutions)
Dual Bound         : -1.42100000000000e+03
Gap                : infinite
SCIP Status        : solving was interrupted [time limit reached]
Total Time         :    7201.77
  solving          :    7200.31
  presolving       :       4.44 (included in solving)
  reading          :       1.46
  copying          :       0.82 (2 #copies) (minimal 0.41, maximal 0.41, average 0.41)
Original Problem   :
  Problem name     : 8div-n59k11
  Variables        : 12287 (12282 binary, 5 integer, 0 implicit integer, 0 continuous)
  Constraints      : 4114 initial, 4114 maximal
  Objective        : minimize, 1 non-zeros (abs.min = 1, abs.max = 1)
Presolved Problem  :
  Problem name     : t_8div-n59k11
  Variables        : 12276 (12271 binary, 5 integer, 0 implicit integer, 0 continuous)
  Constraints      : 4103 initial, 4190 maximal
  Objective        : minimize, 1 non-zeros (abs.min = 1, abs.max = 1)
  Nonzeros         : 2115589 constraint, 10235 clique table
Presolvers         :   ExecTime  SetupTime  Calls  FixedVars   AggrVars   ChgTypes  ChgBounds   AddHoles    DelCons    AddCons   ChgSides   ChgCoefs
  boundshift       :       0.00       0.00      0          0          0          0          0          0          0          0          0          0
  convertinttobin  :       0.00       0.00      0          0          0          0          0          0          0          0          0          0
  domcol           :       0.36       0.00      1          0          0          0          0          0          0          0          0          0
  dualagg          :       0.00       0.00      0          0          0          0          0          0          0          0          0          0
  dualcomp         :       0.00       0.00      0          0          0          0          0          0          0          0          0          0
  dualinfer        :       0.00       0.00      0          0          0          0          0          0          0          0          0          0
  dualsparsify     :       0.87       0.00      1          0          0          0          0          0          0          0          0          0
  gateextraction   :       0.00       0.00      0          0          0          0          0          0          0          0          0          0
  implics          :       0.00       0.00      3          0          0          0          0          0          0          0          0          0
  inttobinary      :       0.00       0.00      4          0          0          0          0          0          0          0          0          0
  qpkktref         :       0.00       0.00      0          0          0          0          0          0          0          0          0          0
  redvub           :       0.00       0.00      0          0          0          0          0          0          0          0          0          0
  sparsify         :       0.85       0.00      1          0          0          0          0          0          0          0          0          0
  stuffing         :       0.00       0.00      0          0          0          0          0          0          0          0          0          0
  trivial          :       0.00       0.00      4          0          0          0          0          0          0          0          0          0
  tworowbnd        :       0.00       0.00      0          0          0          0          0          0          0          0          0          0
  dualfix          :       0.00       0.00      4          0          0          0          0          0          0          0          0          0
  genvbounds       :       0.00       0.00      0          0          0          0          0          0          0          0          0          0
  probing          :       1.14       0.00      1          0          0          0          0          0          0          0          0          0
  pseudoobj        :       0.00       0.00      0          0          0          0          0          0          0          0          0          0
  symmetry         :       0.00       0.00      0          0          0          0          0          0          0          0          0          0
  vbounds          :       0.00       0.00      1          0          0          0          0          0          0          0          0          0
  setppc           :       0.00       0.00      3          0          0          0          0          0          0          0          0          0
  linear           :       0.94       0.38      7         11          0          0         22          0         12          1          4          3
  logicor          :       0.00       0.00      0          0          0          0          0          0          0          0          0          0
  bounddisjunction :       0.00       0.00      0          0          0          0          0          0          0          0          0          0
  benders          :       0.00       0.00      0          0          0          0          0          0          0          0          0          0
  components       :       0.24       0.00      1          0          0          0          0          0          0          0          0          0
  root node        :          -          -      -          0          -          -          8          -          -          -          -          -
Constraints        :     Number  MaxNumber  #Separate #Propagate    #EnfoLP    #EnfoRelax  #EnfoPS    #Check   #ResProp    Cutoffs    DomReds       Cuts    Applied      Conss   Children
  benderslp        :          0          0          0          0         31          0          0          9          0          0          0          0          0          0          0
  integral         :          0          0          0          0         31          0          0          9          0          0          0          0          0          0         62
  setppc           :       2047       2047          2      38327          0          0          0          4       1829          0         12          0          0          0          0
  linear           :       2056+      2058          2      38327          0          0          0          0       7106       2527          3          0          0          0          0
  logicor          :          0+        55          2         87          0          0          0          0          2          3          0          0          0          0          0
  bounddisjunction :          0+        32          0         22          0          0          0          0          0          1          0          0          0          0          0
  benders          :          0          0          0          0          0          0          0          0          0          0          0          0          0          0          0
  countsols        :          0          0          0          0          0          0          0          0          0          0          0          0          0          0          0
  components       :          0          0          0          0          0          0          0          0          0          0          0          0          0          0          0
Constraint Timings :  TotalTime  SetupTime   Separate  Propagate     EnfoLP     EnfoPS     EnfoRelax   Check    ResProp    SB-Prop
  benderslp        :       0.00       0.00       0.00       0.00       0.00       0.00       0.00       0.00       0.00       0.00
  integral         :     148.41       0.00       0.00       0.00     148.41       0.00       0.00       0.01       0.00       0.00
  setppc           :       0.10       0.00       0.00       0.10       0.00       0.00       0.00       0.00       0.00       0.00
  linear           :     278.02       0.38       0.16     277.39       0.00       0.00       0.00       0.00       0.09       0.00
  logicor          :       0.00       0.00       0.00       0.00       0.00       0.00       0.00       0.00       0.00       0.00
  bounddisjunction :       0.00       0.00       0.00       0.00       0.00       0.00       0.00       0.00       0.00       0.00
  benders          :       0.00       0.00       0.00       0.00       0.00       0.00       0.00       0.00       0.00       0.00
  countsols        :       0.00       0.00       0.00       0.00       0.00       0.00       0.00       0.00       0.00       0.00
  components       :       0.00       0.00       0.00       0.00       0.00       0.00       0.00       0.00       0.00       0.00
Propagators        : #Propagate   #ResProp    Cutoffs    DomReds
  dualfix          :          2          0          0          0
  genvbounds       :          0          0          0          0
  nlobbt           :          0          0          0          0
  obbt             :          0          0          0          0
  probing          :          0          0          0          0
  pseudoobj        :         75          0          0          1
  redcost          :         64          0          0          1
  rootredcost      :          1          0          0          0
  symmetry         :          0          0          0          0
  vbounds          :      12496          0          0          0
Propagator Timings :  TotalTime  SetupTime   Presolve  Propagate    ResProp    SB-Prop
  dualfix          :       0.00       0.00       0.00       0.00       0.00       0.00
  genvbounds       :       0.00       0.00       0.00       0.00       0.00       0.00
  nlobbt           :       0.00       0.00       0.00       0.00       0.00       0.00
  obbt             :       0.00       0.00       0.00       0.00       0.00       0.00
  probing          :       1.14       0.00       1.14       0.00       0.00       0.00
  pseudoobj        :       0.02       0.00       0.00       0.02       0.00       0.00
  redcost          :       0.02       0.00       0.00       0.02       0.00       0.00
  rootredcost      :       0.00       0.00       0.00       0.00       0.00       0.00
  symmetry         :       0.00       0.00       0.00       0.00       0.00       0.00
  vbounds          :       0.02       0.00       0.00       0.01       0.00       0.00
Conflict Analysis  :       Time      Calls    Success    DomReds  Conflicts   Literals    Reconvs ReconvLits   Dualrays   Nonzeros   LP Iters   (pool size: [10000,10000])
  propagation      :       0.02          5          5          -         10      371.5          0        0.0          -          -          -
  infeasible LP    :       0.29         12         18          -        714      651.4          0        0.0          6        1.0          0
  bound exceed. LP :       0.53          1          1          -          3      244.0          0        0.0          0        0.0         20
  strong branching :       0.00          0          0          -          0        0.0          0        0.0          -          -          0
  pseudo solution  :       0.00          0          0          -          0        0.0          0        0.0          -          -          -
  applied globally :       0.00          -          -          6        101      526.3          -          -          6          -          -
  applied locally  :          -          -          -          0          0        0.0          -          -          0          -          -
Separators         :   ExecTime  SetupTime      Calls  RootCalls    Cutoffs    DomReds  FoundCuts ViaPoolAdd  DirectAdd    Applied ViaPoolApp  DirectApp      Conss
  cut pool         :       0.00          -          0          0          -          -          0          0          -          -          -          -          -    (maximal pool size:          0)
  aggregation      :       0.54       0.00          3          2          0          0          0          0          0          0          0          0          0
  > cmir           :          -          -          -          -          -          -          -          0          0          0          0          0          -
  > flowcover      :          -          -          -          -          -          -          -          0          0          0          0          0          -
  > knapsackcover  :          -          -          -          -          -          -          -          0          0          0          0          0          -
  cgmip            :       0.00       0.00          0          0          0          0          0          0          0          0          0          0          0
  clique           :       0.18       0.00          2          2          0          0          0          0          0          0          0          0          0
  closecuts        :       0.00       0.00          0          0          0          0          0          0          0          0          0          0          0
  convexproj       :       0.00       0.00          0          0          0          0          0          0          0          0          0          0          0
  disjunctive      :       0.00       0.00          0          0          0          0          0          0          0          0          0          0          0
  eccuts           :       0.00       0.00          0          0          0          0          0          0          0          0          0          0          0
  gauge            :       0.00       0.00          0          0          0          0          0          0          0          0          0          0          0
  gomory           :       3.09       0.00          3          2          0          0          0          0          0          0          0          0          0
  > gomorymi       :          -          -          -          -          -          -          -          0          0          0          0          0          -
  > strongcg       :          -          -          -          -          -          -          -          0          0          0          0          0          -
  impliedbounds    :       0.00       0.00          3          2          0          0          0          0          0          0          0          0          0
  interminor       :       0.00       0.00          0          0          0          0          0          0          0          0          0          0          0
  intobj           :       0.00       0.00          0          0          0          0          0          0          0          0          0          0          0
  mcf              :       0.01       0.00          1          1          0          0          0          0          0          0          0          0          0
  minor            :       0.00       0.00          0          0          0          0          0          0          0          0          0          0          0
  mixing           :       0.00       0.00          3          2          0          0          0          0          0          0          0          0          0
  oddcycle         :       0.00       0.00          0          0          0          0          0          0          0          0          0          0          0
  rapidlearning    :       0.00       0.00          0          0          0          0          0          0          0          0          0          0          0
  rlt              :       0.00       0.00          2          2          0          0          0          0          0          0          0          0          0
  zerohalf         :       0.01       0.00          3          2          0          0          0          0          0          0          0          0          0
Cutselectors       :   ExecTime  SetupTime      Calls  RootCalls   Selected     Forced   Filtered  RootSelec   RootForc   RootFilt 
  hybrid           :       0.00       0.00          0          0          0          0          0          0          0          0
Pricers            :   ExecTime  SetupTime      Calls       Vars
  problem variables:       0.00          -          0          0
Branching Rules    :   ExecTime  SetupTime   BranchLP  BranchExt   BranchPS    Cutoffs    DomReds       Cuts      Conss   Children
  allfullstrong    :       0.00       0.00          0          0          0          0          0          0          0          0
  cloud            :       0.00       0.00          0          0          0          0          0          0          0          0
  distribution     :       0.00       0.00          0          0          0          0          0          0          0          0
  fullstrong       :       0.00       0.00          0          0          0          0          0          0          0          0
  inference        :       0.00       0.00          0          0          0          0          0          0          0          0
  leastinf         :       0.00       0.00          0          0          0          0          0          0          0          0
  lookahead        :       0.00       0.00          0          0          0          0          0          0          0          0
  mostinf          :       0.00       0.00          0          0          0          0          0          0          0          0
  multaggr         :       0.00       0.00          0          0          0          0          0          0          0          0
  nodereopt        :       0.00       0.00          0          0          0          0          0          0          0          0
  pscost           :       0.00       0.00          0          0          0          0          0          0          0          0
  random           :       0.00       0.00          0          0          0          0          0          0          0          0
  relpscost        :     148.41       0.00         31          0          0          0          0          0          0         62
  vanillafullstrong:       0.00       0.00          0          0          0          0          0          0          0          0
Primal Heuristics  :   ExecTime  SetupTime      Calls      Found       Best
  LP solutions     :       0.00          -          -          0          0
  relax solutions  :       0.00          -          -          0          0
  pseudo solutions :       0.00          -          -          0          0
  strong branching :       0.00          -          -          0          0
  actconsdiving    :       0.00       0.00          0          0          0
  adaptivediving   :      62.92       0.00          1          0          0
  alns             :       1.99       0.00          1          0          0
  bound            :       0.00       0.00          0          0          0
  clique           :       1.06       0.00          1          0          0
  coefdiving       :       0.00       0.00          0          0          0
  completesol      :       0.00       0.00          0          0          0
  conflictdiving   :      20.67       0.00          1          0          0
  crossover        :       0.00       0.00          0          0          0
  dins             :       0.00       0.00          0          0          0
  distributiondivin:     475.15       0.00          1          0          0
  dps              :       0.00       0.00          0          0          0
  dualval          :       0.00       0.00          0          0          0
  farkasdiving     :       0.00       0.00          0          0          0
  feaspump         :     182.83       0.00          1          0          0
  fixandinfer      :       0.00       0.00          0          0          0
  fracdiving       :     296.65       0.00          1          0          0
  gins             :       0.00       0.00          0          0          0
  guideddiving     :       0.00       0.00          0          0          0
  indicator        :       0.00       0.00          0          0          0
  intdiving        :       0.00       0.00          0          0          0
  intshifting      :       0.00       0.00          0          0          0
  linesearchdiving :       0.00       0.00          0          0          0
  localbranching   :       0.00       0.00          0          0          0
  locks            :     430.11       0.00          1          0          0
  lpface           :       0.00       0.00          0          0          0
  mpec             :       0.00       0.00          0          0          0
  multistart       :       0.00       0.00          0          0          0
  mutation         :       0.00       0.00          0          0          0
  nlpdiving        :       0.00       0.00          0          0          0
  objpscostdiving  :       0.00       0.00          0          0          0
  octane           :       0.00       0.00          0          0          0
  ofins            :       0.00       0.00          0          0          0
  oneopt           :       0.00       0.00          0          0          0
  padm             :       0.00       0.00          0          0          0
  proximity        :       0.00       0.00          0          0          0
  pscostdiving     :     305.72       0.00          1          0          0
  randrounding     :       1.25       0.00          2          0          0
  rens             :       6.29       0.00          1          0          0
  reoptsols        :       0.00       0.00          0          0          0
  repair           :       0.00       0.00          0          0          0
  rins             :       0.00       0.00          0          0          0
  rootsoldiving    :       0.00       0.00          0          0          0
  rounding         :       0.76       0.00         32          0          0
  shiftandpropagate:       0.91       0.00          1          0          0
  shifting         :       0.47       0.00          3          0          0
  simplerounding   :       0.00       0.00          0          0          0
  subnlp           :       0.00       0.00          0          0          0
  trivial          :       0.02       0.00          2          0          0
  trivialnegation  :       0.00       0.00          0          0          0
  trustregion      :       0.00       0.00          0          0          0
  trysol           :       0.00       0.00          0          0          0
  twoopt           :       0.00       0.00          0          0          0
  undercover       :       0.00       0.00          0          0          0
  vbounds          :       0.48       0.00          1          0          0
  veclendiving     :      94.17       0.00          1          0          0
  zeroobj          :       0.00       0.00          0          0          0
  zirounding       :       0.07       0.00         31          0          0
  other solutions  :          -          -          -          0          -
LP                 :       Time      Calls Iterations  Iter/call   Iter/sec  Time-0-It Calls-0-It    ItLimit
  primal LP        :      31.48          1          0       0.00       0.00      31.48          1
  dual LP          :    5129.42         35     538693   16834.16     105.02       1.17          3
  lex dual LP      :       0.00          0          0       0.00          -
  barrier LP       :       0.00          0          0       0.00          -       0.00          0
  resolve instable :       0.00          0          0       0.00          -
  diving/probing LP:    1328.22         23     172186    7486.35     129.64
  strong branching :     148.15         19      19000    1000.00     128.25          -          -         38
    (at root node) :          -         19      19000    1000.00          -
  conflict analysis:       0.51          2         20      10.00      38.93
B&B Tree           :
  number of runs   :          1
  nodes            :         32 (31 internal, 1 leaves)
  feasible leaves  :          0
  infeas. leaves   :          0
  objective leaves :          0
  nodes (total)    :         32 (31 internal, 1 leaves)
  nodes left       :         32
  max depth        :         11
  max depth (total):         11
  backtracks       :          5 (15.6%)
  early backtracks :          0 (0.0%)
  nodes exc. ref.  :          0 (0.0%)
  delayed cutoffs  :          0
  repropagations   :          2 (0 domain reductions, 0 cutoffs)
  avg switch length:       2.25
  switching time   :      31.50
Root Node          :
  First LP value   : -1.42100000000000e+03
  First LP Iters   :        902 (88.01 Iter/sec)
  First LP Time    :      10.25
  Final Dual Bound : -1.42100000000000e+03
  Final Root Iters :      15750
  Root LP Estimate : -1.42099792018308e+03
Solution           :
  Solutions found  :          0 (0 improvements)
  Primal Bound     :          -
  Dual Bound       : -1.42100000000000e+03
  Gap              :   infinite
Integrals          :      Total       Avg%
  primal-dual      :  720031.05     100.00
  primal-ref       :          -          - (not evaluated)
  dual-ref         :          -          - (not evaluated)
written solution information to file <results/final_miplib_symretope_if_extended_generating_set_cpx_v802__settings_final_nosym_norestarts__3__8div-n59k11.mps.gz.sol>
@04 1686666245
