FILENAME:   /home/mcs001/s132664/testsets/IP/miplib2017/neos-3045796-mogo.mps.gz
SETTINGS:   settings_final_nosym_norestarts
TIMELIMIT:  7200
OUTPUTNAME: final_miplib_symretope_if_extended_generating_set_cpx_v802__settings_final_nosym_norestarts__0__
BINNAME:    bin/sbcs.linux.x86_64.gnu.opt.cpx
BASENAME:   neos-3045796-mogo.mps.gz
SEED:       0
@01 /home/mcs001/s132664/testsets/IP/miplib2017/neos-3045796-mogo.mps.gz ===========
@02 neos-3045796-mogo.mps.gz
@03 1686649225
SCIP version 8.0.2 [precision: 8 byte] [memory: block] [mode: optimized] [LP solver: CPLEX 20.1.0.0] [GitHash: 5f0473c]
Copyright (C) 2002-2022 Konrad-Zuse-Zentrum fuer Informationstechnik Berlin (ZIB)

Symretope propagation methods - (c) Jasper van Doornmalen, Christopher Hojny.
[GitHash: 2fd0484]

reading parameter file <../settings/settings_final_nosym_norestarts.set> ...

Changed settings:
limits/time = 7200
limits/restarts = 0
misc/usesymmetry = 0
constraints/orbisack/sepafreq = -1
constraints/symresack/sepafreq = -1
propagating/symmetry/detectsubgroups = FALSE
propagating/symmetry/usesymretopes = FALSE
propagating/symmetry/relabelsymretopes = 0
propagating/symmetry/ofsymcomptiming = 0
constraints/symretope/sepafreq = -1
constraints/symretope/peek = FALSE


solving problem ...

original problem has 11016 variables (11016 bin, 0 int, 0 impl, 0 cont) and 2226 constraints
presolving:
(round 1, fast)       135 del vars, 0 del conss, 0 add conss, 0 chg bounds, 0 chg sides, 0 chg coeffs, 0 upgd conss, 0 impls, 1019 clqs
(round 2, exhaustive) 135 del vars, 0 del conss, 0 add conss, 0 chg bounds, 0 chg sides, 0 chg coeffs, 1154 upgd conss, 0 impls, 1019 clqs
   (2.2s) probing: 1000/10881 (9.2%) - 0 fixings, 0 aggregations, 390343 implications, 0 bound changes
   (2.2s) probing: 1001/10881 (9.2%) - 0 fixings, 0 aggregations, 390628 implications, 0 bound changes
   (2.2s) probing aborted: 1000/1000 successive useless probings
presolving (3 rounds: 3 fast, 2 medium, 2 exhaustive):
 135 deleted vars, 0 deleted constraints, 0 added constraints, 0 tightened bounds, 0 added holes, 0 changed sides, 0 changed coefficients
 0 implications, 34032 cliques
presolved problem has 10881 variables (10881 bin, 0 int, 0 impl, 0 cont) and 2226 constraints
    135 constraints of type <knapsack>
   1019 constraints of type <setppc>
   1072 constraints of type <linear>
transformed objective value is always integral (scale: 5)
Presolving Time: 2.22

 time | node  | left  |LP iter|LP it/n|mem/heur|mdpt |vars |cons |rows |cuts |sepa|confs|strbr|  dualbound   | primalbound  |  gap   | compl. 
p 2.5s|     1 |     0 |    74 |     - | vbounds|   0 |  10k|2229 |2226 |   0 |  0 |   3 |   0 |-7.150000e+02 | 9.500000e+01 |    Inf | unknown
  2.6s|     1 |     0 |   296 |     - |    82M |   0 |  10k|2240 |2226 |   0 |  0 |  14 |   0 |-1.750000e+02 | 9.500000e+01 |    Inf | unknown
  2.9s|     1 |     0 |   498 |     - |    84M |   0 |  10k|2240 |2292 |  66 |  1 |  14 |   0 |-1.750000e+02 | 9.500000e+01 |    Inf | unknown
  3.0s|     1 |     0 |   562 |     - |    85M |   0 |  10k|2240 |2319 |  93 |  2 |  14 |   0 |-1.750000e+02 | 9.500000e+01 |    Inf | unknown
  3.1s|     1 |     0 |   584 |     - |    86M |   0 |  10k|2240 |2330 | 104 |  3 |  14 |   0 |-1.750000e+02 | 9.500000e+01 |    Inf | unknown
  3.2s|     1 |     0 |   604 |     - |    87M |   0 |  10k|2242 |2333 | 107 |  4 |  16 |   0 |-1.750000e+02 | 9.500000e+01 |    Inf | unknown
  3.3s|     1 |     0 |   618 |     - |    88M |   0 |  10k|2242 |2348 | 122 |  5 |  16 |   0 |-1.750000e+02 | 9.500000e+01 |    Inf | unknown
r 3.3s|     1 |     0 |   618 |     - |shifting|   0 |  10k|2242 |2348 | 122 |  5 |  16 |   0 |-1.750000e+02 |-1.750000e+02 |   0.00%| unknown
  3.3s|     1 |     0 |   618 |     - |    88M |   0 |  10k|2242 |2348 | 122 |  5 |  16 |   0 |-1.750000e+02 |-1.750000e+02 |   0.00%| unknown

SCIP Status        : problem is solved [optimal solution found]
Solving Time (sec) : 3.28
Solving Nodes      : 1
Primal Bound       : -1.75000000000000e+02 (2 solutions)
Dual Bound         : -1.75000000000000e+02
Gap                : 0.00 %
SCIP Status        : problem is solved [optimal solution found]
Total Time         :       3.32
  solving          :       3.28
  presolving       :       2.22 (included in solving)
  reading          :       0.04
  copying          :       0.02 (1 #copies) (minimal 0.02, maximal 0.02, average 0.02)
Original Problem   :
  Problem name     : neos-3045796-mogo
  Variables        : 11016 (11016 binary, 0 integer, 0 implicit integer, 0 continuous)
  Constraints      : 2226 initial, 2226 maximal
  Objective        : minimize, 371 non-zeros (abs.min = 1, abs.max = 100)
Presolved Problem  :
  Problem name     : t_neos-3045796-mogo
  Variables        : 10881 (10881 binary, 0 integer, 0 implicit integer, 0 continuous)
  Constraints      : 2226 initial, 2242 maximal
  Objective        : minimize, 236 non-zeros (abs.min = 1, abs.max = 20)
  Nonzeros         : 44307 constraint, 88883 clique table
Presolvers         :   ExecTime  SetupTime  Calls  FixedVars   AggrVars   ChgTypes  ChgBounds   AddHoles    DelCons    AddCons   ChgSides   ChgCoefs
  boundshift       :       0.00       0.00      0          0          0          0          0          0          0          0          0          0
  convertinttobin  :       0.00       0.00      0          0          0          0          0          0          0          0          0          0
  domcol           :       0.01       0.00      1          0          0          0          0          0          0          0          0          0
  dualagg          :       0.00       0.00      0          0          0          0          0          0          0          0          0          0
  dualcomp         :       0.00       0.00      0          0          0          0          0          0          0          0          0          0
  dualinfer        :       0.00       0.00      0          0          0          0          0          0          0          0          0          0
  dualsparsify     :       0.01       0.00      1          0          0          0          0          0          0          0          0          0
  gateextraction   :       0.00       0.00      0          0          0          0          0          0          0          0          0          0
  implics          :       0.00       0.00      2          0          0          0          0          0          0          0          0          0
  inttobinary      :       0.00       0.00      0          0          0          0          0          0          0          0          0          0
  qpkktref         :       0.00       0.00      0          0          0          0          0          0          0          0          0          0
  redvub           :       0.00       0.00      0          0          0          0          0          0          0          0          0          0
  sparsify         :       0.03       0.00      1          0          0          0          0          0          0          0          0          0
  stuffing         :       0.00       0.00      0          0          0          0          0          0          0          0          0          0
  trivial          :       0.00       0.00      3          0          0          0          0          0          0          0          0          0
  tworowbnd        :       0.00       0.00      0          0          0          0          0          0          0          0          0          0
  dualfix          :       0.00       0.00      3        135          0          0          0          0          0          0          0          0
  genvbounds       :       0.00       0.00      0          0          0          0          0          0          0          0          0          0
  probing          :       2.07       0.00      1          0          0          0          0          0          0          0          0          0
  pseudoobj        :       0.00       0.00      0          0          0          0          0          0          0          0          0          0
  symmetry         :       0.00       0.00      0          0          0          0          0          0          0          0          0          0
  vbounds          :       0.00       0.00      1          0          0          0          0          0          0          0          0          0
  knapsack         :       0.02       0.00      3          0          0          0          0          0          0          0          0          0
  setppc           :       0.01       0.00      3          0          0          0          0          0          0          0          0          0
  linear           :       0.03       0.01      5          0          0          0          0          0          0          0          0          0
  logicor          :       0.00       0.00      0          0          0          0          0          0          0          0          0          0
  benders          :       0.00       0.00      0          0          0          0          0          0          0          0          0          0
  components       :       0.01       0.00      1          0          0          0          0          0          0          0          0          0
  root node        :          -          -      -          0          -          -          0          -          -          -          -          -
Constraints        :     Number  MaxNumber  #Separate #Propagate    #EnfoLP    #EnfoRelax  #EnfoPS    #Check   #ResProp    Cutoffs    DomReds       Cuts    Applied      Conss   Children
  benderslp        :          0          0          0          0          0          0          0         15          0          0          0          0          0          0          0
  integral         :          0          0          0          0          0          0          0         15          0          0          0          0          0          0          0
  knapsack         :        135        135          5       8054          0          0          0         10          0          0          0          0          0          0          0
  setppc           :       1019+      1020          5       8084          0          0          0          9         98          4          0          1          1          0          0
  linear           :       1072       1072          5       8080          0          0          0          4        115         24          0          0          0          0          0
  logicor          :          0+        15          5         20          0          0          0          0          0          1          0          2          0          0          0
  benders          :          0          0          0          0          0          0          0          3          0          0          0          0          0          0          0
  countsols        :          0          0          0          0          0          0          0          3          0          0          0          0          0          0          0
  components       :          0          0          0          0          0          0          0          0          0          0          0          0          0          0          0
Constraint Timings :  TotalTime  SetupTime   Separate  Propagate     EnfoLP     EnfoPS     EnfoRelax   Check    ResProp    SB-Prop
  benderslp        :       0.00       0.00       0.00       0.00       0.00       0.00       0.00       0.00       0.00       0.00
  integral         :       0.00       0.00       0.00       0.00       0.00       0.00       0.00       0.00       0.00       0.00
  knapsack         :       0.06       0.00       0.01       0.05       0.00       0.00       0.00       0.01       0.00       0.00
  setppc           :       0.11       0.00       0.01       0.10       0.00       0.00       0.00       0.01       0.00       0.00
  linear           :       0.57       0.01       0.05       0.51       0.00       0.00       0.00       0.00       0.00       0.00
  logicor          :       0.00       0.00       0.00       0.00       0.00       0.00       0.00       0.00       0.00       0.00
  benders          :       0.00       0.00       0.00       0.00       0.00       0.00       0.00       0.00       0.00       0.00
  countsols        :       0.00       0.00       0.00       0.00       0.00       0.00       0.00       0.00       0.00       0.00
  components       :       0.00       0.00       0.00       0.00       0.00       0.00       0.00       0.00       0.00       0.00
Propagators        : #Propagate   #ResProp    Cutoffs    DomReds
  dualfix          :          2          0          0          0
  genvbounds       :          0          0          0          0
  nlobbt           :          0          0          0          0
  obbt             :          0          0          0          0
  probing          :          0          0          0          0
  pseudoobj        :          8          0          0          0
  redcost          :          6          0          0          0
  rootredcost      :          0          0          0          0
  symmetry         :          0          0          0          0
  vbounds          :        400          0          0          0
Propagator Timings :  TotalTime  SetupTime   Presolve  Propagate    ResProp    SB-Prop
  dualfix          :       0.00       0.00       0.00       0.00       0.00       0.00
  genvbounds       :       0.00       0.00       0.00       0.00       0.00       0.00
  nlobbt           :       0.00       0.00       0.00       0.00       0.00       0.00
  obbt             :       0.00       0.00       0.00       0.00       0.00       0.00
  probing          :       2.07       0.00       2.07       0.00       0.00       0.00
  pseudoobj        :       0.03       0.00       0.00       0.03       0.00       0.00
  redcost          :       0.02       0.00       0.00       0.02       0.00       0.00
  rootredcost      :       0.00       0.00       0.00       0.00       0.00       0.00
  symmetry         :       0.00       0.00       0.00       0.00       0.00       0.00
  vbounds          :       0.01       0.00       0.00       0.00       0.00       0.00
Conflict Analysis  :       Time      Calls    Success    DomReds  Conflicts   Literals    Reconvs ReconvLits   Dualrays   Nonzeros   LP Iters   (pool size: [10000,10000])
  propagation      :       0.00          6          6          -         44       51.1          0        0.0          -          -          -
  infeasible LP    :       0.00          0          0          -          0        0.0          0        0.0          0        0.0          0
  bound exceed. LP :       0.00          0          0          -          0        0.0          0        0.0          0        0.0          0
  strong branching :       0.00          0          0          -          0        0.0          0        0.0          -          -          0
  pseudo solution  :       0.00          0          0          -          0        0.0          0        0.0          -          -          -
  applied globally :       0.00          -          -          0         16       32.6          -          -          0          -          -
  applied locally  :          -          -          -          0          0        0.0          -          -          0          -          -
Separators         :   ExecTime  SetupTime      Calls  RootCalls    Cutoffs    DomReds  FoundCuts ViaPoolAdd  DirectAdd    Applied ViaPoolApp  DirectApp      Conss
  cut pool         :       0.00          -          9          9          -          -        461        152          -          -          -          -          -    (maximal pool size:        461)
  aggregation      :       0.02       0.00          5          5          0          0        176        118          0        105        105          0          0
  > cmir           :          -          -          -          -          -          -          -          2          0          2          2          0          -
  > flowcover      :          -          -          -          -          -          -          -         11          0          0          0          0          -
  > knapsackcover  :          -          -          -          -          -          -          -        105          0        103        103          0          -
  cgmip            :       0.00       0.00          0          0          0          0          0          0          0          0          0          0          0
  clique           :       0.20       0.00          5          5          0          0          4          0          0          0          0          0          0
  closecuts        :       0.00       0.00          0          0          0          0          0          0          0          0          0          0          0
  convexproj       :       0.00       0.00          0          0          0          0          0          0          0          0          0          0          0
  disjunctive      :       0.00       0.00          0          0          0          0          0          0          0          0          0          0          0
  eccuts           :       0.00       0.00          0          0          0          0          0          0          0          0          0          0          0
  gauge            :       0.00       0.00          0          0          0          0          0          0          0          0          0          0          0
  gomory           :       0.15       0.00          5          5          0          0        261         16          0          3          3          0          0
  > gomorymi       :          -          -          -          -          -          -          -          0          0          0          0          0          -
  > strongcg       :          -          -          -          -          -          -          -         16          0          3          3          0          -
  impliedbounds    :       0.02       0.00          5          5          0          0          6          5          0          1          1          0          0
  interminor       :       0.00       0.00          0          0          0          0          0          0          0          0          0          0          0
  intobj           :       0.00       0.00          0          0          0          0          0          0          0          0          0          0          0
  mcf              :       0.01       0.00          1          1          0          0          0          0          0          0          0          0          0
  minor            :       0.00       0.00          0          0          0          0          0          0          0          0          0          0          0
  mixing           :       0.00       0.00          0          0          0          0          0          0          0          0          0          0          0
  oddcycle         :       0.00       0.00          0          0          0          0          0          0          0          0          0          0          0
  rapidlearning    :       0.00       0.00          0          0          0          0          0          0          0          0          0          0          0
  rlt              :       0.00       0.00          5          5          0          0          0          0          0          0          0          0          0
  zerohalf         :       0.02       0.00          5          5          0          0         14         13          0         12         12          0          0
Cutselectors       :   ExecTime  SetupTime      Calls  RootCalls   Selected     Forced   Filtered  RootSelec   RootForc   RootFilt 
  hybrid           :       0.00       0.00          5          5        122          0         33        122          0         33
Pricers            :   ExecTime  SetupTime      Calls       Vars
  problem variables:       0.00          -          0          0
Branching Rules    :   ExecTime  SetupTime   BranchLP  BranchExt   BranchPS    Cutoffs    DomReds       Cuts      Conss   Children
  allfullstrong    :       0.00       0.00          0          0          0          0          0          0          0          0
  cloud            :       0.00       0.00          0          0          0          0          0          0          0          0
  distribution     :       0.00       0.00          0          0          0          0          0          0          0          0
  fullstrong       :       0.00       0.00          0          0          0          0          0          0          0          0
  inference        :       0.00       0.00          0          0          0          0          0          0          0          0
  leastinf         :       0.00       0.00          0          0          0          0          0          0          0          0
  lookahead        :       0.00       0.00          0          0          0          0          0          0          0          0
  mostinf          :       0.00       0.00          0          0          0          0          0          0          0          0
  multaggr         :       0.00       0.00          0          0          0          0          0          0          0          0
  nodereopt        :       0.00       0.00          0          0          0          0          0          0          0          0
  pscost           :       0.00       0.00          0          0          0          0          0          0          0          0
  random           :       0.00       0.00          0          0          0          0          0          0          0          0
  relpscost        :       0.00       0.00          0          0          0          0          0          0          0          0
  vanillafullstrong:       0.00       0.00          0          0          0          0          0          0          0          0
Primal Heuristics  :   ExecTime  SetupTime      Calls      Found       Best
  LP solutions     :       0.00          -          -          0          0
  relax solutions  :       0.00          -          -          0          0
  pseudo solutions :       0.00          -          -          0          0
  strong branching :       0.00          -          -          0          0
  actconsdiving    :       0.00       0.00          0          0          0
  adaptivediving   :       0.00       0.00          0          0          0
  alns             :       0.00       0.00          0          0          0
  bound            :       0.00       0.00          0          0          0
  clique           :       0.05       0.00          1          0          0
  coefdiving       :       0.00       0.00          0          0          0
  completesol      :       0.00       0.00          0          0          0
  conflictdiving   :       0.00       0.00          0          0          0
  crossover        :       0.00       0.00          0          0          0
  dins             :       0.00       0.00          0          0          0
  distributiondivin:       0.00       0.00          0          0          0
  dps              :       0.00       0.00          0          0          0
  dualval          :       0.00       0.00          0          0          0
  farkasdiving     :       0.00       0.00          0          0          0
  feaspump         :       0.00       0.00          0          0          0
  fixandinfer      :       0.00       0.00          0          0          0
  fracdiving       :       0.00       0.00          0          0          0
  gins             :       0.00       0.00          0          0          0
  guideddiving     :       0.00       0.00          0          0          0
  indicator        :       0.00       0.00          0          0          0
  intdiving        :       0.00       0.00          0          0          0
  intshifting      :       0.00       0.00          0          0          0
  linesearchdiving :       0.00       0.00          0          0          0
  localbranching   :       0.00       0.00          0          0          0
  locks            :       0.03       0.00          1          0          0
  lpface           :       0.00       0.00          0          0          0
  mpec             :       0.00       0.00          0          0          0
  multistart       :       0.00       0.00          0          0          0
  mutation         :       0.00       0.00          0          0          0
  nlpdiving        :       0.00       0.00          0          0          0
  objpscostdiving  :       0.00       0.00          0          0          0
  octane           :       0.00       0.00          0          0          0
  ofins            :       0.00       0.00          0          0          0
  oneopt           :       0.00       0.00          1          0          0
  padm             :       0.00       0.00          0          0          0
  proximity        :       0.00       0.00          0          0          0
  pscostdiving     :       0.00       0.00          0          0          0
  randrounding     :       0.06       0.00          6          0          0
  rens             :       0.00       0.00          0          0          0
  reoptsols        :       0.00       0.00          0          0          0
  repair           :       0.00       0.00          0          0          0
  rins             :       0.00       0.00          0          0          0
  rootsoldiving    :       0.00       0.00          0          0          0
  rounding         :       0.00       0.00          6          0          0
  shiftandpropagate:       0.00       0.00          0          0          0
  shifting         :       0.01       0.00          6          1          1
  simplerounding   :       0.00       0.00          0          0          0
  subnlp           :       0.00       0.00          0          0          0
  trivial          :       0.02       0.00          2          0          0
  trivialnegation  :       0.00       0.00          0          0          0
  trustregion      :       0.00       0.00          0          0          0
  trysol           :       0.00       0.00          0          0          0
  twoopt           :       0.00       0.00          0          0          0
  undercover       :       0.00       0.00          0          0          0
  vbounds          :       0.22       0.00          1          1          1
  veclendiving     :       0.00       0.00          0          0          0
  zeroobj          :       0.00       0.00          0          0          0
  zirounding       :       0.00       0.00          0          0          0
  other solutions  :          -          -          -          0          -
LP                 :       Time      Calls Iterations  Iter/call   Iter/sec  Time-0-It Calls-0-It    ItLimit
  primal LP        :       0.00          0          0       0.00          -       0.00          0
  dual LP          :       0.06          6        544      90.67    9845.44       0.00          0
  lex dual LP      :       0.00          0          0       0.00          -
  barrier LP       :       0.00          0          0       0.00          -       0.00          0
  resolve instable :       0.00          0          0       0.00          -
  diving/probing LP:       0.01          1         74      74.00    6394.19
  strong branching :       0.00          0          0       0.00          -          -          -          0
    (at root node) :          -          0          0       0.00          -
  conflict analysis:       0.00          0          0       0.00          -
B&B Tree           :
  number of runs   :          1
  nodes            :          1 (0 internal, 1 leaves)
  feasible leaves  :          0
  infeas. leaves   :          0
  objective leaves :          1
  nodes (total)    :          1 (0 internal, 1 leaves)
  nodes left       :          0
  max depth        :          0
  max depth (total):          0
  backtracks       :          0 (0.0%)
  early backtracks :          0 (0.0%)
  nodes exc. ref.  :          0 (0.0%)
  delayed cutoffs  :          0
  repropagations   :          0 (0 domain reductions, 0 cutoffs)
  avg switch length:       2.00
  switching time   :       0.00
Root Node          :
  First LP value   : -1.75000000000000e+02
  First LP Iters   :        222 (6603.80 Iter/sec)
  First LP Time    :       0.03
  Final Dual Bound : -1.75000000000000e+02
  Final Root Iters :        544
  Root LP Estimate :                     -
Solution           :
  Solutions found  :          2 (2 improvements)
  First Solution   : +9.50000000000000e+01   (in run 1, after 1 nodes, 2.51 seconds, depth 120, found by <vbounds>)
  Gap First Sol.   :   infinite
  Gap Last Sol.    :       0.00 %
  Primal Bound     : -1.75000000000000e+02   (in run 1, after 1 nodes, 3.27 seconds, depth 0, found by <shifting>)
  Dual Bound       : -1.75000000000000e+02
  Gap              :       0.00 %
Integrals          :      Total       Avg%
  primal-dual      :     327.92     100.00
  primal-ref       :          -          - (not evaluated)
  dual-ref         :          -          - (not evaluated)
written solution information to file <results/final_miplib_symretope_if_extended_generating_set_cpx_v802__settings_final_nosym_norestarts__0__neos-3045796-mogo.mps.gz.sol>
@04 1686649229
