FILENAME:   /home/mcs001/s132664/testsets/IP/miplib2017/ns1116954.mps.gz
SETTINGS:   settings_final_nosym_norestarts
TIMELIMIT:  7200
OUTPUTNAME: final_miplib_symretope_if_extended_generating_set_cpx_v802__settings_final_nosym_norestarts__4__
BINNAME:    bin/sbcs.linux.x86_64.gnu.opt.cpx
BASENAME:   ns1116954.mps.gz
SEED:       4
@01 /home/mcs001/s132664/testsets/IP/miplib2017/ns1116954.mps.gz ===========
@02 ns1116954.mps.gz
@03 1686664539
SCIP version 8.0.2 [precision: 8 byte] [memory: block] [mode: optimized] [LP solver: CPLEX 20.1.0.0] [GitHash: 5f0473c]
Copyright (C) 2002-2022 Konrad-Zuse-Zentrum fuer Informationstechnik Berlin (ZIB)

Symretope propagation methods - (c) Jasper van Doornmalen, Christopher Hojny.
[GitHash: 2fd0484]

reading parameter file <../settings/settings_final_nosym_norestarts.set> ...

Changed settings:
limits/time = 7200
limits/restarts = 0
misc/usesymmetry = 0
randomization/randomseedshift = 4
constraints/orbisack/sepafreq = -1
constraints/symresack/sepafreq = -1
propagating/symmetry/detectsubgroups = FALSE
propagating/symmetry/usesymretopes = FALSE
propagating/symmetry/relabelsymretopes = 0
propagating/symmetry/ofsymcomptiming = 0
constraints/symretope/sepafreq = -1
constraints/symretope/peek = FALSE


solving problem ...

original problem has 12648 variables (7482 bin, 0 int, 0 impl, 5166 cont) and 131991 constraints
presolving:
(round 1, fast)       720 del vars, 120 del conss, 0 add conss, 0 chg bounds, 0 chg sides, 24 chg coeffs, 0 upgd conss, 0 impls, 12209 clqs
(round 2, exhaustive) 720 del vars, 126 del conss, 0 add conss, 0 chg bounds, 0 chg sides, 24 chg coeffs, 8483 upgd conss, 0 impls, 12209 clqs
(round 3, medium)     720 del vars, 150 del conss, 48 add conss, 0 chg bounds, 48 chg sides, 672 chg coeffs, 8483 upgd conss, 0 impls, 13360 clqs
   (15.9s) probing: 1000/7482 (13.4%) - 0 fixings, 0 aggregations, 331500 implications, 0 bound changes
   (15.9s) probing: 1001/7482 (13.4%) - 0 fixings, 0 aggregations, 331614 implications, 0 bound changes
   (15.9s) probing aborted: 1000/1000 successive useless probings
presolving (4 rounds: 4 fast, 3 medium, 2 exhaustive):
 720 deleted vars, 150 deleted constraints, 48 added constraints, 0 tightened bounds, 0 added holes, 48 changed sides, 672 changed coefficients
 0 implications, 344974 cliques
presolved problem has 11928 variables (7482 bin, 0 int, 0 impl, 4446 cont) and 131889 constraints
    180 constraints of type <knapsack>
   8327 constraints of type <setppc>
 123382 constraints of type <linear>
transformed objective value is always integral (scale: 1)
Presolving Time: 15.83

 time | node  | left  |LP iter|LP it/n|mem/heur|mdpt |vars |cons |rows |cuts |sepa|confs|strbr|  dualbound   | primalbound  |  gap   | compl. 
 19.9s|     1 |     0 |   606 |     - |   395M |   0 |  11k| 131k| 131k|   0 |  0 |  82 |   0 | 0.000000e+00 |      --      |    Inf | unknown
  156s|     1 |     0 | 30130 |     - |   416M |   0 |  11k| 131k| 131k|  44 |  1 |  83 |   0 | 0.000000e+00 |      --      |    Inf | unknown
  252s|     1 |     0 | 44865 |     - |   431M |   0 |  11k| 131k| 131k|  80 |  2 |  93 |   0 | 0.000000e+00 |      --      |    Inf | unknown
  301s|     1 |     0 | 55175 |     - |   446M |   0 |  11k| 131k| 131k| 108 |  3 |  93 |   0 | 0.000000e+00 |      --      |    Inf | unknown
  350s|     1 |     0 | 65944 |     - |   461M |   0 |  11k| 131k| 132k| 137 |  4 | 103 |   0 | 0.000000e+00 |      --      |    Inf | unknown
  394s|     1 |     0 | 75333 |     - |   476M |   0 |  11k| 131k| 132k| 161 |  5 | 103 |   0 | 0.000000e+00 |      --      |    Inf | unknown
  482s|     1 |     0 | 89183 |     - |   490M |   0 |  11k| 131k| 132k| 186 |  6 | 106 |   0 | 0.000000e+00 |      --      |    Inf | unknown
  584s|     1 |     0 |104718 |     - |   505M |   0 |  11k| 131k| 132k| 204 |  7 | 107 |   0 | 0.000000e+00 |      --      |    Inf | unknown
  698s|     1 |     0 |120691 |     - |   519M |   0 |  11k| 131k| 132k| 223 |  8 | 107 |   0 | 0.000000e+00 |      --      |    Inf | unknown
  811s|     1 |     0 |136098 |     - |   533M |   0 |  11k| 131k| 132k| 243 |  9 | 107 |   0 | 0.000000e+00 |      --      |    Inf | unknown
  926s|     1 |     0 |151994 |     - |   547M |   0 |  11k| 131k| 132k| 257 | 10 | 107 |   0 | 0.000000e+00 |      --      |    Inf | unknown
 1051s|     1 |     0 |169008 |     - |   562M |   0 |  11k| 131k| 132k| 271 | 11 | 107 |   0 | 0.000000e+00 |      --      |    Inf | unknown
 1123s|     1 |     0 |179457 |     - |   576M |   0 |  11k| 131k| 132k| 288 | 12 | 107 |   0 | 0.000000e+00 |      --      |    Inf | unknown
 1404s|     1 |     2 |212131 |     - |   585M |   0 |  11k| 132k| 132k| 288 | 12 | 128 |  20 | 0.000000e+00 |      --      |    Inf | unknown
d1638s|    11 |     0 |248281 |6918.2 |pscostdi|   8 |  11k| 132k| 132k|   0 |  1 | 138 |  20 | 0.000000e+00 | 0.000000e+00 |   0.00%| 100.00%

SCIP Status        : problem is solved [optimal solution found]
Solving Time (sec) : 1638.03
Solving Nodes      : 11
Primal Bound       : +0.00000000000000e+00 (1 solutions)
Dual Bound         : +0.00000000000000e+00
Gap                : 0.00 %
SCIP Status        : problem is solved [optimal solution found]
Total Time         :    1638.60
  solving          :    1638.03
  presolving       :      15.83 (included in solving)
  reading          :       0.57
  copying          :       0.57 (2 #copies) (minimal 0.28, maximal 0.29, average 0.29)
Original Problem   :
  Problem name     : ns1116954
  Variables        : 12648 (7482 binary, 0 integer, 0 implicit integer, 5166 continuous)
  Constraints      : 131991 initial, 131991 maximal
  Objective        : minimize, 0 non-zeros (abs.min = 1e+20, abs.max = -1e+20)
Presolved Problem  :
  Problem name     : t_ns1116954
  Variables        : 11928 (7482 binary, 0 integer, 0 implicit integer, 4446 continuous)
  Constraints      : 131889 initial, 132026 maximal
  Objective        : minimize, 0 non-zeros (abs.min = 1e+20, abs.max = -1e+20)
  Nonzeros         : 409946 constraint, 741045 clique table
Presolvers         :   ExecTime  SetupTime  Calls  FixedVars   AggrVars   ChgTypes  ChgBounds   AddHoles    DelCons    AddCons   ChgSides   ChgCoefs
  boundshift       :       0.00       0.00      0          0          0          0          0          0          0          0          0          0
  convertinttobin  :       0.00       0.00      0          0          0          0          0          0          0          0          0          0
  domcol           :       0.07       0.00      1          0          0          0          0          0          0          0          0          0
  dualagg          :       0.00       0.00      0          0          0          0          0          0          0          0          0          0
  dualcomp         :       0.08       0.00      1          0          0          0          0          0          0          0          0          0
  dualinfer        :       0.00       0.00      0          0          0          0          0          0          0          0          0          0
  dualsparsify     :       0.15       0.00      1          0          0          0          0          0          0          0          0          0
  gateextraction   :       0.00       0.00      0          0          0          0          0          0          0          0          0          0
  implics          :       0.00       0.00      3          0          0          0          0          0          0          0          0          0
  inttobinary      :       0.00       0.00      0          0          0          0          0          0          0          0          0          0
  qpkktref         :       0.00       0.00      0          0          0          0          0          0          0          0          0          0
  redvub           :       0.00       0.00      0          0          0          0          0          0          0          0          0          0
  sparsify         :       0.20       0.00      1          0          0          0          0          0          0          0          0          0
  stuffing         :       0.00       0.00      0          0          0          0          0          0          0          0          0          0
  trivial          :       0.00       0.00      4          0          0          0          0          0          0          0          0          0
  tworowbnd        :       0.00       0.00      0          0          0          0          0          0          0          0          0          0
  dualfix          :       0.00       0.00      4        720          0          0          0          0          0          0          0          0
  genvbounds       :       0.00       0.00      0          0          0          0          0          0          0          0          0          0
  probing          :      14.83       0.00      1          0          0          0          0          0          0          0          0          0
  pseudoobj        :       0.00       0.00      0          0          0          0          0          0          0          0          0          0
  symmetry         :       0.00       0.00      0          0          0          0          0          0          0          0          0          0
  vbounds          :       0.00       0.00      1          0          0          0          0          0          0          0          0          0
  knapsack         :       0.03       0.00      5          0          0          0          0          0         24         48         48        648
  setppc           :       0.02       0.00      5          0          0          0          0          0          0          0          0          0
  linear           :       0.36       0.06      6          0          0          0          0          0        126          0          0         24
  logicor          :       0.00       0.00      0          0          0          0          0          0          0          0          0          0
  benders          :       0.00       0.00      0          0          0          0          0          0          0          0          0          0
  components       :       0.05       0.00      1          0          0          0          0          0          0          0          0          0
  root node        :          -          -      -          0          -          -          0          -          -          -          -          -
Constraints        :     Number  MaxNumber  #Separate #Propagate    #EnfoLP    #EnfoRelax  #EnfoPS    #Check   #ResProp    Cutoffs    DomReds       Cuts    Applied      Conss   Children
  benderslp        :          0          0          0          0         11          0          0         19          0          0          0          0          0          0          0
  integral         :          0          0          0          0         11          0          0         19          0          0          0          0          0          0         22
  knapsack         :        180+       182         12      10460          0          0          0         13       1559         19         42       1146        220          0          0
  setppc           :       8327       8327         12      10441          0          0          0          4        708         10       1538          0          0          0          0
  linear           :     123382     123382         12      10431          0          0          0          1        321          6          0          0          0          0          0
  logicor          :          0+       136         12        237          0          0          0          0          2          0          0          1          0          0          0
  benders          :          0          0          0          0          0          0          0          2          0          0          0          0          0          0          0
  countsols        :          0          0          0          0          0          0          0          2          0          0          0          0          0          0          0
  components       :          0          0          0          0          0          0          0          0          0          0          0          0          0          0          0
Constraint Timings :  TotalTime  SetupTime   Separate  Propagate     EnfoLP     EnfoPS     EnfoRelax   Check    ResProp    SB-Prop
  benderslp        :       0.00       0.00       0.00       0.00       0.00       0.00       0.00       0.00       0.00       0.00
  integral         :      99.55       0.00       0.00       0.00      99.55       0.00       0.00       0.00       0.00       0.00
  knapsack         :       1.89       0.00       0.02       1.85       0.00       0.00       0.00       0.00       0.00       0.02
  setppc           :       2.89       0.00       0.01       2.83       0.00       0.00       0.00       0.00       0.00       0.05
  linear           :       4.36       0.06       0.25       3.98       0.00       0.00       0.00       0.00       0.00       0.06
  logicor          :       0.00       0.00       0.00       0.00       0.00       0.00       0.00       0.00       0.00       0.00
  benders          :       0.00       0.00       0.00       0.00       0.00       0.00       0.00       0.00       0.00       0.00
  countsols        :       0.00       0.00       0.00       0.00       0.00       0.00       0.00       0.00       0.00       0.00
  components       :       0.00       0.00       0.00       0.00       0.00       0.00       0.00       0.00       0.00       0.00
Propagators        : #Propagate   #ResProp    Cutoffs    DomReds
  dualfix          :          1          0          0          0
  genvbounds       :          0          0          0          0
  nlobbt           :          0          0          0          0
  obbt             :          0          0          0          0
  probing          :          0          0          0          0
  pseudoobj        :          0          0          0          0
  redcost          :          0          0          0          0
  rootredcost      :          0          0          0          0
  symmetry         :          0          0          0          0
  vbounds          :       1835          0          0          0
Propagator Timings :  TotalTime  SetupTime   Presolve  Propagate    ResProp    SB-Prop
  dualfix          :       0.00       0.00       0.00       0.00       0.00       0.00
  genvbounds       :       0.00       0.00       0.00       0.00       0.00       0.00
  nlobbt           :       0.00       0.00       0.00       0.00       0.00       0.00
  obbt             :       0.00       0.00       0.00       0.00       0.00       0.00
  probing          :      14.83       0.00      14.83       0.00       0.00       0.00
  pseudoobj        :       0.00       0.00       0.00       0.00       0.00       0.00
  redcost          :       0.00       0.00       0.00       0.00       0.00       0.00
  rootredcost      :       0.00       0.00       0.00       0.00       0.00       0.00
  symmetry         :       0.00       0.00       0.00       0.00       0.00       0.00
  vbounds          :       0.01       0.00       0.00       0.00       0.00       0.00
Conflict Analysis  :       Time      Calls    Success    DomReds  Conflicts   Literals    Reconvs ReconvLits   Dualrays   Nonzeros   LP Iters   (pool size: [10000,10000])
  propagation      :       0.00         33         33          -        161      116.8          2       50.0          -          -          -
  infeasible LP    :       0.02          4          3          -         64      240.3          0        0.0          3      352.7          0
  bound exceed. LP :       0.00          0          0          -          0        0.0          0        0.0          0        0.0          0
  strong branching :       0.00          0          0          -          0        0.0          0        0.0          -          -          0
  pseudo solution  :       0.00          0          0          -          0        0.0          0        0.0          -          -          -
  applied globally :       0.02          -          -          0        135       39.7          -          -          3          -          -
  applied locally  :          -          -          -          0          0        0.0          -          -          0          -          -
Separators         :   ExecTime  SetupTime      Calls  RootCalls    Cutoffs    DomReds  FoundCuts ViaPoolAdd  DirectAdd    Applied ViaPoolApp  DirectApp      Conss
  cut pool         :       0.01          -         23         23          -          -        552        234          -          -          -          -          -    (maximal pool size:        552)
  aggregation      :       0.21       0.00         12         12          0          0         23         14          0          4          4          0          0
  > cmir           :          -          -          -          -          -          -          -         14          0          4          4          0          -
  > flowcover      :          -          -          -          -          -          -          -          0          0          0          0          0          -
  > knapsackcover  :          -          -          -          -          -          -          -          0          0          0          0          0          -
  cgmip            :       0.00       0.00          0          0          0          0          0          0          0          0          0          0          0
  clique           :       1.43       0.00         12         12          0          0         67         61          0         35         35          0          0
  closecuts        :       0.00       0.00          0          0          0          0          0          0          0          0          0          0          0
  convexproj       :       0.00       0.00          0          0          0          0          0          0          0          0          0          0          0
  disjunctive      :       0.00       0.00          0          0          0          0          0          0          0          0          0          0          0
  eccuts           :       0.00       0.00          0          0          0          0          0          0          0          0          0          0          0
  gauge            :       0.00       0.00          0          0          0          0          0          0          0          0          0          0          0
  gomory           :       5.12       0.00         10         10          0          0        380         86          0         21         21          0          0
  > gomorymi       :          -          -          -          -          -          -          -         85          0         20         20          0          -
  > strongcg       :          -          -          -          -          -          -          -          1          0          1          1          0          -
  impliedbounds    :       0.12       0.00         12         12          0          0         24          7          0          5          5          0          0
  interminor       :       0.00       0.00          0          0          0          0          0          0          0          0          0          0          0
  intobj           :       0.00       0.00          0          0          0          0          0          0          0          0          0          0          0
  mcf              :       0.07       0.00          1          1          0          0          0          0          0          0          0          0          0
  minor            :       0.00       0.00          0          0          0          0          0          0          0          0          0          0          0
  mixing           :       0.00       0.00         12         12          0          0          0          0          0          0          0          0          0
  oddcycle         :       0.00       0.00          0          0          0          0          0          0          0          0          0          0          0
  rapidlearning    :       0.00       0.00          0          0          0          0          0          0          0          0          0          0          0
  rlt              :       0.00       0.00         10         10          0          0          0          0          0          0          0          0          0
  zerohalf         :       0.19       0.00         12         12          0          0         58         66          0          3          3          0          0
Cutselectors       :   ExecTime  SetupTime      Calls  RootCalls   Selected     Forced   Filtered  RootSelec   RootForc   RootFilt 
  hybrid           :       0.00       0.00         12         12        288          0       1093        288          0       1093
Pricers            :   ExecTime  SetupTime      Calls       Vars
  problem variables:       0.00          -          0          0
Branching Rules    :   ExecTime  SetupTime   BranchLP  BranchExt   BranchPS    Cutoffs    DomReds       Cuts      Conss   Children
  allfullstrong    :       0.00       0.00          0          0          0          0          0          0          0          0
  cloud            :       0.00       0.00          0          0          0          0          0          0          0          0
  distribution     :       0.00       0.00          0          0          0          0          0          0          0          0
  fullstrong       :       0.00       0.00          0          0          0          0          0          0          0          0
  inference        :       0.00       0.00          0          0          0          0          0          0          0          0
  leastinf         :       0.00       0.00          0          0          0          0          0          0          0          0
  lookahead        :       0.00       0.00          0          0          0          0          0          0          0          0
  mostinf          :       0.00       0.00          0          0          0          0          0          0          0          0
  multaggr         :       0.00       0.00          0          0          0          0          0          0          0          0
  nodereopt        :       0.00       0.00          0          0          0          0          0          0          0          0
  pscost           :       0.00       0.00          0          0          0          0          0          0          0          0
  random           :       0.00       0.00          0          0          0          0          0          0          0          0
  relpscost        :      99.55       0.00         11          0          0          0          0          0          0         22
  vanillafullstrong:       0.00       0.00          0          0          0          0          0          0          0          0
Primal Heuristics  :   ExecTime  SetupTime      Calls      Found       Best
  LP solutions     :       0.00          -          -          0          0
  relax solutions  :       0.00          -          -          0          0
  pseudo solutions :       0.00          -          -          0          0
  strong branching :       0.00          -          -          0          0
  actconsdiving    :       0.00       0.00          0          0          0
  adaptivediving   :       0.00       0.00          0          0          0
  alns             :       1.01       0.00          1          0          0
  bound            :       0.00       0.00          0          0          0
  clique           :       0.39       0.00          1          0          0
  coefdiving       :       0.00       0.00          0          0          0
  completesol      :       0.00       0.00          0          0          0
  conflictdiving   :     179.60       0.00          1          0          0
  crossover        :       0.00       0.00          0          0          0
  dins             :       0.00       0.00          0          0          0
  distributiondivin:       0.00       0.00          0          0          0
  dps              :       0.00       0.00          0          0          0
  dualval          :       0.00       0.00          0          0          0
  farkasdiving     :       0.00       0.00          0          0          0
  feaspump         :      35.09       0.00          1          0          0
  fixandinfer      :       0.00       0.00          0          0          0
  fracdiving       :       0.00       0.00          0          0          0
  gins             :       0.00       0.00          0          0          0
  guideddiving     :       0.00       0.00          0          0          0
  indicator        :       0.00       0.00          0          0          0
  intdiving        :       0.00       0.00          0          0          0
  intshifting      :       0.22       0.00          1          0          0
  linesearchdiving :       0.00       0.00          0          0          0
  localbranching   :       0.00       0.00          0          0          0
  locks            :       0.20       0.00          1          0          0
  lpface           :       0.00       0.00          0          0          0
  mpec             :       0.00       0.00          0          0          0
  multistart       :       0.00       0.00          0          0          0
  mutation         :       0.00       0.00          0          0          0
  nlpdiving        :       0.00       0.00          0          0          0
  objpscostdiving  :       0.00       0.00          0          0          0
  octane           :       0.00       0.00          0          0          0
  ofins            :       0.00       0.00          0          0          0
  oneopt           :       0.00       0.00          0          0          0
  padm             :       0.00       0.00          0          0          0
  proximity        :       0.00       0.00          0          0          0
  pscostdiving     :      74.41       0.00          1          1          1
  randrounding     :       2.29       0.00         13          0          0
  rens             :       1.02       0.00          1          0          0
  reoptsols        :       0.00       0.00          0          0          0
  repair           :       0.00       0.00          0          0          0
  rins             :       0.00       0.00          0          0          0
  rootsoldiving    :       0.00       0.00          0          0          0
  rounding         :       0.13       0.00         23          0          0
  shiftandpropagate:       0.22       0.00          1          0          0
  shifting         :       0.15       0.00         13          0          0
  simplerounding   :       0.00       0.00          0          0          0
  subnlp           :       0.00       0.00          0          0          0
  trivial          :       0.02       0.00          2          0          0
  trivialnegation  :       0.00       0.00          0          0          0
  trustregion      :       0.00       0.00          0          0          0
  trysol           :       0.00       0.00          0          0          0
  twoopt           :       0.00       0.00          0          0          0
  undercover       :       0.00       0.00          0          0          0
  vbounds          :       1.00       0.00          1          0          0
  veclendiving     :       0.00       0.00          0          0          0
  zeroobj          :       0.00       0.00          0          0          0
  zirounding       :       0.01       0.00         10          0          0
  other solutions  :          -          -          -          0          -
LP                 :       Time      Calls Iterations  Iter/call   Iter/sec  Time-0-It Calls-0-It    ItLimit
  primal LP        :       4.18          1          0       0.00       0.00       4.18          1
  dual LP          :    1214.74         23     193505    8413.26     159.30       0.00          0
  lex dual LP      :       0.00          0          0       0.00          -
  barrier LP       :       0.00          0          0       0.00          -       0.00          0
  resolve instable :       0.00          0          0       0.00          -
  diving/probing LP:     288.82         39      54776    1404.51     189.65
  strong branching :      99.07         20      16968     848.40     171.27          -          -         26
    (at root node) :          -         20      16968     848.40          -
  conflict analysis:       0.00          0          0       0.00          -
B&B Tree           :
  number of runs   :          1
  nodes            :         11 (11 internal, 0 leaves)
  feasible leaves  :          0
  infeas. leaves   :          0
  objective leaves :          0
  nodes (total)    :         11 (11 internal, 0 leaves)
  nodes left       :          0
  max depth        :          8
  max depth (total):          8
  backtracks       :          0 (0.0%)
  early backtracks :          0 (0.0%)
  nodes exc. ref.  :          0 (0.0%)
  delayed cutoffs  :          0
  repropagations   :          0 (0 domain reductions, 0 cutoffs)
  avg switch length:       2.00
  switching time   :       4.19
Root Node          :
  First LP value   : +0.00000000000000e+00
  First LP Iters   :        248 (125.58 Iter/sec)
  First LP Time    :       1.97
  Final Dual Bound : +0.00000000000000e+00
  Final Root Iters :     179099
  Root LP Estimate : +6.22740717376403e-04
Solution           :
  Solutions found  :          1 (1 improvements)
  First Solution   : +0.00000000000000e+00   (in run 1, after 11 nodes, 1637.91 seconds, depth 205, found by <pscostdiving>)
  Gap First Sol.   :       0.00 %
  Gap Last Sol.    :       0.00 %
  Primal Bound     : +0.00000000000000e+00   (in run 1, after 11 nodes, 1637.91 seconds, depth 205, found by <pscostdiving>)
  Dual Bound       : +0.00000000000000e+00
  Gap              :       0.00 %
Integrals          :      Total       Avg%
  primal-dual      :  163791.31      99.99
  primal-ref       :          -          - (not evaluated)
  dual-ref         :          -          - (not evaluated)
written solution information to file <results/final_miplib_symretope_if_extended_generating_set_cpx_v802__settings_final_nosym_norestarts__4__ns1116954.mps.gz.sol>
@04 1686666178
