FILENAME:   /home/mcs001/s132664/testsets/IP/miplib2017/neos-3237086-abava.mps.gz
SETTINGS:   settings_final_nosym_norestarts
TIMELIMIT:  7200
OUTPUTNAME: final_miplib_symretope_if_extended_generating_set_cpx_v802__settings_final_nosym_norestarts__2__
BINNAME:    bin/sbcs.linux.x86_64.gnu.opt.cpx
BASENAME:   neos-3237086-abava.mps.gz
SEED:       2
@01 /home/mcs001/s132664/testsets/IP/miplib2017/neos-3237086-abava.mps.gz ===========
@02 neos-3237086-abava.mps.gz
@03 1686656527
SCIP version 8.0.2 [precision: 8 byte] [memory: block] [mode: optimized] [LP solver: CPLEX 20.1.0.0] [GitHash: 5f0473c]
Copyright (C) 2002-2022 Konrad-Zuse-Zentrum fuer Informationstechnik Berlin (ZIB)

Symretope propagation methods - (c) Jasper van Doornmalen, Christopher Hojny.
[GitHash: 2fd0484]

reading parameter file <../settings/settings_final_nosym_norestarts.set> ...

Changed settings:
limits/time = 7200
limits/restarts = 0
misc/usesymmetry = 0
randomization/randomseedshift = 2
constraints/orbisack/sepafreq = -1
constraints/symresack/sepafreq = -1
propagating/symmetry/detectsubgroups = FALSE
propagating/symmetry/usesymretopes = FALSE
propagating/symmetry/relabelsymretopes = 0
propagating/symmetry/ofsymcomptiming = 0
constraints/symretope/sepafreq = -1
constraints/symretope/peek = FALSE


solving problem ...

original problem has 50192 variables (50192 bin, 0 int, 0 impl, 0 cont) and 69472 constraints
presolving:
(round 1, fast)       992 del vars, 976 del conss, 0 add conss, 0 chg bounds, 0 chg sides, 0 chg coeffs, 0 upgd conss, 0 impls, 26896 clqs
(round 2, exhaustive) 992 del vars, 976 del conss, 0 add conss, 0 chg bounds, 0 chg sides, 0 chg coeffs, 64832 upgd conss, 0 impls, 26896 clqs
(round 3, medium)     992 del vars, 31696 del conss, 61440 add conss, 0 chg bounds, 0 chg sides, 0 chg coeffs, 64832 upgd conss, 0 impls, 88336 clqs
   (32.4s) probing: 1000/49200 (2.0%) - 0 fixings, 0 aggregations, 1128952 implications, 0 bound changes
   (32.4s) probing: 1001/49200 (2.0%) - 0 fixings, 0 aggregations, 1129032 implications, 0 bound changes
   (32.4s) probing aborted: 1000/1000 successive useless probings
presolving (4 rounds: 4 fast, 3 medium, 2 exhaustive):
 992 deleted vars, 31696 deleted constraints, 61440 added constraints, 0 tightened bounds, 0 added holes, 0 changed sides, 0 changed coefficients
 0 implications, 231528 cliques
presolved problem has 49200 variables (49200 bin, 0 int, 0 impl, 0 cont) and 99216 constraints
     16 constraints of type <knapsack>
  88336 constraints of type <setppc>
   3600 constraints of type <linear>
   7264 constraints of type <logicor>
transformed objective value is always integral (scale: 1)
Presolving Time: 32.89

 time | node  | left  |LP iter|LP it/n|mem/heur|mdpt |vars |cons |rows |cuts |sepa|confs|strbr|  dualbound   | primalbound  |  gap   | compl. 
 34.9s|     1 |     0 |    83 |     - |   536M |   0 |  49k|  99k|  99k|   0 |  0 |  73 |   0 | 0.000000e+00 |      --      |    Inf | unknown
  206s|     1 |     0 | 58726 |     - |   559M |   0 |  49k|  99k|  99k|   4 |  1 |  74 |   0 | 0.000000e+00 |      --      |    Inf | unknown
  635s|     1 |     0 |139911 |     - |   583M |   0 |  49k|  99k|  99k|  10 |  2 |  74 |   0 | 0.000000e+00 |      --      |    Inf | unknown
  652s|     1 |     0 |140780 |     - |   597M |   0 |  49k|  99k|  99k|  11 |  3 |  74 |   0 | 0.000000e+00 |      --      |    Inf | unknown
  842s|     1 |     0 |166753 |     - |   609M |   0 |  49k|  99k|  99k|  41 |  4 |  74 |   0 | 0.000000e+00 |      --      |    Inf | unknown
  962s|     1 |     0 |181573 |     - |   627M |   0 |  49k|  99k|  99k|  48 |  5 |  74 |   0 | 0.000000e+00 |      --      |    Inf | unknown
 1743s|     1 |     0 |307024 |     - |   639M |   0 |  49k|  99k|  99k|  58 |  6 |  74 |   0 | 0.000000e+00 |      --      |    Inf | unknown
 2319s|     1 |     0 |392360 |     - |   651M |   0 |  49k|  99k|  99k|  64 |  7 |  74 |   0 | 0.000000e+00 |      --      |    Inf | unknown
 2425s|     1 |     0 |403555 |     - |   663M |   0 |  49k|  99k|  99k|  65 |  8 |  74 |   0 | 0.000000e+00 |      --      |    Inf | unknown
 2718s|     1 |     0 |439214 |     - |   674M |   0 |  49k|  99k|  99k|  72 |  9 |  74 |   0 | 0.000000e+00 |      --      |    Inf | unknown
 2762s|     1 |     0 |442804 |     - |   684M |   0 |  49k|  99k|  99k|  74 | 10 |  74 |   0 | 0.000000e+00 |      --      |    Inf | unknown
 2819s|     1 |     0 |450646 |     - |   695M |   0 |  49k|  99k|  99k|  84 | 11 |  74 |   0 | 0.000000e+00 |      --      |    Inf | unknown
 3084s|     1 |     2 |457420 |     - |   701M |   0 |  49k|  99k|  99k|  84 | 11 |  80 |  38 | 0.000000e+00 |      --      |    Inf | unknown

SCIP Status        : solving was interrupted [time limit reached]
Solving Time (sec) : 7200.08
Solving Nodes      : 11
Primal Bound       : +1.00000000000000e+20 (0 solutions)
Dual Bound         : +0.00000000000000e+00
Gap                : infinite
SCIP Status        : solving was interrupted [time limit reached]
Total Time         :    7200.44
  solving          :    7200.08
  presolving       :      32.89 (included in solving)
  reading          :       0.36
  copying          :       0.52 (2 #copies) (minimal 0.25, maximal 0.27, average 0.26)
Original Problem   :
  Problem name     : neos-3237086-abava
  Variables        : 50192 (50192 binary, 0 integer, 0 implicit integer, 0 continuous)
  Constraints      : 69472 initial, 69472 maximal
  Objective        : minimize, 0 non-zeros (abs.min = 1e+20, abs.max = -1e+20)
Presolved Problem  :
  Problem name     : t_neos-3237086-abava
  Variables        : 49200 (49200 binary, 0 integer, 0 implicit integer, 0 continuous)
  Constraints      : 99216 initial, 99260 maximal
  Objective        : minimize, 0 non-zeros (abs.min = 1e+20, abs.max = -1e+20)
  Nonzeros         : 258240 constraint, 467128 clique table
Presolvers         :   ExecTime  SetupTime  Calls  FixedVars   AggrVars   ChgTypes  ChgBounds   AddHoles    DelCons    AddCons   ChgSides   ChgCoefs
  boundshift       :       0.00       0.00      0          0          0          0          0          0          0          0          0          0
  convertinttobin  :       0.00       0.00      0          0          0          0          0          0          0          0          0          0
  domcol           :       0.25       0.00      1          0          0          0          0          0          0          0          0          0
  dualagg          :       0.00       0.00      0          0          0          0          0          0          0          0          0          0
  dualcomp         :       0.00       0.00      0          0          0          0          0          0          0          0          0          0
  dualinfer        :       0.00       0.00      0          0          0          0          0          0          0          0          0          0
  dualsparsify     :       0.65       0.00      1          0          0          0          0          0          0          0          0          0
  gateextraction   :       0.11       0.00      1          0          0          0          0          0          0          0          0          0
  implics          :       0.00       0.00      3          0          0          0          0          0          0          0          0          0
  inttobinary      :       0.00       0.00      0          0          0          0          0          0          0          0          0          0
  qpkktref         :       0.00       0.00      0          0          0          0          0          0          0          0          0          0
  redvub           :       0.00       0.00      0          0          0          0          0          0          0          0          0          0
  sparsify         :       0.12       0.00      1          0          0          0          0          0          0          0          0          0
  stuffing         :       0.00       0.00      0          0          0          0          0          0          0          0          0          0
  trivial          :       0.01       0.00      4          0          0          0          0          0          0          0          0          0
  tworowbnd        :       0.00       0.00      0          0          0          0          0          0          0          0          0          0
  dualfix          :       0.01       0.00      4         32          0          0          0          0          0          0          0          0
  genvbounds       :       0.00       0.00      0          0          0          0          0          0          0          0          0          0
  probing          :      30.48       0.00      1          0          0          0          0          0          0          0          0          0
  pseudoobj        :       0.00       0.00      0          0          0          0          0          0          0          0          0          0
  symmetry         :       0.00       0.00      0          0          0          0          0          0          0          0          0          0
  vbounds          :       0.06       0.00      2          0          0          0          0          0          0          0          0          0
  knapsack         :       0.27       0.00      5          0          0          0          0          0      30720      61440          0          0
  setppc           :       0.26       0.01      5          0          0          0          0          0          0          0          0          0
  linear           :       0.33       0.05      6          0        960          0          0          0        976          0          0          0
  logicor          :       0.07       0.01      5          0          0          0          0          0          0          0          0          0
  benders          :       0.00       0.00      0          0          0          0          0          0          0          0          0          0
  components       :       0.06       0.00      1          0          0          0          0          0          0          0          0          0
  root node        :          -          -      -          0          -          -          0          -          -          -          -          -
Constraints        :     Number  MaxNumber  #Separate #Propagate    #EnfoLP    #EnfoRelax  #EnfoPS    #Check   #ResProp    Cutoffs    DomReds       Cuts    Applied      Conss   Children
  benderslp        :          0          0          0          0         11          0          0          7          0          0          0          0          0          0          0
  integral         :          0          0          0          0         11          0          0          7          0          0          0          0          0          0         22
  knapsack         :         16+        17         11      67107          0          0          0          3          0          3          0          0          0          0          0
  setppc           :      88336+     88348         11      67104          0          0          0          1       5009         21        276          0          0          0          0
  linear           :       3600       3600         11      67083          0          0          0          1       1793         60          0          0          0          0          0
  logicor          :       7264+      7296         11       5067          0          0          0          1         38          1          0          1          1          0          0
  benders          :          0          0          0          0          0          0          0          0          0          0          0          0          0          0          0
  countsols        :          0          0          0          0          0          0          0          0          0          0          0          0          0          0          0
  components       :          0          0          0          0          0          0          0          0          0          0          0          0          0          0          0
Constraint Timings :  TotalTime  SetupTime   Separate  Propagate     EnfoLP     EnfoPS     EnfoRelax   Check    ResProp    SB-Prop
  benderslp        :       0.00       0.00       0.00       0.00       0.00       0.00       0.00       0.00       0.00       0.00
  integral         :     223.28       0.00       0.00       0.00     223.25       0.00       0.00       0.02       0.00       0.00
  knapsack         :       0.02       0.00       0.01       0.02       0.00       0.00       0.00       0.00       0.00       0.00
  setppc           :       7.59       0.01       0.11       7.39       0.00       0.00       0.00       0.01       0.00       0.07
  linear           :       0.78       0.05       0.01       0.69       0.00       0.00       0.00       0.00       0.00       0.02
  logicor          :       0.17       0.01       0.02       0.13       0.00       0.00       0.00       0.00       0.00       0.00
  benders          :       0.00       0.00       0.00       0.00       0.00       0.00       0.00       0.00       0.00       0.00
  countsols        :       0.00       0.00       0.00       0.00       0.00       0.00       0.00       0.00       0.00       0.00
  components       :       0.00       0.00       0.00       0.00       0.00       0.00       0.00       0.00       0.00       0.00
Propagators        : #Propagate   #ResProp    Cutoffs    DomReds
  dualfix          :          1          0          0          0
  genvbounds       :          0          0          0          0
  nlobbt           :          0          0          0          0
  obbt             :          0          0          0          0
  probing          :          0          0          0          0
  pseudoobj        :          0          0          0          0
  redcost          :          0          0          0          0
  rootredcost      :          0          0          0          0
  symmetry         :          0          0          0          0
  vbounds          :      15881          0          0          0
Propagator Timings :  TotalTime  SetupTime   Presolve  Propagate    ResProp    SB-Prop
  dualfix          :       0.01       0.00       0.01       0.00       0.00       0.00
  genvbounds       :       0.00       0.00       0.00       0.00       0.00       0.00
  nlobbt           :       0.00       0.00       0.00       0.00       0.00       0.00
  obbt             :       0.00       0.00       0.00       0.00       0.00       0.00
  probing          :      30.48       0.00      30.48       0.00       0.00       0.00
  pseudoobj        :       0.00       0.00       0.00       0.00       0.00       0.00
  redcost          :       0.00       0.00       0.00       0.00       0.00       0.00
  rootredcost      :       0.00       0.00       0.00       0.00       0.00       0.00
  symmetry         :       0.00       0.00       0.00       0.00       0.00       0.00
  vbounds          :       0.09       0.00       0.06       0.03       0.00       0.00
Conflict Analysis  :       Time      Calls    Success    DomReds  Conflicts   Literals    Reconvs ReconvLits   Dualrays   Nonzeros   LP Iters   (pool size: [10000,10000])
  propagation      :       0.08         23         23          -       1461      648.9          0        0.0          -          -          -
  infeasible LP    :       0.01          1          1          -          2       14.5          0        0.0          1      602.0          0
  bound exceed. LP :       0.00          0          0          -          0        0.0          0        0.0          0        0.0          0
  strong branching :       0.00          0          0          -          0        0.0          0        0.0          -          -          0
  pseudo solution  :       0.00          0          0          -          0        0.0          0        0.0          -          -          -
  applied globally :       0.00          -          -          0         79      376.8          -          -          1          -          -
  applied locally  :          -          -          -          0          0        0.0          -          -          0          -          -
Separators         :   ExecTime  SetupTime      Calls  RootCalls    Cutoffs    DomReds  FoundCuts ViaPoolAdd  DirectAdd    Applied ViaPoolApp  DirectApp      Conss
  cut pool         :       0.02          -         21         21          -          -        581        103          -          -          -          -          -    (maximal pool size:        581)
  aggregation      :       0.27       0.00         11         11          0          0          0          0          0          0          0          0          0
  > cmir           :          -          -          -          -          -          -          -          0          0          0          0          0          -
  > flowcover      :          -          -          -          -          -          -          -          0          0          0          0          0          -
  > knapsackcover  :          -          -          -          -          -          -          -          0          0          0          0          0          -
  cgmip            :       0.00       0.00          0          0          0          0          0          0          0          0          0          0          0
  clique           :      18.30       0.00         11         11          0          0         39         38          0         38         38          0          0
  closecuts        :       0.00       0.00          0          0          0          0          0          0          0          0          0          0          0
  convexproj       :       0.00       0.00          0          0          0          0          0          0          0          0          0          0          0
  disjunctive      :       0.00       0.00          0          0          0          0          0          0          0          0          0          0          0
  eccuts           :       0.00       0.00          0          0          0          0          0          0          0          0          0          0          0
  gauge            :       0.00       0.00          0          0          0          0          0          0          0          0          0          0          0
  gomory           :     148.03       0.00         10         10          0          0        480         29          0         10         10          0          0
  > gomorymi       :          -          -          -          -          -          -          -          5          0          0          0          0          -
  > strongcg       :          -          -          -          -          -          -          -         24          0         10         10          0          -
  impliedbounds    :       0.38       0.00         11         11          0          0          0          0          0          0          0          0          0
  interminor       :       0.00       0.00          0          0          0          0          0          0          0          0          0          0          0
  intobj           :       0.00       0.00          0          0          0          0          0          0          0          0          0          0          0
  mcf              :       0.31       0.00          1          1          0          0          0          0          0          0          0          0          0
  minor            :       0.00       0.00          0          0          0          0          0          0          0          0          0          0          0
  mixing           :       0.00       0.00          0          0          0          0          0          0          0          0          0          0          0
  oddcycle         :       0.00       0.00          0          0          0          0          0          0          0          0          0          0          0
  rapidlearning    :       0.00       0.00          0          0          0          0          0          0          0          0          0          0          0
  rlt              :       0.00       0.00         10         10          0          0          0          0          0          0          0          0          0
  zerohalf         :       1.15       0.00         11         11          0          0         62         36          0         35         35          0          0
Cutselectors       :   ExecTime  SetupTime      Calls  RootCalls   Selected     Forced   Filtered  RootSelec   RootForc   RootFilt 
  hybrid           :       0.00       0.00         11         11         84          0         20         84          0         20
Pricers            :   ExecTime  SetupTime      Calls       Vars
  problem variables:       0.00          -          0          0
Branching Rules    :   ExecTime  SetupTime   BranchLP  BranchExt   BranchPS    Cutoffs    DomReds       Cuts      Conss   Children
  allfullstrong    :       0.00       0.00          0          0          0          0          0          0          0          0
  cloud            :       0.00       0.00          0          0          0          0          0          0          0          0
  distribution     :       0.00       0.00          0          0          0          0          0          0          0          0
  fullstrong       :       0.00       0.00          0          0          0          0          0          0          0          0
  inference        :       0.00       0.00          0          0          0          0          0          0          0          0
  leastinf         :       0.00       0.00          0          0          0          0          0          0          0          0
  lookahead        :       0.00       0.00          0          0          0          0          0          0          0          0
  mostinf          :       0.00       0.00          0          0          0          0          0          0          0          0
  multaggr         :       0.00       0.00          0          0          0          0          0          0          0          0
  nodereopt        :       0.00       0.00          0          0          0          0          0          0          0          0
  pscost           :       0.00       0.00          0          0          0          0          0          0          0          0
  random           :       0.00       0.00          0          0          0          0          0          0          0          0
  relpscost        :     223.25       0.00         11          0          0          0          0          0          0         22
  vanillafullstrong:       0.00       0.00          0          0          0          0          0          0          0          0
Primal Heuristics  :   ExecTime  SetupTime      Calls      Found       Best
  LP solutions     :       0.00          -          -          0          0
  relax solutions  :       0.00          -          -          0          0
  pseudo solutions :       0.00          -          -          0          0
  strong branching :       0.00          -          -          0          0
  actconsdiving    :       0.00       0.00          0          0          0
  adaptivediving   :       0.00       0.00          0          0          0
  alns             :       0.73       0.00          1          0          0
  bound            :       0.00       0.00          0          0          0
  clique           :       0.44       0.00          1          0          0
  coefdiving       :       0.00       0.00          0          0          0
  completesol      :       0.00       0.00          0          0          0
  conflictdiving   :      40.26       0.00          1          0          0
  crossover        :       0.00       0.00          0          0          0
  dins             :       0.00       0.00          0          0          0
  distributiondivin:       0.00       0.00          0          0          0
  dps              :       0.00       0.00          0          0          0
  dualval          :       0.00       0.00          0          0          0
  farkasdiving     :       0.00       0.00          0          0          0
  feaspump         :       2.47       0.00          1          0          0
  fixandinfer      :       0.00       0.00          0          0          0
  fracdiving       :       0.00       0.00          0          0          0
  gins             :       0.00       0.00          0          0          0
  guideddiving     :       0.00       0.00          0          0          0
  indicator        :       0.00       0.00          0          0          0
  intdiving        :       0.00       0.00          0          0          0
  intshifting      :       0.00       0.00          0          0          0
  linesearchdiving :       0.00       0.00          0          0          0
  localbranching   :       0.00       0.00          0          0          0
  locks            :       0.20       0.00          1          0          0
  lpface           :       0.00       0.00          0          0          0
  mpec             :       0.00       0.00          0          0          0
  multistart       :       0.00       0.00          0          0          0
  mutation         :       0.00       0.00          0          0          0
  nlpdiving        :       0.00       0.00          0          0          0
  objpscostdiving  :       0.00       0.00          0          0          0
  octane           :       0.00       0.00          0          0          0
  ofins            :       0.00       0.00          0          0          0
  oneopt           :       0.00       0.00          0          0          0
  padm             :       0.00       0.00          0          0          0
  proximity        :       0.00       0.00          0          0          0
  pscostdiving     :    2671.79       0.00          1          0          0
  randrounding     :       0.40       0.00         12          0          0
  rens             :       0.77       0.00          1          0          0
  reoptsols        :       0.00       0.00          0          0          0
  repair           :       0.00       0.00          0          0          0
  rins             :       0.00       0.00          0          0          0
  rootsoldiving    :       0.00       0.00          0          0          0
  rounding         :       0.16       0.00         22          0          0
  shiftandpropagate:       0.21       0.00          1          0          0
  shifting         :       0.33       0.00         12          0          0
  simplerounding   :       0.00       0.00          0          0          0
  subnlp           :       0.00       0.00          0          0          0
  trivial          :       0.11       0.00          2          0          0
  trivialnegation  :       0.00       0.00          0          0          0
  trustregion      :       0.00       0.00          0          0          0
  trysol           :       0.00       0.00          0          0          0
  twoopt           :       0.00       0.00          0          0          0
  undercover       :       0.00       0.00          0          0          0
  vbounds          :       0.52       0.00          1          0          0
  veclendiving     :       0.00       0.00          0          0          0
  zeroobj          :       0.00       0.00          0          0          0
  zirounding       :       0.05       0.00         10          0          0
  other solutions  :          -          -          -          0          -
LP                 :       Time      Calls Iterations  Iter/call   Iter/sec  Time-0-It Calls-0-It    ItLimit
  primal LP        :      11.85          1          0       0.00       0.00      11.85          1
  dual LP          :    4044.40         22     635176   28871.64     157.05       0.00          0
  lex dual LP      :       0.00          0          0       0.00          -
  barrier LP       :       0.00          0          0       0.00          -       0.00          0
  resolve instable :       0.00          0          0       0.00          -
  diving/probing LP:    2712.53         18     355970   19776.11     131.23
  strong branching :     222.74         38      37949     998.66     170.38          -          -         75
    (at root node) :          -         38      37949     998.66          -
  conflict analysis:       0.00          0          0       0.00          -
B&B Tree           :
  number of runs   :          1
  nodes            :         11 (11 internal, 0 leaves)
  feasible leaves  :          0
  infeas. leaves   :          0
  objective leaves :          0
  nodes (total)    :         11 (11 internal, 0 leaves)
  nodes left       :         12
  max depth        :          7
  max depth (total):          7
  backtracks       :          0 (0.0%)
  early backtracks :          0 (0.0%)
  nodes exc. ref.  :          0 (0.0%)
  delayed cutoffs  :          0
  repropagations   :          0 (0 domain reductions, 0 cutoffs)
  avg switch length:       1.27
  switching time   :      11.86
Root Node          :
  First LP value   : +0.00000000000000e+00
  First LP Iters   :         83 (254.36 Iter/sec)
  First LP Time    :       0.33
  Final Dual Bound : +0.00000000000000e+00
  Final Root Iters :     450646
  Root LP Estimate : +3.82888398490546e-03
Solution           :
  Solutions found  :          0 (0 improvements)
  Primal Bound     :          -
  Dual Bound       : +0.00000000000000e+00
  Gap              :   infinite
Integrals          :      Total       Avg%
  primal-dual      :  720007.72     100.00
  primal-ref       :          -          - (not evaluated)
  dual-ref         :          -          - (not evaluated)
written solution information to file <results/final_miplib_symretope_if_extended_generating_set_cpx_v802__settings_final_nosym_norestarts__2__neos-3237086-abava.mps.gz.sol>
@04 1686663728
