FILENAME:   /home/mcs001/s132664/testsets/IP/miplib2017/sct1.mps.gz
SETTINGS:   settings_final_nopeek_norelabel_extend_norestarts
TIMELIMIT:  7200
OUTPUTNAME: final_miplib_symretope_if_extended_generating_set_cpx_v802__settings_final_nopeek_norelabel_extend_norestarts__2__
BINNAME:    bin/sbcs.linux.x86_64.gnu.opt.cpx
BASENAME:   sct1.mps.gz
SEED:       2
@01 /home/mcs001/s132664/testsets/IP/miplib2017/sct1.mps.gz ===========
@02 sct1.mps.gz
@03 1686657303
SCIP version 8.0.2 [precision: 8 byte] [memory: block] [mode: optimized] [LP solver: CPLEX 20.1.0.0] [GitHash: 5f0473c]
Copyright (C) 2002-2022 Konrad-Zuse-Zentrum fuer Informationstechnik Berlin (ZIB)

Symretope propagation methods - (c) Jasper van Doornmalen, Christopher Hojny.
[GitHash: 2fd0484]

reading parameter file <../settings/settings_final_nopeek_norelabel_extend_norestarts.set> ...

Changed settings:
limits/time = 7200
limits/restarts = 0
misc/usesymmetry = 1
randomization/randomseedshift = 2
constraints/orbisack/sepafreq = -1
constraints/symresack/sepafreq = -1
propagating/symmetry/addsymresacks = TRUE
propagating/symmetry/detectsubgroups = FALSE
propagating/symmetry/relabelsymretopes = 0
propagating/symmetry/extendgenerators = TRUE
propagating/symmetry/ofsymcomptiming = 0
constraints/symretope/sepafreq = -1
constraints/symretope/peek = FALSE


solving problem ...

original problem has 22886 variables (10312 bin, 0 int, 0 impl, 12574 cont) and 12154 constraints
presolving:
(round 1, fast)       8261 del vars, 2921 del conss, 1 add conss, 1937 chg bounds, 0 chg sides, 0 chg coeffs, 0 upgd conss, 0 impls, 5063 clqs
(round 2, fast)       8347 del vars, 2977 del conss, 1 add conss, 1942 chg bounds, 57 chg sides, 632 chg coeffs, 0 upgd conss, 0 impls, 5063 clqs
(round 3, fast)       8369 del vars, 2981 del conss, 1 add conss, 1942 chg bounds, 57 chg sides, 632 chg coeffs, 0 upgd conss, 0 impls, 5061 clqs
(round 4, fast)       8369 del vars, 2981 del conss, 1 add conss, 2848 chg bounds, 57 chg sides, 632 chg coeffs, 0 upgd conss, 0 impls, 5061 clqs
(round 5, exhaustive) 8372 del vars, 2984 del conss, 1 add conss, 2849 chg bounds, 57 chg sides, 632 chg coeffs, 6555 upgd conss, 0 impls, 5061 clqs
   (2.5s) probing: 1000/7774 (12.9%) - 0 fixings, 0 aggregations, 6597 implications, 0 bound changes
   (2.5s) probing: 1001/7774 (12.9%) - 0 fixings, 0 aggregations, 6604 implications, 0 bound changes
   (2.5s) probing aborted: 1000/1000 successive useless probings
   (2.8s) symmetry computation started: requiring (bin +, int +, cont +), (fixed: bin -, int -, cont -)
   (3.4s) symmetry computation finished: 217 generators found (max: 1500, log10 of symmetry group size: 132.6)
(round 6, exhaustive) 8372 del vars, 3199 del conss, 692 add conss, 2849 chg bounds, 57 chg sides, 632 chg coeffs, 6555 upgd conss, 6838 impls, 7491 clqs
presolving (7 rounds: 7 fast, 3 medium, 3 exhaustive):
 8372 deleted vars, 3199 deleted constraints, 692 added constraints, 2849 tightened bounds, 0 added holes, 57 changed sides, 632 changed coefficients
 6838 implications, 7491 cliques
presolved problem has 14514 variables (7774 bin, 0 int, 0 impl, 6740 cont) and 9647 constraints
   2664 constraints of type <varbound>
      5 constraints of type <knapsack>
   3886 constraints of type <setppc>
   2616 constraints of type <linear>
    418 constraints of type <orbisack>
     58 constraints of type <symretope>
Presolving Time: 3.98

 time | node  | left  |LP iter|LP it/n|mem/heur|mdpt |vars |cons |rows |cuts |sepa|confs|strbr|  dualbound   | primalbound  |  gap   | compl. 
p 4.3s|     1 |     0 |    11 |     - |   locks|   0 |  14k|9647 |9705 |   0 |  0 |   0 |   0 |-3.005028e+02 | 7.191701e+01 |    Inf | unknown
  6.8s|     1 |     0 | 10314 |     - |   330M |   0 |  14k|9671 |9705 |   0 |  0 |  32 |   0 |-2.164098e+02 | 7.191701e+01 |    Inf | unknown
  7.4s|     1 |     0 | 11049 |     - |   333M |   0 |  14k|9671 |9715 |  10 |  1 |  32 |   0 |-2.160084e+02 | 7.191701e+01 |    Inf | unknown
  8.0s|     1 |     0 | 11463 |     - |   334M |   0 |  14k|9671 |9744 |  39 |  2 |  32 |   0 |-2.156273e+02 | 7.191701e+01 |    Inf | unknown
  8.4s|     1 |     0 | 11832 |     - |   335M |   0 |  14k|9671 |9761 |  56 |  3 |  32 |   0 |-2.153817e+02 | 7.191701e+01 |    Inf | unknown
  8.9s|     1 |     0 | 12065 |     - |   337M |   0 |  14k|9671 |9772 |  67 |  4 |  32 |   0 |-2.151240e+02 | 7.191701e+01 |    Inf | unknown
  9.5s|     1 |     0 | 12522 |     - |   338M |   0 |  14k|9671 |9809 | 104 |  5 |  32 |   0 |-2.148157e+02 | 7.191701e+01 |    Inf | unknown
 10.0s|     1 |     0 | 12966 |     - |   339M |   0 |  14k|9671 |9842 | 137 |  6 |  32 |   0 |-2.145910e+02 | 7.191701e+01 |    Inf | unknown
 10.5s|     1 |     0 | 13187 |     - |   340M |   0 |  14k|9671 |9863 | 158 |  7 |  32 |   0 |-2.145207e+02 | 7.191701e+01 |    Inf | unknown
 11.0s|     1 |     0 | 13470 |     - |   342M |   0 |  14k|9671 |9878 | 173 |  8 |  32 |   0 |-2.144373e+02 | 7.191701e+01 |    Inf | unknown
 11.6s|     1 |     0 | 13910 |     - |   344M |   0 |  14k|9671 |9932 | 227 |  9 |  32 |   0 |-2.140969e+02 | 7.191701e+01 |    Inf | unknown
 12.1s|     1 |     0 | 14284 |     - |   347M |   0 |  14k|9671 |9967 | 262 | 10 |  32 |   0 |-2.139826e+02 | 7.191701e+01 |    Inf | unknown
 12.5s|     1 |     0 | 14516 |     - |   348M |   0 |  14k|9671 |9992 | 287 | 11 |  32 |   0 |-2.138989e+02 | 7.191701e+01 |    Inf | unknown
 13.0s|     1 |     0 | 14732 |     - |   350M |   0 |  14k|9671 |  10k| 313 | 12 |  32 |   0 |-2.138579e+02 | 7.191701e+01 |    Inf | unknown
 13.9s|     1 |     0 | 14933 |     - |   351M |   0 |  14k|9671 |9492 | 326 | 13 |  32 |   0 |-2.138195e+02 | 7.191701e+01 |    Inf | unknown
 time | node  | left  |LP iter|LP it/n|mem/heur|mdpt |vars |cons |rows |cuts |sepa|confs|strbr|  dualbound   | primalbound  |  gap   | compl. 
 14.3s|     1 |     0 | 15059 |     - |   352M |   0 |  14k|9667 |9505 | 339 | 14 |  32 |   0 |-2.137931e+02 | 7.191701e+01 |    Inf | unknown
 14.8s|     1 |     0 | 15234 |     - |   353M |   0 |  14k|9667 |9519 | 353 | 15 |  32 |   0 |-2.137696e+02 | 7.191701e+01 |    Inf | unknown
 15.2s|     1 |     0 | 15424 |     - |   354M |   0 |  14k|9666 |9532 | 366 | 16 |  32 |   0 |-2.137489e+02 | 7.191701e+01 |    Inf | unknown
 15.6s|     1 |     0 | 15573 |     - |   355M |   0 |  14k|9665 |9542 | 376 | 17 |  32 |   0 |-2.137315e+02 | 7.191701e+01 |    Inf | unknown
 16.0s|     1 |     0 | 15995 |     - |   356M |   0 |  14k|9664 |9594 | 428 | 18 |  32 |   0 |-2.134616e+02 | 7.191701e+01 |    Inf | unknown
 16.9s|     1 |     0 | 16225 |     - |   357M |   0 |  14k|9663 |9584 | 466 | 19 |  32 |   0 |-2.133876e+02 | 7.191701e+01 |    Inf | unknown
 17.4s|     1 |     0 | 16391 |     - |   358M |   0 |  14k|9659 |9601 | 483 | 20 |  32 |   0 |-2.133597e+02 | 7.191701e+01 |    Inf | unknown
 17.8s|     1 |     0 | 16544 |     - |   358M |   0 |  14k|9659 |9617 | 499 | 21 |  32 |   0 |-2.133228e+02 | 7.191701e+01 |    Inf | unknown
 18.2s|     1 |     0 | 16821 |     - |   359M |   0 |  14k|9659 |9640 | 522 | 22 |  32 |   0 |-2.132685e+02 | 7.191701e+01 |    Inf | unknown
 18.6s|     1 |     0 | 16963 |     - |   359M |   0 |  14k|9659 |9660 | 542 | 23 |  32 |   0 |-2.132511e+02 | 7.191701e+01 |    Inf | unknown
 19.0s|     1 |     0 | 17134 |     - |   360M |   0 |  14k|9659 |9675 | 557 | 24 |  32 |   0 |-2.132145e+02 | 7.191701e+01 |    Inf | unknown
 19.7s|     1 |     0 | 17255 |     - |   360M |   0 |  14k|9659 |9635 | 568 | 25 |  32 |   0 |-2.131996e+02 | 7.191701e+01 |    Inf | unknown
 20.2s|     1 |     0 | 17612 |     - |   360M |   0 |  14k|9659 |9677 | 610 | 26 |  32 |   0 |-2.130485e+02 | 7.191701e+01 |    Inf | unknown
 20.5s|     1 |     0 | 17804 |     - |   360M |   0 |  14k|9659 |9710 | 643 | 27 |  32 |   0 |-2.129966e+02 | 7.191701e+01 |    Inf | unknown
 20.8s|     1 |     0 | 17943 |     - |   361M |   0 |  14k|9659 |9729 | 662 | 28 |  32 |   0 |-2.129835e+02 | 7.191701e+01 |    Inf | unknown
 time | node  | left  |LP iter|LP it/n|mem/heur|mdpt |vars |cons |rows |cuts |sepa|confs|strbr|  dualbound   | primalbound  |  gap   | compl. 
 21.2s|     1 |     0 | 18070 |     - |   361M |   0 |  14k|9659 |9747 | 680 | 29 |  32 |   0 |-2.129715e+02 | 7.191701e+01 |    Inf | unknown
 21.5s|     1 |     0 | 18224 |     - |   361M |   0 |  14k|9659 |9759 | 692 | 30 |  32 |   0 |-2.129677e+02 | 7.191701e+01 |    Inf | unknown
 22.3s|     1 |     0 | 18401 |     - |   362M |   0 |  14k|9659 |9724 | 721 | 31 |  32 |   0 |-2.129107e+02 | 7.191701e+01 |    Inf | unknown
 22.7s|     1 |     0 | 18488 |     - |   362M |   0 |  14k|9659 |9739 | 736 | 32 |  32 |   0 |-2.128909e+02 | 7.191701e+01 |    Inf | unknown
 23.0s|     1 |     0 | 18625 |     - |   362M |   0 |  14k|9659 |9757 | 754 | 33 |  32 |   0 |-2.128826e+02 | 7.191701e+01 |    Inf | unknown
 23.3s|     1 |     0 | 18682 |     - |   362M |   0 |  14k|9659 |9766 | 763 | 34 |  32 |   0 |-2.128777e+02 | 7.191701e+01 |    Inf | unknown
 23.6s|     1 |     0 | 18750 |     - |   362M |   0 |  14k|9659 |9773 | 770 | 35 |  32 |   0 |-2.128733e+02 | 7.191701e+01 |    Inf | unknown
 23.9s|     1 |     0 | 18799 |     - |   363M |   0 |  14k|9659 |9779 | 776 | 36 |  32 |   0 |-2.128709e+02 | 7.191701e+01 |    Inf | unknown
 24.7s|     1 |     0 | 18838 |     - |   363M |   0 |  14k|9659 |9702 | 780 | 37 |  32 |   0 |-2.128704e+02 | 7.191701e+01 |    Inf | unknown
 25.1s|     1 |     0 | 18927 |     - |   363M |   0 |  14k|9659 |9718 | 796 | 38 |  32 |   0 |-2.128571e+02 | 7.191701e+01 |    Inf | unknown
 25.3s|     1 |     0 | 19003 |     - |   363M |   0 |  14k|9659 |9731 | 809 | 39 |  32 |   0 |-2.128553e+02 | 7.191701e+01 |    Inf | unknown
 25.6s|     1 |     0 | 19033 |     - |   363M |   0 |  14k|9659 |9733 | 811 | 40 |  32 |   0 |-2.128551e+02 | 7.191701e+01 |    Inf | unknown
 25.9s|     1 |     0 | 19105 |     - |   363M |   0 |  14k|9659 |9746 | 824 | 41 |  32 |   0 |-2.128515e+02 | 7.191701e+01 |    Inf | unknown
d31.9s|     1 |     0 | 34731 |     - |farkasdi|   0 |  14k|9654 |9746 |   0 | 41 |  32 |   0 |-2.128515e+02 |-1.388448e+02 |  53.30%| unknown
L 108s|     1 |     0 | 38000 |     - |    rens|   0 |  14k|9664 |9746 | 824 | 41 |  42 |   0 |-2.128515e+02 |-1.445756e+02 |  47.23%| unknown
 time | node  | left  |LP iter|LP it/n|mem/heur|mdpt |vars |cons |rows |cuts |sepa|confs|strbr|  dualbound   | primalbound  |  gap   | compl. 
  110s|     1 |     0 | 38000 |     - |   368M |   0 |  14k|9664 |9746 | 824 | 41 |  42 |   0 |-2.128515e+02 |-1.445756e+02 |  47.23%| unknown
  110s|     1 |     0 | 38079 |     - |   370M |   0 |  14k|9664 |9757 | 835 | 42 |  42 |   0 |-2.128488e+02 |-1.445756e+02 |  47.22%| unknown
  110s|     1 |     0 | 38113 |     - |   370M |   0 |  14k|9664 |9761 | 839 | 43 |  42 |   0 |-2.128485e+02 |-1.445756e+02 |  47.22%| unknown
  117s|     1 |     2 | 38113 |     - |   371M |   0 |  14k|9664 |9761 | 839 | 43 |  42 |  20 |-2.125421e+02 |-1.445756e+02 |  47.01%| unknown
d 199s|    42 |    43 | 65751 |1135.4 |adaptive|  28 |  14k|9654 |9819 |   0 |  1 |  42 | 278 |-2.120253e+02 |-1.593110e+02 |  33.09%| unknown
  271s|   100 |   101 |103019 | 846.7 |   382M |  31 |  14k|9662 |9810 |1416 |  1 |  50 | 301 |-2.120253e+02 |-1.593110e+02 |  33.09%| unknown
  328s|   200 |   201 |204588 | 931.6 |   390M |  33 |  14k|9851 |9804 |1590 |  1 | 239 | 365 |-2.117623e+02 |-1.593110e+02 |  32.92%| unknown
L 366s|   242 |   243 |248773 | 952.6 |    rins|  33 |  14k|9920 |9804 |1712 |  1 | 308 | 384 |-2.109516e+02 |-1.599390e+02 |  31.89%| unknown
  456s|   300 |   301 |342291 |1080.6 |   397M |  33 |  14k|  10k|9818 |1808 |  1 | 567 | 411 |-2.104855e+02 |-1.599390e+02 |  31.60%| unknown
  534s|   400 |   401 |478388 |1150.9 |   421M |  33 |  14k|  10k|9798 |2260 |  1 | 897 | 489 |-2.103531e+02 |-1.599390e+02 |  31.52%| unknown
L 574s|   442 |   443 |529250 |1156.6 |crossove|  33 |  14k|  10k|9812 |2324 |  1 | 969 | 521 |-2.102875e+02 |-1.626738e+02 |  29.27%| unknown
  623s|   500 |   501 |608044 |1180.1 |   441M |  34 |  14k|  10k|9820 |2675 |  1 |1184 | 584 |-2.098871e+02 |-1.626738e+02 |  29.02%| unknown
  684s|   600 |   601 |708827 |1151.3 |   457M |  35 |  14k|  10k|9816 |2930 |  1 |1538 | 683 |-2.096273e+02 |-1.626738e+02 |  28.86%| unknown
L 750s|   682 |   683 |784403 |1123.6 |    rins|  35 |  14k|  11k|9826 |3083 |  1 |1745 | 747 |-2.094487e+02 |-1.634624e+02 |  28.13%| unknown
  758s|   700 |   701 |798111 |1114.3 |   472M |  35 |  14k|  11k|9833 |3145 |  3 |1776 | 754 |-2.094222e+02 |-1.634624e+02 |  28.12%| unknown
 time | node  | left  |LP iter|LP it/n|mem/heur|mdpt |vars |cons |rows |cuts |sepa|confs|strbr|  dualbound   | primalbound  |  gap   | compl. 
  865s|   800 |   801 |913091 |1118.8 |   486M |  35 |  14k|  11k|9820 |3367 |  1 |2317 | 794 |-2.091565e+02 |-1.634624e+02 |  27.95%| unknown
L 913s|   882 |   883 |995156 |1107.8 |crossove|  37 |  14k|  11k|9783 |3549 |  1 |2560 | 820 |-2.090851e+02 |-1.647622e+02 |  26.90%| unknown
  925s|   900 |   901 |  1018k|1111.1 |   507M |  37 |  14k|  11k|9854 |3638 |  1 |2578 | 825 |-2.090401e+02 |-1.647622e+02 |  26.87%| unknown
  992s|  1000 |  1001 |  1154k|1136.7 |   523M |  37 |  14k|  11k|9857 |3978 |  2 |3155 | 851 |-2.088698e+02 |-1.647622e+02 |  26.77%| unknown
Restart triggered after 50 consecutive estimations that the remaining tree will be large
 1047s|  1100 |  1101 |  1239k|1110.2 |   533M |  37 |  14k|  11k|9659 |4220 |  1 |3354 | 894 |-2.087798e+02 |-1.647622e+02 |  26.72%| unknown
 1117s|  1200 |  1201 |  1350k|1110.0 |   560M |  42 |  14k|  11k|9838 |4806 |  1 |3586 | 969 |-2.087528e+02 |-1.647622e+02 |  26.70%| unknown
L1122s|  1205 |  1206 |  1353k|1108.3 |crossove|  42 |  14k|  11k|9856 |4837 |  5 |3586 | 969 |-2.087528e+02 |-1.656636e+02 |  26.01%| unknown
 1169s|  1300 |  1301 |  1434k|1089.4 |   591M |  44 |  14k|  11k|9798 |5399 |  4 |3743 |1012 |-2.087528e+02 |-1.656636e+02 |  26.01%| unknown
 1229s|  1400 |  1401 |  1550k|1094.3 |   612M |  44 |  14k|  12k|9859 |5889 |  1 |4012 |1048 |-2.086414e+02 |-1.656636e+02 |  25.94%| unknown
 1349s|  1500 |  1501 |  1670k|1101.5 |   618M |  44 |  14k|  11k|9866 |6349 |  1 |4299 |1075 |-2.083445e+02 |-1.656636e+02 |  25.76%| unknown
 1382s|  1600 |  1601 |  1727k|1068.5 |   628M |  61 |  14k|  11k|9927 |6581 |  1 |4396 |1089 |-2.082695e+02 |-1.656636e+02 |  25.72%| unknown
 1408s|  1700 |  1701 |  1763k|1026.9 |   638M |  66 |  14k|  12k|9941 |6799 |  1 |4592 |1118 |-2.082446e+02 |-1.656636e+02 |  25.70%| unknown
 1433s|  1800 |  1801 |  1802k| 991.5 |   643M |  68 |  14k|  12k|9923 |6979 |  1 |4778 |1137 |-2.082116e+02 |-1.656636e+02 |  25.68%| unknown
 1445s|  1900 |  1901 |  1822k| 949.7 |   647M |  87 |  14k|  12k|9952 |7013 |  1 |4949 |1142 |-2.082116e+02 |-1.656636e+02 |  25.68%| unknown
 1460s|  2000 |  2001 |  1855k| 918.4 |   656M |  89 |  14k|  12k|9955 |7143 |  2 |5089 |1161 |-2.081998e+02 |-1.656636e+02 |  25.68%| unknown
 time | node  | left  |LP iter|LP it/n|mem/heur|mdpt |vars |cons |rows |cuts |sepa|confs|strbr|  dualbound   | primalbound  |  gap   | compl. 
 1501s|  2100 |  2101 |  1921k| 906.2 |   661M |  92 |  14k|  12k|9729 |7458 |  1 |5227 |1216 |-2.080711e+02 |-1.656636e+02 |  25.60%| unknown
 1551s|  2200 |  2201 |  2017k| 908.7 |   664M |  92 |  14k|  12k|9695 |7833 |  1 |5404 |1246 |-2.079324e+02 |-1.656636e+02 |  25.51%| unknown
 1603s|  2300 |  2301 |  2117k| 912.6 |   665M |  92 |  14k|  12k|9708 |8161 |  1 |5551 |1288 |-2.075938e+02 |-1.656636e+02 |  25.31%| unknown
 1708s|  2400 |  2401 |  2242k| 926.7 |   670M |  92 |  14k|  12k|9717 |8589 |  1 |5712 |1299 |-2.074236e+02 |-1.656636e+02 |  25.21%| unknown
 1765s|  2500 |  2501 |  2353k| 934.1 |   673M |  92 |  14k|  12k|9736 |8952 |  1 |5927 |1326 |-2.071897e+02 |-1.656636e+02 |  25.07%| unknown
 1816s|  2600 |  2601 |  2452k| 936.3 |   673M |  92 |  14k|  12k|9728 |9239 |  1 |6097 |1360 |-2.068206e+02 |-1.656636e+02 |  24.84%| unknown
 1867s|  2700 |  2701 |  2554k| 939.4 |   674M |  92 |  14k|  12k|9766 |9517 |  3 |6236 |1379 |-2.066099e+02 |-1.656636e+02 |  24.72%| unknown
 1919s|  2800 |  2801 |  2656k| 942.1 |   676M |  92 |  14k|  12k|9736 |9829 |  1 |6532 |1400 |-2.063278e+02 |-1.656636e+02 |  24.55%| unknown
 1964s|  2900 |  2901 |  2751k| 942.5 |   678M |  92 |  14k|  12k|9719 |  10k|  1 |6767 |1408 |-2.061850e+02 |-1.656636e+02 |  24.46%| unknown
 2013s|  3000 |  3001 |  2851k| 944.3 |   679M |  92 |  14k|  12k|9748 |  10k|  2 |6948 |1446 |-2.060244e+02 |-1.656636e+02 |  24.36%| unknown
 2064s|  3100 |  3101 |  2950k| 946.0 |   681M |  92 |  14k|  12k|9737 |  10k|  1 |7186 |1473 |-2.059113e+02 |-1.656636e+02 |  24.29%| unknown
 2116s|  3200 |  3201 |  3060k| 950.6 |   685M |  92 |  14k|  12k|9760 |  11k|  1 |7490 |1492 |-2.056643e+02 |-1.656636e+02 |  24.15%| unknown
 2165s|  3300 |  3301 |  3153k| 950.1 |   688M |  92 |  14k|  12k|9744 |  11k|  2 |7738 |1514 |-2.055054e+02 |-1.656636e+02 |  24.05%| unknown
 2213s|  3400 |  3401 |  3249k| 950.4 |   692M |  92 |  14k|  12k|9735 |  11k|  1 |8023 |1522 |-2.053984e+02 |-1.656636e+02 |  23.99%| unknown
 2265s|  3500 |  3501 |  3351k| 952.4 |   694M |  92 |  14k|  13k|9754 |  11k|  1 |8278 |1557 |-2.052399e+02 |-1.656636e+02 |  23.89%| unknown
 time | node  | left  |LP iter|LP it/n|mem/heur|mdpt |vars |cons |rows |cuts |sepa|confs|strbr|  dualbound   | primalbound  |  gap   | compl. 
 2315s|  3600 |  3601 |  3449k| 953.1 |   696M |  92 |  14k|  13k|9745 |  12k|  1 |8355 |1584 |-2.051217e+02 |-1.656636e+02 |  23.82%| unknown
 2360s|  3700 |  3701 |  3542k| 952.4 |   696M |  92 |  14k|  13k|9780 |  12k|  1 |8589 |1595 |-2.050682e+02 |-1.656636e+02 |  23.79%| unknown
 2450s|  3800 |  3801 |  3642k| 953.8 |   698M |  92 |  14k|  13k|9748 |  12k|  5 |8776 |1625 |-2.049695e+02 |-1.656636e+02 |  23.73%| unknown
 2498s|  3900 |  3901 |  3742k| 955.1 |   703M |  92 |  14k|  13k|9770 |  12k|  1 |9019 |1632 |-2.048940e+02 |-1.656636e+02 |  23.68%| unknown
 2544s|  4000 |  4001 |  3841k| 955.7 |   707M |  92 |  14k|  13k|9722 |  13k|  1 |9090 |1636 |-2.048538e+02 |-1.656636e+02 |  23.66%| unknown
 2613s|  4100 |  4101 |  3935k| 955.5 |   708M |  92 |  14k|  13k|9736 |  13k|  1 |9241 |1642 |-2.047653e+02 |-1.656636e+02 |  23.60%| unknown
 2663s|  4200 |  4201 |  4039k| 957.4 |   710M |  92 |  14k|  13k|9733 |  13k|  1 |9521 |1668 |-2.046756e+02 |-1.656636e+02 |  23.55%| unknown
 2759s|  4300 |  4301 |  4144k| 959.5 |   711M |  92 |  14k|  13k|9756 |  14k|  1 |9755 |1693 |-2.045904e+02 |-1.656636e+02 |  23.50%| unknown
 2818s|  4400 |  4401 |  4248k| 961.4 |   713M |  92 |  14k|  13k|9791 |  14k|  1 |  10k|1699 |-2.045136e+02 |-1.656636e+02 |  23.45%| unknown
 2864s|  4500 |  4501 |  4341k| 960.8 |   715M |  92 |  14k|  13k|9751 |  14k|  1 |  10k|1721 |-2.044922e+02 |-1.656636e+02 |  23.44%| unknown
 2912s|  4600 |  4601 |  4439k| 961.1 |   716M |  92 |  14k|  13k|9746 |  14k|  1 |  10k|1739 |-2.044194e+02 |-1.656636e+02 |  23.39%| unknown
 2963s|  4700 |  4701 |  4539k| 962.1 |   719M |  92 |  14k|  13k|9798 |  14k|  5 |  10k|1751 |-2.043778e+02 |-1.656636e+02 |  23.37%| unknown
 3013s|  4800 |  4801 |  4634k| 961.8 |   721M |  92 |  14k|  13k|9760 |  15k|  1 |  10k|1780 |-2.043098e+02 |-1.656636e+02 |  23.33%| unknown
 3059s|  4900 |  4901 |  4731k| 961.8 |   725M |  92 |  14k|  14k|9753 |  15k|  1 |  11k|1792 |-2.042540e+02 |-1.656636e+02 |  23.29%| unknown
 3111s|  5000 |  5001 |  4836k| 963.6 |   731M |  92 |  14k|  13k|9778 |  15k|  1 |  11k|1807 |-2.042138e+02 |-1.656636e+02 |  23.27%| unknown
 time | node  | left  |LP iter|LP it/n|mem/heur|mdpt |vars |cons |rows |cuts |sepa|confs|strbr|  dualbound   | primalbound  |  gap   | compl. 
 3158s|  5100 |  5101 |  4930k| 963.3 |   733M |  92 |  14k|  14k|9696 |  16k|  1 |  11k|1820 |-2.041479e+02 |-1.656636e+02 |  23.23%| unknown
 3203s|  5200 |  5201 |  5025k| 962.9 |   736M |  92 |  14k|  14k|9775 |  16k|  1 |  12k|1831 |-2.041109e+02 |-1.656636e+02 |  23.21%| unknown
 3244s|  5300 |  5301 |  5104k| 959.8 |   736M |  92 |  14k|  14k|9739 |  16k|  1 |  12k|1857 |-2.040605e+02 |-1.656636e+02 |  23.18%| unknown
 3327s|  5400 |  5401 |  5214k| 962.4 |   736M |  92 |  14k|  14k|9770 |  16k|  5 |  12k|1866 |-2.039977e+02 |-1.656636e+02 |  23.14%| unknown
 3369s|  5500 |  5501 |  5298k| 960.1 |   737M |  92 |  14k|  14k|9765 |  16k|  1 |  12k|1879 |-2.039617e+02 |-1.656636e+02 |  23.12%| unknown
 3414s|  5600 |  5601 |  5388k| 958.9 |   738M |  92 |  14k|  14k|9778 |  17k|  1 |  12k|1893 |-2.039075e+02 |-1.656636e+02 |  23.09%| unknown
 3462s|  5700 |  5701 |  5481k| 958.5 |   740M |  92 |  14k|  14k|9767 |  17k|  1 |  13k|1922 |-2.038466e+02 |-1.656636e+02 |  23.05%| unknown
 3508s|  5800 |  5801 |  5572k| 957.6 |   741M |  92 |  14k|  14k|9792 |  17k|  1 |  13k|1952 |-2.037962e+02 |-1.656636e+02 |  23.02%| unknown
 3557s|  5900 |  5901 |  5666k| 957.4 |   743M |  92 |  14k|  14k|9762 |  17k|  1 |  13k|1973 |-2.037615e+02 |-1.656636e+02 |  23.00%| unknown
 3599s|  6000 |  6001 |  5751k| 955.6 |   744M |  92 |  14k|  14k|9798 |  17k|  1 |  13k|1992 |-2.037319e+02 |-1.656636e+02 |  22.98%| unknown
 3645s|  6100 |  6101 |  5839k| 954.3 |   747M |  92 |  14k|  14k|9788 |  18k|  1 |  13k|2018 |-2.036839e+02 |-1.656636e+02 |  22.95%| unknown
 3693s|  6200 |  6201 |  5936k| 954.5 |   753M |  92 |  14k|  14k|9726 |  18k|  1 |  13k|2030 |-2.036274e+02 |-1.656636e+02 |  22.92%| unknown
 3739s|  6300 |  6301 |  6026k| 953.7 |   753M |  92 |  14k|  14k|9791 |  18k|  1 |  13k|2034 |-2.035718e+02 |-1.656636e+02 |  22.88%| unknown
 3782s|  6400 |  6401 |  6115k| 952.7 |   754M |  92 |  14k|  14k|9716 |  18k|  1 |  14k|2043 |-2.035397e+02 |-1.656636e+02 |  22.86%| unknown
 3874s|  6500 |  6501 |  6219k| 954.0 |   756M |  92 |  14k|  14k|9775 |  19k|  1 |  14k|2051 |-2.034953e+02 |-1.656636e+02 |  22.84%| unknown
 time | node  | left  |LP iter|LP it/n|mem/heur|mdpt |vars |cons |rows |cuts |sepa|confs|strbr|  dualbound   | primalbound  |  gap   | compl. 
 3920s|  6600 |  6601 |  6313k| 953.8 |   758M |  92 |  14k|  14k|9761 |  19k|  4 |  14k|2057 |-2.034555e+02 |-1.656636e+02 |  22.81%| unknown
 3968s|  6700 |  6701 |  6405k| 953.3 |   758M |  92 |  14k|  14k|9760 |  19k|  1 |  14k|2084 |-2.034279e+02 |-1.656636e+02 |  22.80%| unknown
 4009s|  6800 |  6801 |  6490k| 951.7 |   760M |  92 |  14k|  14k|9711 |  19k|  1 |  14k|2098 |-2.034056e+02 |-1.656636e+02 |  22.78%| unknown
 4052s|  6900 |  6901 |  6577k| 950.6 |   761M |  92 |  14k|  14k|9744 |  19k|  1 |  15k|2122 |-2.033494e+02 |-1.656636e+02 |  22.75%| unknown
 4101s|  7000 |  7001 |  6662k| 949.1 |   762M |  92 |  14k|  14k|9695 |  20k|  1 |  15k|2182 |-2.033243e+02 |-1.656636e+02 |  22.73%| unknown
 4145s|  7100 |  7101 |  6757k| 949.2 |   766M |  92 |  14k|  14k|9793 |  20k|  1 |  15k|2184 |-2.032806e+02 |-1.656636e+02 |  22.71%| unknown
 4186s|  7200 |  7201 |  6837k| 947.2 |   766M |  92 |  14k|  14k|9746 |  20k|  1 |  15k|2192 |-2.032580e+02 |-1.656636e+02 |  22.69%| unknown
 4234s|  7300 |  7301 |  6942k| 948.5 |   768M |  92 |  14k|  14k|9769 |  20k|  1 |  15k|2196 |-2.032446e+02 |-1.656636e+02 |  22.69%| unknown
 4288s|  7400 |  7401 |  7024k| 946.8 |   769M |  92 |  14k|  14k|9724 |  21k|  1 |  16k|2199 |-2.032182e+02 |-1.656636e+02 |  22.67%| unknown
 4328s|  7500 |  7501 |  7104k| 944.8 |   770M |  92 |  14k|  14k|9789 |  21k|  1 |  16k|2201 |-2.031954e+02 |-1.656636e+02 |  22.66%| unknown
 4370s|  7600 |  7601 |  7194k| 944.3 |   770M |  92 |  14k|  14k|9812 |  21k|  1 |  16k|2202 |-2.031643e+02 |-1.656636e+02 |  22.64%| unknown
 4447s|  7700 |  7701 |  7276k| 942.6 |   770M |  92 |  14k|  14k|9779 |  21k|  1 |  16k|2207 |-2.031371e+02 |-1.656636e+02 |  22.62%| unknown
 4492s|  7800 |  7801 |  7367k| 942.2 |   772M |  92 |  14k|  14k|9791 |  21k|  1 |  16k|2223 |-2.030979e+02 |-1.656636e+02 |  22.60%| unknown
 4530s|  7900 |  7901 |  7451k| 940.9 |   772M |  92 |  14k|  14k|9803 |  21k|  1 |  16k|2229 |-2.030801e+02 |-1.656636e+02 |  22.59%| unknown
 4574s|  8000 |  8001 |  7537k| 939.9 |   772M |  92 |  14k|  14k|9792 |  22k|  1 |  16k|2234 |-2.030631e+02 |-1.656636e+02 |  22.58%| unknown
 time | node  | left  |LP iter|LP it/n|mem/heur|mdpt |vars |cons |rows |cuts |sepa|confs|strbr|  dualbound   | primalbound  |  gap   | compl. 
 4615s|  8100 |  8101 |  7628k| 939.6 |   775M |  92 |  14k|  14k|9768 |  22k|  1 |  17k|2235 |-2.030398e+02 |-1.656636e+02 |  22.56%| unknown
 4655s|  8200 |  8201 |  7714k| 938.5 |   777M |  92 |  14k|  14k|9772 |  22k|  1 |  17k|2239 |-2.030138e+02 |-1.656636e+02 |  22.55%| unknown
 4691s|  8300 |  8301 |  7786k| 935.9 |   777M |  92 |  14k|  14k|9771 |  22k|  1 |  17k|2241 |-2.029793e+02 |-1.656636e+02 |  22.53%| unknown
 4731s|  8400 |  8401 |  7875k| 935.4 |   779M |  92 |  14k|  14k|9774 |  22k|  1 |  17k|2244 |-2.029620e+02 |-1.656636e+02 |  22.51%| unknown
 4778s|  8500 |  8501 |  7966k| 935.1 |   779M |  92 |  14k|  14k|9813 |  22k|  1 |  17k|2266 |-2.029357e+02 |-1.656636e+02 |  22.50%| unknown
 4820s|  8600 |  8601 |  8048k| 933.8 |   780M |  92 |  14k|  15k|9771 |  22k|  3 |  18k|2280 |-2.029139e+02 |-1.656636e+02 |  22.49%| unknown
 4861s|  8700 |  8701 |  8130k| 932.4 |   780M |  92 |  14k|  15k|9763 |  23k|  1 |  18k|2293 |-2.029021e+02 |-1.656636e+02 |  22.48%| unknown
 4945s|  8800 |  8801 |  8226k| 932.8 |   781M |  92 |  14k|  15k|9833 |  23k|  1 |  18k|2305 |-2.028891e+02 |-1.656636e+02 |  22.47%| unknown
 4981s|  8900 |  8901 |  8304k| 931.0 |   781M |  92 |  14k|  15k|9782 |  23k|  1 |  18k|2312 |-2.028702e+02 |-1.656636e+02 |  22.46%| unknown
 5021s|  9000 |  9001 |  8385k| 929.7 |   782M |  92 |  14k|  15k|9728 |  23k|  1 |  18k|2325 |-2.028532e+02 |-1.656636e+02 |  22.45%| unknown
 5062s|  9100 |  9101 |  8468k| 928.6 |   784M |  92 |  14k|  15k|9786 |  23k|  1 |  18k|2331 |-2.028317e+02 |-1.656636e+02 |  22.44%| unknown
 5101s|  9200 |  9201 |  8551k| 927.6 |   786M |  92 |  14k|  15k|9774 |  23k|  1 |  19k|2332 |-2.028207e+02 |-1.656636e+02 |  22.43%| unknown
 5144s|  9300 |  9301 |  8644k| 927.6 |   786M |  92 |  14k|  15k|9813 |  23k|  1 |  19k|2334 |-2.028077e+02 |-1.656636e+02 |  22.42%| unknown
 5188s|  9400 |  9401 |  8743k| 928.3 |   787M |  92 |  14k|  15k|9780 |  23k|  1 |  19k|2339 |-2.027919e+02 |-1.656636e+02 |  22.41%| unknown
 5230s|  9500 |  9501 |  8828k| 927.4 |   787M |  92 |  14k|  15k|9777 |  24k|  1 |  19k|2360 |-2.027778e+02 |-1.656636e+02 |  22.40%| unknown
 time | node  | left  |LP iter|LP it/n|mem/heur|mdpt |vars |cons |rows |cuts |sepa|confs|strbr|  dualbound   | primalbound  |  gap   | compl. 
 5267s|  9600 |  9601 |  8900k| 925.2 |   789M |  92 |  14k|  15k|9815 |  24k|  1 |  20k|2377 |-2.027634e+02 |-1.656636e+02 |  22.39%| unknown
 5312s|  9700 |  9701 |  8997k| 925.7 |   790M |  92 |  14k|  15k|9786 |  24k|  1 |  20k|2388 |-2.027395e+02 |-1.656636e+02 |  22.38%| unknown
 5350s|  9800 |  9801 |  9075k| 924.2 |   791M |  92 |  14k|  15k|9827 |  24k|  1 |  20k|2391 |-2.027179e+02 |-1.656636e+02 |  22.37%| unknown
 5395s|  9900 |  9901 |  9169k| 924.4 |   792M |  92 |  14k|  15k|9775 |  24k|  1 |  20k|2406 |-2.026991e+02 |-1.656636e+02 |  22.36%| unknown
 5473s| 10000 | 10001 |  9260k| 924.2 |   793M |  92 |  14k|  15k|9805 |  24k|  1 |  20k|2406 |-2.026832e+02 |-1.656636e+02 |  22.35%| unknown
 5518s| 10100 | 10101 |  9361k| 925.0 |   795M |  92 |  14k|  16k|9699 |  25k|  1 |  21k|2411 |-2.026723e+02 |-1.656636e+02 |  22.34%| unknown
 5558s| 10200 | 10201 |  9437k| 923.4 |   795M |  92 |  14k|  16k|9758 |  25k|  1 |  21k|2426 |-2.026574e+02 |-1.656636e+02 |  22.33%| unknown
 5597s| 10300 | 10301 |  9521k| 922.7 |   799M |  92 |  14k|  15k|9814 |  25k|  1 |  21k|2427 |-2.026479e+02 |-1.656636e+02 |  22.32%| unknown
 5632s| 10400 | 10401 |  9591k| 920.5 |   799M |  92 |  14k|  15k|9810 |  25k|  1 |  21k|2432 |-2.026255e+02 |-1.656636e+02 |  22.31%| unknown
 5673s| 10500 | 10501 |  9671k| 919.4 |   800M |  92 |  14k|  15k|9793 |  25k|  3 |  21k|2445 |-2.026149e+02 |-1.656636e+02 |  22.31%| unknown
 5711s| 10600 | 10601 |  9750k| 918.1 |   800M |  92 |  14k|  15k|9798 |  25k|  1 |  21k|2458 |-2.025993e+02 |-1.656636e+02 |  22.30%| unknown
 5757s| 10700 | 10701 |  9824k| 916.5 |   802M |  92 |  14k|  15k|9819 |  25k|  1 |  22k|2475 |-2.025923e+02 |-1.656636e+02 |  22.29%| unknown
 5800s| 10800 | 10801 |  9917k| 916.6 |   804M |  92 |  14k|  15k|9817 |  26k|  3 |  22k|2478 |-2.025796e+02 |-1.656636e+02 |  22.28%| unknown
 5840s| 10900 | 10901 |  9994k| 915.3 |   804M |  92 |  14k|  15k|9759 |  26k|  1 |  22k|2486 |-2.025718e+02 |-1.656636e+02 |  22.28%| unknown
 5877s| 11000 | 11001 | 10078k| 914.6 |   806M |  92 |  14k|  15k|9782 |  26k|  1 |  22k|2489 |-2.025604e+02 |-1.656636e+02 |  22.27%| unknown
 time | node  | left  |LP iter|LP it/n|mem/heur|mdpt |vars |cons |rows |cuts |sepa|confs|strbr|  dualbound   | primalbound  |  gap   | compl. 
 5917s| 11100 | 11101 | 10161k| 913.8 |   806M |  92 |  14k|  15k|9800 |  26k|  1 |  22k|2502 |-2.025508e+02 |-1.656636e+02 |  22.27%| unknown
 5955s| 11200 | 11201 | 10241k| 912.7 |   806M |  92 |  14k|  15k|9791 |  26k|  1 |  23k|2506 |-2.025401e+02 |-1.656636e+02 |  22.26%| unknown
 5994s| 11300 | 11301 | 10327k| 912.3 |   807M |  92 |  14k|  15k|9803 |  26k|  1 |  23k|2511 |-2.025348e+02 |-1.656636e+02 |  22.26%| unknown
L6070s| 11400 | 11401 | 10411k| 911.7 |    alns|  92 |  14k|  15k|9771 |  26k|  2 |  23k|2513 |-2.025259e+02 |-1.673347e+02 |  21.03%| unknown
 6121s| 11500 | 11501 | 10499k| 911.4 |   807M |  92 |  14k|  15k|9798 |  27k|  1 |  23k|2515 |-2.025106e+02 |-1.673347e+02 |  21.02%| unknown
 6159s| 11600 | 11601 | 10575k| 910.1 |   807M |  92 |  14k|  15k|9808 |  27k|  1 |  23k|2519 |-2.025005e+02 |-1.673347e+02 |  21.02%| unknown
 6200s| 11700 | 11701 | 10661k| 909.7 |   810M |  92 |  14k|  15k|9713 |  27k|  1 |  24k|2535 |-2.024931e+02 |-1.673347e+02 |  21.01%| unknown
 6238s| 11800 | 11801 | 10736k| 908.3 |   811M |  92 |  14k|  15k|9824 |  27k|  1 |  24k|2548 |-2.024805e+02 |-1.673347e+02 |  21.00%| unknown
 6275s| 11900 | 11901 | 10818k| 907.6 |   811M |  92 |  14k|  15k|9744 |  27k|  3 |  24k|2550 |-2.024707e+02 |-1.673347e+02 |  21.00%| unknown
 6313s| 12000 | 12001 | 10901k| 907.0 |   812M |  92 |  14k|  15k|9773 |  27k|  1 |  24k|2551 |-2.024585e+02 |-1.673347e+02 |  20.99%| unknown
 6350s| 12100 | 12101 | 10977k| 905.7 |   812M |  92 |  14k|  15k|9783 |  27k|  1 |  24k|2553 |-2.024512e+02 |-1.673347e+02 |  20.99%| unknown
 6389s| 12200 | 12201 | 11060k| 905.1 |   813M |  92 |  14k|  15k|9803 |  27k|  1 |  24k|2553 |-2.024466e+02 |-1.673347e+02 |  20.98%| unknown
 6425s| 12300 | 12301 | 11140k| 904.2 |   813M |  92 |  14k|  15k|9812 |  27k|  1 |  25k|2554 |-2.024382e+02 |-1.673347e+02 |  20.98%| unknown
 6462s| 12400 | 12401 | 11219k| 903.3 |   813M |  92 |  14k|  15k|9818 |  27k|  1 |  25k|2569 |-2.024301e+02 |-1.673347e+02 |  20.97%| unknown
 6500s| 12500 | 12501 | 11290k| 901.8 |   813M |  92 |  14k|  15k|9797 |  28k|  1 |  25k|2575 |-2.024219e+02 |-1.673347e+02 |  20.97%| unknown
 time | node  | left  |LP iter|LP it/n|mem/heur|mdpt |vars |cons |rows |cuts |sepa|confs|strbr|  dualbound   | primalbound  |  gap   | compl. 
 6534s| 12600 | 12601 | 11366k| 900.6 |   815M |  92 |  14k|  15k|9788 |  28k|  3 |  25k|2577 |-2.024151e+02 |-1.673347e+02 |  20.96%| unknown
 6608s| 12700 | 12701 | 11459k| 900.9 |   815M |  92 |  14k|  15k|9781 |  28k|  2 |  26k|2580 |-2.024067e+02 |-1.673347e+02 |  20.96%| unknown
 6644s| 12800 | 12801 | 11533k| 899.6 |   815M |  92 |  14k|  15k|9790 |  28k|  1 |  26k|2582 |-2.023921e+02 |-1.673347e+02 |  20.95%| unknown
 6684s| 12900 | 12901 | 11613k| 898.8 |   817M |  92 |  14k|  15k|9829 |  28k|  1 |  26k|2597 |-2.023820e+02 |-1.673347e+02 |  20.94%| unknown
 6722s| 13000 | 13001 | 11693k| 898.1 |   819M |  92 |  14k|  16k|9715 |  28k|  1 |  26k|2611 |-2.023773e+02 |-1.673347e+02 |  20.94%| unknown
 6761s| 13100 | 13101 | 11775k| 897.5 |   819M |  92 |  14k|  16k|9823 |  28k|  1 |  26k|2612 |-2.023665e+02 |-1.673347e+02 |  20.94%| unknown
 6798s| 13200 | 13201 | 11852k| 896.6 |   821M |  92 |  14k|  16k|9702 |  28k|  1 |  27k|2625 |-2.023575e+02 |-1.673347e+02 |  20.93%| unknown
 6833s| 13300 | 13301 | 11926k| 895.3 |   822M |  92 |  14k|  16k|9789 |  28k|  1 |  27k|2626 |-2.023519e+02 |-1.673347e+02 |  20.93%| unknown
 6876s| 13400 | 13401 | 12016k| 895.4 |   822M |  92 |  14k|  16k|9814 |  29k|  1 |  27k|2637 |-2.023404e+02 |-1.673347e+02 |  20.92%| unknown
 6901s| 13500 | 13501 | 12060k| 892.0 |   831M |  92 |  14k|  16k|9849 |  29k|  1 |  27k|2691 |-2.023389e+02 |-1.673347e+02 |  20.92%| unknown
 6930s| 13600 | 13601 | 12109k| 889.0 |   840M |  92 |  14k|  16k|9887 |  29k|  1 |  27k|2742 |-2.023389e+02 |-1.673347e+02 |  20.92%| unknown
 6972s| 13700 | 13701 | 12192k| 888.6 |   840M |  92 |  14k|  16k|9802 |  29k|  1 |  27k|2754 |-2.023301e+02 |-1.673347e+02 |  20.91%| unknown
 7012s| 13800 | 13801 | 12271k| 887.9 |   840M |  92 |  14k|  16k|9803 |  29k|  1 |  28k|2765 |-2.023164e+02 |-1.673347e+02 |  20.91%| unknown
 7051s| 13900 | 13901 | 12357k| 887.7 |   843M |  92 |  14k|  16k|9796 |  29k|  1 |  28k|2767 |-2.023060e+02 |-1.673347e+02 |  20.90%| unknown
 7095s| 14000 | 14001 | 12434k| 886.8 |   843M |  92 |  14k|  16k|9820 |  29k|  1 |  28k|2779 |-2.023010e+02 |-1.673347e+02 |  20.90%| unknown
 time | node  | left  |LP iter|LP it/n|mem/heur|mdpt |vars |cons |rows |cuts |sepa|confs|strbr|  dualbound   | primalbound  |  gap   | compl. 
 7130s| 14100 | 14101 | 12504k| 885.5 |   845M |  92 |  14k|  16k|9796 |  30k|  1 |  29k|2783 |-2.022929e+02 |-1.673347e+02 |  20.89%| unknown

SCIP Status        : solving was interrupted [time limit reached]
Solving Time (sec) : 7200.01
Solving Nodes      : 14160
Primal Bound       : -1.67334710477622e+02 (122 solutions)
Dual Bound         : -2.02288368087452e+02
Gap                : 20.89 %
SCIP Status        : solving was interrupted [time limit reached]
Total Time         :    7200.13
  solving          :    7200.01
  presolving       :       3.98 (included in solving)
  reading          :       0.12
  copying          :       2.73 (29 #copies) (minimal 0.05, maximal 0.13, average 0.09)
Original Problem   :
  Problem name     : sct1
  Variables        : 22886 (10312 binary, 0 integer, 0 implicit integer, 12574 continuous)
  Constraints      : 12154 initial, 12154 maximal
  Objective        : minimize, 1294 non-zeros (abs.min = 0.00479157, abs.max = 1000)
Presolved Problem  :
  Problem name     : t_sct1
  Variables        : 14514 (7774 binary, 0 integer, 0 implicit integer, 6740 continuous)
  Constraints      : 9647 initial, 16767 maximal
  Objective        : minimize, 5569 non-zeros (abs.min = 0.00104165, abs.max = 37.0573)
  Nonzeros         : 92688 constraint, 16520 clique table
Presolvers         :   ExecTime  SetupTime  Calls  FixedVars   AggrVars   ChgTypes  ChgBounds   AddHoles    DelCons    AddCons   ChgSides   ChgCoefs
  boundshift       :       0.00       0.00      0          0          0          0          0          0          0          0          0          0
  convertinttobin  :       0.00       0.00      0          0          0          0          0          0          0          0          0          0
  domcol           :       0.03       0.00      2          0          0          0          0          0          0          0          0          0
  dualagg          :       0.00       0.00      0          0          0          0          0          0          0          0          0          0
  dualcomp         :       0.02       0.00      2          0          0          0          0          0          0          0          0          0
  dualinfer        :       0.00       0.00      0          0          0          0          0          0          0          0          0          0
  dualsparsify     :       0.23       0.00      1          0          0          0          0          0          0          0          0          0
  gateextraction   :       0.00       0.00      0          0          0          0          0          0          0          0          0          0
  implics          :       0.00       0.00      3          0          0          0          0          0          0          0          0          0
  inttobinary      :       0.00       0.00      0          0          0          0          0          0          0          0          0          0
  qpkktref         :       0.00       0.00      0          0          0          0          0          0          0          0          0          0
  redvub           :       0.00       0.00      0          0          0          0          0          0          0          0          0          0
  sparsify         :       0.07       0.00      1          0          0          0          0          0          0          0          0          0
  stuffing         :       0.00       0.00      0          0          0          0          0          0          0          0          0          0
  trivial          :       0.01       0.00      7       6957          0          0          0          0          0          0          0          0
  tworowbnd        :       0.00       0.00      0          0          0          0          0          0          0          0          0          0
  dualfix          :       0.01       0.00      7       1376          0          0          0          0          0          0          0          0
  genvbounds       :       0.00       0.00      0          0          0          0          0          0          0          0          0          0
  probing          :       2.09       0.00      1          0          0          0          0          0          0          0          0          0
  pseudoobj        :       0.00       0.00      0          0          0          0          0          0          0          0          0          0
  symmetry         :       1.23       0.00      1          0          0          0          0          0        215        691          0          0
  vbounds          :       0.02       0.00      2          0          0          0          0          0          0          0          0          0
  varbound         :       0.01       0.00      4          0          0          0          0          0          0          0          0          0
  knapsack         :       0.01       0.00      6          0          0          0          0          0          0          0          0          0
  setppc           :       0.03       0.00      6          0          0          0          0          0          0          0          0          0
  linear           :       0.16       0.02     10         34          5          0       2849          0       2984          1         57        632
  orbisack         :       0.00       0.00      1          0          0          0          0          0          0          0          0          0
  symretope        :       0.00       0.00      1          0          0          0          0          0          0          0          0          0
  logicor          :       0.00       0.00      0          0          0          0          0          0          0          0          0          0
  bounddisjunction :       0.00       0.00      0          0          0          0          0          0          0          0          0          0
  benders          :       0.00       0.00      0          0          0          0          0          0          0          0          0          0
  components       :       0.02       0.00      1          0          0          0          0          0          0          0          0          0
  root node        :          -          -      -          0          -          -          7          -          -          -          -          -
Constraints        :     Number  MaxNumber  #Separate #Propagate    #EnfoLP    #EnfoRelax  #EnfoPS    #Check   #ResProp    Cutoffs    DomReds       Cuts    Applied      Conss   Children
  benderslp        :          0          0          0          0      14166          0          0       3592          0          0          0          0          0          0          0
  integral         :          0          0          0          0      14166          0          0       3592          0          0          6          0          0          0      28320
  varbound         :       2664       2664         42     606397          0          0          0       3586     113962          0      15964          0          0          0          0
  knapsack         :          5          5         42     768656          0          0          0        677     854556          9     756311          0          0          0          0
  setppc           :       3886       3886         42     614737          0          0          0        179     125829          0      28100          0          0          0          0
  linear           :       2616       2616         42     768698          0          0          0        170     687918          7      84835          0          0          0          0
  orbisack         :        418        418          0        217          0          0          0        124         22         13          0          0          0          0          0
  symretope        :         58         58          0       4329          0          0          0        124          0          0          0          0          0          0          0
  logicor          :          0+      3740         42      37363          0          0          0          0         85        171          0          0          0          0          0
  bounddisjunction :          0+      3425          0      36174          0          0          0          0         49          2          0          0          0          0          0
  benders          :          0          0          0          0          0          0          0        125          0          0          0          0          0          0          0
  countsols        :          0          0          0          0          0          0          0        125          0          0          0          0          0          0          0
  components       :          0          0          0          0          0          0          0          0          0          0          0          0          0          0          0
Constraint Timings :  TotalTime  SetupTime   Separate  Propagate     EnfoLP     EnfoPS     EnfoRelax   Check    ResProp    SB-Prop
  benderslp        :       0.01       0.00       0.00       0.00       0.01       0.00       0.00       0.00       0.00       0.00
  integral         :     381.21       0.00       0.00       0.00     381.19       0.00       0.00       0.02       0.00       0.00
  varbound         :       3.48       0.00       0.04       2.17       0.00       0.00       0.00       1.18       0.02       0.06
  knapsack         :      21.74       0.00       0.10      12.01       0.00       0.00       0.00       0.12       9.38       0.13
  setppc           :       6.12       0.00       0.01       5.78       0.00       0.00       0.00       0.12       0.13       0.07
  linear           :      12.33       0.02       2.34       8.60       0.00       0.00       0.00       0.12       1.07       0.18
  orbisack         :       2.27       0.00       0.00       2.22       0.00       0.00       0.00       0.00       0.00       0.04
  symretope        :       0.23       0.00       0.00       0.22       0.00       0.00       0.00       0.00       0.00       0.00
  logicor          :       1.63       0.00       0.00       1.61       0.00       0.00       0.00       0.00       0.00       0.02
  bounddisjunction :       1.50       0.00       0.00       1.48       0.00       0.00       0.00       0.00       0.00       0.01
  benders          :       0.00       0.00       0.00       0.00       0.00       0.00       0.00       0.00       0.00       0.00
  countsols        :       0.00       0.00       0.00       0.00       0.00       0.00       0.00       0.00       0.00       0.00
  components       :       0.03       0.00       0.00       0.03       0.00       0.00       0.00       0.00       0.00       0.00
Propagators        : #Propagate   #ResProp    Cutoffs    DomReds
  dualfix          :          3          0          0          0
  genvbounds       :          0          0          0          0
  nlobbt           :          0          0          0          0
  obbt             :          0          0          0          0
  probing          :          0          0          0          0
  pseudoobj        :      52177          0          0          0
  redcost          :      32636          0          0          0
  rootredcost      :          8          0          0          7
  symmetry         :          0          0          0          0
  vbounds          :     495193          0          0          0
Propagator Timings :  TotalTime  SetupTime   Presolve  Propagate    ResProp    SB-Prop
  dualfix          :       0.01       0.00       0.01       0.00       0.00       0.00
  genvbounds       :       0.09       0.00       0.00       0.08       0.00       0.00
  nlobbt           :       0.00       0.00       0.00       0.00       0.00       0.00
  obbt             :       0.00       0.00       0.00       0.00       0.00       0.00
  probing          :       2.09       0.00       2.09       0.00       0.00       0.00
  pseudoobj        :       1.12       0.00       0.00       1.12       0.00       0.00
  redcost          :      15.76       0.00       0.00      15.76       0.00       0.00
  rootredcost      :       0.07       0.00       0.00       0.07       0.00       0.00
  symmetry         :       1.28       0.00       1.23       0.05       0.00       0.00
  vbounds          :       0.61       0.00       0.02       0.58       0.00       0.01
Orbital fixing     :
  vars fixed to 0  :          0
  vars fixed to 1  :          0
Conflict Analysis  :       Time      Calls    Success    DomReds  Conflicts   Literals    Reconvs ReconvLits   Dualrays   Nonzeros   LP Iters   (pool size: [10000,10000])
  propagation      :       0.02        184        169          -        504      119.5          2       66.0          -          -          -
  infeasible LP    :       0.03         49          0          -          0        0.0          0        0.0          0        0.0          0
  bound exceed. LP :     129.25       4431       4346          -     204971      214.7         79       44.6          0        0.0      84118
  strong branching :       0.00          0          0          -          0        0.0          0        0.0          -          -          0
  pseudo solution  :       0.00          0          0          -          0        0.0          0        0.0          -          -          -
  applied globally :       0.76          -          -          0      29051      160.6          -          -          0          -          -
  applied locally  :          -          -          -          0          0        0.0          -          -          0          -          -
Separators         :   ExecTime  SetupTime      Calls  RootCalls    Cutoffs    DomReds  FoundCuts ViaPoolAdd  DirectAdd    Applied ViaPoolApp  DirectApp      Conss
  cut pool         :       3.50          -       5962         73          -          -      34641      96196          -          -          -          -          -    (maximal pool size:       3707)
  aggregation      :      45.26       0.00       1693         42          0          0      32817      82476          0      25447      25447          0          0
  > cmir           :          -          -          -          -          -          -          -      68943          0      19565      19565          0          -
  > flowcover      :          -          -          -          -          -          -          -      13533          0       5882       5882          0          -
  > knapsackcover  :          -          -          -          -          -          -          -          0          0          0          0          0          -
  cgmip            :       0.00       0.00          0          0          0          0          0          0          0          0          0          0          0
  clique           :       4.14       0.00         42         42          0          0          0          0          0          0          0          0          0
  closecuts        :       0.00       0.00          0          0          0          0          0          0          0          0          0          0          0
  convexproj       :       0.00       0.00          0          0          0          0          0          0          0          0          0          0          0
  disjunctive      :       0.00       0.00          0          0          0          0          0          0          0          0          0          0          0
  eccuts           :       0.00       0.00          0          0          0          0          0          0          0          0          0          0          0
  gauge            :       0.00       0.00          0          0          0          0          0          0          0          0          0          0          0
  gomory           :      71.42       0.00       1607         10          0          0       1824      13720          0       4685       4685          0          0
  > gomorymi       :          -          -          -          -          -          -          -      13720          0       4685       4685          0          -
  > strongcg       :          -          -          -          -          -          -          -          0          0          0          0          0          -
  impliedbounds    :       2.88       0.00       1693         42          0          0          0          0          0          0          0          0          0
  interminor       :       0.00       0.00          0          0          0          0          0          0          0          0          0          0          0
  intobj           :       0.00       0.00          0          0          0          0          0          0          0          0          0          0          0
  mcf              :       0.02       0.00          1          1          0          0          0          0          0          0          0          0          0
  minor            :       0.00       0.00          0          0          0          0          0          0          0          0          0          0          0
  mixing           :       1.78       0.00       1693         42          0          0          0          0          0          0          0          0          0
  oddcycle         :       0.00       0.00          0          0          0          0          0          0          0          0          0          0          0
  rapidlearning    :       0.00       0.00          0          0          0          0          0          0          0          0          0          0          0
  rlt              :       0.00       0.00         10         10          0          0          0          0          0          0          0          0          0
  zerohalf         :      14.71       0.00       1617         20          0          0          0          0          0          0          0          0          0
Cutselectors       :   ExecTime  SetupTime      Calls  RootCalls   Selected     Forced   Filtered  RootSelec   RootForc   RootFilt 
  hybrid           :       0.17       0.00       4302         43      30132          0      66064        839          0       1909
Pricers            :   ExecTime  SetupTime      Calls       Vars
  problem variables:       0.00          -          0          0
Branching Rules    :   ExecTime  SetupTime   BranchLP  BranchExt   BranchPS    Cutoffs    DomReds       Cuts      Conss   Children
  allfullstrong    :       0.00       0.00          0          0          0          0          0          0          0          0
  cloud            :       0.00       0.00          0          0          0          0          0          0          0          0
  distribution     :       0.00       0.00          0          0          0          0          0          0          0          0
  fullstrong       :       0.00       0.00          0          0          0          0          0          0          0          0
  inference        :       0.00       0.00          0          0          0          0          0          0          0          0
  leastinf         :       0.00       0.00          0          0          0          0          0          0          0          0
  lookahead        :       0.00       0.00          0          0          0          0          0          0          0          0
  mostinf          :       0.00       0.00          0          0          0          0          0          0          0          0
  multaggr         :       0.00       0.00          0          0          0          0          0          0          0          0
  nodereopt        :       0.00       0.00          0          0          0          0          0          0          0          0
  pscost           :       0.00       0.00          0          0          0          0          0          0          0          0
  random           :       0.00       0.00          0          0          0          0          0          0          0          0
  relpscost        :     381.17       0.00      14166          0          0          0          6          0          0      28320
  vanillafullstrong:       0.00       0.00          0          0          0          0          0          0          0          0
Primal Heuristics  :   ExecTime  SetupTime      Calls      Found       Best
  LP solutions     :       0.00          -          -          0          0
  relax solutions  :       0.00          -          -          0          0
  pseudo solutions :       0.00          -          -          0          0
  strong branching :       0.03          -          -          0          0
  actconsdiving    :       0.00       0.00          0          0          0
  adaptivediving   :      48.12       0.00         75          1          1
  alns             :      61.50       0.00          6          1          1
  bound            :       0.00       0.00          0          0          0
  clique           :       0.07       0.00          1          0          0
  coefdiving       :       0.00       0.00          0          0          0
  completesol      :       0.00       0.00          0          0          0
  conflictdiving   :     160.63       0.00        194          0          0
  crossover        :      49.42       0.00         10          8          3
  dins             :       0.00       0.00          0          0          0
  distributiondivin:     158.43       0.00        175          0          0
  dps              :       0.00       0.00          0          0          0
  dualval          :       0.00       0.00          0          0          0
  farkasdiving     :     226.54       0.00         73          1          1
  feaspump         :       3.82       0.00          3          3          0
  fixandinfer      :       0.00       0.00          0          0          0
  fracdiving       :      63.86       0.00        194          0          0
  gins             :       0.11       0.00          0          0          0
  guideddiving     :      63.04       0.00        194          0          0
  indicator        :       0.01       0.00          0          0          0
  intdiving        :       0.00       0.00          0          0          0
  intshifting      :       6.62       0.00        122          0          0
  linesearchdiving :     205.80       0.00        181          0          0
  localbranching   :       0.00       0.00          0          0          0
  locks            :       0.10       0.00          1          1          1
  lpface           :       0.01       0.00          0          0          0
  mpec             :       0.00       0.00          0          0          0
  multistart       :       0.00       0.00          0          0          0
  mutation         :       0.00       0.00          0          0          0
  nlpdiving        :       0.00       0.00          0          0          0
  objpscostdiving  :     673.20       0.00         16          0          0
  octane           :       0.00       0.00          0          0          0
  ofins            :       0.00       0.00          0          0          0
  oneopt           :       0.09       0.00          9          0          0
  padm             :       0.00       0.00          0          0          0
  proximity        :       0.00       0.00          0          0          0
  pscostdiving     :     149.92       0.00        126          0          0
  randrounding     :       2.63       0.00       3459          0          0
  rens             :      73.40       0.00          1          1          1
  reoptsols        :       0.00       0.00          0          0          0
  repair           :       0.00       0.00          0          0          0
  rins             :      57.74       0.00         12         11          2
  rootsoldiving    :     176.74       0.00         97         95          0
  rounding         :       1.46       0.00       1880          0          0
  shiftandpropagate:       0.00       0.00          0          0          0
  shifting         :      15.59       0.00       1071          0          0
  simplerounding   :       0.01       0.00          0          0          0
  subnlp           :       0.01       0.00          0          0          0
  trivial          :       0.05       0.00          2          0          0
  trivialnegation  :       0.00       0.00          0          0          0
  trustregion      :       0.00       0.00          0          0          0
  trysol           :       0.01       0.00          0          0          0
  twoopt           :       0.00       0.00          0          0          0
  undercover       :       0.00       0.00          0          0          0
  vbounds          :       0.54       0.00          1          0          0
  veclendiving     :      71.49       0.00        194          0          0
  zeroobj          :       0.00       0.00          0          0          0
  zirounding       :       0.79       0.00       1000          0          0
  other solutions  :          -          -          -          0          -
LP                 :       Time      Calls Iterations  Iter/call   Iter/sec  Time-0-It Calls-0-It    ItLimit
  primal LP        :     980.63       2295          0       0.00       0.00     980.63       2295
  dual LP          :    3307.07      18470    9110581     493.45    2754.88       0.02          7
  lex dual LP      :       0.00          0          0       0.00          -
  barrier LP       :       0.00          0          0       0.00          -       0.00          0
  resolve instable :       0.00          0          0       0.00          -
  diving/probing LP:    1678.48      21184    3455780     163.13    2058.87
  strong branching :     343.14       2793     979741     350.78    2855.20          -          -        564
    (at root node) :          -         20      16596     829.80          -
  conflict analysis:      58.01       8423      84118       9.99    1450.15
B&B Tree           :
  number of runs   :          1
  nodes            :      14160 (14160 internal, 0 leaves)
  feasible leaves  :          0
  infeas. leaves   :          0
  objective leaves :          0
  nodes (total)    :      14160 (14160 internal, 0 leaves)
  nodes left       :      14161
  max depth        :         92
  max depth (total):         92
  backtracks       :       1610 (11.4%)
  early backtracks :          0 (0.0%)
  nodes exc. ref.  :          0 (0.0%)
  delayed cutoffs  :          0
  repropagations   :          4 (0 domain reductions, 0 cutoffs)
  avg switch length:       4.14
  switching time   :     984.09
Root Node          :
  First LP value   : -2.16409845774703e+02
  First LP Iters   :      10294 (5290.30 Iter/sec)
  First LP Time    :       1.95
  Final Dual Bound : -2.12542083984590e+02
  Final Root Iters :      19198
  Root LP Estimate : -1.55419657748228e+02
Solution           :
  Solutions found  :        122 (10 improvements)
  First Solution   : +7.19170137246686e+01   (in run 1, after 1 nodes, 4.26 seconds, depth 152, found by <locks>)
  Gap First Sol.   :   infinite
  Gap Last Sol.    :      21.03 %
  Primal Bound     : -1.67334710477622e+02   (in run 1, after 11400 nodes, 6069.88 seconds, depth 20, found by <alns>)
  Dual Bound       : -2.02288368087452e+02
  Gap              :      20.89 %
Integrals          :      Total       Avg%
  primal-dual      :  143015.57      19.86
  primal-ref       :          -          - (not evaluated)
  dual-ref         :          -          - (not evaluated)
written solution information to file <results/final_miplib_symretope_if_extended_generating_set_cpx_v802__settings_final_nopeek_norelabel_extend_norestarts__2__sct1.mps.gz.sol>
@04 1686664504
