FILENAME:   /home/mcs001/s132664/testsets/IP/miplib2017/neos-3237086-abava.mps.gz
SETTINGS:   settings_final_nopeek_norelabel_extend_norestarts
TIMELIMIT:  7200
OUTPUTNAME: final_miplib_symretope_if_extended_generating_set_cpx_v802__settings_final_nopeek_norelabel_extend_norestarts__4__
BINNAME:    bin/sbcs.linux.x86_64.gnu.opt.cpx
BASENAME:   neos-3237086-abava.mps.gz
SEED:       4
@01 /home/mcs001/s132664/testsets/IP/miplib2017/neos-3237086-abava.mps.gz ===========
@02 neos-3237086-abava.mps.gz
@03 1686666630
SCIP version 8.0.2 [precision: 8 byte] [memory: block] [mode: optimized] [LP solver: CPLEX 20.1.0.0] [GitHash: 5f0473c]
Copyright (C) 2002-2022 Konrad-Zuse-Zentrum fuer Informationstechnik Berlin (ZIB)

Symretope propagation methods - (c) Jasper van Doornmalen, Christopher Hojny.
[GitHash: 2fd0484]

reading parameter file <../settings/settings_final_nopeek_norelabel_extend_norestarts.set> ...

Changed settings:
limits/time = 7200
limits/restarts = 0
misc/usesymmetry = 1
randomization/randomseedshift = 4
constraints/orbisack/sepafreq = -1
constraints/symresack/sepafreq = -1
propagating/symmetry/addsymresacks = TRUE
propagating/symmetry/detectsubgroups = FALSE
propagating/symmetry/relabelsymretopes = 0
propagating/symmetry/extendgenerators = TRUE
propagating/symmetry/ofsymcomptiming = 0
constraints/symretope/sepafreq = -1
constraints/symretope/peek = FALSE


solving problem ...

original problem has 50192 variables (50192 bin, 0 int, 0 impl, 0 cont) and 69472 constraints
presolving:
(round 1, fast)       992 del vars, 976 del conss, 0 add conss, 0 chg bounds, 0 chg sides, 0 chg coeffs, 0 upgd conss, 0 impls, 26896 clqs
(round 2, exhaustive) 992 del vars, 976 del conss, 0 add conss, 0 chg bounds, 0 chg sides, 0 chg coeffs, 64832 upgd conss, 0 impls, 26896 clqs
(round 3, medium)     992 del vars, 31696 del conss, 61440 add conss, 0 chg bounds, 0 chg sides, 0 chg coeffs, 64832 upgd conss, 0 impls, 88336 clqs
   (30.7s) probing: 1000/49200 (2.0%) - 0 fixings, 0 aggregations, 1128992 implications, 0 bound changes
   (30.7s) probing: 1001/49200 (2.0%) - 0 fixings, 0 aggregations, 1129064 implications, 0 bound changes
   (30.7s) probing aborted: 1000/1000 successive useless probings
   (31.3s) symmetry computation started: requiring (bin +, int +, cont +), (fixed: bin -, int -, cont -)
   (34.0s) symmetry computation finished: 16 generators found (max: 1300, log10 of symmetry group size: 9.8)
(round 4, exhaustive) 992 del vars, 31696 del conss, 61546 add conss, 0 chg bounds, 0 chg sides, 0 chg coeffs, 64896 upgd conss, 0 impls, 231528 clqs
presolving (5 rounds: 5 fast, 4 medium, 3 exhaustive):
 992 deleted vars, 31696 deleted constraints, 61546 added constraints, 0 tightened bounds, 0 added holes, 0 changed sides, 0 changed coefficients
 0 implications, 231528 cliques
presolved problem has 49200 variables (49200 bin, 0 int, 0 impl, 0 cont) and 99322 constraints
     16 constraints of type <knapsack>
  88336 constraints of type <setppc>
   3600 constraints of type <linear>
     80 constraints of type <orbisack>
     26 constraints of type <symretope>
   7264 constraints of type <logicor>
transformed objective value is always integral (scale: 1)
Presolving Time: 37.32

 time | node  | left  |LP iter|LP it/n|mem/heur|mdpt |vars |cons |rows |cuts |sepa|confs|strbr|  dualbound   | primalbound  |  gap   | compl. 
  112s|     1 |     0 | 42892 |     - |   934M |   0 |  49k|  99k|  99k|   0 |  0 |  53 |   0 | 0.000000e+00 |      --      |    Inf | unknown
 1059s|     1 |     0 |255014 |     - |   967M |   0 |  49k|  99k|  99k|   6 |  1 |  53 |   0 | 0.000000e+00 |      --      |    Inf | unknown
 1181s|     1 |     0 |288253 |     - |   997M |   0 |  49k|  99k|  99k|  22 |  2 |  53 |   0 | 0.000000e+00 |      --      |    Inf | unknown
 1380s|     1 |     0 |330656 |     - |  1009M |   0 |  49k|  99k|  99k|  30 |  3 |  53 |   0 | 0.000000e+00 |      --      |    Inf | unknown
 1471s|     1 |     0 |344961 |     - |  1027M |   0 |  49k|  99k|  99k|  39 |  4 |  53 |   0 | 0.000000e+00 |      --      |    Inf | unknown
 1558s|     1 |     0 |358223 |     - |  1041M |   0 |  49k|  99k|  99k|  47 |  5 |  53 |   0 | 0.000000e+00 |      --      |    Inf | unknown
 1982s|     1 |     0 |432465 |     - |  1055M |   0 |  49k|  99k|  99k|  50 |  6 |  53 |   0 | 0.000000e+00 |      --      |    Inf | unknown
 2119s|     1 |     0 |451807 |     - |  1066M |   0 |  49k|  99k|  99k|  54 |  7 |  54 |   0 | 0.000000e+00 |      --      |    Inf | unknown
 2133s|     1 |     0 |451959 |     - |  1077M |   0 |  49k|  99k|  99k|  56 |  8 |  54 |   0 | 0.000000e+00 |      --      |    Inf | unknown
 2146s|     1 |     0 |451960 |     - |  1088M |   0 |  49k|  99k|  99k|  57 |  9 |  54 |   0 | 0.000000e+00 |      --      |    Inf | unknown
 2241s|     1 |     0 |457871 |     - |  1099M |   0 |  49k|  99k|  99k|  60 | 11 |  54 |   0 | 0.000000e+00 |      --      |    Inf | unknown
 2376s|     1 |     0 |474843 |     - |  1111M |   0 |  49k|  99k|  99k|  67 | 12 |  55 |   0 | 0.000000e+00 |      --      |    Inf | unknown
 2487s|     1 |     0 |490897 |     - |  1122M |   0 |  49k|  99k|  99k|  71 | 13 |  55 |   0 | 0.000000e+00 |      --      |    Inf | unknown
 2493s|     1 |     0 |491691 |     - |  1133M |   0 |  49k|  99k|  99k|  73 | 14 |  55 |   0 | 0.000000e+00 |      --      |    Inf | unknown
 2533s|     1 |     0 |497877 |     - |  1134M |   0 |  49k|  99k|  99k|  73 | 14 |  56 |   0 | 0.000000e+00 |      --      |    Inf | unknown
 time | node  | left  |LP iter|LP it/n|mem/heur|mdpt |vars |cons |rows |cuts |sepa|confs|strbr|  dualbound   | primalbound  |  gap   | compl. 
 2548s|     1 |     0 |497877 |     - |  1144M |   0 |  49k|  99k|  99k|  73 | 15 |  56 |   0 | 0.000000e+00 |      --      |    Inf | unknown
 2747s|     1 |     0 |525358 |     - |  1154M |   0 |  49k|  99k|  99k|  82 | 16 |  56 |   0 | 0.000000e+00 |      --      |    Inf | unknown
 2913s|     1 |     0 |544054 |     - |  1167M |   0 |  49k|  99k|  99k|  88 | 17 |  56 |   0 | 0.000000e+00 |      --      |    Inf | unknown
 3281s|     1 |     0 |592748 |     - |  1178M |   0 |  49k|  99k|  99k| 109 | 18 |  56 |   0 | 0.000000e+00 |      --      |    Inf | unknown
 3303s|     1 |     0 |595745 |     - |  1178M |   0 |  49k|  99k|  99k| 110 | 19 |  56 |   0 | 0.000000e+00 |      --      |    Inf | unknown
 3733s|     1 |     0 |652429 |     - |  1189M |   0 |  49k|  99k|  99k| 128 | 20 |  56 |   0 | 0.000000e+00 |      --      |    Inf | unknown
 4139s|     1 |     0 |704513 |     - |  1201M |   0 |  49k|  99k|  99k| 145 | 21 |  56 |   0 | 0.000000e+00 |      --      |    Inf | unknown
 4441s|     1 |     2 |718190 |     - |  1205M |   0 |  49k|  99k|  99k| 145 | 23 |  59 |  36 | 0.000000e+00 |      --      |    Inf | unknown

SCIP Status        : solving was interrupted [time limit reached]
Solving Time (sec) : 7200.04
Solving Nodes      : 11
Primal Bound       : +1.00000000000000e+20 (0 solutions)
Dual Bound         : +0.00000000000000e+00
Gap                : infinite
SCIP Status        : solving was interrupted [time limit reached]
Total Time         :    7200.41
  solving          :    7200.04
  presolving       :      37.32 (included in solving)
  reading          :       0.37
  copying          :       0.45 (2 #copies) (minimal 0.22, maximal 0.23, average 0.22)
Original Problem   :
  Problem name     : neos-3237086-abava
  Variables        : 50192 (50192 binary, 0 integer, 0 implicit integer, 0 continuous)
  Constraints      : 69472 initial, 69472 maximal
  Objective        : minimize, 0 non-zeros (abs.min = 1e+20, abs.max = -1e+20)
Presolved Problem  :
  Problem name     : t_neos-3237086-abava
  Variables        : 49200 (49200 binary, 0 integer, 0 implicit integer, 0 continuous)
  Constraints      : 99322 initial, 99362 maximal
  Objective        : minimize, 0 non-zeros (abs.min = 1e+20, abs.max = -1e+20)
  Nonzeros         : 2934360 constraint, 466404 clique table
Presolvers         :   ExecTime  SetupTime  Calls  FixedVars   AggrVars   ChgTypes  ChgBounds   AddHoles    DelCons    AddCons   ChgSides   ChgCoefs
  boundshift       :       0.00       0.00      0          0          0          0          0          0          0          0          0          0
  convertinttobin  :       0.00       0.00      0          0          0          0          0          0          0          0          0          0
  domcol           :       0.26       0.00      2          0          0          0          0          0          0          0          0          0
  dualagg          :       0.00       0.00      0          0          0          0          0          0          0          0          0          0
  dualcomp         :       0.00       0.00      0          0          0          0          0          0          0          0          0          0
  dualinfer        :       0.00       0.00      0          0          0          0          0          0          0          0          0          0
  dualsparsify     :       0.62       0.00      1          0          0          0          0          0          0          0          0          0
  gateextraction   :       0.21       0.00      2          0          0          0          0          0          0          0          0          0
  implics          :       0.01       0.00      4          0          0          0          0          0          0          0          0          0
  inttobinary      :       0.00       0.00      0          0          0          0          0          0          0          0          0          0
  qpkktref         :       0.00       0.00      0          0          0          0          0          0          0          0          0          0
  redvub           :       0.00       0.00      0          0          0          0          0          0          0          0          0          0
  sparsify         :       0.13       0.00      1          0          0          0          0          0          0          0          0          0
  stuffing         :       0.00       0.00      0          0          0          0          0          0          0          0          0          0
  trivial          :       0.01       0.00      5          0          0          0          0          0          0          0          0          0
  tworowbnd        :       0.00       0.00      0          0          0          0          0          0          0          0          0          0
  dualfix          :       0.01       0.00      5         32          0          0          0          0          0          0          0          0
  genvbounds       :       0.00       0.00      0          0          0          0          0          0          0          0          0          0
  probing          :      28.76       0.00      1          0          0          0          0          0          0          0          0          0
  pseudoobj        :       0.00       0.00      0          0          0          0          0          0          0          0          0          0
  symmetry         :       4.98       0.00      1          0          0          0          0          0          0        106          0          0
  vbounds          :       0.14       0.00      3          0          0          0          0          0          0          0          0          0
  knapsack         :       0.27       0.00      8          0          0          0          0          0      30720      61440          0          0
  setppc           :       0.37       0.01      8          0          0          0          0          0          0          0          0          0
  linear           :       0.34       0.05      8          0        960          0          0          0        976          0          0          0
  orbisack         :       0.00       0.00      1          0          0          0          0          0          0          0          0          0
  symretope        :       0.00       0.00      1          0          0          0          0          0          0          0          0          0
  logicor          :       0.11       0.01      8          0          0          0          0          0          0          0          0          0
  benders          :       0.00       0.00      0          0          0          0          0          0          0          0          0          0
  components       :       0.88       0.00      1          0          0          0          0          0          0          0          0          0
  root node        :          -          -      -         72          -          -         72          -          -          -          -          -
Constraints        :     Number  MaxNumber  #Separate #Propagate    #EnfoLP    #EnfoRelax  #EnfoPS    #Check   #ResProp    Cutoffs    DomReds       Cuts    Applied      Conss   Children
  benderslp        :          0          0          0          0         11          0          0          7          0          0          0          0          0          0          0
  integral         :          0          0          0          0         11          0          0          7          0          0          0          0          0          0         22
  knapsack         :         16+        18         21      59292          0          0          0          3         20          2          0          0          0          0          0
  setppc           :      88336+     88346         21      59290          0          0          0          1      12704         20       4383          0          0          0          0
  linear           :       3600       3600         21      59270          0          0          0          1       5997         18        549          0          0          0          0
  orbisack         :         80         80          0        353          0          0          0          1          3          4          2          0          0          0          0
  symretope        :         26         26          0       2931          0          0          0          1          3         11          2          0          0          0          0
  logicor          :       7264+      7309         21       2171          0          0          0          1         13          8          0          0          0          0          0
  benders          :          0          0          0          0          0          0          0          0          0          0          0          0          0          0          0
  countsols        :          0          0          0          0          0          0          0          0          0          0          0          0          0          0          0
  components       :          0          0          0          0          0          0          0          0          0          0          0          0          0          0          0
Constraint Timings :  TotalTime  SetupTime   Separate  Propagate     EnfoLP     EnfoPS     EnfoRelax   Check    ResProp    SB-Prop
  benderslp        :       0.00       0.00       0.00       0.00       0.00       0.00       0.00       0.00       0.00       0.00
  integral         :     218.24       0.00       0.00       0.00     218.22       0.00       0.00       0.02       0.00       0.00
  knapsack         :       0.02       0.00       0.01       0.01       0.00       0.00       0.00       0.00       0.00       0.00
  setppc           :       7.45       0.01       0.13       7.20       0.00       0.00       0.00       0.01       0.01       0.08
  linear           :       0.78       0.05       0.01       0.69       0.00       0.00       0.00       0.00       0.00       0.02
  orbisack         :       0.23       0.00       0.00       0.23       0.00       0.00       0.00       0.00       0.00       0.00
  symretope        :       0.99       0.00       0.00       0.99       0.00       0.00       0.00       0.00       0.00       0.00
  logicor          :       0.13       0.01       0.02       0.09       0.00       0.00       0.00       0.00       0.00       0.00
  benders          :       0.00       0.00       0.00       0.00       0.00       0.00       0.00       0.00       0.00       0.00
  countsols        :       0.00       0.00       0.00       0.00       0.00       0.00       0.00       0.00       0.00       0.00
  components       :       0.00       0.00       0.00       0.00       0.00       0.00       0.00       0.00       0.00       0.00
Propagators        : #Propagate   #ResProp    Cutoffs    DomReds
  dualfix          :          5          0          0          0
  genvbounds       :          0          0          0          0
  nlobbt           :          0          0          0          0
  obbt             :          0          0          0          0
  probing          :          0          0          0          0
  pseudoobj        :          0          0          0          0
  redcost          :          0          0          0          0
  rootredcost      :          0          0          0          0
  symmetry         :          0          0          0          0
  vbounds          :      11705          0          0          0
Propagator Timings :  TotalTime  SetupTime   Presolve  Propagate    ResProp    SB-Prop
  dualfix          :       0.03       0.00       0.01       0.01       0.00       0.00
  genvbounds       :       0.00       0.00       0.00       0.00       0.00       0.00
  nlobbt           :       0.00       0.00       0.00       0.00       0.00       0.00
  obbt             :       0.00       0.00       0.00       0.00       0.00       0.00
  probing          :      28.77       0.00      28.76       0.00       0.00       0.00
  pseudoobj        :       0.00       0.00       0.00       0.00       0.00       0.00
  redcost          :       0.00       0.00       0.00       0.00       0.00       0.00
  rootredcost      :       0.00       0.00       0.00       0.00       0.00       0.00
  symmetry         :       4.98       0.00       4.98       0.00       0.00       0.00
  vbounds          :       0.17       0.00       0.14       0.03       0.00       0.00
Orbital fixing     :
  vars fixed to 0  :          0
  vars fixed to 1  :          0
Conflict Analysis  :       Time      Calls    Success    DomReds  Conflicts   Literals    Reconvs ReconvLits   Dualrays   Nonzeros   LP Iters   (pool size: [10000,10000])
  propagation      :       0.08         34         33          -       1262      660.0          0        0.0          -          -          -
  infeasible LP    :       0.01          2          2          -          5      108.4          0        0.0          2      458.0          0
  bound exceed. LP :       0.00          0          0          -          0        0.0          0        0.0          0        0.0          0
  strong branching :       0.00          0          0          -          0        0.0          0        0.0          -          -          0
  pseudo solution  :       0.00          0          0          -          0        0.0          0        0.0          -          -          -
  applied globally :       0.00          -          -          0         87      258.5          -          -          2          -          -
  applied locally  :          -          -          -          0          0        0.0          -          -          0          -          -
Separators         :   ExecTime  SetupTime      Calls  RootCalls    Cutoffs    DomReds  FoundCuts ViaPoolAdd  DirectAdd    Applied ViaPoolApp  DirectApp      Conss
  cut pool         :       0.08          -         41         41          -          -        976        221          -          -          -          -          -    (maximal pool size:        976)
  aggregation      :       0.60       0.00         21         21          0          0          0          0          0          0          0          0          0
  > cmir           :          -          -          -          -          -          -          -          0          0          0          0          0          -
  > flowcover      :          -          -          -          -          -          -          -          0          0          0          0          0          -
  > knapsackcover  :          -          -          -          -          -          -          -          0          0          0          0          0          -
  cgmip            :       0.00       0.00          0          0          0          0          0          0          0          0          0          0          0
  clique           :      25.64       0.00         21         21          0          0         18         15          0         14         14          0          0
  closecuts        :       0.00       0.00          0          0          0          0          0          0          0          0          0          0          0
  convexproj       :       0.00       0.00          0          0          0          0          0          0          0          0          0          0          0
  disjunctive      :       0.00       0.00          0          0          0          0          0          0          0          0          0          0          0
  eccuts           :       0.00       0.00          0          0          0          0          0          0          0          0          0          0          0
  gauge            :       0.00       0.00          0          0          0          0          0          0          0          0          0          0          0
  gomory           :      78.42       0.00         10         10          0          0        812         87          0         14         14          0          0
  > gomorymi       :          -          -          -          -          -          -          -         30          0          2          2          0          -
  > strongcg       :          -          -          -          -          -          -          -         57          0         12         12          0          -
  impliedbounds    :       0.68       0.00         21         21          0         32          0          0          0          0          0          0          0
  interminor       :       0.00       0.00          0          0          0          0          0          0          0          0          0          0          0
  intobj           :       0.00       0.00          0          0          0          0          0          0          0          0          0          0          0
  mcf              :       0.20       0.00          1          1          0          0          0          0          0          0          0          0          0
  minor            :       0.00       0.00          0          0          0          0          0          0          0          0          0          0          0
  mixing           :       0.00       0.00          0          0          0          0          0          0          0          0          0          0          0
  oddcycle         :       0.00       0.00          0          0          0          0          0          0          0          0          0          0          0
  rapidlearning    :       0.00       0.00          0          0          0          0          0          0          0          0          0          0          0
  rlt              :       0.00       0.00         10         10          0          0          0          0          0          0          0          0          0
  zerohalf         :       1.98       0.00         20         20          0          0        146        119          0        117        117          0          0
Cutselectors       :   ExecTime  SetupTime      Calls  RootCalls   Selected     Forced   Filtered  RootSelec   RootForc   RootFilt 
  hybrid           :       0.00       0.00         19         19        145          0         76        145          0         76
Pricers            :   ExecTime  SetupTime      Calls       Vars
  problem variables:       0.00          -          0          0
Branching Rules    :   ExecTime  SetupTime   BranchLP  BranchExt   BranchPS    Cutoffs    DomReds       Cuts      Conss   Children
  allfullstrong    :       0.00       0.00          0          0          0          0          0          0          0          0
  cloud            :       0.00       0.00          0          0          0          0          0          0          0          0
  distribution     :       0.00       0.00          0          0          0          0          0          0          0          0
  fullstrong       :       0.00       0.00          0          0          0          0          0          0          0          0
  inference        :       0.00       0.00          0          0          0          0          0          0          0          0
  leastinf         :       0.00       0.00          0          0          0          0          0          0          0          0
  lookahead        :       0.00       0.00          0          0          0          0          0          0          0          0
  mostinf          :       0.00       0.00          0          0          0          0          0          0          0          0
  multaggr         :       0.00       0.00          0          0          0          0          0          0          0          0
  nodereopt        :       0.00       0.00          0          0          0          0          0          0          0          0
  pscost           :       0.00       0.00          0          0          0          0          0          0          0          0
  random           :       0.00       0.00          0          0          0          0          0          0          0          0
  relpscost        :     218.22       0.00         11          0          0          0          0          0          0         22
  vanillafullstrong:       0.00       0.00          0          0          0          0          0          0          0          0
Primal Heuristics  :   ExecTime  SetupTime      Calls      Found       Best
  LP solutions     :       0.00          -          -          0          0
  relax solutions  :       0.00          -          -          0          0
  pseudo solutions :       0.00          -          -          0          0
  strong branching :       0.00          -          -          0          0
  actconsdiving    :       0.00       0.00          0          0          0
  adaptivediving   :     126.55       0.00          1          0          0
  alns             :       0.63       0.00          1          0          0
  bound            :       0.00       0.00          0          0          0
  clique           :       0.22       0.00          1          0          0
  coefdiving       :       0.00       0.00          0          0          0
  completesol      :       0.00       0.00          0          0          0
  conflictdiving   :      80.50       0.00          1          0          0
  crossover        :       0.00       0.00          0          0          0
  dins             :       0.00       0.00          0          0          0
  distributiondivin:       0.01       0.00          0          0          0
  dps              :       0.00       0.00          0          0          0
  dualval          :       0.00       0.00          0          0          0
  farkasdiving     :       0.00       0.00          0          0          0
  feaspump         :     923.89       0.00          1          0          0
  fixandinfer      :       0.00       0.00          0          0          0
  fracdiving       :       0.00       0.00          0          0          0
  gins             :       0.00       0.00          0          0          0
  guideddiving     :       0.00       0.00          0          0          0
  indicator        :       0.00       0.00          0          0          0
  intdiving        :       0.00       0.00          0          0          0
  intshifting      :       0.00       0.00          0          0          0
  linesearchdiving :       0.00       0.00          0          0          0
  localbranching   :       0.00       0.00          0          0          0
  locks            :       0.01       0.00          1          0          0
  lpface           :       0.00       0.00          0          0          0
  mpec             :       0.00       0.00          0          0          0
  multistart       :       0.00       0.00          0          0          0
  mutation         :       0.00       0.00          0          0          0
  nlpdiving        :       0.00       0.00          0          0          0
  objpscostdiving  :       0.00       0.00          0          0          0
  octane           :       0.00       0.00          0          0          0
  ofins            :       0.00       0.00          0          0          0
  oneopt           :       0.00       0.00          0          0          0
  padm             :       0.00       0.00          0          0          0
  proximity        :       0.00       0.00          0          0          0
  pscostdiving     :    1250.21       0.00          1          0          0
  randrounding     :      40.55       0.00         21          0          0
  rens             :       0.62       0.00          1          0          0
  reoptsols        :       0.00       0.00          0          0          0
  repair           :       0.00       0.00          0          0          0
  rins             :       0.00       0.00          0          0          0
  rootsoldiving    :       0.00       0.00          0          0          0
  rounding         :       0.19       0.00         30          0          0
  shiftandpropagate:       0.17       0.00          1          0          0
  shifting         :       0.47       0.00         20          0          0
  simplerounding   :       0.00       0.00          0          0          0
  subnlp           :       0.00       0.00          0          0          0
  trivial          :       0.11       0.00          2          0          0
  trivialnegation  :       0.00       0.00          0          0          0
  trustregion      :       0.00       0.00          0          0          0
  trysol           :       0.00       0.00          0          0          0
  twoopt           :       0.00       0.00          0          0          0
  undercover       :       0.00       0.00          0          0          0
  vbounds          :       1.69       0.00          1          0          0
  veclendiving     :       0.00       0.00          0          0          0
  zeroobj          :       0.00       0.00          0          0          0
  zirounding       :       0.04       0.00         10          0          0
  other solutions  :          -          -          -          0          -
LP                 :       Time      Calls Iterations  Iter/call   Iter/sec  Time-0-It Calls-0-It    ItLimit
  primal LP        :     106.12          4          0       0.00       0.00     106.12          4
  dual LP          :    4303.86         33     781556   26051.87     181.59       0.15          3
  lex dual LP      :       0.00          0          0       0.00          -
  barrier LP       :       0.00          0          0       0.00          -       0.00          0
  resolve instable :       0.00          0          0       0.00          -
  diving/probing LP:    2419.82          5     521783  104356.60     215.63
  strong branching :     217.76         36      35609     989.14     163.53          -          -         71
    (at root node) :          -         36      35609     989.14          -
  conflict analysis:       0.00          0          0       0.00          -
B&B Tree           :
  number of runs   :          1
  nodes            :         11 (11 internal, 0 leaves)
  feasible leaves  :          0
  infeas. leaves   :          0
  objective leaves :          0
  nodes (total)    :         11 (11 internal, 0 leaves)
  nodes left       :         12
  max depth        :          6
  max depth (total):          6
  backtracks       :          1 (9.1%)
  early backtracks :          0 (0.0%)
  nodes exc. ref.  :          0 (0.0%)
  delayed cutoffs  :          0
  repropagations   :          0 (0 domain reductions, 0 cutoffs)
  avg switch length:       1.55
  switching time   :      13.61
Root Node          :
  First LP value   : +0.00000000000000e+00
  First LP Iters   :      42892 (593.85 Iter/sec)
  First LP Time    :      72.23
  Final Dual Bound : +0.00000000000000e+00
  Final Root Iters :     704513
  Root LP Estimate : +2.35804716240721e-03
Solution           :
  Solutions found  :          0 (0 improvements)
  Primal Bound     :          -
  Dual Bound       : +0.00000000000000e+00
  Gap              :   infinite
Integrals          :      Total       Avg%
  primal-dual      :  720003.84     100.00
  primal-ref       :          -          - (not evaluated)
  dual-ref         :          -          - (not evaluated)
written solution information to file <results/final_miplib_symretope_if_extended_generating_set_cpx_v802__settings_final_nopeek_norelabel_extend_norestarts__4__neos-3237086-abava.mps.gz.sol>
@04 1686673831
