FILENAME:   /home/mcs001/s132664/testsets/IP/miplib2017/cod105.mps.gz
SETTINGS:   settings_final_nopeek_norelabel_extend_norestarts
TIMELIMIT:  7200
OUTPUTNAME: final_miplib_symretope_if_extended_generating_set_cpx_v802__settings_final_nopeek_norelabel_extend_norestarts__4__
BINNAME:    bin/sbcs.linux.x86_64.gnu.opt.cpx
BASENAME:   cod105.mps.gz
SEED:       4
@01 /home/mcs001/s132664/testsets/IP/miplib2017/cod105.mps.gz ===========
@02 cod105.mps.gz
@03 1686665967
SCIP version 8.0.2 [precision: 8 byte] [memory: block] [mode: optimized] [LP solver: CPLEX 20.1.0.0] [GitHash: 5f0473c]
Copyright (C) 2002-2022 Konrad-Zuse-Zentrum fuer Informationstechnik Berlin (ZIB)

Symretope propagation methods - (c) Jasper van Doornmalen, Christopher Hojny.
[GitHash: 2fd0484]

reading parameter file <../settings/settings_final_nopeek_norelabel_extend_norestarts.set> ...

Changed settings:
limits/time = 7200
limits/restarts = 0
misc/usesymmetry = 1
randomization/randomseedshift = 4
constraints/orbisack/sepafreq = -1
constraints/symresack/sepafreq = -1
propagating/symmetry/addsymresacks = TRUE
propagating/symmetry/detectsubgroups = FALSE
propagating/symmetry/relabelsymretopes = 0
propagating/symmetry/extendgenerators = TRUE
propagating/symmetry/ofsymcomptiming = 0
constraints/symretope/sepafreq = -1
constraints/symretope/peek = FALSE


solving problem ...

original problem has 1024 variables (1024 bin, 0 int, 0 impl, 0 cont) and 1024 constraints
feasible solution found by trivial heuristic after 0.0 seconds, objective value 0.000000e+00
presolving:
(round 1, exhaustive) 0 del vars, 0 del conss, 0 add conss, 0 chg bounds, 0 chg sides, 0 chg coeffs, 1024 upgd conss, 0 impls, 1024 clqs
   (0.1s) probing: 51/1024 (5.0%) - 0 fixings, 0 aggregations, 0 implications, 0 bound changes
   (0.1s) probing aborted: 50/50 successive totally useless probings
   (0.1s) symmetry computation started: requiring (bin +, int +, cont +), (fixed: bin -, int -, cont -)
   (0.2s) symmetry computation finished: 11 generators found (max: 1500, log10 of symmetry group size: 10.6)
(round 2, exhaustive) 37 del vars, 0 del conss, 66 add conss, 0 chg bounds, 0 chg sides, 0 chg coeffs, 1024 upgd conss, 0 impls, 1024 clqs
(round 3, fast)       41 del vars, 0 del conss, 66 add conss, 0 chg bounds, 0 chg sides, 0 chg coeffs, 1024 upgd conss, 0 impls, 1024 clqs
(round 4, medium)     59 del vars, 0 del conss, 66 add conss, 0 chg bounds, 0 chg sides, 0 chg coeffs, 1024 upgd conss, 0 impls, 1024 clqs
(round 5, exhaustive) 84 del vars, 0 del conss, 66 add conss, 0 chg bounds, 0 chg sides, 0 chg coeffs, 1024 upgd conss, 0 impls, 4558 clqs
(round 6, exhaustive) 113 del vars, 0 del conss, 66 add conss, 0 chg bounds, 0 chg sides, 0 chg coeffs, 1024 upgd conss, 0 impls, 3779 clqs
(round 7, medium)     118 del vars, 0 del conss, 66 add conss, 0 chg bounds, 0 chg sides, 0 chg coeffs, 1024 upgd conss, 0 impls, 3665 clqs
(round 8, medium)     119 del vars, 0 del conss, 66 add conss, 0 chg bounds, 0 chg sides, 0 chg coeffs, 1024 upgd conss, 0 impls, 3644 clqs
(round 9, exhaustive) 119 del vars, 1 del conss, 66 add conss, 0 chg bounds, 0 chg sides, 0 chg coeffs, 1024 upgd conss, 0 impls, 3644 clqs
(round 10, exhaustive) 157 del vars, 1 del conss, 66 add conss, 0 chg bounds, 0 chg sides, 0 chg coeffs, 1024 upgd conss, 0 impls, 2823 clqs
(round 11, fast)       157 del vars, 2 del conss, 66 add conss, 0 chg bounds, 0 chg sides, 0 chg coeffs, 1024 upgd conss, 0 impls, 2823 clqs
(round 12, medium)     162 del vars, 2 del conss, 66 add conss, 0 chg bounds, 0 chg sides, 0 chg coeffs, 1024 upgd conss, 0 impls, 2770 clqs
(round 13, exhaustive) 162 del vars, 3 del conss, 66 add conss, 0 chg bounds, 0 chg sides, 0 chg coeffs, 1024 upgd conss, 0 impls, 2770 clqs
(round 14, exhaustive) 196 del vars, 3 del conss, 66 add conss, 0 chg bounds, 0 chg sides, 0 chg coeffs, 1024 upgd conss, 0 impls, 2782 clqs
(round 15, medium)     201 del vars, 3 del conss, 66 add conss, 0 chg bounds, 0 chg sides, 0 chg coeffs, 1024 upgd conss, 0 impls, 2717 clqs
(round 16, exhaustive) 201 del vars, 4 del conss, 66 add conss, 0 chg bounds, 0 chg sides, 0 chg coeffs, 1024 upgd conss, 0 impls, 2717 clqs
(round 17, exhaustive) 257 del vars, 4 del conss, 66 add conss, 0 chg bounds, 0 chg sides, 0 chg coeffs, 1024 upgd conss, 0 impls, 4258 clqs
(round 18, fast)       258 del vars, 9 del conss, 66 add conss, 0 chg bounds, 0 chg sides, 0 chg coeffs, 1024 upgd conss, 0 impls, 4258 clqs
(round 19, medium)     262 del vars, 9 del conss, 66 add conss, 0 chg bounds, 0 chg sides, 0 chg coeffs, 1024 upgd conss, 0 impls, 4100 clqs
(round 20, exhaustive) 262 del vars, 11 del conss, 66 add conss, 0 chg bounds, 0 chg sides, 0 chg coeffs, 1024 upgd conss, 0 impls, 4100 clqs
(round 21, exhaustive) 288 del vars, 11 del conss, 66 add conss, 0 chg bounds, 0 chg sides, 0 chg coeffs, 1024 upgd conss, 0 impls, 8772 clqs
(round 22, fast)       289 del vars, 11 del conss, 66 add conss, 0 chg bounds, 0 chg sides, 0 chg coeffs, 1024 upgd conss, 0 impls, 8772 clqs
(round 23, exhaustive) 314 del vars, 11 del conss, 66 add conss, 0 chg bounds, 0 chg sides, 0 chg coeffs, 1024 upgd conss, 0 impls, 10468 clqs
(round 24, exhaustive) 339 del vars, 11 del conss, 66 add conss, 0 chg bounds, 0 chg sides, 0 chg coeffs, 1024 upgd conss, 0 impls, 11800 clqs
(round 25, exhaustive) 364 del vars, 11 del conss, 66 add conss, 0 chg bounds, 0 chg sides, 0 chg coeffs, 1024 upgd conss, 0 impls, 11997 clqs
(round 26, exhaustive) 364 del vars, 14 del conss, 66 add conss, 0 chg bounds, 0 chg sides, 0 chg coeffs, 1024 upgd conss, 0 impls, 11997 clqs
   (1.6s) probing: 1000/1024 (97.7%) - 282 fixings, 0 aggregations, 21933 implications, 0 bound changes
   (1.6s) probing cycle finished: starting next cycle
(round 27, exhaustive) 397 del vars, 14 del conss, 66 add conss, 0 chg bounds, 0 chg sides, 0 chg coeffs, 1024 upgd conss, 0 impls, 7288 clqs
(round 28, fast)       398 del vars, 15 del conss, 66 add conss, 0 chg bounds, 0 chg sides, 0 chg coeffs, 1024 upgd conss, 0 impls, 7288 clqs
(round 29, medium)     403 del vars, 15 del conss, 66 add conss, 0 chg bounds, 0 chg sides, 0 chg coeffs, 1024 upgd conss, 0 impls, 6830 clqs
(round 30, exhaustive) 403 del vars, 18 del conss, 66 add conss, 0 chg bounds, 0 chg sides, 0 chg coeffs, 1024 upgd conss, 0 impls, 6830 clqs
(round 31, exhaustive) 429 del vars, 18 del conss, 66 add conss, 0 chg bounds, 0 chg sides, 0 chg coeffs, 1024 upgd conss, 0 impls, 8699 clqs
(round 32, fast)       430 del vars, 18 del conss, 66 add conss, 0 chg bounds, 0 chg sides, 0 chg coeffs, 1024 upgd conss, 0 impls, 8699 clqs
(round 33, exhaustive) 430 del vars, 23 del conss, 66 add conss, 0 chg bounds, 0 chg sides, 0 chg coeffs, 1024 upgd conss, 0 impls, 8699 clqs
(round 34, exhaustive) 455 del vars, 23 del conss, 66 add conss, 0 chg bounds, 0 chg sides, 0 chg coeffs, 1024 upgd conss, 0 impls, 9920 clqs
(round 35, exhaustive) 455 del vars, 25 del conss, 66 add conss, 0 chg bounds, 0 chg sides, 0 chg coeffs, 1024 upgd conss, 0 impls, 9920 clqs
(round 36, exhaustive) 480 del vars, 25 del conss, 66 add conss, 0 chg bounds, 0 chg sides, 0 chg coeffs, 1024 upgd conss, 0 impls, 10380 clqs
(round 37, exhaustive) 480 del vars, 30 del conss, 66 add conss, 0 chg bounds, 0 chg sides, 0 chg coeffs, 1024 upgd conss, 0 impls, 10380 clqs
   (2.5s) probing cycle finished: starting next cycle
(round 38, exhaustive) 506 del vars, 30 del conss, 66 add conss, 0 chg bounds, 0 chg sides, 0 chg coeffs, 1024 upgd conss, 0 impls, 11039 clqs
(round 39, fast)       507 del vars, 31 del conss, 66 add conss, 0 chg bounds, 0 chg sides, 0 chg coeffs, 1024 upgd conss, 0 impls, 11039 clqs
(round 40, exhaustive) 507 del vars, 42 del conss, 66 add conss, 0 chg bounds, 0 chg sides, 0 chg coeffs, 1024 upgd conss, 0 impls, 11039 clqs
(round 41, exhaustive) 532 del vars, 42 del conss, 66 add conss, 0 chg bounds, 0 chg sides, 0 chg coeffs, 1024 upgd conss, 0 impls, 11210 clqs
(round 42, fast)       532 del vars, 44 del conss, 66 add conss, 0 chg bounds, 0 chg sides, 0 chg coeffs, 1024 upgd conss, 0 impls, 11210 clqs
(round 43, exhaustive) 532 del vars, 47 del conss, 66 add conss, 0 chg bounds, 0 chg sides, 0 chg coeffs, 1024 upgd conss, 0 impls, 11210 clqs
   (3.1s) probing cycle finished: starting next cycle
(round 44, exhaustive) 547 del vars, 47 del conss, 66 add conss, 0 chg bounds, 0 chg sides, 0 chg coeffs, 1024 upgd conss, 0 impls, 13580 clqs
(round 45, exhaustive) 547 del vars, 51 del conss, 66 add conss, 0 chg bounds, 0 chg sides, 0 chg coeffs, 1024 upgd conss, 0 impls, 13580 clqs
   (3.8s) probing cycle finished: starting next cycle
(round 46, exhaustive) 552 del vars, 51 del conss, 66 add conss, 0 chg bounds, 0 chg sides, 0 chg coeffs, 1024 upgd conss, 0 impls, 14048 clqs
(round 47, exhaustive) 552 del vars, 53 del conss, 66 add conss, 0 chg bounds, 0 chg sides, 0 chg coeffs, 1024 upgd conss, 0 impls, 14048 clqs
   (4.4s) probing cycle finished: starting next cycle
(round 48, exhaustive) 558 del vars, 53 del conss, 66 add conss, 0 chg bounds, 0 chg sides, 0 chg coeffs, 1024 upgd conss, 0 impls, 13649 clqs
   (5.0s) probing cycle finished: starting next cycle
   (5.0s) probing: 12/475 (2.5%) - 464 fixings, 0 aggregations, 41443 implications, 0 bound changes
   (5.0s) probing aborted: 50/50 successive totally useless probings
presolving (49 rounds: 49 fast, 41 medium, 34 exhaustive):
 558 deleted vars, 53 deleted constraints, 66 added constraints, 0 tightened bounds, 0 added holes, 0 changed sides, 0 changed coefficients
 0 implications, 13664 cliques
presolved problem has 475 variables (475 bin, 0 int, 0 impl, 0 cont) and 1037 constraints
    971 constraints of type <setppc>
     46 constraints of type <orbitope>
     20 constraints of type <symretope>
transformed objective value is always integral (scale: 1)
Presolving Time: 4.97
transformed 1/1 original solutions to the transformed problem space

 time | node  | left  |LP iter|LP it/n|mem/heur|mdpt |vars |cons |rows |cuts |sepa|confs|strbr|  dualbound   | primalbound  |  gap   | compl. 
p 5.0s|     1 |     0 |     0 |     - |  clique|   0 | 475 |1037 |1014 |   0 |  0 |   0 |   0 |-4.750000e+02 |-4.000000e+00 |  Large | unknown
p 5.2s|     1 |     0 |     0 |     - | vbounds|   0 | 475 |1046 |1014 |   0 |  0 |  10 |   0 |-4.750000e+02 |-7.000000e+00 |6685.71%| unknown
  5.6s|     1 |     0 |  2386 |     - |    43M |   0 | 475 |1045 |1014 |   0 |  0 |  10 |   0 |-1.507964e+01 |-7.000000e+00 | 115.42%| unknown
  5.7s|     1 |     0 |  2763 |     - |    47M |   0 | 475 |1043 |1015 |   1 |  1 |  10 |   0 |-1.482785e+01 |-7.000000e+00 | 111.83%| unknown
  5.9s|     1 |     0 |  3080 |     - |    50M |   0 | 475 |1044 |1017 |   3 |  2 |  11 |   0 |-1.467752e+01 |-7.000000e+00 | 109.68%| unknown
  6.0s|     1 |     0 |  3241 |     - |    53M |   0 | 475 |1045 |1018 |   4 |  3 |  12 |   0 |-1.462750e+01 |-7.000000e+00 | 108.96%| unknown
  6.1s|     1 |     0 |  3432 |     - |    56M |   0 | 475 |1045 |1019 |   5 |  4 |  12 |   0 |-1.456100e+01 |-7.000000e+00 | 108.01%| unknown
  6.2s|     1 |     0 |  3566 |     - |    59M |   0 | 475 |1047 |1021 |   7 |  5 |  14 |   0 |-1.453859e+01 |-7.000000e+00 | 107.69%| unknown
  6.3s|     1 |     0 |  3679 |     - |    62M |   0 | 475 |1051 |1024 |  10 |  6 |  18 |   0 |-1.451525e+01 |-7.000000e+00 | 107.36%| unknown
  6.4s|     1 |     0 |  3780 |     - |    64M |   0 | 475 |1051 |1027 |  13 |  7 |  18 |   0 |-1.450213e+01 |-7.000000e+00 | 107.17%| unknown
  6.5s|     1 |     0 |  3941 |     - |    67M |   0 | 475 |1054 |1030 |  16 |  8 |  21 |   0 |-1.445645e+01 |-7.000000e+00 | 106.52%| unknown
  6.7s|     1 |     0 |  4036 |     - |    70M |   0 | 475 |1054 |1033 |  19 |  9 |  21 |   0 |-1.444817e+01 |-7.000000e+00 | 106.40%| unknown
  6.8s|     1 |     0 |  4245 |     - |    74M |   0 | 475 |1055 | 994 |  22 | 10 |  22 |   0 |-1.441414e+01 |-7.000000e+00 | 105.92%| unknown
  6.9s|     1 |     0 |  4358 |     - |    74M |   0 | 475 |1055 | 996 |  24 | 11 |  22 |   0 |-1.439573e+01 |-7.000000e+00 | 105.65%| unknown
  7.0s|     1 |     0 |  4488 |     - |    74M |   0 | 475 |1055 |1000 |  28 | 12 |  22 |   0 |-1.437431e+01 |-7.000000e+00 | 105.35%| unknown
 time | node  | left  |LP iter|LP it/n|mem/heur|mdpt |vars |cons |rows |cuts |sepa|confs|strbr|  dualbound   | primalbound  |  gap   | compl. 
  7.1s|     1 |     0 |  4634 |     - |    74M |   0 | 475 |1058 |1004 |  32 | 13 |  25 |   0 |-1.434560e+01 |-7.000000e+00 | 104.94%| unknown
  7.1s|     1 |     0 |  4736 |     - |    74M |   0 | 475 |1061 |1007 |  35 | 14 |  28 |   0 |-1.432752e+01 |-7.000000e+00 | 104.68%| unknown
  7.2s|     1 |     0 |  4834 |     - |    74M |   0 | 475 |1065 |1010 |  38 | 15 |  32 |   0 |-1.431585e+01 |-7.000000e+00 | 104.51%| unknown
  7.3s|     1 |     0 |  4901 |     - |    74M |   0 | 475 |1066 |1010 |  39 | 16 |  33 |   0 |-1.431215e+01 |-7.000000e+00 | 104.46%| unknown
  7.4s|     1 |     0 |  5004 |     - |    75M |   0 | 475 |1070 |1014 |  43 | 17 |  37 |   0 |-1.429500e+01 |-7.000000e+00 | 104.21%| unknown
  7.5s|     1 |     0 |  5087 |     - |    75M |   0 | 475 |1070 |1019 |  48 | 18 |  37 |   0 |-1.428827e+01 |-7.000000e+00 | 104.12%| unknown
  7.6s|     1 |     0 |  5172 |     - |    75M |   0 | 475 |1071 |1022 |  51 | 19 |  38 |   0 |-1.428068e+01 |-7.000000e+00 | 104.01%| unknown
  7.7s|     1 |     0 |  5278 |     - |    75M |   0 | 475 |1072 |1024 |  53 | 20 |  39 |   0 |-1.426482e+01 |-7.000000e+00 | 103.78%| unknown
  7.7s|     1 |     0 |  5405 |     - |    75M |   0 | 475 |1072 |1031 |  60 | 21 |  39 |   0 |-1.424775e+01 |-7.000000e+00 | 103.54%| unknown
  7.8s|     1 |     0 |  5495 |     - |    75M |   0 | 475 |1073 |1028 |  61 | 22 |  40 |   0 |-1.423395e+01 |-7.000000e+00 | 103.34%| unknown
  7.9s|     1 |     0 |  5591 |     - |    75M |   0 | 475 |1074 |1030 |  63 | 23 |  41 |   0 |-1.421891e+01 |-7.000000e+00 | 103.13%| unknown
  7.9s|     1 |     0 |  5685 |     - |    75M |   0 | 475 |1075 |1037 |  70 | 24 |  42 |   0 |-1.420648e+01 |-7.000000e+00 | 102.95%| unknown
  8.1s|     1 |     0 |  5857 |     - |    75M |   0 | 475 |1077 |1039 |  72 | 25 |  44 |   0 |-1.417506e+01 |-7.000000e+00 | 102.50%| unknown
  8.1s|     1 |     0 |  5931 |     - |    75M |   0 | 475 |1077 |1044 |  77 | 26 |  44 |   0 |-1.416823e+01 |-7.000000e+00 | 102.40%| unknown
  8.2s|     1 |     0 |  6030 |     - |    75M |   0 | 475 |1083 |1050 |  83 | 27 |  50 |   0 |-1.415858e+01 |-7.000000e+00 | 102.27%| unknown
 time | node  | left  |LP iter|LP it/n|mem/heur|mdpt |vars |cons |rows |cuts |sepa|confs|strbr|  dualbound   | primalbound  |  gap   | compl. 
  8.3s|     1 |     0 |  6109 |     - |    75M |   0 | 475 |1084 |1050 |  85 | 28 |  51 |   0 |-1.415117e+01 |-7.000000e+00 | 102.16%| unknown
  8.4s|     1 |     0 |  6202 |     - |    75M |   0 | 475 |1087 |1052 |  87 | 29 |  54 |   0 |-1.414545e+01 |-7.000000e+00 | 102.08%| unknown
  8.4s|     1 |     0 |  6310 |     - |    75M |   0 | 475 |1089 |1053 |  88 | 30 |  56 |   0 |-1.413446e+01 |-7.000000e+00 | 101.92%| unknown
  8.5s|     1 |     0 |  6430 |     - |    75M |   0 | 475 |1091 |1055 |  90 | 31 |  58 |   0 |-1.411719e+01 |-7.000000e+00 | 101.67%| unknown
  8.5s|     1 |     0 |  6531 |     - |    75M |   0 | 475 |1091 |1056 |  91 | 32 |  58 |   0 |-1.411003e+01 |-7.000000e+00 | 101.57%| unknown
  8.6s|     1 |     0 |  6607 |     - |    75M |   0 | 475 |1092 |1057 |  92 | 33 |  59 |   0 |-1.410570e+01 |-7.000000e+00 | 101.51%| unknown
  8.7s|     1 |     0 |  6728 |     - |    75M |   0 | 475 |1092 |1051 |  95 | 34 |  59 |   0 |-1.409314e+01 |-7.000000e+00 | 101.33%| unknown
  8.7s|     1 |     0 |  6790 |     - |    75M |   0 | 475 |1093 |1052 |  96 | 35 |  60 |   0 |-1.409035e+01 |-7.000000e+00 | 101.29%| unknown
  8.8s|     1 |     0 |  6903 |     - |    75M |   0 | 475 |1094 |1056 | 100 | 36 |  61 |   0 |-1.407742e+01 |-7.000000e+00 | 101.11%| unknown
  8.9s|     1 |     0 |  7018 |     - |    75M |   0 | 475 |1098 |1057 | 101 | 37 |  65 |   0 |-1.406675e+01 |-7.000000e+00 | 100.95%| unknown
  8.9s|     1 |     0 |  7074 |     - |    75M |   0 | 475 |1101 |1058 | 102 | 38 |  68 |   0 |-1.406511e+01 |-7.000000e+00 | 100.93%| unknown
  8.9s|     1 |     0 |  7157 |     - |    75M |   0 | 475 |1102 |1061 | 105 | 39 |  69 |   0 |-1.406025e+01 |-7.000000e+00 | 100.86%| unknown
  9.0s|     1 |     0 |  7202 |     - |    75M |   0 | 475 |1102 |1060 | 110 | 40 |  69 |   0 |-1.405881e+01 |-7.000000e+00 | 100.84%| unknown
  9.1s|     1 |     0 |  7254 |     - |    75M |   0 | 475 |1102 |1062 | 112 | 41 |  69 |   0 |-1.405734e+01 |-7.000000e+00 | 100.82%| unknown
  9.2s|     1 |     0 |  7337 |     - |    75M |   0 | 475 |1102 |1065 | 115 | 42 |  69 |   0 |-1.405377e+01 |-7.000000e+00 | 100.77%| unknown
 time | node  | left  |LP iter|LP it/n|mem/heur|mdpt |vars |cons |rows |cuts |sepa|confs|strbr|  dualbound   | primalbound  |  gap   | compl. 
  9.2s|     1 |     0 |  7426 |     - |    75M |   0 | 475 |1102 |1078 | 128 | 43 |  69 |   0 |-1.404620e+01 |-7.000000e+00 | 100.66%| unknown
  9.3s|     1 |     0 |  7509 |     - |    75M |   0 | 475 |1101 |1082 | 132 | 44 |  69 |   0 |-1.404085e+01 |-7.000000e+00 | 100.58%| unknown
  9.3s|     1 |     0 |  7594 |     - |    76M |   0 | 475 |1101 |1093 | 143 | 45 |  69 |   0 |-1.403563e+01 |-7.000000e+00 | 100.51%| unknown
  9.4s|     1 |     0 |  7664 |     - |    76M |   0 | 475 |1101 |1082 | 148 | 46 |  69 |   0 |-1.403334e+01 |-7.000000e+00 | 100.48%| unknown
  9.5s|     1 |     0 |  7758 |     - |    76M |   0 | 475 |1102 |1089 | 155 | 47 |  70 |   0 |-1.402726e+01 |-7.000000e+00 | 100.39%| unknown
  9.6s|     1 |     0 |  7805 |     - |    77M |   0 | 475 |1102 |1094 | 160 | 48 |  70 |   0 |-1.402557e+01 |-7.000000e+00 | 100.37%| unknown
  9.7s|     1 |     0 |  7946 |     - |    77M |   0 | 475 |1105 |1099 | 165 | 49 |  73 |   0 |-1.400990e+01 |-7.000000e+00 | 100.14%| unknown
  9.7s|     1 |     0 |  8064 |     - |    77M |   0 | 475 |1107 |1102 | 168 | 50 |  75 |   0 |-1.400264e+01 |-7.000000e+00 | 100.04%| unknown
  9.9s|     1 |     0 |  8251 |     - |    77M |   0 | 475 |1107 |1106 | 172 | 51 |  75 |   0 |-1.398426e+01 |-7.000000e+00 |  99.78%| unknown
 10.0s|     1 |     0 |  8311 |     - |    77M |   0 | 475 |1110 |1100 | 176 | 52 |  78 |   0 |-1.398308e+01 |-7.000000e+00 |  99.76%| unknown
 10.1s|     1 |     0 |  8393 |     - |    77M |   0 | 475 |1110 |1104 | 180 | 53 |  78 |   0 |-1.397869e+01 |-7.000000e+00 |  99.70%| unknown
 10.3s|     1 |     0 |  8545 |     - |    77M |   0 | 475 |1112 |1108 | 184 | 54 |  80 |   0 |-1.396255e+01 |-7.000000e+00 |  99.46%| unknown
 10.4s|     1 |     0 |  8645 |     - |    77M |   0 | 475 |1112 |1115 | 191 | 55 |  80 |   0 |-1.395670e+01 |-7.000000e+00 |  99.38%| unknown
 10.5s|     1 |     0 |  8814 |     - |    77M |   0 | 475 |1112 |1119 | 195 | 56 |  81 |   0 |-1.394680e+01 |-7.000000e+00 |  99.24%| unknown
 10.5s|     1 |     0 |  8881 |     - |    77M |   0 | 475 |1112 |1113 | 199 | 57 |  81 |   0 |-1.394430e+01 |-7.000000e+00 |  99.20%| unknown
 time | node  | left  |LP iter|LP it/n|mem/heur|mdpt |vars |cons |rows |cuts |sepa|confs|strbr|  dualbound   | primalbound  |  gap   | compl. 
 10.6s|     1 |     0 |  8964 |     - |    77M |   0 | 475 |1113 |1119 | 205 | 58 |  82 |   0 |-1.394067e+01 |-7.000000e+00 |  99.15%| unknown
 10.7s|     1 |     0 |  9163 |     - |    77M |   0 | 475 |1113 |1126 | 212 | 59 |  83 |   0 |-1.392299e+01 |-7.000000e+00 |  98.90%| unknown
 10.8s|     1 |     0 |  9278 |     - |    77M |   0 | 475 |1117 |1129 | 215 | 60 |  87 |   0 |-1.391509e+01 |-7.000000e+00 |  98.79%| unknown
 10.9s|     1 |     0 |  9355 |     - |    77M |   0 | 475 |1120 |1139 | 225 | 61 |  90 |   0 |-1.391213e+01 |-7.000000e+00 |  98.74%| unknown
 11.0s|     1 |     0 |  9417 |     - |    77M |   0 | 475 |1122 |1116 | 227 | 62 |  92 |   0 |-1.390837e+01 |-7.000000e+00 |  98.69%| unknown
 11.1s|     1 |     0 |  9502 |     - |    77M |   0 | 475 |1124 |1121 | 232 | 63 |  94 |   0 |-1.390417e+01 |-7.000000e+00 |  98.63%| unknown
 11.2s|     1 |     0 |  9682 |     - |    77M |   0 | 475 |1126 |1124 | 235 | 64 |  96 |   0 |-1.388438e+01 |-7.000000e+00 |  98.35%| unknown
 11.3s|     1 |     0 |  9791 |     - |    77M |   0 | 475 |1127 |1129 | 240 | 65 |  97 |   0 |-1.387585e+01 |-7.000000e+00 |  98.23%| unknown
 11.3s|     1 |     0 |  9858 |     - |    77M |   0 | 475 |1130 |1134 | 245 | 66 | 100 |   0 |-1.387421e+01 |-7.000000e+00 |  98.20%| unknown
 11.5s|     1 |     0 |  9945 |     - |    77M |   0 | 475 |1131 |1141 | 252 | 67 | 101 |   0 |-1.387086e+01 |-7.000000e+00 |  98.16%| unknown
 11.6s|     1 |     0 | 10043 |     - |    77M |   0 | 475 |1131 |1133 | 256 | 68 | 101 |   0 |-1.386648e+01 |-7.000000e+00 |  98.09%| unknown
 11.8s|     1 |     0 | 10147 |     - |    77M |   0 | 475 |1135 |1142 | 265 | 69 | 105 |   0 |-1.386228e+01 |-7.000000e+00 |  98.03%| unknown
 11.8s|     1 |     0 | 10199 |     - |    77M |   0 | 475 |1136 |1146 | 269 | 70 | 106 |   0 |-1.386092e+01 |-7.000000e+00 |  98.01%| unknown
 11.9s|     1 |     0 | 10275 |     - |    77M |   0 | 475 |1137 |1147 | 270 | 71 | 107 |   0 |-1.385809e+01 |-7.000000e+00 |  97.97%| unknown
 12.0s|     1 |     0 | 10364 |     - |    78M |   0 | 475 |1138 |1155 | 278 | 72 | 108 |   0 |-1.385286e+01 |-7.000000e+00 |  97.90%| unknown
 time | node  | left  |LP iter|LP it/n|mem/heur|mdpt |vars |cons |rows |cuts |sepa|confs|strbr|  dualbound   | primalbound  |  gap   | compl. 
 12.1s|     1 |     0 | 10482 |     - |    78M |   0 | 475 |1138 |1135 | 279 | 73 | 109 |   0 |-1.384987e+01 |-7.000000e+00 |  97.86%| unknown
 12.3s|     1 |     0 | 10555 |     - |    78M |   0 | 475 |1141 |1141 | 285 | 74 | 112 |   0 |-1.384750e+01 |-7.000000e+00 |  97.82%| unknown
 12.3s|     1 |     0 | 10631 |     - |    78M |   0 | 475 |1142 |1144 | 288 | 75 | 113 |   0 |-1.384507e+01 |-7.000000e+00 |  97.79%| unknown
 12.4s|     1 |     0 | 10695 |     - |    78M |   0 | 475 |1144 |1146 | 290 | 76 | 115 |   0 |-1.384366e+01 |-7.000000e+00 |  97.77%| unknown
 12.4s|     1 |     0 | 10753 |     - |    78M |   0 | 475 |1146 |1147 | 291 | 77 | 117 |   0 |-1.384205e+01 |-7.000000e+00 |  97.74%| unknown
 12.5s|     1 |     0 | 10808 |     - |    78M |   0 | 475 |1146 |1148 | 292 | 78 | 117 |   0 |-1.384018e+01 |-7.000000e+00 |  97.72%| unknown
 12.6s|     1 |     0 | 10880 |     - |    78M |   0 | 475 |1147 |1131 | 294 | 79 | 118 |   0 |-1.383858e+01 |-7.000000e+00 |  97.69%| unknown
 12.7s|     1 |     0 | 10961 |     - |    72M |   0 | 475 |1150 |1134 | 297 | 80 | 121 |   0 |-1.383406e+01 |-7.000000e+00 |  97.63%| unknown
 12.8s|     1 |     0 | 10984 |     - |    68M |   0 | 475 |1151 |1135 | 298 | 81 | 122 |   0 |-1.383359e+01 |-7.000000e+00 |  97.62%| unknown
 12.8s|     1 |     0 | 11039 |     - |    68M |   0 | 475 |1153 |1145 | 308 | 82 | 124 |   0 |-1.383145e+01 |-7.000000e+00 |  97.59%| unknown
 13.0s|     1 |     0 | 11202 |     - |    68M |   0 | 475 |1154 |1153 | 316 | 83 | 125 |   0 |-1.381409e+01 |-7.000000e+00 |  97.34%| unknown
 13.2s|     1 |     0 | 11292 |     - |    68M |   0 | 475 |1157 |1158 | 321 | 84 | 128 |   0 |-1.380759e+01 |-7.000000e+00 |  97.25%| unknown
 13.3s|     1 |     0 | 11402 |     - |    68M |   0 | 475 |1160 |1147 | 329 | 85 | 131 |   0 |-1.380122e+01 |-7.000000e+00 |  97.16%| unknown
 13.5s|     1 |     0 | 11519 |     - |    61M |   0 | 475 |1161 |1149 | 331 | 86 | 132 |   0 |-1.379009e+01 |-7.000000e+00 |  97.00%| unknown
 13.6s|     1 |     0 | 11615 |     - |    61M |   0 | 475 |1163 |1152 | 334 | 87 | 134 |   0 |-1.378444e+01 |-7.000000e+00 |  96.92%| unknown
 time | node  | left  |LP iter|LP it/n|mem/heur|mdpt |vars |cons |rows |cuts |sepa|confs|strbr|  dualbound   | primalbound  |  gap   | compl. 
 13.7s|     1 |     0 | 11719 |     - |    61M |   0 | 475 |1165 |1158 | 340 | 88 | 136 |   0 |-1.377855e+01 |-7.000000e+00 |  96.84%| unknown
 13.7s|     1 |     0 | 11832 |     - |    61M |   0 | 475 |1166 |1161 | 343 | 89 | 137 |   0 |-1.377339e+01 |-7.000000e+00 |  96.76%| unknown
 13.8s|     1 |     0 | 11941 |     - |    61M |   0 | 475 |1168 |1167 | 349 | 90 | 139 |   0 |-1.376802e+01 |-7.000000e+00 |  96.69%| unknown
 13.9s|     1 |     0 | 12003 |     - |    61M |   0 | 475 |1169 |1157 | 351 | 91 | 140 |   0 |-1.376583e+01 |-7.000000e+00 |  96.65%| unknown
 14.0s|     1 |     0 | 12075 |     - |    61M |   0 | 475 |1172 |1162 | 356 | 92 | 143 |   0 |-1.376344e+01 |-7.000000e+00 |  96.62%| unknown
 14.1s|     1 |     0 | 12093 |     - |    61M |   0 | 475 |1173 |1164 | 358 | 93 | 144 |   0 |-1.376307e+01 |-7.000000e+00 |  96.62%| unknown
 14.1s|     1 |     0 | 12137 |     - |    61M |   0 | 475 |1173 |1168 | 362 | 94 | 144 |   0 |-1.376215e+01 |-7.000000e+00 |  96.60%| unknown
 14.2s|     1 |     0 | 12223 |     - |    61M |   0 | 475 |1173 |1170 | 364 | 95 | 144 |   0 |-1.375611e+01 |-7.000000e+00 |  96.52%| unknown
 14.2s|     1 |     0 | 12295 |     - |    61M |   0 | 475 |1174 |1173 | 367 | 96 | 145 |   0 |-1.375382e+01 |-7.000000e+00 |  96.48%| unknown
 14.4s|     1 |     0 | 12348 |     - |    61M |   0 | 475 |1174 |1148 | 371 | 97 | 145 |   0 |-1.375106e+01 |-7.000000e+00 |  96.44%| unknown
 14.6s|     1 |     0 | 12464 |     - |    61M |   0 | 475 |1175 |1154 | 377 | 98 | 146 |   0 |-1.374088e+01 |-7.000000e+00 |  96.30%| unknown
 14.6s|     1 |     0 | 12541 |     - |    61M |   0 | 475 |1179 |1164 | 387 | 99 | 150 |   0 |-1.373835e+01 |-7.000000e+00 |  96.26%| unknown
 14.7s|     1 |     0 | 12619 |     - |    61M |   0 | 475 |1179 |1172 | 395 |100 | 150 |   0 |-1.373608e+01 |-7.000000e+00 |  96.23%| unknown
 14.8s|     1 |     0 | 12712 |     - |    62M |   0 | 475 |1181 |1176 | 399 |101 | 152 |   0 |-1.373096e+01 |-7.000000e+00 |  96.16%| unknown
 14.8s|     1 |     0 | 12791 |     - |    62M |   0 | 475 |1183 |1183 | 406 |102 | 154 |   0 |-1.372857e+01 |-7.000000e+00 |  96.12%| unknown
 time | node  | left  |LP iter|LP it/n|mem/heur|mdpt |vars |cons |rows |cuts |sepa|confs|strbr|  dualbound   | primalbound  |  gap   | compl. 
 14.9s|     1 |     0 | 12889 |     - |    62M |   0 | 475 |1183 |1161 | 408 |103 | 154 |   0 |-1.372379e+01 |-7.000000e+00 |  96.05%| unknown
 15.0s|     1 |     0 | 12977 |     - |    62M |   0 | 475 |1188 |1165 | 412 |104 | 159 |   0 |-1.371972e+01 |-7.000000e+00 |  96.00%| unknown
 15.1s|     1 |     0 | 13037 |     - |    62M |   0 | 475 |1190 |1170 | 417 |105 | 161 |   0 |-1.371787e+01 |-7.000000e+00 |  95.97%| unknown
 15.2s|     1 |     0 | 13088 |     - |    62M |   0 | 475 |1192 |1173 | 420 |106 | 163 |   0 |-1.371718e+01 |-7.000000e+00 |  95.96%| unknown
 15.3s|     1 |     0 | 13154 |     - |    62M |   0 | 475 |1192 |1176 | 423 |107 | 163 |   0 |-1.371494e+01 |-7.000000e+00 |  95.93%| unknown
 15.4s|     1 |     0 | 13260 |     - |    62M |   0 | 475 |1194 |1179 | 426 |108 | 165 |   0 |-1.370777e+01 |-7.000000e+00 |  95.83%| unknown
 15.5s|     1 |     0 | 13348 |     - |    62M |   0 | 475 |1198 |1169 | 435 |109 | 169 |   0 |-1.370528e+01 |-7.000000e+00 |  95.79%| unknown
 15.7s|     1 |     0 | 13457 |     - |    62M |   0 | 475 |1199 |1176 | 442 |110 | 170 |   0 |-1.370129e+01 |-7.000000e+00 |  95.73%| unknown
 15.8s|     1 |     0 | 13565 |     - |    62M |   0 | 475 |1202 |1177 | 443 |111 | 173 |   0 |-1.369668e+01 |-7.000000e+00 |  95.67%| unknown
 15.8s|     1 |     0 | 13645 |     - |    62M |   0 | 475 |1205 |1180 | 446 |112 | 176 |   0 |-1.369418e+01 |-7.000000e+00 |  95.63%| unknown
 15.9s|     1 |     0 | 13730 |     - |    62M |   0 | 475 |1207 |1187 | 453 |113 | 178 |   0 |-1.369061e+01 |-7.000000e+00 |  95.58%| unknown
 16.1s|     1 |     0 | 13878 |     - |    62M |   0 | 475 |1207 |1193 | 459 |114 | 178 |   0 |-1.368530e+01 |-7.000000e+00 |  95.50%| unknown
 16.4s|     1 |     0 | 13983 |     - |    62M |   0 | 475 |1209 |1175 | 462 |115 | 180 |   0 |-1.367820e+01 |-7.000000e+00 |  95.40%| unknown
 16.5s|     1 |     0 | 14084 |     - |    62M |   0 | 475 |1212 |1179 | 466 |116 | 183 |   0 |-1.367463e+01 |-7.000000e+00 |  95.35%| unknown
 16.6s|     1 |     0 | 14163 |     - |    62M |   0 | 475 |1214 |1183 | 470 |117 | 185 |   0 |-1.367172e+01 |-7.000000e+00 |  95.31%| unknown
 time | node  | left  |LP iter|LP it/n|mem/heur|mdpt |vars |cons |rows |cuts |sepa|confs|strbr|  dualbound   | primalbound  |  gap   | compl. 
 16.7s|     1 |     0 | 14276 |     - |    62M |   0 | 475 |1215 |1188 | 475 |118 | 186 |   0 |-1.366890e+01 |-7.000000e+00 |  95.27%| unknown
 16.8s|     1 |     0 | 14391 |     - |    62M |   0 | 475 |1220 |1191 | 478 |119 | 191 |   0 |-1.366503e+01 |-7.000000e+00 |  95.21%| unknown
 17.3s|     1 |     0 | 14477 |     - |    62M |   0 | 475 |1222 |1193 | 480 |120 | 193 |   0 |-1.366030e+01 |-7.000000e+00 |  95.15%| unknown
 17.5s|     1 |     0 | 14526 |     - |    62M |   0 | 475 |1223 |1178 | 482 |121 | 194 |   0 |-1.365954e+01 |-7.000000e+00 |  95.14%| unknown
 17.6s|     1 |     0 | 14616 |     - |    62M |   0 | 475 |1225 |1183 | 487 |122 | 196 |   0 |-1.365587e+01 |-7.000000e+00 |  95.08%| unknown
 17.8s|     1 |     0 | 14717 |     - |    62M |   0 | 475 |1226 |1189 | 493 |123 | 197 |   0 |-1.365253e+01 |-7.000000e+00 |  95.04%| unknown
 17.9s|     1 |     0 | 14793 |     - |    62M |   0 | 475 |1229 |1197 | 501 |124 | 200 |   0 |-1.365055e+01 |-7.000000e+00 |  95.01%| unknown
 17.9s|     1 |     0 | 14842 |     - |    62M |   0 | 475 |1231 |1202 | 506 |125 | 202 |   0 |-1.365002e+01 |-7.000000e+00 |  95.00%| unknown
 18.0s|     1 |     0 | 14901 |     - |    62M |   0 | 475 |1231 |1205 | 509 |126 | 202 |   0 |-1.364878e+01 |-7.000000e+00 |  94.98%| unknown
 18.6s|     1 |     0 | 15015 |     - |    62M |   0 | 475 |1236 |1188 | 514 |127 | 207 |   0 |-1.364302e+01 |-7.000000e+00 |  94.90%| unknown
 18.8s|     1 |     0 | 15103 |     - |    62M |   0 | 475 |1236 |1196 | 522 |128 | 207 |   0 |-1.363983e+01 |-7.000000e+00 |  94.85%| unknown
 18.9s|     1 |     0 | 15247 |     - |    62M |   0 | 475 |1238 |1202 | 528 |129 | 209 |   0 |-1.363089e+01 |-7.000000e+00 |  94.73%| unknown
 19.3s|     1 |     0 | 15355 |     - |    62M |   0 | 475 |1238 |1208 | 534 |130 | 209 |   0 |-1.362661e+01 |-7.000000e+00 |  94.67%| unknown
 19.4s|     1 |     0 | 15466 |     - |    62M |   0 | 475 |1239 |1219 | 545 |131 | 210 |   0 |-1.362368e+01 |-7.000000e+00 |  94.62%| unknown
 19.5s|     1 |     0 | 15557 |     - |    62M |   0 | 475 |1239 |1221 | 547 |132 | 210 |   0 |-1.362135e+01 |-7.000000e+00 |  94.59%| unknown
 time | node  | left  |LP iter|LP it/n|mem/heur|mdpt |vars |cons |rows |cuts |sepa|confs|strbr|  dualbound   | primalbound  |  gap   | compl. 
 19.7s|     1 |     0 | 15627 |     - |    62M |   0 | 475 |1240 |1210 | 553 |133 | 211 |   0 |-1.361953e+01 |-7.000000e+00 |  94.56%| unknown
 20.0s|     1 |     0 | 15735 |     - |    62M |   0 | 475 |1242 |1216 | 559 |134 | 213 |   0 |-1.361573e+01 |-7.000000e+00 |  94.51%| unknown
 20.1s|     1 |     0 | 15894 |     - |    62M |   0 | 475 |1242 |1221 | 564 |135 | 213 |   0 |-1.360962e+01 |-7.000000e+00 |  94.42%| unknown
 20.5s|     1 |     0 | 15986 |     - |    62M |   0 | 475 |1242 |1226 | 569 |136 | 213 |   0 |-1.360608e+01 |-7.000000e+00 |  94.37%| unknown
 20.7s|     1 |     0 | 16052 |     - |    62M |   0 | 475 |1243 |1233 | 576 |137 | 214 |   0 |-1.360477e+01 |-7.000000e+00 |  94.35%| unknown
 20.8s|     1 |     0 | 16105 |     - |    62M |   0 | 475 |1247 |1240 | 583 |138 | 218 |   0 |-1.360314e+01 |-7.000000e+00 |  94.33%| unknown
 21.5s|     1 |     0 | 16159 |     - |    63M |   0 | 475 |1247 |1221 | 589 |139 | 218 |   0 |-1.360199e+01 |-7.000000e+00 |  94.31%| unknown
 21.7s|     1 |     0 | 16252 |     - |    63M |   0 | 475 |1248 |1228 | 596 |140 | 219 |   0 |-1.359936e+01 |-7.000000e+00 |  94.28%| unknown
 21.8s|     1 |     0 | 16334 |     - |    63M |   0 | 475 |1250 |1233 | 601 |141 | 221 |   0 |-1.359737e+01 |-7.000000e+00 |  94.25%| unknown
 22.3s|     1 |     0 | 16408 |     - |    63M |   0 | 475 |1252 |1238 | 606 |142 | 223 |   0 |-1.359306e+01 |-7.000000e+00 |  94.19%| unknown
 23.0s|     1 |     0 | 16513 |     - |    63M |   0 | 475 |1255 |1246 | 614 |143 | 226 |   0 |-1.358882e+01 |-7.000000e+00 |  94.13%| unknown
 23.6s|     1 |     0 | 16610 |     - |    63M |   0 | 475 |1261 |1250 | 618 |144 | 232 |   0 |-1.358661e+01 |-7.000000e+00 |  94.09%| unknown
 24.5s|     1 |     0 | 16680 |     - |    63M |   0 | 475 |1263 |1229 | 622 |145 | 234 |   0 |-1.358565e+01 |-7.000000e+00 |  94.08%| unknown
 24.7s|     1 |     0 | 16750 |     - |    63M |   0 | 475 |1263 |1233 | 626 |146 | 234 |   0 |-1.358472e+01 |-7.000000e+00 |  94.07%| unknown
 25.5s|     1 |     0 | 16838 |     - |    63M |   0 | 475 |1263 |1236 | 629 |147 | 234 |   0 |-1.358245e+01 |-7.000000e+00 |  94.04%| unknown
 time | node  | left  |LP iter|LP it/n|mem/heur|mdpt |vars |cons |rows |cuts |sepa|confs|strbr|  dualbound   | primalbound  |  gap   | compl. 
 25.5s|     1 |     0 | 16906 |     - |    63M |   0 | 475 |1266 |1239 | 632 |148 | 237 |   0 |-1.358138e+01 |-7.000000e+00 |  94.02%| unknown
 26.4s|     1 |     0 | 16991 |     - |    63M |   0 | 475 |1269 |1250 | 643 |149 | 240 |   0 |-1.357943e+01 |-7.000000e+00 |  93.99%| unknown
 26.5s|     1 |     0 | 17058 |     - |    63M |   0 | 475 |1269 |1259 | 652 |150 | 240 |   0 |-1.357813e+01 |-7.000000e+00 |  93.97%| unknown
 26.7s|     1 |     0 | 17118 |     - |    63M |   0 | 475 |1272 |1242 | 656 |151 | 243 |   0 |-1.357702e+01 |-7.000000e+00 |  93.96%| unknown
 27.6s|     1 |     0 | 17205 |     - |    63M |   0 | 475 |1274 |1247 | 661 |152 | 245 |   0 |-1.357489e+01 |-7.000000e+00 |  93.93%| unknown
 28.5s|     1 |     0 | 17262 |     - |    63M |   0 | 475 |1275 |1253 | 667 |153 | 246 |   0 |-1.357385e+01 |-7.000000e+00 |  93.91%| unknown
 29.1s|     1 |     0 | 17363 |     - |    63M |   0 | 475 |1275 |1263 | 677 |154 | 246 |   0 |-1.357156e+01 |-7.000000e+00 |  93.88%| unknown
 30.0s|     1 |     0 | 17444 |     - |    63M |   0 | 475 |1276 |1269 | 683 |155 | 247 |   0 |-1.356976e+01 |-7.000000e+00 |  93.85%| unknown
 30.9s|     1 |     0 | 17538 |     - |    63M |   0 | 475 |1278 |1275 | 689 |156 | 249 |   0 |-1.356818e+01 |-7.000000e+00 |  93.83%| unknown
 31.9s|     1 |     0 | 17596 |     - |    63M |   0 | 475 |1280 |1245 | 691 |157 | 251 |   0 |-1.356777e+01 |-7.000000e+00 |  93.83%| unknown
 32.8s|     1 |     0 | 17651 |     - |    63M |   0 | 475 |1282 |1249 | 695 |158 | 253 |   0 |-1.356688e+01 |-7.000000e+00 |  93.81%| unknown
 33.7s|     1 |     0 | 17690 |     - |    63M |   0 | 475 |1283 |1252 | 698 |159 | 254 |   0 |-1.356654e+01 |-7.000000e+00 |  93.81%| unknown
 34.6s|     1 |     0 | 17752 |     - |    63M |   0 | 475 |1286 |1262 | 708 |160 | 257 |   0 |-1.356521e+01 |-7.000000e+00 |  93.79%| unknown
 34.8s|     1 |     0 | 17821 |     - |    63M |   0 | 475 |1288 |1269 | 715 |161 | 259 |   0 |-1.356444e+01 |-7.000000e+00 |  93.78%| unknown
 35.7s|     1 |     0 | 17884 |     - |    63M |   0 | 475 |1288 |1279 | 725 |162 | 260 |   0 |-1.356334e+01 |-7.000000e+00 |  93.76%| unknown
 time | node  | left  |LP iter|LP it/n|mem/heur|mdpt |vars |cons |rows |cuts |sepa|confs|strbr|  dualbound   | primalbound  |  gap   | compl. 
 36.6s|     1 |     0 | 17938 |     - |    63M |   0 | 475 |1289 |1257 | 729 |163 | 261 |   0 |-1.356232e+01 |-7.000000e+00 |  93.75%| unknown
 37.6s|     1 |     0 | 18002 |     - |    63M |   0 | 475 |1291 |1262 | 734 |164 | 263 |   0 |-1.356095e+01 |-7.000000e+00 |  93.73%| unknown
 38.5s|     1 |     0 | 18057 |     - |    63M |   0 | 475 |1294 |1266 | 738 |165 | 266 |   0 |-1.356042e+01 |-7.000000e+00 |  93.72%| unknown
 39.4s|     1 |     0 | 18113 |     - |    63M |   0 | 475 |1296 |1270 | 742 |166 | 268 |   0 |-1.355956e+01 |-7.000000e+00 |  93.71%| unknown
 40.3s|     1 |     0 | 18172 |     - |    63M |   0 | 475 |1297 |1274 | 746 |167 | 269 |   0 |-1.355866e+01 |-7.000000e+00 |  93.70%| unknown
 41.3s|     1 |     0 | 18237 |     - |    63M |   0 | 475 |1301 |1278 | 750 |168 | 273 |   0 |-1.355782e+01 |-7.000000e+00 |  93.68%| unknown
 42.3s|     1 |     0 | 18314 |     - |    63M |   0 | 475 |1303 |1260 | 753 |169 | 275 |   0 |-1.355625e+01 |-7.000000e+00 |  93.66%| unknown
 43.3s|     1 |     0 | 18363 |     - |    63M |   0 | 475 |1305 |1264 | 757 |170 | 277 |   0 |-1.355574e+01 |-7.000000e+00 |  93.65%| unknown
 44.2s|     1 |     0 | 18403 |     - |    63M |   0 | 475 |1305 |1266 | 759 |171 | 277 |   0 |-1.355528e+01 |-7.000000e+00 |  93.65%| unknown
 45.1s|     1 |     0 | 18478 |     - |    63M |   0 | 475 |1307 |1271 | 764 |172 | 279 |   0 |-1.355408e+01 |-7.000000e+00 |  93.63%| unknown
 46.0s|     1 |     0 | 18552 |     - |    63M |   0 | 475 |1307 |1279 | 772 |173 | 279 |   0 |-1.355328e+01 |-7.000000e+00 |  93.62%| unknown
 46.9s|     1 |     0 | 18607 |     - |    63M |   0 | 475 |1308 |1287 | 780 |174 | 280 |   0 |-1.355260e+01 |-7.000000e+00 |  93.61%| unknown
 47.9s|     1 |     0 | 18664 |     - |    63M |   0 | 475 |1309 |1270 | 784 |175 | 281 |   0 |-1.355143e+01 |-7.000000e+00 |  93.59%| unknown
 48.9s|     1 |     0 | 18714 |     - |    63M |   0 | 475 |1311 |1275 | 789 |176 | 283 |   0 |-1.355087e+01 |-7.000000e+00 |  93.58%| unknown
 49.9s|     1 |     0 | 18815 |     - |    63M |   0 | 475 |1312 |1279 | 793 |177 | 284 |   0 |-1.354866e+01 |-7.000000e+00 |  93.55%| unknown
 time | node  | left  |LP iter|LP it/n|mem/heur|mdpt |vars |cons |rows |cuts |sepa|confs|strbr|  dualbound   | primalbound  |  gap   | compl. 
 50.7s|     1 |     0 | 18867 |     - |    63M |   0 | 475 |1316 |1284 | 798 |178 | 288 |   0 |-1.354818e+01 |-7.000000e+00 |  93.55%| unknown
 51.6s|     1 |     0 | 18924 |     - |    63M |   0 | 475 |1317 |1287 | 801 |179 | 289 |   0 |-1.354721e+01 |-7.000000e+00 |  93.53%| unknown
 52.5s|     1 |     0 | 18993 |     - |    63M |   0 | 475 |1320 |1294 | 808 |180 | 292 |   0 |-1.354632e+01 |-7.000000e+00 |  93.52%| unknown
d53.4s|     1 |     0 | 19567 |     - |conflict|   0 | 475 |1321 |1294 |   0 |182 | 293 |   0 |-1.354632e+01 |-1.200000e+01 |  12.89%| unknown
 53.5s|     1 |     0 | 19567 |     - |    63M |   0 | 475 |1321 |1294 | 808 |182 | 293 |   0 |-1.354632e+01 |-1.200000e+01 |  12.89%| unknown
 53.5s|     1 |     0 | 19567 |     - |    63M |   0 | 475 |1322 |1294 | 808 |182 | 294 |   0 |-1.354632e+01 |-1.200000e+01 |  12.89%| unknown
 54.4s|     1 |     0 | 19614 |     - |    63M |   0 | 475 |1320 |1297 | 811 |183 | 294 |   0 |-1.354580e+01 |-1.200000e+01 |  12.88%| unknown
 54.4s|     1 |     0 | 19648 |     - |    63M |   0 | 475 |1321 |1298 | 812 |184 | 295 |   0 |-1.354546e+01 |-1.200000e+01 |  12.88%| unknown
 55.2s|     1 |     0 | 20435 |     - |    63M |   0 | 475 |1311 |1298 | 812 |184 | 298 |   4 |-1.320925e+01 |-1.200000e+01 |  10.08%| unknown
 55.2s|     1 |     0 | 20435 |     - |    63M |   0 | 475 |1312 |1298 | 812 |184 | 299 |   4 |-1.320925e+01 |-1.200000e+01 |  10.08%| unknown
 55.3s|     1 |     0 | 20696 |     - |    63M |   0 | 475 |1304 |1277 | 832 |185 | 299 |   4 |-1.320925e+01 |-1.200000e+01 |  10.08%| unknown
 55.3s|     1 |     0 | 20696 |     - |    63M |   0 | 475 |1305 |1277 | 832 |185 | 300 |   4 |-1.320925e+01 |-1.200000e+01 |  10.08%| unknown
 55.4s|     1 |     0 | 20796 |     - |    63M |   0 | 475 |1305 |1289 | 844 |186 | 300 |   4 |-1.320925e+01 |-1.200000e+01 |  10.08%| unknown
 55.4s|     1 |     0 | 20796 |     - |    63M |   0 | 475 |1308 |1289 | 844 |186 | 303 |   4 |-1.320925e+01 |-1.200000e+01 |  10.08%| unknown
 55.7s|     1 |     0 | 21572 |     - |    63M |   0 | 475 |1271 |1289 | 844 |186 | 308 |   9 |-1.304343e+01 |-1.200000e+01 |   8.70%| unknown
 time | node  | left  |LP iter|LP it/n|mem/heur|mdpt |vars |cons |rows |cuts |sepa|confs|strbr|  dualbound   | primalbound  |  gap   | compl. 
 55.7s|     1 |     0 | 21572 |     - |    63M |   0 | 475 |1274 |1283 | 844 |186 | 311 |   9 |-1.304343e+01 |-1.200000e+01 |   8.70%| unknown
 55.8s|     1 |     0 | 21766 |     - |    63M |   0 | 475 |1250 |1285 | 848 |187 | 311 |   9 |-1.200000e+01 |-1.200000e+01 |   0.00%| unknown
 55.8s|     1 |     0 | 21766 |     - |    63M |   0 | 475 |1250 |1285 | 848 |187 | 311 |   9 |-1.200000e+01 |-1.200000e+01 |   0.00%| unknown

SCIP Status        : problem is solved [optimal solution found]
Solving Time (sec) : 55.77
Solving Nodes      : 1
Primal Bound       : -1.20000000000000e+01 (43 solutions)
Dual Bound         : -1.20000000000000e+01
Gap                : 0.00 %
SCIP Status        : problem is solved [optimal solution found]
Total Time         :      55.80
  solving          :      55.77
  presolving       :       4.97 (included in solving)
  reading          :       0.04
  copying          :       0.00 (1 #copies) (minimal 0.00, maximal 0.00, average 0.00)
Original Problem   :
  Problem name     : cod105
  Variables        : 1024 (1024 binary, 0 integer, 0 implicit integer, 0 continuous)
  Constraints      : 1024 initial, 1024 maximal
  Objective        : minimize, 1024 non-zeros (abs.min = 1, abs.max = 1)
Presolved Problem  :
  Problem name     : t_cod105
  Variables        : 475 (475 binary, 0 integer, 0 implicit integer, 0 continuous)
  Constraints      : 1037 initial, 1322 maximal
  Objective        : minimize, 475 non-zeros (abs.min = 1, abs.max = 1)
  Nonzeros         : 77371 constraint, 20408 clique table
Presolvers         :   ExecTime  SetupTime  Calls  FixedVars   AggrVars   ChgTypes  ChgBounds   AddHoles    DelCons    AddCons   ChgSides   ChgCoefs
  boundshift       :       0.00       0.00      0          0          0          0          0          0          0          0          0          0
  convertinttobin  :       0.00       0.00      0          0          0          0          0          0          0          0          0          0
  domcol           :       0.00       0.00     20          0          0          0          0          0          0          0          0          0
  dualagg          :       0.00       0.00      0          0          0          0          0          0          0          0          0          0
  dualcomp         :       0.00       0.00      0          0          0          0          0          0          0          0          0          0
  dualinfer        :       0.00       0.00      0          0          0          0          0          0          0          0          0          0
  dualsparsify     :       0.01       0.00      1          0          0          0          0          0          0          0          0          0
  gateextraction   :       0.00       0.00      0          0          0          0          0          0          0          0          0          0
  implics          :       0.00       0.00     41          0          0          0          0          0          0          0          0          0
  inttobinary      :       0.00       0.00      0          0          0          0          0          0          0          0          0          0
  qpkktref         :       0.00       0.00      0          0          0          0          0          0          0          0          0          0
  redvub           :       0.00       0.00      0          0          0          0          0          0          0          0          0          0
  sparsify         :       0.01       0.00      2          0          0          0          0          0          0          0          0          0
  stuffing         :       0.00       0.00      0          0          0          0          0          0          0          0          0          0
  trivial          :       0.00       0.00     49          9          0          0          0          0          0          0          0          0
  tworowbnd        :       0.00       0.00      0          0          0          0          0          0          0          0          0          0
  dualfix          :       0.00       0.00     49          0          0          0          0          0          0          0          0          0
  genvbounds       :       0.00       0.00      0          0          0          0          0          0          0          0          0          0
  probing          :       4.60       0.00     20        464          0          0          0          0          0          0          0          0
  pseudoobj        :       0.00       0.00     27          0          0          0          0          0          0          0          0          0
  symmetry         :       0.12       0.00      1         37          0          0          0          0          0         66          0          0
  vbounds          :       0.02       0.00     12          0          0          0          0          0          0          0          0          0
  setppc           :       0.12       0.00    121          0          0          0          0          0         53          0          0          0
  linear           :       0.03       0.01      2          0          0          0          0          0          0          0          0          0
  orbitope         :       0.01       0.00     39         43          0          0          0          0          0          0          0          0
  symretope        :       0.00       0.00     19          0          0          0          0          0          0          0          0          0
  logicor          :       0.00       0.00      0          0          0          0          0          0          0          0          0          0
  benders          :       0.00       0.00      0          0          0          0          0          0          0          0          0          0
  components       :       0.01       0.00      1          0          0          0          0          0          0          0          0          0
  root node        :          -          -      -        196          -          -        196          -          -          -          -          -
Constraints        :     Number  MaxNumber  #Separate #Propagate    #EnfoLP    #EnfoRelax  #EnfoPS    #Check   #ResProp    Cutoffs    DomReds       Cuts    Applied      Conss   Children
  benderslp        :          0          0          0          0          2          0          0         49          0          0          0          0          0          0          0
  integral         :          0          0          0          0          2          0          0         49          0          0         14          0          0          0          0
  setppc           :        971+      1028        184      15589          0          0          0         44       5582         31          5          2          1          0          0
  orbitope         :         46         46          0      15511          0          0          0         43       7270        393          2          0          0          0          0
  symretope        :         20         20          0       1111          0          0          0         43        388         10          0          0          0          0          0
  logicor          :          0+       230        184       1035          0          0          0          0         59          1          5          8          3          0          0
  benders          :          0          0          0          0          0          0          0         46          0          0          0          0          0          0          0
  countsols        :          0          0          0          0          0          0          0         46          0          0          0          0          0          0          0
  components       :          0          0          0          0          0          0          0          0          0          0          0          0          0          0          0
Constraint Timings :  TotalTime  SetupTime   Separate  Propagate     EnfoLP     EnfoPS     EnfoRelax   Check    ResProp    SB-Prop
  benderslp        :       0.00       0.00       0.00       0.00       0.00       0.00       0.00       0.00       0.00       0.00
  integral         :       0.95       0.00       0.00       0.00       0.95       0.00       0.00       0.00       0.00       0.00
  setppc           :       0.34       0.00       0.01       0.31       0.00       0.00       0.00       0.02       0.00       0.00
  orbitope         :       3.01       0.00       0.00       2.90       0.00       0.00       0.00       0.00       0.10       0.01
  symretope        :       0.30       0.00       0.00       0.30       0.00       0.00       0.00       0.00       0.00       0.00
  logicor          :       0.02       0.00       0.01       0.01       0.00       0.00       0.00       0.00       0.00       0.00
  benders          :       0.00       0.00       0.00       0.00       0.00       0.00       0.00       0.00       0.00       0.00
  countsols        :       0.00       0.00       0.00       0.00       0.00       0.00       0.00       0.00       0.00       0.00
  components       :       0.00       0.00       0.00       0.00       0.00       0.00       0.00       0.00       0.00       0.00
Propagators        : #Propagate   #ResProp    Cutoffs    DomReds
  dualfix          :          9          0          0          0
  genvbounds       :          0          0          0          0
  nlobbt           :          0          0          0          0
  obbt             :          0          0          0          0
  probing          :          0          0          0          0
  pseudoobj        :        210          0          0          0
  redcost          :        196          0          0        144
  rootredcost      :          0          0          0          0
  symmetry         :          0          0          0          0
  vbounds          :       1606          0          0          0
Propagator Timings :  TotalTime  SetupTime   Presolve  Propagate    ResProp    SB-Prop
  dualfix          :       0.00       0.00       0.00       0.00       0.00       0.00
  genvbounds       :       0.00       0.00       0.00       0.00       0.00       0.00
  nlobbt           :       0.00       0.00       0.00       0.00       0.00       0.00
  obbt             :       0.00       0.00       0.00       0.00       0.00       0.00
  probing          :       4.60       0.00       4.60       0.00       0.00       0.00
  pseudoobj        :       0.04       0.00       0.00       0.04       0.00       0.00
  redcost          :       0.01       0.00       0.00       0.01       0.00       0.00
  rootredcost      :       0.00       0.00       0.00       0.00       0.00       0.00
  symmetry         :       0.12       0.00       0.12       0.00       0.00       0.00
  vbounds          :       0.02       0.00       0.02       0.00       0.00       0.00
Orbital fixing     :
  vars fixed to 0  :          0
  vars fixed to 1  :          0
Conflict Analysis  :       Time      Calls    Success    DomReds  Conflicts   Literals    Reconvs ReconvLits   Dualrays   Nonzeros   LP Iters   (pool size: [10000,10000])
  propagation      :       0.11        435        152          -        576       47.0          4       25.5          -          -          -
  infeasible LP    :       0.00          0          0          -          0        0.0          0        0.0          0        0.0          0
  bound exceed. LP :       0.05          9          6          -         12       15.8          0        0.0          0        0.0        106
  strong branching :       0.00          0          0          -          0        0.0          0        0.0          -          -          0
  pseudo solution  :       0.00          0          0          -          0        0.0          0        0.0          -          -          -
  applied globally :       0.08          -          -          0        311        7.0          -          -          0          -          -
  applied locally  :          -          -          -          0          0        0.0          -          -          0          -          -
Separators         :   ExecTime  SetupTime      Calls  RootCalls    Cutoffs    DomReds  FoundCuts ViaPoolAdd  DirectAdd    Applied ViaPoolApp  DirectApp      Conss
  cut pool         :       0.33          -        369        369          -          -       3693       2518          -          -          -          -          -    (maximal pool size:       2726)
  aggregation      :       0.46       0.00        184        184          0          0          0          0          0          0          0          0          0
  > cmir           :          -          -          -          -          -          -          -          0          0          0          0          0          -
  > flowcover      :          -          -          -          -          -          -          -          0          0          0          0          0          -
  > knapsackcover  :          -          -          -          -          -          -          -          0          0          0          0          0          -
  cgmip            :       0.00       0.00          0          0          0          0          0          0          0          0          0          0          0
  clique           :      37.48       0.00        184        184          0          0       1662       2172          0        831        831          0          0
  closecuts        :       0.00       0.00          0          0          0          0          0          0          0          0          0          0          0
  convexproj       :       0.00       0.00          0          0          0          0          0          0          0          0          0          0          0
  disjunctive      :       0.00       0.00          0          0          0          0          0          0          0          0          0          0          0
  eccuts           :       0.00       0.00          0          0          0          0          0          0          0          0          0          0          0
  gauge            :       0.00       0.00          0          0          0          0          0          0          0          0          0          0          0
  gomory           :       0.53       0.00         10         10          0          0       2000        308          0          3          3          0          0
  > gomorymi       :          -          -          -          -          -          -          -        190          0          3          3          0          -
  > strongcg       :          -          -          -          -          -          -          -        118          0          0          0          0          -
  impliedbounds    :       0.18       0.00        184        184          0         13         30         36          0         10         10          0          0
  interminor       :       0.00       0.00          0          0          0          0          0          0          0          0          0          0          0
  intobj           :       0.00       0.00          0          0          0          0          0          0          0          0          0          0          0
  mcf              :       0.00       0.00          1          1          0          0          0          0          0          0          0          0          0
  minor            :       0.00       0.00          0          0          0          0          0          0          0          0          0          0          0
  mixing           :       0.00       0.00          0          0          0          0          0          0          0          0          0          0          0
  oddcycle         :       0.00       0.00          0          0          0          0          0          0          0          0          0          0          0
  rapidlearning    :       0.01       0.00          0          0          0          0          0          0          0          0          0          0          0
  rlt              :       0.00       0.00         10         10          0          0          0          0          0          0          0          0          0
  zerohalf         :       0.23       0.00         20         20          0          0          1          2          0          0          0          0          0
Cutselectors       :   ExecTime  SetupTime      Calls  RootCalls   Selected     Forced   Filtered  RootSelec   RootForc   RootFilt 
  hybrid           :       0.00       0.00        185        185        849          0       1679        849          0       1679
Pricers            :   ExecTime  SetupTime      Calls       Vars
  problem variables:       0.00          -          0          0
Branching Rules    :   ExecTime  SetupTime   BranchLP  BranchExt   BranchPS    Cutoffs    DomReds       Cuts      Conss   Children
  allfullstrong    :       0.00       0.00          0          0          0          0          0          0          0          0
  cloud            :       0.00       0.00          0          0          0          0          0          0          0          0
  distribution     :       0.00       0.00          0          0          0          0          0          0          0          0
  fullstrong       :       0.00       0.00          0          0          0          0          0          0          0          0
  inference        :       0.00       0.00          0          0          0          0          0          0          0          0
  leastinf         :       0.00       0.00          0          0          0          0          0          0          0          0
  lookahead        :       0.00       0.00          0          0          0          0          0          0          0          0
  mostinf          :       0.00       0.00          0          0          0          0          0          0          0          0
  multaggr         :       0.00       0.00          0          0          0          0          0          0          0          0
  nodereopt        :       0.00       0.00          0          0          0          0          0          0          0          0
  pscost           :       0.00       0.00          0          0          0          0          0          0          0          0
  random           :       0.00       0.00          0          0          0          0          0          0          0          0
  relpscost        :       0.95       0.00          2          0          0          0         14          0          0          0
  vanillafullstrong:       0.00       0.00          0          0          0          0          0          0          0          0
Primal Heuristics  :   ExecTime  SetupTime      Calls      Found       Best
  LP solutions     :       0.00          -          -          0          0
  relax solutions  :       0.00          -          -          0          0
  pseudo solutions :       0.00          -          -          0          0
  strong branching :       0.00          -          -          0          0
  actconsdiving    :       0.00       0.00          0          0          0
  adaptivediving   :       0.00       0.00          0          0          0
  alns             :       0.02       0.00          1          0          0
  bound            :       0.00       0.00          0          0          0
  clique           :       0.01       0.00          1          1          1
  coefdiving       :       0.00       0.00          0          0          0
  completesol      :       0.00       0.00          0          0          0
  conflictdiving   :       0.11       0.00          1          1          1
  crossover        :       0.00       0.00          0          0          0
  dins             :       0.00       0.00          0          0          0
  distributiondivin:       0.00       0.00          0          0          0
  dps              :       0.00       0.00          0          0          0
  dualval          :       0.00       0.00          0          0          0
  farkasdiving     :       0.00       0.00          0          0          0
  feaspump         :       0.00       0.00          0          0          0
  fixandinfer      :       0.00       0.00          0          0          0
  fracdiving       :       0.00       0.00          0          0          0
  gins             :       0.00       0.00          0          0          0
  guideddiving     :       0.00       0.00          0          0          0
  indicator        :       0.00       0.00          0          0          0
  intdiving        :       0.00       0.00          0          0          0
  intshifting      :       0.00       0.00          0          0          0
  linesearchdiving :       0.00       0.00          0          0          0
  localbranching   :       0.00       0.00          0          0          0
  locks            :       0.09       0.00          1          0          0
  lpface           :       0.00       0.00          0          0          0
  mpec             :       0.00       0.00          0          0          0
  multistart       :       0.00       0.00          0          0          0
  mutation         :       0.00       0.00          0          0          0
  nlpdiving        :       0.00       0.00          0          0          0
  objpscostdiving  :       0.00       0.00          0          0          0
  octane           :       0.00       0.00          0          0          0
  ofins            :       0.00       0.00          0          0          0
  oneopt           :       0.00       0.00          2          0          0
  padm             :       0.00       0.00          0          0          0
  proximity        :       0.00       0.00          0          0          0
  pscostdiving     :       0.00       0.00          0          0          0
  randrounding     :       2.26       0.00        188         38          0
  rens             :       0.00       0.00          0          0          0
  reoptsols        :       0.00       0.00          0          0          0
  repair           :       0.00       0.00          0          0          0
  rins             :       0.00       0.00          0          0          0
  rootsoldiving    :       0.00       0.00          0          0          0
  rounding         :       0.15       0.00        100          0          0
  shiftandpropagate:       0.00       0.00          0          0          0
  shifting         :       0.15       0.00        100          0          0
  simplerounding   :       0.00       0.00          0          0          0
  subnlp           :       0.00       0.00          0          0          0
  trivial          :       0.00       0.00          2          1          1
  trivialnegation  :       0.00       0.00          0          0          0
  trustregion      :       0.00       0.00          0          0          0
  trysol           :       0.00       0.00          0          0          0
  twoopt           :       0.00       0.00          0          0          0
  undercover       :       0.00       0.00          0          0          0
  vbounds          :       0.15       0.00          1          1          1
  veclendiving     :       0.00       0.00          0          0          0
  zeroobj          :       0.00       0.00          0          0          0
  zirounding       :       0.00       0.00          1          1          0
  other solutions  :          -          -          -          0          -
LP                 :       Time      Calls Iterations  Iter/call   Iter/sec  Time-0-It Calls-0-It    ItLimit
  primal LP        :       1.21         30          0       0.00       0.00       1.21         30
  dual LP          :       5.69        197      19918     104.28    3502.12       0.01          6
  lex dual LP      :       0.00          0          0       0.00          -
  barrier LP       :       0.00          0          0       0.00          -       0.00          0
  resolve instable :       0.00          0          0       0.00          -
  diving/probing LP:       0.38          7       1848     264.00    4805.22
  strong branching :       0.67          9       2944     327.11    4362.22          -          -          4
    (at root node) :          -          9       2944     327.11          -
  conflict analysis:       0.04         14        106       7.57    2864.79
B&B Tree           :
  number of runs   :          1
  nodes            :          1 (0 internal, 1 leaves)
  feasible leaves  :          0
  infeas. leaves   :          0
  objective leaves :          1
  nodes (total)    :          1 (0 internal, 1 leaves)
  nodes left       :          0
  max depth        :          0
  max depth (total):          0
  backtracks       :          0 (0.0%)
  early backtracks :          0 (0.0%)
  nodes exc. ref.  :          0 (0.0%)
  delayed cutoffs  :          0
  repropagations   :          0 (0 domain reductions, 0 cutoffs)
  avg switch length:       2.00
  switching time   :       0.00
Root Node          :
  First LP value   : -1.50796427111299e+01
  First LP Iters   :       2384 (8445.25 Iter/sec)
  First LP Time    :       0.28
  Final Dual Bound : -1.20000000000000e+01
  Final Root Iters :      20175
  Root LP Estimate :                     -
Solution           :
  Solutions found  :         43 (4 improvements)
  First Solution   : +0.00000000000000e+00   (in run 1, after 0 nodes, 0.01 seconds, depth 0, found by <trivial>)
  Gap First Sol.   :   infinite
  Gap Last Sol.    :      12.89 %
  Primal Bound     : -1.20000000000000e+01   (in run 1, after 1 nodes, 53.42 seconds, depth 6, found by <conflictdiving>)
  Dual Bound       : -1.20000000000000e+01
  Gap              :       0.00 %
Integrals          :      Total       Avg%
  primal-dual      :    2915.15      52.27
  primal-ref       :          -          - (not evaluated)
  dual-ref         :          -          - (not evaluated)
written solution information to file <results/final_miplib_symretope_if_extended_generating_set_cpx_v802__settings_final_nopeek_norelabel_extend_norestarts__4__cod105.mps.gz.sol>
@04 1686666023
