FILENAME:   /home/mcs001/s132664/testsets/IP/miplib2017/decomp2.mps.gz
SETTINGS:   settings_isopr_ostrowskidynamicbranching_avoidsubtreenodes
TIMELIMIT:  7200
OUTPUTNAME: final_miplib_symretope_if_extended_generating_set_cpx_v802__settings_isopr_ostrowskidynamicbranching_avoidsubtreenodes__2__
BINNAME:    bin/symmetries.linux.x86_64.gnu.opt.cpx
BASENAME:   decomp2.mps.gz
SEED:       2
@01 /home/mcs001/s132664/testsets/IP/miplib2017/decomp2.mps.gz ===========
@02 decomp2.mps.gz
@03 1686575986
SCIP version 8.0.2 [precision: 8 byte] [memory: block] [mode: optimized] [LP solver: CPLEX 20.1.0.0] [GitHash: 5f0473c]
Copyright (C) 2002-2022 Konrad-Zuse-Zentrum fuer Informationstechnik Berlin (ZIB)

Symmetry handling routines - (c) Marc Pfetsch, Thomas Rehn, Christopher Hojny.
[GitHash: a1587cb]


Turned off presolver <gateextraction>.
reading parameter file <../settings/settings_isopr_ostrowskidynamicbranching_avoidsubtreenodes.set> ...

Changed settings:
limits/time = 7200
limits/restarts = 0
randomization/randomseedshift = 2
constraints/orbitope/sepafreq = -1
constraints/orbitope/propfreq = 1
presolving/gateextraction/maxrounds = 0
propagating/isoprune/avoidsubtreenodes = TRUE
useisoprune = TRUE


solving problem ...

original problem has 14387 variables (14387 bin, 0 int, 0 impl, 0 cont) and 10765 constraints
presolving:
(round 1, fast)       8 del vars, 30 del conss, 0 add conss, 0 chg bounds, 0 chg sides, 0 chg coeffs, 0 upgd conss, 0 impls, 4275 clqs
(round 2, medium)     1800 del vars, 30 del conss, 0 add conss, 0 chg bounds, 0 chg sides, 0 chg coeffs, 0 upgd conss, 0 impls, 636 clqs
(round 3, fast)       1800 del vars, 3614 del conss, 0 add conss, 0 chg bounds, 0 chg sides, 0 chg coeffs, 0 upgd conss, 0 impls, 636 clqs
(round 4, exhaustive) 1800 del vars, 3890 del conss, 0 add conss, 0 chg bounds, 0 chg sides, 0 chg coeffs, 0 upgd conss, 0 impls, 636 clqs
(round 5, exhaustive) 1800 del vars, 3890 del conss, 0 add conss, 0 chg bounds, 0 chg sides, 0 chg coeffs, 6654 upgd conss, 0 impls, 636 clqs
(round 6, medium)     1800 del vars, 6898 del conss, 7632 add conss, 0 chg bounds, 0 chg sides, 0 chg coeffs, 6654 upgd conss, 0 impls, 8268 clqs
(round 7, exhaustive) 7646 del vars, 6898 del conss, 7632 add conss, 0 chg bounds, 0 chg sides, 0 chg coeffs, 6654 upgd conss, 0 impls, 7875 clqs
(round 8, fast)       7818 del vars, 7294 del conss, 7632 add conss, 0 chg bounds, 0 chg sides, 0 chg coeffs, 6654 upgd conss, 0 impls, 7875 clqs
(round 9, exhaustive) 7845 del vars, 7294 del conss, 7632 add conss, 0 chg bounds, 0 chg sides, 0 chg coeffs, 6654 upgd conss, 0 impls, 8219 clqs
(round 10, fast)       7845 del vars, 7344 del conss, 7632 add conss, 0 chg bounds, 0 chg sides, 0 chg coeffs, 6654 upgd conss, 0 impls, 8219 clqs
(round 11, exhaustive) 7870 del vars, 7344 del conss, 7632 add conss, 0 chg bounds, 0 chg sides, 0 chg coeffs, 6654 upgd conss, 0 impls, 8556 clqs
(round 12, fast)       7870 del vars, 7394 del conss, 7632 add conss, 0 chg bounds, 0 chg sides, 0 chg coeffs, 6654 upgd conss, 0 impls, 8556 clqs
(round 13, exhaustive) 7895 del vars, 7394 del conss, 7632 add conss, 0 chg bounds, 0 chg sides, 0 chg coeffs, 6654 upgd conss, 0 impls, 8880 clqs
(round 14, fast)       7895 del vars, 7444 del conss, 7632 add conss, 0 chg bounds, 0 chg sides, 0 chg coeffs, 6654 upgd conss, 0 impls, 8880 clqs
(round 15, exhaustive) 7920 del vars, 7444 del conss, 7632 add conss, 0 chg bounds, 0 chg sides, 0 chg coeffs, 6654 upgd conss, 0 impls, 9196 clqs
(round 16, fast)       7920 del vars, 7494 del conss, 7632 add conss, 0 chg bounds, 0 chg sides, 0 chg coeffs, 6654 upgd conss, 0 impls, 9196 clqs
(round 17, exhaustive) 7945 del vars, 7494 del conss, 7632 add conss, 0 chg bounds, 0 chg sides, 0 chg coeffs, 6654 upgd conss, 0 impls, 9502 clqs
(round 18, fast)       7945 del vars, 7544 del conss, 7632 add conss, 0 chg bounds, 0 chg sides, 0 chg coeffs, 6654 upgd conss, 0 impls, 9502 clqs
(round 19, exhaustive) 7970 del vars, 7544 del conss, 7632 add conss, 0 chg bounds, 0 chg sides, 0 chg coeffs, 6654 upgd conss, 0 impls, 9791 clqs
(round 20, fast)       7970 del vars, 7594 del conss, 7632 add conss, 0 chg bounds, 0 chg sides, 0 chg coeffs, 6654 upgd conss, 0 impls, 9791 clqs
(round 21, exhaustive) 7995 del vars, 7594 del conss, 7632 add conss, 0 chg bounds, 0 chg sides, 0 chg coeffs, 6654 upgd conss, 0 impls, 10080 clqs
(round 22, fast)       7995 del vars, 7644 del conss, 7632 add conss, 0 chg bounds, 0 chg sides, 0 chg coeffs, 6654 upgd conss, 0 impls, 10080 clqs
(round 23, exhaustive) 8020 del vars, 7644 del conss, 7632 add conss, 0 chg bounds, 0 chg sides, 0 chg coeffs, 6654 upgd conss, 0 impls, 10341 clqs
(round 24, fast)       8020 del vars, 7694 del conss, 7632 add conss, 0 chg bounds, 0 chg sides, 0 chg coeffs, 6654 upgd conss, 0 impls, 10341 clqs
(round 25, exhaustive) 8045 del vars, 7694 del conss, 7632 add conss, 0 chg bounds, 0 chg sides, 0 chg coeffs, 6654 upgd conss, 0 impls, 10583 clqs
(round 26, fast)       8045 del vars, 7744 del conss, 7632 add conss, 0 chg bounds, 0 chg sides, 0 chg coeffs, 6654 upgd conss, 0 impls, 10583 clqs
(round 27, exhaustive) 8070 del vars, 7744 del conss, 7632 add conss, 0 chg bounds, 0 chg sides, 0 chg coeffs, 6654 upgd conss, 0 impls, 10824 clqs
(round 28, fast)       8070 del vars, 7794 del conss, 7632 add conss, 0 chg bounds, 0 chg sides, 0 chg coeffs, 6654 upgd conss, 0 impls, 10824 clqs
(round 29, exhaustive) 8095 del vars, 7794 del conss, 7632 add conss, 0 chg bounds, 0 chg sides, 0 chg coeffs, 6654 upgd conss, 0 impls, 11069 clqs
(round 30, fast)       8095 del vars, 7844 del conss, 7632 add conss, 0 chg bounds, 0 chg sides, 0 chg coeffs, 6654 upgd conss, 0 impls, 11069 clqs
(round 31, exhaustive) 8120 del vars, 7844 del conss, 7632 add conss, 0 chg bounds, 0 chg sides, 0 chg coeffs, 6654 upgd conss, 0 impls, 11285 clqs
(round 32, fast)       8120 del vars, 7894 del conss, 7632 add conss, 0 chg bounds, 0 chg sides, 0 chg coeffs, 6654 upgd conss, 0 impls, 11285 clqs
(round 33, exhaustive) 8145 del vars, 7894 del conss, 7632 add conss, 0 chg bounds, 0 chg sides, 0 chg coeffs, 6654 upgd conss, 0 impls, 11498 clqs
(round 34, fast)       8145 del vars, 7944 del conss, 7632 add conss, 0 chg bounds, 0 chg sides, 0 chg coeffs, 6654 upgd conss, 0 impls, 11498 clqs
(round 35, exhaustive) 8170 del vars, 7944 del conss, 7632 add conss, 0 chg bounds, 0 chg sides, 0 chg coeffs, 6654 upgd conss, 0 impls, 11692 clqs
(round 36, fast)       8170 del vars, 7994 del conss, 7632 add conss, 0 chg bounds, 0 chg sides, 0 chg coeffs, 6654 upgd conss, 0 impls, 11692 clqs
(round 37, exhaustive) 8195 del vars, 7994 del conss, 7632 add conss, 0 chg bounds, 0 chg sides, 0 chg coeffs, 6654 upgd conss, 0 impls, 11882 clqs
(round 38, fast)       8195 del vars, 8044 del conss, 7632 add conss, 0 chg bounds, 0 chg sides, 0 chg coeffs, 6654 upgd conss, 0 impls, 11882 clqs
(round 39, exhaustive) 8220 del vars, 8044 del conss, 7632 add conss, 0 chg bounds, 0 chg sides, 0 chg coeffs, 6654 upgd conss, 0 impls, 12056 clqs
(round 40, fast)       8220 del vars, 8094 del conss, 7632 add conss, 0 chg bounds, 0 chg sides, 0 chg coeffs, 6654 upgd conss, 0 impls, 12056 clqs
(round 41, exhaustive) 8245 del vars, 8094 del conss, 7632 add conss, 0 chg bounds, 0 chg sides, 0 chg coeffs, 6654 upgd conss, 0 impls, 12230 clqs
(round 42, fast)       8245 del vars, 8144 del conss, 7632 add conss, 0 chg bounds, 0 chg sides, 0 chg coeffs, 6654 upgd conss, 0 impls, 12230 clqs
(round 43, exhaustive) 8270 del vars, 8144 del conss, 7632 add conss, 0 chg bounds, 0 chg sides, 0 chg coeffs, 6654 upgd conss, 0 impls, 12397 clqs
(round 44, fast)       8270 del vars, 8194 del conss, 7632 add conss, 0 chg bounds, 0 chg sides, 0 chg coeffs, 6654 upgd conss, 0 impls, 12397 clqs
(round 45, exhaustive) 8295 del vars, 8194 del conss, 7632 add conss, 0 chg bounds, 0 chg sides, 0 chg coeffs, 6654 upgd conss, 0 impls, 12553 clqs
(round 46, fast)       8295 del vars, 8244 del conss, 7632 add conss, 0 chg bounds, 0 chg sides, 0 chg coeffs, 6654 upgd conss, 0 impls, 12553 clqs
(round 47, exhaustive) 8320 del vars, 8244 del conss, 7632 add conss, 0 chg bounds, 0 chg sides, 0 chg coeffs, 6654 upgd conss, 0 impls, 12676 clqs
(round 48, fast)       8320 del vars, 8294 del conss, 7632 add conss, 0 chg bounds, 0 chg sides, 0 chg coeffs, 6654 upgd conss, 0 impls, 12676 clqs
(round 49, exhaustive) 8345 del vars, 8294 del conss, 7632 add conss, 0 chg bounds, 0 chg sides, 0 chg coeffs, 6654 upgd conss, 0 impls, 12790 clqs
(round 50, fast)       8345 del vars, 8344 del conss, 7632 add conss, 0 chg bounds, 0 chg sides, 0 chg coeffs, 6654 upgd conss, 0 impls, 12790 clqs
(round 51, exhaustive) 8370 del vars, 8344 del conss, 7632 add conss, 0 chg bounds, 0 chg sides, 0 chg coeffs, 6654 upgd conss, 0 impls, 12895 clqs
(round 52, fast)       8370 del vars, 8395 del conss, 7632 add conss, 0 chg bounds, 0 chg sides, 0 chg coeffs, 6654 upgd conss, 0 impls, 12895 clqs
(round 53, exhaustive) 8395 del vars, 8395 del conss, 7632 add conss, 0 chg bounds, 0 chg sides, 0 chg coeffs, 6654 upgd conss, 0 impls, 12997 clqs
(round 54, fast)       8395 del vars, 8445 del conss, 7632 add conss, 0 chg bounds, 0 chg sides, 0 chg coeffs, 6654 upgd conss, 0 impls, 12997 clqs
(round 55, exhaustive) 8420 del vars, 8445 del conss, 7632 add conss, 0 chg bounds, 0 chg sides, 0 chg coeffs, 6654 upgd conss, 0 impls, 13080 clqs
(round 56, fast)       8420 del vars, 8496 del conss, 7632 add conss, 0 chg bounds, 0 chg sides, 0 chg coeffs, 6654 upgd conss, 0 impls, 13080 clqs
(round 57, exhaustive) 8445 del vars, 8496 del conss, 7632 add conss, 0 chg bounds, 0 chg sides, 0 chg coeffs, 6654 upgd conss, 0 impls, 13163 clqs
(round 58, fast)       8445 del vars, 8547 del conss, 7632 add conss, 0 chg bounds, 0 chg sides, 0 chg coeffs, 6654 upgd conss, 0 impls, 13163 clqs
(round 59, exhaustive) 8470 del vars, 8547 del conss, 7632 add conss, 0 chg bounds, 0 chg sides, 0 chg coeffs, 6654 upgd conss, 0 impls, 13224 clqs
(round 60, fast)       8470 del vars, 8597 del conss, 7632 add conss, 0 chg bounds, 0 chg sides, 0 chg coeffs, 6654 upgd conss, 0 impls, 13224 clqs
(round 61, exhaustive) 8495 del vars, 8597 del conss, 7632 add conss, 0 chg bounds, 0 chg sides, 0 chg coeffs, 6654 upgd conss, 0 impls, 13273 clqs
(round 62, fast)       8495 del vars, 8648 del conss, 7632 add conss, 0 chg bounds, 0 chg sides, 0 chg coeffs, 6654 upgd conss, 0 impls, 13273 clqs
(round 63, exhaustive) 8520 del vars, 8648 del conss, 7632 add conss, 0 chg bounds, 0 chg sides, 0 chg coeffs, 6654 upgd conss, 0 impls, 13325 clqs
(round 64, fast)       8520 del vars, 8699 del conss, 7632 add conss, 0 chg bounds, 0 chg sides, 0 chg coeffs, 6654 upgd conss, 0 impls, 13325 clqs
(round 65, exhaustive) 8545 del vars, 8699 del conss, 7632 add conss, 0 chg bounds, 0 chg sides, 0 chg coeffs, 6654 upgd conss, 0 impls, 13365 clqs
(round 66, fast)       8545 del vars, 8750 del conss, 7632 add conss, 0 chg bounds, 0 chg sides, 0 chg coeffs, 6654 upgd conss, 0 impls, 13365 clqs
(round 67, exhaustive) 8570 del vars, 8750 del conss, 7632 add conss, 0 chg bounds, 0 chg sides, 0 chg coeffs, 6654 upgd conss, 0 impls, 13387 clqs
(round 68, fast)       8570 del vars, 8803 del conss, 7632 add conss, 0 chg bounds, 0 chg sides, 0 chg coeffs, 6654 upgd conss, 0 impls, 13387 clqs
(round 69, exhaustive) 8595 del vars, 8803 del conss, 7632 add conss, 0 chg bounds, 0 chg sides, 0 chg coeffs, 6654 upgd conss, 0 impls, 13405 clqs
(round 70, fast)       8595 del vars, 8858 del conss, 7632 add conss, 0 chg bounds, 0 chg sides, 0 chg coeffs, 6654 upgd conss, 0 impls, 13405 clqs
(round 71, exhaustive) 8620 del vars, 8858 del conss, 7632 add conss, 0 chg bounds, 0 chg sides, 0 chg coeffs, 6654 upgd conss, 0 impls, 13403 clqs
(round 72, fast)       8620 del vars, 8912 del conss, 7632 add conss, 0 chg bounds, 0 chg sides, 0 chg coeffs, 6654 upgd conss, 0 impls, 13403 clqs
(round 73, exhaustive) 8645 del vars, 8912 del conss, 7632 add conss, 0 chg bounds, 0 chg sides, 0 chg coeffs, 6654 upgd conss, 0 impls, 13374 clqs
(round 74, fast)       8645 del vars, 8977 del conss, 7632 add conss, 0 chg bounds, 0 chg sides, 0 chg coeffs, 6654 upgd conss, 0 impls, 13374 clqs
(round 75, exhaustive) 8670 del vars, 8977 del conss, 7632 add conss, 0 chg bounds, 0 chg sides, 0 chg coeffs, 6654 upgd conss, 0 impls, 13466 clqs
(round 76, fast)       8670 del vars, 9048 del conss, 7632 add conss, 0 chg bounds, 0 chg sides, 0 chg coeffs, 6654 upgd conss, 0 impls, 13466 clqs
(round 77, exhaustive) 8696 del vars, 9048 del conss, 7632 add conss, 0 chg bounds, 0 chg sides, 0 chg coeffs, 6654 upgd conss, 0 impls, 14909 clqs
(round 78, fast)       8696 del vars, 9113 del conss, 7632 add conss, 0 chg bounds, 0 chg sides, 0 chg coeffs, 6654 upgd conss, 0 impls, 14909 clqs
(round 79, exhaustive) 8724 del vars, 9113 del conss, 7632 add conss, 0 chg bounds, 0 chg sides, 0 chg coeffs, 6654 upgd conss, 0 impls, 14628 clqs
(round 80, fast)       8724 del vars, 9181 del conss, 7632 add conss, 0 chg bounds, 0 chg sides, 0 chg coeffs, 6654 upgd conss, 0 impls, 14628 clqs
(round 81, exhaustive) 8754 del vars, 9181 del conss, 7632 add conss, 0 chg bounds, 0 chg sides, 0 chg coeffs, 6654 upgd conss, 0 impls, 14058 clqs
(round 82, fast)       8754 del vars, 9251 del conss, 7632 add conss, 0 chg bounds, 0 chg sides, 0 chg coeffs, 6654 upgd conss, 0 impls, 14058 clqs
(round 83, exhaustive) 8784 del vars, 9251 del conss, 7632 add conss, 0 chg bounds, 0 chg sides, 0 chg coeffs, 6654 upgd conss, 0 impls, 13488 clqs
(round 84, fast)       8784 del vars, 9321 del conss, 7632 add conss, 0 chg bounds, 0 chg sides, 0 chg coeffs, 6654 upgd conss, 0 impls, 13488 clqs
   (3.9s) probing: 931/6739 (13.8%) - 0 fixings, 976 aggregations, 9904 implications, 0 bound changes
   (3.9s) probing aborted: 50/50 successive totally useless probings
(round 85, exhaustive) 8796 del vars, 9321 del conss, 7632 add conss, 0 chg bounds, 0 chg sides, 0 chg coeffs, 6654 upgd conss, 0 impls, 13254 clqs
(round 86, fast)       8796 del vars, 9355 del conss, 7632 add conss, 0 chg bounds, 0 chg sides, 0 chg coeffs, 6654 upgd conss, 0 impls, 13254 clqs
   (4.0s) probing: 936/6739 (13.9%) - 0 fixings, 976 aggregations, 9904 implications, 0 bound changes
   (4.0s) probing aborted: 50/50 successive totally useless probings
Required symmetry:			(1 bin, 0 int, 0 cont); (fixed: 0 bin, 1 int, 0 cont)
Time for symmetry detection:		0.53 	(matrix graph, 26558 nodes, 69340 edges)
Number of generators:			135 	(max: 1500)
Log10 of symmetry group order:		83.1
Number of vars moved by some symmetry:	5678
Total time for symmetry detection:	0.54

Turned off presolver <domcol>.
Turned off presolver <components>.

presolving (87 rounds: 87 fast, 45 medium, 43 exhaustive):
 8796 deleted vars, 9355 deleted constraints, 7632 added constraints, 0 tightened bounds, 0 added holes, 0 changed sides, 0 changed coefficients
 0 implications, 13254 cliques
presolved problem has 5763 variables (5763 bin, 0 int, 0 impl, 0 cont) and 9043 constraints
      1 constraints of type <knapsack>
   6774 constraints of type <setppc>
    219 constraints of type <linear>
   2048 constraints of type <logicor>
      1 constraints of type <symmetries>
transformed objective value is always integral (scale: 1)
Presolving Time: 4.47

 time | node  | left  |LP iter|LP it/n|mem/heur|mdpt |frac |vars |cons |cols |rows |cuts |confs|strbr|  dualbound   | primalbound  |  gap   
p 4.7s|     1 |     0 |     0 |     - |  clique|   0 |   - |5763 |9043 |5763 |9042 |   0 |   0 |   0 |-1.600000e+02 |-1.600000e+02 |   0.00%

SCIP Status        : problem is solved [optimal solution found]
Solving Time (sec) : 4.73
Solving Nodes      : 1
Primal Bound       : -1.60000000000000e+02 (1 solutions)
Dual Bound         : -1.60000000000000e+02
Gap                : 0.00 %

Number of variables fixed to 0 by isomorphism pruning:	     0
Number of variables fixed to 1 by isomorphism pruning:	     0
@04 1686575991
