FILENAME:   /home/mcs001/s132664/testsets/IP/miplib2017/academictimetablesmall.mps.gz
SETTINGS:   settings_isopr_ostrowskidynamicbranching_avoidsubtreenodes
TIMELIMIT:  7200
OUTPUTNAME: final_miplib_symretope_if_extended_generating_set_cpx_v802__settings_isopr_ostrowskidynamicbranching_avoidsubtreenodes__1__
BINNAME:    bin/symmetries.linux.x86_64.gnu.opt.cpx
BASENAME:   academictimetablesmall.mps.gz
SEED:       1
@01 /home/mcs001/s132664/testsets/IP/miplib2017/academictimetablesmall.mps.gz ===========
@02 academictimetablesmall.mps.gz
@03 1686574101
SCIP version 8.0.2 [precision: 8 byte] [memory: block] [mode: optimized] [LP solver: CPLEX 20.1.0.0] [GitHash: 5f0473c]
Copyright (C) 2002-2022 Konrad-Zuse-Zentrum fuer Informationstechnik Berlin (ZIB)

Symmetry handling routines - (c) Marc Pfetsch, Thomas Rehn, Christopher Hojny.
[GitHash: a1587cb]


Turned off presolver <gateextraction>.
reading parameter file <../settings/settings_isopr_ostrowskidynamicbranching_avoidsubtreenodes.set> ...

Changed settings:
limits/time = 7200
limits/restarts = 0
randomization/randomseedshift = 1
constraints/orbitope/sepafreq = -1
constraints/orbitope/propfreq = 1
presolving/gateextraction/maxrounds = 0
propagating/isoprune/avoidsubtreenodes = TRUE
useisoprune = TRUE


solving problem ...

original problem has 28926 variables (28926 bin, 0 int, 0 impl, 0 cont) and 23294 constraints
presolving:
(round 1, fast)       3034 del vars, 4933 del conss, 0 add conss, 2772 chg bounds, 20 chg sides, 16 chg coeffs, 0 upgd conss, 0 impls, 6185 clqs
(round 2, fast)       3159 del vars, 5372 del conss, 0 add conss, 2782 chg bounds, 25 chg sides, 16 chg coeffs, 0 upgd conss, 0 impls, 7635 clqs
(round 3, medium)     3186 del vars, 5372 del conss, 0 add conss, 2782 chg bounds, 25 chg sides, 16 chg coeffs, 0 upgd conss, 0 impls, 7577 clqs
(round 4, fast)       3190 del vars, 5420 del conss, 0 add conss, 2782 chg bounds, 26 chg sides, 18 chg coeffs, 0 upgd conss, 0 impls, 7761 clqs
(round 5, exhaustive) 3190 del vars, 5758 del conss, 0 add conss, 2782 chg bounds, 26 chg sides, 18 chg coeffs, 0 upgd conss, 0 impls, 7761 clqs
(round 6, exhaustive) 3190 del vars, 5758 del conss, 0 add conss, 2782 chg bounds, 26 chg sides, 18 chg coeffs, 17004 upgd conss, 0 impls, 7761 clqs
(round 7, medium)     3593 del vars, 6242 del conss, 603 add conss, 2782 chg bounds, 67 chg sides, 11537 chg coeffs, 17004 upgd conss, 0 impls, 8435 clqs
(round 8, fast)       3593 del vars, 6298 del conss, 603 add conss, 2782 chg bounds, 73 chg sides, 11562 chg coeffs, 17004 upgd conss, 0 impls, 8555 clqs
(round 9, exhaustive) 3658 del vars, 6363 del conss, 603 add conss, 2782 chg bounds, 73 chg sides, 12304 chg coeffs, 17004 upgd conss, 0 impls, 8555 clqs
(round 10, exhaustive) 3814 del vars, 6363 del conss, 603 add conss, 2782 chg bounds, 78 chg sides, 13065 chg coeffs, 17004 upgd conss, 0 impls, 8705 clqs
(round 11, fast)       3814 del vars, 6408 del conss, 603 add conss, 2782 chg bounds, 78 chg sides, 13221 chg coeffs, 17004 upgd conss, 0 impls, 8705 clqs
   (2.6s) probing: 168/25383 (0.7%) - 170 fixings, 0 aggregations, 860 implications, 0 bound changes
   (2.6s) probing aborted: 50/50 successive totally useless probings
Required symmetry:			(1 bin, 0 int, 0 cont); (fixed: 0 bin, 1 int, 0 cont)
Time for symmetry detection:		3.77 	(matrix graph, 70534 nodes, 508964 edges)
Number of generators:			526 	(max: 1500)
Log10 of symmetry group order:		inf
Number of vars moved by some symmetry:	20533
Total time for symmetry detection:	4.15

Turned off presolver <domcol>.
Turned off presolver <components>.

presolving (12 rounds: 12 fast, 7 medium, 5 exhaustive):
 3828 deleted vars, 6408 deleted constraints, 603 added constraints, 2782 tightened bounds, 0 added holes, 78 changed sides, 13928 changed coefficients
 0 implications, 9653 cliques
presolved problem has 25213 variables (25213 bin, 0 int, 0 impl, 0 cont) and 17372 constraints
   6787 constraints of type <knapsack>
   7130 constraints of type <setppc>
     65 constraints of type <xor>
    532 constraints of type <linear>
   2857 constraints of type <logicor>
      1 constraints of type <symmetries>
transformed objective value is always integral (scale: 1)
Presolving Time: 6.97

 time | node  | left  |LP iter|LP it/n|mem/heur|mdpt |frac |vars |cons |cols |rows |cuts |confs|strbr|  dualbound   | primalbound  |  gap   
  8.3s|     1 |     0 |  2496 |     - |   317M |   0 |1039 |  25k|  17k|  25k|  17k|   0 | 102 |   0 | 0.000000e+00 |      --      |    Inf 
 18.2s|     1 |     2 |  4503 |     - |   329M |   0 |1039 |  25k|  17k|  25k|  17k|   0 | 106 |  22 | 0.000000e+00 |      --      |    Inf 
  441s|   100 |    97 |119233 |1166.7 |   342M |  23 | 985 |  25k|  17k|  25k|  17k|   0 | 170 |  22 | 0.000000e+00 |      --      |    Inf 
  486s|   200 |   181 |179431 | 882.9 |   349M |  29 |1174 |  25k|  17k|  25k|  17k|   0 | 248 |  22 | 0.000000e+00 |      --      |    Inf 
  538s|   300 |   269 |234021 | 770.2 |   352M |  33 | 778 |  25k|  17k|  25k|  17k|   0 | 299 |  22 | 0.000000e+00 |      --      |    Inf 
  629s|   400 |   359 |322374 | 798.6 |   356M |  34 |1069 |  25k|  17k|  25k|  17k|   0 | 366 |  22 | 0.000000e+00 |      --      |    Inf 
  713s|   500 |   449 |406048 | 806.3 |   358M |  39 |1546 |  25k|  17k|  25k|  17k|   0 | 428 |  22 | 0.000000e+00 |      --      |    Inf 
  851s|   600 |   549 |521485 | 864.4 |   365M |  43 |1231 |  25k|  17k|  25k|  17k|   0 | 469 |  22 | 0.000000e+00 |      --      |    Inf 
 1091s|   700 |   647 |708408 |1008.1 |   372M |  43 |1182 |  25k|  17k|  25k|  17k|   0 | 562 |  22 | 0.000000e+00 |      --      |    Inf 
 1195s|   800 |   747 |805478 |1003.4 |   375M |  43 |1314 |  25k|  17k|  25k|  17k|   0 | 609 |  22 | 0.000000e+00 |      --      |    Inf 
 1610s|   900 |   845 |945377 |1047.4 |   379M |  43 | 940 |  25k|  17k|  25k|  17k|   0 | 659 |  22 | 0.000000e+00 |      --      |    Inf 
 1704s|  1000 |   945 |  1060k|1057.6 |   380M |  43 | 811 |  25k|  17k|  25k|  17k|   0 | 680 |  22 | 0.000000e+00 |      --      |    Inf 
 1818s|  1100 |  1045 |  1185k|1075.5 |   384M |  43 |1453 |  25k|  17k|  25k|  17k|   0 | 694 |  22 | 0.000000e+00 |      --      |    Inf 
 2025s|  1200 |  1145 |  1339k|1114.1 |   389M |  45 |1203 |  25k|  17k|  25k|  17k|   0 | 765 | 159 | 0.000000e+00 |      --      |    Inf 
 2171s|  1300 |  1245 |  1498k|1150.4 |   399M |  45 |1399 |  25k|  17k|  25k|  17k|   0 | 826 | 159 | 0.000000e+00 |      --      |    Inf 
 time | node  | left  |LP iter|LP it/n|mem/heur|mdpt |frac |vars |cons |cols |rows |cuts |confs|strbr|  dualbound   | primalbound  |  gap   
 2326s|  1400 |  1341 |  1652k|1178.4 |   403M |  45 |1118 |  25k|  17k|  25k|  17k|   0 | 887 | 159 | 0.000000e+00 |      --      |    Inf 
 2448s|  1500 |  1441 |  1785k|1188.6 |   405M |  45 | 928 |  25k|  17k|  25k|  17k|   0 | 936 | 159 | 0.000000e+00 |      --      |    Inf 
 2738s|  1600 |  1541 |  1935k|1208.1 |   409M |  45 |1124 |  25k|  17k|  25k|  17k|   0 | 977 | 159 | 0.000000e+00 |      --      |    Inf 
 3124s|  1700 |  1639 |  2086k|1225.8 |   412M |  49 |1030 |  25k|  17k|  25k|  17k|   0 |1045 | 739 | 0.000000e+00 |      --      |    Inf 
 3698s|  1800 |  1739 |  2230k|1237.7 |   423M |  51 |1070 |  25k|  17k|  25k|  17k|   0 |1170 |1715 | 0.000000e+00 |      --      |    Inf 
 3902s|  1900 |  1839 |  2400k|1262.1 |   427M |  53 |1053 |  25k|  17k|  25k|  17k|   0 |1220 |1847 | 0.000000e+00 |      --      |    Inf 
 4104s|  2000 |  1933 |  2556k|1277.2 |   429M |  61 |1391 |  25k|  17k|  25k|  17k|   0 |1287 |1971 | 0.000000e+00 |      --      |    Inf 
 4239s|  2100 |  2029 |  2684k|1277.3 |   432M |  61 |1469 |  25k|  18k|  25k|  17k|   0 |1346 |2065 | 0.000000e+00 |      --      |    Inf 
 4446s|  2200 |  2129 |  2853k|1295.9 |   435M |  61 |1489 |  25k|  18k|  25k|  17k|   0 |1386 |2174 | 0.000000e+00 |      --      |    Inf 
 5066s|  2300 |  2229 |  3070k|1333.8 |   439M |  61 |1402 |  25k|  18k|  25k|  17k|   0 |1433 |2345 | 0.000000e+00 |      --      |    Inf 
 5299s|  2400 |  2329 |  3246k|1351.8 |   443M |  61 |1041 |  25k|  18k|  25k|  17k|   0 |1465 |2475 | 0.000000e+00 |      --      |    Inf 
 5680s|  2500 |  2429 |  3492k|1395.9 |   445M |  61 | 939 |  25k|  18k|  25k|  17k|   0 |1523 |2638 | 0.000000e+00 |      --      |    Inf 
 5883s|  2600 |  2529 |  3655k|1405.0 |   450M |  61 |1284 |  25k|  18k|  25k|  17k|   0 |1607 |2760 | 0.000000e+00 |      --      |    Inf 
 6140s|  2700 |  2629 |  3853k|1426.5 |   453M |  61 |1318 |  25k|  18k|  25k|  17k|   0 |1671 |2938 | 0.000000e+00 |      --      |    Inf 
 6244s|  2800 |  2729 |  3951k|1410.4 |   455M |  61 |1163 |  25k|  18k|  25k|  17k|   0 |1727 |3022 | 0.000000e+00 |      --      |    Inf 
 time | node  | left  |LP iter|LP it/n|mem/heur|mdpt |frac |vars |cons |cols |rows |cuts |confs|strbr|  dualbound   | primalbound  |  gap   
 6386s|  2900 |  2827 |  4065k|1400.9 |   459M |  61 |1146 |  25k|  18k|  25k|  17k|   0 |1765 |3140 | 0.000000e+00 |      --      |    Inf 
 6627s|  3000 |  2927 |  4237k|1411.8 |   462M |  61 |1426 |  25k|  18k|  25k|  17k|   0 |1831 |3289 | 0.000000e+00 |      --      |    Inf 
 6826s|  3100 |  3022 |  4409k|1421.6 |   463M |  61 |1136 |  25k|  18k|  25k|  17k|   0 |1875 |3389 | 0.000000e+00 |      --      |    Inf 
 7040s|  3200 |  3121 |  4558k|1423.7 |   468M |  61 |1511 |  25k|  18k|  25k|  17k|   0 |1911 |3536 | 0.000000e+00 |      --      |    Inf 

SCIP Status        : solving was interrupted [time limit reached]
Solving Time (sec) : 7200.01
Solving Nodes      : 3249
Primal Bound       : +1.00000000000000e+20 (0 solutions)
Dual Bound         : +0.00000000000000e+00
Gap                : infinite

Number of variables fixed to 0 by isomorphism pruning:	     0
Number of variables fixed to 1 by isomorphism pruning:	     0
@04 1686581302
