FILENAME:   ../instances_new/flowersnark/flowersnark15_3.cip
SETTINGS:   settings_isopr_minimalindexbranching_avoidsubtreenodes
TIMELIMIT:  7200
OUTPUTNAME: final_flowersnark__settings_isopr_minimalindexbranching_avoidsubtreenodes__2__
BINNAME:    bin/symmetries.linux.x86_64.gnu.opt.cpx
BASENAME:   flowersnark15_3.cip
SEED:       2
@01 ../instances_new/flowersnark/flowersnark15_3.cip ===========
@02 flowersnark15_3.cip
@03 1686559502
SCIP version 8.0.2 [precision: 8 byte] [memory: block] [mode: optimized] [LP solver: CPLEX 20.1.0.0] [GitHash: 5f0473c]
Copyright (C) 2002-2022 Konrad-Zuse-Zentrum fuer Informationstechnik Berlin (ZIB)

Symmetry handling routines - (c) Marc Pfetsch, Thomas Rehn, Christopher Hojny.
[GitHash: a1587cb]


Turned off presolver <gateextraction>.
reading parameter file <../settings/settings_isopr_minimalindexbranching_avoidsubtreenodes.set> ...

Changed settings:
limits/time = 7200
limits/restarts = 0
randomization/randomseedshift = 2
constraints/orbitope/sepafreq = -1
constraints/orbitope/propfreq = 1
presolving/gateextraction/maxrounds = 0
propagating/isoprune/avoidsubtreenodes = TRUE
useisoprune = TRUE
usebranchfirst = TRUE


solving problem ...

original problem has 270 variables (270 bin, 0 int, 0 impl, 0 cont) and 270 constraints
presolving:
(round 1, exhaustive) 0 del vars, 0 del conss, 0 add conss, 0 chg bounds, 0 chg sides, 0 chg coeffs, 270 upgd conss, 0 impls, 270 clqs
   (0.0s) probing: 51/270 (18.9%) - 0 fixings, 0 aggregations, 0 implications, 0 bound changes
   (0.0s) probing aborted: 50/50 successive totally useless probings
Required symmetry:			(1 bin, 0 int, 0 cont); (fixed: 0 bin, 1 int, 0 cont)
Time for symmetry detection:		0.00 	(matrix graph, 540 nodes, 810 edges)
Number of generators:			5 	(max: 1500)
Order of symmetry group:		360
Log10 of symmetry group order:		2.6
Number of vars moved by some symmetry:	270
Total time for symmetry detection:	0.00

Turned off presolver <domcol>.
Turned off presolver <components>.

presolving (2 rounds: 2 fast, 2 medium, 2 exhaustive):
 0 deleted vars, 0 deleted constraints, 0 added constraints, 0 tightened bounds, 0 added holes, 0 changed sides, 0 changed coefficients
 0 implications, 270 cliques
presolved problem has 270 variables (270 bin, 0 int, 0 impl, 0 cont) and 271 constraints
    270 constraints of type <setppc>
      1 constraints of type <symmetries>
transformed objective value is always integral (scale: 1)
Presolving Time: 0.00

 time | node  | left  |LP iter|LP it/n|mem/heur|mdpt |frac |vars |cons |cols |rows |cuts |confs|strbr|  dualbound   | primalbound  |  gap   
  0.0s|     1 |     0 |    29 |     - |  4192k |   0 | 140 | 270 | 292 | 270 | 270 |   0 |  20 |   0 | 0.000000e+00 |      --      |    Inf 
  0.1s|     1 |     2 |   227 |     - |  4982k |   0 | 140 | 270 | 493 | 270 | 270 |   0 |  21 |   0 | 0.000000e+00 |      --      |    Inf 
  0.5s|   100 |    35 |  4418 |  42.6 |  6699k |  14 |   - | 270 | 707 | 270 | 270 |   0 | 244 |   0 | 0.000000e+00 |      --      |    Inf 
  0.7s|   200 |    54 |  7961 |  39.0 |  7863k |  16 |  28 | 270 |1068 | 270 | 270 |   0 | 605 |   0 | 0.000000e+00 |      --      |    Inf 
  0.8s|   300 |    73 | 11167 |  36.7 |  8487k |  16 |   - | 270 |1428 | 270 | 270 |   0 | 965 |   0 | 0.000000e+00 |      --      |    Inf 
  0.9s|   400 |    68 | 13775 |  34.0 |  9418k |  16 |  34 | 270 |1788 | 270 | 270 |   0 |1325 |   0 | 0.000000e+00 |      --      |    Inf 
  1.1s|   500 |    54 | 15898 |  31.5 |    10M |  16 | 154 | 270 |2251 | 270 | 270 |   0 |1788 |   0 | 0.000000e+00 |      --      |    Inf 
  1.5s|   600 |    99 | 19387 |  32.0 |    12M |  16 |  96 | 270 |2646 | 270 | 270 |   0 |2183 |   0 | 0.000000e+00 |      --      |    Inf 
  1.6s|   700 |   115 | 20972 |  29.7 |    12M |  16 |   - | 270 |3056 |   0 |   0 |   0 |2593 |   0 | 0.000000e+00 |      --      |    Inf 
  1.7s|   800 |   114 | 22892 |  28.4 |    13M |  16 |  28 | 270 |3382 | 270 | 270 |   0 |2920 |   0 | 0.000000e+00 |      --      |    Inf 
  1.9s|   900 |   106 | 25873 |  28.6 |    15M |  17 |  46 | 270 |3938 | 270 | 270 |   0 |3480 |   0 | 0.000000e+00 |      --      |    Inf 
  2.0s|  1000 |   103 | 27922 |  27.8 |    16M |  17 |   - | 270 |4404 | 270 | 270 |   0 |3965 |   0 | 0.000000e+00 |      --      |    Inf 
  2.1s|  1100 |    92 | 29903 |  27.0 |    16M |  18 |  64 | 270 |4811 | 270 | 270 |   0 |4388 |   0 | 0.000000e+00 |      --      |    Inf 
  2.2s|  1200 |    90 | 31547 |  26.1 |    18M |  18 |  56 | 270 |5105 | 270 | 270 |   0 |4764 |   0 | 0.000000e+00 |      --      |    Inf 
  2.4s|  1300 |    78 | 33115 |  25.3 |    18M |  18 |  48 | 270 |5335 | 270 | 270 |   0 |5120 |   0 | 0.000000e+00 |      --      |    Inf 
 time | node  | left  |LP iter|LP it/n|mem/heur|mdpt |frac |vars |cons |cols |rows |cuts |confs|strbr|  dualbound   | primalbound  |  gap   
  2.5s|  1400 |    58 | 34617 |  24.6 |    18M |  18 |  45 | 270 |5527 | 270 | 270 |   0 |5419 |   0 | 0.000000e+00 |      --      |    Inf 
  2.6s|  1500 |    57 | 36759 |  24.4 |    19M |  18 |  28 | 270 |5855 | 270 | 270 |   0 |5862 |   0 | 0.000000e+00 |      --      |    Inf 
  2.7s|  1600 |    43 | 38319 |  23.8 |    19M |  18 |   - | 270 |5979 |   0 |   0 |   0 |6143 |   0 | 0.000000e+00 |      --      |    Inf 
  2.9s|  1700 |    19 | 39816 |  23.3 |    19M |  18 |  28 | 270 |6150 | 270 | 270 |   0 |6501 |   0 | 0.000000e+00 |      --      |    Inf 
  3.0s|  1800 |     6 | 42261 |  23.4 |    19M |  18 |   - | 270 |6431 |   0 |   0 |   0 |6909 |   0 | 0.000000e+00 |      --      |    Inf 
  3.5s|  1900 |    19 | 47661 |  25.0 |    20M |  18 |  72 | 270 |6471 | 270 | 270 |   0 |7119 |   0 | 0.000000e+00 |      --      |    Inf 
  3.9s|  2000 |    45 | 51062 |  25.4 |    20M |  18 |  28 | 270 |6698 | 270 | 270 |   0 |7444 |   0 | 0.000000e+00 |      --      |    Inf 
  4.0s|  2100 |    41 | 53453 |  25.4 |    20M |  18 |   - | 270 |6951 | 270 | 270 |   0 |7759 |   0 | 0.000000e+00 |      --      |    Inf 
  4.1s|  2200 |    38 | 55268 |  25.0 |    20M |  18 |  45 | 270 |7173 | 270 | 270 |   0 |8052 |   0 | 0.000000e+00 |      --      |    Inf 
  4.2s|  2300 |    39 | 57249 |  24.8 |    21M |  18 |   - | 270 |7434 |   0 |   0 |   0 |8410 |   0 | 0.000000e+00 |      --      |    Inf 
  4.4s|  2400 |    45 | 59479 |  24.7 |    22M |  18 |   - | 270 |7681 | 270 | 270 |   0 |8796 |   0 | 0.000000e+00 |      --      |    Inf 
  4.5s|  2500 |    36 | 61428 |  24.5 |    22M |  18 |  28 | 270 |7968 | 270 | 270 |   0 |9182 |   0 | 0.000000e+00 |      --      |    Inf 
  4.6s|  2600 |    21 | 63750 |  24.5 |    22M |  18 |  42 | 270 |8186 | 270 | 270 |   0 |9566 |   0 | 0.000000e+00 |      --      |    Inf 
  4.8s|  2700 |    17 | 66376 |  24.5 |    23M |  18 |   - | 270 |8531 | 270 | 270 |   0 |  10k|   0 | 0.000000e+00 |      --      |    Inf 
  5.0s|  2800 |    13 | 70088 |  25.0 |    23M |  18 |  68 | 270 |8609 | 270 | 270 |   0 |  10k|   0 | 0.000000e+00 |      --      |    Inf 
 time | node  | left  |LP iter|LP it/n|mem/heur|mdpt |frac |vars |cons |cols |rows |cuts |confs|strbr|  dualbound   | primalbound  |  gap   
  5.1s|  2900 |    11 | 74665 |  25.7 |    23M |  18 |  58 | 270 |8653 | 270 | 270 |   0 |  10k|   0 | 0.000000e+00 |      --      |    Inf 
  5.2s|  3000 |    11 | 78612 |  26.1 |    23M |  18 |  42 | 270 |8728 | 270 | 270 |   0 |  10k|   0 | 0.000000e+00 |      --      |    Inf 
  5.4s|  3100 |    11 | 82166 |  26.4 |    23M |  18 |  28 | 270 |8798 | 270 | 270 |   0 |  10k|   0 | 0.000000e+00 |      --      |    Inf 
  5.5s|  3200 |    19 | 85330 |  26.6 |    24M |  18 |  28 | 270 |9048 | 270 | 270 |   0 |  11k|   0 | 0.000000e+00 |      --      |    Inf 
  5.6s|  3300 |    18 | 87950 |  26.6 |    24M |  18 |  28 | 270 |9329 | 270 | 270 |   0 |  11k|   0 | 0.000000e+00 |      --      |    Inf 
  5.8s|  3400 |    20 | 90037 |  26.4 |    24M |  18 |  28 | 270 |9578 | 270 | 270 |   0 |  11k|   0 | 0.000000e+00 |      --      |    Inf 
  5.9s|  3500 |    12 | 91777 |  26.2 |    24M |  18 |   - | 270 |9777 |   0 |   0 |   0 |  11k|   0 | 0.000000e+00 |      --      |    Inf 
  6.3s|  3600 |    20 | 93913 |  26.0 |    24M |  20 |   - | 270 |9906 |   0 |   0 |   0 |  12k|   0 | 0.000000e+00 |      --      |    Inf 
  6.4s|  3700 |    26 | 95091 |  25.7 |    24M |  20 |  40 | 270 |  10k| 270 | 270 |   0 |  12k|   0 | 0.000000e+00 |      --      |    Inf 
  6.6s|  3800 |    12 | 96197 |  25.3 |    24M |  20 |   - | 270 |  10k| 270 | 270 |   0 |  12k|   0 | 0.000000e+00 |      --      |    Inf 
  6.7s|  3900 |    11 | 97680 |  25.0 |    25M |  20 |  81 | 270 |  10k| 270 | 270 |   0 |  12k|   0 | 0.000000e+00 |      --      |    Inf 
  6.9s|  4000 |     8 | 99621 |  24.9 |    25M |  21 |  51 | 270 |  10k| 270 | 270 |   0 |  13k|   0 | 0.000000e+00 |      --      |    Inf 
  7.0s|  4100 |     4 |101352 |  24.7 |    25M |  28 |  28 | 270 |  10k| 270 | 270 |   0 |  13k|   0 | 0.000000e+00 |      --      |    Inf 

SCIP Status        : problem is solved [infeasible]
Solving Time (sec) : 7.06
Solving Nodes      : 4134
Primal Bound       : +1.00000000000000e+20 (0 solutions)
Dual Bound         : +1.00000000000000e+20
Gap                : 0.00 %

Number of variables fixed to 0 by isomorphism pruning:	   155
Number of variables fixed to 1 by isomorphism pruning:	     8
@04 1686559509
