FILENAME:   /home/mcs001/s132664/testsets/IP/miplib2017/8div-n59k10.mps.gz
SETTINGS:   settings_isopr_ostrowskidynamicbranching_avoidsubtreenodes
TIMELIMIT:  7200
OUTPUTNAME: final_miplib_symretope_if_extended_generating_set_cpx_v802__settings_isopr_ostrowskidynamicbranching_avoidsubtreenodes__2__
BINNAME:    bin/symmetries.linux.x86_64.gnu.opt.cpx
BASENAME:   8div-n59k10.mps.gz
SEED:       2
@01 /home/mcs001/s132664/testsets/IP/miplib2017/8div-n59k10.mps.gz ===========
@02 8div-n59k10.mps.gz
@03 1686575529
SCIP version 8.0.2 [precision: 8 byte] [memory: block] [mode: optimized] [LP solver: CPLEX 20.1.0.0] [GitHash: 5f0473c]
Copyright (C) 2002-2022 Konrad-Zuse-Zentrum fuer Informationstechnik Berlin (ZIB)

Symmetry handling routines - (c) Marc Pfetsch, Thomas Rehn, Christopher Hojny.
[GitHash: a1587cb]


Turned off presolver <gateextraction>.
reading parameter file <../settings/settings_isopr_ostrowskidynamicbranching_avoidsubtreenodes.set> ...

Changed settings:
limits/time = 7200
limits/restarts = 0
randomization/randomseedshift = 2
constraints/orbitope/sepafreq = -1
constraints/orbitope/propfreq = 1
presolving/gateextraction/maxrounds = 0
propagating/isoprune/avoidsubtreenodes = TRUE
useisoprune = TRUE


solving problem ...

original problem has 6143 variables (6138 bin, 5 int, 0 impl, 0 cont) and 2065 constraints
presolving:
(round 1, fast)       10 del vars, 10 del conss, 2 add conss, 21 chg bounds, 0 chg sides, 0 chg coeffs, 0 upgd conss, 0 impls, 1023 clqs
(round 2, fast)       10 del vars, 10 del conss, 2 add conss, 21 chg bounds, 4 chg sides, 6 chg coeffs, 0 upgd conss, 0 impls, 1023 clqs
(round 3, exhaustive) 10 del vars, 11 del conss, 2 add conss, 21 chg bounds, 6 chg sides, 6 chg coeffs, 0 upgd conss, 0 impls, 1023 clqs
(round 4, exhaustive) 10 del vars, 11 del conss, 2 add conss, 21 chg bounds, 6 chg sides, 6 chg coeffs, 1023 upgd conss, 0 impls, 1023 clqs
   (0.8s) probing: 1000/6128 (16.3%) - 0 fixings, 0 aggregations, 999 implications, 0 bound changes
   (0.8s) probing: 1001/6128 (16.3%) - 0 fixings, 0 aggregations, 1000 implications, 0 bound changes
   (0.8s) probing aborted: 1000/1000 successive useless probings
Required symmetry:			(1 bin, 0 int, 0 cont); (fixed: 0 bin, 1 int, 0 cont)
Time for symmetry detection:		0.98 	(matrix graph, 15373 nodes, 1068048 edges)
Number of generators:			9 	(max: 1500)
Log10 of symmetry group order:		6.6
Number of vars moved by some symmetry:	6122
Total time for symmetry detection:	0.98

Turned off presolver <domcol>.
Turned off presolver <components>.

presolving (5 rounds: 5 fast, 3 medium, 3 exhaustive):
 10 deleted vars, 11 deleted constraints, 2 added constraints, 21 tightened bounds, 0 added holes, 6 changed sides, 6 changed coefficients
 1000 implications, 1023 cliques
presolved problem has 6133 variables (6128 bin, 5 int, 0 impl, 0 cont) and 2057 constraints
   1023 constraints of type <setppc>
   1033 constraints of type <linear>
      1 constraints of type <symmetries>
transformed objective value is always integral (scale: 1)
Presolving Time: 1.70

 time | node  | left  |LP iter|LP it/n|mem/heur|mdpt |frac |vars |cons |cols |rows |cuts |confs|strbr|  dualbound   | primalbound  |  gap   
  3.5s|     1 |     0 |   141 |     - |   238M |   0 |1732 |6133 |2057 |6133 |2056 |   0 |   0 |   0 |-7.090000e+02 |      --      |    Inf 
 33.0s|     1 |     0 |  5253 |     - |   238M |   0 |1732 |6133 |2057 |6133 |2056 |   0 |   0 |   0 |-7.090000e+02 |      --      |    Inf 
 33.4s|     1 |     0 |  5253 |     - |   238M |   0 |1732 |6133 |2057 |6133 |2056 |   0 |   0 |   0 |-7.090000e+02 |      --      |    Inf 
 34.2s|     1 |     0 |  5253 |     - |   239M |   0 |1732 |6133 |2059 |6133 |2058 |   0 |   0 |   0 |-7.090000e+02 |      --      |    Inf 
 60.1s|     1 |     2 |  5253 |     - |   240M |   0 |1732 |6133 |2059 |6133 |2058 |   0 |   0 |  13 |-7.090000e+02 |      --      |    Inf 
 1083s|   100 |    95 |357893 |3563.1 |   243M |  29 |1767 |6133 |2142 |6133 |2055 |   0 |  89 | 164 |-7.090000e+02 |      --      |    Inf 
 2417s|   200 |   187 |654840 |3264.8 |   248M |  49 |1770 |6133 |2366 |6133 |2055 |   0 | 314 | 509 |-7.090000e+02 |      --      |    Inf 
 3463s|   300 |   269 |909886 |3025.9 |   253M |  51 |1761 |6133 |2562 |6133 |2055 |   0 | 511 | 773 |-7.090000e+02 |      --      |    Inf 
 4215s|   400 |   363 |  1189k|2968.4 |   255M |  51 |1756 |6133 |2588 |6133 |2055 |   0 | 538 | 802 |-7.090000e+02 |      --      |    Inf 
 5245s|   500 |   437 |  1498k|2992.7 |   257M |  51 |1761 |6133 |2621 |6133 |2055 |   0 | 577 | 991 |-7.090000e+02 |      --      |    Inf 
 6160s|   600 |   521 |  1760k|2930.0 |   257M |  51 |1762 |6133 |2636 |6133 |2055 |   0 | 653 |1132 |-7.090000e+02 |      --      |    Inf 

SCIP Status        : solving was interrupted [time limit reached]
Solving Time (sec) : 7200.03
Solving Nodes      : 693
Primal Bound       : +1.00000000000000e+20 (0 solutions)
Dual Bound         : -7.09000000000000e+02
Gap                : infinite

Number of variables fixed to 0 by isomorphism pruning:	  1129
Number of variables fixed to 1 by isomorphism pruning:	     0
@04 1686582730
