FILENAME:   /home/mcs001/s132664/testsets/IP/miplib2017/s250r10.mps.gz
SETTINGS:   settings_isopr_minimalindexbranching_avoidsubtreenodes
TIMELIMIT:  7200
OUTPUTNAME: final_miplib_symretope_if_extended_generating_set_cpx_v802__settings_isopr_minimalindexbranching_avoidsubtreenodes__0__
BINNAME:    bin/symmetries.linux.x86_64.gnu.opt.cpx
BASENAME:   s250r10.mps.gz
SEED:       0
@01 /home/mcs001/s132664/testsets/IP/miplib2017/s250r10.mps.gz ===========
@02 s250r10.mps.gz
@03 1686559686
SCIP version 8.0.2 [precision: 8 byte] [memory: block] [mode: optimized] [LP solver: CPLEX 20.1.0.0] [GitHash: 5f0473c]
Copyright (C) 2002-2022 Konrad-Zuse-Zentrum fuer Informationstechnik Berlin (ZIB)

Symmetry handling routines - (c) Marc Pfetsch, Thomas Rehn, Christopher Hojny.
[GitHash: a1587cb]


Turned off presolver <gateextraction>.
reading parameter file <../settings/settings_isopr_minimalindexbranching_avoidsubtreenodes.set> ...

Changed settings:
limits/time = 7200
limits/restarts = 0
constraints/orbitope/sepafreq = -1
constraints/orbitope/propfreq = 1
presolving/gateextraction/maxrounds = 0
propagating/isoprune/avoidsubtreenodes = TRUE
useisoprune = TRUE
usebranchfirst = TRUE


solving problem ...

original problem has 273142 variables (273139 bin, 0 int, 0 impl, 3 cont) and 10962 constraints
presolving:
(round 1, fast)       3027 del vars, 2457 del conss, 0 add conss, 773 chg bounds, 6 chg sides, 0 chg coeffs, 0 upgd conss, 0 impls, 3517 clqs
(round 2, fast)       3027 del vars, 2478 del conss, 0 add conss, 773 chg bounds, 6 chg sides, 47 chg coeffs, 0 upgd conss, 0 impls, 3518 clqs
(round 3, exhaustive) 3027 del vars, 2479 del conss, 0 add conss, 773 chg bounds, 6 chg sides, 47 chg coeffs, 3629 upgd conss, 0 impls, 3518 clqs
(round 4, medium)     3204 del vars, 2656 del conss, 0 add conss, 773 chg bounds, 6 chg sides, 47 chg coeffs, 3629 upgd conss, 0 impls, 3511 clqs
(round 5, fast)       3204 del vars, 2755 del conss, 99 add conss, 773 chg bounds, 6 chg sides, 47 chg coeffs, 3629 upgd conss, 0 impls, 3659 clqs
(round 6, medium)     3225 del vars, 2776 del conss, 99 add conss, 773 chg bounds, 6 chg sides, 47 chg coeffs, 3629 upgd conss, 0 impls, 3655 clqs
(round 7, fast)       3225 del vars, 2784 del conss, 107 add conss, 773 chg bounds, 6 chg sides, 47 chg coeffs, 3629 upgd conss, 0 impls, 3671 clqs
(round 8, medium)     3233 del vars, 2792 del conss, 107 add conss, 773 chg bounds, 6 chg sides, 47 chg coeffs, 3629 upgd conss, 0 impls, 3670 clqs
(round 9, medium)     3241 del vars, 2800 del conss, 107 add conss, 773 chg bounds, 6 chg sides, 47 chg coeffs, 3629 upgd conss, 0 impls, 3675 clqs
(round 10, medium)     3248 del vars, 2807 del conss, 107 add conss, 773 chg bounds, 6 chg sides, 47 chg coeffs, 3629 upgd conss, 0 impls, 3679 clqs
(round 11, medium)     3255 del vars, 2814 del conss, 107 add conss, 773 chg bounds, 6 chg sides, 47 chg coeffs, 3629 upgd conss, 0 impls, 3684 clqs
(round 12, medium)     3262 del vars, 2821 del conss, 107 add conss, 773 chg bounds, 6 chg sides, 47 chg coeffs, 3629 upgd conss, 0 impls, 3689 clqs
(round 13, medium)     3269 del vars, 2828 del conss, 107 add conss, 773 chg bounds, 6 chg sides, 47 chg coeffs, 3629 upgd conss, 0 impls, 3694 clqs
(round 14, exhaustive) 3275 del vars, 2834 del conss, 107 add conss, 773 chg bounds, 6 chg sides, 47 chg coeffs, 3736 upgd conss, 0 impls, 3705 clqs
(round 15, medium)     3357 del vars, 2916 del conss, 107 add conss, 773 chg bounds, 6 chg sides, 47 chg coeffs, 3736 upgd conss, 0 impls, 3694 clqs
(round 16, fast)       3357 del vars, 2966 del conss, 157 add conss, 773 chg bounds, 6 chg sides, 47 chg coeffs, 3736 upgd conss, 0 impls, 3761 clqs
(round 17, medium)     3366 del vars, 2975 del conss, 157 add conss, 773 chg bounds, 6 chg sides, 47 chg coeffs, 3736 upgd conss, 0 impls, 3761 clqs
(round 18, medium)     3372 del vars, 2983 del conss, 159 add conss, 773 chg bounds, 6 chg sides, 47 chg coeffs, 3736 upgd conss, 0 impls, 3768 clqs
(round 19, exhaustive) 3377 del vars, 2988 del conss, 159 add conss, 773 chg bounds, 6 chg sides, 47 chg coeffs, 3788 upgd conss, 0 impls, 3776 clqs
(round 20, medium)     3415 del vars, 3026 del conss, 159 add conss, 773 chg bounds, 6 chg sides, 47 chg coeffs, 3788 upgd conss, 0 impls, 3769 clqs
(round 21, fast)       3415 del vars, 3038 del conss, 171 add conss, 773 chg bounds, 6 chg sides, 47 chg coeffs, 3788 upgd conss, 0 impls, 3796 clqs
(round 22, medium)     3427 del vars, 3050 del conss, 171 add conss, 773 chg bounds, 6 chg sides, 47 chg coeffs, 3788 upgd conss, 0 impls, 3792 clqs
(round 23, medium)     3434 del vars, 3059 del conss, 173 add conss, 773 chg bounds, 6 chg sides, 47 chg coeffs, 3788 upgd conss, 0 impls, 3801 clqs
(round 24, medium)     3441 del vars, 3066 del conss, 173 add conss, 773 chg bounds, 6 chg sides, 47 chg coeffs, 3788 upgd conss, 0 impls, 3807 clqs
(round 25, medium)     3448 del vars, 3073 del conss, 173 add conss, 773 chg bounds, 6 chg sides, 47 chg coeffs, 3788 upgd conss, 0 impls, 3811 clqs
(round 26, exhaustive) 3454 del vars, 3079 del conss, 173 add conss, 773 chg bounds, 6 chg sides, 47 chg coeffs, 3802 upgd conss, 0 impls, 3821 clqs
(round 27, medium)     3474 del vars, 3099 del conss, 173 add conss, 773 chg bounds, 6 chg sides, 47 chg coeffs, 3802 upgd conss, 0 impls, 3816 clqs
(round 28, fast)       3474 del vars, 3106 del conss, 180 add conss, 773 chg bounds, 6 chg sides, 47 chg coeffs, 3802 upgd conss, 0 impls, 3830 clqs
(round 29, medium)     3482 del vars, 3114 del conss, 180 add conss, 773 chg bounds, 6 chg sides, 47 chg coeffs, 3802 upgd conss, 0 impls, 3830 clqs
(round 30, medium)     3490 del vars, 3122 del conss, 180 add conss, 773 chg bounds, 6 chg sides, 47 chg coeffs, 3802 upgd conss, 0 impls, 3837 clqs
(round 31, medium)     3498 del vars, 3130 del conss, 180 add conss, 773 chg bounds, 6 chg sides, 47 chg coeffs, 3802 upgd conss, 0 impls, 3842 clqs
(round 32, medium)     3506 del vars, 3138 del conss, 180 add conss, 773 chg bounds, 6 chg sides, 47 chg coeffs, 3802 upgd conss, 0 impls, 3848 clqs
(round 33, medium)     3513 del vars, 3145 del conss, 180 add conss, 773 chg bounds, 6 chg sides, 47 chg coeffs, 3802 upgd conss, 0 impls, 3854 clqs
(round 34, exhaustive) 3518 del vars, 3150 del conss, 180 add conss, 773 chg bounds, 6 chg sides, 47 chg coeffs, 3809 upgd conss, 0 impls, 3863 clqs
(round 35, medium)     3529 del vars, 3161 del conss, 180 add conss, 773 chg bounds, 6 chg sides, 47 chg coeffs, 3809 upgd conss, 0 impls, 3859 clqs
(round 36, medium)     3535 del vars, 3169 del conss, 182 add conss, 773 chg bounds, 6 chg sides, 47 chg coeffs, 3809 upgd conss, 0 impls, 3864 clqs
(round 37, exhaustive) 3538 del vars, 3173 del conss, 183 add conss, 773 chg bounds, 6 chg sides, 47 chg coeffs, 3812 upgd conss, 0 impls, 3869 clqs
(round 38, exhaustive) 3543 del vars, 3179 del conss, 184 add conss, 773 chg bounds, 6 chg sides, 47 chg coeffs, 3812 upgd conss, 0 impls, 3872 clqs
   (109.4s) probing: 1000/269581 (0.4%) - 0 fixings, 0 aggregations, 7176910 implications, 0 bound changes
   (109.4s) probing: 1001/269581 (0.4%) - 0 fixings, 0 aggregations, 7180000 implications, 0 bound changes
   (109.4s) probing aborted: 1000/1000 successive useless probings
Required symmetry:			(1 bin, 0 int, 0 cont); (fixed: 0 bin, 1 int, 0 cont)
Time for symmetry detection:		1.70 	(matrix graph, 293511 nodes, 2409024 edges)
Number of generators:			9 	(max: 237)
Order of symmetry group:		1728
Log10 of symmetry group order:		3.2
Number of vars moved by some symmetry:	39881
Total time for symmetry detection:	1.86

Turned off presolver <domcol>.
Turned off presolver <components>.

presolving (39 rounds: 39 fast, 32 medium, 8 exhaustive):
 3558 deleted vars, 3182 deleted constraints, 184 added constraints, 773 tightened bounds, 0 added holes, 6 changed sides, 47 changed coefficients
 0 implications, 1088127 cliques
presolved problem has 269584 variables (269581 bin, 0 int, 3 impl, 0 cont) and 7965 constraints
     12 constraints of type <knapsack>
   2997 constraints of type <setppc>
   4854 constraints of type <linear>
    101 constraints of type <logicor>
      1 constraints of type <symmetries>
Presolving Time: 110.32

 time | node  | left  |LP iter|LP it/n|mem/heur|mdpt |frac |vars |cons |cols |rows |cuts |confs|strbr|  dualbound   | primalbound  |  gap   
  177s|     1 |     0 | 70026 |     - |  2557M |   0 | 238 | 269k|8016 | 269k|7964 |   0 |  51 |   0 |-1.726770e-01 |      --      |    Inf 
o 192s|     1 |     0 | 73054 |     - |feaspump|   0 |   0 | 269k|8016 | 269k|7964 |   0 |  51 |   0 |-1.726770e-01 |-1.697564e-01 |   1.72%
  230s|     1 |     0 | 73054 |     - |  2609M |   0 | 238 | 269k|6818 | 269k|7964 |   0 |  51 |   0 |-1.726770e-01 |-1.697564e-01 |   1.72%
  240s|     1 |     2 | 73054 |     - |  2583M |   0 | 238 | 269k|6818 | 269k|7964 |   0 |  51 |   0 |-1.726770e-01 |-1.697564e-01 |   1.72%
d 443s|    21 |    22 |102981 |1496.3 |linesear|   9 |   - | 269k|6838 | 269k|7964 |   0 |  71 |   0 |-1.726582e-01 |-1.698140e-01 |   1.67%
d 617s|    39 |    40 |128542 |1460.2 |fracdivi|  11 |   - | 269k|6906 | 269k|7964 |   0 | 139 |   0 |-1.726582e-01 |-1.716645e-01 |   0.58%
o 811s|    74 |    75 |133501 | 828.0 |objpscos|  19 |   0 | 269k|6957 | 269k|7964 |   0 | 190 |   0 |-1.726582e-01 |-1.717146e-01 |   0.55%
  916s|   100 |    83 |139274 | 668.9 |  2717M |  22 |   - | 269k|6975 | 269k|7964 |   0 | 208 |   0 |-1.726582e-01 |-1.717146e-01 |   0.55%
 1541s|   200 |   165 |158328 | 428.5 |  2796M |  24 |   - | 269k|7195 | 269k|7964 |   0 | 451 |   0 |-1.726582e-01 |-1.717146e-01 |   0.55%
 2336s|   300 |   237 |177064 | 347.9 |  2861M |  24 | 234 | 269k|7340 | 269k|7964 |   0 | 640 |   0 |-1.726582e-01 |-1.717146e-01 |   0.55%
 3256s|   400 |   299 |197530 | 312.0 |  2885M |  25 | 236 | 269k|7423 | 269k|7964 |   0 | 783 |   0 |-1.726582e-01 |-1.717146e-01 |   0.55%
 4137s|   500 |   333 |212295 | 279.0 |  2912M |  28 |   - | 269k|7446 | 269k|7964 |   0 | 874 |   0 |-1.726582e-01 |-1.717146e-01 |   0.55%
 4960s|   600 |   399 |229709 | 261.5 |  2946M |  28 |  75 | 269k|7454 | 269k|7964 |   0 |1067 |   0 |-1.726582e-01 |-1.717146e-01 |   0.55%
 6287s|   700 |   479 |253803 | 258.6 |  3004M |  28 | 256 | 269k|7529 | 269k|7964 |   0 |1317 |   0 |-1.726582e-01 |-1.717146e-01 |   0.55%
 7128s|   800 |   525 |271716 | 248.6 |  3041M |  28 | 228 | 269k|7424 | 269k|7964 |   0 |1376 |   0 |-1.726582e-01 |-1.717146e-01 |   0.55%

SCIP Status        : solving was interrupted [time limit reached]
Solving Time (sec) : 7201.50
Solving Nodes      : 817
Primal Bound       : -1.71714640690734e-01 (18 solutions)
Dual Bound         : -1.72658150109788e-01
Gap                : 0.55 %

Number of variables fixed to 0 by isomorphism pruning:	 17723
Number of variables fixed to 1 by isomorphism pruning:	     0
@04 1686567239
