FILENAME:   /home/mcs001/s132664/testsets/IP/miplib2010/pb-simp-nonunif.mps.gz
SETTINGS:   settings_isopr_ostrowskidynamicbranching_avoidsubtreenodes
TIMELIMIT:  7200
OUTPUTNAME: final_miplib_symretope_if_extended_generating_set_cpx_v802__settings_isopr_ostrowskidynamicbranching_avoidsubtreenodes__3__
BINNAME:    bin/symmetries.linux.x86_64.gnu.opt.cpx
BASENAME:   pb-simp-nonunif.mps.gz
SEED:       3
@01 /home/mcs001/s132664/testsets/IP/miplib2010/pb-simp-nonunif.mps.gz ===========
@02 pb-simp-nonunif.mps.gz
@03 1686581177
SCIP version 8.0.2 [precision: 8 byte] [memory: block] [mode: optimized] [LP solver: CPLEX 20.1.0.0] [GitHash: 5f0473c]
Copyright (C) 2002-2022 Konrad-Zuse-Zentrum fuer Informationstechnik Berlin (ZIB)

Symmetry handling routines - (c) Marc Pfetsch, Thomas Rehn, Christopher Hojny.
[GitHash: a1587cb]


Turned off presolver <gateextraction>.
reading parameter file <../settings/settings_isopr_ostrowskidynamicbranching_avoidsubtreenodes.set> ...

Changed settings:
limits/time = 7200
limits/restarts = 0
randomization/randomseedshift = 3
constraints/orbitope/sepafreq = -1
constraints/orbitope/propfreq = 1
presolving/gateextraction/maxrounds = 0
propagating/isoprune/avoidsubtreenodes = TRUE
useisoprune = TRUE


solving problem ...

original problem has 23848 variables (23848 bin, 0 int, 0 impl, 0 cont) and 1451912 constraints
presolving:
(round 1, fast)       12038 del vars, 1321736 del conss, 0 add conss, 11594 chg bounds, 438 chg sides, 876 chg coeffs, 0 upgd conss, 0 impls, 83392 clqs
(round 2, fast)       12051 del vars, 1328381 del conss, 0 add conss, 11594 chg bounds, 440 chg sides, 880 chg coeffs, 0 upgd conss, 0 impls, 83384 clqs
(round 3, medium)     12073 del vars, 1328381 del conss, 0 add conss, 11594 chg bounds, 440 chg sides, 880 chg coeffs, 0 upgd conss, 0 impls, 83072 clqs
(round 4, fast)       12073 del vars, 1328693 del conss, 0 add conss, 11594 chg bounds, 440 chg sides, 880 chg coeffs, 0 upgd conss, 0 impls, 83072 clqs
(round 5, exhaustive) 12073 del vars, 1328693 del conss, 0 add conss, 11594 chg bounds, 440 chg sides, 880 chg coeffs, 123219 upgd conss, 0 impls, 83072 clqs
(round 6, exhaustive) 12098 del vars, 1328693 del conss, 0 add conss, 11594 chg bounds, 440 chg sides, 886 chg coeffs, 123219 upgd conss, 0 impls, 82798 clqs
(round 7, fast)       12104 del vars, 1329011 del conss, 0 add conss, 11594 chg bounds, 440 chg sides, 911 chg coeffs, 123219 upgd conss, 0 impls, 82785 clqs
(round 8, exhaustive) 12129 del vars, 1329011 del conss, 0 add conss, 11594 chg bounds, 440 chg sides, 911 chg coeffs, 123219 upgd conss, 0 impls, 82579 clqs
(round 9, fast)       12129 del vars, 1329223 del conss, 0 add conss, 11594 chg bounds, 440 chg sides, 935 chg coeffs, 123219 upgd conss, 0 impls, 82579 clqs
   (21.5s) probing: 485/11775 (4.1%) - 60 fixings, 0 aggregations, 64 implications, 0 bound changes
   (21.5s) probing aborted: 50/50 successive totally useless probings
(round 10, exhaustive) 12139 del vars, 1329223 del conss, 0 add conss, 11594 chg bounds, 440 chg sides, 935 chg coeffs, 123219 upgd conss, 0 impls, 82563 clqs
   (22.6s) probing: 490/11775 (4.2%) - 60 fixings, 0 aggregations, 64 implications, 0 bound changes
   (22.6s) probing aborted: 50/50 successive totally useless probings
Required symmetry:			(1 bin, 0 int, 0 cont); (fixed: 0 bin, 1 int, 0 cont)
Time for symmetry detection:		0.47 	(matrix graph, 157607 nodes, 592436 edges)
Number of generators:			139 	(max: 1500)
Log10 of symmetry group order:		41.8
Number of vars moved by some symmetry:	278
Total time for symmetry detection:	0.53

Turned off presolver <domcol>.
Turned off presolver <components>.

presolving (11 rounds: 11 fast, 6 medium, 5 exhaustive):
 12139 deleted vars, 1329269 deleted constraints, 0 added constraints, 11594 tightened bounds, 0 added holes, 440 changed sides, 944 changed coefficients
 0 implications, 82563 cliques
presolved problem has 11709 variables (11709 bin, 0 int, 0 impl, 0 cont) and 122644 constraints
  82496 constraints of type <setppc>
  40147 constraints of type <logicor>
      1 constraints of type <symmetries>
transformed objective value is always integral (scale: 1)
Presolving Time: 20.28

 time | node  | left  |LP iter|LP it/n|mem/heur|mdpt |frac |vars |cons |cols |rows |cuts |confs|strbr|  dualbound   | primalbound  |  gap   
t23.3s|     1 |     0 |     0 |     - | trivial|   0 |   - |  11k| 122k|   0 |   0 |   0 |   0 |   0 | 8.000000e+00 | 1.710000e+02 |2037.50%
p25.1s|     1 |     0 |  3492 |     - | vbounds|   0 |   - |  11k| 122k|  11k| 122k|   0 |   0 |   0 | 8.000000e+00 | 9.400000e+01 |1075.00%
p25.6s|     1 |     0 |  3492 |     - | vbounds|   0 |   - |  11k| 122k|  11k| 122k|   0 |   2 |   0 | 8.000000e+00 | 9.000000e+01 |1025.00%
 30.1s|     1 |     0 | 18595 |     - |  1314M |   0 |  11k|  11k| 122k|  11k| 122k|   0 |  32 |   0 | 1.000000e+01 | 9.000000e+01 | 800.00%
  151s|     1 |     2 | 28595 |     - |  1349M |   0 |  11k|  11k| 122k|  11k| 122k|   0 |  33 |  19 | 1.100000e+01 | 9.000000e+01 | 718.18%
  622s|   100 |   101 |142203 |1283.8 |  1385M |  72 |5323 |  11k| 122k|  11k| 122k|   0 | 203 |  19 | 1.100000e+01 | 9.000000e+01 | 718.18%
  961s|   200 |   201 |152498 | 690.4 |  1389M | 172 | 613 |  11k| 122k|  11k| 122k|   0 | 203 | 695 | 1.100000e+01 | 9.000000e+01 | 718.18%
 1154s|   300 |   301 |153425 | 462.6 |  1404M | 261 | 428 |  11k| 122k|  11k| 122k|   0 | 253 | 695 | 1.100000e+01 | 9.000000e+01 | 718.18%
r1160s|   353 |   344 |153924 | 394.4 |shifting| 273 |   - |  11k| 122k|  11k| 122k|   0 | 273 | 695 | 1.100000e+01 | 8.900000e+01 | 709.09%
 1164s|   400 |   364 |154483 | 349.3 |  1424M | 273 | 296 |  11k| 122k|  11k| 122k|   0 | 312 | 695 | 1.100000e+01 | 8.900000e+01 | 709.09%
*1166s|   416 |   372 |154817 | 336.7 |    LP  | 273 |   - |  11k| 122k|  11k| 122k|   0 | 313 | 695 | 1.100000e+01 | 8.800000e+01 | 700.00%
 1192s|   500 |   414 |160745 | 291.9 |  1426M | 273 |8311 |  11k| 122k|  11k| 122k|   0 | 323 | 706 | 1.100000e+01 | 8.800000e+01 | 700.00%
r1216s|   561 |   433 |169021 | 274.9 |shifting| 273 |   - |  11k| 122k|  11k| 122k|   0 | 355 | 737 | 1.100000e+01 | 8.700000e+01 | 690.91%
r1223s|   589 |   406 |169672 | 262.9 |ziroundi| 273 |   - |  11k| 122k|  11k| 122k|   0 | 418 | 748 | 1.100000e+01 | 8.600000e+01 | 681.82%
 1231s|   600 |   415 |172206 | 262.3 |  1475M | 273 |9862 |  11k| 122k|  11k| 122k|   0 | 419 | 748 | 1.200000e+01 | 8.600000e+01 | 616.67%
 time | node  | left  |LP iter|LP it/n|mem/heur|mdpt |frac |vars |cons |cols |rows |cuts |confs|strbr|  dualbound   | primalbound  |  gap   
 1299s|   700 |   493 |200725 | 265.6 |  1505M | 273 |9129 |  11k| 122k|  11k| 122k|   0 | 516 | 812 | 1.200000e+01 | 8.600000e+01 | 616.67%
 1369s|   800 |   506 |214713 | 249.8 |  1543M | 273 |   - |  11k| 123k|  11k| 122k|   0 | 927 | 925 | 1.200000e+01 | 8.600000e+01 | 616.67%
 1412s|   900 |   555 |227225 | 236.0 |  1550M | 273 |  10k|  11k| 123k|  11k| 122k|   0 |1129 | 972 | 1.200000e+01 | 8.600000e+01 | 616.67%
 1452s|  1000 |   579 |236499 | 221.6 |  1563M | 273 |   - |  11k| 123k|   0 |   0 |   0 |1500 |1079 | 1.200000e+01 | 8.600000e+01 | 616.67%
 1527s|  1100 |   629 |265357 | 227.7 |  1572M | 273 |   - |  11k| 123k|   0 |   0 |   0 |1759 |1197 | 1.200000e+01 | 8.600000e+01 | 616.67%
 1597s|  1200 |   687 |281784 | 222.4 |  1583M | 273 | 351 |  11k| 123k|  11k| 122k|   0 |2246 |1374 | 1.300000e+01 | 8.600000e+01 | 561.54%
 1661s|  1300 |   729 |298292 | 218.0 |  1602M | 273 | 345 |  11k| 123k|  11k| 122k|   0 |3352 |1608 | 1.300000e+01 | 8.600000e+01 | 561.54%
 1704s|  1400 |   783 |312194 | 212.4 |  1609M | 273 |9218 |  11k| 123k|  11k| 122k|   0 |3789 |1685 | 1.300000e+01 | 8.600000e+01 | 561.54%
 1754s|  1500 |   826 |328518 | 209.1 |  1627M | 273 | 368 |  11k| 123k|  11k| 122k|   0 |4418 |1814 | 1.300000e+01 | 8.600000e+01 | 561.54%
 1780s|  1600 |   865 |340191 | 203.3 |  1630M | 273 |   - |  11k| 123k|  11k| 122k|   0 |4600 |1825 | 1.300000e+01 | 8.600000e+01 | 561.54%
 1800s|  1700 |   903 |345282 | 194.3 |  1632M | 273 |   - |  11k| 123k|   0 |   0 |   0 |4727 |1825 | 1.300000e+01 | 8.600000e+01 | 561.54%
 1819s|  1800 |   943 |350908 | 186.7 |  1635M | 273 | 312 |  11k| 123k|  11k| 122k|   0 |4824 |1827 | 1.300000e+01 | 8.600000e+01 | 561.54%
 1839s|  1900 |   983 |355968 | 179.5 |  1637M | 273 | 317 |  11k| 123k|  11k| 122k|   0 |4934 |1833 | 1.300000e+01 | 8.600000e+01 | 561.54%
 1880s|  2000 |  1021 |374175 | 179.6 |  1639M | 273 | 348 |  11k| 123k|  11k| 122k|   0 |5082 |1836 | 1.300000e+01 | 8.600000e+01 | 561.54%
 1898s|  2100 |  1032 |376730 | 172.3 |  1639M | 273 |   - |  11k| 123k|  11k| 122k|   0 |5168 |1839 | 1.300000e+01 | 8.600000e+01 | 561.54%
 time | node  | left  |LP iter|LP it/n|mem/heur|mdpt |frac |vars |cons |cols |rows |cuts |confs|strbr|  dualbound   | primalbound  |  gap   
 3253s|  2200 |  1094 |405143 | 177.4 |  1642M | 273 | 317 |  11k| 123k|  11k| 122k|   0 |5289 |1839 | 1.300000e+01 | 8.600000e+01 | 561.54%
 3283s|  2300 |  1115 |416421 | 174.6 |  1644M | 273 | 422 |  11k| 123k|  11k| 122k|   0 |5433 |1839 | 1.300000e+01 | 8.600000e+01 | 561.54%
 3313s|  2400 |  1167 |426623 | 171.5 |  1647M | 273 |8109 |  11k| 123k|  11k| 122k|   0 |5510 |1839 | 1.300000e+01 | 8.600000e+01 | 561.54%
 3341s|  2500 |  1217 |432426 | 167.0 |  1650M | 273 | 325 |  11k| 123k|  11k| 122k|   0 |5679 |1896 | 1.300000e+01 | 8.600000e+01 | 561.54%
 3361s|  2600 |  1252 |438722 | 163.0 |  1652M | 273 | 290 |  11k| 123k|  11k| 122k|   0 |5808 |1899 | 1.300000e+01 | 8.600000e+01 | 561.54%
 3404s|  2700 |  1292 |458476 | 164.3 |  1655M | 273 | 340 |  11k| 123k|  11k| 122k|   0 |5938 |1899 | 1.300000e+01 | 8.600000e+01 | 561.54%
 3435s|  2800 |  1317 |473047 | 163.6 |  1658M | 273 |8984 |  11k| 123k|  11k| 122k|   0 |6040 |1899 | 1.300000e+01 | 8.600000e+01 | 561.54%
 3473s|  2900 |  1361 |487558 | 163.0 |  1660M | 273 |9109 |  11k| 123k|  11k| 122k|   0 |6164 |1907 | 1.300000e+01 | 8.600000e+01 | 561.54%
 3508s|  3000 |  1421 |504428 | 163.2 |  1662M | 273 | 374 |  11k| 123k|  11k| 122k|   0 |6361 |1943 | 1.300000e+01 | 8.600000e+01 | 561.54%
 3564s|  3100 |  1486 |520291 | 163.0 |  1666M | 273 | 529 |  11k| 123k|  11k| 122k|   0 |6519 |2026 | 1.300000e+01 | 8.600000e+01 | 561.54%
*3591s|  3129 |  1499 |520648 | 161.6 |strongbr| 273 |   - |  11k| 123k|  11k| 122k|   0 |6568 |2144 | 1.300000e+01 | 8.500000e+01 | 553.85%
 3634s|  3200 |  1560 |537808 | 163.4 |  1669M | 273 |8445 |  11k| 123k|  11k| 122k|   0 |6571 |2145 | 1.300000e+01 | 8.500000e+01 | 553.85%
*3665s|  3253 |  1534 |540415 | 161.5 |    LP  | 273 |   - |  11k| 123k|  11k| 122k|   0 |6611 |2263 | 1.300000e+01 | 8.400000e+01 | 546.15%
 3703s|  3300 |  1540 |541829 | 159.7 |  1674M | 273 | 444 |  11k| 123k|  11k| 122k|   0 |6953 |2431 | 1.300000e+01 | 8.400000e+01 | 546.15%
 3789s|  3400 |  1588 |567573 | 162.5 |  1679M | 273 |   - |  11k| 123k|   0 |   0 |   0 |7359 |2520 | 1.300000e+01 | 8.400000e+01 | 546.15%
 time | node  | left  |LP iter|LP it/n|mem/heur|mdpt |frac |vars |cons |cols |rows |cuts |confs|strbr|  dualbound   | primalbound  |  gap   
 3812s|  3500 |  1617 |573662 | 159.6 |  1681M | 273 | 376 |  11k| 123k|  11k| 122k|   0 |7623 |2546 | 1.300000e+01 | 8.400000e+01 | 546.15%
 3835s|  3600 |  1612 |580264 | 157.0 |  1684M | 273 |9105 |  11k| 123k|  11k| 122k|   0 |7936 |2566 | 1.300000e+01 | 8.400000e+01 | 546.15%
 3878s|  3700 |  1657 |601062 | 158.4 |  1687M | 273 | 362 |  11k| 123k|  11k| 122k|   0 |8184 |2653 | 1.300000e+01 | 8.400000e+01 | 546.15%
 3917s|  3800 |  1691 |606102 | 155.6 |  1691M | 273 |7578 |  11k| 123k|  11k| 122k|   0 |8733 |2770 | 1.300000e+01 | 8.400000e+01 | 546.15%
 4787s|  3900 |  1747 |628677 | 157.4 |  1694M | 273 | 340 |  11k| 123k|  11k| 122k|   0 |8970 |2838 | 1.300000e+01 | 8.400000e+01 | 546.15%
 4829s|  4000 |  1814 |637518 | 155.6 |  1698M | 273 |   - |  11k| 123k|  11k| 122k|   0 |9131 |2918 | 1.300000e+01 | 8.400000e+01 | 546.15%
 4879s|  4100 |  1853 |649552 | 154.8 |  1699M | 273 |9924 |  11k| 123k|  11k| 122k|   0 |9405 |2990 | 1.300000e+01 | 8.400000e+01 | 546.15%
 4912s|  4200 |  1920 |659244 | 153.4 |  1701M | 273 |8144 |  11k| 123k|  11k| 122k|   0 |9523 |3001 | 1.300000e+01 | 8.400000e+01 | 546.15%
 4953s|  4300 |  1930 |678598 | 154.3 |  1706M | 273 |7651 |  11k| 123k|  11k| 122k|   0 |9715 |3005 | 1.300000e+01 | 8.400000e+01 | 546.15%
 5040s|  4400 |  1894 |703085 | 156.4 |  1707M | 273 | 532 |  11k| 123k|  11k| 122k|   0 |9832 |3126 | 1.300000e+01 | 8.400000e+01 | 546.15%
 5074s|  4500 |  1903 |707567 | 153.9 |  1709M | 273 | 419 |  11k| 123k|  11k| 122k|   0 |  10k|3210 | 1.300000e+01 | 8.400000e+01 | 546.15%
 5108s|  4600 |  1934 |720947 | 153.5 |  1710M | 273 |8800 |  11k| 123k|  11k| 122k|   0 |  10k|3236 | 1.300000e+01 | 8.400000e+01 | 546.15%
 5134s|  4700 |  1976 |729286 | 152.0 |  1711M | 273 |   - |  11k| 123k|   0 |   0 |   0 |  10k|3255 | 1.300000e+01 | 8.400000e+01 | 546.15%
 5182s|  4800 |  2035 |746466 | 152.4 |  1716M | 273 | 421 |  11k| 123k|  11k| 122k|   0 |  10k|3294 | 1.300000e+01 | 8.400000e+01 | 546.15%
 5204s|  4900 |  2051 |754645 | 151.0 |  1717M | 273 |7871 |  11k| 123k|  11k| 122k|   0 |  11k|3295 | 1.300000e+01 | 8.400000e+01 | 546.15%
 time | node  | left  |LP iter|LP it/n|mem/heur|mdpt |frac |vars |cons |cols |rows |cuts |confs|strbr|  dualbound   | primalbound  |  gap   
 5237s|  5000 |  2095 |765514 | 150.1 |  1718M | 273 |   - |  11k| 123k|   0 |   0 |   0 |  11k|3298 | 1.300000e+01 | 8.400000e+01 | 546.15%
 5277s|  5100 |  2111 |773911 | 148.8 |  1720M | 273 |8327 |  11k| 123k|  11k| 122k|   0 |  11k|3340 | 1.300000e+01 | 8.400000e+01 | 546.15%
 5322s|  5200 |  2159 |791006 | 149.2 |  1722M | 273 | 475 |  11k| 123k|  11k| 122k|   0 |  11k|3353 | 1.300000e+01 | 8.400000e+01 | 546.15%
 5355s|  5300 |  2192 |798022 | 147.7 |  1724M | 273 |8544 |  11k| 123k|  11k| 122k|   0 |  11k|3375 | 1.300000e+01 | 8.400000e+01 | 546.15%
 6309s|  5400 |  2253 |820874 | 149.2 |  1728M | 273 |8067 |  11k| 123k|  11k| 122k|   0 |  11k|3375 | 1.300000e+01 | 8.400000e+01 | 546.15%
 6344s|  5500 |  2297 |837626 | 149.6 |  1729M | 273 |8583 |  11k| 123k|  11k| 122k|   0 |  11k|3387 | 1.300000e+01 | 8.400000e+01 | 546.15%
 6383s|  5600 |  2355 |851735 | 149.4 |  1733M | 273 | 456 |  11k| 123k|  11k| 122k|   0 |  11k|3429 | 1.300000e+01 | 8.400000e+01 | 546.15%
 6404s|  5700 |  2373 |856282 | 147.6 |  1734M | 273 | 455 |  11k| 123k|  11k| 122k|   0 |  11k|3439 | 1.300000e+01 | 8.400000e+01 | 546.15%
 6433s|  5800 |  2401 |867170 | 146.9 |  1736M | 273 | 442 |  11k| 123k|  11k| 122k|   0 |  11k|3440 | 1.300000e+01 | 8.400000e+01 | 546.15%
 6475s|  5900 |  2441 |878253 | 146.3 |  1737M | 273 |8765 |  11k| 123k|  11k| 122k|   0 |  11k|3517 | 1.300000e+01 | 8.400000e+01 | 546.15%
 6521s|  6000 |  2513 |900410 | 147.6 |  1741M | 273 |   - |  11k| 123k|  11k| 122k|   0 |  12k|3517 | 1.300000e+01 | 8.400000e+01 | 546.15%
 6546s|  6100 |  2524 |905807 | 146.0 |  1741M | 273 |7607 |  11k| 123k|  11k| 122k|   0 |  12k|3545 | 1.300000e+01 | 8.400000e+01 | 546.15%
 6588s|  6200 |  2573 |919822 | 145.9 |  1743M | 273 |   - |  11k| 123k|  11k| 122k|   0 |  12k|3545 | 1.300000e+01 | 8.400000e+01 | 546.15%
 6611s|  6300 |  2608 |925972 | 144.6 |  1745M | 273 |8103 |  11k| 123k|  11k| 122k|   0 |  12k|3551 | 1.300000e+01 | 8.400000e+01 | 546.15%
 6641s|  6400 |  2675 |939796 | 144.5 |  1747M | 273 |7098 |  11k| 123k|  11k| 122k|   0 |  12k|3551 | 1.300000e+01 | 8.400000e+01 | 546.15%
 time | node  | left  |LP iter|LP it/n|mem/heur|mdpt |frac |vars |cons |cols |rows |cuts |confs|strbr|  dualbound   | primalbound  |  gap   
 6663s|  6500 |  2735 |948841 | 143.7 |  1752M | 273 |   - |  11k| 123k|   0 |   0 |   0 |  12k|3551 | 1.300000e+01 | 8.400000e+01 | 546.15%
 6705s|  6600 |  2814 |970358 | 144.8 |  1757M | 273 | 503 |  11k| 123k|  11k| 122k|   0 |  12k|3551 | 1.300000e+01 | 8.400000e+01 | 546.15%
 6818s|  6700 |  2872 |980083 | 144.0 |  1763M | 273 | 489 |  11k| 123k|  11k| 122k|   0 |  13k|3900 | 1.300000e+01 | 8.400000e+01 | 546.15%
 6914s|  6800 |  2920 |986532 | 142.9 |  1769M | 273 |   - |  11k| 123k|   0 |   0 |   0 |  13k|4109 | 1.300000e+01 | 8.400000e+01 | 546.15%
 6944s|  6900 |  2966 |994347 | 141.9 |  1771M | 273 | 526 |  11k| 123k|  11k| 122k|   0 |  13k|4131 | 1.300000e+01 | 8.400000e+01 | 546.15%

SCIP Status        : solving was interrupted [time limit reached]
Solving Time (sec) : 7200.01
Solving Nodes      : 6968
Primal Bound       : +8.40000000000000e+01 (28 solutions)
Dual Bound         : +1.30000000000000e+01
Gap                : 546.15 %

Number of variables fixed to 0 by isomorphism pruning:	     0
Number of variables fixed to 1 by isomorphism pruning:	     0
@04 1686588386
