FILENAME:   /home/mcs001/s132664/testsets/IP/miplib2017/neos-3755335-nizao.mps.gz
SETTINGS:   settings_isopr_minimalindexbranching_avoidsubtreenodes
TIMELIMIT:  7200
OUTPUTNAME: final_miplib_symretope_if_extended_generating_set_cpx_v802__settings_isopr_minimalindexbranching_avoidsubtreenodes__0__
BINNAME:    bin/symmetries.linux.x86_64.gnu.opt.cpx
BASENAME:   neos-3755335-nizao.mps.gz
SEED:       0
@01 /home/mcs001/s132664/testsets/IP/miplib2017/neos-3755335-nizao.mps.gz ===========
@02 neos-3755335-nizao.mps.gz
@03 1686559623
SCIP version 8.0.2 [precision: 8 byte] [memory: block] [mode: optimized] [LP solver: CPLEX 20.1.0.0] [GitHash: 5f0473c]
Copyright (C) 2002-2022 Konrad-Zuse-Zentrum fuer Informationstechnik Berlin (ZIB)

Symmetry handling routines - (c) Marc Pfetsch, Thomas Rehn, Christopher Hojny.
[GitHash: a1587cb]


Turned off presolver <gateextraction>.
reading parameter file <../settings/settings_isopr_minimalindexbranching_avoidsubtreenodes.set> ...

Changed settings:
limits/time = 7200
limits/restarts = 0
constraints/orbitope/sepafreq = -1
constraints/orbitope/propfreq = 1
presolving/gateextraction/maxrounds = 0
propagating/isoprune/avoidsubtreenodes = TRUE
useisoprune = TRUE
usebranchfirst = TRUE


solving problem ...

original problem has 40938 variables (5226 bin, 0 int, 0 impl, 35712 cont) and 111026 constraints
presolving:
(round 1, exhaustive) 0 del vars, 0 del conss, 0 add conss, 0 chg bounds, 18 chg sides, 252 chg coeffs, 72104 upgd conss, 0 impls, 428 clqs
   (14.7s) probing: 1000/5226 (19.1%) - 0 fixings, 0 aggregations, 843918 implications, 0 bound changes
   (14.7s) probing: 1001/5226 (19.2%) - 0 fixings, 0 aggregations, 846593 implications, 0 bound changes
   (14.7s) probing aborted: 1000/1000 successive useless probings
Required symmetry:			(1 bin, 0 int, 0 cont); (fixed: 0 bin, 1 int, 0 cont)
Time for symmetry detection:		1.64 	(matrix graph, 270962 nodes, 1095672 edges)
Number of generators:			12 	(max: 1500)
Order of symmetry group:		18432
Log10 of symmetry group order:		4.3
Number of vars moved by some symmetry:	27950
Total time for symmetry detection:	1.67

Turned off presolver <domcol>.
Turned off presolver <components>.

presolving (2 rounds: 2 fast, 2 medium, 2 exhaustive):
 0 deleted vars, 12 deleted constraints, 48 added constraints, 0 tightened bounds, 0 added holes, 18 changed sides, 258 changed coefficients
 894213 implications, 24232 cliques
presolved problem has 40938 variables (5226 bin, 0 int, 0 impl, 35712 cont) and 111063 constraints
  71424 constraints of type <varbound>
     54 constraints of type <knapsack>
    428 constraints of type <setppc>
  38922 constraints of type <linear>
    234 constraints of type <logicor>
      1 constraints of type <symmetries>
Presolving Time: 16.18

 time | node  | left  |LP iter|LP it/n|mem/heur|mdpt |frac |vars |cons |cols |rows |cuts |confs|strbr|  dualbound   | primalbound  |  gap   
 19.0s|     1 |     0 |   801 |     - |   607M |   0 | 812 |  40k| 111k|  40k| 111k|   0 |  20 |   0 | 5.003016e+01 |      --      |    Inf 
 24.9s|     1 |     2 |  3693 |     - |   632M |   0 | 812 |  40k| 111k|  40k| 111k|   0 |  21 |   0 | 5.003016e+01 |      --      |    Inf 
  207s|   100 |   101 |  4643 |   9.6 |   640M |  99 | 155 |  40k| 111k|  40k| 111k|   0 |  21 |   0 | 5.003016e+01 |      --      |    Inf 
  679s|   200 |   190 |  7076 |  17.0 |   647M | 169 |  97 |  40k| 111k|  40k| 111k|   0 |  74 |   0 | 5.003016e+01 |      --      |    Inf 
 1222s|   300 |   278 | 11010 |  24.5 |   653M | 169 |  87 |  40k| 111k|  40k| 111k|   0 | 166 |   0 | 5.003016e+01 |      --      |    Inf 
 1645s|   400 |   372 | 16997 |  33.3 |   662M | 169 |   - |  40k| 111k|   0 |   0 |   0 | 273 |   0 | 5.003016e+01 |      --      |    Inf 
d1913s|   466 |   349 | 19311 |  33.6 |veclendi| 169 |   - |  40k| 111k|  40k| 111k|   0 | 282 |   0 | 5.003016e+01 | 5.376540e+01 |   7.47%
 2001s|   500 |   383 | 19873 |  32.4 |   667M | 169 |  86 |  40k| 111k|  40k| 111k|   0 | 282 |   0 | 5.003016e+01 | 5.376540e+01 |   7.47%
r2011s|   504 |     0 | 19930 |  32.3 |shifting| 169 | 103 |  40k| 111k|  40k| 111k|   0 | 282 |   0 | 5.003016e+01 | 5.003016e+01 |   0.00%

SCIP Status        : problem is solved [optimal solution found]
Solving Time (sec) : 2011.28
Solving Nodes      : 504
Primal Bound       : +5.00301565326000e+01 (2 solutions)
Dual Bound         : +5.00301565326000e+01
Gap                : 0.00 %

Number of variables fixed to 0 by isomorphism pruning:	   213
Number of variables fixed to 1 by isomorphism pruning:	     0
@04 1686561635
