FILENAME:   /home/mcs001/s132664/testsets/IP/miplib2017/neos-2746589-doon.mps.gz
SETTINGS:   settings_isopr_ostrowskidynamicbranching_avoidsubtreenodes
TIMELIMIT:  7200
OUTPUTNAME: final_miplib_symretope_if_extended_generating_set_cpx_v802__settings_isopr_ostrowskidynamicbranching_avoidsubtreenodes__4__
BINNAME:    bin/symmetries.linux.x86_64.gnu.opt.cpx
BASENAME:   neos-2746589-doon.mps.gz
SEED:       4
@01 /home/mcs001/s132664/testsets/IP/miplib2017/neos-2746589-doon.mps.gz ===========
@02 neos-2746589-doon.mps.gz
@03 1686581457
SCIP version 8.0.2 [precision: 8 byte] [memory: block] [mode: optimized] [LP solver: CPLEX 20.1.0.0] [GitHash: 5f0473c]
Copyright (C) 2002-2022 Konrad-Zuse-Zentrum fuer Informationstechnik Berlin (ZIB)

Symmetry handling routines - (c) Marc Pfetsch, Thomas Rehn, Christopher Hojny.
[GitHash: a1587cb]


Turned off presolver <gateextraction>.
reading parameter file <../settings/settings_isopr_ostrowskidynamicbranching_avoidsubtreenodes.set> ...

Changed settings:
limits/time = 7200
limits/restarts = 0
randomization/randomseedshift = 4
constraints/orbitope/sepafreq = -1
constraints/orbitope/propfreq = 1
presolving/gateextraction/maxrounds = 0
propagating/isoprune/avoidsubtreenodes = TRUE
useisoprune = TRUE


solving problem ...

original problem has 50936 variables (50704 bin, 224 int, 0 impl, 8 cont) and 31530 constraints
presolving:
(round 1, fast)       8408 del vars, 10868 del conss, 8 add conss, 12 chg bounds, 12472 chg sides, 12472 chg coeffs, 0 upgd conss, 0 impls, 2390 clqs
(round 2, exhaustive) 8408 del vars, 10950 del conss, 8 add conss, 236 chg bounds, 12480 chg sides, 12472 chg coeffs, 0 upgd conss, 0 impls, 2390 clqs
(round 3, fast)       8408 del vars, 10988 del conss, 8 add conss, 236 chg bounds, 25138 chg sides, 25130 chg coeffs, 0 upgd conss, 112 impls, 2390 clqs
(round 4, exhaustive) 8408 del vars, 10988 del conss, 8 add conss, 236 chg bounds, 25138 chg sides, 25130 chg coeffs, 15052 upgd conss, 112 impls, 2390 clqs
   (16.1s) probing: 1000/42416 (2.4%) - 0 fixings, 0 aggregations, 219780 implications, 0 bound changes
   (16.1s) probing: 1001/42416 (2.4%) - 0 fixings, 0 aggregations, 220000 implications, 0 bound changes
   (16.1s) probing aborted: 1000/1000 successive useless probings
Required symmetry:			(1 bin, 0 int, 0 cont); (fixed: 0 bin, 1 int, 0 cont)
Time for symmetry detection:		2.58 	(matrix graph, 104050 nodes, 380840 edges)
Number of generators:			168 	(max: 1500)
Log10 of symmetry group order:		147.4
Number of vars moved by some symmetry:	25312
Total time for symmetry detection:	2.77

Turned off presolver <domcol>.
Turned off presolver <components>.

presolving (5 rounds: 5 fast, 3 medium, 3 exhaustive):
 8408 deleted vars, 10988 deleted constraints, 8 added constraints, 236 tightened bounds, 0 added holes, 25138 changed sides, 25130 changed coefficients
 12658 implications, 240886 cliques
presolved problem has 42528 variables (42416 bin, 112 int, 0 impl, 0 cont) and 20551 constraints
  12658 constraints of type <varbound>
      4 constraints of type <knapsack>
   2390 constraints of type <setppc>
   5498 constraints of type <linear>
      1 constraints of type <symmetries>
transformed objective value is always integral (scale: 0.1)
Presolving Time: 18.88

 time | node  | left  |LP iter|LP it/n|mem/heur|mdpt |frac |vars |cons |cols |rows |cuts |confs|strbr|  dualbound   | primalbound  |  gap   
 21.9s|     1 |     0 |   802 |     - |   514M |   0 | 529 |  42k|  20k|  42k|  20k|   0 | 187 |   0 | 1.985940e+03 |      --      |    Inf 
 33.6s|     1 |     0 |  6102 |     - |   543M |   0 | 468 |  42k|  20k|  42k|  20k|   0 | 190 |  13 | 1.985940e+03 |      --      |    Inf 
 38.8s|     1 |     0 |  6117 |     - |   545M |   0 | 542 |  42k|  20k|  42k|  20k|   0 | 192 |  33 | 1.985940e+03 |      --      |    Inf 
 43.8s|     1 |     0 |  6122 |     - |   547M |   0 | 538 |  42k|  20k|  42k|  20k|   0 | 193 |  54 | 1.985940e+03 |      --      |    Inf 
 49.5s|     1 |     0 |  6163 |     - |   549M |   0 | 452 |  42k|  20k|  42k|  20k|   0 | 198 |  76 | 1.985940e+03 |      --      |    Inf 
 53.7s|     1 |     0 |  6254 |     - |   552M |   0 | 409 |  42k|  20k|  42k|  20k|   0 | 202 |  90 | 1.985940e+03 |      --      |    Inf 
 58.4s|     1 |     0 |  6303 |     - |   558M |   0 | 387 |  42k|  20k|  42k|  20k|   0 | 206 | 112 | 1.985940e+03 |      --      |    Inf 
 65.8s|     1 |     0 |  6355 |     - |   562M |   0 | 386 |  42k|  20k|  42k|  20k|   0 | 212 | 131 | 1.985940e+03 |      --      |    Inf 
 69.9s|     1 |     0 |  6388 |     - |   563M |   0 | 362 |  42k|  20k|  42k|  20k|   0 | 221 | 147 | 1.985940e+03 |      --      |    Inf 
 72.8s|     1 |     0 |  6388 |     - |   563M |   0 | 362 |  42k|  20k|  42k|  20k|   0 | 221 | 148 | 1.985940e+03 |      --      |    Inf 
 77.8s|     1 |     2 |  6388 |     - |   563M |   0 | 362 |  42k|  20k|  42k|  20k|   0 | 221 | 189 | 1.985940e+03 |      --      |    Inf 
  173s|   100 |    52 | 16620 | 105.0 |   569M |  47 | 234 |  42k|  20k|  42k|  20k|   0 | 308 | 633 | 1.985940e+03 |      --      |    Inf 
  182s|   200 |    92 | 21512 |  76.8 |   572M |  51 | 317 |  42k|  20k|  42k|  20k|   0 | 324 | 633 | 1.985965e+03 |      --      |    Inf 
  190s|   300 |   144 | 28692 |  75.2 |   575M |  53 | 305 |  42k|  20k|  42k|  20k|   0 | 372 | 633 | 1.985965e+03 |      --      |    Inf 
  220s|   400 |   209 | 47574 | 103.6 |   581M |  53 | 384 |  42k|  20k|  42k|  20k|   0 | 414 | 698 | 1.985965e+03 |      --      |    Inf 
 time | node  | left  |LP iter|LP it/n|mem/heur|mdpt |frac |vars |cons |cols |rows |cuts |confs|strbr|  dualbound   | primalbound  |  gap   
  261s|   500 |   297 | 84505 | 156.9 |   587M |  55 | 290 |  42k|  20k|  42k|  20k|   0 | 443 | 733 | 1.985965e+03 |      --      |    Inf 
  285s|   600 |   383 | 99033 | 154.9 |   593M |  55 | 357 |  42k|  20k|  42k|  20k|   0 | 495 | 785 | 1.985965e+03 |      --      |    Inf 
  312s|   700 |   467 |113631 | 153.7 |   597M |  55 | 372 |  42k|  20k|  42k|  20k|   0 | 524 | 821 | 1.985965e+03 |      --      |    Inf 
  339s|   800 |   565 |133990 | 159.9 |   606M |  55 | 341 |  42k|  21k|  42k|  20k|   0 | 681 | 848 | 1.985965e+03 |      --      |    Inf 
  371s|   900 |   663 |160143 | 171.2 |   614M |  55 | 546 |  42k|  21k|  42k|  20k|   0 | 766 | 888 | 1.986732e+03 |      --      |    Inf 
  416s|  1000 |   675 |183307 | 177.3 |   617M |  55 | 359 |  42k|  21k|  42k|  20k|   0 | 803 | 951 | 1.986732e+03 |      --      |    Inf 
  448s|  1100 |   772 |220689 | 195.1 |   619M |  55 | 273 |  42k|  21k|  42k|  20k|   0 | 860 |1003 | 1.986732e+03 |      --      |    Inf 
  487s|  1200 |   872 |250752 | 203.9 |   621M |  55 | 345 |  42k|  21k|  42k|  20k|   0 | 876 |1059 | 1.986732e+03 |      --      |    Inf 
  522s|  1300 |   949 |278607 | 209.7 |   623M |  55 | 334 |  42k|  21k|  42k|  20k|   0 | 964 |1135 | 1.986732e+03 |      --      |    Inf 
  592s|  1400 |  1046 |306148 | 214.4 |   625M |  55 | 311 |  42k|  21k|  42k|  20k|   0 | 975 |1250 | 1.986732e+03 |      --      |    Inf 
  621s|  1500 |  1145 |334598 | 219.1 |   627M |  55 | 276 |  42k|  21k|  42k|  20k|   0 | 999 |1296 | 1.986732e+03 |      --      |    Inf 
  643s|  1600 |  1244 |353906 | 217.4 |   629M |  61 | 598 |  42k|  21k|  42k|  20k|   0 |1039 |1339 | 1.986732e+03 |      --      |    Inf 
  678s|  1700 |  1344 |374479 | 216.7 |   630M |  61 | 357 |  42k|  21k|  42k|  20k|   0 |1046 |1440 | 1.986732e+03 |      --      |    Inf 
  700s|  1800 |  1442 |392133 | 214.5 |   631M |  61 | 329 |  42k|  21k|  42k|  20k|   0 |1062 |1541 | 1.986732e+03 |      --      |    Inf 
  716s|  1900 |  1538 |403319 | 209.1 |   635M |  61 | 339 |  42k|  21k|  42k|  20k|   0 |1113 |1600 | 1.986732e+03 |      --      |    Inf 
 time | node  | left  |LP iter|LP it/n|mem/heur|mdpt |frac |vars |cons |cols |rows |cuts |confs|strbr|  dualbound   | primalbound  |  gap   
  745s|  2000 |  1635 |418845 | 206.4 |   638M |  61 | 306 |  42k|  21k|  42k|  20k|   0 |1152 |1742 | 1.986732e+03 |      --      |    Inf 
  773s|  2100 |  1733 |447429 | 210.2 |   640M |  61 | 255 |  42k|  21k|  42k|  20k|   0 |1163 |1817 | 1.986732e+03 |      --      |    Inf 
  825s|  2200 |  1832 |487678 | 218.9 |   642M |  61 | 351 |  42k|  21k|  42k|  20k|   0 |1182 |2149 | 1.986732e+03 |      --      |    Inf 
  854s|  2300 |  1931 |510628 | 219.4 |   643M |  61 | 265 |  42k|  21k|  42k|  20k|   0 |1282 |2316 | 1.986732e+03 |      --      |    Inf 
  906s|  2400 |  2031 |542703 | 223.6 |   646M |  61 | 513 |  42k|  21k|  42k|  20k|   0 |1349 |2488 | 1.986732e+03 |      --      |    Inf 
  952s|  2500 |  2131 |576363 | 228.1 |   647M |  61 | 464 |  42k|  21k|  42k|  20k|   0 |1431 |2695 | 1.986732e+03 |      --      |    Inf 
  988s|  2600 |  2231 |593922 | 226.1 |   650M |  61 | 254 |  42k|  21k|  42k|  20k|   0 |1443 |2781 | 1.986732e+03 |      --      |    Inf 
 1021s|  2700 |  2326 |614312 | 225.3 |   652M |  61 | 233 |  42k|  21k|  42k|  20k|   0 |1464 |3002 | 1.986732e+03 |      --      |    Inf 
 1054s|  2800 |  2424 |640165 | 226.5 |   656M |  61 | 185 |  42k|  21k|  42k|  20k|   0 |1532 |3156 | 1.986732e+03 |      --      |    Inf 
 1072s|  2900 |  2524 |650766 | 222.3 |   657M |  73 | 290 |  42k|  21k|  42k|  20k|   0 |1581 |3255 | 1.986732e+03 |      --      |    Inf 
 1097s|  3000 |  2624 |663344 | 219.1 |   660M |  73 | 286 |  42k|  21k|  42k|  20k|   0 |1619 |3320 | 1.986732e+03 |      --      |    Inf 
 1116s|  3100 |  2718 |676349 | 216.2 |   661M |  79 | 138 |  42k|  21k|  42k|  20k|   0 |1630 |3476 | 1.986732e+03 |      --      |    Inf 
 1148s|  3200 |  2816 |694539 | 215.2 |   671M |  79 | 249 |  42k|  21k|  42k|  20k|   0 |1679 |3605 | 1.986732e+03 |      --      |    Inf 
 1168s|  3300 |  2914 |707953 | 212.7 |   673M |  79 | 216 |  42k|  21k|  42k|  20k|   0 |1716 |3707 | 1.986732e+03 |      --      |    Inf 
 1188s|  3400 |  3014 |722633 | 210.8 |   676M |  79 | 242 |  42k|  21k|  42k|  20k|   0 |1750 |3821 | 1.986732e+03 |      --      |    Inf 
 time | node  | left  |LP iter|LP it/n|mem/heur|mdpt |frac |vars |cons |cols |rows |cuts |confs|strbr|  dualbound   | primalbound  |  gap   
 1221s|  3500 |  3114 |741200 | 210.1 |   678M |  79 | 301 |  42k|  21k|  42k|  20k|   0 |1782 |3984 | 1.986732e+03 |      --      |    Inf 
 1244s|  3600 |  3213 |758049 | 208.9 |   680M |  79 | 269 |  42k|  21k|  42k|  20k|   0 |1814 |4122 | 1.986732e+03 |      --      |    Inf 
 1276s|  3700 |  3311 |774494 | 207.7 |   682M |  79 | 233 |  42k|  21k|  42k|  20k|   0 |1843 |4285 | 1.986732e+03 |      --      |    Inf 
 1287s|  3800 |  3411 |780217 | 203.7 |   686M |  79 | 208 |  42k|  21k|  42k|  20k|   0 |1907 |4313 | 1.986732e+03 |      --      |    Inf 
 1311s|  3900 |  3511 |792162 | 201.6 |   688M |  79 | 261 |  42k|  21k|  42k|  20k|   0 |1937 |4470 | 1.986732e+03 |      --      |    Inf 
 1325s|  4000 |  3611 |798538 | 198.1 |   691M |  79 | 219 |  42k|  21k|  42k|  20k|   0 |1961 |4577 | 1.986732e+03 |      --      |    Inf 
 1339s|  4100 |  3711 |806452 | 195.2 |   693M |  79 | 255 |  42k|  21k|  42k|  20k|   0 |1982 |4689 | 1.986732e+03 |      --      |    Inf 
 1353s|  4200 |  3811 |813500 | 192.3 |   695M |  79 | 221 |  42k|  21k|  42k|  20k|   0 |2042 |4780 | 1.986732e+03 |      --      |    Inf 
 1447s|  4300 |  3900 |821837 | 189.7 |   698M |  79 | 236 |  42k|  21k|  42k|  20k|   0 |2066 |4836 | 1.986732e+03 |      --      |    Inf 
 1457s|  4400 |  4000 |827390 | 186.7 |   701M |  87 | 208 |  42k|  21k|  42k|  20k|   0 |2084 |4893 | 1.986732e+03 |      --      |    Inf 
d1466s|  4484 |  4076 |831449 | 184.1 |fracdivi|  91 |   - |  42k|  21k|  42k|  20k|   0 |2098 |4926 | 1.986732e+03 | 2.103600e+03 |   5.88%
 1473s|  4500 |  4092 |835974 | 184.4 |   710M |  91 | 265 |  42k|  21k|  42k|  20k|   0 |2098 |4947 | 1.986732e+03 | 2.103600e+03 |   5.88%
 1546s|  4600 |  4192 |886569 | 191.4 |   712M |  91 | 303 |  42k|  21k|  42k|  20k|   0 |2200 |5127 | 1.986732e+03 | 2.103600e+03 |   5.88%
L1616s|  4684 |  3331 |932627 | 197.8 |    rins|  91 | 302 |  42k|  21k|  42k|  20k|   0 |2315 |5334 | 1.989232e+03 | 2.035700e+03 |   2.34%
 1624s|  4700 |  3347 |938068 | 198.3 |   727M |  91 | 218 |  42k|  21k|  42k|  20k|   0 |2316 |5348 | 1.989232e+03 | 2.035700e+03 |   2.34%
 time | node  | left  |LP iter|LP it/n|mem/heur|mdpt |frac |vars |cons |cols |rows |cuts |confs|strbr|  dualbound   | primalbound  |  gap   
 1703s|  4800 |  3447 |977127 | 202.3 |   736M |  91 | 503 |  42k|  21k|  42k|  20k|   0 |2421 |5522 | 1.989232e+03 | 2.035700e+03 |   2.34%
L1762s|  4884 |  2422 |  1010k| 205.6 |    rins|  91 | 248 |  42k|  21k|  42k|  20k|   0 |2575 |5660 | 1.989232e+03 | 2.020300e+03 |   1.56%
 1765s|  4900 |  2438 |  1012k| 205.3 |   748M |  91 | 240 |  42k|  21k|  42k|  20k|   0 |2609 |5666 | 1.989232e+03 | 2.020300e+03 |   1.56%
 1793s|  5000 |  2532 |  1031k| 205.1 |   759M |  91 | 320 |  42k|  21k|  42k|  20k|   0 |2776 |5767 | 1.989232e+03 | 2.020300e+03 |   1.56%
 1837s|  5100 |  2622 |  1049k| 204.6 |   779M |  91 | 304 |  42k|  21k|  42k|  20k|   0 |2897 |5926 | 1.989232e+03 | 2.020300e+03 |   1.56%
 1892s|  5200 |  2714 |  1068k| 204.2 |   801M |  91 | 202 |  42k|  21k|  42k|  20k|   0 |3180 |6055 | 1.989232e+03 | 2.020300e+03 |   1.56%
 1927s|  5300 |  2790 |  1090k| 204.6 |   816M |  91 | 233 |  42k|  22k|  42k|  20k|   0 |3345 |6194 | 1.989232e+03 | 2.020300e+03 |   1.56%
 2368s|  5400 |  2880 |  1111k| 204.7 |   843M |  91 | 129 |  42k|  22k|  42k|  20k|   0 |3456 |6280 | 1.989232e+03 | 2.020300e+03 |   1.56%
 2388s|  5500 |  2968 |  1118k| 202.3 |   851M |  91 | 159 |  42k|  22k|  42k|  20k|   0 |3610 |6366 | 1.989232e+03 | 2.020300e+03 |   1.56%
 2431s|  5600 |  3052 |  1137k| 202.0 |   863M |  91 | 140 |  42k|  22k|  42k|  20k|   0 |3690 |6491 | 1.989232e+03 | 2.020300e+03 |   1.56%
 2448s|  5700 |  3146 |  1143k| 199.6 |   867M |  91 | 203 |  42k|  22k|  42k|  20k|   0 |3761 |6515 | 1.989232e+03 | 2.020300e+03 |   1.56%
 2461s|  5800 |  3230 |  1147k| 196.9 |   875M |  95 | 170 |  42k|  22k|  42k|  20k|   0 |3888 |6562 | 1.989232e+03 | 2.020300e+03 |   1.56%
 2492s|  5900 |  3304 |  1162k| 196.0 |   881M | 103 |   - |  42k|  22k|   0 |   0 |   0 |4000 |6625 | 1.989232e+03 | 2.020300e+03 |   1.56%
 2517s|  6000 |  3396 |  1178k| 195.5 |   904M | 137 |  20 |  42k|  22k|  42k|  20k|   0 |4034 |6657 | 1.989232e+03 | 2.020300e+03 |   1.56%
 2546s|  6100 |  3490 |  1194k| 194.8 |   920M | 161 |  36 |  42k|  22k|  42k|  20k|   0 |4142 |6736 | 1.989232e+03 | 2.020300e+03 |   1.56%
 time | node  | left  |LP iter|LP it/n|mem/heur|mdpt |frac |vars |cons |cols |rows |cuts |confs|strbr|  dualbound   | primalbound  |  gap   
d2553s|  6172 |  3255 |  1195k| 192.8 |fracdivi| 161 |   - |  42k|  22k|  42k|  20k|   0 |4205 |6754 | 1.989232e+03 | 2.018200e+03 |   1.46%
 2556s|  6200 |  3275 |  1196k| 192.0 |  1026M | 161 |  23 |  42k|  22k|  42k|  20k|   0 |4272 |6767 | 1.989232e+03 | 2.018200e+03 |   1.46%
 2564s|  6300 |  3349 |  1197k| 189.1 |  1145M | 163 |   8 |  42k|  22k|  42k|  20k|   0 |4353 |6783 | 1.989232e+03 | 2.018200e+03 |   1.46%
 2586s|  6400 |  3407 |  1203k| 187.1 |  1369M | 166 |  25 |  42k|  22k|  42k|  20k|   0 |4491 |6870 | 1.989232e+03 | 2.018200e+03 |   1.46%
*2591s|  6438 |  3172 |  1203k| 186.1 |    LP  | 166 |   - |  42k|  22k|  42k|  20k|   0 |4590 |6890 | 1.989232e+03 | 2.016600e+03 |   1.38%
 2598s|  6500 |  3208 |  1204k| 184.4 |  1509M | 166 |  10 |  42k|  22k|  42k|  20k|   0 |4754 |6916 | 1.989232e+03 | 2.016600e+03 |   1.38%
 2615s|  6600 |  3286 |  1210k| 182.5 |  1565M | 173 |  40 |  42k|  22k|  42k|  20k|   0 |4865 |6973 | 1.989232e+03 | 2.016600e+03 |   1.38%
 2623s|  6700 |  3362 |  1211k| 180.0 |  1602M | 173 |  33 |  42k|  22k|  42k|  20k|   0 |4956 |6989 | 1.989232e+03 | 2.016600e+03 |   1.38%
 2631s|  6800 |  3446 |  1213k| 177.5 |  1642M | 173 | 100 |  42k|  22k|  42k|  20k|   0 |5077 |7016 | 1.989232e+03 | 2.016600e+03 |   1.38%
 2659s|  6900 |  3522 |  1227k| 177.1 |  1653M | 173 | 195 |  42k|  22k|  42k|  20k|   0 |5146 |7153 | 1.989232e+03 | 2.016600e+03 |   1.38%
 2668s|  7000 |  3604 |  1229k| 174.8 |  1687M | 173 |  13 |  42k|  22k|  42k|  20k|   0 |5318 |7188 | 1.989232e+03 | 2.016600e+03 |   1.38%
 2680s|  7100 |  3664 |  1230k| 172.5 |  1858M | 173 |   - |  42k|  22k|  42k|  20k|   0 |5631 |7244 | 1.989232e+03 | 2.016600e+03 |   1.38%
 2689s|  7200 |  3726 |  1232k| 170.3 |  1923M | 173 |  11 |  42k|  22k|  42k|  20k|   0 |5761 |7261 | 1.989232e+03 | 2.016600e+03 |   1.38%
 2699s|  7300 |  3788 |  1233k| 168.1 |  2000M | 174 |  38 |  42k|  22k|  42k|  20k|   0 |5901 |7276 | 1.989232e+03 | 2.016600e+03 |   1.38%
 2708s|  7400 |  3834 |  1234k| 166.0 |  2058M | 174 |   - |  42k|  22k|  42k|  20k|   0 |6057 |7303 | 1.989232e+03 | 2.016600e+03 |   1.38%
 time | node  | left  |LP iter|LP it/n|mem/heur|mdpt |frac |vars |cons |cols |rows |cuts |confs|strbr|  dualbound   | primalbound  |  gap   
 2714s|  7500 |  3894 |  1235k| 163.9 |  2070M | 174 |  17 |  42k|  22k|  42k|  20k|   0 |6117 |7312 | 1.989232e+03 | 2.016600e+03 |   1.38%
 2728s|  7600 |  3958 |  1236k| 161.9 |  2139M | 174 |  27 |  42k|  22k|  42k|  20k|   0 |6589 |7378 | 1.989232e+03 | 2.016600e+03 |   1.38%
 2737s|  7700 |  4013 |  1238k| 160.0 |  2171M | 174 |  15 |  42k|  22k|  42k|  20k|   0 |6760 |7412 | 1.989232e+03 | 2.016600e+03 |   1.38%
 2746s|  7800 |  4083 |  1239k| 158.2 |  2194M | 174 |   7 |  42k|  22k|  42k|  20k|   0 |7010 |7451 | 1.989232e+03 | 2.016600e+03 |   1.38%
 2756s|  7900 |  4147 |  1240k| 156.3 |  2218M | 174 |   - |  42k|  22k|  42k|  20k|   0 |7246 |7475 | 1.989232e+03 | 2.016600e+03 |   1.38%
 2774s|  8000 |  4199 |  1245k| 154.9 |  2300M | 174 |  11 |  42k|  22k|  42k|  20k|   0 |7596 |7575 | 1.989232e+03 | 2.016600e+03 |   1.38%
 2783s|  8100 |  4253 |  1246k| 153.1 |  2367M | 176 |  11 |  42k|  22k|  42k|  20k|   0 |7762 |7593 | 1.989232e+03 | 2.016600e+03 |   1.38%
 2792s|  8200 |  4311 |  1247k| 151.4 |  2417M | 178 |  31 |  42k|  22k|  42k|  20k|   0 |7903 |7615 | 1.989232e+03 | 2.016600e+03 |   1.38%
 2802s|  8300 |  4379 |  1252k| 150.1 |  2426M | 191 |  16 |  42k|  22k|  42k|  20k|   0 |8003 |7672 | 1.989232e+03 | 2.016600e+03 |   1.38%
 2812s|  8400 |  4439 |  1253k| 148.4 |  2487M | 202 |   8 |  42k|  22k|  42k|  20k|   0 |8157 |7688 | 1.989232e+03 | 2.016600e+03 |   1.38%
 2824s|  8500 |  4493 |  1254k| 146.8 |  2590M | 205 |   - |  42k|  22k|  42k|  20k|   0 |8369 |7713 | 1.989232e+03 | 2.016600e+03 |   1.38%
 2837s|  8600 |  4543 |  1257k| 145.5 |  2611M | 205 |  30 |  42k|  22k|  42k|  20k|   0 |8513 |7760 | 1.989232e+03 | 2.016600e+03 |   1.38%
 2854s|  8700 |  4603 |  1261k| 144.3 |  2719M | 205 | 179 |  42k|  22k|  42k|  20k|   0 |8747 |7841 | 1.991174e+03 | 2.016600e+03 |   1.28%
 2868s|  8800 |  4659 |  1263k| 142.9 |  2786M | 205 |  13 |  42k|  22k|  42k|  20k|   0 |9201 |7893 | 1.991174e+03 | 2.016600e+03 |   1.28%
 2885s|  8900 |  4717 |  1268k| 141.9 |  2863M | 205 | 344 |  42k|  22k|  42k|  20k|   0 |9375 |7966 | 1.991174e+03 | 2.016600e+03 |   1.28%
 time | node  | left  |LP iter|LP it/n|mem/heur|mdpt |frac |vars |cons |cols |rows |cuts |confs|strbr|  dualbound   | primalbound  |  gap   
 2901s|  9000 |  4785 |  1273k| 140.8 |  2893M | 205 |  26 |  42k|  22k|  42k|  20k|   0 |9499 |8039 | 1.991174e+03 | 2.016600e+03 |   1.28%
 2918s|  9100 |  4843 |  1278k| 139.8 |  2950M | 206 |  36 |  42k|  22k|  42k|  20k|   0 |9754 |8130 | 1.991415e+03 | 2.016600e+03 |   1.26%
 2928s|  9200 |  4895 |  1279k| 138.4 |  3011M | 206 |   - |  42k|  22k|  42k|  20k|   0 |9922 |8154 | 1.991415e+03 | 2.016600e+03 |   1.26%
 2955s|  9300 |  4942 |  1289k| 138.0 |  3062M | 206 |   - |  42k|  22k|  42k|  20k|   0 |  10k|8288 | 1.991732e+03 | 2.016600e+03 |   1.25%
 2967s|  9400 |  4992 |  1290k| 136.7 |  3142M | 206 |  26 |  42k|  22k|  42k|  20k|   0 |  10k|8321 | 1.991732e+03 | 2.016600e+03 |   1.25%
 2975s|  9500 |  5062 |  1291k| 135.3 |  3148M | 206 |  14 |  42k|  22k|  42k|  20k|   0 |  10k|8348 | 1.991732e+03 | 2.016600e+03 |   1.25%
 2985s|  9600 |  5106 |  1295k| 134.3 |  3175M | 206 |  13 |  42k|  22k|  42k|  20k|   0 |  10k|8397 | 1.991732e+03 | 2.016600e+03 |   1.25%
 2994s|  9700 |  5166 |  1296k| 133.0 |  3198M | 206 |  23 |  42k|  22k|  42k|  20k|   0 |  11k|8427 | 1.991732e+03 | 2.016600e+03 |   1.25%
 3011s|  9800 |  5228 |  1305k| 132.6 |  3206M | 206 | 222 |  42k|  22k|  42k|  20k|   0 |  11k|8575 | 1.991732e+03 | 2.016600e+03 |   1.25%
 3020s|  9900 |  5300 |  1309k| 131.7 |  3214M | 206 |  23 |  42k|  22k|  42k|  20k|   0 |  11k|8602 | 1.991732e+03 | 2.016600e+03 |   1.25%
 3028s| 10000 |  5372 |  1310k| 130.4 |  3228M | 206 |   8 |  42k|  23k|  42k|  20k|   0 |  11k|8636 | 1.991732e+03 | 2.016600e+03 |   1.25%
 3044s| 10100 |  5417 |  1314k| 129.5 |  3263M | 206 |  31 |  42k|  23k|  42k|  20k|   0 |  11k|8711 | 1.991732e+03 | 2.016600e+03 |   1.25%
 3061s| 10200 |  5464 |  1316k| 128.4 |  3353M | 206 |   6 |  42k|  23k|  42k|  20k|   0 |  12k|8758 | 1.991732e+03 | 2.016600e+03 |   1.25%
 3074s| 10300 |  5518 |  1317k| 127.3 |  3377M | 206 |  45 |  42k|  23k|  42k|  20k|   0 |  12k|8787 | 1.991732e+03 | 2.016600e+03 |   1.25%
 3099s| 10400 |  5582 |  1327k| 127.0 |  3382M | 206 |  39 |  42k|  22k|  42k|  20k|   0 |  12k|8922 | 1.992182e+03 | 2.016600e+03 |   1.23%
 time | node  | left  |LP iter|LP it/n|mem/heur|mdpt |frac |vars |cons |cols |rows |cuts |confs|strbr|  dualbound   | primalbound  |  gap   
 3109s| 10500 |  5634 |  1328k| 125.9 |  3412M | 206 |  25 |  42k|  23k|  42k|  20k|   0 |  12k|8955 | 1.992182e+03 | 2.016600e+03 |   1.23%
 3123s| 10600 |  5698 |  1332k| 125.1 |  3432M | 206 | 287 |  42k|  22k|  42k|  20k|   0 |  12k|9026 | 1.992182e+03 | 2.016600e+03 |   1.23%
 3130s| 10700 |  5770 |  1333k| 124.1 |  3443M | 206 |  29 |  42k|  22k|  42k|  20k|   0 |  12k|9038 | 1.992182e+03 | 2.016600e+03 |   1.23%
 3142s| 10800 |  5824 |  1334k| 123.0 |  3467M | 206 |  14 |  42k|  23k|  42k|  20k|   0 |  13k|9080 | 1.992182e+03 | 2.016600e+03 |   1.23%
 3152s| 10900 |  5891 |  1335k| 121.9 |  3487M | 206 |  55 |  42k|  23k|  42k|  20k|   0 |  13k|9113 | 1.992182e+03 | 2.016600e+03 |   1.23%
 3162s| 11000 |  5943 |  1335k| 120.9 |  3528M | 206 |   - |  42k|  23k|  42k|  20k|   0 |  13k|9129 | 1.992182e+03 | 2.016600e+03 |   1.23%
 3169s| 11100 |  5999 |  1336k| 119.9 |  3542M | 206 |  29 |  42k|  23k|  42k|  20k|   0 |  13k|9146 | 1.992182e+03 | 2.016600e+03 |   1.23%
 3179s| 11200 |  6061 |  1339k| 119.1 |  3552M | 206 | 123 |  42k|  23k|  42k|  20k|   0 |  14k|9213 | 1.992182e+03 | 2.016600e+03 |   1.23%
 3188s| 11300 |  6137 |  1341k| 118.2 |  3556M | 206 |  23 |  42k|  23k|  42k|  20k|   0 |  14k|9246 | 1.992182e+03 | 2.016600e+03 |   1.23%
 3199s| 11400 |  6199 |  1343k| 117.3 |  3564M | 206 |  19 |  42k|  23k|  42k|  20k|   0 |  14k|9293 | 1.992182e+03 | 2.016600e+03 |   1.23%
 3209s| 11500 |  6247 |  1344k| 116.4 |  3579M | 206 |  13 |  42k|  23k|  42k|  20k|   0 |  14k|9319 | 1.992182e+03 | 2.016600e+03 |   1.23%
 3220s| 11600 |  6303 |  1347k| 115.6 |  3583M | 206 |   9 |  42k|  23k|  42k|  20k|   0 |  14k|9354 | 1.992182e+03 | 2.016600e+03 |   1.23%
 3227s| 11700 |  6359 |  1348k| 114.7 |  3593M | 206 |   - |  42k|  23k|  42k|  20k|   0 |  14k|9374 | 1.992182e+03 | 2.016600e+03 |   1.23%
 3245s| 11800 |  6419 |  1352k| 114.1 |  3613M | 206 |   6 |  42k|  23k|  42k|  20k|   0 |  15k|9445 | 1.992182e+03 | 2.016600e+03 |   1.23%
 3253s| 11900 |  6487 |  1353k| 113.2 |  3618M | 206 |   - |  42k|  23k|  42k|  20k|   0 |  15k|9475 | 1.992182e+03 | 2.016600e+03 |   1.23%
 time | node  | left  |LP iter|LP it/n|mem/heur|mdpt |frac |vars |cons |cols |rows |cuts |confs|strbr|  dualbound   | primalbound  |  gap   
 3270s| 12000 |  6511 |  1355k| 112.4 |  3642M | 206 |  24 |  42k|  23k|  42k|  20k|   0 |  15k|9536 | 1.992182e+03 | 2.016600e+03 |   1.23%
L3276s| 12062 |  6128 |  1355k| 111.9 |crossove| 206 |  37 |  42k|  23k|  42k|  20k|   0 |  16k|9554 | 1.992182e+03 | 2.015300e+03 |   1.16%
 3280s| 12100 |  6148 |  1356k| 111.6 |  3653M | 206 |   - |  42k|  23k|  42k|  20k|   0 |  16k|9562 | 1.992182e+03 | 2.015300e+03 |   1.16%
 3289s| 12200 |  6204 |  1357k| 110.8 |  3654M | 206 |  13 |  42k|  23k|  42k|  20k|   0 |  16k|9590 | 1.992182e+03 | 2.015300e+03 |   1.16%
 3301s| 12300 |  6244 |  1360k| 110.1 |  3663M | 206 |  29 |  42k|  23k|  42k|  20k|   0 |  16k|9630 | 1.992182e+03 | 2.015300e+03 |   1.16%
 3309s| 12400 |  6300 |  1361k| 109.3 |  3671M | 206 |  12 |  42k|  23k|  42k|  20k|   0 |  16k|9660 | 1.992182e+03 | 2.015300e+03 |   1.16%
 3317s| 12500 |  6376 |  1362k| 108.5 |  3680M | 206 |  17 |  42k|  23k|  42k|  20k|   0 |  17k|9691 | 1.992182e+03 | 2.015300e+03 |   1.16%
 3325s| 12600 |  6434 |  1366k| 108.0 |  3682M | 206 |   7 |  42k|  23k|  42k|  20k|   0 |  17k|9752 | 1.992182e+03 | 2.015300e+03 |   1.16%
 3331s| 12700 |  6490 |  1367k| 107.2 |  3683M | 206 |  19 |  42k|  23k|  42k|  20k|   0 |  17k|9764 | 1.992182e+03 | 2.015300e+03 |   1.16%
 3338s| 12800 |  6552 |  1368k| 106.4 |  3692M | 206 |  21 |  42k|  23k|  42k|  20k|   0 |  17k|9789 | 1.992182e+03 | 2.015300e+03 |   1.16%
 3345s| 12900 |  6592 |  1369k| 105.7 |  3699M | 206 |  14 |  42k|  23k|  42k|  20k|   0 |  17k|9809 | 1.992182e+03 | 2.015300e+03 |   1.16%
 3354s| 13000 |  6634 |  1370k| 104.9 |  3716M | 206 |  37 |  42k|  23k|  42k|  20k|   0 |  17k|9855 | 1.992182e+03 | 2.015300e+03 |   1.16%
 3361s| 13100 |  6674 |  1370k| 104.2 |  3731M | 206 |  19 |  42k|  23k|  42k|  20k|   0 |  17k|9872 | 1.992182e+03 | 2.015300e+03 |   1.16%
 3382s| 13200 |  6740 |  1378k| 104.0 |  3771M | 206 |   - |  42k|  23k|   0 |   0 |   0 |  18k|9985 | 1.992182e+03 | 2.015300e+03 |   1.16%
 3397s| 13300 |  6768 |  1379k| 103.3 |  3809M | 206 |   6 |  42k|  23k|  42k|  20k|   0 |  18k|  10k| 1.992182e+03 | 2.015300e+03 |   1.16%
 time | node  | left  |LP iter|LP it/n|mem/heur|mdpt |frac |vars |cons |cols |rows |cuts |confs|strbr|  dualbound   | primalbound  |  gap   
 3414s| 13400 |  6800 |  1380k| 102.6 |  3824M | 206 |  44 |  42k|  23k|  42k|  20k|   0 |  18k|  10k| 1.992182e+03 | 2.015300e+03 |   1.16%
 3429s| 13500 |  6836 |  1382k| 101.9 |  3858M | 206 |  12 |  42k|  23k|  42k|  20k|   0 |  19k|  10k| 1.992182e+03 | 2.015300e+03 |   1.16%
 3447s| 13600 |  6898 |  1386k| 101.5 |  3868M | 206 | 255 |  42k|  23k|  42k|  20k|   0 |  19k|  10k| 1.992182e+03 | 2.015300e+03 |   1.16%
 3466s| 13700 |  6953 |  1387k| 100.8 |  3877M | 206 |  23 |  42k|  23k|  42k|  20k|   0 |  19k|  10k| 1.992182e+03 | 2.015300e+03 |   1.16%
 3471s| 13800 |  7015 |  1388k| 100.2 |  3884M | 206 |  30 |  42k|  23k|  42k|  20k|   0 |  19k|  10k| 1.992182e+03 | 2.015300e+03 |   1.16%
 3482s| 13900 |  7057 |  1389k|  99.5 |  3894M | 206 |  35 |  42k|  24k|  42k|  20k|   0 |  20k|  10k| 1.992182e+03 | 2.015300e+03 |   1.16%
 3491s| 14000 |  7115 |  1389k|  98.8 |  3902M | 206 |  17 |  42k|  23k|  42k|  20k|   0 |  20k|  10k| 1.992182e+03 | 2.015300e+03 |   1.16%
 3505s| 14100 |  7153 |  1390k|  98.2 |  3914M | 206 |   6 |  42k|  24k|  42k|  20k|   0 |  21k|  10k| 1.992182e+03 | 2.015300e+03 |   1.16%
 3522s| 14200 |  7223 |  1396k|  97.9 |  3924M | 206 |  15 |  42k|  23k|  42k|  20k|   0 |  21k|  10k| 1.992182e+03 | 2.015300e+03 |   1.16%
 3531s| 14300 |  7271 |  1396k|  97.2 |  3945M | 206 |   - |  42k|  23k|  42k|  20k|   0 |  21k|  10k| 1.992182e+03 | 2.015300e+03 |   1.16%
 3540s| 14400 |  7319 |  1398k|  96.7 |  3986M | 206 |  25 |  42k|  23k|  42k|  20k|   0 |  21k|  10k| 1.992182e+03 | 2.015300e+03 |   1.16%
 3549s| 14500 |  7353 |  1399k|  96.1 |  3999M | 206 |  20 |  42k|  23k|  42k|  20k|   0 |  21k|  10k| 1.992182e+03 | 2.015300e+03 |   1.16%
 3567s| 14600 |  7431 |  1403k|  95.7 |  4014M | 206 |  25 |  42k|  23k|  42k|  20k|   0 |  21k|  10k| 1.992182e+03 | 2.015300e+03 |   1.16%
 3579s| 14700 |  7485 |  1404k|  95.1 |  4042M | 206 |  33 |  42k|  23k|  42k|  20k|   0 |  22k|  10k| 1.992182e+03 | 2.015300e+03 |   1.16%
 3586s| 14800 |  7549 |  1405k|  94.5 |  4046M | 206 |  19 |  42k|  24k|  42k|  20k|   0 |  22k|  10k| 1.992182e+03 | 2.015300e+03 |   1.16%
 time | node  | left  |LP iter|LP it/n|mem/heur|mdpt |frac |vars |cons |cols |rows |cuts |confs|strbr|  dualbound   | primalbound  |  gap   
 3597s| 14900 |  7581 |  1406k|  94.0 |  4065M | 206 |   - |  42k|  24k|  42k|  20k|   0 |  22k|  10k| 1.992182e+03 | 2.015300e+03 |   1.16%
 3614s| 15000 |  7629 |  1414k|  93.9 |  4076M | 206 |   - |  42k|  23k|  42k|  20k|   0 |  22k|  10k| 1.992182e+03 | 2.015300e+03 |   1.16%
 3622s| 15100 |  7665 |  1415k|  93.3 |  4085M | 206 |   - |  42k|  23k|  42k|  20k|   0 |  22k|  10k| 1.992182e+03 | 2.015300e+03 |   1.16%
 3638s| 15200 |  7715 |  1416k|  92.8 |  4112M | 207 |   - |  42k|  24k|  42k|  20k|   0 |  23k|  10k| 1.992182e+03 | 2.015300e+03 |   1.16%
 3653s| 15300 |  7771 |  1420k|  92.5 |  4141M | 219 |   6 |  42k|  23k|  42k|  20k|   0 |  23k|  10k| 1.992182e+03 | 2.015300e+03 |   1.16%
 3666s| 15400 |  7791 |  1421k|  91.9 |  4157M | 229 |   6 |  42k|  23k|  42k|  20k|   0 |  23k|  10k| 1.992182e+03 | 2.015300e+03 |   1.16%
 3678s| 15500 |  7847 |  1422k|  91.4 |  4186M | 229 |  13 |  42k|  23k|  42k|  20k|   0 |  23k|  10k| 1.992182e+03 | 2.015300e+03 |   1.16%
 3685s| 15600 |  7911 |  1423k|  90.8 |  4205M | 241 |   - |  42k|  23k|  42k|  20k|   0 |  23k|  10k| 1.992182e+03 | 2.015300e+03 |   1.16%
 3701s| 15700 |  7973 |  1431k|  90.8 |  4213M | 241 |  22 |  42k|  23k|  42k|  20k|   0 |  23k|  11k| 1.992182e+03 | 2.015300e+03 |   1.16%
 3709s| 15800 |  8021 |  1431k|  90.2 |  4225M | 244 |  22 |  42k|  23k|  42k|  20k|   0 |  23k|  11k| 1.992182e+03 | 2.015300e+03 |   1.16%
 3719s| 15900 |  8083 |  1434k|  89.8 |  4236M | 244 |  23 |  42k|  23k|  42k|  20k|   0 |  23k|  11k| 1.992182e+03 | 2.015300e+03 |   1.16%
 3727s| 16000 |  8123 |  1435k|  89.3 |  4244M | 244 |  31 |  42k|  23k|  42k|  20k|   0 |  24k|  11k| 1.992182e+03 | 2.015300e+03 |   1.16%
 3735s| 16100 |  8195 |  1435k|  88.8 |  4250M | 249 |   4 |  42k|  23k|  42k|  20k|   0 |  24k|  11k| 1.992182e+03 | 2.015300e+03 |   1.16%
 3747s| 16200 |  8239 |  1439k|  88.5 |  4268M | 249 |  19 |  42k|  23k|  42k|  20k|   0 |  24k|  11k| 1.992182e+03 | 2.015300e+03 |   1.16%
 3754s| 16300 |  8287 |  1440k|  88.0 |  4275M | 249 |  33 |  42k|  23k|  42k|  20k|   0 |  24k|  11k| 1.992182e+03 | 2.015300e+03 |   1.16%
 time | node  | left  |LP iter|LP it/n|mem/heur|mdpt |frac |vars |cons |cols |rows |cuts |confs|strbr|  dualbound   | primalbound  |  gap   
 3762s| 16400 |  8347 |  1441k|  87.5 |  4282M | 249 |  26 |  42k|  23k|  42k|  20k|   0 |  24k|  11k| 1.992182e+03 | 2.015300e+03 |   1.16%
 3774s| 16500 |  8407 |  1446k|  87.3 |  4309M | 249 |   7 |  42k|  23k|  42k|  20k|   0 |  24k|  11k| 1.992182e+03 | 2.015300e+03 |   1.16%
 3781s| 16600 |  8455 |  1447k|  86.8 |  4316M | 249 |  41 |  42k|  23k|  42k|  20k|   0 |  24k|  11k| 1.992182e+03 | 2.015300e+03 |   1.16%
 3790s| 16700 |  8513 |  1447k|  86.3 |  4321M | 249 |  21 |  42k|  23k|  42k|  20k|   0 |  25k|  11k| 1.992182e+03 | 2.015300e+03 |   1.16%
 3797s| 16800 |  8561 |  1448k|  85.9 |  4328M | 249 |   8 |  42k|  23k|  42k|  20k|   0 |  25k|  11k| 1.992182e+03 | 2.015300e+03 |   1.16%
 3807s| 16900 |  8613 |  1449k|  85.4 |  4340M | 249 |   - |  42k|  23k|  42k|  20k|   0 |  25k|  11k| 1.992182e+03 | 2.015300e+03 |   1.16%
 3816s| 17000 |  8669 |  1450k|  84.9 |  4352M | 249 |  17 |  42k|  23k|  42k|  20k|   0 |  25k|  11k| 1.992182e+03 | 2.015300e+03 |   1.16%
 3824s| 17100 |  8707 |  1450k|  84.5 |  4357M | 249 |  24 |  42k|  23k|  42k|  20k|   0 |  25k|  11k| 1.992182e+03 | 2.015300e+03 |   1.16%
 3832s| 17200 |  8745 |  1451k|  84.0 |  4366M | 249 |   8 |  42k|  23k|  42k|  20k|   0 |  25k|  11k| 1.992182e+03 | 2.015300e+03 |   1.16%
 3843s| 17300 |  8781 |  1452k|  83.6 |  4376M | 249 |   - |  42k|  23k|  42k|  20k|   0 |  26k|  11k| 1.992182e+03 | 2.015300e+03 |   1.16%
 3856s| 17400 |  8815 |  1453k|  83.2 |  4394M | 249 |   - |  42k|  23k|  42k|  20k|   0 |  26k|  11k| 1.992182e+03 | 2.015300e+03 |   1.16%
 3866s| 17500 |  8851 |  1455k|  82.8 |  4401M | 249 |  32 |  42k|  23k|  42k|  20k|   0 |  26k|  11k| 1.992182e+03 | 2.015300e+03 |   1.16%
 3882s| 17600 |  8895 |  1461k|  82.7 |  4406M | 249 |  18 |  42k|  23k|  42k|  20k|   0 |  27k|  11k| 1.992182e+03 | 2.015300e+03 |   1.16%
 3889s| 17700 |  8929 |  1461k|  82.2 |  4409M | 249 |  22 |  42k|  23k|  42k|  20k|   0 |  27k|  11k| 1.992182e+03 | 2.015300e+03 |   1.16%
 3913s| 17800 |  8989 |  1472k|  82.4 |  4432M | 252 |   - |  42k|  23k|   0 |   0 |   0 |  27k|  12k| 1.992182e+03 | 2.015300e+03 |   1.16%
 time | node  | left  |LP iter|LP it/n|mem/heur|mdpt |frac |vars |cons |cols |rows |cuts |confs|strbr|  dualbound   | primalbound  |  gap   
 3927s| 17900 |  9034 |  1479k|  82.3 |  4437M | 252 |   6 |  42k|  23k|  42k|  20k|   0 |  27k|  12k| 1.992182e+03 | 2.015300e+03 |   1.16%
 3935s| 18000 |  9074 |  1480k|  81.9 |  4444M | 252 |   - |  42k|  23k|  42k|  20k|   0 |  27k|  12k| 1.992182e+03 | 2.015300e+03 |   1.16%
 3947s| 18100 |  9122 |  1484k|  81.7 |  4452M | 252 |   - |  42k|  23k|  42k|  20k|   0 |  27k|  12k| 1.992182e+03 | 2.015300e+03 |   1.16%
 3979s| 18200 |  9178 |  1495k|  81.8 |  4458M | 252 |  23 |  42k|  23k|  42k|  20k|   0 |  27k|  12k| 1.992182e+03 | 2.015300e+03 |   1.16%
 3987s| 18300 |  9214 |  1496k|  81.4 |  4465M | 252 |  21 |  42k|  23k|  42k|  20k|   0 |  28k|  12k| 1.992182e+03 | 2.015300e+03 |   1.16%
 3995s| 18400 |  9250 |  1496k|  81.0 |  4474M | 252 |   - |  42k|  23k|  42k|  20k|   0 |  28k|  12k| 1.992182e+03 | 2.015300e+03 |   1.16%
 4009s| 18500 |  9294 |  1501k|  80.8 |  4476M | 252 |  17 |  42k|  23k|  42k|  20k|   0 |  28k|  12k| 1.992182e+03 | 2.015300e+03 |   1.16%
 4021s| 18600 |  9350 |  1505k|  80.6 |  4478M | 252 | 196 |  42k|  23k|  42k|  20k|   0 |  28k|  12k| 1.992182e+03 | 2.015300e+03 |   1.16%
 4046s| 18700 |  9394 |  1509k|  80.4 |  4487M | 252 | 122 |  42k|  23k|  42k|  20k|   0 |  28k|  12k| 1.992182e+03 | 2.015300e+03 |   1.16%
 4054s| 18800 |  9424 |  1510k|  80.0 |  4489M | 252 |  13 |  42k|  23k|  42k|  20k|   0 |  28k|  12k| 1.992182e+03 | 2.015300e+03 |   1.16%
 4062s| 18900 |  9470 |  1511k|  79.6 |  4494M | 252 |   9 |  42k|  23k|  42k|  20k|   0 |  28k|  12k| 1.992182e+03 | 2.015300e+03 |   1.16%
 4074s| 19000 |  9508 |  1511k|  79.3 |  4552M | 252 |  15 |  42k|  23k|  42k|  20k|   0 |  29k|  12k| 1.992182e+03 | 2.015300e+03 |   1.16%
 4089s| 19100 |  9560 |  1515k|  79.0 |  4557M | 252 |  18 |  42k|  23k|  42k|  20k|   0 |  29k|  12k| 1.992182e+03 | 2.015300e+03 |   1.16%
 4095s| 19200 |  9612 |  1515k|  78.6 |  4560M | 252 |  25 |  42k|  23k|  42k|  20k|   0 |  29k|  12k| 1.992182e+03 | 2.015300e+03 |   1.16%
 4111s| 19300 |  9662 |  1519k|  78.4 |  4580M | 252 |  21 |  42k|  23k|  42k|  20k|   0 |  29k|  12k| 1.992182e+03 | 2.015300e+03 |   1.16%
 time | node  | left  |LP iter|LP it/n|mem/heur|mdpt |frac |vars |cons |cols |rows |cuts |confs|strbr|  dualbound   | primalbound  |  gap   
 4121s| 19400 |  9702 |  1520k|  78.0 |  4590M | 252 |   - |  42k|  23k|  42k|  20k|   0 |  30k|  12k| 1.992182e+03 | 2.015300e+03 |   1.16%
 4136s| 19500 |  9758 |  1525k|  77.9 |  4595M | 252 |  18 |  42k|  23k|  42k|  20k|   0 |  30k|  12k| 1.992182e+03 | 2.015300e+03 |   1.16%
 4149s| 19600 |  9814 |  1530k|  77.8 |  4602M | 253 |   8 |  42k|  23k|  42k|  20k|   0 |  30k|  13k| 1.992182e+03 | 2.015300e+03 |   1.16%
 4170s| 19700 |  9841 |  1531k|  77.4 |  4631M | 253 |  27 |  42k|  24k|  42k|  20k|   0 |  31k|  13k| 1.992182e+03 | 2.015300e+03 |   1.16%
 4182s| 19800 |  9878 |  1532k|  77.1 |  4649M | 253 |   - |  42k|  24k|  42k|  20k|   0 |  31k|  13k| 1.992182e+03 | 2.015300e+03 |   1.16%
 4193s| 19900 |  9896 |  1532k|  76.7 |  4676M | 253 |   9 |  42k|  24k|  42k|  20k|   0 |  31k|  13k| 1.992182e+03 | 2.015300e+03 |   1.16%
 4207s| 20000 |  9942 |  1537k|  76.6 |  4686M | 253 |  27 |  42k|  23k|  42k|  20k|   0 |  31k|  13k| 1.992182e+03 | 2.015300e+03 |   1.16%
 4226s| 20100 |  9986 |  1541k|  76.4 |  4704M | 253 |   - |  42k|  23k|   0 |   0 |   0 |  32k|  13k| 1.992182e+03 | 2.015300e+03 |   1.16%
 4235s| 20200 | 10032 |  1542k|  76.1 |  4712M | 253 |  28 |  42k|  23k|  42k|  20k|   0 |  32k|  13k| 1.992182e+03 | 2.015300e+03 |   1.16%
 4256s| 20300 | 10086 |  1552k|  76.2 |  4718M | 253 | 252 |  42k|  23k|  42k|  20k|   0 |  32k|  13k| 1.992182e+03 | 2.015300e+03 |   1.16%
 4273s| 20400 | 10125 |  1555k|  76.0 |  4723M | 253 |  11 |  42k|  23k|  42k|  20k|   0 |  32k|  13k| 1.992182e+03 | 2.015300e+03 |   1.16%
 4293s| 20500 | 10153 |  1560k|  75.8 |  4741M | 253 |  21 |  42k|  23k|  42k|  20k|   0 |  33k|  13k| 1.992182e+03 | 2.015300e+03 |   1.16%
 4311s| 20600 | 10195 |  1567k|  75.8 |  4750M | 253 | 128 |  42k|  23k|  42k|  20k|   0 |  33k|  13k| 1.992182e+03 | 2.015300e+03 |   1.16%
 4332s| 20700 | 10259 |  1581k|  76.1 |  4756M | 253 |   - |  42k|  23k|   0 |   0 |   0 |  33k|  14k| 1.992182e+03 | 2.015300e+03 |   1.16%
 4340s| 20800 | 10294 |  1582k|  75.8 |  4761M | 253 |   8 |  42k|  23k|  42k|  20k|   0 |  33k|  14k| 1.992182e+03 | 2.015300e+03 |   1.16%
 time | node  | left  |LP iter|LP it/n|mem/heur|mdpt |frac |vars |cons |cols |rows |cuts |confs|strbr|  dualbound   | primalbound  |  gap   
 4351s| 20900 | 10326 |  1583k|  75.5 |  4768M | 253 |   - |  42k|  23k|  42k|  20k|   0 |  34k|  14k| 1.992182e+03 | 2.015300e+03 |   1.16%
 4378s| 21000 | 10376 |  1591k|  75.5 |  4785M | 253 | 222 |  42k|  23k|  42k|  20k|   0 |  34k|  14k| 1.992182e+03 | 2.015300e+03 |   1.16%
 4389s| 21100 | 10446 |  1593k|  75.2 |  4796M | 253 |  20 |  42k|  23k|  42k|  20k|   0 |  34k|  14k| 1.992182e+03 | 2.015300e+03 |   1.16%
 4396s| 21200 | 10528 |  1595k|  75.0 |  4800M | 253 |  15 |  42k|  23k|  42k|  20k|   0 |  34k|  14k| 1.992182e+03 | 2.015300e+03 |   1.16%
 4405s| 21300 | 10606 |  1599k|  74.8 |  4802M | 253 |  11 |  42k|  23k|  42k|  20k|   0 |  35k|  14k| 1.992182e+03 | 2.015300e+03 |   1.16%
 4419s| 21400 | 10672 |  1603k|  74.7 |  4837M | 253 | 163 |  42k|  23k|  42k|  20k|   0 |  35k|  14k| 1.992182e+03 | 2.015300e+03 |   1.16%
 4424s| 21500 | 10728 |  1604k|  74.4 |  4840M | 253 |   9 |  42k|  23k|  42k|  20k|   0 |  35k|  14k| 1.992182e+03 | 2.015300e+03 |   1.16%
 4430s| 21600 | 10810 |  1606k|  74.1 |  4845M | 253 |  16 |  42k|  23k|  42k|  20k|   0 |  35k|  14k| 1.992182e+03 | 2.015300e+03 |   1.16%
*4434s| 21666 |  9325 |  1606k|  73.9 |    LP  | 253 |   - |  42k|  23k|  42k|  20k|   0 |  35k|  14k| 1.992182e+03 | 2.013900e+03 |   1.09%
r4435s| 21686 |  9337 |  1606k|  73.8 |shifting| 253 |   8 |  42k|  23k|  42k|  20k|   0 |  35k|  14k| 1.992182e+03 | 2.013900e+03 |   1.09%
 4436s| 21700 |  9347 |  1606k|  73.8 |  4850M | 253 |  14 |  42k|  23k|  42k|  20k|   0 |  35k|  14k| 1.992182e+03 | 2.013900e+03 |   1.09%
 4441s| 21800 |  9427 |  1607k|  73.5 |  4851M | 253 |  13 |  42k|  23k|  42k|  20k|   0 |  35k|  14k| 1.992182e+03 | 2.013900e+03 |   1.09%
 4448s| 21900 |  9491 |  1608k|  73.2 |  4852M | 253 |   9 |  42k|  23k|  42k|  20k|   0 |  35k|  14k| 1.992182e+03 | 2.013900e+03 |   1.09%
 4466s| 22000 |  9549 |  1612k|  73.0 |  4860M | 253 |  32 |  42k|  23k|  42k|  20k|   0 |  35k|  14k| 1.992182e+03 | 2.013900e+03 |   1.09%
 4476s| 22100 |  9587 |  1612k|  72.7 |  4874M | 253 |  23 |  42k|  23k|  42k|  20k|   0 |  36k|  14k| 1.992182e+03 | 2.013900e+03 |   1.09%
 time | node  | left  |LP iter|LP it/n|mem/heur|mdpt |frac |vars |cons |cols |rows |cuts |confs|strbr|  dualbound   | primalbound  |  gap   
 4496s| 22200 |  9641 |  1616k|  72.5 |  4896M | 253 |  21 |  42k|  23k|  42k|  20k|   0 |  36k|  14k| 1.992182e+03 | 2.013900e+03 |   1.09%
 4502s| 22300 |  9689 |  1616k|  72.2 |  4897M | 253 |   - |  42k|  23k|  42k|  20k|   0 |  37k|  14k| 1.992182e+03 | 2.013900e+03 |   1.09%
 4513s| 22400 |  9737 |  1617k|  71.9 |  4897M | 253 |   - |  42k|  23k|  42k|  20k|   0 |  37k|  15k| 1.992182e+03 | 2.013900e+03 |   1.09%
 4527s| 22500 |  9783 |  1622k|  71.8 |  4902M | 253 |  14 |  42k|  23k|  42k|  20k|   0 |  37k|  15k| 1.992182e+03 | 2.013900e+03 |   1.09%
 4533s| 22600 |  9821 |  1622k|  71.5 |  4903M | 253 |   - |  42k|  23k|  42k|  20k|   0 |  37k|  15k| 1.992182e+03 | 2.013900e+03 |   1.09%
 4546s| 22700 |  9862 |  1623k|  71.2 |  4915M | 253 |  10 |  42k|  23k|  42k|  20k|   0 |  37k|  15k| 1.992182e+03 | 2.013900e+03 |   1.09%
 4557s| 22800 |  9896 |  1626k|  71.1 |  4932M | 253 |  14 |  42k|  23k|  42k|  20k|   0 |  37k|  15k| 1.992182e+03 | 2.013900e+03 |   1.09%
 4579s| 22900 |  9942 |  1630k|  70.9 |  4938M | 253 |  13 |  42k|  23k|  42k|  20k|   0 |  37k|  15k| 1.992226e+03 | 2.013900e+03 |   1.09%
 4588s| 23000 |  9995 |  1631k|  70.7 |  4944M | 253 |  22 |  42k|  23k|  42k|  20k|   0 |  37k|  15k| 1.992226e+03 | 2.013900e+03 |   1.09%
 4598s| 23100 | 10039 |  1631k|  70.4 |  4953M | 253 |   8 |  42k|  23k|  42k|  20k|   0 |  38k|  15k| 1.992226e+03 | 2.013900e+03 |   1.09%
 4605s| 23200 | 10105 |  1632k|  70.1 |  4956M | 253 |  12 |  42k|  23k|  42k|  20k|   0 |  38k|  15k| 1.992226e+03 | 2.013900e+03 |   1.09%
 4619s| 23300 | 10177 |  1633k|  69.8 |  4963M | 253 |  15 |  42k|  23k|  42k|  20k|   0 |  38k|  15k| 1.992226e+03 | 2.013900e+03 |   1.09%
 4625s| 23400 | 10227 |  1633k|  69.5 |  4966M | 253 |   - |  42k|  23k|  42k|  20k|   0 |  38k|  15k| 1.992226e+03 | 2.013900e+03 |   1.09%
 4634s| 23500 | 10273 |  1634k|  69.3 |  4974M | 253 |   6 |  42k|  23k|  42k|  20k|   0 |  38k|  15k| 1.992226e+03 | 2.013900e+03 |   1.09%
 4641s| 23600 | 10327 |  1635k|  69.0 |  4977M | 253 |  14 |  42k|  23k|  42k|  20k|   0 |  38k|  15k| 1.992226e+03 | 2.013900e+03 |   1.09%
 time | node  | left  |LP iter|LP it/n|mem/heur|mdpt |frac |vars |cons |cols |rows |cuts |confs|strbr|  dualbound   | primalbound  |  gap   
 4652s| 23700 | 10375 |  1635k|  68.8 |  4978M | 253 |   - |  42k|  24k|  42k|  20k|   0 |  39k|  15k| 1.992226e+03 | 2.013900e+03 |   1.09%
 4661s| 23800 | 10415 |  1636k|  68.5 |  4979M | 253 |   - |  42k|  24k|  42k|  20k|   0 |  39k|  15k| 1.992226e+03 | 2.013900e+03 |   1.09%
 4676s| 23900 | 10466 |  1637k|  68.3 |  5003M | 253 |   - |  42k|  24k|  42k|  20k|   0 |  39k|  15k| 1.992226e+03 | 2.013900e+03 |   1.09%
 4712s| 24000 | 10516 |  1644k|  68.2 |  5009M | 253 |   - |  42k|  23k|  42k|  20k|   0 |  39k|  15k| 1.992271e+03 | 2.013900e+03 |   1.09%
 4719s| 24100 | 10566 |  1644k|  68.0 |  5012M | 253 |  37 |  42k|  23k|  42k|  20k|   0 |  39k|  15k| 1.992271e+03 | 2.013900e+03 |   1.09%
 4729s| 24200 | 10613 |  1647k|  67.8 |  5017M | 253 |  14 |  42k|  23k|  42k|  20k|   0 |  39k|  15k| 1.992300e+03 | 2.013900e+03 |   1.08%
 4746s| 24300 | 10669 |  1654k|  67.8 |  5020M | 253 |  12 |  42k|  23k|  42k|  20k|   0 |  39k|  15k| 1.992300e+03 | 2.013900e+03 |   1.08%
 4754s| 24400 | 10715 |  1654k|  67.6 |  5022M | 253 |   - |  42k|  23k|  42k|  20k|   0 |  40k|  15k| 1.992300e+03 | 2.013900e+03 |   1.08%
 4767s| 24500 | 10751 |  1655k|  67.3 |  5041M | 253 |  16 |  42k|  23k|  42k|  20k|   0 |  40k|  15k| 1.992300e+03 | 2.013900e+03 |   1.08%
 4780s| 24600 | 10800 |  1656k|  67.1 |  5047M | 253 |  32 |  42k|  23k|  42k|  20k|   0 |  40k|  15k| 1.992300e+03 | 2.013900e+03 |   1.08%
L4805s| 24686 |  9281 |  1657k|  66.9 |crossove| 253 |   - |  42k|  23k|  42k|  20k|   0 |  40k|  15k| 1.992300e+03 | 2.012600e+03 |   1.02%
 4806s| 24700 |  9287 |  1657k|  66.8 |  5099M | 253 |  10 |  42k|  23k|  42k|  20k|   0 |  40k|  15k| 1.992300e+03 | 2.012600e+03 |   1.02%
 4826s| 24800 |  9321 |  1657k|  66.6 |  5142M | 253 |  10 |  42k|  23k|  42k|  20k|   0 |  41k|  15k| 1.992300e+03 | 2.012600e+03 |   1.02%
 4836s| 24900 |  9361 |  1658k|  66.4 |  5155M | 253 |  16 |  42k|  23k|  42k|  20k|   0 |  41k|  16k| 1.992300e+03 | 2.012600e+03 |   1.02%
 4866s| 25000 |  9413 |  1659k|  66.1 |  5174M | 253 |  18 |  42k|  24k|  42k|  20k|   0 |  41k|  16k| 1.992300e+03 | 2.012600e+03 |   1.02%
 time | node  | left  |LP iter|LP it/n|mem/heur|mdpt |frac |vars |cons |cols |rows |cuts |confs|strbr|  dualbound   | primalbound  |  gap   
 4881s| 25100 |  9446 |  1664k|  66.1 |  5181M | 253 |   - |  42k|  23k|  42k|  20k|   0 |  41k|  16k| 1.992300e+03 | 2.012600e+03 |   1.02%
 4896s| 25200 |  9495 |  1665k|  65.9 |  5191M | 253 |  35 |  42k|  23k|  42k|  20k|   0 |  41k|  16k| 1.992300e+03 | 2.012600e+03 |   1.02%
 4921s| 25300 |  9555 |  1673k|  65.9 |  5232M | 253 |  23 |  42k|  23k|  42k|  20k|   0 |  41k|  16k| 1.992300e+03 | 2.012600e+03 |   1.02%
 4939s| 25400 |  9593 |  1674k|  65.7 |  5264M | 253 |   - |  42k|  23k|  42k|  20k|   0 |  42k|  16k| 1.992300e+03 | 2.012600e+03 |   1.02%
 4951s| 25500 |  9641 |  1679k|  65.6 |  5269M | 253 |   - |  42k|  23k|  42k|  20k|   0 |  42k|  16k| 1.992300e+03 | 2.012600e+03 |   1.02%
 4964s| 25600 |  9717 |  1680k|  65.4 |  5310M | 253 |  17 |  42k|  23k|  42k|  20k|   0 |  42k|  16k| 1.992300e+03 | 2.012600e+03 |   1.02%
 4985s| 25700 |  9751 |  1687k|  65.4 |  5339M | 253 |   - |  42k|  24k|  42k|  20k|   0 |  42k|  16k| 1.992300e+03 | 2.012600e+03 |   1.02%
 5004s| 25800 |  9799 |  1691k|  65.3 |  5404M | 253 |   - |  42k|  23k|  42k|  20k|   0 |  42k|  16k| 1.992300e+03 | 2.012600e+03 |   1.02%
 5022s| 25900 |  9847 |  1691k|  65.1 |  5468M | 253 |  24 |  42k|  24k|  42k|  20k|   0 |  43k|  16k| 1.992300e+03 | 2.012600e+03 |   1.02%
 5041s| 26000 |  9873 |  1692k|  64.9 |  5534M | 253 |  38 |  42k|  24k|  42k|  20k|   0 |  43k|  16k| 1.992300e+03 | 2.012600e+03 |   1.02%
 5053s| 26100 |  9899 |  1692k|  64.6 |  5560M | 253 |   - |  42k|  23k|  42k|  20k|   0 |  43k|  16k| 1.992300e+03 | 2.012600e+03 |   1.02%
 5073s| 26200 |  9917 |  1693k|  64.4 |  5633M | 253 |  18 |  42k|  23k|  42k|  20k|   0 |  44k|  16k| 1.992300e+03 | 2.012600e+03 |   1.02%
 5102s| 26300 |  9959 |  1705k|  64.6 |  5643M | 253 | 203 |  42k|  23k|  42k|  20k|   0 |  44k|  17k| 1.992300e+03 | 2.012600e+03 |   1.02%
 5128s| 26400 | 10012 |  1712k|  64.6 |  5665M | 253 |  14 |  42k|  23k|  42k|  20k|   0 |  44k|  17k| 1.993032e+03 | 2.012600e+03 |   0.98%
 5138s| 26500 | 10046 |  1713k|  64.4 |  5670M | 253 |  12 |  42k|  23k|  42k|  20k|   0 |  44k|  17k| 1.993032e+03 | 2.012600e+03 |   0.98%
 time | node  | left  |LP iter|LP it/n|mem/heur|mdpt |frac |vars |cons |cols |rows |cuts |confs|strbr|  dualbound   | primalbound  |  gap   
 5240s| 26600 | 10086 |  1719k|  64.4 |  5678M | 253 | 121 |  42k|  23k|  42k|  20k|   0 |  44k|  17k| 1.993032e+03 | 2.012600e+03 |   0.98%
 5379s| 26700 | 10130 |  1724k|  64.4 |  5685M | 253 |   - |  42k|  23k|  42k|  20k|   0 |  44k|  17k| 1.993032e+03 | 2.012600e+03 |   0.98%
 5391s| 26800 | 10164 |  1724k|  64.1 |  5691M | 253 |  16 |  42k|  24k|  42k|  20k|   0 |  45k|  17k| 1.993032e+03 | 2.012600e+03 |   0.98%
 5409s| 26900 | 10208 |  1725k|  63.9 |  5703M | 253 |   4 |  42k|  23k|  42k|  20k|   0 |  45k|  17k| 1.993032e+03 | 2.012600e+03 |   0.98%
 5425s| 27000 | 10251 |  1728k|  63.8 |  5711M | 253 |   - |  42k|  24k|  42k|  20k|   0 |  45k|  17k| 1.993032e+03 | 2.012600e+03 |   0.98%
 5445s| 27100 | 10297 |  1730k|  63.6 |  5721M | 253 |  14 |  42k|  23k|  42k|  20k|   0 |  46k|  17k| 1.993032e+03 | 2.012600e+03 |   0.98%
 5463s| 27200 | 10331 |  1731k|  63.4 |  5741M | 253 |  30 |  42k|  24k|  42k|  20k|   0 |  46k|  17k| 1.993032e+03 | 2.012600e+03 |   0.98%
 5476s| 27300 | 10363 |  1732k|  63.2 |  5749M | 253 |   - |  42k|  24k|  42k|  20k|   0 |  46k|  17k| 1.993032e+03 | 2.012600e+03 |   0.98%
 5493s| 27400 | 10400 |  1732k|  63.0 |  5861M | 253 |  15 |  42k|  23k|  42k|  20k|   0 |  47k|  17k| 1.993032e+03 | 2.012600e+03 |   0.98%
 5503s| 27500 | 10436 |  1733k|  62.8 |  5871M | 253 |  12 |  42k|  24k|  42k|  20k|   0 |  47k|  17k| 1.993032e+03 | 2.012600e+03 |   0.98%
L5510s| 27550 |  9244 |  1735k|  62.8 |crossove| 253 | 209 |  42k|  23k|  42k|  20k|   0 |  47k|  18k| 1.993398e+03 | 2.012000e+03 |   0.93%
 5514s| 27600 |  9260 |  1735k|  62.7 |  5875M | 253 |  14 |  42k|  23k|  42k|  20k|   0 |  47k|  18k| 1.993398e+03 | 2.012000e+03 |   0.93%
 5539s| 27700 |  9312 |  1739k|  62.6 |  5894M | 253 |  10 |  42k|  23k|  42k|  20k|   0 |  47k|  18k| 1.993398e+03 | 2.012000e+03 |   0.93%
 5563s| 27800 |  9358 |  1745k|  62.6 |  5931M | 253 |   - |  42k|  23k|  42k|  20k|   0 |  47k|  18k| 1.993398e+03 | 2.012000e+03 |   0.93%
 5584s| 27900 |  9402 |  1746k|  62.4 |  5958M | 253 |  14 |  42k|  24k|  42k|  20k|   0 |  48k|  18k| 1.993398e+03 | 2.012000e+03 |   0.93%
 time | node  | left  |LP iter|LP it/n|mem/heur|mdpt |frac |vars |cons |cols |rows |cuts |confs|strbr|  dualbound   | primalbound  |  gap   
 5622s| 28000 |  9456 |  1751k|  62.3 |  5962M | 253 |   - |  42k|  23k|  42k|  20k|   0 |  48k|  18k| 1.993398e+03 | 2.012000e+03 |   0.93%
 5633s| 28100 |  9498 |  1751k|  62.1 |  5965M | 253 |  16 |  42k|  24k|  42k|  20k|   0 |  48k|  18k| 1.993398e+03 | 2.012000e+03 |   0.93%
 5654s| 28200 |  9520 |  1752k|  61.9 |  6027M | 253 |  17 |  42k|  23k|  42k|  20k|   0 |  48k|  18k| 1.993398e+03 | 2.012000e+03 |   0.93%
 5677s| 28300 |  9540 |  1753k|  61.7 |  6031M | 253 |   - |  42k|  24k|  42k|  20k|   0 |  49k|  18k| 1.993398e+03 | 2.012000e+03 |   0.93%
 5701s| 28400 |  9578 |  1756k|  61.6 |  6052M | 253 |  18 |  42k|  23k|  42k|  20k|   0 |  49k|  18k| 1.993455e+03 | 2.012000e+03 |   0.93%
 5729s| 28500 |  9610 |  1756k|  61.4 |  6079M | 253 |   - |  42k|  24k|  42k|  20k|   0 |  49k|  18k| 1.993455e+03 | 2.012000e+03 |   0.93%
 5747s| 28600 |  9642 |  1757k|  61.2 |  6094M | 253 |  10 |  42k|  24k|  42k|  20k|   0 |  49k|  18k| 1.993455e+03 | 2.012000e+03 |   0.93%
 5756s| 28700 |  9678 |  1757k|  61.0 |  6096M | 253 |   - |  42k|  24k|  42k|  20k|   0 |  50k|  18k| 1.993455e+03 | 2.012000e+03 |   0.93%
 5789s| 28800 |  9720 |  1760k|  60.9 |  6099M | 253 |  10 |  42k|  24k|  42k|  20k|   0 |  50k|  18k| 1.993455e+03 | 2.012000e+03 |   0.93%
 5802s| 28900 |  9766 |  1762k|  60.8 |  6103M | 253 |  18 |  42k|  24k|  42k|  20k|   0 |  50k|  18k| 1.993455e+03 | 2.012000e+03 |   0.93%
 5816s| 29000 |  9814 |  1763k|  60.6 |  6109M | 253 |  35 |  42k|  24k|  42k|  20k|   0 |  50k|  18k| 1.993455e+03 | 2.012000e+03 |   0.93%
 5827s| 29100 |  9886 |  1763k|  60.4 |  6110M | 253 |  25 |  42k|  23k|  42k|  20k|   0 |  50k|  18k| 1.993455e+03 | 2.012000e+03 |   0.93%
 5843s| 29200 |  9940 |  1764k|  60.2 |  6112M | 253 |  21 |  42k|  24k|  42k|  20k|   0 |  50k|  18k| 1.993455e+03 | 2.012000e+03 |   0.93%
 5852s| 29300 |  9972 |  1765k|  60.0 |  6115M | 253 |  31 |  42k|  24k|  42k|  20k|   0 |  50k|  18k| 1.993455e+03 | 2.012000e+03 |   0.93%
 5864s| 29400 | 10004 |  1767k|  59.9 |  6119M | 253 | 104 |  42k|  23k|  42k|  20k|   0 |  50k|  19k| 1.993464e+03 | 2.012000e+03 |   0.93%
 time | node  | left  |LP iter|LP it/n|mem/heur|mdpt |frac |vars |cons |cols |rows |cuts |confs|strbr|  dualbound   | primalbound  |  gap   
 5877s| 29500 | 10026 |  1767k|  59.7 |  6132M | 253 |   - |  42k|  24k|  42k|  20k|   0 |  50k|  19k| 1.993464e+03 | 2.012000e+03 |   0.93%
 5888s| 29600 | 10067 |  1768k|  59.5 |  6138M | 253 |  21 |  42k|  24k|  42k|  20k|   0 |  51k|  19k| 1.993464e+03 | 2.012000e+03 |   0.93%
 5907s| 29700 | 10125 |  1771k|  59.4 |  6143M | 253 |   - |  42k|  24k|  42k|  20k|   0 |  51k|  19k| 1.993468e+03 | 2.012000e+03 |   0.93%
 5919s| 29800 | 10158 |  1772k|  59.3 |  6166M | 253 |   - |  42k|  24k|  42k|  20k|   0 |  51k|  19k| 1.993468e+03 | 2.012000e+03 |   0.93%
 5934s| 29900 | 10198 |  1772k|  59.1 |  6183M | 253 |  11 |  42k|  24k|  42k|  20k|   0 |  51k|  19k| 1.993468e+03 | 2.012000e+03 |   0.93%
 5967s| 30000 | 10234 |  1775k|  59.0 |  6210M | 253 |  33 |  42k|  24k|  42k|  20k|   0 |  51k|  19k| 1.993468e+03 | 2.012000e+03 |   0.93%
 5983s| 30100 | 10274 |  1778k|  58.9 |  6249M | 253 |   - |  42k|  24k|  42k|  20k|   0 |  51k|  19k| 1.993592e+03 | 2.012000e+03 |   0.92%
 5999s| 30200 | 10316 |  1782k|  58.8 |  6258M | 253 |  31 |  42k|  24k|  42k|  20k|   0 |  51k|  19k| 1.993600e+03 | 2.012000e+03 |   0.92%
 6010s| 30300 | 10350 |  1783k|  58.7 |  6264M | 253 |  26 |  42k|  24k|  42k|  20k|   0 |  52k|  19k| 1.993600e+03 | 2.012000e+03 |   0.92%
 6034s| 30400 | 10400 |  1792k|  58.7 |  6294M | 253 |  20 |  42k|  24k|  42k|  20k|   0 |  52k|  19k| 1.993600e+03 | 2.012000e+03 |   0.92%
 6045s| 30500 | 10426 |  1793k|  58.6 |  6304M | 253 |  27 |  42k|  24k|  42k|  20k|   0 |  52k|  19k| 1.993600e+03 | 2.012000e+03 |   0.92%
 6053s| 30600 | 10468 |  1793k|  58.4 |  6305M | 253 |  16 |  42k|  24k|  42k|  20k|   0 |  52k|  19k| 1.993600e+03 | 2.012000e+03 |   0.92%
 6068s| 30700 | 10526 |  1797k|  58.4 |  6308M | 253 |  11 |  42k|  24k|  42k|  20k|   0 |  52k|  19k| 1.993600e+03 | 2.012000e+03 |   0.92%
 6080s| 30800 | 10552 |  1798k|  58.2 |  6321M | 253 |   8 |  42k|  24k|  42k|  20k|   0 |  52k|  19k| 1.993600e+03 | 2.012000e+03 |   0.92%
 6090s| 30900 | 10588 |  1798k|  58.0 |  6333M | 253 |   - |  42k|  24k|  42k|  20k|   0 |  52k|  19k| 1.993600e+03 | 2.012000e+03 |   0.92%
 time | node  | left  |LP iter|LP it/n|mem/heur|mdpt |frac |vars |cons |cols |rows |cuts |confs|strbr|  dualbound   | primalbound  |  gap   
 6153s| 31000 | 10618 |  1803k|  58.0 |  6351M | 253 |   8 |  42k|  24k|  42k|  20k|   0 |  53k|  19k| 1.993600e+03 | 2.012000e+03 |   0.92%
 6161s| 31100 | 10628 |  1804k|  57.8 |  6361M | 253 |  13 |  42k|  24k|  42k|  20k|   0 |  53k|  19k| 1.993600e+03 | 2.012000e+03 |   0.92%
 6184s| 31200 | 10690 |  1820k|  58.2 |  6367M | 253 |  92 |  42k|  24k|  42k|  20k|   0 |  53k|  20k| 1.993600e+03 | 2.012000e+03 |   0.92%
 6347s| 31300 | 10737 |  1830k|  58.3 |  6373M | 253 |   - |  42k|  24k|  42k|  20k|   0 |  53k|  20k| 1.993600e+03 | 2.012000e+03 |   0.92%
 6361s| 31400 | 10765 |  1831k|  58.1 |  6417M | 253 |   - |  42k|  24k|  42k|  20k|   0 |  53k|  20k| 1.993600e+03 | 2.012000e+03 |   0.92%
 6369s| 31500 | 10777 |  1831k|  58.0 |  6441M | 253 |  24 |  42k|  24k|  42k|  20k|   0 |  53k|  20k| 1.993600e+03 | 2.012000e+03 |   0.92%
 6383s| 31600 | 10795 |  1832k|  57.8 |  6496M | 253 |  41 |  42k|  24k|  42k|  20k|   0 |  53k|  20k| 1.993600e+03 | 2.012000e+03 |   0.92%
 6399s| 31700 | 10827 |  1833k|  57.6 |  6506M | 253 |  17 |  42k|  24k|  42k|  20k|   0 |  54k|  20k| 1.993600e+03 | 2.012000e+03 |   0.92%
 6412s| 31800 | 10851 |  1833k|  57.5 |  6524M | 253 |  21 |  42k|  24k|  42k|  20k|   0 |  54k|  20k| 1.993600e+03 | 2.012000e+03 |   0.92%
 6433s| 31900 | 10881 |  1834k|  57.3 |  6602M | 253 |   - |  42k|  24k|  42k|  20k|   0 |  54k|  20k| 1.993600e+03 | 2.012000e+03 |   0.92%
 6453s| 32000 | 10913 |  1835k|  57.2 |  6649M | 253 |  45 |  42k|  24k|  42k|  20k|   0 |  54k|  20k| 1.993600e+03 | 2.012000e+03 |   0.92%
 6470s| 32100 | 10939 |  1835k|  57.0 |  6661M | 253 |  27 |  42k|  24k|  42k|  20k|   0 |  54k|  20k| 1.993600e+03 | 2.012000e+03 |   0.92%
 6493s| 32200 | 10972 |  1836k|  56.8 |  6690M | 253 |   - |  42k|  24k|  42k|  20k|   0 |  54k|  20k| 1.993600e+03 | 2.012000e+03 |   0.92%
 6507s| 32300 | 10996 |  1837k|  56.7 |  6723M | 253 |   - |  42k|  24k|  42k|  20k|   0 |  54k|  20k| 1.993600e+03 | 2.012000e+03 |   0.92%
 6525s| 32400 | 11024 |  1838k|  56.5 |  6748M | 253 |   - |  42k|  24k|  42k|  20k|   0 |  54k|  20k| 1.993600e+03 | 2.012000e+03 |   0.92%
 time | node  | left  |LP iter|LP it/n|mem/heur|mdpt |frac |vars |cons |cols |rows |cuts |confs|strbr|  dualbound   | primalbound  |  gap   
 6541s| 32500 | 11052 |  1838k|  56.4 |  6754M | 253 |  11 |  42k|  24k|  42k|  20k|   0 |  54k|  20k| 1.993600e+03 | 2.012000e+03 |   0.92%
 6555s| 32600 | 11094 |  1842k|  56.3 |  6792M | 253 |  19 |  42k|  24k|  42k|  20k|   0 |  54k|  20k| 1.993600e+03 | 2.012000e+03 |   0.92%
 6571s| 32700 | 11144 |  1849k|  56.4 |  6802M | 253 |   9 |  42k|  24k|  42k|  20k|   0 |  54k|  20k| 1.993600e+03 | 2.012000e+03 |   0.92%
 6582s| 32800 | 11192 |  1854k|  56.3 |  6818M | 253 |   - |  42k|  24k|  42k|  20k|   0 |  55k|  21k| 1.993600e+03 | 2.012000e+03 |   0.92%
 6601s| 32900 | 11211 |  1854k|  56.2 |  6844M | 253 |  15 |  42k|  24k|  42k|  20k|   0 |  55k|  21k| 1.993600e+03 | 2.012000e+03 |   0.92%
 6632s| 33000 | 11233 |  1855k|  56.0 |  6896M | 253 |  17 |  42k|  24k|  42k|  20k|   0 |  55k|  21k| 1.993600e+03 | 2.012000e+03 |   0.92%
 6644s| 33100 | 11251 |  1855k|  55.9 |  6904M | 253 |  19 |  42k|  24k|  42k|  20k|   0 |  55k|  21k| 1.993600e+03 | 2.012000e+03 |   0.92%
 6808s| 33200 | 11295 |  1860k|  55.8 |  6915M | 253 |  37 |  42k|  24k|  42k|  20k|   0 |  55k|  21k| 1.993600e+03 | 2.012000e+03 |   0.92%
 6822s| 33300 | 11345 |  1865k|  55.8 |  6922M | 253 |  15 |  42k|  24k|  42k|  20k|   0 |  55k|  21k| 1.993600e+03 | 2.012000e+03 |   0.92%
 6840s| 33400 | 11357 |  1866k|  55.7 |  6969M | 253 |  45 |  42k|  24k|  42k|  20k|   0 |  55k|  21k| 1.993600e+03 | 2.012000e+03 |   0.92%
 6849s| 33500 | 11385 |  1866k|  55.5 |  6979M | 253 |  35 |  42k|  24k|  42k|  20k|   0 |  55k|  21k| 1.993600e+03 | 2.012000e+03 |   0.92%
 6862s| 33600 | 11415 |  1867k|  55.4 |  7063M | 253 |  40 |  42k|  24k|  42k|  20k|   0 |  55k|  21k| 1.993600e+03 | 2.012000e+03 |   0.92%
 6874s| 33700 | 11441 |  1867k|  55.2 |  7069M | 253 |   - |  42k|  24k|  42k|  20k|   0 |  56k|  21k| 1.993600e+03 | 2.012000e+03 |   0.92%
 6882s| 33800 | 11495 |  1869k|  55.1 |  7074M | 253 | 277 |  42k|  24k|  42k|  20k|   0 |  56k|  21k| 1.993600e+03 | 2.012000e+03 |   0.92%
 6900s| 33900 | 11531 |  1873k|  55.1 |  7080M | 253 | 186 |  42k|  24k|  42k|  20k|   0 |  56k|  21k| 1.993600e+03 | 2.012000e+03 |   0.92%
 time | node  | left  |LP iter|LP it/n|mem/heur|mdpt |frac |vars |cons |cols |rows |cuts |confs|strbr|  dualbound   | primalbound  |  gap   
 6917s| 34000 | 11591 |  1881k|  55.2 |  7088M | 253 |   8 |  42k|  24k|  42k|  20k|   0 |  56k|  21k| 1.993600e+03 | 2.012000e+03 |   0.92%
 6927s| 34100 | 11621 |  1882k|  55.0 |  7093M | 253 |   - |  42k|  24k|  42k|  20k|   0 |  56k|  21k| 1.993600e+03 | 2.012000e+03 |   0.92%
 6939s| 34200 | 11645 |  1882k|  54.9 |  7103M | 253 |  46 |  42k|  24k|  42k|  20k|   0 |  56k|  21k| 1.993600e+03 | 2.012000e+03 |   0.92%
 6953s| 34300 | 11679 |  1886k|  54.8 |  7111M | 253 | 213 |  42k|  24k|  42k|  20k|   0 |  57k|  21k| 1.993600e+03 | 2.012000e+03 |   0.92%
 6960s| 34400 | 11701 |  1887k|  54.7 |  7113M | 253 |   8 |  42k|  24k|  42k|  20k|   0 |  57k|  21k| 1.993600e+03 | 2.012000e+03 |   0.92%
 7034s| 34500 | 11753 |  1895k|  54.8 |  7120M | 253 |  18 |  42k|  24k|  42k|  20k|   0 |  57k|  22k| 1.993600e+03 | 2.012000e+03 |   0.92%
 7046s| 34600 | 11767 |  1896k|  54.6 |  7134M | 253 |   - |  42k|  24k|  42k|  20k|   0 |  57k|  22k| 1.993600e+03 | 2.012000e+03 |   0.92%
 7063s| 34700 | 11771 |  1896k|  54.5 |  7145M | 253 |   - |  42k|  24k|  42k|  20k|   0 |  57k|  22k| 1.993600e+03 | 2.012000e+03 |   0.92%
 7074s| 34800 | 11777 |  1897k|  54.3 |  7159M | 253 |   - |  42k|  24k|  42k|  20k|   0 |  58k|  22k| 1.993600e+03 | 2.012000e+03 |   0.92%
 7086s| 34900 | 11801 |  1898k|  54.2 |  7170M | 253 |   - |  42k|  24k|  42k|  20k|   0 |  58k|  22k| 1.993600e+03 | 2.012000e+03 |   0.92%
 7098s| 35000 | 11833 |  1901k|  54.2 |  7177M | 253 | 216 |  42k|  24k|  42k|  20k|   0 |  58k|  22k| 1.993600e+03 | 2.012000e+03 |   0.92%
 7112s| 35100 | 11872 |  1904k|  54.1 |  7186M | 253 |  29 |  42k|  24k|  42k|  20k|   0 |  58k|  22k| 1.993600e+03 | 2.012000e+03 |   0.92%
 7125s| 35200 | 11916 |  1909k|  54.1 |  7193M | 253 |   - |  42k|  24k|  42k|  20k|   0 |  58k|  22k| 1.993600e+03 | 2.012000e+03 |   0.92%
 7136s| 35300 | 11972 |  1913k|  54.0 |  7198M | 253 |  15 |  42k|  24k|  42k|  20k|   0 |  58k|  22k| 1.993600e+03 | 2.012000e+03 |   0.92%
 7143s| 35400 | 11990 |  1913k|  53.9 |  7199M | 253 |  26 |  42k|  24k|  42k|  20k|   0 |  59k|  22k| 1.993600e+03 | 2.012000e+03 |   0.92%
 time | node  | left  |LP iter|LP it/n|mem/heur|mdpt |frac |vars |cons |cols |rows |cuts |confs|strbr|  dualbound   | primalbound  |  gap   
 7157s| 35500 | 12020 |  1916k|  53.8 |  7207M | 253 |   - |  42k|  24k|  42k|  20k|   0 |  59k|  22k| 1.993600e+03 | 2.012000e+03 |   0.92%
 7169s| 35600 | 12062 |  1919k|  53.7 |  7215M | 253 |  21 |  42k|  24k|  42k|  20k|   0 |  59k|  22k| 1.993600e+03 | 2.012000e+03 |   0.92%
 7182s| 35700 | 12091 |  1922k|  53.7 |  7222M | 253 | 294 |  42k|  24k|  42k|  20k|   0 |  59k|  22k| 1.993600e+03 | 2.012000e+03 |   0.92%
 7191s| 35800 | 12133 |  1923k|  53.6 |  7224M | 253 |   - |  42k|  24k|  42k|  20k|   0 |  59k|  22k| 1.993600e+03 | 2.012000e+03 |   0.92%

SCIP Status        : solving was interrupted [time limit reached]
Solving Time (sec) : 7201.52
Solving Nodes      : 35800
Primal Bound       : +2.01200000000000e+03 (36 solutions)
Dual Bound         : +1.99360000000000e+03
Gap                : 0.92 %

Number of variables fixed to 0 by isomorphism pruning:	 23794
Number of variables fixed to 1 by isomorphism pruning:	     0
@04 1686588671
