FILENAME:   /home/mcs001/s132664/testsets/IP/miplib2017/pw-myciel4.mps.gz
SETTINGS:   settings_isopr_ostrowskidynamicbranching_avoidsubtreenodes
TIMELIMIT:  7200
OUTPUTNAME: final_miplib_symretope_if_extended_generating_set_cpx_v802__settings_isopr_ostrowskidynamicbranching_avoidsubtreenodes__1__
BINNAME:    bin/symmetries.linux.x86_64.gnu.opt.cpx
BASENAME:   pw-myciel4.mps.gz
SEED:       1
@01 /home/mcs001/s132664/testsets/IP/miplib2017/pw-myciel4.mps.gz ===========
@02 pw-myciel4.mps.gz
@03 1686574521
SCIP version 8.0.2 [precision: 8 byte] [memory: block] [mode: optimized] [LP solver: CPLEX 20.1.0.0] [GitHash: 5f0473c]
Copyright (C) 2002-2022 Konrad-Zuse-Zentrum fuer Informationstechnik Berlin (ZIB)

Symmetry handling routines - (c) Marc Pfetsch, Thomas Rehn, Christopher Hojny.
[GitHash: a1587cb]


Turned off presolver <gateextraction>.
reading parameter file <../settings/settings_isopr_ostrowskidynamicbranching_avoidsubtreenodes.set> ...

Changed settings:
limits/time = 7200
limits/restarts = 0
randomization/randomseedshift = 1
constraints/orbitope/sepafreq = -1
constraints/orbitope/propfreq = 1
presolving/gateextraction/maxrounds = 0
propagating/isoprune/avoidsubtreenodes = TRUE
useisoprune = TRUE


solving problem ...

original problem has 1059 variables (1058 bin, 1 int, 0 impl, 0 cont) and 8164 constraints
presolving:
(round 1, fast)       0 del vars, 3796 del conss, 0 add conss, 0 chg bounds, 0 chg sides, 0 chg coeffs, 0 upgd conss, 0 impls, 4346 clqs
(round 2, fast)       23 del vars, 3984 del conss, 0 add conss, 0 chg bounds, 0 chg sides, 0 chg coeffs, 0 upgd conss, 0 impls, 4158 clqs
(round 3, exhaustive) 23 del vars, 3984 del conss, 0 add conss, 1 chg bounds, 0 chg sides, 0 chg coeffs, 4158 upgd conss, 0 impls, 4158 clqs
(round 4, medium)     46 del vars, 3984 del conss, 0 add conss, 1 chg bounds, 23 chg sides, 23 chg coeffs, 4158 upgd conss, 0 impls, 4158 clqs
   (0.8s) probing: 1000/1012 (98.8%) - 0 fixings, 0 aggregations, 72387 implications, 0 bound changes
   (0.8s) probing: 1001/1012 (98.9%) - 0 fixings, 0 aggregations, 72402 implications, 0 bound changes
   (0.8s) probing aborted: 1000/1000 successive useless probings
Required symmetry:			(1 bin, 0 int, 0 cont); (fixed: 0 bin, 1 int, 0 cont)
Time for symmetry detection:		0.01 	(matrix graph, 6712 nodes, 19532 edges)
Number of generators:			2 	(max: 1500)
Order of symmetry group:		10
Log10 of symmetry group order:		1.0
Number of vars moved by some symmetry:	880
Total time for symmetry detection:	0.01

Turned off presolver <domcol>.
Turned off presolver <components>.

presolving (5 rounds: 5 fast, 3 medium, 2 exhaustive):
 46 deleted vars, 3984 deleted constraints, 0 added constraints, 1 tightened bounds, 0 added holes, 23 changed sides, 23 changed coefficients
 136 implications, 17318 cliques
presolved problem has 1013 variables (1012 bin, 1 int, 0 impl, 0 cont) and 4181 constraints
   4158 constraints of type <setppc>
     22 constraints of type <linear>
      1 constraints of type <symmetries>
transformed objective value is always integral (scale: 1)
Presolving Time: 0.77

 time | node  | left  |LP iter|LP it/n|mem/heur|mdpt |frac |vars |cons |cols |rows |cuts |confs|strbr|  dualbound   | primalbound  |  gap   
p 0.8s|     1 |     0 |     0 |     - |  clique|   0 |   - |1013 |4181 |1013 |4180 |   0 |   0 |   0 | 0.000000e+00 | 1.800000e+01 |    Inf 
  0.9s|     1 |     0 |   311 |     - |    27M |   0 | 623 |1013 |4202 |1013 |4180 |   0 |  21 |   0 | 0.000000e+00 | 1.800000e+01 |    Inf 
  4.0s|     1 |     0 |  7755 |     - |    32M |   0 | 640 |1013 |4130 |1013 |4180 |   0 |  33 |  12 | 0.000000e+00 | 1.800000e+01 |    Inf 
  4.3s|     1 |     0 |  7755 |     - |    34M |   0 | 640 |1013 |4137 |1013 |4031 |   0 |  40 |  12 | 0.000000e+00 | 1.800000e+01 |    Inf 
  7.2s|     1 |     0 |  8646 |     - |    34M |   0 | 556 |1013 |3920 |1013 |4031 |   0 |  46 |  30 | 1.000000e+00 | 1.800000e+01 |1700.00%
  7.6s|     1 |     0 |  8646 |     - |    38M |   0 | 556 |1013 |3893 |1013 |3757 |   0 |  48 |  30 | 1.000000e+00 | 1.800000e+01 |1700.00%
  8.8s|     1 |     2 |  8646 |     - |    38M |   0 | 556 |1013 |3812 |1013 |3757 |   0 |  48 |  42 | 1.000000e+00 | 1.800000e+01 |1700.00%
*11.0s|    45 |    32 | 17771 | 389.0 |strongbr|  14 |   - |1013 |4009 |1013 |3757 |   0 | 245 | 114 | 1.000000e+00 | 1.200000e+01 |1100.00%
r11.2s|    54 |    31 | 19199 | 349.9 |rounding|  14 |   - |1013 |4009 |1013 |3757 |   0 | 247 | 115 | 1.000000e+00 | 1.100000e+01 |1000.00%
 13.3s|   100 |    55 | 25959 | 255.6 |    42M |  15 | 369 |1013 |4124 |1013 |3757 |   0 | 362 | 217 | 1.000000e+00 | 1.100000e+01 |1000.00%
d19.8s|   163 |    67 | 35351 | 214.2 |veclendi|  15 |   - |1013 |4456 |1013 |3757 |   0 | 830 | 733 | 1.000000e+00 | 1.000000e+01 | 900.00%
 22.7s|   200 |    76 | 42883 | 212.2 |    48M |  15 |   - |1013 |4712 |1013 |3757 |   0 |1128 | 928 | 1.000000e+00 | 1.000000e+01 | 900.00%
 27.7s|   300 |   136 | 55250 | 182.6 |    52M |  20 | 171 |1013 |4845 |1013 |3757 |   0 |1382 |1095 | 1.000000e+00 | 1.000000e+01 | 900.00%
 30.1s|   400 |   157 | 62779 | 155.7 |    56M |  20 |   - |1013 |5102 |1013 |3757 |   0 |1705 |1201 | 1.000000e+00 | 1.000000e+01 | 900.00%
 33.9s|   500 |   188 | 71977 | 142.9 |    60M |  20 |   - |1013 |5277 |1013 |3757 |   0 |1991 |1365 | 1.750000e+00 | 1.000000e+01 | 471.43%
 time | node  | left  |LP iter|LP it/n|mem/heur|mdpt |frac |vars |cons |cols |rows |cuts |confs|strbr|  dualbound   | primalbound  |  gap   
 37.7s|   600 |   237 | 81227 | 134.5 |    65M |  20 | 168 |1013 |5486 |1013 |3757 |   0 |2304 |1549 | 1.750000e+00 | 1.000000e+01 | 471.43%
 44.6s|   700 |   303 |100442 | 142.8 |    67M |  21 | 326 |1013 |5638 |1013 |3757 |   0 |2809 |1774 | 2.000000e+00 | 1.000000e+01 | 400.00%
 49.2s|   800 |   342 |119239 | 148.4 |    67M |  21 |  76 |1013 |5975 |1013 |3757 |   0 |3377 |1914 | 2.333333e+00 | 1.000000e+01 | 328.57%
 53.1s|   900 |   352 |128951 | 142.7 |    67M |  21 | 301 |1013 |6099 |1013 |3757 |   0 |3705 |1997 | 3.000000e+00 | 1.000000e+01 | 233.33%
 54.7s|  1000 |   360 |135300 | 134.8 |    69M |  21 | 235 |1013 |6204 |1013 |3757 |   0 |4045 |2046 | 3.000000e+00 | 1.000000e+01 | 233.33%
 57.8s|  1100 |   358 |143571 | 130.0 |    71M |  21 |   - |1013 |6270 |   0 |   0 |   0 |4394 |2143 | 3.000000e+00 | 1.000000e+01 | 233.33%
 61.2s|  1200 |   379 |156512 | 130.0 |    71M |  21 |   - |1013 |6184 |   0 |   0 |   0 |4836 |2240 | 3.500000e+00 | 1.000000e+01 | 185.71%
 63.8s|  1300 |   391 |166026 | 127.3 |    71M |  21 |   - |1013 |6259 |   0 |   0 |   0 |5237 |2283 | 4.000000e+00 | 1.000000e+01 | 150.00%
 66.0s|  1400 |   402 |172496 | 122.8 |    71M |  21 |  73 |1013 |6526 |1013 |3757 |   0 |5664 |2298 | 4.000000e+00 | 1.000000e+01 | 150.00%
 66.9s|  1500 |   407 |175535 | 116.7 |    72M |  21 |  56 |1013 |6716 |1013 |3757 |   0 |6009 |2310 | 4.000000e+00 | 1.000000e+01 | 150.00%
 68.3s|  1600 |   398 |180500 | 112.5 |    72M |  21 | 155 |1013 |6571 |1013 |3757 |   0 |6264 |2325 | 4.000000e+00 | 1.000000e+01 | 150.00%
 70.4s|  1700 |   392 |186475 | 109.4 |    72M |  21 | 209 |1013 |6511 |1013 |3757 |   0 |6545 |2363 | 4.000000e+00 | 1.000000e+01 | 150.00%
 71.6s|  1800 |   402 |191182 | 105.9 |    72M |  21 |  73 |1013 |6514 |1013 |3757 |   0 |6758 |2391 | 4.000000e+00 | 1.000000e+01 | 150.00%
 73.2s|  1900 |   407 |197324 | 103.6 |    72M |  25 |   - |1013 |6295 |1013 |3757 |   0 |6894 |2410 | 4.266667e+00 | 1.000000e+01 | 134.38%
 75.0s|  2000 |   421 |206435 | 102.9 |    72M |  25 |   - |1013 |6431 |1013 |3757 |   0 |7219 |2430 | 4.375000e+00 | 1.000000e+01 | 128.57%
 time | node  | left  |LP iter|LP it/n|mem/heur|mdpt |frac |vars |cons |cols |rows |cuts |confs|strbr|  dualbound   | primalbound  |  gap   
 76.4s|  2100 |   414 |212210 | 100.8 |    72M |  25 |   - |1013 |6544 |1013 |3757 |   0 |7507 |2443 | 4.375000e+00 | 1.000000e+01 | 128.57%
 79.4s|  2200 |   439 |224078 | 101.6 |    72M |  25 |   - |1013 |6651 |1013 |3757 |   0 |7908 |2489 | 4.500000e+00 | 1.000000e+01 | 122.22%
 81.0s|  2300 |   441 |230481 | 100.0 |    72M |  25 |   - |1013 |6637 |   0 |   0 |   0 |8079 |2499 | 4.500000e+00 | 1.000000e+01 | 122.22%
 84.2s|  2400 |   446 |239211 |  99.4 |    72M |  26 | 146 |1013 |6785 |1013 |3757 |   0 |8388 |2513 | 4.562500e+00 | 1.000000e+01 | 119.18%
 85.2s|  2500 |   456 |242967 |  97.0 |    72M |  34 | 115 |1013 |6971 |1013 |3757 |   0 |8634 |2520 | 4.595238e+00 | 1.000000e+01 | 117.62%
 86.1s|  2600 |   456 |248310 |  95.3 |    72M |  34 | 179 |1013 |7094 |1013 |3757 |   0 |8917 |2534 | 4.631579e+00 | 1.000000e+01 | 115.91%
 87.4s|  2700 |   461 |253634 |  93.7 |    72M |  34 |   - |1013 |7168 |1013 |3757 |   0 |9155 |2547 | 4.700000e+00 | 1.000000e+01 | 112.77%
 88.7s|  2800 |   475 |259019 |  92.3 |    72M |  34 |   - |1013 |7307 |   0 |   0 |   0 |9450 |2572 | 5.000000e+00 | 1.000000e+01 | 100.00%
 90.1s|  2900 |   488 |265433 |  91.3 |    72M |  34 | 164 |1013 |7393 |1013 |3757 |   0 |9686 |2592 | 5.000000e+00 | 1.000000e+01 | 100.00%
 91.7s|  3000 |   487 |270503 |  90.0 |    72M |  34 |   - |1013 |7469 |1013 |3757 |   0 |9907 |2653 | 5.000000e+00 | 1.000000e+01 | 100.00%
 93.4s|  3100 |   494 |276753 |  89.1 |    72M |  34 | 193 |1013 |7591 |1013 |3757 |   0 |  10k|2705 | 5.000000e+00 | 1.000000e+01 | 100.00%
 94.6s|  3200 |   501 |281309 |  87.7 |    73M |  34 |   - |1013 |7887 |1013 |3757 |   0 |  10k|2748 | 5.000000e+00 | 1.000000e+01 | 100.00%
 96.5s|  3300 |   517 |289146 |  87.4 |    74M |  34 |   - |1013 |7844 |1013 |3757 |   0 |  11k|2807 | 5.000000e+00 | 1.000000e+01 | 100.00%
 98.3s|  3400 |   513 |293495 |  86.2 |    74M |  34 | 130 |1013 |7791 |1013 |3757 |   0 |  11k|2836 | 5.000000e+00 | 1.000000e+01 | 100.00%
  101s|  3500 |   517 |302281 |  86.2 |    75M |  34 |   - |1013 |7661 |   0 |   0 |   0 |  11k|2881 | 5.000000e+00 | 1.000000e+01 | 100.00%
 time | node  | left  |LP iter|LP it/n|mem/heur|mdpt |frac |vars |cons |cols |rows |cuts |confs|strbr|  dualbound   | primalbound  |  gap   
  102s|  3600 |   529 |307815 |  85.3 |    75M |  34 | 166 |1013 |7826 |1013 |3757 |   0 |  11k|2921 | 5.000000e+00 | 1.000000e+01 | 100.00%
  103s|  3700 |   533 |313104 |  84.5 |    75M |  34 |   - |1013 |7977 |1013 |3757 |   0 |  12k|2991 | 5.000000e+00 | 1.000000e+01 | 100.00%
  106s|  3800 |   546 |322440 |  84.7 |    75M |  34 | 175 |1013 |8011 |1013 |3757 |   0 |  12k|3038 | 5.000000e+00 | 1.000000e+01 | 100.00%
  107s|  3900 |   554 |328203 |  84.0 |    76M |  34 | 131 |1013 |8208 |1013 |3757 |   0 |  12k|3071 | 5.000000e+00 | 1.000000e+01 | 100.00%
  109s|  4000 |   565 |336172 |  83.9 |    76M |  34 | 171 |1013 |8396 |1013 |3757 |   0 |  13k|3142 | 5.000000e+00 | 1.000000e+01 | 100.00%
  111s|  4100 |   587 |343187 |  83.6 |    76M |  34 |   - |1013 |8640 |   0 |   0 |   0 |  13k|3200 | 5.000000e+00 | 1.000000e+01 | 100.00%
  112s|  4200 |   589 |350054 |  83.2 |    76M |  34 | 200 |1013 |8749 |1013 |3757 |   0 |  13k|3244 | 5.000000e+00 | 1.000000e+01 | 100.00%
  114s|  4300 |   590 |355039 |  82.4 |    76M |  34 | 123 |1013 |8942 |1013 |3757 |   0 |  14k|3296 | 5.000000e+00 | 1.000000e+01 | 100.00%
  115s|  4400 |   589 |360118 |  81.7 |    76M |  34 | 190 |1013 |9070 |1013 |3757 |   0 |  14k|3348 | 5.000000e+00 | 1.000000e+01 | 100.00%
  117s|  4500 |   599 |366212 |  81.3 |    77M |  34 |  88 |1013 |9109 |1013 |3757 |   0 |  14k|3405 | 5.000000e+00 | 1.000000e+01 | 100.00%
  118s|  4600 |   611 |372481 |  80.8 |    77M |  34 |   - |1013 |8973 |1013 |3757 |   0 |  14k|3423 | 5.000000e+00 | 1.000000e+01 | 100.00%
  118s|  4700 |   604 |376693 |  80.0 |    77M |  34 | 104 |1013 |8974 |1013 |3757 |   0 |  14k|3462 | 5.000000e+00 | 1.000000e+01 | 100.00%
  119s|  4800 |   603 |380022 |  79.1 |    77M |  34 |   - |1013 |9071 |1013 |3757 |   0 |  14k|3481 | 5.000000e+00 | 1.000000e+01 | 100.00%
  121s|  4900 |   620 |387974 |  79.1 |    77M |  34 |   - |1013 |8888 |1013 |3757 |   0 |  15k|3536 | 5.000000e+00 | 1.000000e+01 | 100.00%
  122s|  5000 |   627 |393535 |  78.6 |    77M |  34 | 126 |1013 |8891 |1013 |3757 |   0 |  15k|3563 | 5.000000e+00 | 1.000000e+01 | 100.00%
 time | node  | left  |LP iter|LP it/n|mem/heur|mdpt |frac |vars |cons |cols |rows |cuts |confs|strbr|  dualbound   | primalbound  |  gap   
  123s|  5100 |   628 |397297 |  77.8 |    77M |  34 | 168 |1013 |8990 |1013 |3757 |   0 |  15k|3604 | 5.000000e+00 | 1.000000e+01 | 100.00%
  124s|  5200 |   633 |401837 |  77.2 |    77M |  34 | 136 |1013 |9051 |1013 |3757 |   0 |  15k|3657 | 5.000000e+00 | 1.000000e+01 | 100.00%
  125s|  5300 |   641 |406582 |  76.6 |    77M |  34 |   - |1013 |9202 |1013 |3757 |   0 |  15k|3704 | 5.000000e+00 | 1.000000e+01 | 100.00%
  126s|  5400 |   641 |412494 |  76.3 |    77M |  34 | 148 |1013 |9018 |1013 |3757 |   0 |  16k|3752 | 5.000000e+00 | 1.000000e+01 | 100.00%
  127s|  5500 |   642 |417237 |  75.8 |    77M |  34 |   - |1013 |9040 |1013 |3757 |   0 |  16k|3780 | 5.000000e+00 | 1.000000e+01 | 100.00%
  128s|  5600 |   636 |422409 |  75.3 |    77M |  34 | 108 |1013 |8977 |1013 |3757 |   0 |  16k|3810 | 5.000000e+00 | 1.000000e+01 | 100.00%
  129s|  5700 |   641 |425175 |  74.5 |    78M |  34 |   - |1013 |8969 |   0 |   0 |   0 |  16k|3837 | 5.000000e+00 | 1.000000e+01 | 100.00%
  130s|  5800 |   635 |430051 |  74.0 |    78M |  34 | 153 |1013 |8892 |1013 |3757 |   0 |  17k|3869 | 5.000000e+00 | 1.000000e+01 | 100.00%
  131s|  5900 |   628 |433308 |  73.3 |    78M |  34 |   - |1013 |8966 |1013 |3757 |   0 |  17k|3898 | 5.000000e+00 | 1.000000e+01 | 100.00%
  132s|  6000 |   621 |437340 |  72.8 |    78M |  34 | 224 |1013 |8959 |1013 |3757 |   0 |  17k|3938 | 5.000000e+00 | 1.000000e+01 | 100.00%
  133s|  6100 |   634 |441848 |  72.3 |    78M |  34 | 166 |1013 |8990 |1013 |3757 |   0 |  17k|3959 | 5.000000e+00 | 1.000000e+01 | 100.00%
  134s|  6200 |   634 |445981 |  71.8 |    78M |  34 | 121 |1013 |9020 |1013 |3757 |   0 |  17k|3970 | 5.000000e+00 | 1.000000e+01 | 100.00%
  135s|  6300 |   624 |450628 |  71.4 |    78M |  34 |   - |1013 |9051 |1013 |3757 |   0 |  18k|3985 | 5.000000e+00 | 1.000000e+01 | 100.00%
  136s|  6400 |   607 |455662 |  71.1 |    78M |  34 | 222 |1013 |9060 |1013 |3757 |   0 |  18k|4012 | 5.000000e+00 | 1.000000e+01 | 100.00%
  138s|  6500 |   606 |461400 |  70.9 |    78M |  34 |   - |1013 |9171 |1013 |3757 |   0 |  18k|4055 | 5.000000e+00 | 1.000000e+01 | 100.00%
 time | node  | left  |LP iter|LP it/n|mem/heur|mdpt |frac |vars |cons |cols |rows |cuts |confs|strbr|  dualbound   | primalbound  |  gap   
  139s|  6600 |   612 |469280 |  71.0 |    78M |  34 |   - |1013 |9292 |1013 |3757 |   0 |  18k|4073 | 5.000000e+00 | 1.000000e+01 | 100.00%
  140s|  6700 |   605 |473335 |  70.6 |    78M |  34 | 199 |1013 |9329 |1013 |3757 |   0 |  19k|4101 | 5.000000e+00 | 1.000000e+01 | 100.00%
  141s|  6800 |   598 |477353 |  70.1 |    78M |  34 |   - |1013 |9436 |   0 |   0 |   0 |  19k|4130 | 5.000000e+00 | 1.000000e+01 | 100.00%
  142s|  6900 |   604 |481156 |  69.6 |    78M |  34 |  80 |1013 |9555 |1013 |3757 |   0 |  19k|4148 | 5.000000e+00 | 1.000000e+01 | 100.00%
  143s|  7000 |   586 |483849 |  69.0 |    78M |  34 |   - |1013 |9699 |1013 |3757 |   0 |  19k|4160 | 5.000000e+00 | 1.000000e+01 | 100.00%
  144s|  7100 |   592 |487639 |  68.6 |    78M |  34 | 143 |1013 |9866 |1013 |3757 |   0 |  20k|4181 | 5.000000e+00 | 1.000000e+01 | 100.00%
  145s|  7200 |   608 |493886 |  68.5 |    78M |  34 |   - |1013 |9982 |1013 |3757 |   0 |  20k|4199 | 5.000000e+00 | 1.000000e+01 | 100.00%
  146s|  7300 |   617 |498036 |  68.1 |    78M |  34 |  64 |1013 |  10k|1013 |3757 |   0 |  20k|4212 | 5.000000e+00 | 1.000000e+01 | 100.00%
  146s|  7400 |   614 |501264 |  67.7 |    78M |  34 | 150 |1013 |  10k|1013 |3757 |   0 |  20k|4224 | 5.000000e+00 | 1.000000e+01 | 100.00%
  148s|  7500 |   633 |509109 |  67.8 |    78M |  34 |  82 |1013 |  10k|1013 |3757 |   0 |  20k|4254 | 5.000000e+00 | 1.000000e+01 | 100.00%
  149s|  7600 |   633 |513489 |  67.5 |    78M |  34 | 115 |1013 |  10k|1013 |3757 |   0 |  20k|4262 | 5.000000e+00 | 1.000000e+01 | 100.00%
  149s|  7700 |   633 |516060 |  66.9 |    78M |  34 |   - |1013 |  10k|1013 |3757 |   0 |  20k|4268 | 5.000000e+00 | 1.000000e+01 | 100.00%
  150s|  7800 |   627 |520274 |  66.6 |    78M |  34 | 161 |1013 |  10k|1013 |3757 |   0 |  21k|4291 | 5.000000e+00 | 1.000000e+01 | 100.00%
  151s|  7900 |   634 |525533 |  66.4 |    78M |  34 | 128 |1013 |9984 |1013 |3757 |   0 |  21k|4313 | 5.166667e+00 | 1.000000e+01 |  93.55%
  152s|  8000 |   635 |529026 |  66.1 |    78M |  34 | 139 |1013 |  10k|1013 |3757 |   0 |  21k|4321 | 5.166667e+00 | 1.000000e+01 |  93.55%
 time | node  | left  |LP iter|LP it/n|mem/heur|mdpt |frac |vars |cons |cols |rows |cuts |confs|strbr|  dualbound   | primalbound  |  gap   
  153s|  8100 |   631 |533956 |  65.8 |    78M |  34 | 178 |1013 |  10k|1013 |3757 |   0 |  21k|4333 | 5.166667e+00 | 1.000000e+01 |  93.55%
  154s|  8200 |   627 |537447 |  65.5 |    78M |  34 |   - |1013 |  10k|1013 |3757 |   0 |  21k|4350 | 5.166667e+00 | 1.000000e+01 |  93.55%
  155s|  8300 |   622 |540930 |  65.1 |    78M |  34 | 188 |1013 |  10k|1013 |3757 |   0 |  22k|4372 | 5.200000e+00 | 1.000000e+01 |  92.31%
  156s|  8400 |   618 |545385 |  64.9 |    78M |  34 |   - |1013 |  10k|1013 |3757 |   0 |  22k|4397 | 5.242424e+00 | 1.000000e+01 |  90.75%
  157s|  8500 |   619 |547779 |  64.4 |    78M |  34 |   - |1013 |  10k|1013 |3757 |   0 |  22k|4417 | 5.250000e+00 | 1.000000e+01 |  90.48%
  157s|  8600 |   631 |552376 |  64.2 |    79M |  34 |   - |1013 |  10k|   0 |   0 |   0 |  22k|4429 | 5.285714e+00 | 1.000000e+01 |  89.19%
  159s|  8700 |   629 |557465 |  64.0 |    79M |  34 |   - |1013 |  10k|1013 |3757 |   0 |  22k|4471 | 5.294118e+00 | 1.000000e+01 |  88.89%
  160s|  8800 |   635 |562264 |  63.8 |    79M |  34 | 221 |1013 |  10k|1013 |3757 |   0 |  23k|4498 | 5.305389e+00 | 1.000000e+01 |  88.49%
  161s|  8900 |   639 |565863 |  63.5 |    79M |  34 |   - |1013 |  10k|1013 |3757 |   0 |  23k|4545 | 5.379310e+00 | 1.000000e+01 |  85.90%
  162s|  9000 |   632 |568755 |  63.1 |    79M |  34 |   - |1013 |  10k|1013 |3757 |   0 |  23k|4559 | 5.500000e+00 | 1.000000e+01 |  81.82%
  163s|  9100 |   628 |572079 |  62.8 |    79M |  34 |   - |1013 |  10k|1013 |3757 |   0 |  23k|4581 | 5.523810e+00 | 1.000000e+01 |  81.03%
  164s|  9200 |   629 |575953 |  62.5 |    79M |  34 | 185 |1013 |  10k|1013 |3757 |   0 |  23k|4625 | 5.555556e+00 | 1.000000e+01 |  80.00%
  165s|  9300 |   629 |581044 |  62.4 |    79M |  34 | 204 |1013 |  10k|1013 |3757 |   0 |  24k|4658 | 5.555556e+00 | 1.000000e+01 |  80.00%
  167s|  9400 |   622 |585074 |  62.2 |    79M |  34 | 156 |1013 |  10k|1013 |3757 |   0 |  24k|4717 | 5.586420e+00 | 1.000000e+01 |  79.01%
  168s|  9500 |   615 |588699 |  61.9 |    79M |  34 | 134 |1013 |  10k|1013 |3757 |   0 |  24k|4741 | 5.625000e+00 | 1.000000e+01 |  77.78%
 time | node  | left  |LP iter|LP it/n|mem/heur|mdpt |frac |vars |cons |cols |rows |cuts |confs|strbr|  dualbound   | primalbound  |  gap   
  169s|  9600 |   627 |595050 |  61.9 |    79M |  34 |   - |1013 |  10k|   0 |   0 |   0 |  24k|4782 | 5.642857e+00 | 1.000000e+01 |  77.22%
  170s|  9700 |   618 |599025 |  61.7 |    79M |  34 |   - |1013 |  10k|1013 |3757 |   0 |  25k|4829 | 5.666667e+00 | 1.000000e+01 |  76.47%
  171s|  9800 |   610 |602548 |  61.4 |    79M |  34 | 176 |1013 |  10k|1013 |3757 |   0 |  25k|4845 | 5.714286e+00 | 1.000000e+01 |  75.00%
  172s|  9900 |   614 |606433 |  61.2 |    79M |  34 | 206 |1013 |  10k|1013 |3757 |   0 |  25k|4892 | 5.721739e+00 | 1.000000e+01 |  74.77%
  174s| 10000 |   610 |611072 |  61.0 |    79M |  34 | 130 |1013 |  11k|1013 |3757 |   0 |  26k|4932 | 5.745455e+00 | 1.000000e+01 |  74.05%
  175s| 10100 |   605 |615240 |  60.9 |    79M |  34 | 145 |1013 |  11k|1013 |3757 |   0 |  26k|4982 | 5.745455e+00 | 1.000000e+01 |  74.05%
  176s| 10200 |   598 |620124 |  60.7 |    79M |  34 |   - |1013 |  11k|   0 |   0 |   0 |  26k|5027 | 5.750000e+00 | 1.000000e+01 |  73.91%
  177s| 10300 |   610 |623183 |  60.4 |    79M |  34 | 177 |1013 |  11k|1013 |3757 |   0 |  26k|5076 | 5.756140e+00 | 1.000000e+01 |  73.73%
  178s| 10400 |   594 |626978 |  60.2 |    79M |  34 | 123 |1013 |  11k|1013 |3757 |   0 |  27k|5079 | 5.777778e+00 | 1.000000e+01 |  73.08%
  180s| 10500 |   587 |632206 |  60.2 |    79M |  34 | 111 |1013 |  11k|1013 |3757 |   0 |  27k|5106 | 5.790476e+00 | 1.000000e+01 |  72.70%
  181s| 10600 |   582 |636269 |  60.0 |    79M |  34 |   - |1013 |  11k|   0 |   0 |   0 |  27k|5144 | 5.800000e+00 | 1.000000e+01 |  72.41%
  182s| 10700 |   577 |639543 |  59.7 |    79M |  34 | 174 |1013 |  11k|1013 |3757 |   0 |  27k|5223 | 5.888889e+00 | 1.000000e+01 |  69.81%
  183s| 10800 |   579 |644309 |  59.6 |    79M |  34 | 191 |1013 |  11k|1013 |3757 |   0 |  28k|5281 | 5.976190e+00 | 1.000000e+01 |  67.33%
  184s| 10900 |   581 |647654 |  59.4 |    79M |  34 |   - |1013 |  11k|1013 |3757 |   0 |  28k|5332 | 5.998718e+00 | 1.000000e+01 |  66.70%
  186s| 11000 |   592 |653369 |  59.3 |    79M |  34 |   - |1013 |  12k|   0 |   0 |   0 |  28k|5383 | 6.000000e+00 | 1.000000e+01 |  66.67%
 time | node  | left  |LP iter|LP it/n|mem/heur|mdpt |frac |vars |cons |cols |rows |cuts |confs|strbr|  dualbound   | primalbound  |  gap   
  187s| 11100 |   580 |657736 |  59.2 |    79M |  34 | 139 |1013 |  12k|1013 |3757 |   0 |  29k|5424 | 6.000000e+00 | 1.000000e+01 |  66.67%
  188s| 11200 |   575 |664440 |  59.3 |    79M |  34 | 187 |1013 |  12k|1013 |3757 |   0 |  29k|5473 | 6.000000e+00 | 1.000000e+01 |  66.67%
  190s| 11300 |   593 |672380 |  59.4 |    79M |  34 | 168 |1013 |  12k|1013 |3757 |   0 |  29k|5507 | 6.000000e+00 | 1.000000e+01 |  66.67%
  191s| 11400 |   587 |677156 |  59.3 |    79M |  34 | 160 |1013 |  12k|1013 |3757 |   0 |  29k|5560 | 6.000000e+00 | 1.000000e+01 |  66.67%
  192s| 11500 |   587 |681623 |  59.2 |    79M |  34 |   - |1013 |  12k|   0 |   0 |   0 |  29k|5581 | 6.000000e+00 | 1.000000e+01 |  66.67%
  193s| 11600 |   586 |685463 |  59.0 |    79M |  34 |   - |1013 |  12k|   0 |   0 |   0 |  30k|5621 | 6.000000e+00 | 1.000000e+01 |  66.67%
  194s| 11700 |   596 |690188 |  58.9 |    79M |  34 | 147 |1013 |  12k|1013 |3757 |   0 |  30k|5647 | 6.000000e+00 | 1.000000e+01 |  66.67%
  195s| 11800 |   581 |694118 |  58.8 |    79M |  34 | 205 |1013 |  12k|1013 |3757 |   0 |  30k|5688 | 6.000000e+00 | 1.000000e+01 |  66.67%
  196s| 11900 |   575 |697990 |  58.6 |    79M |  34 |   - |1013 |  12k|1013 |3757 |   0 |  31k|5714 | 6.000000e+00 | 1.000000e+01 |  66.67%
  197s| 12000 |   577 |702438 |  58.5 |    79M |  34 | 164 |1013 |  12k|1013 |3757 |   0 |  31k|5738 | 6.000000e+00 | 1.000000e+01 |  66.67%
  198s| 12100 |   575 |706478 |  58.3 |    80M |  34 | 112 |1013 |  12k|1013 |3757 |   0 |  31k|5766 | 6.000000e+00 | 1.000000e+01 |  66.67%
  199s| 12200 |   569 |709626 |  58.1 |    80M |  34 |   - |1013 |  12k|   0 |   0 |   0 |  31k|5786 | 6.000000e+00 | 1.000000e+01 |  66.67%
  200s| 12300 |   564 |714023 |  58.0 |    80M |  34 | 137 |1013 |  12k|1013 |3757 |   0 |  31k|5807 | 6.000000e+00 | 1.000000e+01 |  66.67%
  202s| 12400 |   567 |721816 |  58.2 |    80M |  34 |   - |1013 |  12k|1013 |3757 |   0 |  32k|5841 | 6.000000e+00 | 1.000000e+01 |  66.67%
  204s| 12500 |   573 |728415 |  58.2 |    80M |  34 | 244 |1013 |  12k|1013 |3757 |   0 |  32k|5879 | 6.000000e+00 | 1.000000e+01 |  66.67%
 time | node  | left  |LP iter|LP it/n|mem/heur|mdpt |frac |vars |cons |cols |rows |cuts |confs|strbr|  dualbound   | primalbound  |  gap   
  205s| 12600 |   578 |733811 |  58.2 |    80M |  34 |   - |1013 |  12k|1013 |3757 |   0 |  32k|5893 | 6.000000e+00 | 1.000000e+01 |  66.67%
  206s| 12700 |   581 |740095 |  58.2 |    80M |  34 | 187 |1013 |  12k|1013 |3757 |   0 |  33k|5916 | 6.000000e+00 | 1.000000e+01 |  66.67%
  208s| 12800 |   584 |747902 |  58.4 |    80M |  34 | 151 |1013 |  12k|1013 |3757 |   0 |  33k|5937 | 6.000000e+00 | 1.000000e+01 |  66.67%
  208s| 12900 |   583 |753591 |  58.4 |    80M |  34 | 110 |1013 |  12k|1013 |3757 |   0 |  33k|5942 | 6.000000e+00 | 1.000000e+01 |  66.67%
  210s| 13000 |   585 |757932 |  58.3 |    80M |  34 | 148 |1013 |  12k|1013 |3757 |   0 |  33k|5958 | 6.000000e+00 | 1.000000e+01 |  66.67%
  211s| 13100 |   583 |763591 |  58.2 |    80M |  34 | 118 |1013 |  12k|1013 |3757 |   0 |  33k|5974 | 6.000000e+00 | 1.000000e+01 |  66.67%
  212s| 13200 |   586 |768186 |  58.2 |    80M |  34 | 183 |1013 |  12k|1013 |3757 |   0 |  33k|5984 | 6.000000e+00 | 1.000000e+01 |  66.67%
  213s| 13300 |   577 |774013 |  58.2 |    80M |  34 |   - |1013 |  12k|1013 |3757 |   0 |  34k|6017 | 6.000000e+00 | 1.000000e+01 |  66.67%
  215s| 13400 |   590 |782288 |  58.3 |    80M |  34 |   - |1013 |  11k|1013 |3757 |   0 |  34k|6033 | 6.000000e+00 | 1.000000e+01 |  66.67%
  216s| 13500 |   598 |788363 |  58.4 |    80M |  34 | 129 |1013 |  11k|1013 |3757 |   0 |  34k|6038 | 6.000000e+00 | 1.000000e+01 |  66.67%
  217s| 13600 |   604 |793834 |  58.3 |    80M |  34 |   - |1013 |  11k|1013 |3757 |   0 |  34k|6059 | 6.000000e+00 | 1.000000e+01 |  66.67%
  218s| 13700 |   607 |800364 |  58.4 |    80M |  34 |   - |1013 |  11k|1013 |3757 |   0 |  35k|6067 | 6.000000e+00 | 1.000000e+01 |  66.67%
  219s| 13800 |   602 |804772 |  58.3 |    80M |  34 | 147 |1013 |  11k|1013 |3757 |   0 |  35k|6072 | 6.000000e+00 | 1.000000e+01 |  66.67%
  220s| 13900 |   605 |810348 |  58.3 |    80M |  34 | 169 |1013 |  11k|1013 |3757 |   0 |  35k|6076 | 6.000000e+00 | 1.000000e+01 |  66.67%
  221s| 14000 |   612 |815085 |  58.2 |    80M |  34 |   - |1013 |  11k|   0 |   0 |   0 |  35k|6089 | 6.000000e+00 | 1.000000e+01 |  66.67%
 time | node  | left  |LP iter|LP it/n|mem/heur|mdpt |frac |vars |cons |cols |rows |cuts |confs|strbr|  dualbound   | primalbound  |  gap   
  222s| 14100 |   604 |819591 |  58.1 |    80M |  34 |   - |1013 |  11k|1013 |3757 |   0 |  36k|6105 | 6.000000e+00 | 1.000000e+01 |  66.67%
  223s| 14200 |   609 |825133 |  58.1 |    80M |  34 | 170 |1013 |  11k|1013 |3757 |   0 |  36k|6123 | 6.000000e+00 | 1.000000e+01 |  66.67%
  224s| 14300 |   613 |828697 |  57.9 |    80M |  34 |   - |1013 |  12k|   0 |   0 |   0 |  36k|6135 | 6.000000e+00 | 1.000000e+01 |  66.67%
  225s| 14400 |   618 |834190 |  57.9 |    80M |  34 | 130 |1013 |  11k|1013 |3757 |   0 |  36k|6144 | 6.000000e+00 | 1.000000e+01 |  66.67%
  226s| 14500 |   614 |837267 |  57.7 |    80M |  34 | 145 |1013 |  12k|1013 |3757 |   0 |  36k|6151 | 6.000000e+00 | 1.000000e+01 |  66.67%
  227s| 14600 |   618 |840613 |  57.5 |    80M |  34 | 123 |1013 |  12k|1013 |3757 |   0 |  37k|6154 | 6.000000e+00 | 1.000000e+01 |  66.67%
  228s| 14700 |   616 |847710 |  57.6 |    80M |  34 |   - |1013 |  12k|   0 |   0 |   0 |  37k|6159 | 6.000000e+00 | 1.000000e+01 |  66.67%
  229s| 14800 |   616 |850560 |  57.4 |    80M |  34 | 243 |1013 |  12k|1013 |3757 |   0 |  37k|6169 | 6.000000e+00 | 1.000000e+01 |  66.67%
  230s| 14900 |   613 |855316 |  57.4 |    80M |  34 | 220 |1013 |  12k|1013 |3757 |   0 |  37k|6195 | 6.000000e+00 | 1.000000e+01 |  66.67%
  232s| 15000 |   621 |861466 |  57.4 |    80M |  34 |   - |1013 |  12k|   0 |   0 |   0 |  38k|6257 | 6.000000e+00 | 1.000000e+01 |  66.67%
  233s| 15100 |   618 |865838 |  57.3 |    80M |  34 | 205 |1013 |  12k|1013 |3757 |   0 |  38k|6288 | 6.000000e+00 | 1.000000e+01 |  66.67%
  234s| 15200 |   613 |869673 |  57.2 |    80M |  34 |   - |1013 |  12k|1013 |3757 |   0 |  38k|6338 | 6.000000e+00 | 1.000000e+01 |  66.67%
  235s| 15300 |   610 |873787 |  57.1 |    80M |  34 | 164 |1013 |  12k|1013 |3757 |   0 |  38k|6379 | 6.000000e+00 | 1.000000e+01 |  66.67%
  236s| 15400 |   608 |877306 |  56.9 |    80M |  34 | 204 |1013 |  12k|1013 |3757 |   0 |  39k|6395 | 6.000000e+00 | 1.000000e+01 |  66.67%
  237s| 15500 |   607 |881284 |  56.8 |    80M |  34 | 139 |1013 |  12k|1013 |3757 |   0 |  39k|6429 | 6.000000e+00 | 1.000000e+01 |  66.67%
 time | node  | left  |LP iter|LP it/n|mem/heur|mdpt |frac |vars |cons |cols |rows |cuts |confs|strbr|  dualbound   | primalbound  |  gap   
  238s| 15600 |   602 |885664 |  56.7 |    80M |  34 |   - |1013 |  12k|1013 |3757 |   0 |  39k|6466 | 6.000000e+00 | 1.000000e+01 |  66.67%
  239s| 15700 |   606 |889745 |  56.6 |    80M |  34 |   - |1013 |  12k|1013 |3757 |   0 |  39k|6492 | 6.000000e+00 | 1.000000e+01 |  66.67%
  241s| 15800 |   607 |895619 |  56.6 |    80M |  34 | 169 |1013 |  12k|1013 |3757 |   0 |  39k|6520 | 6.000000e+00 | 1.000000e+01 |  66.67%
  242s| 15900 |   614 |900173 |  56.6 |    80M |  34 |   - |1013 |  12k|1013 |3757 |   0 |  40k|6563 | 6.000000e+00 | 1.000000e+01 |  66.67%
  243s| 16000 |   616 |903426 |  56.4 |    80M |  34 | 152 |1013 |  12k|1013 |3757 |   0 |  40k|6584 | 6.000000e+00 | 1.000000e+01 |  66.67%
  244s| 16100 |   610 |906059 |  56.2 |    80M |  34 | 144 |1013 |  12k|1013 |3757 |   0 |  40k|6611 | 6.000000e+00 | 1.000000e+01 |  66.67%
  245s| 16200 |   616 |911210 |  56.2 |    80M |  34 | 123 |1013 |  12k|1013 |3757 |   0 |  40k|6650 | 6.000000e+00 | 1.000000e+01 |  66.67%
  246s| 16300 |   612 |914084 |  56.0 |    80M |  34 |   - |1013 |  12k|1013 |3757 |   0 |  40k|6671 | 6.000000e+00 | 1.000000e+01 |  66.67%
  247s| 16400 |   610 |917935 |  55.9 |    80M |  34 |   - |1013 |  12k|1013 |3757 |   0 |  41k|6713 | 6.000000e+00 | 1.000000e+01 |  66.67%
  248s| 16500 |   614 |922334 |  55.9 |    80M |  34 |   - |1013 |  12k|1013 |3757 |   0 |  41k|6749 | 6.000000e+00 | 1.000000e+01 |  66.67%
  249s| 16600 |   620 |926652 |  55.8 |    80M |  34 | 110 |1013 |  12k|1013 |3757 |   0 |  41k|6790 | 6.000000e+00 | 1.000000e+01 |  66.67%
  250s| 16700 |   623 |930654 |  55.7 |    80M |  34 | 103 |1013 |  13k|1013 |3757 |   0 |  42k|6798 | 6.000000e+00 | 1.000000e+01 |  66.67%
  251s| 16800 |   622 |934423 |  55.6 |    80M |  34 |  96 |1013 |  13k|1013 |3757 |   0 |  42k|6826 | 6.000000e+00 | 1.000000e+01 |  66.67%
  252s| 16900 |   619 |938763 |  55.5 |    80M |  34 | 102 |1013 |  13k|1013 |3757 |   0 |  42k|6837 | 6.000000e+00 | 1.000000e+01 |  66.67%
  253s| 17000 |   625 |943896 |  55.5 |    80M |  34 |   - |1013 |  13k|   0 |   0 |   0 |  42k|6864 | 6.000000e+00 | 1.000000e+01 |  66.67%
 time | node  | left  |LP iter|LP it/n|mem/heur|mdpt |frac |vars |cons |cols |rows |cuts |confs|strbr|  dualbound   | primalbound  |  gap   
  254s| 17100 |   632 |949334 |  55.5 |    80M |  34 |  99 |1013 |  13k|1013 |3757 |   0 |  43k|6886 | 6.000000e+00 | 1.000000e+01 |  66.67%
  255s| 17200 |   623 |953826 |  55.4 |    80M |  34 |   - |1013 |  13k|1013 |3757 |   0 |  43k|6921 | 6.000000e+00 | 1.000000e+01 |  66.67%
  256s| 17300 |   618 |959255 |  55.4 |    80M |  34 |   - |1013 |  13k|1013 |3757 |   0 |  43k|6937 | 6.000000e+00 | 1.000000e+01 |  66.67%
  257s| 17400 |   629 |967152 |  55.5 |    80M |  34 |   - |1013 |  13k|1013 |3757 |   0 |  43k|6966 | 6.000000e+00 | 1.000000e+01 |  66.67%
  259s| 17500 |   630 |973172 |  55.6 |    80M |  34 |   - |1013 |  13k|1013 |3757 |   0 |  43k|6992 | 6.000000e+00 | 1.000000e+01 |  66.67%
  260s| 17600 |   628 |978287 |  55.6 |    80M |  34 |   - |1013 |  13k|1013 |3757 |   0 |  44k|7024 | 6.000000e+00 | 1.000000e+01 |  66.67%
  260s| 17700 |   627 |981616 |  55.4 |    80M |  34 | 165 |1013 |  13k|1013 |3757 |   0 |  44k|7034 | 6.000000e+00 | 1.000000e+01 |  66.67%
  261s| 17800 |   634 |986513 |  55.4 |    80M |  34 | 116 |1013 |  13k|1013 |3757 |   0 |  44k|7044 | 6.000000e+00 | 1.000000e+01 |  66.67%
  263s| 17900 |   653 |994329 |  55.5 |    80M |  34 | 166 |1013 |  13k|1013 |3757 |   0 |  44k|7068 | 6.000000e+00 | 1.000000e+01 |  66.67%
  264s| 18000 |   656 |  1001k|  55.6 |    80M |  34 |   - |1013 |  12k|1013 |3757 |   0 |  45k|7082 | 6.000000e+00 | 1.000000e+01 |  66.67%
  265s| 18100 |   661 |  1004k|  55.5 |    80M |  34 | 137 |1013 |  12k|1013 |3757 |   0 |  45k|7113 | 6.000000e+00 | 1.000000e+01 |  66.67%
  266s| 18200 |   659 |  1009k|  55.4 |    80M |  34 | 125 |1013 |  12k|1013 |3757 |   0 |  45k|7129 | 6.000000e+00 | 1.000000e+01 |  66.67%
  267s| 18300 |   655 |  1014k|  55.4 |    80M |  34 |   - |1013 |  12k|   0 |   0 |   0 |  45k|7153 | 6.000000e+00 | 1.000000e+01 |  66.67%
  268s| 18400 |   656 |  1017k|  55.3 |    80M |  34 | 209 |1013 |  12k|1013 |3757 |   0 |  46k|7178 | 6.000000e+00 | 1.000000e+01 |  66.67%
  269s| 18500 |   656 |  1020k|  55.2 |    80M |  34 |   - |1013 |  12k|   0 |   0 |   0 |  46k|7198 | 6.000000e+00 | 1.000000e+01 |  66.67%
 time | node  | left  |LP iter|LP it/n|mem/heur|mdpt |frac |vars |cons |cols |rows |cuts |confs|strbr|  dualbound   | primalbound  |  gap   
  271s| 18600 |   665 |  1027k|  55.2 |    80M |  34 |   - |1013 |  12k|   0 |   0 |   0 |  46k|7222 | 6.000000e+00 | 1.000000e+01 |  66.67%
  272s| 18700 |   674 |  1031k|  55.2 |    80M |  34 | 219 |1013 |  12k|1013 |3757 |   0 |  46k|7234 | 6.000000e+00 | 1.000000e+01 |  66.67%
  273s| 18800 |   673 |  1035k|  55.0 |    80M |  34 |   - |1013 |  12k|1013 |3757 |   0 |  46k|7271 | 6.000000e+00 | 1.000000e+01 |  66.67%
  273s| 18900 |   664 |  1038k|  54.9 |    80M |  34 | 178 |1013 |  12k|1013 |3757 |   0 |  47k|7286 | 6.000000e+00 | 1.000000e+01 |  66.67%
  275s| 19000 |   663 |  1044k|  55.0 |    80M |  34 |   - |1013 |  12k|   0 |   0 |   0 |  47k|7296 | 6.000000e+00 | 1.000000e+01 |  66.67%
  276s| 19100 |   665 |  1049k|  54.9 |    80M |  34 |   - |1013 |  12k|1013 |3757 |   0 |  47k|7304 | 6.000000e+00 | 1.000000e+01 |  66.67%
  277s| 19200 |   677 |  1054k|  54.9 |    80M |  34 | 140 |1013 |  12k|1013 |3757 |   0 |  47k|7335 | 6.000000e+00 | 1.000000e+01 |  66.67%
  278s| 19300 |   669 |  1058k|  54.8 |    80M |  34 |   - |1013 |  12k|1013 |3757 |   0 |  47k|7343 | 6.000000e+00 | 1.000000e+01 |  66.67%
  279s| 19400 |   678 |  1062k|  54.7 |    80M |  34 | 132 |1013 |  12k|1013 |3757 |   0 |  48k|7357 | 6.000000e+00 | 1.000000e+01 |  66.67%
  280s| 19500 |   656 |  1065k|  54.6 |    80M |  34 | 188 |1013 |  12k|1013 |3757 |   0 |  48k|7374 | 6.000000e+00 | 1.000000e+01 |  66.67%
  281s| 19600 |   646 |  1067k|  54.4 |    80M |  34 |   - |1013 |  12k|1013 |3757 |   0 |  48k|7392 | 6.057692e+00 | 1.000000e+01 |  65.08%
  281s| 19700 |   641 |  1070k|  54.3 |    80M |  34 | 198 |1013 |  12k|1013 |3757 |   0 |  48k|7398 | 6.057692e+00 | 1.000000e+01 |  65.08%
  282s| 19800 |   651 |  1074k|  54.2 |    80M |  34 | 117 |1013 |  12k|1013 |3757 |   0 |  48k|7420 | 6.087912e+00 | 1.000000e+01 |  64.26%
  283s| 19900 |   657 |  1080k|  54.2 |    80M |  34 |   - |1013 |  12k|   0 |   0 |   0 |  48k|7426 | 6.111111e+00 | 1.000000e+01 |  63.64%
  284s| 20000 |   651 |  1084k|  54.2 |    81M |  34 | 128 |1013 |  12k|1013 |3757 |   0 |  49k|7455 | 6.125000e+00 | 1.000000e+01 |  63.27%
 time | node  | left  |LP iter|LP it/n|mem/heur|mdpt |frac |vars |cons |cols |rows |cuts |confs|strbr|  dualbound   | primalbound  |  gap   
  285s| 20100 |   647 |  1087k|  54.1 |    81M |  34 |   - |1013 |  12k|1013 |3757 |   0 |  49k|7479 | 6.142857e+00 | 1.000000e+01 |  62.79%
  286s| 20200 |   652 |  1091k|  54.0 |    81M |  34 | 170 |1013 |  12k|1013 |3757 |   0 |  49k|7489 | 6.148485e+00 | 1.000000e+01 |  62.64%
  287s| 20300 |   671 |  1097k|  54.0 |    81M |  34 | 122 |1013 |  12k|1013 |3757 |   0 |  49k|7515 | 6.176471e+00 | 1.000000e+01 |  61.90%
  288s| 20400 |   666 |  1101k|  54.0 |    81M |  34 |   - |1013 |  12k|1013 |3757 |   0 |  50k|7522 | 6.236842e+00 | 1.000000e+01 |  60.34%
  289s| 20500 |   666 |  1106k|  54.0 |    81M |  34 |   - |1013 |  11k|1013 |3757 |   0 |  50k|7550 | 6.250000e+00 | 1.000000e+01 |  60.00%
  290s| 20600 |   672 |  1110k|  53.9 |    81M |  34 | 174 |1013 |  11k|1013 |3757 |   0 |  50k|7559 | 6.250000e+00 | 1.000000e+01 |  60.00%
  291s| 20700 |   664 |  1113k|  53.7 |    81M |  34 | 159 |1013 |  11k|1013 |3757 |   0 |  50k|7613 | 6.250000e+00 | 1.000000e+01 |  60.00%
  292s| 20800 |   665 |  1118k|  53.7 |    81M |  34 | 188 |1013 |  11k|1013 |3757 |   0 |  51k|7663 | 6.272727e+00 | 1.000000e+01 |  59.42%
  293s| 20900 |   652 |  1121k|  53.6 |    81M |  34 | 208 |1013 |  11k|1013 |3757 |   0 |  51k|7679 | 6.272727e+00 | 1.000000e+01 |  59.42%
  294s| 21000 |   657 |  1126k|  53.6 |    81M |  34 |   - |1013 |  11k|   0 |   0 |   0 |  51k|7700 | 6.272727e+00 | 1.000000e+01 |  59.42%
  295s| 21100 |   661 |  1132k|  53.6 |    81M |  34 | 227 |1013 |  11k|1013 |3757 |   0 |  51k|7709 | 6.298246e+00 | 1.000000e+01 |  58.77%
  296s| 21200 |   660 |  1136k|  53.6 |    81M |  34 |   - |1013 |  11k|   0 |   0 |   0 |  51k|7746 | 6.303030e+00 | 1.000000e+01 |  58.65%
  296s| 21300 |   656 |  1140k|  53.5 |    81M |  34 | 137 |1013 |  11k|1013 |3757 |   0 |  51k|7789 | 6.307692e+00 | 1.000000e+01 |  58.54%
  297s| 21400 |   653 |  1146k|  53.5 |    81M |  34 | 114 |1013 |  11k|1013 |3757 |   0 |  52k|7806 | 6.346154e+00 | 1.000000e+01 |  57.58%
  298s| 21500 |   656 |  1149k|  53.4 |    81M |  34 | 195 |1013 |  12k|1013 |3757 |   0 |  52k|7842 | 6.350000e+00 | 1.000000e+01 |  57.48%
 time | node  | left  |LP iter|LP it/n|mem/heur|mdpt |frac |vars |cons |cols |rows |cuts |confs|strbr|  dualbound   | primalbound  |  gap   
  299s| 21600 |   672 |  1154k|  53.4 |    81M |  34 | 139 |1013 |  12k|1013 |3757 |   0 |  52k|7869 | 6.400000e+00 | 1.000000e+01 |  56.25%
  300s| 21700 |   668 |  1159k|  53.4 |    81M |  34 |   - |1013 |  12k|1013 |3757 |   0 |  52k|7884 | 6.454545e+00 | 1.000000e+01 |  54.93%
  301s| 21800 |   661 |  1161k|  53.3 |    81M |  34 |   - |1013 |  11k|   0 |   0 |   0 |  52k|7903 | 6.454545e+00 | 1.000000e+01 |  54.93%
  302s| 21900 |   655 |  1165k|  53.2 |    81M |  34 |   - |1013 |  12k|1013 |3757 |   0 |  52k|7926 | 6.454545e+00 | 1.000000e+01 |  54.93%
  303s| 22000 |   647 |  1169k|  53.1 |    81M |  34 |   - |1013 |  12k|1013 |3757 |   0 |  53k|7947 | 6.454545e+00 | 1.000000e+01 |  54.93%
  304s| 22100 |   637 |  1172k|  53.0 |    81M |  34 |   - |1013 |  12k|1013 |3757 |   0 |  53k|7963 | 6.454545e+00 | 1.000000e+01 |  54.93%
  304s| 22200 |   640 |  1175k|  52.9 |    81M |  34 | 179 |1013 |  12k|1013 |3757 |   0 |  53k|7972 | 6.454545e+00 | 1.000000e+01 |  54.93%
  305s| 22300 |   635 |  1178k|  52.8 |    81M |  34 | 169 |1013 |  12k|1013 |3757 |   0 |  53k|7991 | 6.466667e+00 | 1.000000e+01 |  54.64%
  306s| 22400 |   634 |  1182k|  52.8 |    81M |  34 | 197 |1013 |  12k|1013 |3757 |   0 |  53k|8001 | 6.474138e+00 | 1.000000e+01 |  54.46%
  307s| 22500 |   624 |  1184k|  52.6 |    81M |  34 | 155 |1013 |  12k|1013 |3757 |   0 |  54k|8013 | 6.500000e+00 | 1.000000e+01 |  53.85%
  308s| 22600 |   614 |  1187k|  52.5 |    81M |  34 | 125 |1013 |  12k|1013 |3757 |   0 |  54k|8028 | 6.500000e+00 | 1.000000e+01 |  53.85%
  308s| 22700 |   612 |  1191k|  52.5 |    81M |  34 |   - |1013 |  12k|1013 |3757 |   0 |  54k|8039 | 6.500000e+00 | 1.000000e+01 |  53.85%
  310s| 22800 |   619 |  1198k|  52.5 |    81M |  34 | 240 |1013 |  11k|1013 |3757 |   0 |  54k|8044 | 6.500000e+00 | 1.000000e+01 |  53.85%
  311s| 22900 |   625 |  1203k|  52.5 |    81M |  34 | 143 |1013 |  11k|1013 |3757 |   0 |  55k|8059 | 6.500000e+00 | 1.000000e+01 |  53.85%
  312s| 23000 |   631 |  1208k|  52.5 |    81M |  34 |   - |1013 |  11k|1013 |3757 |   0 |  55k|8067 | 6.500000e+00 | 1.000000e+01 |  53.85%
 time | node  | left  |LP iter|LP it/n|mem/heur|mdpt |frac |vars |cons |cols |rows |cuts |confs|strbr|  dualbound   | primalbound  |  gap   
  312s| 23100 |   629 |  1212k|  52.4 |    81M |  34 |   - |1013 |  11k|1013 |3757 |   0 |  55k|8072 | 6.527778e+00 | 1.000000e+01 |  53.19%
  313s| 23200 |   635 |  1215k|  52.4 |    81M |  34 |   - |1013 |  11k|1013 |3757 |   0 |  55k|8074 | 6.545455e+00 | 1.000000e+01 |  52.78%
  314s| 23300 |   642 |  1218k|  52.3 |    81M |  34 |  90 |1013 |  12k|1013 |3757 |   0 |  55k|8077 | 6.583333e+00 | 1.000000e+01 |  51.90%
  314s| 23400 |   641 |  1221k|  52.2 |    81M |  34 | 127 |1013 |  12k|1013 |3757 |   0 |  56k|8079 | 6.586626e+00 | 1.000000e+01 |  51.82%
  316s| 23500 |   628 |  1226k|  52.1 |    81M |  34 | 173 |1013 |  12k|1013 |3757 |   0 |  56k|8086 | 6.618280e+00 | 1.000000e+01 |  51.10%
  317s| 23600 |   627 |  1230k|  52.1 |    81M |  34 |   - |1013 |  12k|   0 |   0 |   0 |  56k|8107 | 6.625000e+00 | 1.000000e+01 |  50.94%
  317s| 23700 |   630 |  1235k|  52.1 |    81M |  34 | 120 |1013 |  12k|1013 |3757 |   0 |  56k|8119 | 6.625000e+00 | 1.000000e+01 |  50.94%
  318s| 23800 |   631 |  1239k|  52.0 |    81M |  34 |   - |1013 |  12k|1013 |3757 |   0 |  57k|8125 | 6.628205e+00 | 1.000000e+01 |  50.87%
  319s| 23900 |   631 |  1243k|  52.0 |    81M |  34 |   - |1013 |  12k|   0 |   0 |   0 |  57k|8142 | 6.631579e+00 | 1.000000e+01 |  50.79%
  320s| 24000 |   632 |  1246k|  51.9 |    81M |  34 |   - |1013 |  12k|1013 |3757 |   0 |  57k|8154 | 6.639752e+00 | 1.000000e+01 |  50.61%
  321s| 24100 |   636 |  1251k|  51.9 |    81M |  34 | 128 |1013 |  12k|1013 |3757 |   0 |  57k|8170 | 6.666667e+00 | 1.000000e+01 |  50.00%
  322s| 24200 |   627 |  1254k|  51.8 |    81M |  34 | 247 |1013 |  12k|1013 |3757 |   0 |  57k|8186 | 6.666667e+00 | 1.000000e+01 |  50.00%
  323s| 24300 |   619 |  1258k|  51.8 |    81M |  34 |   - |1013 |  12k|1013 |3757 |   0 |  58k|8194 | 6.666667e+00 | 1.000000e+01 |  50.00%
  323s| 24400 |   622 |  1261k|  51.7 |    81M |  34 |   - |1013 |  12k|   0 |   0 |   0 |  58k|8202 | 6.685990e+00 | 1.000000e+01 |  49.57%
  324s| 24500 |   625 |  1265k|  51.6 |    81M |  34 | 238 |1013 |  12k|1013 |3757 |   0 |  58k|8205 | 6.714286e+00 | 1.000000e+01 |  48.94%
 time | node  | left  |LP iter|LP it/n|mem/heur|mdpt |frac |vars |cons |cols |rows |cuts |confs|strbr|  dualbound   | primalbound  |  gap   
  325s| 24600 |   620 |  1269k|  51.6 |    81M |  34 |   - |1013 |  12k|   0 |   0 |   0 |  58k|8228 | 6.714286e+00 | 1.000000e+01 |  48.94%
  326s| 24700 |   624 |  1272k|  51.5 |    81M |  34 | 180 |1013 |  12k|1013 |3757 |   0 |  58k|8236 | 6.714286e+00 | 1.000000e+01 |  48.94%
  327s| 24800 |   624 |  1275k|  51.4 |    81M |  34 | 163 |1013 |  12k|1013 |3757 |   0 |  58k|8248 | 6.750000e+00 | 1.000000e+01 |  48.15%
  327s| 24900 |   624 |  1278k|  51.3 |    81M |  34 | 160 |1013 |  12k|1013 |3757 |   0 |  59k|8250 | 6.750000e+00 | 1.000000e+01 |  48.15%
  328s| 25000 |   613 |  1282k|  51.3 |    81M |  34 | 176 |1013 |  12k|1013 |3757 |   0 |  59k|8256 | 6.750000e+00 | 1.000000e+01 |  48.15%
  329s| 25100 |   603 |  1285k|  51.2 |    81M |  34 | 199 |1013 |  12k|1013 |3757 |   0 |  59k|8282 | 6.750000e+00 | 1.000000e+01 |  48.15%
  330s| 25200 |   603 |  1289k|  51.2 |    81M |  34 | 121 |1013 |  12k|1013 |3757 |   0 |  59k|8309 | 6.750000e+00 | 1.000000e+01 |  48.15%
  331s| 25300 |   607 |  1292k|  51.1 |    81M |  34 |   - |1013 |  12k|   0 |   0 |   0 |  59k|8318 | 6.750000e+00 | 1.000000e+01 |  48.15%
  332s| 25400 |   601 |  1295k|  51.0 |    81M |  34 | 133 |1013 |  12k|1013 |3757 |   0 |  59k|8323 | 6.750000e+00 | 1.000000e+01 |  48.15%
  332s| 25500 |   588 |  1299k|  50.9 |    81M |  34 | 187 |1013 |  11k|1013 |3757 |   0 |  60k|8343 | 6.770115e+00 | 1.000000e+01 |  47.71%
  333s| 25600 |   590 |  1303k|  50.9 |    81M |  34 | 116 |1013 |  11k|1013 |3757 |   0 |  60k|8370 | 6.770115e+00 | 1.000000e+01 |  47.71%
  334s| 25700 |   578 |  1308k|  50.9 |    81M |  34 |   - |1013 |  12k|   0 |   0 |   0 |  60k|8386 | 6.771739e+00 | 1.000000e+01 |  47.67%
  335s| 25800 |   570 |  1310k|  50.8 |    81M |  34 |   - |1013 |  12k|1013 |3757 |   0 |  60k|8400 | 6.771739e+00 | 1.000000e+01 |  47.67%
  336s| 25900 |   572 |  1315k|  50.8 |    81M |  34 | 168 |1013 |  11k|1013 |3757 |   0 |  60k|8424 | 6.800000e+00 | 1.000000e+01 |  47.06%
  337s| 26000 |   570 |  1318k|  50.7 |    81M |  34 |   - |1013 |  11k|1013 |3757 |   0 |  60k|8440 | 6.800000e+00 | 1.000000e+01 |  47.06%
 time | node  | left  |LP iter|LP it/n|mem/heur|mdpt |frac |vars |cons |cols |rows |cuts |confs|strbr|  dualbound   | primalbound  |  gap   
  338s| 26100 |   569 |  1322k|  50.6 |    81M |  34 |   - |1013 |  11k|1013 |3757 |   0 |  61k|8447 | 6.809360e+00 | 1.000000e+01 |  46.86%
  339s| 26200 |   565 |  1325k|  50.6 |    81M |  34 | 187 |1013 |  11k|1013 |3757 |   0 |  61k|8455 | 6.821429e+00 | 1.000000e+01 |  46.60%
  340s| 26300 |   549 |  1328k|  50.5 |    81M |  34 | 119 |1013 |  11k|1013 |3757 |   0 |  61k|8471 | 6.833333e+00 | 1.000000e+01 |  46.34%
  340s| 26400 |   544 |  1332k|  50.4 |    81M |  34 | 241 |1013 |  11k|1013 |3757 |   0 |  61k|8490 | 6.883333e+00 | 1.000000e+01 |  45.28%
  341s| 26500 |   540 |  1336k|  50.4 |    81M |  34 |   - |1013 |  11k|   0 |   0 |   0 |  61k|8498 | 6.916667e+00 | 1.000000e+01 |  44.58%
  342s| 26600 |   540 |  1339k|  50.3 |    81M |  34 | 103 |1013 |  11k|1013 |3757 |   0 |  61k|8498 | 6.923077e+00 | 1.000000e+01 |  44.44%
  343s| 26700 |   538 |  1342k|  50.3 |    81M |  34 |   - |1013 |  12k|1013 |3757 |   0 |  62k|8499 | 7.000000e+00 | 1.000000e+01 |  42.86%
  343s| 26800 |   542 |  1347k|  50.3 |    81M |  34 | 103 |1013 |  12k|1013 |3757 |   0 |  62k|8509 | 7.000000e+00 | 1.000000e+01 |  42.86%
  344s| 26900 |   536 |  1350k|  50.2 |    81M |  34 |   - |1013 |  12k|1013 |3757 |   0 |  62k|8523 | 7.000000e+00 | 1.000000e+01 |  42.86%
  345s| 27000 |   533 |  1354k|  50.1 |    81M |  34 |   - |1013 |  12k|   0 |   0 |   0 |  62k|8553 | 7.000000e+00 | 1.000000e+01 |  42.86%
  346s| 27100 |   527 |  1356k|  50.0 |    81M |  34 |   - |1013 |  12k|   0 |   0 |   0 |  63k|8566 | 7.000000e+00 | 1.000000e+01 |  42.86%
  347s| 27200 |   515 |  1359k|  50.0 |    81M |  34 | 188 |1013 |  12k|1013 |3757 |   0 |  63k|8574 | 7.000000e+00 | 1.000000e+01 |  42.86%
  348s| 27300 |   521 |  1363k|  49.9 |    81M |  34 |   - |1013 |  12k|   0 |   0 |   0 |  63k|8584 | 7.000000e+00 | 1.000000e+01 |  42.86%
  349s| 27400 |   509 |  1367k|  49.9 |    81M |  34 | 158 |1013 |  12k|1013 |3757 |   0 |  63k|8610 | 7.000000e+00 | 1.000000e+01 |  42.86%
  350s| 27500 |   499 |  1370k|  49.8 |    81M |  34 | 187 |1013 |  12k|1013 |3757 |   0 |  63k|8621 | 7.000000e+00 | 1.000000e+01 |  42.86%
 time | node  | left  |LP iter|LP it/n|mem/heur|mdpt |frac |vars |cons |cols |rows |cuts |confs|strbr|  dualbound   | primalbound  |  gap   
  351s| 27600 |   505 |  1375k|  49.8 |    81M |  34 | 134 |1013 |  12k|1013 |3757 |   0 |  64k|8644 | 7.000000e+00 | 1.000000e+01 |  42.86%
  352s| 27700 |   508 |  1379k|  49.8 |    81M |  34 | 187 |1013 |  12k|1013 |3757 |   0 |  64k|8656 | 7.000000e+00 | 1.000000e+01 |  42.86%
  353s| 27800 |   501 |  1383k|  49.7 |    81M |  34 | 125 |1013 |  12k|1013 |3757 |   0 |  64k|8672 | 7.000000e+00 | 1.000000e+01 |  42.86%
  354s| 27900 |   494 |  1388k|  49.7 |    81M |  34 | 177 |1013 |  12k|1013 |3757 |   0 |  64k|8711 | 7.000000e+00 | 1.000000e+01 |  42.86%
  355s| 28000 |   501 |  1392k|  49.7 |    81M |  34 |   - |1013 |  12k|1013 |3757 |   0 |  65k|8720 | 7.000000e+00 | 1.000000e+01 |  42.86%
  356s| 28100 |   499 |  1397k|  49.7 |    81M |  34 |   - |1013 |  12k|   0 |   0 |   0 |  65k|8737 | 7.000000e+00 | 1.000000e+01 |  42.86%
  356s| 28200 |   495 |  1399k|  49.6 |    81M |  34 | 135 |1013 |  12k|1013 |3757 |   0 |  65k|8740 | 7.000000e+00 | 1.000000e+01 |  42.86%
  357s| 28300 |   503 |  1404k|  49.6 |    81M |  34 |   - |1013 |  12k|1013 |3757 |   0 |  65k|8762 | 7.000000e+00 | 1.000000e+01 |  42.86%
  359s| 28400 |   505 |  1410k|  49.7 |    81M |  34 | 164 |1013 |  11k|1013 |3757 |   0 |  65k|8777 | 7.000000e+00 | 1.000000e+01 |  42.86%
  360s| 28500 |   493 |  1416k|  49.7 |    81M |  34 |   - |1013 |  11k|1013 |3757 |   0 |  66k|8785 | 7.000000e+00 | 1.000000e+01 |  42.86%
  361s| 28600 |   492 |  1420k|  49.6 |    81M |  34 | 103 |1013 |  11k|1013 |3757 |   0 |  66k|8795 | 7.000000e+00 | 1.000000e+01 |  42.86%
  362s| 28700 |   490 |  1425k|  49.6 |    81M |  34 | 143 |1013 |  11k|1013 |3757 |   0 |  66k|8805 | 7.000000e+00 | 1.000000e+01 |  42.86%
  362s| 28800 |   486 |  1428k|  49.6 |    81M |  34 | 162 |1013 |  11k|1013 |3757 |   0 |  66k|8816 | 7.000000e+00 | 1.000000e+01 |  42.86%
  363s| 28900 |   478 |  1431k|  49.5 |    81M |  34 | 196 |1013 |  11k|1013 |3757 |   0 |  66k|8822 | 7.000000e+00 | 1.000000e+01 |  42.86%
  364s| 29000 |   478 |  1435k|  49.5 |    81M |  34 |   - |1013 |  11k|1013 |3757 |   0 |  67k|8827 | 7.000000e+00 | 1.000000e+01 |  42.86%
 time | node  | left  |LP iter|LP it/n|mem/heur|mdpt |frac |vars |cons |cols |rows |cuts |confs|strbr|  dualbound   | primalbound  |  gap   
  365s| 29100 |   473 |  1439k|  49.4 |    81M |  34 |   - |1013 |  11k|1013 |3757 |   0 |  67k|8835 | 7.000000e+00 | 1.000000e+01 |  42.86%
  366s| 29200 |   468 |  1443k|  49.4 |    81M |  34 |   - |1013 |  11k|1013 |3757 |   0 |  67k|8842 | 7.000000e+00 | 1.000000e+01 |  42.86%
  367s| 29300 |   470 |  1447k|  49.4 |    81M |  34 | 198 |1013 |  11k|1013 |3757 |   0 |  67k|8851 | 7.000000e+00 | 1.000000e+01 |  42.86%
  368s| 29400 |   459 |  1451k|  49.4 |    81M |  34 | 199 |1013 |  11k|1013 |3757 |   0 |  67k|8866 | 7.000000e+00 | 1.000000e+01 |  42.86%
  368s| 29500 |   451 |  1453k|  49.3 |    81M |  34 |   - |1013 |  11k|1013 |3757 |   0 |  67k|8874 | 7.000000e+00 | 1.000000e+01 |  42.86%
  369s| 29600 |   448 |  1457k|  49.2 |    81M |  34 |   - |1013 |  11k|1013 |3757 |   0 |  68k|8888 | 7.000000e+00 | 1.000000e+01 |  42.86%
  370s| 29700 |   442 |  1461k|  49.2 |    81M |  34 | 198 |1013 |  11k|1013 |3757 |   0 |  68k|8920 | 7.000000e+00 | 1.000000e+01 |  42.86%
  371s| 29800 |   449 |  1466k|  49.2 |    81M |  34 |   - |1013 |  11k|1013 |3757 |   0 |  68k|8934 | 7.000000e+00 | 1.000000e+01 |  42.86%
  372s| 29900 |   449 |  1469k|  49.1 |    81M |  34 |   - |1013 |  11k|   0 |   0 |   0 |  68k|8935 | 7.000000e+00 | 1.000000e+01 |  42.86%
  373s| 30000 |   441 |  1472k|  49.1 |    81M |  34 |   - |1013 |  11k|1013 |3757 |   0 |  68k|8948 | 7.000000e+00 | 1.000000e+01 |  42.86%
  373s| 30100 |   438 |  1475k|  49.0 |    81M |  34 | 150 |1013 |  11k|1013 |3757 |   0 |  69k|8961 | 7.000000e+00 | 1.000000e+01 |  42.86%
  374s| 30200 |   432 |  1479k|  49.0 |    81M |  34 | 124 |1013 |  11k|1013 |3757 |   0 |  69k|8967 | 7.000000e+00 | 1.000000e+01 |  42.86%
  375s| 30300 |   438 |  1485k|  49.0 |    81M |  34 |   - |1013 |  11k|   0 |   0 |   0 |  69k|8978 | 7.000000e+00 | 1.000000e+01 |  42.86%
  376s| 30400 |   437 |  1489k|  49.0 |    81M |  34 |   - |1013 |  11k|1013 |3757 |   0 |  69k|8994 | 7.000000e+00 | 1.000000e+01 |  42.86%
  377s| 30500 |   436 |  1493k|  48.9 |    81M |  34 |   - |1013 |  11k|1013 |3757 |   0 |  69k|9036 | 7.000000e+00 | 1.000000e+01 |  42.86%
 time | node  | left  |LP iter|LP it/n|mem/heur|mdpt |frac |vars |cons |cols |rows |cuts |confs|strbr|  dualbound   | primalbound  |  gap   
  378s| 30600 |   432 |  1497k|  48.9 |    81M |  34 |   - |1013 |  11k|1013 |3757 |   0 |  69k|9062 | 7.000000e+00 | 1.000000e+01 |  42.86%
  379s| 30700 |   433 |  1501k|  48.9 |    81M |  34 |  97 |1013 |  11k|1013 |3757 |   0 |  70k|9127 | 7.000000e+00 | 1.000000e+01 |  42.86%
  380s| 30800 |   433 |  1506k|  48.9 |    81M |  34 |   - |1013 |  11k|   0 |   0 |   0 |  70k|9157 | 7.000000e+00 | 1.000000e+01 |  42.86%
  381s| 30900 |   437 |  1509k|  48.8 |    81M |  34 |   - |1013 |  11k|1013 |3757 |   0 |  70k|9221 | 7.000000e+00 | 1.000000e+01 |  42.86%
  383s| 31000 |   441 |  1516k|  48.9 |    81M |  34 | 171 |1013 |  11k|1013 |3757 |   0 |  70k|9279 | 7.000000e+00 | 1.000000e+01 |  42.86%
  384s| 31100 |   438 |  1519k|  48.8 |    81M |  34 | 149 |1013 |  11k|1013 |3757 |   0 |  70k|9325 | 7.000000e+00 | 1.000000e+01 |  42.86%
  385s| 31200 |   433 |  1522k|  48.8 |    81M |  34 |   - |1013 |  11k|1013 |3757 |   0 |  71k|9355 | 7.000000e+00 | 1.000000e+01 |  42.86%
  386s| 31300 |   430 |  1526k|  48.7 |    81M |  34 | 170 |1013 |  11k|1013 |3757 |   0 |  71k|9388 | 7.000000e+00 | 1.000000e+01 |  42.86%
  387s| 31400 |   433 |  1531k|  48.8 |    81M |  34 |   - |1013 |  11k|1013 |3757 |   0 |  71k|9428 | 7.000000e+00 | 1.000000e+01 |  42.86%
  388s| 31500 |   441 |  1537k|  48.8 |    81M |  34 |   - |1013 |  10k|1013 |3757 |   0 |  71k|9448 | 7.000000e+00 | 1.000000e+01 |  42.86%
  390s| 31600 |   445 |  1543k|  48.8 |    81M |  34 | 154 |1013 |  10k|1013 |3757 |   0 |  71k|9490 | 7.000000e+00 | 1.000000e+01 |  42.86%
  391s| 31700 |   441 |  1548k|  48.8 |    81M |  34 | 189 |1013 |  11k|1013 |3757 |   0 |  72k|9513 | 7.000000e+00 | 1.000000e+01 |  42.86%
  392s| 31800 |   459 |  1554k|  48.9 |    81M |  34 |   - |1013 |  10k|1013 |3757 |   0 |  72k|9550 | 7.000000e+00 | 1.000000e+01 |  42.86%
  393s| 31900 |   438 |  1557k|  48.8 |    81M |  34 |   - |1013 |  11k|1013 |3757 |   0 |  72k|9583 | 7.000000e+00 | 1.000000e+01 |  42.86%
  395s| 32000 |   448 |  1563k|  48.8 |    81M |  34 | 167 |1013 |  11k|1013 |3757 |   0 |  72k|9611 | 7.000000e+00 | 1.000000e+01 |  42.86%
 time | node  | left  |LP iter|LP it/n|mem/heur|mdpt |frac |vars |cons |cols |rows |cuts |confs|strbr|  dualbound   | primalbound  |  gap   
  396s| 32100 |   453 |  1568k|  48.9 |    82M |  34 |   - |1013 |  11k|1013 |3757 |   0 |  72k|9644 | 7.000000e+00 | 1.000000e+01 |  42.86%
  397s| 32200 |   451 |  1574k|  48.9 |    82M |  34 |   - |1013 |  11k|1013 |3757 |   0 |  73k|9674 | 7.000000e+00 | 1.000000e+01 |  42.86%
  398s| 32300 |   455 |  1578k|  48.8 |    82M |  34 |   - |1013 |  11k|   0 |   0 |   0 |  73k|9700 | 7.000000e+00 | 1.000000e+01 |  42.86%
  399s| 32400 |   453 |  1583k|  48.9 |    82M |  34 |   - |1013 |  11k|1013 |3757 |   0 |  73k|9742 | 7.000000e+00 | 1.000000e+01 |  42.86%
  400s| 32500 |   452 |  1587k|  48.8 |    82M |  34 |   - |1013 |  11k|1013 |3757 |   0 |  73k|9775 | 7.000000e+00 | 1.000000e+01 |  42.86%
  401s| 32600 |   449 |  1590k|  48.8 |    82M |  34 |  89 |1013 |  11k|1013 |3757 |   0 |  73k|9803 | 7.000000e+00 | 1.000000e+01 |  42.86%
  402s| 32700 |   454 |  1595k|  48.8 |    82M |  34 |   - |1013 |  11k|   0 |   0 |   0 |  74k|9820 | 7.000000e+00 | 1.000000e+01 |  42.86%
  403s| 32800 |   454 |  1597k|  48.7 |    82M |  34 | 199 |1013 |  11k|1013 |3757 |   0 |  74k|9843 | 7.000000e+00 | 1.000000e+01 |  42.86%
  404s| 32900 |   449 |  1601k|  48.7 |    82M |  34 | 107 |1013 |  11k|1013 |3757 |   0 |  74k|9857 | 7.000000e+00 | 1.000000e+01 |  42.86%
  405s| 33000 |   452 |  1604k|  48.6 |    82M |  34 | 105 |1013 |  11k|1013 |3757 |   0 |  74k|9859 | 7.000000e+00 | 1.000000e+01 |  42.86%
  406s| 33100 |   445 |  1608k|  48.6 |    82M |  34 | 199 |1013 |  11k|1013 |3757 |   0 |  74k|9885 | 7.000000e+00 | 1.000000e+01 |  42.86%
  407s| 33200 |   444 |  1611k|  48.5 |    82M |  34 | 174 |1013 |  11k|1013 |3757 |   0 |  75k|9909 | 7.000000e+00 | 1.000000e+01 |  42.86%
  408s| 33300 |   439 |  1614k|  48.5 |    82M |  34 | 161 |1013 |  11k|1013 |3757 |   0 |  75k|9930 | 7.000000e+00 | 1.000000e+01 |  42.86%
  408s| 33400 |   435 |  1617k|  48.4 |    82M |  34 |   - |1013 |  11k|1013 |3757 |   0 |  75k|9942 | 7.000000e+00 | 1.000000e+01 |  42.86%
  409s| 33500 |   427 |  1620k|  48.3 |    82M |  34 |   - |1013 |  11k|1013 |3757 |   0 |  75k|9948 | 7.000000e+00 | 1.000000e+01 |  42.86%
 time | node  | left  |LP iter|LP it/n|mem/heur|mdpt |frac |vars |cons |cols |rows |cuts |confs|strbr|  dualbound   | primalbound  |  gap   
  410s| 33600 |   426 |  1624k|  48.3 |    82M |  34 |   - |1013 |  11k|1013 |3757 |   0 |  75k|9964 | 7.000000e+00 | 1.000000e+01 |  42.86%
  411s| 33700 |   419 |  1627k|  48.3 |    82M |  34 | 204 |1013 |  11k|1013 |3757 |   0 |  75k|9968 | 7.000000e+00 | 1.000000e+01 |  42.86%
  411s| 33800 |   407 |  1630k|  48.2 |    82M |  34 |   - |1013 |  11k|   0 |   0 |   0 |  75k|9981 | 7.000000e+00 | 1.000000e+01 |  42.86%
  412s| 33900 |   402 |  1634k|  48.2 |    82M |  34 | 145 |1013 |  11k|1013 |3757 |   0 |  76k|9992 | 7.000000e+00 | 1.000000e+01 |  42.86%
  413s| 34000 |   389 |  1638k|  48.2 |    82M |  34 | 210 |1013 |  11k|1013 |3757 |   0 |  76k|  10k| 7.000000e+00 | 1.000000e+01 |  42.86%
  414s| 34100 |   394 |  1642k|  48.1 |    82M |  34 |   - |1013 |  11k|1013 |3757 |   0 |  76k|  10k| 7.000000e+00 | 1.000000e+01 |  42.86%
  415s| 34200 |   382 |  1645k|  48.1 |    82M |  34 | 208 |1013 |  11k|1013 |3757 |   0 |  76k|  10k| 7.000000e+00 | 1.000000e+01 |  42.86%
  416s| 34300 |   384 |  1650k|  48.1 |    82M |  34 |   - |1013 |  11k|   0 |   0 |   0 |  76k|  10k| 7.000000e+00 | 1.000000e+01 |  42.86%
  417s| 34400 |   380 |  1654k|  48.1 |    82M |  34 |   - |1013 |  11k|   0 |   0 |   0 |  77k|  10k| 7.000000e+00 | 1.000000e+01 |  42.86%
  418s| 34500 |   370 |  1657k|  48.0 |    82M |  34 |   - |1013 |  11k|   0 |   0 |   0 |  77k|  10k| 7.000000e+00 | 1.000000e+01 |  42.86%
  419s| 34600 |   366 |  1660k|  48.0 |    82M |  34 | 207 |1013 |  11k|1013 |3757 |   0 |  77k|  10k| 7.000000e+00 | 1.000000e+01 |  42.86%
  420s| 34700 |   361 |  1664k|  47.9 |    82M |  34 | 163 |1013 |  11k|1013 |3757 |   0 |  77k|  10k| 7.000000e+00 | 1.000000e+01 |  42.86%
  421s| 34800 |   348 |  1667k|  47.9 |    82M |  34 |   - |1013 |  11k|   0 |   0 |   0 |  77k|  10k| 7.000000e+00 | 1.000000e+01 |  42.86%
  422s| 34900 |   346 |  1674k|  48.0 |    82M |  34 | 101 |1013 |  11k|1013 |3757 |   0 |  77k|  10k| 7.000000e+00 | 1.000000e+01 |  42.86%
  423s| 35000 |   343 |  1678k|  47.9 |    82M |  34 |   - |1013 |  11k|   0 |   0 |   0 |  77k|  10k| 7.000000e+00 | 1.000000e+01 |  42.86%
 time | node  | left  |LP iter|LP it/n|mem/heur|mdpt |frac |vars |cons |cols |rows |cuts |confs|strbr|  dualbound   | primalbound  |  gap   
  424s| 35100 |   336 |  1680k|  47.9 |    82M |  34 |   - |1013 |  11k|1013 |3757 |   0 |  78k|  10k| 7.000000e+00 | 1.000000e+01 |  42.86%
  425s| 35200 |   328 |  1683k|  47.8 |    82M |  34 |   - |1013 |  10k|   0 |   0 |   0 |  78k|  10k| 7.070175e+00 | 1.000000e+01 |  41.44%
  425s| 35300 |   323 |  1686k|  47.8 |    82M |  34 |   - |1013 |  10k|1013 |3757 |   0 |  78k|  10k| 7.130435e+00 | 1.000000e+01 |  40.24%
  426s| 35400 |   327 |  1690k|  47.7 |    82M |  34 |   - |1013 |  10k|   0 |   0 |   0 |  78k|  10k| 7.166667e+00 | 1.000000e+01 |  39.53%
  427s| 35500 |   330 |  1694k|  47.7 |    82M |  34 |   - |1013 |  10k|1013 |3757 |   0 |  78k|  10k| 7.166667e+00 | 1.000000e+01 |  39.53%
  429s| 35600 |   330 |  1699k|  47.7 |    82M |  34 | 121 |1013 |  10k|1013 |3757 |   0 |  78k|  10k| 7.181818e+00 | 1.000000e+01 |  39.24%
  429s| 35700 |   330 |  1702k|  47.7 |    82M |  34 | 100 |1013 |  10k|1013 |3757 |   0 |  78k|  10k| 7.187500e+00 | 1.000000e+01 |  39.13%
  430s| 35800 |   326 |  1706k|  47.7 |    82M |  34 | 149 |1013 |  10k|1013 |3757 |   0 |  79k|  10k| 7.200000e+00 | 1.000000e+01 |  38.89%
  431s| 35900 |   306 |  1710k|  47.6 |    82M |  34 |   - |1013 |  10k|1013 |3757 |   0 |  79k|  10k| 7.233333e+00 | 1.000000e+01 |  38.25%
  432s| 36000 |   313 |  1715k|  47.6 |    82M |  34 |   - |1013 |  10k|1013 |3757 |   0 |  79k|  10k| 7.250000e+00 | 1.000000e+01 |  37.93%
  433s| 36100 |   302 |  1717k|  47.6 |    82M |  34 |   - |1013 |  10k|1013 |3757 |   0 |  79k|  10k| 7.250000e+00 | 1.000000e+01 |  37.93%
  434s| 36200 |   290 |  1720k|  47.5 |    82M |  34 |  98 |1013 |  10k|1013 |3757 |   0 |  79k|  10k| 7.250000e+00 | 1.000000e+01 |  37.93%
  435s| 36300 |   288 |  1725k|  47.5 |    82M |  34 | 138 |1013 |  10k|1013 |3757 |   0 |  79k|  10k| 7.250000e+00 | 1.000000e+01 |  37.93%
  435s| 36400 |   284 |  1728k|  47.5 |    82M |  34 |   - |1013 |  10k|   0 |   0 |   0 |  80k|  10k| 7.263158e+00 | 1.000000e+01 |  37.68%
  436s| 36500 |   275 |  1731k|  47.4 |    82M |  34 |   - |1013 |  10k|1013 |3757 |   0 |  80k|  10k| 7.298246e+00 | 1.000000e+01 |  37.02%
 time | node  | left  |LP iter|LP it/n|mem/heur|mdpt |frac |vars |cons |cols |rows |cuts |confs|strbr|  dualbound   | primalbound  |  gap   
  437s| 36600 |   259 |  1736k|  47.4 |    82M |  34 | 186 |1013 |  10k|1013 |3757 |   0 |  80k|  10k| 7.333333e+00 | 1.000000e+01 |  36.36%
  438s| 36700 |   252 |  1741k|  47.4 |    82M |  34 |   - |1013 |  10k|   0 |   0 |   0 |  80k|  10k| 7.333333e+00 | 1.000000e+01 |  36.36%
  439s| 36800 |   248 |  1744k|  47.4 |    82M |  34 |   - |1013 |  10k|   0 |   0 |   0 |  80k|  10k| 7.347826e+00 | 1.000000e+01 |  36.09%
  440s| 36900 |   250 |  1747k|  47.3 |    82M |  34 | 114 |1013 |  10k|1013 |3757 |   0 |  80k|  10k| 7.355172e+00 | 1.000000e+01 |  35.96%
  440s| 37000 |   236 |  1750k|  47.3 |    82M |  34 |   - |1013 |  10k|   0 |   0 |   0 |  81k|  10k| 7.375000e+00 | 1.000000e+01 |  35.59%
  441s| 37100 |   229 |  1753k|  47.2 |    82M |  34 |   - |1013 |  10k|1013 |3757 |   0 |  81k|  10k| 7.375000e+00 | 1.000000e+01 |  35.59%
  442s| 37200 |   212 |  1757k|  47.2 |    82M |  34 | 169 |1013 |  10k|1013 |3757 |   0 |  81k|  10k| 7.416667e+00 | 1.000000e+01 |  34.83%
  443s| 37300 |   207 |  1760k|  47.2 |    82M |  34 |   - |1013 |  10k|1013 |3757 |   0 |  81k|  10k| 7.444444e+00 | 1.000000e+01 |  34.33%
  444s| 37400 |   202 |  1764k|  47.2 |    82M |  34 | 101 |1013 |  10k|1013 |3757 |   0 |  81k|  10k| 7.480000e+00 | 1.000000e+01 |  33.69%
  444s| 37500 |   199 |  1766k|  47.1 |    82M |  34 |   - |1013 |  10k|1013 |3757 |   0 |  81k|  10k| 7.500000e+00 | 1.000000e+01 |  33.33%
  445s| 37600 |   204 |  1769k|  47.1 |    82M |  34 |  89 |1013 |  10k|1013 |3757 |   0 |  81k|  10k| 7.500000e+00 | 1.000000e+01 |  33.33%
  446s| 37700 |   200 |  1773k|  47.0 |    82M |  34 | 105 |1013 |  10k|1013 |3757 |   0 |  81k|  10k| 7.500000e+00 | 1.000000e+01 |  33.33%
  446s| 37800 |   193 |  1776k|  47.0 |    82M |  34 |   - |1013 |  10k|1013 |3757 |   0 |  82k|  10k| 7.500000e+00 | 1.000000e+01 |  33.33%
  447s| 37900 |   187 |  1779k|  46.9 |    82M |  34 | 134 |1013 |  10k|1013 |3757 |   0 |  82k|  10k| 7.500000e+00 | 1.000000e+01 |  33.33%
  447s| 38000 |   181 |  1781k|  46.9 |    82M |  34 | 185 |1013 |  10k|1013 |3757 |   0 |  82k|  10k| 7.500000e+00 | 1.000000e+01 |  33.33%
 time | node  | left  |LP iter|LP it/n|mem/heur|mdpt |frac |vars |cons |cols |rows |cuts |confs|strbr|  dualbound   | primalbound  |  gap   
  448s| 38100 |   170 |  1785k|  46.8 |    82M |  34 |   - |1013 |  10k|   0 |   0 |   0 |  82k|  10k| 7.500000e+00 | 1.000000e+01 |  33.33%
  449s| 38200 |   159 |  1790k|  46.8 |    82M |  34 |   - |1013 |  10k|1013 |3757 |   0 |  82k|  10k| 7.500000e+00 | 1.000000e+01 |  33.33%
  450s| 38300 |   165 |  1795k|  46.9 |    82M |  34 |   - |1013 |  10k|   0 |   0 |   0 |  82k|  10k| 7.500000e+00 | 1.000000e+01 |  33.33%
  451s| 38400 |   147 |  1799k|  46.8 |    82M |  34 |   - |1013 |  10k|1013 |3757 |   0 |  83k|  10k| 7.500000e+00 | 1.000000e+01 |  33.33%
  452s| 38500 |   144 |  1803k|  46.8 |    82M |  34 | 184 |1013 |  10k|1013 |3757 |   0 |  83k|  10k| 7.560000e+00 | 1.000000e+01 |  32.28%
  453s| 38600 |   145 |  1805k|  46.8 |    82M |  34 |   - |1013 |  10k|1013 |3757 |   0 |  83k|  10k| 7.571429e+00 | 1.000000e+01 |  32.08%
  453s| 38700 |   139 |  1808k|  46.7 |    82M |  34 |   - |1013 |  10k|   0 |   0 |   0 |  83k|  10k| 7.600000e+00 | 1.000000e+01 |  31.58%
  454s| 38800 |   118 |  1811k|  46.7 |    82M |  34 | 151 |1013 |  10k|1013 |3757 |   0 |  83k|  10k| 7.638095e+00 | 1.000000e+01 |  30.92%
  455s| 38900 |   107 |  1814k|  46.6 |    82M |  34 | 188 |1013 |  10k|1013 |3757 |   0 |  83k|  10k| 7.700000e+00 | 1.000000e+01 |  29.87%
  456s| 39000 |    96 |  1817k|  46.6 |    82M |  34 | 169 |1013 |  10k|1013 |3757 |   0 |  83k|  10k| 7.857143e+00 | 1.000000e+01 |  27.27%
  457s| 39100 |    70 |  1822k|  46.6 |    82M |  34 |   - |1013 |  10k|   0 |   0 |   0 |  84k|  10k| 8.000000e+00 | 1.000000e+01 |  25.00%
  458s| 39200 |    55 |  1826k|  46.6 |    82M |  34 | 188 |1013 |  10k|1013 |3757 |   0 |  84k|  10k| 8.000000e+00 | 1.000000e+01 |  25.00%
  459s| 39300 |    42 |  1829k|  46.5 |    82M |  34 |   - |1013 |9955 |1013 |3757 |   0 |  84k|  10k| 8.000000e+00 | 1.000000e+01 |  25.00%
  460s| 39400 |    31 |  1833k|  46.5 |    82M |  34 | 180 |1013 |9781 |1013 |3757 |   0 |  84k|  10k| 8.000000e+00 | 1.000000e+01 |  25.00%
  460s| 39500 |    10 |  1836k|  46.5 |    82M |  34 | 137 |1013 |9687 |1013 |3757 |   0 |  84k|  10k| 8.000000e+00 | 1.000000e+01 |  25.00%

SCIP Status        : problem is solved [optimal solution found]
Solving Time (sec) : 460.67
Solving Nodes      : 39520
Primal Bound       : +1.00000000000000e+01 (4 solutions)
Dual Bound         : +1.00000000000000e+01
Gap                : 0.00 %

Number of variables fixed to 0 by isomorphism pruning:	   803
Number of variables fixed to 1 by isomorphism pruning:	    54
@04 1686574982
