FILENAME:   /home/mcs001/s132664/testsets/IP/miplib2017/fastxgemm-n3r23s5t6.mps.gz
SETTINGS:   settings_isopr_minimalindexbranching_avoidsubtreenodes
TIMELIMIT:  7200
OUTPUTNAME: final_miplib_symretope_if_extended_generating_set_cpx_v802__settings_isopr_minimalindexbranching_avoidsubtreenodes__3__
BINNAME:    bin/symmetries.linux.x86_64.gnu.opt.cpx
BASENAME:   fastxgemm-n3r23s5t6.mps.gz
SEED:       3
@01 /home/mcs001/s132664/testsets/IP/miplib2017/fastxgemm-n3r23s5t6.mps.gz ===========
@02 fastxgemm-n3r23s5t6.mps.gz
@03 1686566872
SCIP version 8.0.2 [precision: 8 byte] [memory: block] [mode: optimized] [LP solver: CPLEX 20.1.0.0] [GitHash: 5f0473c]
Copyright (C) 2002-2022 Konrad-Zuse-Zentrum fuer Informationstechnik Berlin (ZIB)

Symmetry handling routines - (c) Marc Pfetsch, Thomas Rehn, Christopher Hojny.
[GitHash: a1587cb]


Turned off presolver <gateextraction>.
reading parameter file <../settings/settings_isopr_minimalindexbranching_avoidsubtreenodes.set> ...

Changed settings:
limits/time = 7200
limits/restarts = 0
randomization/randomseedshift = 3
constraints/orbitope/sepafreq = -1
constraints/orbitope/propfreq = 1
presolving/gateextraction/maxrounds = 0
propagating/isoprune/avoidsubtreenodes = TRUE
useisoprune = TRUE
usebranchfirst = TRUE


solving problem ...

original problem has 20394 variables (414 bin, 0 int, 0 impl, 19980 cont) and 240116 constraints
presolving:
(round 1, exhaustive) 0 del vars, 67068 del conss, 0 add conss, 0 chg bounds, 0 chg sides, 0 chg coeffs, 0 upgd conss, 0 impls, 207 clqs
(round 2, exhaustive) 0 del vars, 67068 del conss, 0 add conss, 0 chg bounds, 0 chg sides, 0 chg coeffs, 102562 upgd conss, 0 impls, 207 clqs
(round 3, exhaustive) 25 del vars, 67068 del conss, 0 add conss, 0 chg bounds, 0 chg sides, 0 chg coeffs, 102562 upgd conss, 2574 impls, 1227 clqs
(round 4, medium)     25 del vars, 67255 del conss, 0 add conss, 0 chg bounds, 0 chg sides, 0 chg coeffs, 102562 upgd conss, 2574 impls, 1227 clqs
(round 5, exhaustive) 50 del vars, 67255 del conss, 0 add conss, 0 chg bounds, 0 chg sides, 0 chg coeffs, 102562 upgd conss, 2574 impls, 1173 clqs
(round 6, exhaustive) 75 del vars, 67316 del conss, 0 add conss, 0 chg bounds, 0 chg sides, 0 chg coeffs, 102562 upgd conss, 2574 impls, 1115 clqs
(round 7, exhaustive) 100 del vars, 67445 del conss, 0 add conss, 0 chg bounds, 0 chg sides, 0 chg coeffs, 102562 upgd conss, 2574 impls, 1056 clqs
(round 8, medium)     100 del vars, 67608 del conss, 0 add conss, 0 chg bounds, 0 chg sides, 0 chg coeffs, 102562 upgd conss, 2574 impls, 1056 clqs
(round 9, exhaustive) 125 del vars, 67608 del conss, 0 add conss, 0 chg bounds, 0 chg sides, 0 chg coeffs, 102562 upgd conss, 2574 impls, 990 clqs
(round 10, medium)     125 del vars, 67857 del conss, 0 add conss, 0 chg bounds, 0 chg sides, 0 chg coeffs, 102562 upgd conss, 2574 impls, 990 clqs
(round 11, exhaustive) 150 del vars, 67857 del conss, 0 add conss, 0 chg bounds, 0 chg sides, 0 chg coeffs, 102562 upgd conss, 2574 impls, 926 clqs
(round 12, medium)     150 del vars, 68072 del conss, 0 add conss, 0 chg bounds, 0 chg sides, 0 chg coeffs, 102562 upgd conss, 2574 impls, 926 clqs
(round 13, exhaustive) 175 del vars, 68072 del conss, 0 add conss, 0 chg bounds, 0 chg sides, 0 chg coeffs, 102562 upgd conss, 2574 impls, 866 clqs
(round 14, medium)     175 del vars, 68251 del conss, 0 add conss, 0 chg bounds, 0 chg sides, 0 chg coeffs, 102562 upgd conss, 2574 impls, 866 clqs
(round 15, exhaustive) 200 del vars, 68251 del conss, 0 add conss, 0 chg bounds, 0 chg sides, 0 chg coeffs, 102562 upgd conss, 2574 impls, 880 clqs
(round 16, medium)     200 del vars, 68430 del conss, 0 add conss, 0 chg bounds, 0 chg sides, 0 chg coeffs, 102562 upgd conss, 2574 impls, 880 clqs
(round 17, exhaustive) 225 del vars, 68430 del conss, 0 add conss, 0 chg bounds, 0 chg sides, 0 chg coeffs, 102562 upgd conss, 2574 impls, 822 clqs
(round 18, exhaustive) 250 del vars, 68543 del conss, 0 add conss, 0 chg bounds, 0 chg sides, 0 chg coeffs, 102562 upgd conss, 2574 impls, 760 clqs
(round 19, medium)     250 del vars, 68724 del conss, 0 add conss, 0 chg bounds, 0 chg sides, 0 chg coeffs, 102562 upgd conss, 2574 impls, 760 clqs
(round 20, exhaustive) 275 del vars, 68724 del conss, 0 add conss, 0 chg bounds, 0 chg sides, 0 chg coeffs, 102562 upgd conss, 2574 impls, 764 clqs
(round 21, medium)     275 del vars, 68869 del conss, 0 add conss, 0 chg bounds, 0 chg sides, 0 chg coeffs, 102562 upgd conss, 2574 impls, 764 clqs
(round 22, exhaustive) 300 del vars, 68869 del conss, 0 add conss, 0 chg bounds, 0 chg sides, 0 chg coeffs, 102562 upgd conss, 2574 impls, 700 clqs
(round 23, medium)     300 del vars, 69036 del conss, 0 add conss, 0 chg bounds, 0 chg sides, 0 chg coeffs, 102562 upgd conss, 2574 impls, 700 clqs
(round 24, exhaustive) 325 del vars, 69036 del conss, 0 add conss, 0 chg bounds, 0 chg sides, 0 chg coeffs, 102562 upgd conss, 2574 impls, 640 clqs
(round 25, medium)     325 del vars, 69232 del conss, 0 add conss, 0 chg bounds, 0 chg sides, 0 chg coeffs, 102562 upgd conss, 2574 impls, 640 clqs
(round 26, exhaustive) 350 del vars, 69232 del conss, 0 add conss, 0 chg bounds, 0 chg sides, 0 chg coeffs, 102562 upgd conss, 2574 impls, 636 clqs
(round 27, medium)     350 del vars, 69424 del conss, 0 add conss, 0 chg bounds, 0 chg sides, 0 chg coeffs, 102562 upgd conss, 2574 impls, 636 clqs
(round 28, exhaustive) 375 del vars, 69424 del conss, 0 add conss, 0 chg bounds, 0 chg sides, 0 chg coeffs, 102562 upgd conss, 2574 impls, 582 clqs
   (13.6s) probing: 1000/1035 (96.6%) - 0 fixings, 388 aggregations, 284383 implications, 0 bound changes
(round 29, exhaustive) 400 del vars, 69527 del conss, 0 add conss, 0 chg bounds, 0 chg sides, 0 chg coeffs, 102562 upgd conss, 2574 impls, 538 clqs
(round 30, medium)     400 del vars, 69763 del conss, 0 add conss, 0 chg bounds, 0 chg sides, 0 chg coeffs, 102562 upgd conss, 2574 impls, 538 clqs
   (14.3s) probing cycle finished: starting next cycle
Required symmetry:			(1 bin, 0 int, 0 cont); (fixed: 0 bin, 1 int, 0 cont)
Time for symmetry detection:		0.97 	(matrix graph, 296011 nodes, 1559570 edges)
Number of generators:			3 	(max: 1500)
Order of symmetry group:		18
Log10 of symmetry group order:		1.3
Number of vars moved by some symmetry:	5022
Total time for symmetry detection:	1.01

Turned off presolver <domcol>.
Turned off presolver <components>.

presolving (31 rounds: 31 fast, 31 medium, 19 exhaustive):
 414 deleted vars, 69763 deleted constraints, 0 added constraints, 0 tightened bounds, 0 added holes, 0 changed sides, 0 changed coefficients
 3816 implications, 506 cliques
presolved problem has 19980 variables (414 bin, 0 int, 828 impl, 18738 cont) and 170354 constraints
  99590 constraints of type <varbound>
      1 constraints of type <knapsack>
    221 constraints of type <setppc>
  70486 constraints of type <linear>
     55 constraints of type <logicor>
      1 constraints of type <symmetries>
Presolving Time: 17.51

 time | node  | left  |LP iter|LP it/n|mem/heur|mdpt |frac |vars |cons |cols |rows |cuts |confs|strbr|  dualbound   | primalbound  |  gap   
 42.7s|     1 |     0 |    34 |     - |   622M |   0 | 192 |  19k| 170k|  19k| 170k|   0 |   0 |   0 | 8.400000e+01 |      --      |    Inf 
  447s|     1 |     2 | 30416 |     - |   664M |   0 | 192 |  19k| 170k|  19k| 170k|   0 |   0 |   0 | 8.400000e+01 |      --      |    Inf 

SCIP Status        : solving was interrupted [time limit reached]
Solving Time (sec) : 7200.16
Solving Nodes      : 38
Primal Bound       : +1.00000000000000e+20 (0 solutions)
Dual Bound         : +8.40000000000000e+01
Gap                : infinite

Number of variables fixed to 0 by isomorphism pruning:	     0
Number of variables fixed to 1 by isomorphism pruning:	     0
@04 1686574074
