FILENAME:   /home/mcs001/s132664/testsets/IP/miplib2010/pb-simp-nonunif.mps.gz
SETTINGS:   settings_isopr_minimalindexbranching_avoidsubtreenodes
TIMELIMIT:  7200
OUTPUTNAME: final_miplib_symretope_if_extended_generating_set_cpx_v802__settings_isopr_minimalindexbranching_avoidsubtreenodes__0__
BINNAME:    bin/symmetries.linux.x86_64.gnu.opt.cpx
BASENAME:   pb-simp-nonunif.mps.gz
SEED:       0
@01 /home/mcs001/s132664/testsets/IP/miplib2010/pb-simp-nonunif.mps.gz ===========
@02 pb-simp-nonunif.mps.gz
@03 1686559606
SCIP version 8.0.2 [precision: 8 byte] [memory: block] [mode: optimized] [LP solver: CPLEX 20.1.0.0] [GitHash: 5f0473c]
Copyright (C) 2002-2022 Konrad-Zuse-Zentrum fuer Informationstechnik Berlin (ZIB)

Symmetry handling routines - (c) Marc Pfetsch, Thomas Rehn, Christopher Hojny.
[GitHash: a1587cb]


Turned off presolver <gateextraction>.
reading parameter file <../settings/settings_isopr_minimalindexbranching_avoidsubtreenodes.set> ...

Changed settings:
limits/time = 7200
limits/restarts = 0
constraints/orbitope/sepafreq = -1
constraints/orbitope/propfreq = 1
presolving/gateextraction/maxrounds = 0
propagating/isoprune/avoidsubtreenodes = TRUE
useisoprune = TRUE
usebranchfirst = TRUE


solving problem ...

original problem has 23848 variables (23848 bin, 0 int, 0 impl, 0 cont) and 1451912 constraints
presolving:
(round 1, fast)       12038 del vars, 1321736 del conss, 0 add conss, 11594 chg bounds, 438 chg sides, 876 chg coeffs, 0 upgd conss, 0 impls, 83392 clqs
(round 2, fast)       12051 del vars, 1328381 del conss, 0 add conss, 11594 chg bounds, 440 chg sides, 880 chg coeffs, 0 upgd conss, 0 impls, 83384 clqs
(round 3, medium)     12073 del vars, 1328381 del conss, 0 add conss, 11594 chg bounds, 440 chg sides, 880 chg coeffs, 0 upgd conss, 0 impls, 83072 clqs
(round 4, fast)       12073 del vars, 1328693 del conss, 0 add conss, 11594 chg bounds, 440 chg sides, 880 chg coeffs, 0 upgd conss, 0 impls, 83072 clqs
(round 5, exhaustive) 12073 del vars, 1328693 del conss, 0 add conss, 11594 chg bounds, 440 chg sides, 880 chg coeffs, 123219 upgd conss, 0 impls, 83072 clqs
(round 6, exhaustive) 12098 del vars, 1328693 del conss, 0 add conss, 11594 chg bounds, 440 chg sides, 886 chg coeffs, 123219 upgd conss, 0 impls, 82798 clqs
(round 7, fast)       12104 del vars, 1329011 del conss, 0 add conss, 11594 chg bounds, 440 chg sides, 911 chg coeffs, 123219 upgd conss, 0 impls, 82785 clqs
(round 8, exhaustive) 12129 del vars, 1329011 del conss, 0 add conss, 11594 chg bounds, 440 chg sides, 911 chg coeffs, 123219 upgd conss, 0 impls, 82579 clqs
(round 9, fast)       12129 del vars, 1329223 del conss, 0 add conss, 11594 chg bounds, 440 chg sides, 935 chg coeffs, 123219 upgd conss, 0 impls, 82579 clqs
   (19.1s) probing: 484/11775 (4.1%) - 60 fixings, 0 aggregations, 64 implications, 0 bound changes
   (19.1s) probing aborted: 50/50 successive totally useless probings
(round 10, exhaustive) 12139 del vars, 1329223 del conss, 0 add conss, 11594 chg bounds, 440 chg sides, 935 chg coeffs, 123219 upgd conss, 0 impls, 82563 clqs
   (20.0s) probing: 489/11775 (4.2%) - 60 fixings, 0 aggregations, 64 implications, 0 bound changes
   (20.0s) probing aborted: 50/50 successive totally useless probings
Required symmetry:			(1 bin, 0 int, 0 cont); (fixed: 0 bin, 1 int, 0 cont)
Time for symmetry detection:		0.41 	(matrix graph, 157607 nodes, 592436 edges)
Number of generators:			139 	(max: 1500)
Log10 of symmetry group order:		41.8
Number of vars moved by some symmetry:	278
Total time for symmetry detection:	0.46

Turned off presolver <domcol>.
Turned off presolver <components>.

presolving (11 rounds: 11 fast, 6 medium, 5 exhaustive):
 12139 deleted vars, 1329269 deleted constraints, 0 added constraints, 11594 tightened bounds, 0 added holes, 440 changed sides, 944 changed coefficients
 0 implications, 82563 cliques
presolved problem has 11709 variables (11709 bin, 0 int, 0 impl, 0 cont) and 122644 constraints
  82496 constraints of type <setppc>
  40147 constraints of type <logicor>
      1 constraints of type <symmetries>
transformed objective value is always integral (scale: 1)
Presolving Time: 18.07

 time | node  | left  |LP iter|LP it/n|mem/heur|mdpt |frac |vars |cons |cols |rows |cuts |confs|strbr|  dualbound   | primalbound  |  gap   
t20.7s|     1 |     0 |     0 |     - | trivial|   0 |   - |  11k| 122k|   0 |   0 |   0 |   0 |   0 | 8.000000e+00 | 1.710000e+02 |2037.50%
p21.9s|     1 |     0 |  1846 |     - | vbounds|   0 |   - |  11k| 122k|  11k| 122k|   0 |   0 |   0 | 8.000000e+00 | 9.400000e+01 |1075.00%
p22.4s|     1 |     0 |  1846 |     - | vbounds|   0 |   - |  11k| 122k|  11k| 122k|   0 |   2 |   0 | 8.000000e+00 | 9.000000e+01 |1025.00%
 26.1s|     1 |     0 | 16599 |     - |  1314M |   0 |  11k|  11k| 122k|  11k| 122k|   0 |  32 |   0 | 1.000000e+01 | 9.000000e+01 | 800.00%
  106s|     1 |     2 | 26599 |     - |  1348M |   0 |  11k|  11k| 122k|  11k| 122k|   0 |  33 |   0 | 1.000000e+01 | 9.000000e+01 | 800.00%
  431s|   100 |   101 |136790 |1232.7 |  1392M |  51 |9781 |  11k| 122k|  11k| 122k|   0 | 240 |   0 | 1.000000e+01 | 9.000000e+01 | 800.00%
  478s|   200 |   201 |162329 | 741.6 |  1403M |  72 |8151 |  11k| 122k|  11k| 122k|   0 | 262 |   0 | 1.000000e+01 | 9.000000e+01 | 800.00%
L 801s|   228 |   229 |164187 | 658.3 |    rins| 100 |6661 |  11k| 122k|  11k| 122k|   0 | 262 |   0 | 1.000000e+01 | 8.900000e+01 | 790.00%
  811s|   300 |   301 |168156 | 513.1 |  1407M | 172 |3944 |  11k| 122k|  11k| 122k|   0 | 262 |   0 | 1.000000e+01 | 8.900000e+01 | 790.00%
  822s|   400 |   375 |171556 | 393.0 |  1412M | 258 |1759 |  11k| 122k|  11k| 122k|   0 | 386 |   0 | 1.000000e+01 | 8.900000e+01 | 790.00%
L1070s|   496 |   381 |195776 | 365.7 |crossove| 258 |   - |  11k| 123k|   0 |   0 |   0 | 822 |   0 | 1.000000e+01 | 8.500000e+01 | 750.00%
 1070s|   500 |   377 |195776 | 362.8 |  1416M | 258 |   - |  11k| 123k|   0 |   0 |   0 | 862 |   0 | 1.000000e+01 | 8.500000e+01 | 750.00%
 1102s|   600 |   411 |213250 | 331.4 |  1418M | 258 |1945 |  11k| 123k|  11k| 122k|   0 |1063 |   0 | 1.000000e+01 | 8.500000e+01 | 750.00%
 1123s|   700 |   438 |225023 | 300.8 |  1421M | 258 |   - |  11k| 123k|   0 |   0 |   0 |1259 |   0 | 1.000000e+01 | 8.500000e+01 | 750.00%
 1132s|   800 |   443 |228365 | 267.3 |  1422M | 258 |1774 |  11k| 123k|  11k| 122k|   0 |1542 |   0 | 1.000000e+01 | 8.500000e+01 | 750.00%
 time | node  | left  |LP iter|LP it/n|mem/heur|mdpt |frac |vars |cons |cols |rows |cuts |confs|strbr|  dualbound   | primalbound  |  gap   
 1142s|   900 |   442 |231851 | 241.5 |  1422M | 258 |1963 |  11k| 123k|  11k| 122k|   0 |1803 |   0 | 1.000000e+01 | 8.500000e+01 | 750.00%
 1151s|  1000 |   433 |234738 | 220.2 |  1424M | 258 |2279 |  11k| 124k|  11k| 122k|   0 |2145 |   0 | 1.000000e+01 | 8.500000e+01 | 750.00%
 1182s|  1100 |   462 |245541 | 210.0 |  1425M | 258 |2248 |  11k| 124k|  11k| 122k|   0 |2370 |   0 | 1.000000e+01 | 8.500000e+01 | 750.00%
 1203s|  1200 |   491 |256496 | 201.6 |  1428M | 258 |2035 |  11k| 124k|  11k| 122k|   0 |2620 |   0 | 1.000000e+01 | 8.500000e+01 | 750.00%
 1212s|  1300 |   494 |259654 | 188.5 |  1428M | 258 |1740 |  11k| 124k|  11k| 122k|   0 |2940 |   0 | 1.000000e+01 | 8.500000e+01 | 750.00%
 1241s|  1400 |   552 |279508 | 189.2 |  1431M | 264 |   - |  11k| 124k|   0 |   0 |   0 |3124 |   0 | 1.000000e+01 | 8.500000e+01 | 750.00%
 1267s|  1500 |   583 |296198 | 187.8 |  1435M | 264 |   - |  11k| 125k|   0 |   0 |   0 |3478 |   0 | 1.000000e+01 | 8.500000e+01 | 750.00%
 1283s|  1600 |   616 |306900 | 182.7 |  1438M | 265 |  10k|  11k| 125k|  11k| 122k|   0 |3850 |   0 | 1.000000e+01 | 8.500000e+01 | 750.00%
 1300s|  1700 |   639 |317769 | 178.3 |  1441M | 265 |  10k|  11k| 125k|  11k| 122k|   0 |4327 |   0 | 1.000000e+01 | 8.500000e+01 | 750.00%
 1336s|  1800 |   717 |332141 | 176.4 |  1445M | 265 |   - |  11k| 124k|   0 |   0 |   0 |4443 |   0 | 1.100000e+01 | 8.500000e+01 | 672.73%
 1364s|  1900 |   765 |350504 | 176.8 |  1447M | 265 |   - |  11k| 124k|   0 |   0 |   0 |4619 |   0 | 1.100000e+01 | 8.500000e+01 | 672.73%
 1376s|  2000 |   786 |356997 | 171.2 |  1448M | 265 |9749 |  11k| 125k|  11k| 122k|   0 |4975 |   0 | 1.100000e+01 | 8.500000e+01 | 672.73%
 1390s|  2100 |   818 |363522 | 166.2 |  1450M | 265 |   - |  11k| 125k|   0 |   0 |   0 |5330 |   0 | 1.100000e+01 | 8.500000e+01 | 672.73%
 1409s|  2200 |   871 |370734 | 161.9 |  1452M | 265 |1792 |  11k| 125k|  11k| 122k|   0 |5599 |   0 | 1.100000e+01 | 8.500000e+01 | 672.73%
 1429s|  2300 |   908 |382829 | 160.1 |  1454M | 265 |  10k|  11k| 125k|  11k| 122k|   0 |5983 |   0 | 1.100000e+01 | 8.500000e+01 | 672.73%
 time | node  | left  |LP iter|LP it/n|mem/heur|mdpt |frac |vars |cons |cols |rows |cuts |confs|strbr|  dualbound   | primalbound  |  gap   
 1448s|  2400 |   921 |392699 | 157.5 |  1457M | 265 |2038 |  11k| 125k|  11k| 122k|   0 |6510 |   0 | 1.100000e+01 | 8.500000e+01 | 672.73%
 1615s|  2500 |   947 |413002 | 159.4 |  1459M | 265 |   - |  11k| 125k|   0 |   0 |   0 |6730 |   0 | 1.100000e+01 | 8.500000e+01 | 672.73%
 1653s|  2600 |   989 |434347 | 161.4 |  1461M | 265 |  10k|  11k| 125k|  11k| 122k|   0 |6920 |   0 | 1.100000e+01 | 8.500000e+01 | 672.73%
 1691s|  2700 |  1031 |461992 | 165.7 |  1473M | 265 |1695 |  11k| 125k|  11k| 122k|   0 |7129 |   0 | 1.100000e+01 | 8.500000e+01 | 672.73%
 1705s|  2800 |  1065 |468904 | 162.3 |  1474M | 265 |  10k|  11k| 125k|  11k| 122k|   0 |7349 |   0 | 1.100000e+01 | 8.500000e+01 | 672.73%
 1734s|  2900 |  1093 |488026 | 163.3 |  1478M | 265 |1454 |  11k| 126k|  11k| 122k|   0 |7564 |   0 | 1.100000e+01 | 8.500000e+01 | 672.73%
 1752s|  3000 |  1143 |495723 | 160.4 |  1480M | 265 |1575 |  11k| 126k|  11k| 122k|   0 |7654 |   0 | 1.100000e+01 | 8.500000e+01 | 672.73%
 1765s|  3100 |  1175 |502218 | 157.3 |  1481M | 265 |   - |  11k| 126k|   0 |   0 |   0 |7784 |   0 | 1.100000e+01 | 8.500000e+01 | 672.73%
 1779s|  3200 |  1191 |509452 | 154.6 |  1481M | 265 |9177 |  11k| 126k|  11k| 122k|   0 |7994 |   0 | 1.100000e+01 | 8.500000e+01 | 672.73%
 1810s|  3300 |  1227 |532660 | 157.0 |  1483M | 265 |1334 |  11k| 126k|  11k| 122k|   0 |8204 |   0 | 1.100000e+01 | 8.500000e+01 | 672.73%
 1827s|  3400 |  1253 |543405 | 155.5 |  1485M | 265 |   - |  11k| 126k|   0 |   0 |   0 |8375 |   0 | 1.100000e+01 | 8.500000e+01 | 672.73%
 1843s|  3500 |  1283 |553203 | 153.9 |  1488M | 265 |   - |  11k| 126k|   0 |   0 |   0 |8616 |   0 | 1.100000e+01 | 8.500000e+01 | 672.73%
 1855s|  3600 |  1301 |557631 | 150.8 |  1488M | 265 |9784 |  11k| 126k|  11k| 122k|   0 |8836 |   0 | 1.100000e+01 | 8.500000e+01 | 672.73%
 1873s|  3700 |  1341 |564904 | 148.7 |  1489M | 265 |  10k|  11k| 126k|  11k| 122k|   0 |8946 |   0 | 1.100000e+01 | 8.500000e+01 | 672.73%
 1888s|  3800 |  1387 |571759 | 146.6 |  1492M | 265 |1468 |  11k| 127k|  11k| 122k|   0 |9046 |   0 | 1.100000e+01 | 8.500000e+01 | 672.73%
 time | node  | left  |LP iter|LP it/n|mem/heur|mdpt |frac |vars |cons |cols |rows |cuts |confs|strbr|  dualbound   | primalbound  |  gap   
 1901s|  3900 |  1419 |577627 | 144.4 |  1493M | 265 |   - |  11k| 127k|   0 |   0 |   0 |9176 |   0 | 1.100000e+01 | 8.500000e+01 | 672.73%
 1915s|  4000 |  1433 |584022 | 142.4 |  1493M | 265 |9552 |  11k| 127k|  11k| 122k|   0 |9346 |   0 | 1.100000e+01 | 8.500000e+01 | 672.73%
 1931s|  4100 |  1471 |589311 | 140.2 |  1494M | 265 |   - |  11k| 127k|  11k| 122k|   0 |9536 |   0 | 1.100000e+01 | 8.500000e+01 | 672.73%
 1943s|  4200 |  1497 |594684 | 138.1 |  1495M | 265 |1451 |  11k| 127k|  11k| 122k|   0 |9736 |   0 | 1.100000e+01 | 8.500000e+01 | 672.73%
 1961s|  4300 |  1521 |606410 | 137.6 |  1497M | 265 |1579 |  11k| 127k|  11k| 122k|   0 |9947 |   0 | 1.100000e+01 | 8.500000e+01 | 672.73%
 2195s|  4400 |  1551 |627615 | 139.3 |  1498M | 265 |   - |  11k| 127k|  11k| 122k|   0 |  10k|   0 | 1.100000e+01 | 8.500000e+01 | 672.73%
 2257s|  4500 |  1619 |666392 | 144.8 |  1501M | 265 |  10k|  11k| 127k|  11k| 122k|   0 |  10k|   0 | 1.100000e+01 | 8.500000e+01 | 672.73%
 2281s|  4600 |  1681 |685833 | 145.9 |  1505M | 265 |  10k|  11k| 127k|  11k| 122k|   0 |  10k|   0 | 1.100000e+01 | 8.500000e+01 | 672.73%
 2294s|  4700 |  1695 |692079 | 144.1 |  1505M | 265 |  10k|  11k| 127k|  11k| 122k|   0 |  10k|   0 | 1.100000e+01 | 8.500000e+01 | 672.73%
 2323s|  4800 |  1739 |712510 | 145.4 |  1510M | 265 |1425 |  11k| 127k|  11k| 122k|   0 |  10k|   0 | 1.100000e+01 | 8.500000e+01 | 672.73%
 2348s|  4900 |  1791 |731074 | 146.2 |  1513M | 265 |   - |  11k| 127k|  11k| 122k|   0 |  10k|   0 | 1.100000e+01 | 8.500000e+01 | 672.73%
 2363s|  5000 |  1847 |738745 | 144.8 |  1515M | 265 |   - |  11k| 127k|   0 |   0 |   0 |  11k|   0 | 1.100000e+01 | 8.500000e+01 | 672.73%
 2375s|  5100 |  1865 |744504 | 143.1 |  1515M | 265 |  10k|  11k| 127k|  11k| 122k|   0 |  11k|   0 | 1.150000e+01 | 8.500000e+01 | 639.13%
 2384s|  5200 |  1875 |748378 | 141.1 |  1516M | 265 |   - |  11k| 128k|   0 |   0 |   0 |  11k|   0 | 1.150000e+01 | 8.500000e+01 | 639.13%
 2405s|  5300 |  1929 |761037 | 140.8 |  1518M | 265 |   - |  11k| 128k|  11k| 122k|   0 |  11k|   0 | 1.200000e+01 | 8.500000e+01 | 608.33%
 time | node  | left  |LP iter|LP it/n|mem/heur|mdpt |frac |vars |cons |cols |rows |cuts |confs|strbr|  dualbound   | primalbound  |  gap   
 2417s|  5400 |  1955 |766538 | 139.2 |  1520M | 265 |1387 |  11k| 128k|  11k| 122k|   0 |  11k|   0 | 1.200000e+01 | 8.500000e+01 | 608.33%
 2425s|  5500 |  1957 |770632 | 137.5 |  1520M | 265 |1347 |  11k| 128k|  11k| 122k|   0 |  11k|   0 | 1.200000e+01 | 8.500000e+01 | 608.33%
 2455s|  5600 |  2015 |790599 | 138.6 |  1521M | 265 |  10k|  11k| 128k|  11k| 122k|   0 |  12k|   0 | 1.200000e+01 | 8.500000e+01 | 608.33%
 2469s|  5700 |  2061 |797954 | 137.4 |  1525M | 265 |1547 |  11k| 128k|  11k| 122k|   0 |  12k|   0 | 1.200000e+01 | 8.500000e+01 | 608.33%
 2479s|  5800 |  2063 |803163 | 136.0 |  1525M | 265 |   - |  11k| 128k|  11k| 122k|   0 |  12k|   0 | 1.200000e+01 | 8.500000e+01 | 608.33%
 2497s|  5900 |  2121 |810213 | 134.8 |  1528M | 265 |1333 |  11k| 128k|  11k| 122k|   0 |  12k|   0 | 1.200000e+01 | 8.500000e+01 | 608.33%
 2505s|  6000 |  2119 |815085 | 133.4 |  1528M | 265 |   - |  11k| 128k|   0 |   0 |   0 |  12k|   0 | 1.200000e+01 | 8.500000e+01 | 608.33%
 2520s|  6100 |  2161 |823191 | 132.6 |  1529M | 265 |9163 |  11k| 129k|  11k| 122k|   0 |  12k|   0 | 1.200000e+01 | 8.500000e+01 | 608.33%
 2535s|  6200 |  2173 |827309 | 131.1 |  1529M | 265 |   - |  11k| 129k|   0 |   0 |   0 |  13k|   0 | 1.200000e+01 | 8.500000e+01 | 608.33%
 2544s|  6300 |  2191 |832361 | 129.8 |  1530M | 265 |9877 |  11k| 129k|  11k| 122k|   0 |  13k|   0 | 1.200000e+01 | 8.500000e+01 | 608.33%
 2845s|  6400 |  2225 |860430 | 132.2 |  1532M | 265 |   - |  11k| 129k|   0 |   0 |   0 |  13k|   0 | 1.200000e+01 | 8.500000e+01 | 608.33%
 2862s|  6500 |  2261 |867410 | 131.2 |  1533M | 265 |  10k|  11k| 129k|  11k| 122k|   0 |  13k|   0 | 1.200000e+01 | 8.500000e+01 | 608.33%
 2893s|  6600 |  2303 |886638 | 132.1 |  1535M | 265 |   - |  11k| 129k|  11k| 122k|   0 |  13k|   0 | 1.200000e+01 | 8.500000e+01 | 608.33%
 2912s|  6700 |  2333 |899560 | 132.1 |  1537M | 265 |   - |  11k| 129k|  11k| 122k|   0 |  14k|   0 | 1.200000e+01 | 8.500000e+01 | 608.33%
 2963s|  6800 |  2415 |937727 | 135.8 |  1541M | 265 |1333 |  11k| 130k|  11k| 122k|   0 |  14k|   0 | 1.200000e+01 | 8.500000e+01 | 608.33%
 time | node  | left  |LP iter|LP it/n|mem/heur|mdpt |frac |vars |cons |cols |rows |cuts |confs|strbr|  dualbound   | primalbound  |  gap   
 2982s|  6900 |  2441 |951049 | 135.7 |  1542M | 265 |1412 |  11k| 130k|  11k| 122k|   0 |  14k|   0 | 1.200000e+01 | 8.500000e+01 | 608.33%
L2985s|  6921 |  2433 |952421 | 135.5 |crossove| 265 |   - |  11k| 130k|  11k| 122k|   0 |  14k|   0 | 1.200000e+01 | 8.300000e+01 | 591.67%
 2996s|  7000 |  2448 |957053 | 134.6 |  1542M | 265 |   - |  11k| 130k|   0 |   0 |   0 |  14k|   0 | 1.200000e+01 | 8.300000e+01 | 591.67%
 3010s|  7100 |  2469 |963340 | 133.6 |  1544M | 265 |   - |  11k| 130k|  11k| 122k|   0 |  14k|   0 | 1.200000e+01 | 8.300000e+01 | 591.67%
 3074s|  7200 |  2527 |970783 | 132.8 |  1547M | 265 |   - |  11k| 130k|  11k| 122k|   0 |  14k|   0 | 1.200000e+01 | 8.300000e+01 | 591.67%
 3094s|  7300 |  2585 |983379 | 132.7 |  1550M | 265 |2423 |  11k| 130k|  11k| 122k|   0 |  14k|   0 | 1.200000e+01 | 8.300000e+01 | 591.67%
 3104s|  7400 |  2603 |989082 | 131.7 |  1550M | 265 |9594 |  11k| 130k|  11k| 122k|   0 |  15k|   0 | 1.200000e+01 | 8.300000e+01 | 591.67%
 3117s|  7500 |  2639 |995892 | 130.8 |  1552M | 265 |2423 |  11k| 130k|  11k| 122k|   0 |  15k|   0 | 1.200000e+01 | 8.300000e+01 | 591.67%
 3122s|  7600 |  2655 |998050 | 129.4 |  1553M | 265 |   - |  11k| 131k|   0 |   0 |   0 |  15k|   0 | 1.200000e+01 | 8.300000e+01 | 591.67%
 3138s|  7700 |  2703 |  1004k| 128.5 |  1554M | 265 |   - |  11k| 131k|   0 |   0 |   0 |  15k|   0 | 1.200000e+01 | 8.300000e+01 | 591.67%
 3143s|  7800 |  2701 |  1006k| 127.2 |  1554M | 265 |   - |  11k| 131k|   0 |   0 |   0 |  16k|   0 | 1.200000e+01 | 8.300000e+01 | 591.67%
 3148s|  7900 |  2711 |  1009k| 125.9 |  1555M | 265 |   - |  11k| 132k|   0 |   0 |   0 |  16k|   0 | 1.200000e+01 | 8.300000e+01 | 591.67%
 3198s|  8000 |  2761 |  1020k| 125.7 |  1559M | 265 |   - |  11k| 132k|  11k| 122k|   0 |  16k|   0 | 1.200000e+01 | 8.300000e+01 | 591.67%
 3208s|  8100 |  2773 |  1023k| 124.6 |  1560M | 265 |9675 |  11k| 132k|  11k| 122k|   0 |  17k|   0 | 1.200000e+01 | 8.300000e+01 | 591.67%
 3224s|  8200 |  2813 |  1034k| 124.4 |  1561M | 265 |1630 |  11k| 132k|  11k| 122k|   0 |  17k|   0 | 1.200000e+01 | 8.300000e+01 | 591.67%
 time | node  | left  |LP iter|LP it/n|mem/heur|mdpt |frac |vars |cons |cols |rows |cuts |confs|strbr|  dualbound   | primalbound  |  gap   
 3241s|  8300 |  2859 |  1047k| 124.4 |  1564M | 265 |9841 |  11k| 132k|  11k| 122k|   0 |  17k|   0 | 1.200000e+01 | 8.300000e+01 | 591.67%
 3256s|  8400 |  2901 |  1052k| 123.6 |  1566M | 265 |  10k|  11k| 132k|  11k| 122k|   0 |  18k|   0 | 1.200000e+01 | 8.300000e+01 | 591.67%
 3271s|  8500 |  2957 |  1059k| 122.9 |  1567M | 265 |  10k|  11k| 132k|  11k| 122k|   0 |  18k|   0 | 1.200000e+01 | 8.300000e+01 | 591.67%
 3291s|  8600 |  3003 |  1069k| 122.6 |  1569M | 265 |1705 |  11k| 132k|  11k| 122k|   0 |  18k|   0 | 1.200000e+01 | 8.300000e+01 | 591.67%
 3304s|  8700 |  3053 |  1075k| 121.9 |  1571M | 265 |9897 |  11k| 132k|  11k| 122k|   0 |  18k|   0 | 1.200000e+01 | 8.300000e+01 | 591.67%
 3319s|  8800 |  3109 |  1081k| 121.3 |  1573M | 265 |   - |  11k| 132k|  11k| 122k|   0 |  18k|   0 | 1.200000e+01 | 8.300000e+01 | 591.67%
 3660s|  8900 |  3167 |  1102k| 122.3 |  1576M | 265 |1605 |  11k| 132k|  11k| 122k|   0 |  19k|   0 | 1.200000e+01 | 8.300000e+01 | 591.67%
 3678s|  9000 |  3221 |  1109k| 121.7 |  1578M | 265 |  10k|  11k| 132k|  11k| 122k|   0 |  19k|   0 | 1.200000e+01 | 8.300000e+01 | 591.67%
 3700s|  9100 |  3285 |  1127k| 122.3 |  1581M | 265 |  10k|  11k| 132k|  11k| 122k|   0 |  19k|   0 | 1.200000e+01 | 8.300000e+01 | 591.67%
 3712s|  9200 |  3331 |  1132k| 121.5 |  1582M | 265 |   - |  11k| 132k|   0 |   0 |   0 |  19k|   0 | 1.200000e+01 | 8.300000e+01 | 591.67%
 3717s|  9300 |  3329 |  1135k| 120.5 |  1582M | 265 |   - |  11k| 132k|   0 |   0 |   0 |  20k|   0 | 1.200000e+01 | 8.300000e+01 | 591.67%
 3721s|  9400 |  3329 |  1137k| 119.5 |  1582M | 265 |1755 |  11k| 132k|  11k| 122k|   0 |  20k|   0 | 1.200000e+01 | 8.300000e+01 | 591.67%
 3750s|  9500 |  3379 |  1159k| 120.6 |  1584M | 265 |1943 |  11k| 132k|  11k| 122k|   0 |  20k|   0 | 1.200000e+01 | 8.300000e+01 | 591.67%
 3761s|  9600 |  3407 |  1164k| 119.8 |  1585M | 265 |   - |  11k| 132k|   0 |   0 |   0 |  20k|   0 | 1.200000e+01 | 8.300000e+01 | 591.67%
 3778s|  9700 |  3477 |  1172k| 119.3 |  1588M | 265 |9910 |  11k| 132k|  11k| 122k|   0 |  21k|   0 | 1.200000e+01 | 8.300000e+01 | 591.67%
 time | node  | left  |LP iter|LP it/n|mem/heur|mdpt |frac |vars |cons |cols |rows |cuts |confs|strbr|  dualbound   | primalbound  |  gap   
 3789s|  9800 |  3515 |  1176k| 118.6 |  1590M | 265 |   - |  11k| 132k|   0 |   0 |   0 |  21k|   0 | 1.200000e+01 | 8.300000e+01 | 591.67%
 3807s|  9900 |  3563 |  1188k| 118.6 |  1591M | 265 |9824 |  11k| 132k|  11k| 122k|   0 |  21k|   0 | 1.200000e+01 | 8.300000e+01 | 591.67%
 3833s| 10000 |  3623 |  1212k| 119.8 |  1594M | 265 |   - |  11k| 132k|  11k| 122k|   0 |  21k|   0 | 1.200000e+01 | 8.300000e+01 | 591.67%
 3838s| 10100 |  3625 |  1214k| 118.8 |  1594M | 265 |1661 |  11k| 132k|  11k| 122k|   0 |  22k|   0 | 1.200000e+01 | 8.300000e+01 | 591.67%
 3849s| 10200 |  3651 |  1219k| 118.1 |  1596M | 265 |   - |  11k| 132k|   0 |   0 |   0 |  22k|   0 | 1.200000e+01 | 8.300000e+01 | 591.67%
 3862s| 10300 |  3683 |  1224k| 117.4 |  1597M | 265 |  10k|  11k| 132k|  11k| 122k|   0 |  22k|   0 | 1.200000e+01 | 8.300000e+01 | 591.67%
 3875s| 10400 |  3735 |  1231k| 117.0 |  1599M | 265 |  10k|  11k| 132k|  11k| 122k|   0 |  22k|   0 | 1.200000e+01 | 8.300000e+01 | 591.67%
 3913s| 10500 |  3805 |  1253k| 117.9 |  1601M | 265 |2135 |  11k| 132k|  11k| 122k|   0 |  23k|   0 | 1.200000e+01 | 8.300000e+01 | 591.67%
 3925s| 10600 |  3847 |  1257k| 117.3 |  1603M | 265 |  10k|  11k| 132k|  11k| 122k|   0 |  23k|   0 | 1.200000e+01 | 8.300000e+01 | 591.67%
 3937s| 10700 |  3887 |  1263k| 116.7 |  1607M | 265 |   - |  11k| 132k|  11k| 122k|   0 |  23k|   0 | 1.200000e+01 | 8.300000e+01 | 591.67%
 3946s| 10800 |  3911 |  1267k| 116.0 |  1607M | 265 |9802 |  11k| 132k|  11k| 122k|   0 |  23k|   0 | 1.200000e+01 | 8.300000e+01 | 591.67%
 3961s| 10900 |  3947 |  1278k| 115.9 |  1608M | 265 |1743 |  11k| 132k|  11k| 122k|   0 |  24k|   0 | 1.200000e+01 | 8.300000e+01 | 591.67%
 3975s| 11000 |  3985 |  1283k| 115.3 |  1610M | 265 |  10k|  11k| 132k|  11k| 122k|   0 |  24k|   0 | 1.200000e+01 | 8.300000e+01 | 591.67%
 3986s| 11100 |  4023 |  1288k| 114.8 |  1613M | 265 |   - |  11k| 132k|   0 |   0 |   0 |  24k|   0 | 1.200000e+01 | 8.300000e+01 | 591.67%
 4002s| 11200 |  4075 |  1294k| 114.3 |  1614M | 265 |   - |  11k| 132k|   0 |   0 |   0 |  24k|   0 | 1.200000e+01 | 8.300000e+01 | 591.67%
 time | node  | left  |LP iter|LP it/n|mem/heur|mdpt |frac |vars |cons |cols |rows |cuts |confs|strbr|  dualbound   | primalbound  |  gap   
 4019s| 11300 |  4137 |  1305k| 114.2 |  1616M | 265 |   - |  11k| 132k|   0 |   0 |   0 |  25k|   0 | 1.200000e+01 | 8.300000e+01 | 591.67%
 4388s| 11400 |  4173 |  1326k| 115.1 |  1618M | 265 |  10k|  11k| 132k|  11k| 122k|   0 |  25k|   0 | 1.200000e+01 | 8.300000e+01 | 591.67%
 4400s| 11500 |  4213 |  1331k| 114.6 |  1620M | 265 |1696 |  11k| 132k|  11k| 122k|   0 |  25k|   0 | 1.200000e+01 | 8.300000e+01 | 591.67%
 4414s| 11600 |  4249 |  1343k| 114.5 |  1621M | 265 |  10k|  11k| 132k|  11k| 122k|   0 |  25k|   0 | 1.200000e+01 | 8.300000e+01 | 591.67%
 4426s| 11700 |  4295 |  1348k| 114.0 |  1623M | 265 |   - |  11k| 132k|   0 |   0 |   0 |  26k|   0 | 1.200000e+01 | 8.300000e+01 | 591.67%
 4448s| 11800 |  4355 |  1365k| 114.5 |  1625M | 265 |1638 |  11k| 132k|  11k| 122k|   0 |  26k|   0 | 1.200000e+01 | 8.300000e+01 | 591.67%
 4464s| 11900 |  4427 |  1373k| 114.2 |  1627M | 265 |1940 |  11k| 132k|  11k| 122k|   0 |  26k|   0 | 1.200000e+01 | 8.300000e+01 | 591.67%
 4488s| 12000 |  4481 |  1389k| 114.6 |  1630M | 265 |   - |  11k| 132k|   0 |   0 |   0 |  26k|   0 | 1.200000e+01 | 8.300000e+01 | 591.67%
 4503s| 12100 |  4529 |  1396k| 114.2 |  1633M | 265 |   - |  11k| 132k|  11k| 122k|   0 |  26k|   0 | 1.200000e+01 | 8.300000e+01 | 591.67%
 4516s| 12200 |  4579 |  1401k| 113.7 |  1634M | 265 |  10k|  11k| 132k|  11k| 122k|   0 |  27k|   0 | 1.200000e+01 | 8.300000e+01 | 591.67%
 4531s| 12300 |  4623 |  1412k| 113.7 |  1638M | 265 |   - |  11k| 132k|   0 |   0 |   0 |  27k|   0 | 1.200000e+01 | 8.300000e+01 | 591.67%
 4547s| 12400 |  4675 |  1419k| 113.3 |  1639M | 265 |1740 |  11k| 132k|  11k| 122k|   0 |  27k|   0 | 1.200000e+01 | 8.300000e+01 | 591.67%
 4553s| 12500 |  4679 |  1421k| 112.6 |  1640M | 265 |1658 |  11k| 132k|  11k| 122k|   0 |  27k|   0 | 1.200000e+01 | 8.300000e+01 | 591.67%
 4569s| 12600 |  4729 |  1431k| 112.5 |  1641M | 265 |9925 |  11k| 132k|  11k| 122k|   0 |  28k|   0 | 1.200000e+01 | 8.300000e+01 | 591.67%
 4599s| 12700 |  4793 |  1453k| 113.3 |  1657M | 265 |  10k|  11k| 132k|  11k| 122k|   0 |  28k|   0 | 1.200000e+01 | 8.300000e+01 | 591.67%
 time | node  | left  |LP iter|LP it/n|mem/heur|mdpt |frac |vars |cons |cols |rows |cuts |confs|strbr|  dualbound   | primalbound  |  gap   
 4636s| 12800 |  4845 |  1474k| 114.0 |  1661M | 265 |  10k|  11k| 132k|  11k| 122k|   0 |  28k|   0 | 1.300000e+01 | 8.300000e+01 | 538.46%
 4650s| 12900 |  4897 |  1480k| 113.7 |  1662M | 265 |  10k|  11k| 132k|  11k| 122k|   0 |  28k|   0 | 1.300000e+01 | 8.300000e+01 | 538.46%
 4658s| 13000 |  4945 |  1485k| 113.2 |  1664M | 265 |   - |  11k| 132k|   0 |   0 |   0 |  28k|   0 | 1.300000e+01 | 8.300000e+01 | 538.46%
 4668s| 13100 |  4967 |  1490k| 112.7 |  1665M | 265 |   - |  11k| 132k|  11k| 122k|   0 |  29k|   0 | 1.300000e+01 | 8.300000e+01 | 538.46%
 4675s| 13200 |  4991 |  1494k| 112.1 |  1666M | 265 |9986 |  11k| 132k|  11k| 122k|   0 |  29k|   0 | 1.300000e+01 | 8.300000e+01 | 538.46%
 4685s| 13300 |  5001 |  1502k| 111.9 |  1667M | 265 |1792 |  11k| 132k|  11k| 122k|   0 |  29k|   0 | 1.300000e+01 | 8.300000e+01 | 538.46%
 4696s| 13400 |  5051 |  1508k| 111.5 |  1670M | 265 |   - |  11k| 132k|   0 |   0 |   0 |  30k|   0 | 1.300000e+01 | 8.300000e+01 | 538.46%
 4712s| 13500 |  5125 |  1515k| 111.2 |  1672M | 265 |  10k|  11k| 132k|  11k| 122k|   0 |  30k|   0 | 1.300000e+01 | 8.300000e+01 | 538.46%
 4725s| 13600 |  5157 |  1520k| 110.7 |  1673M | 265 |   - |  11k| 132k|   0 |   0 |   0 |  30k|   0 | 1.300000e+01 | 8.300000e+01 | 538.46%
 4744s| 13700 |  5233 |  1529k| 110.6 |  1677M | 265 |   - |  11k| 132k|  11k| 122k|   0 |  30k|   0 | 1.300000e+01 | 8.300000e+01 | 538.46%
 4749s| 13800 |  5243 |  1531k| 109.9 |  1677M | 265 |   - |  11k| 132k|   0 |   0 |   0 |  30k|   0 | 1.300000e+01 | 8.300000e+01 | 538.46%
 4769s| 13900 |  5315 |  1544k| 110.1 |  1681M | 265 |9995 |  11k| 132k|  11k| 122k|   0 |  31k|   0 | 1.300000e+01 | 8.300000e+01 | 538.46%
 5079s| 14000 |  5347 |  1567k| 110.9 |  1682M | 265 |1867 |  11k| 132k|  11k| 122k|   0 |  31k|   0 | 1.300000e+01 | 8.300000e+01 | 538.46%
 5093s| 14100 |  5391 |  1573k| 110.6 |  1686M | 265 |9564 |  11k| 132k|  11k| 122k|   0 |  31k|   0 | 1.300000e+01 | 8.300000e+01 | 538.46%
 5104s| 14200 |  5431 |  1578k| 110.1 |  1687M | 265 |1786 |  11k| 132k|  11k| 122k|   0 |  31k|   0 | 1.300000e+01 | 8.300000e+01 | 538.46%
 time | node  | left  |LP iter|LP it/n|mem/heur|mdpt |frac |vars |cons |cols |rows |cuts |confs|strbr|  dualbound   | primalbound  |  gap   
 5117s| 14300 |  5483 |  1585k| 109.8 |  1691M | 265 |   - |  11k| 132k|   0 |   0 |   0 |  32k|   0 | 1.300000e+01 | 8.300000e+01 | 538.46%
 5146s| 14400 |  5557 |  1603k| 110.4 |  1693M | 265 |9826 |  11k| 132k|  11k| 122k|   0 |  32k|   0 | 1.300000e+01 | 8.300000e+01 | 538.46%
 5174s| 14500 |  5601 |  1620k| 110.8 |  1694M | 265 |  10k|  11k| 132k|  11k| 122k|   0 |  32k|   0 | 1.300000e+01 | 8.300000e+01 | 538.46%
 5184s| 14600 |  5649 |  1626k| 110.4 |  1697M | 265 |1666 |  11k| 132k|  11k| 122k|   0 |  32k|   0 | 1.300000e+01 | 8.300000e+01 | 538.46%
 5197s| 14700 |  5695 |  1632k| 110.1 |  1699M | 265 |9750 |  11k| 132k|  11k| 122k|   0 |  32k|   0 | 1.300000e+01 | 8.300000e+01 | 538.46%
 5206s| 14800 |  5727 |  1637k| 109.6 |  1700M | 265 |1666 |  11k| 132k|  11k| 122k|   0 |  33k|   0 | 1.300000e+01 | 8.300000e+01 | 538.46%
 5216s| 14900 |  5741 |  1640k| 109.1 |  1701M | 265 |9953 |  11k| 132k|  11k| 122k|   0 |  33k|   0 | 1.300000e+01 | 8.300000e+01 | 538.46%
 5234s| 15000 |  5789 |  1652k| 109.2 |  1702M | 265 |  10k|  11k| 132k|  11k| 122k|   0 |  33k|   0 | 1.300000e+01 | 8.300000e+01 | 538.46%
 5245s| 15100 |  5833 |  1658k| 108.8 |  1705M | 265 |   - |  11k| 132k|   0 |   0 |   0 |  34k|   0 | 1.300000e+01 | 8.300000e+01 | 538.46%
 5278s| 15200 |  5885 |  1677k| 109.4 |  1706M | 265 |1739 |  11k| 132k|  11k| 122k|   0 |  34k|   0 | 1.300000e+01 | 8.300000e+01 | 538.46%
 5288s| 15300 |  5909 |  1686k| 109.2 |  1708M | 265 |   - |  11k| 132k|   0 |   0 |   0 |  34k|   0 | 1.300000e+01 | 8.300000e+01 | 538.46%
 5301s| 15400 |  5975 |  1692k| 109.0 |  1711M | 265 |1666 |  11k| 132k|  11k| 122k|   0 |  34k|   0 | 1.300000e+01 | 8.300000e+01 | 538.46%
 5317s| 15500 |  6033 |  1704k| 109.0 |  1713M | 265 |1635 |  11k| 132k|  11k| 122k|   0 |  34k|   0 | 1.300000e+01 | 8.300000e+01 | 538.46%
 5327s| 15600 |  6055 |  1709k| 108.6 |  1714M | 265 |1641 |  11k| 132k|  11k| 122k|   0 |  35k|   0 | 1.300000e+01 | 8.300000e+01 | 538.46%
 5336s| 15700 |  6079 |  1713k| 108.2 |  1715M | 265 |1660 |  11k| 132k|  11k| 122k|   0 |  35k|   0 | 1.300000e+01 | 8.300000e+01 | 538.46%
 time | node  | left  |LP iter|LP it/n|mem/heur|mdpt |frac |vars |cons |cols |rows |cuts |confs|strbr|  dualbound   | primalbound  |  gap   
 5343s| 15800 |  6107 |  1718k| 107.8 |  1717M | 265 |1666 |  11k| 132k|  11k| 122k|   0 |  35k|   0 | 1.300000e+01 | 8.300000e+01 | 538.46%
 5357s| 15900 |  6139 |  1723k| 107.5 |  1717M | 265 |  10k|  11k| 132k|  11k| 122k|   0 |  36k|   0 | 1.300000e+01 | 8.300000e+01 | 538.46%
 5386s| 16000 |  6185 |  1743k| 108.1 |  1721M | 265 |   - |  11k| 132k|   0 |   0 |   0 |  36k|   0 | 1.300000e+01 | 8.300000e+01 | 538.46%
 5400s| 16100 |  6219 |  1749k| 107.8 |  1722M | 265 |  10k|  11k| 132k|  11k| 122k|   0 |  36k|   0 | 1.300000e+01 | 8.300000e+01 | 538.46%
 5889s| 16200 |  6269 |  1769k| 108.3 |  1724M | 265 |1666 |  11k| 132k|  11k| 122k|   0 |  36k|   0 | 1.300000e+01 | 8.300000e+01 | 538.46%
 5899s| 16300 |  6293 |  1773k| 107.9 |  1725M | 265 |1899 |  11k| 132k|  11k| 122k|   0 |  37k|   0 | 1.300000e+01 | 8.300000e+01 | 538.46%
 5904s| 16400 |  6297 |  1775k| 107.4 |  1726M | 265 |1666 |  11k| 132k|  11k| 122k|   0 |  37k|   0 | 1.300000e+01 | 8.300000e+01 | 538.46%
 5915s| 16500 |  6341 |  1780k| 107.0 |  1729M | 265 |9551 |  11k| 132k|  11k| 122k|   0 |  37k|   0 | 1.300000e+01 | 8.300000e+01 | 538.46%
 5925s| 16600 |  6365 |  1785k| 106.7 |  1730M | 265 |9593 |  11k| 132k|  11k| 122k|   0 |  38k|   0 | 1.300000e+01 | 8.300000e+01 | 538.46%
 5931s| 16700 |  6375 |  1788k| 106.2 |  1730M | 265 |1664 |  11k| 132k|  11k| 122k|   0 |  38k|   0 | 1.300000e+01 | 8.300000e+01 | 538.46%
 5940s| 16800 |  6407 |  1792k| 105.8 |  1732M | 265 |   - |  11k| 132k|   0 |   0 |   0 |  38k|   0 | 1.300000e+01 | 8.300000e+01 | 538.46%
 5957s| 16900 |  6461 |  1803k| 105.8 |  1734M | 265 |1797 |  11k| 132k|  11k| 122k|   0 |  39k|   0 | 1.300000e+01 | 8.300000e+01 | 538.46%
 5961s| 17000 |  6459 |  1805k| 105.3 |  1734M | 265 |   - |  11k| 132k|   0 |   0 |   0 |  39k|   0 | 1.300000e+01 | 8.300000e+01 | 538.46%
 5975s| 17100 |  6491 |  1816k| 105.4 |  1735M | 265 |  10k|  11k| 132k|  11k| 122k|   0 |  39k|   0 | 1.300000e+01 | 8.300000e+01 | 538.46%
 5988s| 17200 |  6541 |  1821k| 105.1 |  1738M | 265 |1632 |  11k| 132k|  11k| 122k|   0 |  39k|   0 | 1.300000e+01 | 8.300000e+01 | 538.46%
 time | node  | left  |LP iter|LP it/n|mem/heur|mdpt |frac |vars |cons |cols |rows |cuts |confs|strbr|  dualbound   | primalbound  |  gap   
 5995s| 17300 |  6569 |  1825k| 104.7 |  1739M | 265 |1707 |  11k| 132k|  11k| 122k|   0 |  40k|   0 | 1.300000e+01 | 8.300000e+01 | 538.46%
 6005s| 17400 |  6595 |  1830k| 104.4 |  1739M | 265 |   - |  11k| 132k|   0 |   0 |   0 |  40k|   0 | 1.300000e+01 | 8.300000e+01 | 538.46%
 6026s| 17500 |  6649 |  1842k| 104.4 |  1741M | 265 |1707 |  11k| 132k|  11k| 122k|   0 |  40k|   0 | 1.300000e+01 | 8.300000e+01 | 538.46%
 6043s| 17600 |  6673 |  1857k| 104.7 |  1743M | 265 |   - |  11k| 132k|   0 |   0 |   0 |  41k|   0 | 1.300000e+01 | 8.300000e+01 | 538.46%
 6057s| 17700 |  6723 |  1862k| 104.4 |  1745M | 265 |9720 |  11k| 132k|  11k| 122k|   0 |  41k|   0 | 1.300000e+01 | 8.300000e+01 | 538.46%
 6064s| 17800 |  6735 |  1866k| 104.0 |  1745M | 265 |  10k|  11k| 132k|  11k| 122k|   0 |  41k|   0 | 1.300000e+01 | 8.300000e+01 | 538.46%
 6091s| 17900 |  6801 |  1884k| 104.5 |  1748M | 265 |9730 |  11k| 132k|  11k| 122k|   0 |  41k|   0 | 1.300000e+01 | 8.300000e+01 | 538.46%
 6121s| 18000 |  6807 |  1902k| 104.9 |  1749M | 265 |   - |  11k| 132k|   0 |   0 |   0 |  42k|   0 | 1.300000e+01 | 8.300000e+01 | 538.46%
 6129s| 18100 |  6835 |  1906k| 104.5 |  1750M | 265 |   - |  11k| 132k|   0 |   0 |   0 |  42k|   0 | 1.300000e+01 | 8.300000e+01 | 538.46%
 6139s| 18200 |  6869 |  1910k| 104.2 |  1752M | 265 |1626 |  11k| 132k|  11k| 122k|   0 |  42k|   0 | 1.300000e+01 | 8.300000e+01 | 538.46%
 6146s| 18300 |  6883 |  1914k| 103.8 |  1752M | 265 |9528 |  11k| 132k|  11k| 122k|   0 |  43k|   0 | 1.300000e+01 | 8.300000e+01 | 538.46%
 6156s| 18400 |  6921 |  1919k| 103.5 |  1755M | 265 |1838 |  11k| 132k|  11k| 122k|   0 |  43k|   0 | 1.300000e+01 | 8.300000e+01 | 538.46%
 6166s| 18500 |  6947 |  1923k| 103.2 |  1755M | 265 |1737 |  11k| 132k|  11k| 122k|   0 |  43k|   0 | 1.300000e+01 | 8.300000e+01 | 538.46%
 6171s| 18600 |  6949 |  1925k| 102.8 |  1755M | 265 |   - |  11k| 132k|  11k| 122k|   0 |  44k|   0 | 1.300000e+01 | 8.300000e+01 | 538.46%
 6175s| 18700 |  6949 |  1928k| 102.3 |  1755M | 265 |1663 |  11k| 132k|  11k| 122k|   0 |  44k|   0 | 1.300000e+01 | 8.300000e+01 | 538.46%
 time | node  | left  |LP iter|LP it/n|mem/heur|mdpt |frac |vars |cons |cols |rows |cuts |confs|strbr|  dualbound   | primalbound  |  gap   
 6192s| 18800 |  7013 |  1940k| 102.4 |  1758M | 265 |9564 |  11k| 132k|  11k| 122k|   0 |  44k|   0 | 1.300000e+01 | 8.300000e+01 | 538.46%
 6197s| 18900 |  7029 |  1943k| 102.0 |  1759M | 265 |1638 |  11k| 132k|  11k| 122k|   0 |  45k|   0 | 1.300000e+01 | 8.300000e+01 | 538.46%
 6207s| 19000 |  7067 |  1947k| 101.7 |  1761M | 265 |  10k|  11k| 132k|  11k| 122k|   0 |  45k|   0 | 1.300000e+01 | 8.300000e+01 | 538.46%
 6657s| 19100 |  7111 |  1974k| 102.6 |  1762M | 265 |   - |  11k| 132k|   0 |   0 |   0 |  45k|   0 | 1.300000e+01 | 8.300000e+01 | 538.46%
 6670s| 19200 |  7135 |  1984k| 102.6 |  1764M | 265 |   - |  11k| 132k|   0 |   0 |   0 |  46k|   0 | 1.300000e+01 | 8.300000e+01 | 538.46%
 6684s| 19300 |  7189 |  1991k| 102.4 |  1765M | 265 |1626 |  11k| 132k|  11k| 122k|   0 |  46k|   0 | 1.300000e+01 | 8.300000e+01 | 538.46%
 6689s| 19400 |  7189 |  1993k| 102.0 |  1765M | 265 |   - |  11k| 132k|   0 |   0 |   0 |  46k|   0 | 1.300000e+01 | 8.300000e+01 | 538.46%
 6706s| 19500 |  7233 |  2004k| 102.0 |  1769M | 265 |   - |  11k| 132k|   0 |   0 |   0 |  46k|   0 | 1.300000e+01 | 8.300000e+01 | 538.46%
 6718s| 19600 |  7297 |  2010k| 101.9 |  1772M | 265 |   - |  11k| 132k|   0 |   0 |   0 |  47k|   0 | 1.300000e+01 | 8.300000e+01 | 538.46%
 6723s| 19700 |  7295 |  2013k| 101.5 |  1772M | 265 |1901 |  11k| 132k|  11k| 122k|   0 |  47k|   0 | 1.300000e+01 | 8.300000e+01 | 538.46%
 6732s| 19800 |  7327 |  2017k| 101.1 |  1773M | 265 |   - |  11k| 132k|   0 |   0 |   0 |  47k|   0 | 1.300000e+01 | 8.300000e+01 | 538.46%
 6742s| 19900 |  7351 |  2021k| 100.9 |  1774M | 265 |   - |  11k| 132k|   0 |   0 |   0 |  48k|   0 | 1.300000e+01 | 8.300000e+01 | 538.46%
 6751s| 20000 |  7377 |  2026k| 100.6 |  1775M | 265 |   - |  11k| 132k|   0 |   0 |   0 |  48k|   0 | 1.300000e+01 | 8.300000e+01 | 538.46%
 6756s| 20100 |  7381 |  2028k| 100.2 |  1775M | 265 |1630 |  11k| 132k|  11k| 122k|   0 |  48k|   0 | 1.300000e+01 | 8.300000e+01 | 538.46%
 6765s| 20200 |  7403 |  2032k|  99.9 |  1775M | 265 |1705 |  11k| 132k|  11k| 122k|   0 |  49k|   0 | 1.300000e+01 | 8.300000e+01 | 538.46%
 time | node  | left  |LP iter|LP it/n|mem/heur|mdpt |frac |vars |cons |cols |rows |cuts |confs|strbr|  dualbound   | primalbound  |  gap   
 6773s| 20300 |  7427 |  2036k|  99.6 |  1776M | 265 |1943 |  11k| 132k|  11k| 122k|   0 |  49k|   0 | 1.300000e+01 | 8.300000e+01 | 538.46%
 6778s| 20400 |  7433 |  2038k|  99.2 |  1776M | 265 |1631 |  11k| 132k|  11k| 122k|   0 |  49k|   0 | 1.300000e+01 | 8.300000e+01 | 538.46%
 6788s| 20500 |  7483 |  2044k|  99.0 |  1778M | 265 |1569 |  11k| 132k|  11k| 122k|   0 |  50k|   0 | 1.300000e+01 | 8.300000e+01 | 538.46%
 6797s| 20600 |  7511 |  2048k|  98.7 |  1778M | 265 |1636 |  11k| 132k|  11k| 122k|   0 |  50k|   0 | 1.300000e+01 | 8.300000e+01 | 538.46%
 6814s| 20700 |  7545 |  2058k|  98.7 |  1779M | 265 |  10k|  11k| 132k|  11k| 122k|   0 |  50k|   0 | 1.300000e+01 | 8.300000e+01 | 538.46%
 6825s| 20800 |  7583 |  2068k|  98.7 |  1780M | 265 |   - |  11k| 132k|  11k| 122k|   0 |  50k|   0 | 1.300000e+01 | 8.300000e+01 | 538.46%
 6837s| 20900 |  7643 |  2074k|  98.6 |  1783M | 265 |9426 |  11k| 132k|  11k| 122k|   0 |  51k|   0 | 1.300000e+01 | 8.300000e+01 | 538.46%
 6867s| 21000 |  7677 |  2094k|  99.0 |  1785M | 265 |1639 |  11k| 132k|  11k| 122k|   0 |  51k|   0 | 1.300000e+01 | 8.300000e+01 | 538.46%
 6888s| 21100 |  7733 |  2110k|  99.4 |  1787M | 265 |1630 |  11k| 132k|  11k| 122k|   0 |  51k|   0 | 1.300000e+01 | 8.300000e+01 | 538.46%
 6893s| 21200 |  7729 |  2113k|  99.0 |  1787M | 265 |1735 |  11k| 132k|  11k| 122k|   0 |  52k|   0 | 1.300000e+01 | 8.300000e+01 | 538.46%
 6907s| 21300 |  7781 |  2119k|  98.8 |  1789M | 265 |   - |  11k| 132k|   0 |   0 |   0 |  52k|   0 | 1.300000e+01 | 8.300000e+01 | 538.46%
 6916s| 21400 |  7811 |  2123k|  98.5 |  1790M | 265 |   - |  11k| 132k|   0 |   0 |   0 |  52k|   0 | 1.300000e+01 | 8.300000e+01 | 538.46%
 6927s| 21500 |  7839 |  2133k|  98.6 |  1791M | 265 |1661 |  11k| 132k|  11k| 122k|   0 |  52k|   0 | 1.300000e+01 | 8.300000e+01 | 538.46%
 6950s| 21600 |  7889 |  2150k|  98.9 |  1794M | 265 |1795 |  11k| 132k|  11k| 122k|   0 |  53k|   0 | 1.300000e+01 | 8.300000e+01 | 538.46%
 6955s| 21700 |  7887 |  2152k|  98.5 |  1794M | 265 |   - |  11k| 132k|   0 |   0 |   0 |  53k|   0 | 1.300000e+01 | 8.300000e+01 | 538.46%
 time | node  | left  |LP iter|LP it/n|mem/heur|mdpt |frac |vars |cons |cols |rows |cuts |confs|strbr|  dualbound   | primalbound  |  gap   
 6967s| 21800 |  7921 |  2162k|  98.5 |  1796M | 265 |1705 |  11k| 132k|  11k| 122k|   0 |  53k|   0 | 1.300000e+01 | 8.300000e+01 | 538.46%
 6980s| 21900 |  7945 |  2166k|  98.3 |  1797M | 265 |1605 |  11k| 132k|  11k| 122k|   0 |  54k|   0 | 1.300000e+01 | 8.300000e+01 | 538.46%
 6989s| 22000 |  7971 |  2170k|  98.0 |  1798M | 265 |1634 |  11k| 132k|  11k| 122k|   0 |  54k|   0 | 1.300000e+01 | 8.300000e+01 | 538.46%
 6994s| 22100 |  7973 |  2172k|  97.6 |  1798M | 265 |   - |  11k| 132k|   0 |   0 |   0 |  54k|   0 | 1.300000e+01 | 8.300000e+01 | 538.46%
 7003s| 22200 |  8021 |  2178k|  97.5 |  1800M | 265 |2003 |  11k| 132k|  11k| 122k|   0 |  55k|   0 | 1.300000e+01 | 8.300000e+01 | 538.46%
 7008s| 22300 |  8027 |  2180k|  97.1 |  1800M | 265 |1636 |  11k| 132k|  11k| 122k|   0 |  55k|   0 | 1.300000e+01 | 8.300000e+01 | 538.46%
 7017s| 22400 |  8053 |  2184k|  96.9 |  1801M | 265 |   - |  11k| 132k|   0 |   0 |   0 |  55k|   0 | 1.300000e+01 | 8.300000e+01 | 538.46%
 7021s| 22500 |  8051 |  2186k|  96.5 |  1801M | 265 |   - |  11k| 132k|   0 |   0 |   0 |  56k|   0 | 1.300000e+01 | 8.300000e+01 | 538.46%
 7028s| 22600 |  8075 |  2191k|  96.3 |  1801M | 265 |1943 |  11k| 132k|  11k| 122k|   0 |  56k|   0 | 1.300000e+01 | 8.300000e+01 | 538.46%
 7033s| 22700 |  8079 |  2193k|  96.0 |  1802M | 265 |   - |  11k| 132k|   0 |   0 |   0 |  56k|   0 | 1.300000e+01 | 8.300000e+01 | 538.46%
 7050s| 22800 |  8135 |  2204k|  96.1 |  1803M | 265 |1630 |  11k| 132k|  11k| 122k|   0 |  57k|   0 | 1.300000e+01 | 8.300000e+01 | 538.46%
 7055s| 22900 |  8131 |  2206k|  95.7 |  1803M | 265 |   - |  11k| 132k|   0 |   0 |   0 |  57k|   0 | 1.300000e+01 | 8.300000e+01 | 538.46%
 7060s| 23000 |  8131 |  2209k|  95.4 |  1803M | 265 |   - |  11k| 132k|   0 |   0 |   0 |  57k|   0 | 1.300000e+01 | 8.300000e+01 | 538.46%
 7075s| 23100 |  8185 |  2215k|  95.3 |  1804M | 265 |   - |  11k| 132k|   0 |   0 |   0 |  58k|   0 | 1.300000e+01 | 8.300000e+01 | 538.46%
 7084s| 23200 |  8209 |  2219k|  95.0 |  1806M | 265 |1943 |  11k| 132k|  11k| 122k|   0 |  58k|   0 | 1.300000e+01 | 8.300000e+01 | 538.46%
 time | node  | left  |LP iter|LP it/n|mem/heur|mdpt |frac |vars |cons |cols |rows |cuts |confs|strbr|  dualbound   | primalbound  |  gap   
 7089s| 23300 |  8215 |  2221k|  94.7 |  1806M | 265 |1611 |  11k| 132k|  11k| 122k|   0 |  58k|   0 | 1.300000e+01 | 8.300000e+01 | 538.46%
 7103s| 23400 |  8245 |  2231k|  94.8 |  1807M | 265 |1630 |  11k| 132k|  11k| 122k|   0 |  59k|   0 | 1.300000e+01 | 8.300000e+01 | 538.46%
 7108s| 23500 |  8245 |  2234k|  94.4 |  1807M | 265 |   - |  11k| 132k|  11k| 122k|   0 |  59k|   0 | 1.300000e+01 | 8.300000e+01 | 538.46%
 7117s| 23600 |  8273 |  2238k|  94.2 |  1808M | 265 |1605 |  11k| 132k|  11k| 122k|   0 |  59k|   0 | 1.300000e+01 | 8.300000e+01 | 538.46%
 7130s| 23700 |  8313 |  2244k|  94.1 |  1810M | 265 |9868 |  11k| 132k|  11k| 122k|   0 |  60k|   0 | 1.300000e+01 | 8.300000e+01 | 538.46%
 7135s| 23800 |  8323 |  2246k|  93.8 |  1810M | 265 |   - |  11k| 132k|   0 |   0 |   0 |  60k|   0 | 1.300000e+01 | 8.300000e+01 | 538.46%
 7141s| 23900 |  8325 |  2250k|  93.5 |  1811M | 265 |  10k|  11k| 132k|  11k| 122k|   0 |  60k|   0 | 1.300000e+01 | 8.300000e+01 | 538.46%

SCIP Status        : solving was interrupted [time limit reached]
Solving Time (sec) : 7200.04
Solving Nodes      : 23917
Primal Bound       : +8.30000000000000e+01 (40 solutions)
Dual Bound         : +1.30000000000000e+01
Gap                : 538.46 %

Number of variables fixed to 0 by isomorphism pruning:	     0
Number of variables fixed to 1 by isomorphism pruning:	     0
@04 1686566813
