FILENAME:   ../instances_new/flowersnark/flowersnark17_3.cip
SETTINGS:   settings_isopr_ostrowskidynamicbranching_avoidsubtreenodes
TIMELIMIT:  7200
OUTPUTNAME: final_flowersnark__settings_isopr_ostrowskidynamicbranching_avoidsubtreenodes__1__
BINNAME:    bin/symmetries.linux.x86_64.gnu.opt.cpx
BASENAME:   flowersnark17_3.cip
SEED:       1
@01 ../instances_new/flowersnark/flowersnark17_3.cip ===========
@02 flowersnark17_3.cip
@03 1686559554
SCIP version 8.0.2 [precision: 8 byte] [memory: block] [mode: optimized] [LP solver: CPLEX 20.1.0.0] [GitHash: 5f0473c]
Copyright (C) 2002-2022 Konrad-Zuse-Zentrum fuer Informationstechnik Berlin (ZIB)

Symmetry handling routines - (c) Marc Pfetsch, Thomas Rehn, Christopher Hojny.
[GitHash: a1587cb]


Turned off presolver <gateextraction>.
reading parameter file <../settings/settings_isopr_ostrowskidynamicbranching_avoidsubtreenodes.set> ...

Changed settings:
limits/time = 7200
limits/restarts = 0
randomization/randomseedshift = 1
constraints/orbitope/sepafreq = -1
constraints/orbitope/propfreq = 1
presolving/gateextraction/maxrounds = 0
propagating/isoprune/avoidsubtreenodes = TRUE
useisoprune = TRUE


solving problem ...

original problem has 306 variables (306 bin, 0 int, 0 impl, 0 cont) and 306 constraints
presolving:
(round 1, exhaustive) 0 del vars, 0 del conss, 0 add conss, 0 chg bounds, 0 chg sides, 0 chg coeffs, 306 upgd conss, 0 impls, 306 clqs
   (0.0s) probing: 51/306 (16.7%) - 0 fixings, 0 aggregations, 0 implications, 0 bound changes
   (0.0s) probing aborted: 50/50 successive totally useless probings
Required symmetry:			(1 bin, 0 int, 0 cont); (fixed: 0 bin, 1 int, 0 cont)
Time for symmetry detection:		0.00 	(matrix graph, 612 nodes, 918 edges)
Number of generators:			5 	(max: 1500)
Order of symmetry group:		408
Log10 of symmetry group order:		2.6
Number of vars moved by some symmetry:	306
Total time for symmetry detection:	0.00

Turned off presolver <domcol>.
Turned off presolver <components>.

presolving (2 rounds: 2 fast, 2 medium, 2 exhaustive):
 0 deleted vars, 0 deleted constraints, 0 added constraints, 0 tightened bounds, 0 added holes, 0 changed sides, 0 changed coefficients
 0 implications, 306 cliques
presolved problem has 306 variables (306 bin, 0 int, 0 impl, 0 cont) and 307 constraints
    306 constraints of type <setppc>
      1 constraints of type <symmetries>
transformed objective value is always integral (scale: 1)
Presolving Time: 0.01

 time | node  | left  |LP iter|LP it/n|mem/heur|mdpt |frac |vars |cons |cols |rows |cuts |confs|strbr|  dualbound   | primalbound  |  gap   
  0.0s|     1 |     0 |    25 |     - |  4775k |   0 | 156 | 306 | 328 | 306 | 306 |   0 |  20 |   0 | 0.000000e+00 |      --      |    Inf 
  0.1s|     1 |     2 |   243 |     - |  5697k |   0 | 156 | 306 | 529 | 306 | 306 |   0 |  21 |  11 | 0.000000e+00 |      --      |    Inf 
  0.4s|   100 |    40 |  4812 |  46.4 |  6601k |  17 | 166 | 306 | 839 | 306 | 306 |   0 | 359 |  11 | 0.000000e+00 |      --      |    Inf 
  0.7s|   200 |    68 |  8831 |  43.3 |  7818k |  17 |  28 | 306 |1252 | 306 | 306 |   0 | 777 |  11 | 0.000000e+00 |      --      |    Inf 
  0.8s|   300 |    79 | 12030 |  39.5 |  8723k |  17 |   - | 306 |1568 | 306 | 306 |   0 |1093 |  11 | 0.000000e+00 |      --      |    Inf 
  1.0s|   400 |    89 | 15162 |  37.5 |    11M |  17 |   - | 306 |1954 | 306 | 306 |   0 |1479 |  11 | 0.000000e+00 |      --      |    Inf 
  1.5s|   500 |   100 | 19265 |  38.2 |    12M |  17 |   - | 306 |2266 |   0 |   0 |   0 |1792 |  11 | 0.000000e+00 |      --      |    Inf 
  1.7s|   600 |   135 | 23487 |  38.8 |    13M |  17 |   - | 306 |2593 | 306 | 306 |   0 |2120 |  11 | 0.000000e+00 |      --      |    Inf 
  1.8s|   700 |   143 | 28260 |  40.1 |    13M |  17 |  48 | 306 |2822 | 306 | 306 |   0 |2352 |  11 | 0.000000e+00 |      --      |    Inf 
  2.0s|   800 |   149 | 31110 |  38.7 |    14M |  17 |  64 | 306 |3177 | 306 | 306 |   0 |2713 |  11 | 0.000000e+00 |      --      |    Inf 
  2.1s|   900 |   160 | 33940 |  37.5 |    15M |  18 |  28 | 306 |3480 | 306 | 306 |   0 |3084 |  11 | 0.000000e+00 |      --      |    Inf 
  2.2s|  1000 |   146 | 36486 |  36.3 |    15M |  18 |   - | 306 |3667 | 306 | 306 |   0 |3408 |  11 | 0.000000e+00 |      --      |    Inf 
  2.4s|  1100 |   157 | 40558 |  36.7 |    16M |  18 |   - | 306 |3699 |   0 |   0 |   0 |3700 |  11 | 0.000000e+00 |      --      |    Inf 
  2.6s|  1200 |   164 | 43435 |  36.0 |    16M |  18 |   - | 306 |3626 | 306 | 306 |   0 |4059 |  11 | 0.000000e+00 |      --      |    Inf 
  2.7s|  1300 |   153 | 46179 |  35.4 |    16M |  18 |   - | 306 |3498 |   0 |   0 |   0 |4308 |  11 | 0.000000e+00 |      --      |    Inf 
 time | node  | left  |LP iter|LP it/n|mem/heur|mdpt |frac |vars |cons |cols |rows |cuts |confs|strbr|  dualbound   | primalbound  |  gap   
  2.8s|  1400 |   133 | 48691 |  34.6 |    17M |  18 |   - | 306 |3568 | 306 | 306 |   0 |4655 |  11 | 0.000000e+00 |      --      |    Inf 
  3.0s|  1500 |   150 | 52232 |  34.7 |    17M |  18 |  28 | 306 |3587 | 306 | 306 |   0 |4920 |  11 | 0.000000e+00 |      --      |    Inf 
  3.2s|  1600 |   157 | 55382 |  34.5 |    17M |  18 |   - | 306 |3725 | 306 | 306 |   0 |5232 |  11 | 0.000000e+00 |      --      |    Inf 
  3.3s|  1700 |   195 | 59253 |  34.7 |    18M |  18 | 144 | 306 |3893 | 306 | 306 |   0 |5600 |  11 | 0.000000e+00 |      --      |    Inf 
  3.5s|  1800 |   194 | 62473 |  34.6 |    18M |  18 |  64 | 306 |4090 | 306 | 306 |   0 |5939 |  11 | 0.000000e+00 |      --      |    Inf 
  3.6s|  1900 |   185 | 65290 |  34.3 |    19M |  18 |   - | 306 |4050 | 306 | 306 |   0 |6161 |  11 | 0.000000e+00 |      --      |    Inf 
  3.9s|  2000 |   199 | 68817 |  34.3 |    19M |  18 |   - | 306 |4096 | 306 | 306 |   0 |6465 |  11 | 0.000000e+00 |      --      |    Inf 
  4.1s|  2100 |   226 | 73088 |  34.7 |    20M |  18 |  80 | 306 |4185 | 306 | 306 |   0 |6788 |  11 | 0.000000e+00 |      --      |    Inf 
  4.2s|  2200 |   247 | 77183 |  35.0 |    21M |  19 | 120 | 306 |4357 | 306 | 306 |   0 |7091 |  11 | 0.000000e+00 |      --      |    Inf 
  4.5s|  2300 |   260 | 81312 |  35.3 |    21M |  20 |   - | 306 |4462 |   0 |   0 |   0 |7303 |  11 | 0.000000e+00 |      --      |    Inf 
  4.6s|  2400 |   285 | 84867 |  35.3 |    21M |  20 | 122 | 306 |4543 | 306 | 306 |   0 |7475 |  11 | 0.000000e+00 |      --      |    Inf 
  4.8s|  2500 |   279 | 88119 |  35.2 |    21M |  20 |  28 | 306 |4642 | 306 | 306 |   0 |7702 |  11 | 0.000000e+00 |      --      |    Inf 
  5.0s|  2600 |   286 | 91456 |  35.1 |    21M |  20 |  55 | 306 |4773 | 306 | 306 |   0 |7923 |  11 | 0.000000e+00 |      --      |    Inf 
  5.1s|  2700 |   286 | 95391 |  35.3 |    21M |  20 |  89 | 306 |4955 | 306 | 306 |   0 |8175 |  11 | 0.000000e+00 |      --      |    Inf 
  5.4s|  2800 |   285 | 98502 |  35.1 |    22M |  20 |  68 | 306 |5075 | 306 | 306 |   0 |8414 |  11 | 0.000000e+00 |      --      |    Inf 
 time | node  | left  |LP iter|LP it/n|mem/heur|mdpt |frac |vars |cons |cols |rows |cuts |confs|strbr|  dualbound   | primalbound  |  gap   
  5.5s|  2900 |   299 |101312 |  34.9 |    22M |  20 |  40 | 306 |5292 | 306 | 306 |   0 |8687 |  11 | 0.000000e+00 |      --      |    Inf 
  5.8s|  3000 |   286 |104659 |  34.8 |    22M |  20 |   - | 306 |5378 | 306 | 306 |   0 |8878 |  11 | 0.000000e+00 |      --      |    Inf 
  6.0s|  3100 |   285 |108500 |  34.9 |    22M |  20 |   - | 306 |5390 | 306 | 306 |   0 |9188 |  11 | 0.000000e+00 |      --      |    Inf 
  6.2s|  3200 |   297 |112501 |  35.1 |    22M |  20 |   - | 306 |5403 | 306 | 306 |   0 |9382 |  11 | 0.000000e+00 |      --      |    Inf 
  6.4s|  3300 |   304 |115811 |  35.0 |    23M |  20 |  28 | 306 |5386 | 306 | 306 |   0 |9551 |  11 | 0.000000e+00 |      --      |    Inf 
  6.6s|  3400 |   303 |119637 |  35.1 |    23M |  20 |  28 | 306 |5462 | 306 | 306 |   0 |9823 |  11 | 0.000000e+00 |      --      |    Inf 
  6.9s|  3500 |   308 |122932 |  35.1 |    23M |  20 |   - | 306 |5355 | 306 | 306 |   0 |  10k|  11 | 0.000000e+00 |      --      |    Inf 
  7.0s|  3600 |   317 |126244 |  35.0 |    23M |  20 |  28 | 306 |5448 | 306 | 306 |   0 |  10k|  11 | 0.000000e+00 |      --      |    Inf 
  7.2s|  3700 |   338 |129384 |  34.9 |    23M |  20 |  28 | 306 |5623 | 306 | 306 |   0 |  10k|  11 | 0.000000e+00 |      --      |    Inf 
  7.3s|  3800 |   334 |131662 |  34.6 |    23M |  20 |   - | 306 |5782 | 306 | 306 |   0 |  10k|  11 | 0.000000e+00 |      --      |    Inf 
  7.4s|  3900 |   331 |134873 |  34.5 |    24M |  20 |   - | 306 |5946 | 306 | 306 |   0 |  11k|  11 | 0.000000e+00 |      --      |    Inf 
  7.7s|  4000 |   325 |137537 |  34.3 |    24M |  20 |  48 | 306 |5839 | 306 | 306 |   0 |  11k|  11 | 0.000000e+00 |      --      |    Inf 
  7.8s|  4100 |   317 |140545 |  34.2 |    24M |  20 |   - | 306 |5778 | 306 | 306 |   0 |  11k|  11 | 0.000000e+00 |      --      |    Inf 
  8.0s|  4200 |   309 |143538 |  34.1 |    24M |  20 |   - | 306 |5688 | 306 | 306 |   0 |  11k|  11 | 0.000000e+00 |      --      |    Inf 
  8.1s|  4300 |   302 |146392 |  34.0 |    24M |  20 |   - | 306 |5615 | 306 | 306 |   0 |  11k|  11 | 0.000000e+00 |      --      |    Inf 
 time | node  | left  |LP iter|LP it/n|mem/heur|mdpt |frac |vars |cons |cols |rows |cuts |confs|strbr|  dualbound   | primalbound  |  gap   
  8.3s|  4400 |   303 |150246 |  34.1 |    24M |  20 |   - | 306 |5630 | 306 | 306 |   0 |  12k|  11 | 0.000000e+00 |      --      |    Inf 
  8.4s|  4500 |   301 |153074 |  34.0 |    25M |  20 |   - | 306 |5556 | 306 | 306 |   0 |  12k|  11 | 0.000000e+00 |      --      |    Inf 
  8.6s|  4600 |   304 |156960 |  34.1 |    26M |  20 |  28 | 306 |5573 | 306 | 306 |   0 |  12k|  11 | 0.000000e+00 |      --      |    Inf 
  8.8s|  4700 |   304 |160762 |  34.2 |    26M |  20 | 150 | 306 |5653 | 306 | 306 |   0 |  12k|  11 | 0.000000e+00 |      --      |    Inf 
  8.9s|  4800 |   290 |163885 |  34.1 |    26M |  20 |   - | 306 |5415 | 306 | 306 |   0 |  13k|  11 | 0.000000e+00 |      --      |    Inf 
  9.1s|  4900 |   292 |167410 |  34.1 |    26M |  20 |   - | 306 |5221 | 306 | 306 |   0 |  13k|  11 | 0.000000e+00 |      --      |    Inf 
  9.2s|  5000 |   304 |170208 |  34.0 |    26M |  20 | 101 | 306 |5294 | 306 | 306 |   0 |  13k|  11 | 0.000000e+00 |      --      |    Inf 
  9.4s|  5100 |   275 |171815 |  33.7 |    26M |  20 | 161 | 306 |5245 | 306 | 306 |   0 |  13k|  11 | 0.000000e+00 |      --      |    Inf 
  9.6s|  5200 |   269 |175515 |  33.7 |    26M |  20 | 104 | 306 |5174 | 306 | 306 |   0 |  13k|  11 | 0.000000e+00 |      --      |    Inf 
  9.7s|  5300 |   263 |178538 |  33.7 |    26M |  20 |   - | 306 |5255 | 306 | 306 |   0 |  14k|  11 | 0.000000e+00 |      --      |    Inf 
  9.9s|  5400 |   268 |181788 |  33.6 |    26M |  20 |   - | 306 |5283 | 306 | 306 |   0 |  14k|  11 | 0.000000e+00 |      --      |    Inf 
 10.0s|  5500 |   279 |184942 |  33.6 |    26M |  20 |   - | 306 |5418 | 306 | 306 |   0 |  14k|  11 | 0.000000e+00 |      --      |    Inf 
 10.2s|  5600 |   272 |187507 |  33.5 |    26M |  20 |   - | 306 |5508 | 306 | 306 |   0 |  15k|  11 | 0.000000e+00 |      --      |    Inf 
 10.3s|  5700 |   261 |190161 |  33.3 |    26M |  20 |   - | 306 |5453 |   0 |   0 |   0 |  15k|  11 | 0.000000e+00 |      --      |    Inf 
 10.4s|  5800 |   240 |192816 |  33.2 |    26M |  20 |  28 | 306 |5496 | 306 | 306 |   0 |  15k|  11 | 0.000000e+00 |      --      |    Inf 
 time | node  | left  |LP iter|LP it/n|mem/heur|mdpt |frac |vars |cons |cols |rows |cuts |confs|strbr|  dualbound   | primalbound  |  gap   
 10.7s|  5900 |   248 |195649 |  33.1 |    26M |  20 |  42 | 306 |5444 | 306 | 306 |   0 |  15k|  11 | 0.000000e+00 |      --      |    Inf 
 10.8s|  6000 |   246 |196899 |  32.8 |    27M |  20 |  28 | 306 |5551 | 306 | 306 |   0 |  15k|  11 | 0.000000e+00 |      --      |    Inf 
 10.9s|  6100 |   253 |198377 |  32.5 |    27M |  20 |  58 | 306 |5716 | 306 | 306 |   0 |  16k|  11 | 0.000000e+00 |      --      |    Inf 
 11.0s|  6200 |   241 |199869 |  32.2 |    27M |  20 | 103 | 306 |5914 | 306 | 306 |   0 |  16k|  11 | 0.000000e+00 |      --      |    Inf 
 11.1s|  6300 |   233 |200981 |  31.9 |    27M |  20 |   - | 306 |5983 |   0 |   0 |   0 |  16k|  11 | 0.000000e+00 |      --      |    Inf 
 11.3s|  6400 |   225 |203998 |  31.8 |    27M |  20 |  55 | 306 |6086 | 306 | 306 |   0 |  16k|  11 | 0.000000e+00 |      --      |    Inf 
 11.4s|  6500 |   213 |206912 |  31.8 |    27M |  20 |  28 | 306 |6069 | 306 | 306 |   0 |  17k|  11 | 0.000000e+00 |      --      |    Inf 
 11.6s|  6600 |   208 |210624 |  31.9 |    27M |  20 |  86 | 306 |5985 | 306 | 306 |   0 |  17k|  11 | 0.000000e+00 |      --      |    Inf 
 11.7s|  6700 |   209 |213331 |  31.8 |    27M |  20 | 134 | 306 |6045 | 306 | 306 |   0 |  17k|  11 | 0.000000e+00 |      --      |    Inf 
 11.9s|  6800 |   208 |216878 |  31.9 |    27M |  20 | 132 | 306 |6059 | 306 | 306 |   0 |  17k|  11 | 0.000000e+00 |      --      |    Inf 
 12.0s|  6900 |   196 |219818 |  31.8 |    27M |  20 |  28 | 306 |6151 | 306 | 306 |   0 |  18k|  11 | 0.000000e+00 |      --      |    Inf 
 12.4s|  7000 |   212 |223353 |  31.9 |    27M |  20 |  28 | 306 |6087 | 306 | 306 |   0 |  18k|  11 | 0.000000e+00 |      --      |    Inf 
 12.5s|  7100 |   220 |226238 |  31.8 |    27M |  20 |  28 | 306 |6208 | 306 | 306 |   0 |  18k|  11 | 0.000000e+00 |      --      |    Inf 
 12.6s|  7200 |   216 |228470 |  31.7 |    27M |  20 | 108 | 306 |6346 | 306 | 306 |   0 |  18k|  11 | 0.000000e+00 |      --      |    Inf 
 12.7s|  7300 |   202 |231953 |  31.7 |    27M |  20 |   - | 306 |6336 |   0 |   0 |   0 |  18k|  11 | 0.000000e+00 |      --      |    Inf 
 time | node  | left  |LP iter|LP it/n|mem/heur|mdpt |frac |vars |cons |cols |rows |cuts |confs|strbr|  dualbound   | primalbound  |  gap   
 12.9s|  7400 |   198 |234922 |  31.7 |    27M |  20 |  46 | 306 |6289 | 306 | 306 |   0 |  19k|  11 | 0.000000e+00 |      --      |    Inf 
 13.1s|  7500 |   204 |238177 |  31.7 |    27M |  20 |   - | 306 |6344 | 306 | 306 |   0 |  19k|  11 | 0.000000e+00 |      --      |    Inf 
 13.2s|  7600 |   197 |240587 |  31.6 |    27M |  20 |   - | 306 |6379 | 306 | 306 |   0 |  19k|  11 | 0.000000e+00 |      --      |    Inf 
 13.5s|  7700 |   206 |244571 |  31.7 |    27M |  20 |  75 | 306 |6319 | 306 | 306 |   0 |  19k|  11 | 0.000000e+00 |      --      |    Inf 
 13.6s|  7800 |   193 |247698 |  31.7 |    27M |  20 |  28 | 306 |6431 | 306 | 306 |   0 |  19k|  11 | 0.000000e+00 |      --      |    Inf 
 13.7s|  7900 |   189 |250025 |  31.6 |    27M |  20 |  46 | 306 |6504 | 306 | 306 |   0 |  20k|  11 | 0.000000e+00 |      --      |    Inf 
 13.9s|  8000 |   166 |253056 |  31.6 |    27M |  20 |  28 | 306 |6441 | 306 | 306 |   0 |  20k|  11 | 0.000000e+00 |      --      |    Inf 
 14.1s|  8100 |   202 |257209 |  31.7 |    27M |  20 |  48 | 306 |6442 | 306 | 306 |   0 |  20k|  11 | 0.000000e+00 |      --      |    Inf 
 14.2s|  8200 |   212 |260420 |  31.7 |    27M |  20 |   - | 306 |6626 | 306 | 306 |   0 |  20k|  11 | 0.000000e+00 |      --      |    Inf 
 14.4s|  8300 |   201 |263088 |  31.7 |    28M |  20 |   - | 306 |6760 |   0 |   0 |   0 |  21k|  11 | 0.000000e+00 |      --      |    Inf 
 14.5s|  8400 |   187 |266457 |  31.7 |    28M |  20 |  92 | 306 |6877 | 306 | 306 |   0 |  21k|  11 | 0.000000e+00 |      --      |    Inf 
 14.7s|  8500 |   150 |269876 |  31.7 |    28M |  20 | 144 | 306 |6707 | 306 | 306 |   0 |  21k|  11 | 0.000000e+00 |      --      |    Inf 
 14.8s|  8600 |   117 |273017 |  31.7 |    28M |  20 |   - | 306 |6690 | 306 | 306 |   0 |  21k|  11 | 0.000000e+00 |      --      |    Inf 
 15.0s|  8700 |   111 |276103 |  31.7 |    28M |  20 | 136 | 306 |6641 | 306 | 306 |   0 |  21k|  11 | 0.000000e+00 |      --      |    Inf 
 15.2s|  8800 |   108 |279784 |  31.8 |    28M |  20 |   - | 306 |6587 |   0 |   0 |   0 |  22k|  11 | 0.000000e+00 |      --      |    Inf 
 time | node  | left  |LP iter|LP it/n|mem/heur|mdpt |frac |vars |cons |cols |rows |cuts |confs|strbr|  dualbound   | primalbound  |  gap   
 15.3s|  8900 |   100 |282800 |  31.8 |    28M |  20 |   - | 306 |6564 |   0 |   0 |   0 |  22k|  11 | 0.000000e+00 |      --      |    Inf 
 15.4s|  9000 |    81 |285511 |  31.7 |    28M |  20 |   - | 306 |6549 |   0 |   0 |   0 |  22k|  11 | 0.000000e+00 |      --      |    Inf 
 15.6s|  9100 |    77 |289602 |  31.8 |    28M |  20 | 130 | 306 |6611 | 306 | 306 |   0 |  22k|  11 | 0.000000e+00 |      --      |    Inf 
 15.7s|  9200 |    69 |292746 |  31.8 |    28M |  20 | 108 | 306 |6619 | 306 | 306 |   0 |  22k|  11 | 0.000000e+00 |      --      |    Inf 
 15.9s|  9300 |    62 |295646 |  31.8 |    28M |  20 |  96 | 306 |6619 | 306 | 306 |   0 |  23k|  11 | 0.000000e+00 |      --      |    Inf 
 16.0s|  9400 |    60 |298956 |  31.8 |    28M |  20 |  79 | 306 |6627 | 306 | 306 |   0 |  23k|  11 | 0.000000e+00 |      --      |    Inf 
 16.2s|  9500 |    45 |301476 |  31.7 |    28M |  20 |   - | 306 |6653 | 306 | 306 |   0 |  23k|  11 | 0.000000e+00 |      --      |    Inf 
 16.4s|  9600 |    37 |304423 |  31.7 |    28M |  20 |  52 | 306 |6624 | 306 | 306 |   0 |  23k|  11 | 0.000000e+00 |      --      |    Inf 
 16.5s|  9700 |    18 |307277 |  31.7 |    28M |  20 |   - | 306 |6615 |   0 |   0 |   0 |  23k|  11 | 0.000000e+00 |      --      |    Inf 
 16.7s|  9800 |    41 |311528 |  31.8 |    28M |  20 | 144 | 306 |6697 | 306 | 306 |   0 |  24k|  11 | 0.000000e+00 |      --      |    Inf 
 16.8s|  9900 |    13 |314407 |  31.7 |    28M |  20 |   - | 306 |6735 | 306 | 306 |   0 |  24k|  11 | 0.000000e+00 |      --      |    Inf 
 17.0s| 10000 |    16 |317169 |  31.7 |    28M |  20 |   - | 306 |6795 | 306 | 306 |   0 |  24k|  11 | 0.000000e+00 |      --      |    Inf 
 17.1s| 10100 |    13 |320364 |  31.7 |    28M |  20 |  83 | 306 |6845 | 306 | 306 |   0 |  24k|  11 | 0.000000e+00 |      --      |    Inf 
 17.2s| 10200 |     6 |323572 |  31.7 |    28M |  20 |  80 | 306 |6901 | 306 | 306 |   0 |  24k|  11 | 0.000000e+00 |      --      |    Inf 
 17.5s| 10300 |     5 |327142 |  31.7 |    28M |  20 |   - | 306 |6927 |   0 |   0 |   0 |  24k|  11 | 0.000000e+00 |      --      |    Inf 

SCIP Status        : problem is solved [infeasible]
Solving Time (sec) : 17.63
Solving Nodes      : 10357
Primal Bound       : +1.00000000000000e+20 (0 solutions)
Dual Bound         : +1.00000000000000e+20
Gap                : 0.00 %

Number of variables fixed to 0 by isomorphism pruning:	    69
Number of variables fixed to 1 by isomorphism pruning:	     0
@04 1686559572
