FILENAME:   /home/mcs001/s132664/testsets/IP/miplib2017/graphdraw-grafo2.mps.gz
SETTINGS:   settings_isopr_ostrowskidynamicbranching_avoidsubtreenodes
TIMELIMIT:  7200
OUTPUTNAME: final_miplib_symretope_if_extended_generating_set_cpx_v802__settings_isopr_ostrowskidynamicbranching_avoidsubtreenodes__4__
BINNAME:    bin/symmetries.linux.x86_64.gnu.opt.cpx
BASENAME:   graphdraw-grafo2.mps.gz
SEED:       4
@01 /home/mcs001/s132664/testsets/IP/miplib2017/graphdraw-grafo2.mps.gz ===========
@02 graphdraw-grafo2.mps.gz
@03 1686581433
SCIP version 8.0.2 [precision: 8 byte] [memory: block] [mode: optimized] [LP solver: CPLEX 20.1.0.0] [GitHash: 5f0473c]
Copyright (C) 2002-2022 Konrad-Zuse-Zentrum fuer Informationstechnik Berlin (ZIB)

Symmetry handling routines - (c) Marc Pfetsch, Thomas Rehn, Christopher Hojny.
[GitHash: a1587cb]


Turned off presolver <gateextraction>.
reading parameter file <../settings/settings_isopr_ostrowskidynamicbranching_avoidsubtreenodes.set> ...

Changed settings:
limits/time = 7200
limits/restarts = 0
randomization/randomseedshift = 4
constraints/orbitope/sepafreq = -1
constraints/orbitope/propfreq = 1
presolving/gateextraction/maxrounds = 0
propagating/isoprune/avoidsubtreenodes = TRUE
useisoprune = TRUE


solving problem ...

original problem has 9258 variables (8844 bin, 134 int, 0 impl, 280 cont) and 203455 constraints
presolving:
(round 1, fast)       0 del vars, 0 del conss, 0 add conss, 134 chg bounds, 8844 chg sides, 8844 chg coeffs, 0 upgd conss, 0 impls, 2211 clqs
(round 2, fast)       0 del vars, 0 del conss, 0 add conss, 414 chg bounds, 8844 chg sides, 8844 chg coeffs, 0 upgd conss, 0 impls, 2211 clqs
(round 3, exhaustive) 0 del vars, 0 del conss, 0 add conss, 414 chg bounds, 8844 chg sides, 8844 chg coeffs, 194099 upgd conss, 0 impls, 2211 clqs
   (3.7s) probing: 1000/8844 (11.3%) - 0 fixings, 0 aggregations, 4030 implications, 0 bound changes
   (3.7s) probing: 1001/8844 (11.3%) - 0 fixings, 0 aggregations, 4034 implications, 0 bound changes
   (3.7s) probing aborted: 1000/1000 successive useless probings
Required symmetry:			(1 bin, 0 int, 0 cont); (fixed: 0 bin, 1 int, 0 cont)
Time for symmetry detection:		0.40 	(matrix graph, 231241 nodes, 1224732 edges)
Number of generators:			0 	(max: 1500)
No symmetry found.
Total time for symmetry detection:	0.42

presolving (4 rounds: 4 fast, 2 medium, 2 exhaustive):
 0 deleted vars, 0 deleted constraints, 0 added constraints, 414 tightened bounds, 0 added holes, 8844 changed sides, 8844 changed coefficients
 4034 implications, 2211 cliques
presolved problem has 9258 variables (8844 bin, 134 int, 0 impl, 280 cont) and 203456 constraints
    268 constraints of type <varbound>
   2211 constraints of type <setppc>
   9356 constraints of type <linear>
 191620 constraints of type <logicor>
      1 constraints of type <symmetries>
Presolving Time: 3.89
Skip isomorphism pruning, since no symmetries were found.

 time | node  | left  |LP iter|LP it/n|mem/heur|mdpt |frac |vars |cons |cols |rows |cuts |confs|strbr|  dualbound   | primalbound  |  gap   
 10.3s|     1 |     0 |  2133 |     - |   513M |   0 |3578 |9258 | 203k|9258 | 203k|   0 |  10 |   0 | 3.576200e+04 |      --      |    Inf 
  212s|     1 |     0 | 24524 |     - |   541M |   0 |3576 |9258 | 203k|9258 | 203k|   1 |  11 |   0 | 3.576200e+04 |      --      |    Inf 
  248s|     1 |     0 | 24646 |     - |   545M |   0 |3548 |9258 | 203k|9258 | 203k|   1 |  11 |   5 | 3.576200e+04 |      --      |    Inf 
  248s|     1 |     0 | 24650 |     - |   545M |   0 |3548 |9258 | 203k|9258 | 203k|   3 |  12 |   5 | 3.576200e+04 |      --      |    Inf 
  307s|     1 |     2 | 24650 |     - |   545M |   0 |3548 |9258 | 203k|9258 | 203k|   3 |  12 |  26 | 3.576200e+04 |      --      |    Inf 
 1769s|   100 |   101 |125692 |1029.0 |   572M |  18 |3590 |9258 | 203k|9258 | 203k|   5 |  33 |  26 | 3.576200e+04 |      --      |    Inf 
 2500s|   200 |   201 |167510 | 722.1 |   578M |  32 |3557 |9258 | 203k|9258 | 203k|   5 |  33 |  26 | 3.576200e+04 |      --      |    Inf 
 3791s|   300 |   301 |229432 | 687.7 |   582M |  51 |3617 |9258 | 203k|9258 | 203k|   5 |  33 |  26 | 3.576200e+04 |      --      |    Inf 
 5747s|   400 |   401 |325662 | 756.5 |   587M |  57 |3669 |9258 | 203k|9258 | 203k|   5 |  33 |  26 | 3.576200e+04 |      --      |    Inf 

SCIP Status        : solving was interrupted [time limit reached]
Solving Time (sec) : 7200.13
Solving Nodes      : 478
Primal Bound       : +1.00000000000000e+20 (0 solutions)
Dual Bound         : +3.57620000000000e+04
Gap                : infinite
@04 1686588636
