FILENAME:   /home/mcs001/s132664/testsets/IP/miplib2017/z26.mps.gz
SETTINGS:   settings_isopr_minimalindexbranching_avoidsubtreenodes
TIMELIMIT:  7200
OUTPUTNAME: final_miplib_symretope_if_extended_generating_set_cpx_v802__settings_isopr_minimalindexbranching_avoidsubtreenodes__2__
BINNAME:    bin/symmetries.linux.x86_64.gnu.opt.cpx
BASENAME:   z26.mps.gz
SEED:       2
@01 /home/mcs001/s132664/testsets/IP/miplib2017/z26.mps.gz ===========
@02 z26.mps.gz
@03 1686566819
SCIP version 8.0.2 [precision: 8 byte] [memory: block] [mode: optimized] [LP solver: CPLEX 20.1.0.0] [GitHash: 5f0473c]
Copyright (C) 2002-2022 Konrad-Zuse-Zentrum fuer Informationstechnik Berlin (ZIB)

Symmetry handling routines - (c) Marc Pfetsch, Thomas Rehn, Christopher Hojny.
[GitHash: a1587cb]


Turned off presolver <gateextraction>.
reading parameter file <../settings/settings_isopr_minimalindexbranching_avoidsubtreenodes.set> ...

Changed settings:
limits/time = 7200
limits/restarts = 0
randomization/randomseedshift = 2
constraints/orbitope/sepafreq = -1
constraints/orbitope/propfreq = 1
presolving/gateextraction/maxrounds = 0
propagating/isoprune/avoidsubtreenodes = TRUE
useisoprune = TRUE
usebranchfirst = TRUE


solving problem ...

original problem has 17937 variables (17937 bin, 0 int, 0 impl, 0 cont) and 850513 constraints
feasible solution found by trivial heuristic after 1.7 seconds, objective value 0.000000e+00
presolving:
(round 1, exhaustive) 2 del vars, 424461 del conss, 0 add conss, 0 chg bounds, 0 chg sides, 0 chg coeffs, 0 upgd conss, 0 impls, 426052 clqs
(round 2, exhaustive) 6 del vars, 424474 del conss, 0 add conss, 0 chg bounds, 0 chg sides, 0 chg coeffs, 426039 upgd conss, 0 impls, 426039 clqs
(round 3, fast)       262 del vars, 425589 del conss, 0 add conss, 0 chg bounds, 0 chg sides, 0 chg coeffs, 426039 upgd conss, 0 impls, 424924 clqs
   (9.6s) probing: 51/17666 (0.3%) - 0 fixings, 0 aggregations, 0 implications, 0 bound changes
   (9.6s) probing aborted: 50/50 successive totally useless probings
Required symmetry:			(1 bin, 0 int, 0 cont); (fixed: 0 bin, 1 int, 0 cont)
Time for symmetry detection:		1.99 	(matrix graph, 442541 nodes, 864177 edges)
Number of generators:			116 	(max: 1500)
Log10 of symmetry group order:		68.2
Number of vars moved by some symmetry:	972
Total time for symmetry detection:	2.06

Turned off presolver <domcol>.
Turned off presolver <components>.

presolving (4 rounds: 4 fast, 3 medium, 3 exhaustive):
 271 deleted vars, 425638 deleted constraints, 0 added constraints, 0 tightened bounds, 0 added holes, 0 changed sides, 0 changed coefficients
 0 implications, 424875 cliques
presolved problem has 17666 variables (17666 bin, 0 int, 0 impl, 0 cont) and 424876 constraints
 424875 constraints of type <setppc>
      1 constraints of type <symmetries>
transformed objective value is always integral (scale: 1)
Presolving Time: 10.32

 time | node  | left  |LP iter|LP it/n|mem/heur|mdpt |frac |vars |cons |cols |rows |cuts |confs|strbr|  dualbound   | primalbound  |  gap   
t12.2s|     1 |     0 |     0 |     - | trivial|   0 |   - |  17k| 424k|   0 |   0 |   0 |   0 |   0 |-1.769600e+04 |-3.000000e+01 |  Large 
p13.6s|     1 |     0 |     0 |     - |  clique|   0 |   - |  17k| 424k|  17k| 424k|   0 |   0 |   0 |-1.769600e+04 |-1.021000e+03 |1633.20%
 18.7s|     1 |     0 |  9345 |     - |  1200M |   0 |3073 |  17k| 424k|  17k| 424k|   0 |   0 |   0 |-1.651938e+03 |-1.021000e+03 |  61.80%
 96.9s|     1 |     2 | 15466 |     - |  1268M |   0 |3073 |  17k| 424k|  17k| 424k|   0 |   0 |   0 |-1.651938e+03 |-1.021000e+03 |  61.80%
  799s|   100 |   101 |125185 |1170.1 |  1332M |  27 |3021 |  17k| 424k|  17k| 424k|   0 |   0 |   0 |-1.651938e+03 |-1.021000e+03 |  61.80%
 1829s|   200 |   201 |186880 | 892.1 |  1373M |  29 |3044 |  17k| 424k|  17k| 424k|   0 |   0 |   0 |-1.651938e+03 |-1.021000e+03 |  61.80%
L1861s|   201 |   202 |186882 | 887.7 |crossove|  29 |3059 |  17k| 424k|  17k| 424k|   0 |   0 |   0 |-1.651938e+03 |-1.028000e+03 |  60.69%
i1861s|   202 |   201 |186882 | 883.3 |  oneopt|  29 |   - |  17k| 424k|  17k| 424k|   0 |   0 |   0 |-1.651938e+03 |-1.042000e+03 |  58.54%
 2508s|   300 |   301 |200252 | 638.5 |  1386M |  29 |3060 |  17k| 424k|  17k| 424k|   0 |   0 |   0 |-1.651938e+03 |-1.042000e+03 |  58.54%
 3830s|   400 |   401 |225401 | 541.5 |  1397M |  33 |3054 |  17k| 424k|  17k| 424k|   0 |   0 |   0 |-1.651938e+03 |-1.042000e+03 |  58.54%
 4625s|   500 |   501 |238713 | 459.7 |  1407M |  33 |3038 |  17k| 424k|  17k| 424k|   0 |   0 |   0 |-1.651938e+03 |-1.042000e+03 |  58.54%
 4701s|   600 |   601 |241439 | 387.5 |  1414M |  33 |3038 |  17k| 424k|  17k| 424k|   0 |   0 |   0 |-1.651938e+03 |-1.042000e+03 |  58.54%
 5477s|   700 |   701 |256242 | 353.2 |  1427M |  33 |3052 |  17k| 424k|  17k| 424k|   0 |   0 |   0 |-1.651938e+03 |-1.042000e+03 |  58.54%
 6645s|   800 |   801 |280164 | 338.9 |  1439M |  33 |3045 |  17k| 424k|  17k| 424k|   0 |   0 |   0 |-1.651938e+03 |-1.042000e+03 |  58.54%
 6988s|   900 |   901 |283306 | 304.7 |  1449M |  33 |3020 |  17k| 424k|  17k| 424k|   0 |   0 |   0 |-1.651938e+03 |-1.042000e+03 |  58.54%

SCIP Status        : solving was interrupted [time limit reached]
Solving Time (sec) : 7200.00
Solving Nodes      : 970
Primal Bound       : -1.04200000000000e+03 (815 solutions)
Dual Bound         : -1.65193750000000e+03
Gap                : 58.54 %

Number of variables fixed to 0 by isomorphism pruning:	     0
Number of variables fixed to 1 by isomorphism pruning:	     0
@04 1686574026
