FILENAME:   /home/mcs001/s132664/testsets/IP/miplib2017/wachplan.mps.gz
SETTINGS:   settings_isopr_minimalindexbranching_avoidsubtreenodes
TIMELIMIT:  7200
OUTPUTNAME: final_miplib_symretope_if_extended_generating_set_cpx_v802__settings_isopr_minimalindexbranching_avoidsubtreenodes__2__
BINNAME:    bin/symmetries.linux.x86_64.gnu.opt.cpx
BASENAME:   wachplan.mps.gz
SEED:       2
@01 /home/mcs001/s132664/testsets/IP/miplib2017/wachplan.mps.gz ===========
@02 wachplan.mps.gz
@03 1686566818
SCIP version 8.0.2 [precision: 8 byte] [memory: block] [mode: optimized] [LP solver: CPLEX 20.1.0.0] [GitHash: 5f0473c]
Copyright (C) 2002-2022 Konrad-Zuse-Zentrum fuer Informationstechnik Berlin (ZIB)

Symmetry handling routines - (c) Marc Pfetsch, Thomas Rehn, Christopher Hojny.
[GitHash: a1587cb]


Turned off presolver <gateextraction>.
reading parameter file <../settings/settings_isopr_minimalindexbranching_avoidsubtreenodes.set> ...

Changed settings:
limits/time = 7200
limits/restarts = 0
randomization/randomseedshift = 2
constraints/orbitope/sepafreq = -1
constraints/orbitope/propfreq = 1
presolving/gateextraction/maxrounds = 0
propagating/isoprune/avoidsubtreenodes = TRUE
useisoprune = TRUE
usebranchfirst = TRUE


solving problem ...

original problem has 3361 variables (3360 bin, 1 int, 0 impl, 0 cont) and 1553 constraints
presolving:
(round 1, fast)       1025 del vars, 789 del conss, 0 add conss, 34 chg bounds, 0 chg sides, 0 chg coeffs, 0 upgd conss, 0 impls, 418 clqs
(round 2, fast)       1295 del vars, 831 del conss, 0 add conss, 70 chg bounds, 0 chg sides, 0 chg coeffs, 0 upgd conss, 0 impls, 440 clqs
(round 3, exhaustive) 1296 del vars, 913 del conss, 0 add conss, 70 chg bounds, 56 chg sides, 0 chg coeffs, 0 upgd conss, 0 impls, 440 clqs
(round 4, exhaustive) 1296 del vars, 913 del conss, 0 add conss, 70 chg bounds, 56 chg sides, 0 chg coeffs, 606 upgd conss, 0 impls, 440 clqs
(round 5, medium)     1296 del vars, 943 del conss, 20 add conss, 70 chg bounds, 76 chg sides, 60 chg coeffs, 606 upgd conss, 0 impls, 440 clqs
   (0.5s) probing: 1000/2300 (43.5%) - 19 fixings, 1 aggregations, 93176 implications, 0 bound changes
   (1.0s) probing: 2000/2300 (87.0%) - 19 fixings, 3 aggregations, 223120 implications, 0 bound changes
   (1.2s) probing cycle finished: starting next cycle
(round 6, exhaustive) 1318 del vars, 943 del conss, 20 add conss, 70 chg bounds, 76 chg sides, 60 chg coeffs, 606 upgd conss, 4186 impls, 86585 clqs
(round 7, fast)       1318 del vars, 953 del conss, 20 add conss, 70 chg bounds, 76 chg sides, 87 chg coeffs, 606 upgd conss, 4186 impls, 86585 clqs
(round 8, exhaustive) 1318 del vars, 954 del conss, 20 add conss, 70 chg bounds, 76 chg sides, 87 chg coeffs, 606 upgd conss, 4186 impls, 86585 clqs
(round 9, exhaustive) 1320 del vars, 954 del conss, 20 add conss, 70 chg bounds, 76 chg sides, 87 chg coeffs, 606 upgd conss, 4186 impls, 86585 clqs
   (1.2s) probing: 51/2278 (2.2%) - 19 fixings, 3 aggregations, 262708 implications, 0 bound changes
   (1.2s) probing aborted: 50/50 successive totally useless probings
Required symmetry:			(1 bin, 0 int, 0 cont); (fixed: 0 bin, 1 int, 0 cont)
Time for symmetry detection:		0.01 	(matrix graph, 3780 nodes, 24110 edges)
Number of generators:			5 	(max: 1500)
Order of symmetry group:		72
Log10 of symmetry group order:		1.9
Number of vars moved by some symmetry:	2201
Total time for symmetry detection:	0.01

Turned off presolver <domcol>.
Turned off presolver <components>.

presolving (10 rounds: 10 fast, 7 medium, 6 exhaustive):
 1320 deleted vars, 954 deleted constraints, 20 added constraints, 70 tightened bounds, 0 added holes, 76 changed sides, 87 changed coefficients
 4186 implications, 86585 cliques
presolved problem has 2279 variables (2278 bin, 1 int, 0 impl, 0 cont) and 620 constraints
    168 constraints of type <knapsack>
    392 constraints of type <setppc>
     34 constraints of type <linear>
     25 constraints of type <logicor>
      1 constraints of type <symmetries>
transformed objective value is always integral (scale: 1)
Presolving Time: 1.24

 time | node  | left  |LP iter|LP it/n|mem/heur|mdpt |frac |vars |cons |cols |rows |cuts |confs|strbr|  dualbound   | primalbound  |  gap   
  1.4s|     1 |     0 |   376 |     - |    53M |   0 | 260 |2279 | 751 |2279 | 619 |   0 | 130 |   0 |-9.000000e+00 |      --      |    Inf 
  1.8s|     1 |     0 |  4547 |     - |    53M |   0 | 260 |2279 | 756 |2279 | 619 |   0 | 135 |   0 |-9.000000e+00 |      --      |    Inf 
  2.0s|     1 |     2 |  4547 |     - |    55M |   0 | 260 |2279 | 759 |2279 | 619 |   0 | 138 |   0 |-9.000000e+00 |      --      |    Inf 
  4.6s|   100 |    89 | 22930 | 187.4 |    57M |  35 | 200 |2279 | 784 |2279 | 619 |   0 | 163 |   0 |-9.000000e+00 |      --      |    Inf 
  7.2s|   200 |   185 | 42923 | 193.7 |    58M |  35 | 191 |2279 | 829 |2279 | 619 |   0 | 208 |   0 |-9.000000e+00 |      --      |    Inf 
 11.0s|   300 |   277 | 73660 | 231.7 |    60M |  35 | 151 |2279 | 857 |2279 | 619 |   0 | 236 |   0 |-9.000000e+00 |      --      |    Inf 
 12.6s|   400 |   375 | 87394 | 208.1 |    61M |  37 | 196 |2279 | 880 |2279 | 619 |   0 | 259 |   0 |-9.000000e+00 |      --      |    Inf 
 14.7s|   500 |   471 |105023 | 201.7 |    62M |  37 | 149 |2279 | 935 |2279 | 619 |   0 | 320 |   0 |-9.000000e+00 |      --      |    Inf 
 17.6s|   600 |   553 |125825 | 202.7 |    63M |  45 | 174 |2279 | 985 |2279 | 619 |   0 | 371 |   0 |-9.000000e+00 |      --      |    Inf 
 20.4s|   700 |   643 |145692 | 202.2 |    64M |  45 | 100 |2279 |1103 |2279 | 619 |   0 | 491 |   0 |-9.000000e+00 |      --      |    Inf 
d22.2s|   767 |   123 |162806 | 206.8 |pscostdi|  45 |   - |2279 |1132 |2279 | 619 |   0 | 543 |   0 |-9.000000e+00 |-8.000000e+00 |  12.50%
 23.8s|   800 |   128 |182241 | 222.6 |    65M |  45 | 143 |2279 |1159 |2279 | 619 |   0 | 579 |   0 |-9.000000e+00 |-8.000000e+00 |  12.50%
 28.2s|   900 |   162 |226621 | 247.2 |    65M |  45 | 163 |2279 |1280 |2279 | 619 |   0 | 708 |   0 |-9.000000e+00 |-8.000000e+00 |  12.50%
 32.2s|  1000 |   184 |275271 | 271.2 |    65M |  45 | 103 |2279 |1373 |2279 | 619 |   0 | 815 |   0 |-9.000000e+00 |-8.000000e+00 |  12.50%
 35.9s|  1100 |   185 |314012 | 281.7 |    65M |  45 | 154 |2279 |1434 |2279 | 619 |   0 | 880 |   0 |-9.000000e+00 |-8.000000e+00 |  12.50%
 time | node  | left  |LP iter|LP it/n|mem/heur|mdpt |frac |vars |cons |cols |rows |cuts |confs|strbr|  dualbound   | primalbound  |  gap   
 40.2s|  1200 |   185 |367562 | 302.9 |    65M |  45 | 121 |2279 |1468 |2279 | 619 |   0 | 923 |   0 |-9.000000e+00 |-8.000000e+00 |  12.50%
 43.4s|  1300 |   192 |407254 | 310.1 |    65M |  45 | 142 |2279 |1494 |2279 | 619 |   0 | 955 |   0 |-9.000000e+00 |-8.000000e+00 |  12.50%
 46.9s|  1400 |   192 |449557 | 318.2 |    66M |  45 |   - |2279 |1534 |2279 | 619 |   0 | 998 |   0 |-9.000000e+00 |-8.000000e+00 |  12.50%
 50.3s|  1500 |   186 |489706 | 323.8 |    66M |  45 |   - |2279 |1593 |2279 | 619 |   0 |1066 |   0 |-9.000000e+00 |-8.000000e+00 |  12.50%
 54.1s|  1600 |   196 |533361 | 330.8 |    66M |  45 | 144 |2279 |1642 |2279 | 619 |   0 |1118 |   0 |-9.000000e+00 |-8.000000e+00 |  12.50%
 57.3s|  1700 |   202 |572803 | 334.6 |    66M |  45 | 142 |2279 |1724 |2279 | 619 |   0 |1208 |   0 |-9.000000e+00 |-8.000000e+00 |  12.50%
 60.8s|  1800 |   188 |610846 | 337.1 |    66M |  45 | 134 |2279 |1792 |2279 | 619 |   0 |1283 |   0 |-9.000000e+00 |-8.000000e+00 |  12.50%
 63.2s|  1900 |   189 |642639 | 336.1 |    67M |  45 |   - |2279 |1934 |2279 | 619 |   0 |1430 |   0 |-9.000000e+00 |-8.000000e+00 |  12.50%
 66.0s|  2000 |   205 |676243 | 336.1 |    67M |  45 | 109 |2279 |1978 |2279 | 619 |   0 |1478 |   0 |-9.000000e+00 |-8.000000e+00 |  12.50%
 70.4s|  2100 |   211 |716128 | 339.1 |    67M |  45 | 150 |2279 |2024 |2279 | 619 |   0 |1530 |   0 |-9.000000e+00 |-8.000000e+00 |  12.50%
 73.3s|  2200 |   222 |756573 | 342.1 |    67M |  45 | 122 |2279 |2043 |2279 | 619 |   0 |1561 |   0 |-9.000000e+00 |-8.000000e+00 |  12.50%
 77.3s|  2300 |   225 |805634 | 348.5 |    67M |  45 |   - |2279 |2114 |2279 | 619 |   0 |1647 |   0 |-9.000000e+00 |-8.000000e+00 |  12.50%
 80.5s|  2400 |   211 |859525 | 356.5 |    67M |  45 | 107 |2279 |2152 |2279 | 619 |   0 |1697 |   0 |-9.000000e+00 |-8.000000e+00 |  12.50%
 83.3s|  2500 |   213 |893517 | 355.8 |    67M |  45 |   - |2279 |2230 |2279 | 619 |   0 |1785 |   0 |-9.000000e+00 |-8.000000e+00 |  12.50%
 85.8s|  2600 |   223 |930279 | 356.3 |    67M |  45 | 131 |2279 |2260 |2279 | 619 |   0 |1823 |   0 |-9.000000e+00 |-8.000000e+00 |  12.50%
 time | node  | left  |LP iter|LP it/n|mem/heur|mdpt |frac |vars |cons |cols |rows |cuts |confs|strbr|  dualbound   | primalbound  |  gap   
 88.7s|  2700 |   210 |967718 | 356.9 |    67M |  45 | 145 |2279 |2315 |2279 | 619 |   0 |1880 |   0 |-9.000000e+00 |-8.000000e+00 |  12.50%
 91.7s|  2800 |   202 |  1003k| 357.1 |    67M |  45 | 109 |2279 |2358 |2279 | 619 |   0 |1932 |   0 |-9.000000e+00 |-8.000000e+00 |  12.50%
 95.5s|  2900 |   186 |  1052k| 361.6 |    68M |  45 |   - |2279 |2404 |2279 | 619 |   0 |2012 |   0 |-9.000000e+00 |-8.000000e+00 |  12.50%
 99.5s|  3000 |   176 |  1096k| 364.2 |    68M |  45 | 151 |2279 |2432 |2279 | 619 |   0 |2069 |   0 |-9.000000e+00 |-8.000000e+00 |  12.50%
  102s|  3100 |   174 |  1126k| 362.0 |    68M |  45 |   - |2279 |2500 |2279 | 619 |   0 |2164 |   0 |-9.000000e+00 |-8.000000e+00 |  12.50%
  105s|  3200 |   179 |  1163k| 362.2 |    68M |  45 | 147 |2279 |2551 |2279 | 619 |   0 |2240 |   0 |-9.000000e+00 |-8.000000e+00 |  12.50%
  107s|  3300 |   185 |  1200k| 362.6 |    68M |  45 |   - |2279 |2636 |2279 | 619 |   0 |2331 |   0 |-9.000000e+00 |-8.000000e+00 |  12.50%
  110s|  3400 |   177 |  1242k| 364.4 |    68M |  45 | 145 |2279 |2719 |2279 | 619 |   0 |2437 |   0 |-9.000000e+00 |-8.000000e+00 |  12.50%
  112s|  3500 |   171 |  1278k| 364.1 |    68M |  45 |   - |2279 |2780 |2279 | 619 |   0 |2519 |   0 |-9.000000e+00 |-8.000000e+00 |  12.50%
  114s|  3600 |   162 |  1312k| 363.5 |    69M |  45 |   - |2279 |2867 |   0 |   0 |   0 |2620 |   0 |-9.000000e+00 |-8.000000e+00 |  12.50%
  116s|  3700 |   177 |  1346k| 362.8 |    69M |  45 | 153 |2279 |2918 |2279 | 619 |   0 |2707 |   0 |-9.000000e+00 |-8.000000e+00 |  12.50%
  118s|  3800 |   179 |  1375k| 361.0 |    69M |  45 |   - |2279 |2991 |2279 | 619 |   0 |2792 |   0 |-9.000000e+00 |-8.000000e+00 |  12.50%
  120s|  3900 |   179 |  1408k| 360.2 |    69M |  45 | 170 |2279 |3047 |2279 | 619 |   0 |2867 |   0 |-9.000000e+00 |-8.000000e+00 |  12.50%
  123s|  4000 |   189 |  1444k| 360.1 |    69M |  45 | 126 |2279 |3099 |2279 | 619 |   0 |2934 |   0 |-9.000000e+00 |-8.000000e+00 |  12.50%
  125s|  4100 |   181 |  1472k| 358.2 |    69M |  45 |   - |2279 |3167 |2279 | 619 |   0 |3045 |   0 |-9.000000e+00 |-8.000000e+00 |  12.50%
 time | node  | left  |LP iter|LP it/n|mem/heur|mdpt |frac |vars |cons |cols |rows |cuts |confs|strbr|  dualbound   | primalbound  |  gap   
  128s|  4200 |   189 |  1510k| 358.7 |    69M |  45 | 133 |2279 |3191 |2279 | 619 |   0 |3114 |   0 |-9.000000e+00 |-8.000000e+00 |  12.50%
  131s|  4300 |   184 |  1546k| 358.6 |    70M |  45 | 132 |2279 |3209 |2279 | 619 |   0 |3172 |   0 |-9.000000e+00 |-8.000000e+00 |  12.50%
  134s|  4400 |   187 |  1582k| 358.7 |    70M |  45 | 137 |2279 |3212 |2279 | 619 |   0 |3248 |   0 |-9.000000e+00 |-8.000000e+00 |  12.50%
  137s|  4500 |   185 |  1617k| 358.5 |    70M |  45 |   - |2279 |3239 |2279 | 619 |   0 |3338 |   0 |-9.000000e+00 |-8.000000e+00 |  12.50%
  141s|  4600 |   181 |  1656k| 359.2 |    70M |  45 |   - |2279 |3293 |2279 | 619 |   0 |3432 |   0 |-9.000000e+00 |-8.000000e+00 |  12.50%
  143s|  4700 |   185 |  1689k| 358.6 |    70M |  45 |   - |2279 |3369 |2279 | 619 |   0 |3527 |   0 |-9.000000e+00 |-8.000000e+00 |  12.50%
  144s|  4800 |   186 |  1716k| 356.8 |    70M |  45 | 154 |2279 |3440 |2279 | 619 |   0 |3626 |   0 |-9.000000e+00 |-8.000000e+00 |  12.50%
  147s|  4900 |   193 |  1742k| 354.8 |    70M |  45 |   - |2279 |3505 |2279 | 619 |   0 |3716 |   0 |-9.000000e+00 |-8.000000e+00 |  12.50%
  149s|  5000 |   202 |  1768k| 352.9 |    70M |  45 |   - |2279 |3531 |2279 | 619 |   0 |3773 |   0 |-9.000000e+00 |-8.000000e+00 |  12.50%
  151s|  5100 |   192 |  1794k| 351.0 |    70M |  45 |   - |2279 |3570 |2279 | 619 |   0 |3845 |   0 |-9.000000e+00 |-8.000000e+00 |  12.50%
  154s|  5200 |   200 |  1826k| 350.4 |    70M |  45 | 116 |2279 |3580 |2279 | 619 |   0 |3898 |   0 |-9.000000e+00 |-8.000000e+00 |  12.50%
  156s|  5300 |   200 |  1856k| 349.6 |    70M |  45 | 139 |2279 |3597 |2279 | 619 |   0 |3943 |   0 |-9.000000e+00 |-8.000000e+00 |  12.50%
  158s|  5400 |   194 |  1892k| 349.8 |    71M |  45 |   - |2279 |3599 |2279 | 619 |   0 |3987 |   0 |-9.000000e+00 |-8.000000e+00 |  12.50%
  161s|  5500 |   193 |  1922k| 348.8 |    71M |  45 | 119 |2279 |3705 |2279 | 619 |   0 |4118 |   0 |-9.000000e+00 |-8.000000e+00 |  12.50%
  163s|  5600 |   191 |  1955k| 348.5 |    71M |  45 | 167 |2279 |3731 |2279 | 619 |   0 |4163 |   0 |-9.000000e+00 |-8.000000e+00 |  12.50%
 time | node  | left  |LP iter|LP it/n|mem/heur|mdpt |frac |vars |cons |cols |rows |cuts |confs|strbr|  dualbound   | primalbound  |  gap   
  164s|  5700 |   187 |  1983k| 347.3 |    71M |  45 | 101 |2279 |3780 |2279 | 619 |   0 |4226 |   0 |-9.000000e+00 |-8.000000e+00 |  12.50%
  167s|  5800 |   195 |  2013k| 346.5 |    71M |  45 |  61 |2279 |3738 |2279 | 619 |   0 |4276 |   0 |-9.000000e+00 |-8.000000e+00 |  12.50%
  169s|  5900 |   191 |  2049k| 346.7 |    71M |  45 |   - |2279 |3803 |2279 | 619 |   0 |4368 |   0 |-9.000000e+00 |-8.000000e+00 |  12.50%
  171s|  6000 |   185 |  2085k| 346.9 |    71M |  45 |   - |2279 |3849 |2279 | 619 |   0 |4477 |   0 |-9.000000e+00 |-8.000000e+00 |  12.50%
  174s|  6100 |   189 |  2127k| 348.2 |    71M |  45 |   - |2279 |3862 |2279 | 619 |   0 |4524 |   0 |-9.000000e+00 |-8.000000e+00 |  12.50%
  176s|  6200 |   191 |  2158k| 347.5 |    71M |  45 | 106 |2279 |3921 |2279 | 619 |   0 |4600 |   0 |-9.000000e+00 |-8.000000e+00 |  12.50%
  178s|  6300 |   185 |  2197k| 348.1 |    71M |  45 |   - |2279 |3964 |2279 | 619 |   0 |4676 |   0 |-9.000000e+00 |-8.000000e+00 |  12.50%
  180s|  6400 |   190 |  2229k| 347.7 |    71M |  45 | 144 |2279 |4012 |2279 | 619 |   0 |4739 |   0 |-9.000000e+00 |-8.000000e+00 |  12.50%
  182s|  6500 |   180 |  2263k| 347.6 |    71M |  45 | 173 |2279 |4084 |2279 | 619 |   0 |4831 |   0 |-9.000000e+00 |-8.000000e+00 |  12.50%
  185s|  6600 |   172 |  2299k| 347.9 |    71M |  45 |   - |2279 |4088 |2279 | 619 |   0 |4872 |   0 |-9.000000e+00 |-8.000000e+00 |  12.50%
  188s|  6700 |   175 |  2334k| 347.9 |    71M |  45 |  62 |2279 |4113 |2279 | 619 |   0 |4945 |   0 |-9.000000e+00 |-8.000000e+00 |  12.50%
  190s|  6800 |   174 |  2367k| 347.6 |    72M |  45 |   - |2279 |4132 |2279 | 619 |   0 |5004 |   0 |-9.000000e+00 |-8.000000e+00 |  12.50%
  192s|  6900 |   178 |  2400k| 347.3 |    72M |  45 |   - |2279 |4212 |2279 | 619 |   0 |5110 |   0 |-9.000000e+00 |-8.000000e+00 |  12.50%
  194s|  7000 |   174 |  2430k| 346.7 |    72M |  45 |  65 |2279 |4233 |2279 | 619 |   0 |5156 |   0 |-9.000000e+00 |-8.000000e+00 |  12.50%
  196s|  7100 |   182 |  2466k| 346.8 |    72M |  45 | 132 |2279 |4111 |2279 | 619 |   0 |5217 |   0 |-9.000000e+00 |-8.000000e+00 |  12.50%
 time | node  | left  |LP iter|LP it/n|mem/heur|mdpt |frac |vars |cons |cols |rows |cuts |confs|strbr|  dualbound   | primalbound  |  gap   
  198s|  7200 |   182 |  2499k| 346.6 |    72M |  45 |   - |2279 |4059 |2279 | 619 |   0 |5248 |   0 |-9.000000e+00 |-8.000000e+00 |  12.50%
  201s|  7300 |   188 |  2533k| 346.5 |    72M |  45 | 119 |2279 |4119 |2279 | 619 |   0 |5357 |   0 |-9.000000e+00 |-8.000000e+00 |  12.50%
  203s|  7400 |   194 |  2571k| 346.9 |    72M |  45 |  55 |2279 |4190 |2279 | 619 |   0 |5457 |   0 |-9.000000e+00 |-8.000000e+00 |  12.50%
  205s|  7500 |   197 |  2608k| 347.2 |    72M |  45 | 142 |2279 |4221 |2279 | 619 |   0 |5535 |   0 |-9.000000e+00 |-8.000000e+00 |  12.50%
  207s|  7600 |   203 |  2641k| 347.0 |    72M |  45 | 134 |2279 |4275 |2279 | 619 |   0 |5621 |   0 |-9.000000e+00 |-8.000000e+00 |  12.50%
  209s|  7700 |   205 |  2677k| 347.2 |    72M |  45 |   - |2279 |4256 |2279 | 619 |   0 |5788 |   0 |-9.000000e+00 |-8.000000e+00 |  12.50%
  212s|  7800 |   204 |  2714k| 347.5 |    72M |  45 | 146 |2279 |4255 |2279 | 619 |   0 |5846 |   0 |-9.000000e+00 |-8.000000e+00 |  12.50%
  214s|  7900 |   204 |  2752k| 348.0 |    72M |  45 | 136 |2279 |4276 |2279 | 619 |   0 |5942 |   0 |-9.000000e+00 |-8.000000e+00 |  12.50%
  217s|  8000 |   204 |  2786k| 347.9 |    73M |  45 |   - |2279 |4262 |2279 | 619 |   0 |6000 |   0 |-9.000000e+00 |-8.000000e+00 |  12.50%
  219s|  8100 |   196 |  2819k| 347.6 |    73M |  45 | 178 |2279 |4196 |2279 | 619 |   0 |6056 |   0 |-9.000000e+00 |-8.000000e+00 |  12.50%
  221s|  8200 |   196 |  2851k| 347.3 |    73M |  45 |   - |2279 |4193 |2279 | 619 |   0 |6114 |   0 |-9.000000e+00 |-8.000000e+00 |  12.50%
  223s|  8300 |   192 |  2881k| 346.7 |    73M |  45 | 109 |2279 |4217 |2279 | 619 |   0 |6176 |   0 |-9.000000e+00 |-8.000000e+00 |  12.50%
  225s|  8400 |   223 |  2904k| 345.3 |    73M |  45 |   - |2279 |4275 |2279 | 619 |   0 |6277 |   0 |-9.000000e+00 |-8.000000e+00 |  12.50%
  228s|  8500 |   224 |  2928k| 344.0 |    73M |  45 |   - |2279 |4332 |2279 | 619 |   0 |6356 |   0 |-9.000000e+00 |-8.000000e+00 |  12.50%
  230s|  8600 |   215 |  2953k| 343.0 |    73M |  45 | 128 |2279 |4407 |2279 | 619 |   0 |6478 |   0 |-9.000000e+00 |-8.000000e+00 |  12.50%
 time | node  | left  |LP iter|LP it/n|mem/heur|mdpt |frac |vars |cons |cols |rows |cuts |confs|strbr|  dualbound   | primalbound  |  gap   
  234s|  8700 |   221 |  2982k| 342.4 |    73M |  45 | 117 |2279 |4490 |2279 | 619 |   0 |6608 |   0 |-9.000000e+00 |-8.000000e+00 |  12.50%
  237s|  8800 |   210 |  3013k| 342.0 |    73M |  45 | 152 |2279 |4493 |2279 | 619 |   0 |6658 |   0 |-9.000000e+00 |-8.000000e+00 |  12.50%
  239s|  8900 |   198 |  3045k| 341.8 |    73M |  45 |   - |2279 |4492 |2279 | 619 |   0 |6729 |   0 |-9.000000e+00 |-8.000000e+00 |  12.50%
  242s|  9000 |   206 |  3080k| 341.8 |    73M |  45 | 111 |2279 |4381 |2279 | 619 |   0 |6787 |   0 |-9.000000e+00 |-8.000000e+00 |  12.50%
  245s|  9100 |   202 |  3104k| 340.7 |    73M |  45 |   - |2279 |4319 |2279 | 619 |   0 |6812 |   0 |-9.000000e+00 |-8.000000e+00 |  12.50%
  247s|  9200 |   203 |  3129k| 339.7 |    73M |  45 |   - |2279 |4364 |2279 | 619 |   0 |6933 |   0 |-9.000000e+00 |-8.000000e+00 |  12.50%
  249s|  9300 |   196 |  3167k| 340.2 |    73M |  45 |   - |2279 |4428 |2279 | 619 |   0 |7015 |   0 |-9.000000e+00 |-8.000000e+00 |  12.50%
  251s|  9400 |   198 |  3194k| 339.4 |    73M |  45 | 140 |2279 |4475 |2279 | 619 |   0 |7089 |   0 |-9.000000e+00 |-8.000000e+00 |  12.50%
  253s|  9500 |   188 |  3223k| 338.9 |    73M |  45 | 143 |2279 |4505 |2279 | 619 |   0 |7163 |   0 |-9.000000e+00 |-8.000000e+00 |  12.50%
  255s|  9600 |   201 |  3255k| 338.7 |    73M |  45 |   - |2279 |4435 |2279 | 619 |   0 |7215 |   0 |-9.000000e+00 |-8.000000e+00 |  12.50%
  257s|  9700 |   204 |  3287k| 338.5 |    73M |  45 |   - |2279 |4438 |2279 | 619 |   0 |7298 |   0 |-9.000000e+00 |-8.000000e+00 |  12.50%
  260s|  9800 |   196 |  3314k| 337.9 |    73M |  45 | 128 |2279 |4459 |2279 | 619 |   0 |7366 |   0 |-9.000000e+00 |-8.000000e+00 |  12.50%
  262s|  9900 |   200 |  3344k| 337.5 |    73M |  45 | 136 |2279 |4449 |2279 | 619 |   0 |7405 |   0 |-9.000000e+00 |-8.000000e+00 |  12.50%
  265s| 10000 |   198 |  3374k| 337.0 |    73M |  45 | 124 |2279 |4485 |2279 | 619 |   0 |7481 |   0 |-9.000000e+00 |-8.000000e+00 |  12.50%
  267s| 10100 |   194 |  3404k| 336.6 |    73M |  45 | 155 |2279 |4522 |2279 | 619 |   0 |7560 |   0 |-9.000000e+00 |-8.000000e+00 |  12.50%
 time | node  | left  |LP iter|LP it/n|mem/heur|mdpt |frac |vars |cons |cols |rows |cuts |confs|strbr|  dualbound   | primalbound  |  gap   
  270s| 10200 |   192 |  3434k| 336.3 |    73M |  45 | 159 |2279 |4549 |2279 | 619 |   0 |7636 |   0 |-9.000000e+00 |-8.000000e+00 |  12.50%
  272s| 10300 |   188 |  3470k| 336.6 |    73M |  45 | 174 |2279 |4556 |2279 | 619 |   0 |7709 |   0 |-9.000000e+00 |-8.000000e+00 |  12.50%
  274s| 10400 |   188 |  3501k| 336.3 |    73M |  45 |   - |2279 |4520 |2279 | 619 |   0 |7758 |   0 |-9.000000e+00 |-8.000000e+00 |  12.50%
  276s| 10500 |   192 |  3534k| 336.2 |    73M |  45 | 131 |2279 |4539 |2279 | 619 |   0 |7809 |   0 |-9.000000e+00 |-8.000000e+00 |  12.50%
  279s| 10600 |   196 |  3573k| 336.8 |    73M |  45 |   - |2279 |4502 |2279 | 619 |   0 |7875 |   0 |-9.000000e+00 |-8.000000e+00 |  12.50%
  280s| 10700 |   196 |  3612k| 337.2 |    73M |  45 | 111 |2279 |4505 |2279 | 619 |   0 |7890 |   0 |-9.000000e+00 |-8.000000e+00 |  12.50%
  282s| 10800 |   191 |  3640k| 336.7 |    73M |  45 |   - |2279 |4542 |2279 | 619 |   0 |7951 |   0 |-9.000000e+00 |-8.000000e+00 |  12.50%
  283s| 10900 |   197 |  3667k| 336.1 |    73M |  45 |   - |2279 |4551 |2279 | 619 |   0 |8016 |   0 |-9.000000e+00 |-8.000000e+00 |  12.50%
  285s| 11000 |   187 |  3701k| 336.1 |    74M |  45 |   - |2279 |4541 |2279 | 619 |   0 |8053 |   0 |-9.000000e+00 |-8.000000e+00 |  12.50%
  287s| 11100 |   183 |  3740k| 336.6 |    74M |  45 |   - |2279 |4576 |2279 | 619 |   0 |8108 |   0 |-9.000000e+00 |-8.000000e+00 |  12.50%
  289s| 11200 |   181 |  3768k| 336.1 |    74M |  45 |   - |2279 |4613 |2279 | 619 |   0 |8172 |   0 |-9.000000e+00 |-8.000000e+00 |  12.50%
  292s| 11300 |   183 |  3803k| 336.2 |    74M |  45 | 121 |2279 |4482 |2279 | 619 |   0 |8237 |   0 |-9.000000e+00 |-8.000000e+00 |  12.50%
  295s| 11400 |   175 |  3832k| 335.8 |    74M |  45 | 135 |2279 |4466 |2279 | 619 |   0 |8268 |   0 |-9.000000e+00 |-8.000000e+00 |  12.50%
  298s| 11500 |   179 |  3863k| 335.6 |    74M |  45 | 130 |2279 |4452 |2279 | 619 |   0 |8330 |   0 |-9.000000e+00 |-8.000000e+00 |  12.50%
  300s| 11600 |   179 |  3890k| 335.0 |    74M |  45 | 148 |2279 |4463 |2279 | 619 |   0 |8403 |   0 |-9.000000e+00 |-8.000000e+00 |  12.50%
 time | node  | left  |LP iter|LP it/n|mem/heur|mdpt |frac |vars |cons |cols |rows |cuts |confs|strbr|  dualbound   | primalbound  |  gap   
  303s| 11700 |   185 |  3914k| 334.2 |    74M |  45 | 122 |2279 |4479 |2279 | 619 |   0 |8448 |   0 |-9.000000e+00 |-8.000000e+00 |  12.50%
  307s| 11800 |   173 |  3947k| 334.1 |    74M |  45 |   - |2279 |4497 |2279 | 619 |   0 |8531 |   0 |-9.000000e+00 |-8.000000e+00 |  12.50%
  309s| 11900 |   178 |  3977k| 333.9 |    74M |  45 | 133 |2279 |4505 |2279 | 619 |   0 |8607 |   0 |-9.000000e+00 |-8.000000e+00 |  12.50%
  311s| 12000 |   168 |  4020k| 334.7 |    74M |  45 | 137 |2279 |4514 |2279 | 619 |   0 |8655 |   0 |-9.000000e+00 |-8.000000e+00 |  12.50%
  314s| 12100 |   167 |  4052k| 334.6 |    74M |  45 | 119 |2279 |4437 |2279 | 619 |   0 |8709 |   0 |-9.000000e+00 |-8.000000e+00 |  12.50%
  316s| 12200 |   172 |  4074k| 333.6 |    74M |  45 |   - |2279 |4433 |2279 | 619 |   0 |8756 |   0 |-9.000000e+00 |-8.000000e+00 |  12.50%
  319s| 12300 |   174 |  4103k| 333.3 |    74M |  45 |   - |2279 |4467 |2279 | 619 |   0 |8816 |   0 |-9.000000e+00 |-8.000000e+00 |  12.50%
  322s| 12400 |   164 |  4135k| 333.2 |    74M |  45 |   - |2279 |4200 |   0 |   0 |   0 |8932 |   0 |-9.000000e+00 |-8.000000e+00 |  12.50%
  326s| 12500 |   190 |  4168k| 333.1 |    74M |  45 | 126 |2279 |3897 |2279 | 619 |   0 |8950 |   0 |-9.000000e+00 |-8.000000e+00 |  12.50%
  329s| 12600 |   180 |  4197k| 332.8 |    74M |  45 |   - |2279 |3913 |2279 | 619 |   0 |8989 |   0 |-9.000000e+00 |-8.000000e+00 |  12.50%
  332s| 12700 |   179 |  4228k| 332.6 |    74M |  45 |   - |2279 |3918 |2279 | 619 |   0 |9081 |   0 |-9.000000e+00 |-8.000000e+00 |  12.50%
  335s| 12800 |   175 |  4255k| 332.1 |    74M |  45 | 142 |2279 |3995 |2279 | 619 |   0 |9196 |   0 |-9.000000e+00 |-8.000000e+00 |  12.50%
  338s| 12900 |   171 |  4280k| 331.5 |    74M |  45 |   - |2279 |4042 |2279 | 619 |   0 |9296 |   0 |-9.000000e+00 |-8.000000e+00 |  12.50%
  340s| 13000 |   175 |  4314k| 331.6 |    74M |  45 | 138 |2279 |3979 |2279 | 619 |   0 |9356 |   0 |-9.000000e+00 |-8.000000e+00 |  12.50%
  343s| 13100 |   175 |  4346k| 331.5 |    74M |  45 |   - |2279 |4019 |2279 | 619 |   0 |9414 |   0 |-9.000000e+00 |-8.000000e+00 |  12.50%
 time | node  | left  |LP iter|LP it/n|mem/heur|mdpt |frac |vars |cons |cols |rows |cuts |confs|strbr|  dualbound   | primalbound  |  gap   
  346s| 13200 |   173 |  4374k| 331.1 |    74M |  45 |   - |2279 |4011 |2279 | 619 |   0 |9473 |   0 |-9.000000e+00 |-8.000000e+00 |  12.50%
  348s| 13300 |   175 |  4404k| 330.8 |    74M |  45 |   - |2279 |4113 |2279 | 619 |   0 |9603 |   0 |-9.000000e+00 |-8.000000e+00 |  12.50%
  351s| 13400 |   172 |  4435k| 330.7 |    74M |  45 | 140 |2279 |4177 |2279 | 619 |   0 |9685 |   0 |-9.000000e+00 |-8.000000e+00 |  12.50%
  352s| 13500 |   182 |  4463k| 330.3 |    74M |  45 |   - |2279 |4149 |2279 | 619 |   0 |9755 |   0 |-9.000000e+00 |-8.000000e+00 |  12.50%
  354s| 13600 |   171 |  4486k| 329.6 |    74M |  45 | 119 |2279 |4211 |2279 | 619 |   0 |9847 |   0 |-9.000000e+00 |-8.000000e+00 |  12.50%
  356s| 13700 |   177 |  4519k| 329.6 |    74M |  45 |  57 |2279 |4203 |2279 | 619 |   0 |9903 |   0 |-9.000000e+00 |-8.000000e+00 |  12.50%
  359s| 13800 |   168 |  4552k| 329.6 |    74M |  45 |   - |2279 |4114 |2279 | 619 |   0 |9955 |   0 |-9.000000e+00 |-8.000000e+00 |  12.50%
  361s| 13900 |   182 |  4581k| 329.3 |    74M |  45 | 157 |2279 |4113 |2279 | 619 |   0 |  10k|   0 |-9.000000e+00 |-8.000000e+00 |  12.50%
  362s| 14000 |   183 |  4611k| 329.1 |    74M |  45 | 148 |2279 |4121 |2279 | 619 |   0 |  10k|   0 |-9.000000e+00 |-8.000000e+00 |  12.50%
  365s| 14100 |   181 |  4646k| 329.3 |    74M |  45 | 163 |2279 |4128 |2279 | 619 |   0 |  10k|   0 |-9.000000e+00 |-8.000000e+00 |  12.50%
  369s| 14200 |   189 |  4672k| 328.8 |    74M |  45 | 154 |2279 |4131 |2279 | 619 |   0 |  10k|   0 |-9.000000e+00 |-8.000000e+00 |  12.50%
  372s| 14300 |   185 |  4706k| 328.9 |    74M |  45 | 137 |2279 |4132 |2279 | 619 |   0 |  10k|   0 |-9.000000e+00 |-8.000000e+00 |  12.50%
  375s| 14400 |   185 |  4728k| 328.1 |    74M |  45 | 114 |2279 |4160 |2279 | 619 |   0 |  10k|   0 |-9.000000e+00 |-8.000000e+00 |  12.50%
  378s| 14500 |   181 |  4763k| 328.2 |    74M |  45 |   - |2279 |4183 |2279 | 619 |   0 |  10k|   0 |-9.000000e+00 |-8.000000e+00 |  12.50%
  381s| 14600 |   179 |  4793k| 328.0 |    74M |  45 |   - |2279 |4176 |2279 | 619 |   0 |  10k|   0 |-9.000000e+00 |-8.000000e+00 |  12.50%
 time | node  | left  |LP iter|LP it/n|mem/heur|mdpt |frac |vars |cons |cols |rows |cuts |confs|strbr|  dualbound   | primalbound  |  gap   
  384s| 14700 |   186 |  4815k| 327.3 |    74M |  45 | 104 |2279 |4176 |2279 | 619 |   0 |  10k|   0 |-9.000000e+00 |-8.000000e+00 |  12.50%
  387s| 14800 |   174 |  4836k| 326.5 |    74M |  45 | 122 |2279 |4245 |2279 | 619 |   0 |  10k|   0 |-9.000000e+00 |-8.000000e+00 |  12.50%
  389s| 14900 |   186 |  4865k| 326.2 |    74M |  45 |   - |2279 |4249 |2279 | 619 |   0 |  10k|   0 |-9.000000e+00 |-8.000000e+00 |  12.50%
  393s| 15000 |   186 |  4893k| 325.9 |    74M |  45 |   - |2279 |4201 |2279 | 619 |   0 |  10k|   0 |-9.000000e+00 |-8.000000e+00 |  12.50%
  395s| 15100 |   178 |  4915k| 325.3 |    74M |  45 | 154 |2279 |4233 |2279 | 619 |   0 |  10k|   0 |-9.000000e+00 |-8.000000e+00 |  12.50%
  397s| 15200 |   178 |  4953k| 325.6 |    74M |  45 |   - |2279 |4247 |2279 | 619 |   0 |  10k|   0 |-9.000000e+00 |-8.000000e+00 |  12.50%
  400s| 15300 |   182 |  4980k| 325.3 |    74M |  45 |  69 |2279 |4232 |2279 | 619 |   0 |  10k|   0 |-9.000000e+00 |-8.000000e+00 |  12.50%
  401s| 15400 |   178 |  5008k| 325.0 |    74M |  45 | 151 |2279 |4243 |2279 | 619 |   0 |  10k|   0 |-9.000000e+00 |-8.000000e+00 |  12.50%
  403s| 15500 |   182 |  5036k| 324.7 |    74M |  45 | 123 |2279 |4228 |2279 | 619 |   0 |  10k|   0 |-9.000000e+00 |-8.000000e+00 |  12.50%
  405s| 15600 |   178 |  5066k| 324.5 |    74M |  45 | 148 |2279 |4264 |2279 | 619 |   0 |  10k|   0 |-9.000000e+00 |-8.000000e+00 |  12.50%
  407s| 15700 |   174 |  5087k| 323.8 |    74M |  45 | 130 |2279 |4235 |2279 | 619 |   0 |  10k|   0 |-9.000000e+00 |-8.000000e+00 |  12.50%
  409s| 15800 |   170 |  5112k| 323.3 |    74M |  45 |   - |2279 |4246 |2279 | 619 |   0 |  10k|   0 |-9.000000e+00 |-8.000000e+00 |  12.50%
  411s| 15900 |   176 |  5136k| 322.8 |    74M |  45 |  85 |2279 |4267 |2279 | 619 |   0 |  10k|   0 |-9.000000e+00 |-8.000000e+00 |  12.50%
  412s| 16000 |   178 |  5169k| 322.8 |    74M |  45 | 141 |2279 |4264 |2279 | 619 |   0 |  11k|   0 |-9.000000e+00 |-8.000000e+00 |  12.50%
  414s| 16100 |   182 |  5204k| 323.0 |    75M |  45 |  93 |2279 |4169 |2279 | 619 |   0 |  11k|   0 |-9.000000e+00 |-8.000000e+00 |  12.50%
 time | node  | left  |LP iter|LP it/n|mem/heur|mdpt |frac |vars |cons |cols |rows |cuts |confs|strbr|  dualbound   | primalbound  |  gap   
  416s| 16200 |   181 |  5232k| 322.7 |    76M |  45 | 122 |2279 |4098 |2279 | 619 |   0 |  11k|   0 |-9.000000e+00 |-8.000000e+00 |  12.50%
  418s| 16300 |   172 |  5269k| 323.0 |    76M |  45 | 154 |2279 |3839 |2279 | 619 |   0 |  11k|   0 |-9.000000e+00 |-8.000000e+00 |  12.50%
  420s| 16400 |   182 |  5295k| 322.7 |    76M |  45 |  88 |2279 |3828 |2279 | 619 |   0 |  11k|   0 |-9.000000e+00 |-8.000000e+00 |  12.50%
  423s| 16500 |   170 |  5329k| 322.8 |    76M |  45 | 182 |2279 |3693 |2279 | 619 |   0 |  11k|   0 |-9.000000e+00 |-8.000000e+00 |  12.50%
  425s| 16600 |   176 |  5360k| 322.7 |    76M |  45 | 114 |2279 |3668 |2279 | 619 |   0 |  11k|   0 |-9.000000e+00 |-8.000000e+00 |  12.50%
  428s| 16700 |   174 |  5391k| 322.6 |    76M |  45 | 148 |2279 |3660 |2279 | 619 |   0 |  11k|   0 |-9.000000e+00 |-8.000000e+00 |  12.50%
  431s| 16800 |   179 |  5423k| 322.6 |    76M |  45 |   - |2279 |3667 |2279 | 619 |   0 |  11k|   0 |-9.000000e+00 |-8.000000e+00 |  12.50%
  432s| 16900 |   171 |  5448k| 322.2 |    76M |  45 | 153 |2279 |3712 |2279 | 619 |   0 |  11k|   0 |-9.000000e+00 |-8.000000e+00 |  12.50%
  434s| 17000 |   175 |  5475k| 321.9 |    76M |  45 | 103 |2279 |3739 |2279 | 619 |   0 |  11k|   0 |-9.000000e+00 |-8.000000e+00 |  12.50%
  436s| 17100 |   175 |  5500k| 321.4 |    76M |  45 |   - |2279 |3771 |2279 | 619 |   0 |  11k|   0 |-9.000000e+00 |-8.000000e+00 |  12.50%
  439s| 17200 |   169 |  5535k| 321.6 |    76M |  45 |   - |2279 |3664 |2279 | 619 |   0 |  11k|   0 |-9.000000e+00 |-8.000000e+00 |  12.50%
  442s| 17300 |   166 |  5564k| 321.4 |    76M |  45 | 129 |2279 |3721 |2279 | 619 |   0 |  11k|   0 |-9.000000e+00 |-8.000000e+00 |  12.50%
  444s| 17400 |   168 |  5595k| 321.3 |    76M |  45 |   - |2279 |3772 |2279 | 619 |   0 |  11k|   0 |-9.000000e+00 |-8.000000e+00 |  12.50%
  446s| 17500 |   175 |  5625k| 321.2 |    76M |  45 |   - |2279 |3819 |2279 | 619 |   0 |  11k|   0 |-9.000000e+00 |-8.000000e+00 |  12.50%
  449s| 17600 |   178 |  5659k| 321.3 |    76M |  45 |   - |2279 |3822 |2279 | 619 |   0 |  11k|   0 |-9.000000e+00 |-8.000000e+00 |  12.50%
 time | node  | left  |LP iter|LP it/n|mem/heur|mdpt |frac |vars |cons |cols |rows |cuts |confs|strbr|  dualbound   | primalbound  |  gap   
  451s| 17700 |   170 |  5692k| 321.4 |    76M |  45 | 141 |2279 |3838 |2279 | 619 |   0 |  12k|   0 |-9.000000e+00 |-8.000000e+00 |  12.50%
  454s| 17800 |   168 |  5724k| 321.4 |    76M |  45 |   - |2279 |3767 |2279 | 619 |   0 |  12k|   0 |-9.000000e+00 |-8.000000e+00 |  12.50%
  456s| 17900 |   168 |  5754k| 321.2 |    76M |  45 | 118 |2279 |3825 |2279 | 619 |   0 |  12k|   0 |-9.000000e+00 |-8.000000e+00 |  12.50%
  459s| 18000 |   168 |  5785k| 321.2 |    76M |  45 |   - |2279 |3196 |2279 | 619 |   0 |  12k|   0 |-9.000000e+00 |-8.000000e+00 |  12.50%
  462s| 18100 |   170 |  5815k| 321.1 |    76M |  45 | 152 |2279 |3250 |2279 | 619 |   0 |  12k|   0 |-9.000000e+00 |-8.000000e+00 |  12.50%
  464s| 18200 |   166 |  5842k| 320.8 |    76M |  45 |  98 |2279 |3284 |2279 | 619 |   0 |  12k|   0 |-9.000000e+00 |-8.000000e+00 |  12.50%
  466s| 18300 |   160 |  5869k| 320.5 |    76M |  45 |   - |2279 |3277 |2279 | 619 |   0 |  12k|   0 |-9.000000e+00 |-8.000000e+00 |  12.50%
  468s| 18400 |   168 |  5902k| 320.6 |    76M |  45 | 117 |2279 |3319 |2279 | 619 |   0 |  12k|   0 |-9.000000e+00 |-8.000000e+00 |  12.50%
  471s| 18500 |   166 |  5935k| 320.6 |    76M |  45 |   - |2279 |3025 |2279 | 619 |   0 |  12k|   0 |-9.000000e+00 |-8.000000e+00 |  12.50%
  474s| 18600 |   176 |  5967k| 320.6 |    76M |  45 |  93 |2279 |2955 |2279 | 619 |   0 |  12k|   0 |-9.000000e+00 |-8.000000e+00 |  12.50%
  477s| 18700 |   170 |  5997k| 320.5 |    76M |  45 |   - |2279 |2971 |2279 | 619 |   0 |  12k|   0 |-9.000000e+00 |-8.000000e+00 |  12.50%
  480s| 18800 |   168 |  6031k| 320.6 |    76M |  45 | 144 |2279 |2998 |2279 | 619 |   0 |  12k|   0 |-9.000000e+00 |-8.000000e+00 |  12.50%
  483s| 18900 |   172 |  6062k| 320.5 |    76M |  45 |   - |2279 |2947 |2279 | 619 |   0 |  12k|   0 |-9.000000e+00 |-8.000000e+00 |  12.50%
  486s| 19000 |   167 |  6099k| 320.8 |    76M |  45 |   - |2279 |2949 |2279 | 619 |   0 |  12k|   0 |-9.000000e+00 |-8.000000e+00 |  12.50%
  489s| 19100 |   166 |  6134k| 321.0 |    76M |  45 | 157 |2279 |2959 |2279 | 619 |   0 |  12k|   0 |-9.000000e+00 |-8.000000e+00 |  12.50%
 time | node  | left  |LP iter|LP it/n|mem/heur|mdpt |frac |vars |cons |cols |rows |cuts |confs|strbr|  dualbound   | primalbound  |  gap   
  493s| 19200 |   162 |  6167k| 321.0 |    76M |  45 | 147 |2279 |2973 |2279 | 619 |   0 |  12k|   0 |-9.000000e+00 |-8.000000e+00 |  12.50%
  495s| 19300 |   166 |  6200k| 321.1 |    76M |  45 |   - |2279 |2993 |2279 | 619 |   0 |  13k|   0 |-9.000000e+00 |-8.000000e+00 |  12.50%
  498s| 19400 |   166 |  6229k| 320.9 |    76M |  45 |   - |2279 |3012 |2279 | 619 |   0 |  13k|   0 |-9.000000e+00 |-8.000000e+00 |  12.50%
  501s| 19500 |   160 |  6258k| 320.7 |    76M |  45 | 167 |2279 |3018 |2279 | 619 |   0 |  13k|   0 |-9.000000e+00 |-8.000000e+00 |  12.50%
  503s| 19600 |   162 |  6286k| 320.5 |    76M |  45 | 120 |2279 |3025 |2279 | 619 |   0 |  13k|   0 |-9.000000e+00 |-8.000000e+00 |  12.50%
  504s| 19700 |   155 |  6314k| 320.3 |    76M |  45 | 111 |2279 |3093 |2279 | 619 |   0 |  13k|   0 |-9.000000e+00 |-8.000000e+00 |  12.50%
  506s| 19800 |   157 |  6340k| 320.0 |    76M |  45 |  93 |2279 |3099 |2279 | 619 |   0 |  13k|   0 |-9.000000e+00 |-8.000000e+00 |  12.50%
  508s| 19900 |   153 |  6373k| 320.1 |    76M |  45 | 152 |2279 |3133 |2279 | 619 |   0 |  13k|   0 |-9.000000e+00 |-8.000000e+00 |  12.50%
  510s| 20000 |   153 |  6404k| 320.0 |    76M |  45 | 123 |2279 |3168 |2279 | 619 |   0 |  13k|   0 |-9.000000e+00 |-8.000000e+00 |  12.50%
  513s| 20100 |   159 |  6437k| 320.1 |    77M |  45 |   - |2279 |3133 |2279 | 619 |   0 |  13k|   0 |-9.000000e+00 |-8.000000e+00 |  12.50%
  515s| 20200 |   161 |  6472k| 320.2 |    77M |  45 | 140 |2279 |3110 |2279 | 619 |   0 |  13k|   0 |-9.000000e+00 |-8.000000e+00 |  12.50%
  517s| 20300 |   155 |  6502k| 320.1 |    77M |  45 |   - |2279 |3184 |2279 | 619 |   0 |  13k|   0 |-9.000000e+00 |-8.000000e+00 |  12.50%
  519s| 20400 |   155 |  6538k| 320.3 |    77M |  45 | 177 |2279 |3240 |2279 | 619 |   0 |  13k|   0 |-9.000000e+00 |-8.000000e+00 |  12.50%
  521s| 20500 |   153 |  6573k| 320.4 |    77M |  45 |   - |2279 |3255 |2279 | 619 |   0 |  13k|   0 |-9.000000e+00 |-8.000000e+00 |  12.50%
  524s| 20600 |   159 |  6605k| 320.4 |    77M |  45 | 149 |2279 |3289 |2279 | 619 |   0 |  13k|   0 |-9.000000e+00 |-8.000000e+00 |  12.50%
 time | node  | left  |LP iter|LP it/n|mem/heur|mdpt |frac |vars |cons |cols |rows |cuts |confs|strbr|  dualbound   | primalbound  |  gap   
  526s| 20700 |   165 |  6629k| 320.1 |    77M |  45 | 149 |2279 |3281 |2279 | 619 |   0 |  13k|   0 |-9.000000e+00 |-8.000000e+00 |  12.50%
  528s| 20800 |   165 |  6662k| 320.1 |    77M |  45 | 136 |2279 |3349 |2279 | 619 |   0 |  14k|   0 |-9.000000e+00 |-8.000000e+00 |  12.50%
  530s| 20900 |   171 |  6694k| 320.1 |    77M |  45 |   - |2279 |3330 |2279 | 619 |   0 |  14k|   0 |-9.000000e+00 |-8.000000e+00 |  12.50%
  532s| 21000 |   177 |  6727k| 320.2 |    77M |  45 | 100 |2279 |3343 |2279 | 619 |   0 |  14k|   0 |-9.000000e+00 |-8.000000e+00 |  12.50%
  534s| 21100 |   169 |  6765k| 320.5 |    77M |  45 |   - |2279 |3321 |2279 | 619 |   0 |  14k|   0 |-9.000000e+00 |-8.000000e+00 |  12.50%
  535s| 21200 |   159 |  6798k| 320.5 |    77M |  45 | 135 |2279 |3318 |2279 | 619 |   0 |  14k|   0 |-9.000000e+00 |-8.000000e+00 |  12.50%
  538s| 21300 |   153 |  6832k| 320.6 |    77M |  45 |   - |2279 |3335 |   0 |   0 |   0 |  14k|   0 |-9.000000e+00 |-8.000000e+00 |  12.50%
  541s| 21400 |   149 |  6867k| 320.7 |    77M |  45 | 157 |2279 |3332 |2279 | 619 |   0 |  14k|   0 |-9.000000e+00 |-8.000000e+00 |  12.50%
  544s| 21500 |   149 |  6902k| 320.8 |    77M |  45 | 140 |2279 |3339 |2279 | 619 |   0 |  14k|   0 |-9.000000e+00 |-8.000000e+00 |  12.50%
  547s| 21600 |   151 |  6942k| 321.2 |    77M |  45 | 178 |2279 |3286 |2279 | 619 |   0 |  14k|   0 |-9.000000e+00 |-8.000000e+00 |  12.50%
  550s| 21700 |   151 |  6976k| 321.3 |    77M |  45 | 163 |2279 |3261 |2279 | 619 |   0 |  14k|   0 |-9.000000e+00 |-8.000000e+00 |  12.50%
  551s| 21800 |   159 |  6998k| 320.8 |    77M |  45 |   - |2279 |3287 |2279 | 619 |   0 |  14k|   0 |-9.000000e+00 |-8.000000e+00 |  12.50%
  552s| 21900 |   151 |  7022k| 320.5 |    77M |  45 | 125 |2279 |3370 |2279 | 619 |   0 |  14k|   0 |-9.000000e+00 |-8.000000e+00 |  12.50%
  554s| 22000 |   158 |  7047k| 320.2 |    77M |  45 |   - |2279 |3429 |2279 | 619 |   0 |  14k|   0 |-9.000000e+00 |-8.000000e+00 |  12.50%
  556s| 22100 |   164 |  7074k| 319.9 |    77M |  45 |   - |2279 |3457 |2279 | 619 |   0 |  14k|   0 |-9.000000e+00 |-8.000000e+00 |  12.50%
 time | node  | left  |LP iter|LP it/n|mem/heur|mdpt |frac |vars |cons |cols |rows |cuts |confs|strbr|  dualbound   | primalbound  |  gap   
  558s| 22200 |   149 |  7102k| 319.8 |    77M |  45 |   - |2279 |3501 |2279 | 619 |   0 |  14k|   0 |-9.000000e+00 |-8.000000e+00 |  12.50%
  561s| 22300 |   151 |  7135k| 319.8 |    77M |  45 | 181 |2279 |3484 |2279 | 619 |   0 |  14k|   0 |-9.000000e+00 |-8.000000e+00 |  12.50%
  562s| 22400 |   159 |  7160k| 319.5 |    77M |  45 |   - |2279 |3483 |2279 | 619 |   0 |  14k|   0 |-9.000000e+00 |-8.000000e+00 |  12.50%
  563s| 22500 |   155 |  7185k| 319.2 |    77M |  45 |   - |2279 |3503 |2279 | 619 |   0 |  15k|   0 |-9.000000e+00 |-8.000000e+00 |  12.50%
  565s| 22600 |   159 |  7211k| 318.9 |    77M |  45 |   - |2279 |3517 |2279 | 619 |   0 |  15k|   0 |-9.000000e+00 |-8.000000e+00 |  12.50%
  566s| 22700 |   159 |  7235k| 318.6 |    77M |  45 | 131 |2279 |3531 |2279 | 619 |   0 |  15k|   0 |-9.000000e+00 |-8.000000e+00 |  12.50%
  569s| 22800 |   163 |  7268k| 318.6 |    77M |  45 |   - |2279 |3544 |2279 | 619 |   0 |  15k|   0 |-9.000000e+00 |-8.000000e+00 |  12.50%
  570s| 22900 |   163 |  7293k| 318.3 |    77M |  45 |   - |2279 |3564 |2279 | 619 |   0 |  15k|   0 |-9.000000e+00 |-8.000000e+00 |  12.50%
  572s| 23000 |   158 |  7322k| 318.2 |    77M |  45 |   - |2279 |3577 |2279 | 619 |   0 |  15k|   0 |-9.000000e+00 |-8.000000e+00 |  12.50%
  574s| 23100 |   150 |  7349k| 318.0 |    77M |  45 |   - |2279 |3564 |2279 | 619 |   0 |  15k|   0 |-9.000000e+00 |-8.000000e+00 |  12.50%
  577s| 23200 |   154 |  7384k| 318.1 |    77M |  45 |   - |2279 |3529 |2279 | 619 |   0 |  15k|   0 |-9.000000e+00 |-8.000000e+00 |  12.50%
  578s| 23300 |   156 |  7416k| 318.1 |    77M |  45 | 145 |2279 |3521 |2279 | 619 |   0 |  15k|   0 |-9.000000e+00 |-8.000000e+00 |  12.50%
  581s| 23400 |   154 |  7455k| 318.4 |    77M |  45 |   - |2279 |3574 |2279 | 619 |   0 |  15k|   0 |-9.000000e+00 |-8.000000e+00 |  12.50%
  584s| 23500 |   150 |  7489k| 318.5 |    77M |  45 | 139 |2279 |3528 |2279 | 619 |   0 |  15k|   0 |-9.000000e+00 |-8.000000e+00 |  12.50%
  586s| 23600 |   150 |  7517k| 318.4 |    77M |  45 | 106 |2279 |3503 |2279 | 619 |   0 |  15k|   0 |-9.000000e+00 |-8.000000e+00 |  12.50%
 time | node  | left  |LP iter|LP it/n|mem/heur|mdpt |frac |vars |cons |cols |rows |cuts |confs|strbr|  dualbound   | primalbound  |  gap   
  589s| 23700 |   152 |  7552k| 318.5 |    77M |  45 |   - |2279 |3325 |2279 | 619 |   0 |  15k|   0 |-9.000000e+00 |-8.000000e+00 |  12.50%
  592s| 23800 |   140 |  7575k| 318.1 |    77M |  45 | 139 |2279 |3337 |2279 | 619 |   0 |  15k|   0 |-9.000000e+00 |-8.000000e+00 |  12.50%
  594s| 23900 |   142 |  7595k| 317.6 |    77M |  45 |   - |2279 |3380 |2279 | 619 |   0 |  15k|   0 |-9.000000e+00 |-8.000000e+00 |  12.50%
  597s| 24000 |   143 |  7631k| 317.8 |    77M |  45 |   - |2279 |3354 |2279 | 619 |   0 |  15k|   0 |-9.000000e+00 |-8.000000e+00 |  12.50%
  599s| 24100 |   137 |  7663k| 317.8 |    77M |  45 | 138 |2279 |3397 |2279 | 619 |   0 |  16k|   0 |-9.000000e+00 |-8.000000e+00 |  12.50%
  601s| 24200 |   147 |  7687k| 317.5 |    77M |  45 |  91 |2279 |3299 |2279 | 619 |   0 |  16k|   0 |-9.000000e+00 |-8.000000e+00 |  12.50%
  604s| 24300 |   139 |  7715k| 317.4 |    77M |  45 | 144 |2279 |3306 |2279 | 619 |   0 |  16k|   0 |-9.000000e+00 |-8.000000e+00 |  12.50%
  607s| 24400 |   131 |  7744k| 317.2 |    79M |  45 |   - |2279 |3257 |2279 | 619 |   0 |  16k|   0 |-9.000000e+00 |-8.000000e+00 |  12.50%
  610s| 24500 |   131 |  7769k| 317.0 |    79M |  45 |   - |2279 |3303 |2279 | 619 |   0 |  16k|   0 |-9.000000e+00 |-8.000000e+00 |  12.50%
  613s| 24600 |   133 |  7796k| 316.8 |    79M |  45 | 124 |2279 |3246 |2279 | 619 |   0 |  16k|   0 |-9.000000e+00 |-8.000000e+00 |  12.50%
  616s| 24700 |   141 |  7822k| 316.5 |    79M |  45 |   - |2279 |3274 |2279 | 619 |   0 |  16k|   0 |-9.000000e+00 |-8.000000e+00 |  12.50%
  619s| 24800 |   135 |  7852k| 316.5 |    79M |  45 |   - |2279 |3314 |2279 | 619 |   0 |  16k|   0 |-9.000000e+00 |-8.000000e+00 |  12.50%
  621s| 24900 |   144 |  7881k| 316.4 |    79M |  45 | 143 |2279 |3280 |2279 | 619 |   0 |  16k|   0 |-9.000000e+00 |-8.000000e+00 |  12.50%
  622s| 25000 |   138 |  7906k| 316.1 |    79M |  45 |   - |2279 |3279 |2279 | 619 |   0 |  16k|   0 |-9.000000e+00 |-8.000000e+00 |  12.50%
  625s| 25100 |   145 |  7935k| 316.0 |    79M |  45 | 129 |2279 |3309 |2279 | 619 |   0 |  16k|   0 |-9.000000e+00 |-8.000000e+00 |  12.50%
 time | node  | left  |LP iter|LP it/n|mem/heur|mdpt |frac |vars |cons |cols |rows |cuts |confs|strbr|  dualbound   | primalbound  |  gap   
  627s| 25200 |   143 |  7961k| 315.8 |    79M |  45 |  92 |2279 |3293 |2279 | 619 |   0 |  16k|   0 |-9.000000e+00 |-8.000000e+00 |  12.50%
  630s| 25300 |   144 |  7990k| 315.7 |    79M |  45 | 145 |2279 |3304 |2279 | 619 |   0 |  16k|   0 |-9.000000e+00 |-8.000000e+00 |  12.50%
  632s| 25400 |   148 |  8017k| 315.5 |    79M |  45 |   - |2279 |3328 |2279 | 619 |   0 |  16k|   0 |-9.000000e+00 |-8.000000e+00 |  12.50%
  635s| 25500 |   144 |  8045k| 315.3 |    79M |  45 | 144 |2279 |3362 |2279 | 619 |   0 |  16k|   0 |-9.000000e+00 |-8.000000e+00 |  12.50%
  637s| 25600 |   142 |  8074k| 315.3 |    79M |  45 |   - |2279 |3371 |2279 | 619 |   0 |  16k|   0 |-9.000000e+00 |-8.000000e+00 |  12.50%
  640s| 25700 |   145 |  8100k| 315.0 |    79M |  45 |   - |2279 |3376 |2279 | 619 |   0 |  16k|   0 |-9.000000e+00 |-8.000000e+00 |  12.50%
  642s| 25800 |   145 |  8123k| 314.7 |    79M |  45 | 145 |2279 |3418 |2279 | 619 |   0 |  16k|   0 |-9.000000e+00 |-8.000000e+00 |  12.50%
  644s| 25900 |   139 |  8151k| 314.6 |    79M |  45 |   - |2279 |3451 |2279 | 619 |   0 |  16k|   0 |-9.000000e+00 |-8.000000e+00 |  12.50%
  645s| 26000 |   137 |  8174k| 314.2 |    79M |  45 |   - |2279 |3529 |2279 | 619 |   0 |  17k|   0 |-9.000000e+00 |-8.000000e+00 |  12.50%
  647s| 26100 |   137 |  8197k| 313.9 |    79M |  45 | 138 |2279 |3497 |2279 | 619 |   0 |  17k|   0 |-9.000000e+00 |-8.000000e+00 |  12.50%
  651s| 26200 |   136 |  8226k| 313.8 |    79M |  45 |   - |2279 |3391 |2279 | 619 |   0 |  17k|   0 |-9.000000e+00 |-8.000000e+00 |  12.50%
  653s| 26300 |   142 |  8261k| 314.0 |    80M |  45 |   - |2279 |3376 |2279 | 619 |   0 |  17k|   0 |-9.000000e+00 |-8.000000e+00 |  12.50%
  655s| 26400 |   136 |  8293k| 314.0 |    80M |  45 |   - |2279 |3356 |2279 | 619 |   0 |  17k|   0 |-9.000000e+00 |-8.000000e+00 |  12.50%
  657s| 26500 |   138 |  8319k| 313.8 |    80M |  45 |   - |2279 |3419 |2279 | 619 |   0 |  17k|   0 |-9.000000e+00 |-8.000000e+00 |  12.50%
  659s| 26600 |   154 |  8350k| 313.8 |    80M |  45 | 120 |2279 |3399 |2279 | 619 |   0 |  17k|   0 |-9.000000e+00 |-8.000000e+00 |  12.50%
 time | node  | left  |LP iter|LP it/n|mem/heur|mdpt |frac |vars |cons |cols |rows |cuts |confs|strbr|  dualbound   | primalbound  |  gap   
  660s| 26700 |   140 |  8385k| 313.9 |    80M |  45 |   - |2279 |3414 |2279 | 619 |   0 |  17k|   0 |-9.000000e+00 |-8.000000e+00 |  12.50%
  663s| 26800 |   138 |  8423k| 314.2 |    80M |  45 | 155 |2279 |3400 |2279 | 619 |   0 |  17k|   0 |-9.000000e+00 |-8.000000e+00 |  12.50%
  665s| 26900 |   140 |  8471k| 314.8 |    80M |  45 | 133 |2279 |3419 |2279 | 619 |   0 |  17k|   0 |-9.000000e+00 |-8.000000e+00 |  12.50%
  668s| 27000 |   134 |  8507k| 314.9 |    80M |  45 |   - |2279 |3456 |2279 | 619 |   0 |  17k|   0 |-9.000000e+00 |-8.000000e+00 |  12.50%
  670s| 27100 |   134 |  8540k| 315.0 |    80M |  45 |   - |2279 |3459 |2279 | 619 |   0 |  17k|   0 |-9.000000e+00 |-8.000000e+00 |  12.50%
  673s| 27200 |   138 |  8573k| 315.1 |    80M |  45 |   - |2279 |3492 |   0 |   0 |   0 |  17k|   0 |-9.000000e+00 |-8.000000e+00 |  12.50%
  676s| 27300 |   142 |  8611k| 315.3 |    80M |  45 |  87 |2279 |3540 |2279 | 619 |   0 |  17k|   0 |-9.000000e+00 |-8.000000e+00 |  12.50%
  679s| 27400 |   130 |  8645k| 315.4 |    80M |  45 |   - |2279 |3527 |2279 | 619 |   0 |  17k|   0 |-9.000000e+00 |-8.000000e+00 |  12.50%
  680s| 27500 |   133 |  8671k| 315.2 |    80M |  45 |   - |2279 |3566 |2279 | 619 |   0 |  17k|   0 |-9.000000e+00 |-8.000000e+00 |  12.50%
  682s| 27600 |   121 |  8702k| 315.2 |    80M |  45 |   - |2279 |3546 |2279 | 619 |   0 |  17k|   0 |-9.000000e+00 |-8.000000e+00 |  12.50%
  684s| 27700 |   127 |  8730k| 315.0 |    80M |  45 | 148 |2279 |3554 |2279 | 619 |   0 |  18k|   0 |-9.000000e+00 |-8.000000e+00 |  12.50%
  686s| 27800 |   143 |  8759k| 314.9 |    80M |  45 |   - |2279 |3580 |2279 | 619 |   0 |  18k|   0 |-9.000000e+00 |-8.000000e+00 |  12.50%
  688s| 27900 |   143 |  8781k| 314.6 |    80M |  45 | 103 |2279 |3601 |2279 | 619 |   0 |  18k|   0 |-9.000000e+00 |-8.000000e+00 |  12.50%
  691s| 28000 |   134 |  8809k| 314.5 |    80M |  45 |   - |2279 |3596 |2279 | 619 |   0 |  18k|   0 |-9.000000e+00 |-8.000000e+00 |  12.50%
  693s| 28100 |   126 |  8840k| 314.5 |    80M |  45 | 139 |2279 |3576 |2279 | 619 |   0 |  18k|   0 |-9.000000e+00 |-8.000000e+00 |  12.50%
 time | node  | left  |LP iter|LP it/n|mem/heur|mdpt |frac |vars |cons |cols |rows |cuts |confs|strbr|  dualbound   | primalbound  |  gap   
  696s| 28200 |   118 |  8874k| 314.6 |    80M |  45 |   - |2279 |3520 |2279 | 619 |   0 |  18k|   0 |-9.000000e+00 |-8.000000e+00 |  12.50%
  699s| 28300 |   111 |  8906k| 314.6 |    80M |  45 |   - |2279 |3541 |   0 |   0 |   0 |  18k|   0 |-9.000000e+00 |-8.000000e+00 |  12.50%
  702s| 28400 |   115 |  8938k| 314.6 |    80M |  45 | 112 |2279 |3424 |2279 | 619 |   0 |  18k|   0 |-9.000000e+00 |-8.000000e+00 |  12.50%
  704s| 28500 |   115 |  8972k| 314.7 |    80M |  45 |   - |2279 |3450 |2279 | 619 |   0 |  18k|   0 |-9.000000e+00 |-8.000000e+00 |  12.50%
  706s| 28600 |   117 |  9004k| 314.7 |    80M |  45 |  59 |2279 |3495 |2279 | 619 |   0 |  18k|   0 |-9.000000e+00 |-8.000000e+00 |  12.50%
  707s| 28700 |   119 |  9029k| 314.5 |    80M |  45 |   - |2279 |3522 |2279 | 619 |   0 |  18k|   0 |-9.000000e+00 |-8.000000e+00 |  12.50%
  709s| 28800 |   119 |  9052k| 314.2 |    80M |  45 |   - |2279 |3569 |2279 | 619 |   0 |  18k|   0 |-9.000000e+00 |-8.000000e+00 |  12.50%
  711s| 28900 |   121 |  9077k| 314.0 |    80M |  45 |   - |2279 |3657 |2279 | 619 |   0 |  18k|   0 |-9.000000e+00 |-8.000000e+00 |  12.50%
  712s| 29000 |   119 |  9108k| 313.9 |    80M |  45 |   - |2279 |3669 |2279 | 619 |   0 |  19k|   0 |-9.000000e+00 |-8.000000e+00 |  12.50%
  713s| 29100 |   117 |  9132k| 313.7 |    80M |  45 | 132 |2279 |3700 |2279 | 619 |   0 |  19k|   0 |-9.000000e+00 |-8.000000e+00 |  12.50%
  715s| 29200 |   117 |  9154k| 313.4 |    80M |  45 |   - |2279 |3726 |2279 | 619 |   0 |  19k|   0 |-9.000000e+00 |-8.000000e+00 |  12.50%
  716s| 29300 |   114 |  9172k| 312.9 |    80M |  45 | 137 |2279 |3736 |2279 | 619 |   0 |  19k|   0 |-9.000000e+00 |-8.000000e+00 |  12.50%
  718s| 29400 |   126 |  9197k| 312.7 |    80M |  45 |   - |2279 |3619 |2279 | 619 |   0 |  19k|   0 |-9.000000e+00 |-8.000000e+00 |  12.50%
  720s| 29500 |   116 |  9223k| 312.5 |    80M |  45 | 115 |2279 |3605 |2279 | 619 |   0 |  19k|   0 |-9.000000e+00 |-8.000000e+00 |  12.50%
  723s| 29600 |   122 |  9256k| 312.6 |    80M |  45 |  76 |2279 |3593 |2279 | 619 |   0 |  19k|   0 |-9.000000e+00 |-8.000000e+00 |  12.50%
 time | node  | left  |LP iter|LP it/n|mem/heur|mdpt |frac |vars |cons |cols |rows |cuts |confs|strbr|  dualbound   | primalbound  |  gap   
  725s| 29700 |   123 |  9284k| 312.5 |    80M |  45 |   - |2279 |3609 |2279 | 619 |   0 |  19k|   0 |-9.000000e+00 |-8.000000e+00 |  12.50%
  727s| 29800 |   123 |  9315k| 312.5 |    80M |  45 | 122 |2279 |3704 |2279 | 619 |   0 |  19k|   0 |-9.000000e+00 |-8.000000e+00 |  12.50%
  729s| 29900 |   121 |  9344k| 312.4 |    80M |  45 | 163 |2279 |3479 |2279 | 619 |   0 |  19k|   0 |-9.000000e+00 |-8.000000e+00 |  12.50%
  731s| 30000 |   125 |  9374k| 312.3 |    80M |  45 | 157 |2279 |3466 |2279 | 619 |   0 |  19k|   0 |-9.000000e+00 |-8.000000e+00 |  12.50%
  733s| 30100 |   127 |  9407k| 312.4 |    80M |  45 |  74 |2279 |3428 |2279 | 619 |   0 |  19k|   0 |-9.000000e+00 |-8.000000e+00 |  12.50%
  735s| 30200 |   115 |  9432k| 312.2 |    80M |  45 |   - |2279 |3456 |2279 | 619 |   0 |  20k|   0 |-9.000000e+00 |-8.000000e+00 |  12.50%
  737s| 30300 |   117 |  9468k| 312.4 |    80M |  45 | 101 |2279 |3481 |2279 | 619 |   0 |  20k|   0 |-9.000000e+00 |-8.000000e+00 |  12.50%
  740s| 30400 |   111 |  9501k| 312.4 |    80M |  45 |   - |2279 |3529 |2279 | 619 |   0 |  20k|   0 |-9.000000e+00 |-8.000000e+00 |  12.50%
  742s| 30500 |   123 |  9535k| 312.5 |    80M |  45 | 103 |2279 |3479 |2279 | 619 |   0 |  20k|   0 |-9.000000e+00 |-8.000000e+00 |  12.50%
  744s| 30600 |   115 |  9567k| 312.5 |    80M |  45 |   - |2279 |3526 |2279 | 619 |   0 |  20k|   0 |-9.000000e+00 |-8.000000e+00 |  12.50%
  747s| 30700 |   125 |  9604k| 312.7 |    80M |  45 | 114 |2279 |3534 |2279 | 619 |   0 |  20k|   0 |-9.000000e+00 |-8.000000e+00 |  12.50%
  749s| 30800 |   129 |  9639k| 312.8 |    80M |  45 | 130 |2279 |3571 |2279 | 619 |   0 |  20k|   0 |-9.000000e+00 |-8.000000e+00 |  12.50%
  751s| 30900 |   115 |  9680k| 313.2 |    80M |  45 | 105 |2279 |3581 |2279 | 619 |   0 |  20k|   0 |-9.000000e+00 |-8.000000e+00 |  12.50%
  753s| 31000 |   119 |  9710k| 313.1 |    80M |  45 | 116 |2279 |3617 |2279 | 619 |   0 |  20k|   0 |-9.000000e+00 |-8.000000e+00 |  12.50%
  755s| 31100 |   115 |  9737k| 313.0 |    80M |  45 |   - |2279 |3652 |2279 | 619 |   0 |  20k|   0 |-9.000000e+00 |-8.000000e+00 |  12.50%
 time | node  | left  |LP iter|LP it/n|mem/heur|mdpt |frac |vars |cons |cols |rows |cuts |confs|strbr|  dualbound   | primalbound  |  gap   
  756s| 31200 |   117 |  9766k| 312.9 |    80M |  45 |   - |2279 |3648 |2279 | 619 |   0 |  20k|   0 |-9.000000e+00 |-8.000000e+00 |  12.50%
  759s| 31300 |   113 |  9795k| 312.8 |    80M |  45 |  97 |2279 |3697 |2279 | 619 |   0 |  20k|   0 |-9.000000e+00 |-8.000000e+00 |  12.50%
  760s| 31400 |   111 |  9815k| 312.5 |    80M |  45 |   - |2279 |3760 |2279 | 619 |   0 |  20k|   0 |-9.000000e+00 |-8.000000e+00 |  12.50%
  762s| 31500 |   107 |  9839k| 312.2 |    80M |  45 |   - |2279 |3790 |2279 | 619 |   0 |  21k|   0 |-9.000000e+00 |-8.000000e+00 |  12.50%
  763s| 31600 |   117 |  9862k| 312.0 |    80M |  45 |   - |2279 |3878 |2279 | 619 |   0 |  21k|   0 |-9.000000e+00 |-8.000000e+00 |  12.50%
  765s| 31700 |   107 |  9899k| 312.2 |    80M |  45 | 117 |2279 |3852 |2279 | 619 |   0 |  21k|   0 |-9.000000e+00 |-8.000000e+00 |  12.50%
  767s| 31800 |   109 |  9927k| 312.1 |    80M |  45 |  98 |2279 |3851 |2279 | 619 |   0 |  21k|   0 |-9.000000e+00 |-8.000000e+00 |  12.50%
  769s| 31900 |   107 |  9955k| 311.9 |    80M |  45 |   - |2279 |3851 |2279 | 619 |   0 |  21k|   0 |-9.000000e+00 |-8.000000e+00 |  12.50%
  772s| 32000 |   105 |  9983k| 311.9 |    80M |  45 | 150 |2279 |3794 |2279 | 619 |   0 |  21k|   0 |-9.000000e+00 |-8.000000e+00 |  12.50%
  775s| 32100 |   107 | 10004k| 311.5 |    80M |  45 | 154 |2279 |3387 |2279 | 619 |   0 |  21k|   0 |-9.000000e+00 |-8.000000e+00 |  12.50%
  777s| 32200 |    98 | 10029k| 311.3 |    80M |  45 | 132 |2279 |3157 |2279 | 619 |   0 |  21k|   0 |-9.000000e+00 |-8.000000e+00 |  12.50%
  779s| 32300 |   100 | 10058k| 311.3 |    80M |  45 |   - |2279 |3066 |2279 | 619 |   0 |  21k|   0 |-9.000000e+00 |-8.000000e+00 |  12.50%
  781s| 32400 |   108 | 10085k| 311.2 |    80M |  45 | 132 |2279 |3065 |2279 | 619 |   0 |  21k|   0 |-9.000000e+00 |-8.000000e+00 |  12.50%
  782s| 32500 |    98 | 10110k| 311.0 |    80M |  45 |  83 |2279 |3118 |2279 | 619 |   0 |  21k|   0 |-9.000000e+00 |-8.000000e+00 |  12.50%
  784s| 32600 |    98 | 10136k| 310.8 |    80M |  45 |   - |2279 |3163 |2279 | 619 |   0 |  21k|   0 |-9.000000e+00 |-8.000000e+00 |  12.50%
 time | node  | left  |LP iter|LP it/n|mem/heur|mdpt |frac |vars |cons |cols |rows |cuts |confs|strbr|  dualbound   | primalbound  |  gap   
  785s| 32700 |    99 | 10157k| 310.5 |    80M |  45 |   - |2279 |3211 |2279 | 619 |   0 |  21k|   0 |-9.000000e+00 |-8.000000e+00 |  12.50%
  787s| 32800 |    91 | 10184k| 310.4 |    80M |  45 |   - |2279 |2990 |2279 | 619 |   0 |  22k|   0 |-9.000000e+00 |-8.000000e+00 |  12.50%
  791s| 32900 |    87 | 10214k| 310.3 |    80M |  45 |   - |2279 |2879 |2279 | 619 |   0 |  22k|   0 |-9.000000e+00 |-8.000000e+00 |  12.50%
  794s| 33000 |    74 | 10236k| 310.1 |    80M |  45 | 137 |2279 |2815 |2279 | 619 |   0 |  22k|   0 |-9.000000e+00 |-8.000000e+00 |  12.50%
  797s| 33100 |    79 | 10262k| 309.9 |    80M |  45 |   - |2279 |2699 |2279 | 619 |   0 |  22k|   0 |-9.000000e+00 |-8.000000e+00 |  12.50%
  799s| 33200 |    75 | 10290k| 309.8 |    80M |  45 |   - |2279 |2677 |2279 | 619 |   0 |  22k|   0 |-9.000000e+00 |-8.000000e+00 |  12.50%
  801s| 33300 |    83 | 10320k| 309.8 |    80M |  45 |   - |2279 |2700 |2279 | 619 |   0 |  22k|   0 |-9.000000e+00 |-8.000000e+00 |  12.50%
  803s| 33400 |   101 | 10350k| 309.8 |    80M |  45 |   - |2279 |2800 |2279 | 619 |   0 |  22k|   0 |-9.000000e+00 |-8.000000e+00 |  12.50%
  805s| 33500 |    82 | 10384k| 309.9 |    80M |  45 |   - |2279 |2909 |2279 | 619 |   0 |  22k|   0 |-9.000000e+00 |-8.000000e+00 |  12.50%
  806s| 33600 |    76 | 10410k| 309.7 |    80M |  45 |   - |2279 |2886 |2279 | 619 |   0 |  22k|   0 |-9.000000e+00 |-8.000000e+00 |  12.50%
  809s| 33700 |    78 | 10438k| 309.6 |    80M |  45 |   - |2279 |2934 |2279 | 619 |   0 |  22k|   0 |-9.000000e+00 |-8.000000e+00 |  12.50%
  811s| 33800 |    70 | 10464k| 309.5 |    80M |  45 | 205 |2279 |2875 |2279 | 619 |   0 |  22k|   0 |-9.000000e+00 |-8.000000e+00 |  12.50%
  814s| 33900 |    72 | 10493k| 309.4 |    81M |  45 | 132 |2279 |2816 |2279 | 619 |   0 |  22k|   0 |-9.000000e+00 |-8.000000e+00 |  12.50%
  816s| 34000 |    70 | 10518k| 309.2 |    81M |  45 |   - |2279 |2846 |   0 |   0 |   0 |  22k|   0 |-9.000000e+00 |-8.000000e+00 |  12.50%
  820s| 34100 |    78 | 10548k| 309.2 |    81M |  45 | 152 |2279 |2723 |2279 | 619 |   0 |  22k|   0 |-9.000000e+00 |-8.000000e+00 |  12.50%
 time | node  | left  |LP iter|LP it/n|mem/heur|mdpt |frac |vars |cons |cols |rows |cuts |confs|strbr|  dualbound   | primalbound  |  gap   
  823s| 34200 |    70 | 10586k| 309.4 |    81M |  45 | 156 |2279 |2667 |2279 | 619 |   0 |  23k|   0 |-9.000000e+00 |-8.000000e+00 |  12.50%
  825s| 34300 |    86 | 10610k| 309.2 |    81M |  45 | 152 |2279 |2665 |2279 | 619 |   0 |  23k|   0 |-9.000000e+00 |-8.000000e+00 |  12.50%
  828s| 34400 |    69 | 10644k| 309.3 |    81M |  45 | 164 |2279 |2686 |2279 | 619 |   0 |  23k|   0 |-9.000000e+00 |-8.000000e+00 |  12.50%
  830s| 34500 |    75 | 10670k| 309.2 |    81M |  45 | 141 |2279 |2707 |2279 | 619 |   0 |  23k|   0 |-9.000000e+00 |-8.000000e+00 |  12.50%
  833s| 34600 |    79 | 10705k| 309.3 |    81M |  45 |  88 |2279 |2730 |2279 | 619 |   0 |  23k|   0 |-9.000000e+00 |-8.000000e+00 |  12.50%
  835s| 34700 |    97 | 10740k| 309.4 |    81M |  45 |   - |2279 |2754 |2279 | 619 |   0 |  23k|   0 |-9.000000e+00 |-8.000000e+00 |  12.50%
  837s| 34800 |    89 | 10768k| 309.3 |    81M |  45 |   - |2279 |2760 |2279 | 619 |   0 |  23k|   0 |-9.000000e+00 |-8.000000e+00 |  12.50%
  838s| 34900 |    89 | 10798k| 309.3 |    81M |  45 |   - |2279 |2807 |2279 | 619 |   0 |  23k|   0 |-9.000000e+00 |-8.000000e+00 |  12.50%
  841s| 35000 |    83 | 10832k| 309.4 |    81M |  45 |   - |2279 |2879 |   0 |   0 |   0 |  23k|   0 |-9.000000e+00 |-8.000000e+00 |  12.50%
  842s| 35100 |    84 | 10861k| 309.3 |    81M |  45 |   - |2279 |2893 |2279 | 619 |   0 |  23k|   0 |-9.000000e+00 |-8.000000e+00 |  12.50%
  844s| 35200 |    80 | 10890k| 309.3 |    81M |  45 | 147 |2279 |2916 |2279 | 619 |   0 |  23k|   0 |-9.000000e+00 |-8.000000e+00 |  12.50%
  847s| 35300 |    80 | 10917k| 309.2 |    81M |  45 |   - |2279 |2952 |2279 | 619 |   0 |  23k|   0 |-9.000000e+00 |-8.000000e+00 |  12.50%
  849s| 35400 |    70 | 10943k| 309.0 |    81M |  45 |   - |2279 |2975 |   0 |   0 |   0 |  23k|   0 |-9.000000e+00 |-8.000000e+00 |  12.50%
  850s| 35500 |    70 | 10974k| 309.0 |    81M |  45 | 163 |2279 |3007 |2279 | 619 |   0 |  23k|   0 |-9.000000e+00 |-8.000000e+00 |  12.50%
  852s| 35600 |    82 | 10999k| 308.9 |    81M |  45 | 126 |2279 |3049 |2279 | 619 |   0 |  23k|   0 |-9.000000e+00 |-8.000000e+00 |  12.50%
 time | node  | left  |LP iter|LP it/n|mem/heur|mdpt |frac |vars |cons |cols |rows |cuts |confs|strbr|  dualbound   | primalbound  |  gap   
  854s| 35700 |    78 | 11029k| 308.8 |    81M |  45 | 143 |2279 |3073 |2279 | 619 |   0 |  24k|   0 |-9.000000e+00 |-8.000000e+00 |  12.50%
  855s| 35800 |    74 | 11054k| 308.7 |    81M |  45 |  83 |2279 |3166 |2279 | 619 |   0 |  24k|   0 |-9.000000e+00 |-8.000000e+00 |  12.50%
  857s| 35900 |    70 | 11083k| 308.6 |    81M |  45 | 134 |2279 |3075 |2279 | 619 |   0 |  24k|   0 |-9.000000e+00 |-8.000000e+00 |  12.50%
  859s| 36000 |    68 | 11108k| 308.5 |    81M |  45 | 129 |2279 |3135 |2279 | 619 |   0 |  24k|   0 |-9.000000e+00 |-8.000000e+00 |  12.50%
  860s| 36100 |    76 | 11132k| 308.3 |    81M |  45 |   - |2279 |3140 |2279 | 619 |   0 |  24k|   0 |-9.000000e+00 |-8.000000e+00 |  12.50%
  862s| 36200 |    76 | 11158k| 308.1 |    81M |  45 |  83 |2279 |3160 |2279 | 619 |   0 |  24k|   0 |-9.000000e+00 |-8.000000e+00 |  12.50%
  864s| 36300 |    70 | 11188k| 308.1 |    81M |  45 | 117 |2279 |3181 |2279 | 619 |   0 |  24k|   0 |-9.000000e+00 |-8.000000e+00 |  12.50%
  865s| 36400 |    62 | 11215k| 308.0 |    81M |  45 |   - |2279 |3152 |2279 | 619 |   0 |  24k|   0 |-9.000000e+00 |-8.000000e+00 |  12.50%
  868s| 36500 |    74 | 11241k| 307.9 |    81M |  45 | 147 |2279 |3129 |2279 | 619 |   0 |  24k|   0 |-9.000000e+00 |-8.000000e+00 |  12.50%
  869s| 36600 |    74 | 11266k| 307.7 |    81M |  45 | 155 |2279 |3145 |2279 | 619 |   0 |  24k|   0 |-9.000000e+00 |-8.000000e+00 |  12.50%
  871s| 36700 |    76 | 11294k| 307.6 |    81M |  45 |   - |2279 |3199 |2279 | 619 |   0 |  24k|   0 |-9.000000e+00 |-8.000000e+00 |  12.50%
  873s| 36800 |    76 | 11327k| 307.7 |    81M |  45 | 139 |2279 |3245 |2279 | 619 |   0 |  24k|   0 |-9.000000e+00 |-8.000000e+00 |  12.50%
  874s| 36900 |    71 | 11357k| 307.7 |    81M |  45 | 122 |2279 |3373 |2279 | 619 |   0 |  25k|   0 |-9.000000e+00 |-8.000000e+00 |  12.50%
  876s| 37000 |    81 | 11383k| 307.6 |    81M |  45 | 152 |2279 |3393 |2279 | 619 |   0 |  25k|   0 |-9.000000e+00 |-8.000000e+00 |  12.50%
  878s| 37100 |    79 | 11410k| 307.5 |    81M |  45 | 138 |2279 |3426 |2279 | 619 |   0 |  25k|   0 |-9.000000e+00 |-8.000000e+00 |  12.50%
 time | node  | left  |LP iter|LP it/n|mem/heur|mdpt |frac |vars |cons |cols |rows |cuts |confs|strbr|  dualbound   | primalbound  |  gap   
  880s| 37200 |    79 | 11444k| 307.5 |    81M |  45 | 113 |2279 |3424 |2279 | 619 |   0 |  25k|   0 |-9.000000e+00 |-8.000000e+00 |  12.50%
  881s| 37300 |    73 | 11478k| 307.6 |    81M |  45 |  99 |2279 |3425 |2279 | 619 |   0 |  25k|   0 |-9.000000e+00 |-8.000000e+00 |  12.50%
  883s| 37400 |    69 | 11507k| 307.6 |    81M |  45 | 130 |2279 |3457 |2279 | 619 |   0 |  25k|   0 |-9.000000e+00 |-8.000000e+00 |  12.50%
  885s| 37500 |    67 | 11539k| 307.6 |    81M |  45 | 137 |2279 |3352 |2279 | 619 |   0 |  25k|   0 |-9.000000e+00 |-8.000000e+00 |  12.50%
  887s| 37600 |    71 | 11563k| 307.4 |    81M |  45 | 137 |2279 |3331 |2279 | 619 |   0 |  25k|   0 |-9.000000e+00 |-8.000000e+00 |  12.50%
  889s| 37700 |    69 | 11587k| 307.3 |    81M |  45 |   - |2279 |3388 |2279 | 619 |   0 |  25k|   0 |-9.000000e+00 |-8.000000e+00 |  12.50%
  891s| 37800 |    63 | 11616k| 307.2 |    81M |  45 |   - |2279 |3432 |2279 | 619 |   0 |  25k|   0 |-9.000000e+00 |-8.000000e+00 |  12.50%
  894s| 37900 |    60 | 11644k| 307.1 |    81M |  45 |   - |2279 |3313 |2279 | 619 |   0 |  25k|   0 |-9.000000e+00 |-8.000000e+00 |  12.50%
  896s| 38000 |    58 | 11674k| 307.1 |    81M |  45 | 108 |2279 |3343 |2279 | 619 |   0 |  25k|   0 |-9.000000e+00 |-8.000000e+00 |  12.50%
  899s| 38100 |    54 | 11699k| 307.0 |    81M |  45 |   - |2279 |3304 |2279 | 619 |   0 |  25k|   0 |-9.000000e+00 |-8.000000e+00 |  12.50%
  901s| 38200 |    52 | 11726k| 306.9 |    82M |  45 | 149 |2279 |3318 |2279 | 619 |   0 |  25k|   0 |-9.000000e+00 |-8.000000e+00 |  12.50%
  903s| 38300 |    61 | 11751k| 306.7 |    82M |  45 |   - |2279 |3224 |2279 | 619 |   0 |  26k|   0 |-9.000000e+00 |-8.000000e+00 |  12.50%
  905s| 38400 |    51 | 11777k| 306.6 |    82M |  45 |   - |2279 |3255 |2279 | 619 |   0 |  26k|   0 |-9.000000e+00 |-8.000000e+00 |  12.50%
  906s| 38500 |    49 | 11796k| 306.3 |    82M |  45 |   - |2279 |3298 |2279 | 619 |   0 |  26k|   0 |-9.000000e+00 |-8.000000e+00 |  12.50%
  908s| 38600 |    51 | 11821k| 306.2 |    82M |  45 | 142 |2279 |3314 |2279 | 619 |   0 |  26k|   0 |-9.000000e+00 |-8.000000e+00 |  12.50%
 time | node  | left  |LP iter|LP it/n|mem/heur|mdpt |frac |vars |cons |cols |rows |cuts |confs|strbr|  dualbound   | primalbound  |  gap   
  910s| 38700 |    43 | 11847k| 306.0 |    82M |  45 | 200 |2279 |3302 |2279 | 619 |   0 |  26k|   0 |-9.000000e+00 |-8.000000e+00 |  12.50%
  914s| 38800 |    59 | 11871k| 305.8 |    82M |  45 |   - |2279 |3271 |2279 | 619 |   0 |  26k|   0 |-9.000000e+00 |-8.000000e+00 |  12.50%
  917s| 38900 |    53 | 11894k| 305.7 |    82M |  45 |   - |2279 |3327 |2279 | 619 |   0 |  26k|   0 |-9.000000e+00 |-8.000000e+00 |  12.50%
  919s| 39000 |    45 | 11920k| 305.5 |    82M |  45 | 150 |2279 |3349 |2279 | 619 |   0 |  26k|   0 |-9.000000e+00 |-8.000000e+00 |  12.50%
  922s| 39100 |    41 | 11949k| 305.5 |    82M |  45 |   - |2279 |3318 |2279 | 619 |   0 |  26k|   0 |-9.000000e+00 |-8.000000e+00 |  12.50%
  924s| 39200 |    37 | 11971k| 305.3 |    82M |  45 | 179 |2279 |3277 |2279 | 619 |   0 |  26k|   0 |-9.000000e+00 |-8.000000e+00 |  12.50%
  927s| 39300 |    30 | 11999k| 305.2 |    82M |  45 |   - |2279 |3265 |   0 |   0 |   0 |  26k|   0 |-9.000000e+00 |-8.000000e+00 |  12.50%
  930s| 39400 |    14 | 12024k| 305.1 |    82M |  45 |   - |2279 |3149 |2279 | 619 |   0 |  26k|   0 |-9.000000e+00 |-8.000000e+00 |  12.50%

SCIP Status        : problem is solved [optimal solution found]
Solving Time (sec) : 931.24
Solving Nodes      : 39413
Primal Bound       : -8.00000000000000e+00 (1 solutions)
Dual Bound         : -8.00000000000000e+00
Gap                : 0.00 %

Number of variables fixed to 0 by isomorphism pruning:	122613
Number of variables fixed to 1 by isomorphism pruning:	  1260
@04 1686567750
