FILENAME:   /home/mcs001/s132664/testsets/IP/miplib2017/8div-n59k10.mps.gz
SETTINGS:   settings_isopr_ostrowskidynamicbranching_avoidsubtreenodes
TIMELIMIT:  7200
OUTPUTNAME: final_miplib_symretope_if_extended_generating_set_cpx_v802__settings_isopr_ostrowskidynamicbranching_avoidsubtreenodes__1__
BINNAME:    bin/symmetries.linux.x86_64.gnu.opt.cpx
BASENAME:   8div-n59k10.mps.gz
SEED:       1
@01 /home/mcs001/s132664/testsets/IP/miplib2017/8div-n59k10.mps.gz ===========
@02 8div-n59k10.mps.gz
@03 1686574090
SCIP version 8.0.2 [precision: 8 byte] [memory: block] [mode: optimized] [LP solver: CPLEX 20.1.0.0] [GitHash: 5f0473c]
Copyright (C) 2002-2022 Konrad-Zuse-Zentrum fuer Informationstechnik Berlin (ZIB)

Symmetry handling routines - (c) Marc Pfetsch, Thomas Rehn, Christopher Hojny.
[GitHash: a1587cb]


Turned off presolver <gateextraction>.
reading parameter file <../settings/settings_isopr_ostrowskidynamicbranching_avoidsubtreenodes.set> ...

Changed settings:
limits/time = 7200
limits/restarts = 0
randomization/randomseedshift = 1
constraints/orbitope/sepafreq = -1
constraints/orbitope/propfreq = 1
presolving/gateextraction/maxrounds = 0
propagating/isoprune/avoidsubtreenodes = TRUE
useisoprune = TRUE


solving problem ...

original problem has 6143 variables (6138 bin, 5 int, 0 impl, 0 cont) and 2065 constraints
presolving:
(round 1, fast)       10 del vars, 10 del conss, 2 add conss, 21 chg bounds, 0 chg sides, 0 chg coeffs, 0 upgd conss, 0 impls, 1023 clqs
(round 2, fast)       10 del vars, 10 del conss, 2 add conss, 21 chg bounds, 4 chg sides, 6 chg coeffs, 0 upgd conss, 0 impls, 1023 clqs
(round 3, exhaustive) 10 del vars, 11 del conss, 2 add conss, 21 chg bounds, 6 chg sides, 6 chg coeffs, 0 upgd conss, 0 impls, 1023 clqs
(round 4, exhaustive) 10 del vars, 11 del conss, 2 add conss, 21 chg bounds, 6 chg sides, 6 chg coeffs, 1023 upgd conss, 0 impls, 1023 clqs
   (0.9s) probing: 1000/6128 (16.3%) - 0 fixings, 0 aggregations, 999 implications, 0 bound changes
   (0.9s) probing: 1001/6128 (16.3%) - 0 fixings, 0 aggregations, 1000 implications, 0 bound changes
   (0.9s) probing aborted: 1000/1000 successive useless probings
Required symmetry:			(1 bin, 0 int, 0 cont); (fixed: 0 bin, 1 int, 0 cont)
Time for symmetry detection:		1.01 	(matrix graph, 15373 nodes, 1068048 edges)
Number of generators:			9 	(max: 1500)
Log10 of symmetry group order:		6.6
Number of vars moved by some symmetry:	6122
Total time for symmetry detection:	1.02

Turned off presolver <domcol>.
Turned off presolver <components>.

presolving (5 rounds: 5 fast, 3 medium, 3 exhaustive):
 10 deleted vars, 11 deleted constraints, 2 added constraints, 21 tightened bounds, 0 added holes, 6 changed sides, 6 changed coefficients
 1000 implications, 1023 cliques
presolved problem has 6133 variables (6128 bin, 5 int, 0 impl, 0 cont) and 2057 constraints
   1023 constraints of type <setppc>
   1033 constraints of type <linear>
      1 constraints of type <symmetries>
transformed objective value is always integral (scale: 1)
Presolving Time: 1.79

 time | node  | left  |LP iter|LP it/n|mem/heur|mdpt |frac |vars |cons |cols |rows |cuts |confs|strbr|  dualbound   | primalbound  |  gap   
  3.8s|     1 |     0 |   143 |     - |   238M |   0 |1732 |6133 |2058 |6133 |2056 |   0 |   3 |   0 |-7.090000e+02 |      --      |    Inf 
 39.9s|     1 |     0 |  5255 |     - |   238M |   0 |1732 |6133 |2063 |6133 |2056 |   0 |   8 |   0 |-7.090000e+02 |      --      |    Inf 
 40.4s|     1 |     0 |  5255 |     - |   238M |   0 |1732 |6133 |2063 |6133 |2056 |   0 |   8 |   0 |-7.090000e+02 |      --      |    Inf 
 41.2s|     1 |     0 |  5255 |     - |   239M |   0 |1732 |6133 |2065 |6133 |2058 |   0 |   8 |   0 |-7.090000e+02 |      --      |    Inf 
 70.7s|     1 |     2 |  5255 |     - |   240M |   0 |1732 |6133 |2065 |6133 |2058 |   0 |   8 |  12 |-7.090000e+02 |      --      |    Inf 
 2156s|   100 |    99 |438760 |4379.9 |   244M |  23 |1765 |6133 |2151 |6133 |2055 |   0 | 102 | 317 |-7.090000e+02 |      --      |    Inf 
 2699s|   200 |   197 |592796 |2953.0 |   246M |  29 |1747 |6133 |2204 |6133 |2055 |   0 | 159 | 317 |-7.090000e+02 |      --      |    Inf 
 4108s|   300 |   287 |811309 |2696.2 |   247M |  29 |1742 |6133 |2273 |6133 |2055 |   0 | 231 | 673 |-7.090000e+02 |      --      |    Inf 
 5738s|   400 |   371 |  1168k|2916.0 |   248M |  29 |1728 |6133 |2293 |6133 |2055 |   0 | 251 | 879 |-7.090000e+02 |      --      |    Inf 

SCIP Status        : solving was interrupted [time limit reached]
Solving Time (sec) : 7200.04
Solving Nodes      : 500
Primal Bound       : +1.00000000000000e+20 (0 solutions)
Dual Bound         : -7.09000000000000e+02
Gap                : infinite

Number of variables fixed to 0 by isomorphism pruning:	  2109
Number of variables fixed to 1 by isomorphism pruning:	     0
@04 1686581291
