FILENAME:   /home/mcs001/s132664/testsets/IP/miplib2017/graph20-80-1rand.mps.gz
SETTINGS:   settings_isopr_ostrowskidynamicbranching_avoidsubtreenodes
TIMELIMIT:  7200
OUTPUTNAME: final_miplib_symretope_if_extended_generating_set_cpx_v802__settings_isopr_ostrowskidynamicbranching_avoidsubtreenodes__1__
BINNAME:    bin/symmetries.linux.x86_64.gnu.opt.cpx
BASENAME:   graph20-80-1rand.mps.gz
SEED:       1
@01 /home/mcs001/s132664/testsets/IP/miplib2017/graph20-80-1rand.mps.gz ===========
@02 graph20-80-1rand.mps.gz
@03 1686574181
SCIP version 8.0.2 [precision: 8 byte] [memory: block] [mode: optimized] [LP solver: CPLEX 20.1.0.0] [GitHash: 5f0473c]
Copyright (C) 2002-2022 Konrad-Zuse-Zentrum fuer Informationstechnik Berlin (ZIB)

Symmetry handling routines - (c) Marc Pfetsch, Thomas Rehn, Christopher Hojny.
[GitHash: a1587cb]


Turned off presolver <gateextraction>.
reading parameter file <../settings/settings_isopr_ostrowskidynamicbranching_avoidsubtreenodes.set> ...

Changed settings:
limits/time = 7200
limits/restarts = 0
randomization/randomseedshift = 1
constraints/orbitope/sepafreq = -1
constraints/orbitope/propfreq = 1
presolving/gateextraction/maxrounds = 0
propagating/isoprune/avoidsubtreenodes = TRUE
useisoprune = TRUE


solving problem ...

original problem has 16263 variables (16263 bin, 0 int, 0 impl, 0 cont) and 55107 constraints
presolving:
(round 1, fast)       117 del vars, 117 del conss, 0 add conss, 117 chg bounds, 0 chg sides, 0 chg coeffs, 0 upgd conss, 0 impls, 117 clqs
(round 2, fast)       117 del vars, 3393 del conss, 0 add conss, 117 chg bounds, 0 chg sides, 0 chg coeffs, 0 upgd conss, 0 impls, 3393 clqs
(round 3, medium)     1755 del vars, 3393 del conss, 0 add conss, 117 chg bounds, 0 chg sides, 0 chg coeffs, 0 upgd conss, 0 impls, 117 clqs
(round 4, fast)       1755 del vars, 6669 del conss, 0 add conss, 117 chg bounds, 0 chg sides, 234 chg coeffs, 0 upgd conss, 0 impls, 117 clqs
(round 5, exhaustive) 1755 del vars, 6669 del conss, 0 add conss, 117 chg bounds, 0 chg sides, 234 chg coeffs, 48438 upgd conss, 0 impls, 117 clqs
(round 6, medium)     1872 del vars, 6669 del conss, 0 add conss, 117 chg bounds, 117 chg sides, 351 chg coeffs, 48438 upgd conss, 0 impls, 115 clqs
   (1.4s) probing: 51/14391 (0.4%) - 0 fixings, 0 aggregations, 0 implications, 0 bound changes
   (1.4s) probing aborted: 50/50 successive totally useless probings
Required symmetry:			(1 bin, 0 int, 0 cont); (fixed: 0 bin, 1 int, 0 cont)
Time for symmetry detection:		6.13 	(matrix graph, 91492 nodes, 341640 edges)
Number of generators:			132 	(max: 1500)
Log10 of symmetry group order:		197.4
Number of vars moved by some symmetry:	14391
Total time for symmetry detection:	6.20

Turned off presolver <domcol>.
Turned off presolver <components>.

presolving (7 rounds: 7 fast, 4 medium, 2 exhaustive):
 1872 deleted vars, 6671 deleted constraints, 0 added constraints, 117 tightened bounds, 0 added holes, 117 changed sides, 1170 changed coefficients
 0 implications, 115 cliques
presolved problem has 14391 variables (14391 bin, 0 int, 0 impl, 0 cont) and 48437 constraints
    115 constraints of type <setppc>
  48321 constraints of type <logicor>
      1 constraints of type <symmetries>
transformed objective value is always integral (scale: 1)
Presolving Time: 7.59

 time | node  | left  |LP iter|LP it/n|mem/heur|mdpt |frac |vars |cons |cols |rows |cuts |confs|strbr|  dualbound   | primalbound  |  gap   
t 7.8s|     1 |     0 |     0 |     - | trivial|   0 |   - |  14k|  48k|   0 |   0 |   0 |   0 |   0 |-1.170000e+02 | 0.000000e+00 |    Inf 
p 8.1s|     1 |     0 |     0 |     - |  clique|   0 |   - |  14k|  48k|  14k|  48k|   0 |   0 |   0 |-1.170000e+02 |-1.000000e+00 |  Large 
 17.4s|     1 |     0 |   280 |     - |   586M |   0 |6540 |  14k|  48k|  14k|  48k|   0 |  11 |   0 |-1.080000e+02 |-1.000000e+00 |  Large 
  347s|     1 |     2 | 12282 |     - |   613M |   0 |6540 |  14k|  48k|  14k|  48k|   0 |  12 |  45 |-1.080000e+02 |-1.000000e+00 |  Large 
d 933s|     9 |    10 |130747 |16308.4 |fracdivi|   5 |   - |  14k|  48k|  14k|  48k|   0 |  14 | 122 |-1.070000e+02 |-2.000000e+00 |5250.00%
d4231s|    13 |    14 |  1611k|134287.7 |linesear|   6 |   - |  14k|  48k|  14k|  48k|   0 |  75 | 177 |-1.050000e+02 |-3.000000e+00 |3400.00%
d6611s|    61 |    60 |  2163k|36060.4 |distribu|  24 |   - |  14k|  48k|  14k|  48k|   0 | 139 | 641 |-1.025000e+02 |-4.000000e+00 |2462.50%

SCIP Status        : solving was interrupted [time limit reached]
Solving Time (sec) : 7200.03
Solving Nodes      : 73
Primal Bound       : -4.00000000000000e+00 (7 solutions)
Dual Bound         : -1.02500000000000e+02
Gap                : 2462.50 %

Number of variables fixed to 0 by isomorphism pruning:	  1276
Number of variables fixed to 1 by isomorphism pruning:	     0
@04 1686581382
