FILENAME:   /home/mcs001/s132664/testsets/IP/miplib2017/wachplan.mps.gz
SETTINGS:   settings_isopr_minimalindexbranching_avoidsubtreenodes
TIMELIMIT:  7200
OUTPUTNAME: final_miplib_symretope_if_extended_generating_set_cpx_v802__settings_isopr_minimalindexbranching_avoidsubtreenodes__4__
BINNAME:    bin/symmetries.linux.x86_64.gnu.opt.cpx
BASENAME:   wachplan.mps.gz
SEED:       4
@01 /home/mcs001/s132664/testsets/IP/miplib2017/wachplan.mps.gz ===========
@02 wachplan.mps.gz
@03 1686573973
SCIP version 8.0.2 [precision: 8 byte] [memory: block] [mode: optimized] [LP solver: CPLEX 20.1.0.0] [GitHash: 5f0473c]
Copyright (C) 2002-2022 Konrad-Zuse-Zentrum fuer Informationstechnik Berlin (ZIB)

Symmetry handling routines - (c) Marc Pfetsch, Thomas Rehn, Christopher Hojny.
[GitHash: a1587cb]


Turned off presolver <gateextraction>.
reading parameter file <../settings/settings_isopr_minimalindexbranching_avoidsubtreenodes.set> ...

Changed settings:
limits/time = 7200
limits/restarts = 0
randomization/randomseedshift = 4
constraints/orbitope/sepafreq = -1
constraints/orbitope/propfreq = 1
presolving/gateextraction/maxrounds = 0
propagating/isoprune/avoidsubtreenodes = TRUE
useisoprune = TRUE
usebranchfirst = TRUE


solving problem ...

original problem has 3361 variables (3360 bin, 1 int, 0 impl, 0 cont) and 1553 constraints
presolving:
(round 1, fast)       1025 del vars, 789 del conss, 0 add conss, 34 chg bounds, 0 chg sides, 0 chg coeffs, 0 upgd conss, 0 impls, 418 clqs
(round 2, fast)       1295 del vars, 831 del conss, 0 add conss, 70 chg bounds, 0 chg sides, 0 chg coeffs, 0 upgd conss, 0 impls, 440 clqs
(round 3, exhaustive) 1296 del vars, 913 del conss, 0 add conss, 70 chg bounds, 56 chg sides, 0 chg coeffs, 0 upgd conss, 0 impls, 440 clqs
(round 4, exhaustive) 1296 del vars, 913 del conss, 0 add conss, 70 chg bounds, 56 chg sides, 0 chg coeffs, 606 upgd conss, 0 impls, 440 clqs
(round 5, medium)     1296 del vars, 943 del conss, 20 add conss, 70 chg bounds, 76 chg sides, 60 chg coeffs, 606 upgd conss, 0 impls, 440 clqs
   (0.5s) probing: 1000/2300 (43.5%) - 19 fixings, 0 aggregations, 93766 implications, 0 bound changes
   (1.1s) probing: 2000/2300 (87.0%) - 19 fixings, 1 aggregations, 224009 implications, 0 bound changes
   (1.3s) probing cycle finished: starting next cycle
(round 6, exhaustive) 1318 del vars, 943 del conss, 20 add conss, 70 chg bounds, 76 chg sides, 60 chg coeffs, 606 upgd conss, 4186 impls, 86605 clqs
(round 7, fast)       1318 del vars, 953 del conss, 20 add conss, 70 chg bounds, 76 chg sides, 87 chg coeffs, 606 upgd conss, 4186 impls, 86605 clqs
(round 8, exhaustive) 1318 del vars, 954 del conss, 20 add conss, 70 chg bounds, 76 chg sides, 87 chg coeffs, 606 upgd conss, 4186 impls, 86605 clqs
(round 9, exhaustive) 1320 del vars, 954 del conss, 20 add conss, 70 chg bounds, 76 chg sides, 87 chg coeffs, 606 upgd conss, 4186 impls, 86605 clqs
   (1.3s) probing: 51/2278 (2.2%) - 19 fixings, 3 aggregations, 262494 implications, 0 bound changes
   (1.3s) probing aborted: 50/50 successive totally useless probings
Required symmetry:			(1 bin, 0 int, 0 cont); (fixed: 0 bin, 1 int, 0 cont)
Time for symmetry detection:		0.01 	(matrix graph, 3780 nodes, 24110 edges)
Number of generators:			5 	(max: 1500)
Order of symmetry group:		72
Log10 of symmetry group order:		1.9
Number of vars moved by some symmetry:	2201
Total time for symmetry detection:	0.01

Turned off presolver <domcol>.
Turned off presolver <components>.

presolving (10 rounds: 10 fast, 7 medium, 6 exhaustive):
 1320 deleted vars, 954 deleted constraints, 20 added constraints, 70 tightened bounds, 0 added holes, 76 changed sides, 87 changed coefficients
 4186 implications, 86605 cliques
presolved problem has 2279 variables (2278 bin, 1 int, 0 impl, 0 cont) and 620 constraints
    168 constraints of type <knapsack>
    392 constraints of type <setppc>
     34 constraints of type <linear>
     25 constraints of type <logicor>
      1 constraints of type <symmetries>
transformed objective value is always integral (scale: 1)
Presolving Time: 1.33

 time | node  | left  |LP iter|LP it/n|mem/heur|mdpt |frac |vars |cons |cols |rows |cuts |confs|strbr|  dualbound   | primalbound  |  gap   
  1.5s|     1 |     0 |   505 |     - |    53M |   0 | 264 |2279 | 752 |2279 | 619 |   0 | 132 |   0 |-9.000000e+00 |      --      |    Inf 
  2.0s|     1 |     0 |  6788 |     - |    54M |   0 | 264 |2279 | 756 |2279 | 619 |   0 | 136 |   0 |-9.000000e+00 |      --      |    Inf 
  2.3s|     1 |     2 |  6788 |     - |    57M |   0 | 264 |2279 | 756 |2279 | 619 |   0 | 136 |   0 |-9.000000e+00 |      --      |    Inf 
  4.6s|   100 |    93 | 22541 | 162.1 |    59M |  35 | 184 |2279 | 773 |2279 | 619 |   0 | 153 |   0 |-9.000000e+00 |      --      |    Inf 
  7.2s|   200 |   183 | 41046 | 173.6 |    61M |  35 | 198 |2279 | 809 |2279 | 619 |   0 | 189 |   0 |-9.000000e+00 |      --      |    Inf 
 10.3s|   300 |   271 | 68489 | 207.4 |    63M |  35 | 244 |2279 | 858 |2279 | 619 |   0 | 239 |   0 |-9.000000e+00 |      --      |    Inf 
d10.7s|   306 |    74 | 72095 | 215.1 |pscostdi|  35 |   - |2279 | 848 |2279 | 619 |   0 | 239 |   0 |-9.000000e+00 |-8.000000e+00 |  12.50%
 14.7s|   400 |    84 |116067 | 274.6 |    63M |  35 | 137 |2279 | 948 |2279 | 619 |   0 | 341 |   0 |-9.000000e+00 |-8.000000e+00 |  12.50%
 18.1s|   500 |    81 |150615 | 288.8 |    64M |  35 |   - |2279 |1037 |2279 | 619 |   0 | 436 |   0 |-9.000000e+00 |-8.000000e+00 |  12.50%
 22.5s|   600 |    93 |186673 | 300.8 |    64M |  35 | 116 |2279 |1185 |2279 | 619 |   0 | 585 |   0 |-9.000000e+00 |-8.000000e+00 |  12.50%
 26.4s|   700 |    81 |228680 | 317.9 |    64M |  35 | 143 |2279 |1252 |2279 | 619 |   0 | 655 |   0 |-9.000000e+00 |-8.000000e+00 |  12.50%
 29.8s|   800 |    75 |263403 | 321.5 |    65M |  35 | 135 |2279 |1357 |2279 | 619 |   0 | 761 |   0 |-9.000000e+00 |-8.000000e+00 |  12.50%
 33.2s|   900 |    92 |296274 | 322.3 |    65M |  35 |   - |2279 |1414 |2279 | 619 |   0 | 822 |   0 |-9.000000e+00 |-8.000000e+00 |  12.50%
 35.9s|  1000 |    94 |332862 | 326.7 |    65M |  35 | 157 |2279 |1496 |2279 | 619 |   0 | 908 |   0 |-9.000000e+00 |-8.000000e+00 |  12.50%
 39.6s|  1100 |   112 |370976 | 331.7 |    66M |  35 |   - |2279 |1579 |2279 | 619 |   0 | 995 |   0 |-9.000000e+00 |-8.000000e+00 |  12.50%
 time | node  | left  |LP iter|LP it/n|mem/heur|mdpt |frac |vars |cons |cols |rows |cuts |confs|strbr|  dualbound   | primalbound  |  gap   
 42.7s|  1200 |   106 |402177 | 330.0 |    66M |  35 |   - |2279 |1638 |2279 | 619 |   0 |1055 |   0 |-9.000000e+00 |-8.000000e+00 |  12.50%
 46.3s|  1300 |   112 |434794 | 329.7 |    66M |  35 |   - |2279 |1693 |2279 | 619 |   0 |1110 |   0 |-9.000000e+00 |-8.000000e+00 |  12.50%
 50.2s|  1400 |   115 |473478 | 333.8 |    66M |  35 |   - |2279 |1766 |2279 | 619 |   0 |1188 |   0 |-9.000000e+00 |-8.000000e+00 |  12.50%
 52.8s|  1500 |   113 |507878 | 334.5 |    66M |  35 | 141 |2279 |1870 |2279 | 619 |   0 |1297 |   0 |-9.000000e+00 |-8.000000e+00 |  12.50%
 55.0s|  1600 |   119 |537339 | 332.0 |    67M |  35 |   - |2279 |1955 |2279 | 619 |   0 |1392 |   0 |-9.000000e+00 |-8.000000e+00 |  12.50%
 59.6s|  1700 |   131 |574846 | 334.5 |    67M |  35 | 152 |2279 |1975 |2279 | 619 |   0 |1428 |   0 |-9.000000e+00 |-8.000000e+00 |  12.50%
 62.7s|  1800 |   135 |614455 | 337.9 |    67M |  35 |  58 |2279 |2078 |2279 | 619 |   0 |1539 |   0 |-9.000000e+00 |-8.000000e+00 |  12.50%
 64.7s|  1900 |   135 |641919 | 334.6 |    68M |  35 |   - |2279 |2145 |2279 | 619 |   0 |1607 |   0 |-9.000000e+00 |-8.000000e+00 |  12.50%
 67.5s|  2000 |   130 |679920 | 336.9 |    68M |  35 |  71 |2279 |2245 |2279 | 619 |   0 |1715 |   0 |-9.000000e+00 |-8.000000e+00 |  12.50%
 69.7s|  2100 |   136 |713196 | 336.7 |    68M |  35 |   - |2279 |2377 |2279 | 619 |   0 |1852 |   0 |-9.000000e+00 |-8.000000e+00 |  12.50%
 71.6s|  2200 |   134 |748470 | 337.4 |    68M |  35 |  61 |2279 |2450 |2279 | 619 |   0 |1931 |   0 |-9.000000e+00 |-8.000000e+00 |  12.50%
 74.3s|  2300 |   126 |789632 | 340.6 |    68M |  35 | 151 |2279 |2506 |2279 | 619 |   0 |2008 |   0 |-9.000000e+00 |-8.000000e+00 |  12.50%
 77.0s|  2400 |   128 |820402 | 339.3 |    68M |  35 | 115 |2279 |2552 |2279 | 619 |   0 |2066 |   0 |-9.000000e+00 |-8.000000e+00 |  12.50%
 79.1s|  2500 |   130 |857499 | 340.5 |    68M |  35 |   - |2279 |2588 |2279 | 619 |   0 |2111 |   0 |-9.000000e+00 |-8.000000e+00 |  12.50%
 82.2s|  2600 |   144 |901148 | 344.2 |    68M |  35 | 160 |2279 |2686 |2279 | 619 |   0 |2230 |   0 |-9.000000e+00 |-8.000000e+00 |  12.50%
 time | node  | left  |LP iter|LP it/n|mem/heur|mdpt |frac |vars |cons |cols |rows |cuts |confs|strbr|  dualbound   | primalbound  |  gap   
 84.9s|  2700 |   150 |940458 | 346.0 |    68M |  35 |  63 |2279 |2715 |2279 | 619 |   0 |2273 |   0 |-9.000000e+00 |-8.000000e+00 |  12.50%
 87.5s|  2800 |   156 |968198 | 343.6 |    69M |  35 |  85 |2279 |2786 |2279 | 619 |   0 |2349 |   0 |-9.000000e+00 |-8.000000e+00 |  12.50%
 90.4s|  2900 |   156 |994493 | 340.8 |    69M |  35 |   - |2279 |2896 |2279 | 619 |   0 |2476 |   0 |-9.000000e+00 |-8.000000e+00 |  12.50%
 92.9s|  3000 |   161 |  1021k| 338.6 |    69M |  35 | 142 |2279 |2991 |2279 | 619 |   0 |2589 |   0 |-9.000000e+00 |-8.000000e+00 |  12.50%
 95.1s|  3100 |   180 |  1051k| 337.3 |    70M |  35 |   - |2279 |3159 |2279 | 619 |   0 |2769 |   0 |-9.000000e+00 |-8.000000e+00 |  12.50%
 96.8s|  3200 |   192 |  1079k| 335.5 |    70M |  35 |   - |2279 |3239 |2279 | 619 |   0 |2857 |   0 |-9.000000e+00 |-8.000000e+00 |  12.50%
 98.4s|  3300 |   192 |  1108k| 334.1 |    70M |  35 |   - |2279 |3327 |2279 | 619 |   0 |2952 |   0 |-9.000000e+00 |-8.000000e+00 |  12.50%
  100s|  3400 |   202 |  1132k| 331.4 |    70M |  35 |   - |2279 |3401 |2279 | 619 |   0 |3036 |   0 |-9.000000e+00 |-8.000000e+00 |  12.50%
  103s|  3500 |   199 |  1167k| 331.7 |    70M |  35 | 150 |2279 |3521 |2279 | 619 |   0 |3177 |   0 |-9.000000e+00 |-8.000000e+00 |  12.50%
  105s|  3600 |   199 |  1204k| 332.9 |    71M |  35 | 101 |2279 |3572 |2279 | 619 |   0 |3250 |   0 |-9.000000e+00 |-8.000000e+00 |  12.50%
  107s|  3700 |   195 |  1235k| 332.3 |    71M |  35 | 121 |2279 |3661 |2279 | 619 |   0 |3368 |   0 |-9.000000e+00 |-8.000000e+00 |  12.50%
  108s|  3800 |   204 |  1263k| 330.9 |    71M |  35 | 149 |2279 |3774 |2279 | 619 |   0 |3496 |   0 |-9.000000e+00 |-8.000000e+00 |  12.50%
  110s|  3900 |   206 |  1293k| 330.0 |    71M |  35 |   - |2279 |3815 |2279 | 619 |   0 |3560 |   0 |-9.000000e+00 |-8.000000e+00 |  12.50%
  112s|  4000 |   211 |  1317k| 327.9 |    71M |  35 |   - |2279 |3849 |2279 | 619 |   0 |3640 |   0 |-9.000000e+00 |-8.000000e+00 |  12.50%
  114s|  4100 |   200 |  1350k| 327.8 |    71M |  35 |   - |2279 |3881 |   0 |   0 |   0 |3718 |   0 |-9.000000e+00 |-8.000000e+00 |  12.50%
 time | node  | left  |LP iter|LP it/n|mem/heur|mdpt |frac |vars |cons |cols |rows |cuts |confs|strbr|  dualbound   | primalbound  |  gap   
  116s|  4200 |   193 |  1388k| 329.1 |    72M |  35 |   - |2279 |3913 |2279 | 619 |   0 |3789 |   0 |-9.000000e+00 |-8.000000e+00 |  12.50%
  119s|  4300 |   172 |  1420k| 328.8 |    72M |  35 | 101 |2279 |3881 |2279 | 619 |   0 |3848 |   0 |-9.000000e+00 |-8.000000e+00 |  12.50%
  120s|  4400 |   178 |  1446k| 327.3 |    72M |  35 |   - |2279 |3973 |2279 | 619 |   0 |3973 |   0 |-9.000000e+00 |-8.000000e+00 |  12.50%
  122s|  4500 |   170 |  1474k| 326.2 |    72M |  35 |   - |2279 |4040 |2279 | 619 |   0 |4068 |   0 |-9.000000e+00 |-8.000000e+00 |  12.50%
  124s|  4600 |   165 |  1505k| 326.0 |    72M |  35 |   - |2279 |4053 |2279 | 619 |   0 |4113 |   0 |-9.000000e+00 |-8.000000e+00 |  12.50%
  126s|  4700 |   164 |  1537k| 325.9 |    72M |  35 |   - |2279 |4005 |2279 | 619 |   0 |4146 |   0 |-9.000000e+00 |-8.000000e+00 |  12.50%
  129s|  4800 |   174 |  1567k| 325.2 |    72M |  35 | 134 |2279 |4035 |2279 | 619 |   0 |4196 |   0 |-9.000000e+00 |-8.000000e+00 |  12.50%
  132s|  4900 |   170 |  1599k| 325.2 |    72M |  35 | 114 |2279 |4010 |2279 | 619 |   0 |4224 |   0 |-9.000000e+00 |-8.000000e+00 |  12.50%
  134s|  5000 |   176 |  1633k| 325.5 |    72M |  35 |   - |2279 |4110 |2279 | 619 |   0 |4379 |   0 |-9.000000e+00 |-8.000000e+00 |  12.50%
  136s|  5100 |   172 |  1672k| 326.7 |    73M |  35 |   - |2279 |4172 |2279 | 619 |   0 |4464 |   0 |-9.000000e+00 |-8.000000e+00 |  12.50%
  139s|  5200 |   169 |  1712k| 328.1 |    73M |  35 |   - |2279 |4206 |2279 | 619 |   0 |4552 |   0 |-9.000000e+00 |-8.000000e+00 |  12.50%
  142s|  5300 |   164 |  1746k| 328.3 |    73M |  35 | 163 |2279 |4262 |2279 | 619 |   0 |4635 |   0 |-9.000000e+00 |-8.000000e+00 |  12.50%
  144s|  5400 |   163 |  1774k| 327.5 |    73M |  35 | 122 |2279 |4297 |2279 | 619 |   0 |4702 |   0 |-9.000000e+00 |-8.000000e+00 |  12.50%
  146s|  5500 |   163 |  1809k| 327.8 |    73M |  35 |   - |2279 |4365 |2279 | 619 |   0 |4795 |   0 |-9.000000e+00 |-8.000000e+00 |  12.50%
  149s|  5600 |   131 |  1844k| 328.4 |    73M |  35 |   - |2279 |4380 |2279 | 619 |   0 |4909 |   0 |-9.000000e+00 |-8.000000e+00 |  12.50%
 time | node  | left  |LP iter|LP it/n|mem/heur|mdpt |frac |vars |cons |cols |rows |cuts |confs|strbr|  dualbound   | primalbound  |  gap   
  152s|  5700 |   133 |  1875k| 327.9 |    73M |  35 |   - |2279 |4393 |2279 | 619 |   0 |4977 |   0 |-9.000000e+00 |-8.000000e+00 |  12.50%
  154s|  5800 |   121 |  1899k| 326.5 |    73M |  35 | 169 |2279 |4489 |2279 | 619 |   0 |5107 |   0 |-9.000000e+00 |-8.000000e+00 |  12.50%
  158s|  5900 |   147 |  1939k| 327.6 |    74M |  35 |  91 |2279 |4390 |2279 | 619 |   0 |5177 |   0 |-9.000000e+00 |-8.000000e+00 |  12.50%
  160s|  6000 |   154 |  1967k| 326.8 |    74M |  35 | 164 |2279 |4455 |2279 | 619 |   0 |5285 |   0 |-9.000000e+00 |-8.000000e+00 |  12.50%
  163s|  6100 |   168 |  1999k| 326.8 |    74M |  35 |   - |2279 |4469 |2279 | 619 |   0 |5349 |   0 |-9.000000e+00 |-8.000000e+00 |  12.50%
  165s|  6200 |   198 |  2027k| 325.9 |    75M |  35 |   - |2279 |4534 |2279 | 619 |   0 |5434 |   0 |-9.000000e+00 |-8.000000e+00 |  12.50%
  168s|  6300 |   210 |  2055k| 325.3 |    75M |  35 | 150 |2279 |4540 |2279 | 619 |   0 |5460 |   0 |-9.000000e+00 |-8.000000e+00 |  12.50%
  170s|  6400 |   211 |  2082k| 324.5 |    75M |  35 | 139 |2279 |4619 |2279 | 619 |   0 |5608 |   0 |-9.000000e+00 |-8.000000e+00 |  12.50%
  173s|  6500 |   241 |  2120k| 325.3 |    75M |  35 |  94 |2279 |4618 |2279 | 619 |   0 |5706 |   0 |-9.000000e+00 |-8.000000e+00 |  12.50%
  176s|  6600 |   252 |  2159k| 326.3 |    76M |  35 |  68 |2279 |4597 |2279 | 619 |   0 |5762 |   0 |-9.000000e+00 |-8.000000e+00 |  12.50%
  178s|  6700 |   254 |  2188k| 325.8 |    76M |  35 |   - |2279 |4719 |2279 | 619 |   0 |5912 |   0 |-9.000000e+00 |-8.000000e+00 |  12.50%
  179s|  6800 |   255 |  2222k| 325.9 |    76M |  35 |  55 |2279 |4760 |2279 | 619 |   0 |5972 |   0 |-9.000000e+00 |-8.000000e+00 |  12.50%
  182s|  6900 |   243 |  2259k| 326.6 |    76M |  35 |   - |2279 |4846 |2279 | 619 |   0 |6128 |   0 |-9.000000e+00 |-8.000000e+00 |  12.50%
  185s|  7000 |   245 |  2299k| 327.6 |    76M |  35 |   - |2279 |4861 |2279 | 619 |   0 |6235 |   0 |-9.000000e+00 |-8.000000e+00 |  12.50%
  187s|  7100 |   251 |  2341k| 328.9 |    76M |  35 |  81 |2279 |4827 |2279 | 619 |   0 |6281 |   0 |-9.000000e+00 |-8.000000e+00 |  12.50%
 time | node  | left  |LP iter|LP it/n|mem/heur|mdpt |frac |vars |cons |cols |rows |cuts |confs|strbr|  dualbound   | primalbound  |  gap   
  190s|  7200 |   247 |  2380k| 329.8 |    76M |  35 | 120 |2279 |4869 |2279 | 619 |   0 |6390 |   0 |-9.000000e+00 |-8.000000e+00 |  12.50%
  192s|  7300 |   245 |  2420k| 330.7 |    76M |  35 |   - |2279 |4909 |2279 | 619 |   0 |6466 |   0 |-9.000000e+00 |-8.000000e+00 |  12.50%
  195s|  7400 |   240 |  2454k| 330.9 |    76M |  35 |   - |2279 |4887 |2279 | 619 |   0 |6583 |   0 |-9.000000e+00 |-8.000000e+00 |  12.50%
  197s|  7500 |   239 |  2487k| 330.8 |    76M |  35 |   - |2279 |4932 |2279 | 619 |   0 |6717 |   0 |-9.000000e+00 |-8.000000e+00 |  12.50%
  199s|  7600 |   245 |  2520k| 330.8 |    76M |  35 | 126 |2279 |4972 |2279 | 619 |   0 |6797 |   0 |-9.000000e+00 |-8.000000e+00 |  12.50%
  201s|  7700 |   237 |  2557k| 331.4 |    76M |  35 |   - |2279 |4992 |2279 | 619 |   0 |6868 |   0 |-9.000000e+00 |-8.000000e+00 |  12.50%
  204s|  7800 |   250 |  2590k| 331.4 |    76M |  35 | 138 |2279 |4983 |2279 | 619 |   0 |6934 |   0 |-9.000000e+00 |-8.000000e+00 |  12.50%
  207s|  7900 |   250 |  2632k| 332.4 |    77M |  35 | 154 |2279 |5017 |2279 | 619 |   0 |7054 |   0 |-9.000000e+00 |-8.000000e+00 |  12.50%
  210s|  8000 |   264 |  2662k| 332.1 |    77M |  35 |   - |2279 |5052 |2279 | 619 |   0 |7155 |   0 |-9.000000e+00 |-8.000000e+00 |  12.50%
  213s|  8100 |   250 |  2697k| 332.2 |    77M |  35 | 157 |2279 |5098 |2279 | 619 |   0 |7274 |   0 |-9.000000e+00 |-8.000000e+00 |  12.50%
  215s|  8200 |   250 |  2725k| 331.6 |    77M |  35 |   - |2279 |5170 |2279 | 619 |   0 |7373 |   0 |-9.000000e+00 |-8.000000e+00 |  12.50%
  217s|  8300 |   244 |  2752k| 330.8 |    77M |  35 |   - |2279 |5172 |2279 | 619 |   0 |7429 |   0 |-9.000000e+00 |-8.000000e+00 |  12.50%
  219s|  8400 |   248 |  2782k| 330.5 |    77M |  35 | 161 |2279 |5125 |2279 | 619 |   0 |7470 |   0 |-9.000000e+00 |-8.000000e+00 |  12.50%
  221s|  8500 |   244 |  2814k| 330.3 |    77M |  35 |   - |2279 |5116 |2279 | 619 |   0 |7514 |   0 |-9.000000e+00 |-8.000000e+00 |  12.50%
  224s|  8600 |   228 |  2850k| 330.7 |    77M |  35 |   - |2279 |5095 |2279 | 619 |   0 |7611 |   0 |-9.000000e+00 |-8.000000e+00 |  12.50%
 time | node  | left  |LP iter|LP it/n|mem/heur|mdpt |frac |vars |cons |cols |rows |cuts |confs|strbr|  dualbound   | primalbound  |  gap   
  227s|  8700 |   227 |  2887k| 331.1 |    77M |  35 |   - |2279 |5092 |2279 | 619 |   0 |7685 |   0 |-9.000000e+00 |-8.000000e+00 |  12.50%
  230s|  8800 |   225 |  2917k| 330.8 |    77M |  35 |   - |2279 |5127 |2279 | 619 |   0 |7752 |   0 |-9.000000e+00 |-8.000000e+00 |  12.50%
  232s|  8900 |   227 |  2945k| 330.3 |    77M |  35 |   - |2279 |5172 |2279 | 619 |   0 |7829 |   0 |-9.000000e+00 |-8.000000e+00 |  12.50%
  234s|  9000 |   227 |  2977k| 330.1 |    77M |  35 |   - |2279 |5171 |2279 | 619 |   0 |7879 |   0 |-9.000000e+00 |-8.000000e+00 |  12.50%
  236s|  9100 |   242 |  3011k| 330.2 |    77M |  35 | 161 |2279 |4932 |2279 | 619 |   0 |8025 |   0 |-9.000000e+00 |-8.000000e+00 |  12.50%
  238s|  9200 |   256 |  3040k| 329.8 |    77M |  35 | 137 |2279 |4804 |2279 | 619 |   0 |8137 |   0 |-9.000000e+00 |-8.000000e+00 |  12.50%
  239s|  9300 |   252 |  3066k| 329.0 |    77M |  35 |  49 |2279 |4840 |2279 | 619 |   0 |8233 |   0 |-9.000000e+00 |-8.000000e+00 |  12.50%
  241s|  9400 |   242 |  3096k| 328.8 |    78M |  35 | 135 |2279 |4858 |2279 | 619 |   0 |8358 |   0 |-9.000000e+00 |-8.000000e+00 |  12.50%
  244s|  9500 |   255 |  3121k| 328.0 |    78M |  35 |  93 |2279 |4922 |2279 | 619 |   0 |8515 |   0 |-9.000000e+00 |-8.000000e+00 |  12.50%
  247s|  9600 |   230 |  3154k| 328.0 |    78M |  35 |   - |2279 |4898 |2279 | 619 |   0 |8660 |   0 |-9.000000e+00 |-8.000000e+00 |  12.50%
  250s|  9700 |   251 |  3178k| 327.1 |    78M |  35 | 114 |2279 |4476 |2279 | 619 |   0 |8756 |   0 |-9.000000e+00 |-8.000000e+00 |  12.50%
  253s|  9800 |   249 |  3202k| 326.2 |    78M |  35 | 166 |2279 |4488 |2279 | 619 |   0 |8820 |   0 |-9.000000e+00 |-8.000000e+00 |  12.50%
  256s|  9900 |   252 |  3232k| 325.9 |    78M |  35 | 135 |2279 |4413 |2279 | 619 |   0 |8876 |   0 |-9.000000e+00 |-8.000000e+00 |  12.50%
  259s| 10000 |   254 |  3265k| 326.0 |    78M |  35 |   - |2279 |4436 |2279 | 619 |   0 |8946 |   0 |-9.000000e+00 |-8.000000e+00 |  12.50%
  262s| 10100 |   256 |  3291k| 325.3 |    78M |  35 |   - |2279 |4479 |2279 | 619 |   0 |9029 |   0 |-9.000000e+00 |-8.000000e+00 |  12.50%
 time | node  | left  |LP iter|LP it/n|mem/heur|mdpt |frac |vars |cons |cols |rows |cuts |confs|strbr|  dualbound   | primalbound  |  gap   
  265s| 10200 |   244 |  3317k| 324.7 |    78M |  35 | 146 |2279 |4523 |2279 | 619 |   0 |9115 |   0 |-9.000000e+00 |-8.000000e+00 |  12.50%
  268s| 10300 |   257 |  3350k| 324.6 |    78M |  35 | 151 |2279 |4496 |2279 | 619 |   0 |9191 |   0 |-9.000000e+00 |-8.000000e+00 |  12.50%
  271s| 10400 |   253 |  3380k| 324.5 |    78M |  35 |   - |2279 |4440 |2279 | 619 |   0 |9295 |   0 |-9.000000e+00 |-8.000000e+00 |  12.50%
  274s| 10500 |   281 |  3409k| 324.1 |    78M |  35 | 155 |2279 |4131 |2279 | 619 |   0 |9371 |   0 |-9.000000e+00 |-8.000000e+00 |  12.50%
  277s| 10600 |   295 |  3439k| 323.9 |    78M |  35 |   - |2279 |4156 |2279 | 619 |   0 |9528 |   0 |-9.000000e+00 |-8.000000e+00 |  12.50%
  279s| 10700 |   307 |  3464k| 323.2 |    78M |  35 | 147 |2279 |4146 |2279 | 619 |   0 |9617 |   0 |-9.000000e+00 |-8.000000e+00 |  12.50%
  282s| 10800 |   317 |  3487k| 322.3 |    78M |  35 | 128 |2279 |4161 |2279 | 619 |   0 |9708 |   0 |-9.000000e+00 |-8.000000e+00 |  12.50%
  285s| 10900 |   315 |  3510k| 321.5 |    78M |  35 |   - |2279 |4174 |2279 | 619 |   0 |9739 |   0 |-9.000000e+00 |-8.000000e+00 |  12.50%
  287s| 11000 |   313 |  3540k| 321.3 |    78M |  35 |   - |2279 |4145 |2279 | 619 |   0 |9779 |   0 |-9.000000e+00 |-8.000000e+00 |  12.50%
  290s| 11100 |   303 |  3569k| 321.0 |    78M |  35 | 166 |2279 |4145 |2279 | 619 |   0 |9874 |   0 |-9.000000e+00 |-8.000000e+00 |  12.50%
  293s| 11200 |   325 |  3598k| 320.7 |    78M |  35 |   - |2279 |4171 |2279 | 619 |   0 |9952 |   0 |-9.000000e+00 |-8.000000e+00 |  12.50%
  295s| 11300 |   309 |  3627k| 320.5 |    78M |  35 | 136 |2279 |4213 |2279 | 619 |   0 |  10k|   0 |-9.000000e+00 |-8.000000e+00 |  12.50%
  297s| 11400 |   299 |  3658k| 320.4 |    78M |  35 | 139 |2279 |4229 |2279 | 619 |   0 |  10k|   0 |-9.000000e+00 |-8.000000e+00 |  12.50%
  299s| 11500 |   299 |  3681k| 319.6 |    78M |  35 |   - |2279 |4268 |2279 | 619 |   0 |  10k|   0 |-9.000000e+00 |-8.000000e+00 |  12.50%
  301s| 11600 |   291 |  3710k| 319.4 |    79M |  35 | 122 |2279 |4307 |2279 | 619 |   0 |  10k|   0 |-9.000000e+00 |-8.000000e+00 |  12.50%
 time | node  | left  |LP iter|LP it/n|mem/heur|mdpt |frac |vars |cons |cols |rows |cuts |confs|strbr|  dualbound   | primalbound  |  gap   
  304s| 11700 |   281 |  3740k| 319.2 |    79M |  35 |   - |2279 |4277 |2279 | 619 |   0 |  10k|   0 |-9.000000e+00 |-8.000000e+00 |  12.50%
  307s| 11800 |   314 |  3766k| 318.7 |    79M |  35 | 123 |2279 |4351 |2279 | 619 |   0 |  10k|   0 |-9.000000e+00 |-8.000000e+00 |  12.50%
  309s| 11900 |   311 |  3791k| 318.1 |    79M |  35 |   - |2279 |4348 |2279 | 619 |   0 |  10k|   0 |-9.000000e+00 |-8.000000e+00 |  12.50%
  311s| 12000 |   317 |  3814k| 317.3 |    79M |  35 | 148 |2279 |4346 |2279 | 619 |   0 |  10k|   0 |-9.000000e+00 |-8.000000e+00 |  12.50%
  312s| 12100 |   311 |  3841k| 317.0 |    79M |  35 | 139 |2279 |4352 |2279 | 619 |   0 |  10k|   0 |-9.000000e+00 |-8.000000e+00 |  12.50%
  314s| 12200 |   303 |  3865k| 316.3 |    79M |  35 | 132 |2279 |4361 |2279 | 619 |   0 |  10k|   0 |-9.000000e+00 |-8.000000e+00 |  12.50%
  316s| 12300 |   291 |  3891k| 315.9 |    79M |  35 | 117 |2279 |4333 |2279 | 619 |   0 |  10k|   0 |-9.000000e+00 |-8.000000e+00 |  12.50%
  319s| 12400 |   295 |  3917k| 315.4 |    79M |  35 |   - |2279 |4372 |2279 | 619 |   0 |  10k|   0 |-9.000000e+00 |-8.000000e+00 |  12.50%
  321s| 12500 |   295 |  3940k| 314.8 |    79M |  35 | 113 |2279 |4269 |2279 | 619 |   0 |  10k|   0 |-9.000000e+00 |-8.000000e+00 |  12.50%
  323s| 12600 |   289 |  3968k| 314.4 |    79M |  35 |   - |2279 |4265 |2279 | 619 |   0 |  11k|   0 |-9.000000e+00 |-8.000000e+00 |  12.50%
  325s| 12700 |   292 |  3999k| 314.4 |    79M |  35 |   - |2279 |4243 |2279 | 619 |   0 |  11k|   0 |-9.000000e+00 |-8.000000e+00 |  12.50%
  327s| 12800 |   292 |  4029k| 314.3 |    79M |  35 |   - |2279 |4278 |2279 | 619 |   0 |  11k|   0 |-9.000000e+00 |-8.000000e+00 |  12.50%
  330s| 12900 |   272 |  4056k| 313.9 |    79M |  35 | 156 |2279 |4222 |2279 | 619 |   0 |  11k|   0 |-9.000000e+00 |-8.000000e+00 |  12.50%
  333s| 13000 |   266 |  4087k| 313.9 |    79M |  35 |   - |2279 |4161 |2279 | 619 |   0 |  11k|   0 |-9.000000e+00 |-8.000000e+00 |  12.50%
  336s| 13100 |   259 |  4109k| 313.2 |    79M |  35 |   - |2279 |4069 |2279 | 619 |   0 |  11k|   0 |-9.000000e+00 |-8.000000e+00 |  12.50%
 time | node  | left  |LP iter|LP it/n|mem/heur|mdpt |frac |vars |cons |cols |rows |cuts |confs|strbr|  dualbound   | primalbound  |  gap   
  338s| 13200 |   263 |  4128k| 312.3 |    79M |  35 | 142 |2279 |4048 |2279 | 619 |   0 |  11k|   0 |-9.000000e+00 |-8.000000e+00 |  12.50%
  341s| 13300 |   268 |  4151k| 311.7 |    79M |  35 |   - |2279 |4059 |2279 | 619 |   0 |  11k|   0 |-9.000000e+00 |-8.000000e+00 |  12.50%
  343s| 13400 |   256 |  4179k| 311.5 |    79M |  35 | 142 |2279 |4017 |2279 | 619 |   0 |  11k|   0 |-9.000000e+00 |-8.000000e+00 |  12.50%
  345s| 13500 |   269 |  4203k| 310.9 |    79M |  35 | 118 |2279 |4019 |2279 | 619 |   0 |  11k|   0 |-9.000000e+00 |-8.000000e+00 |  12.50%
  349s| 13600 |   271 |  4235k| 311.0 |    79M |  35 | 109 |2279 |3981 |2279 | 619 |   0 |  11k|   0 |-9.000000e+00 |-8.000000e+00 |  12.50%
  351s| 13700 |   269 |  4260k| 310.5 |    79M |  35 |   - |2279 |4003 |2279 | 619 |   0 |  11k|   0 |-9.000000e+00 |-8.000000e+00 |  12.50%
  353s| 13800 |   264 |  4285k| 310.1 |    79M |  35 | 121 |2279 |3952 |2279 | 619 |   0 |  11k|   0 |-9.000000e+00 |-8.000000e+00 |  12.50%
  355s| 13900 |   254 |  4311k| 309.7 |    79M |  35 |   - |2279 |3890 |2279 | 619 |   0 |  11k|   0 |-9.000000e+00 |-8.000000e+00 |  12.50%
  357s| 14000 |   248 |  4339k| 309.5 |    79M |  35 | 140 |2279 |3869 |2279 | 619 |   0 |  11k|   0 |-9.000000e+00 |-8.000000e+00 |  12.50%
  359s| 14100 |   257 |  4370k| 309.5 |    79M |  35 |   - |2279 |3923 |2279 | 619 |   0 |  12k|   0 |-9.000000e+00 |-8.000000e+00 |  12.50%
  361s| 14200 |   259 |  4400k| 309.5 |    79M |  35 |   - |2279 |3922 |2279 | 619 |   0 |  12k|   0 |-9.000000e+00 |-8.000000e+00 |  12.50%
  363s| 14300 |   251 |  4425k| 309.1 |    79M |  35 |   - |2279 |3920 |2279 | 619 |   0 |  12k|   0 |-9.000000e+00 |-8.000000e+00 |  12.50%
  365s| 14400 |   240 |  4451k| 308.7 |    79M |  35 |   - |2279 |3829 |2279 | 619 |   0 |  12k|   0 |-9.000000e+00 |-8.000000e+00 |  12.50%
  367s| 14500 |   255 |  4473k| 308.1 |    79M |  35 | 154 |2279 |3817 |2279 | 619 |   0 |  12k|   0 |-9.000000e+00 |-8.000000e+00 |  12.50%
  370s| 14600 |   249 |  4508k| 308.4 |    79M |  35 |   - |2279 |3823 |2279 | 619 |   0 |  12k|   0 |-9.000000e+00 |-8.000000e+00 |  12.50%
 time | node  | left  |LP iter|LP it/n|mem/heur|mdpt |frac |vars |cons |cols |rows |cuts |confs|strbr|  dualbound   | primalbound  |  gap   
  372s| 14700 |   253 |  4540k| 308.5 |    79M |  35 |   - |2279 |3847 |2279 | 619 |   0 |  12k|   0 |-9.000000e+00 |-8.000000e+00 |  12.50%
  374s| 14800 |   257 |  4571k| 308.5 |    80M |  35 | 130 |2279 |3866 |2279 | 619 |   0 |  12k|   0 |-9.000000e+00 |-8.000000e+00 |  12.50%
  376s| 14900 |   255 |  4599k| 308.3 |    80M |  35 |  85 |2279 |3884 |2279 | 619 |   0 |  12k|   0 |-9.000000e+00 |-8.000000e+00 |  12.50%
  377s| 15000 |   245 |  4626k| 308.0 |    80M |  35 | 165 |2279 |3884 |2279 | 619 |   0 |  12k|   0 |-9.000000e+00 |-8.000000e+00 |  12.50%
  380s| 15100 |   238 |  4655k| 307.9 |    80M |  35 | 172 |2279 |3911 |2279 | 619 |   0 |  12k|   0 |-9.000000e+00 |-8.000000e+00 |  12.50%
  383s| 15200 |   256 |  4684k| 307.8 |    80M |  35 | 121 |2279 |3897 |2279 | 619 |   0 |  12k|   0 |-9.000000e+00 |-8.000000e+00 |  12.50%
  385s| 15300 |   234 |  4708k| 307.3 |    80M |  35 |   - |2279 |3923 |   0 |   0 |   0 |  12k|   0 |-9.000000e+00 |-8.000000e+00 |  12.50%
  387s| 15400 |   230 |  4729k| 306.7 |    80M |  35 |   - |2279 |3880 |2279 | 619 |   0 |  12k|   0 |-9.000000e+00 |-8.000000e+00 |  12.50%
  390s| 15500 |   246 |  4754k| 306.4 |    80M |  35 |   - |2279 |3866 |   0 |   0 |   0 |  12k|   0 |-9.000000e+00 |-8.000000e+00 |  12.50%
  392s| 15600 |   238 |  4781k| 306.1 |    80M |  35 |   - |2279 |3781 |2279 | 619 |   0 |  12k|   0 |-9.000000e+00 |-8.000000e+00 |  12.50%
  395s| 15700 |   246 |  4809k| 305.9 |    80M |  35 | 118 |2279 |3791 |2279 | 619 |   0 |  12k|   0 |-9.000000e+00 |-8.000000e+00 |  12.50%
  397s| 15800 |   242 |  4838k| 305.8 |    80M |  35 | 145 |2279 |3803 |2279 | 619 |   0 |  12k|   0 |-9.000000e+00 |-8.000000e+00 |  12.50%
  399s| 15900 |   232 |  4867k| 305.8 |    80M |  35 | 156 |2279 |3819 |2279 | 619 |   0 |  13k|   0 |-9.000000e+00 |-8.000000e+00 |  12.50%
  401s| 16000 |   227 |  4895k| 305.6 |    80M |  35 |   - |2279 |3790 |2279 | 619 |   0 |  13k|   0 |-9.000000e+00 |-8.000000e+00 |  12.50%
  403s| 16100 |   229 |  4924k| 305.5 |    80M |  35 |   - |2279 |3753 |2279 | 619 |   0 |  13k|   0 |-9.000000e+00 |-8.000000e+00 |  12.50%
 time | node  | left  |LP iter|LP it/n|mem/heur|mdpt |frac |vars |cons |cols |rows |cuts |confs|strbr|  dualbound   | primalbound  |  gap   
  405s| 16200 |   229 |  4953k| 305.4 |    80M |  35 |   - |2279 |3761 |2279 | 619 |   0 |  13k|   0 |-9.000000e+00 |-8.000000e+00 |  12.50%
  406s| 16300 |   231 |  4977k| 305.0 |    80M |  35 | 129 |2279 |3792 |2279 | 619 |   0 |  13k|   0 |-9.000000e+00 |-8.000000e+00 |  12.50%
  408s| 16400 |   227 |  5005k| 304.8 |    80M |  35 | 161 |2279 |3828 |2279 | 619 |   0 |  13k|   0 |-9.000000e+00 |-8.000000e+00 |  12.50%
  410s| 16500 |   223 |  5037k| 304.9 |    80M |  35 | 139 |2279 |3805 |2279 | 619 |   0 |  13k|   0 |-9.000000e+00 |-8.000000e+00 |  12.50%
  412s| 16600 |   225 |  5067k| 304.9 |    80M |  35 | 113 |2279 |3824 |2279 | 619 |   0 |  13k|   0 |-9.000000e+00 |-8.000000e+00 |  12.50%
  415s| 16700 |   213 |  5099k| 305.0 |    80M |  35 |   - |2279 |3845 |2279 | 619 |   0 |  13k|   0 |-9.000000e+00 |-8.000000e+00 |  12.50%
  417s| 16800 |   198 |  5121k| 304.5 |    80M |  35 | 133 |2279 |3792 |2279 | 619 |   0 |  13k|   0 |-9.000000e+00 |-8.000000e+00 |  12.50%
  419s| 16900 |   188 |  5148k| 304.3 |    80M |  35 | 122 |2279 |3822 |2279 | 619 |   0 |  13k|   0 |-9.000000e+00 |-8.000000e+00 |  12.50%
  421s| 17000 |   207 |  5175k| 304.1 |    80M |  35 |   - |2279 |3906 |2279 | 619 |   0 |  13k|   0 |-9.000000e+00 |-8.000000e+00 |  12.50%
  424s| 17100 |   219 |  5200k| 303.8 |    80M |  35 |   - |2279 |3903 |2279 | 619 |   0 |  13k|   0 |-9.000000e+00 |-8.000000e+00 |  12.50%
  426s| 17200 |   207 |  5222k| 303.3 |    80M |  35 | 134 |2279 |3936 |2279 | 619 |   0 |  13k|   0 |-9.000000e+00 |-8.000000e+00 |  12.50%
  428s| 17300 |   205 |  5240k| 302.5 |    80M |  35 |   - |2279 |3960 |2279 | 619 |   0 |  14k|   0 |-9.000000e+00 |-8.000000e+00 |  12.50%
  429s| 17400 |   217 |  5260k| 301.9 |    80M |  35 |   - |2279 |4018 |2279 | 619 |   0 |  14k|   0 |-9.000000e+00 |-8.000000e+00 |  12.50%
  432s| 17500 |   201 |  5279k| 301.3 |    80M |  35 |   - |2279 |4002 |2279 | 619 |   0 |  14k|   0 |-9.000000e+00 |-8.000000e+00 |  12.50%
  434s| 17600 |   201 |  5302k| 300.9 |    80M |  35 | 123 |2279 |3982 |2279 | 619 |   0 |  14k|   0 |-9.000000e+00 |-8.000000e+00 |  12.50%
 time | node  | left  |LP iter|LP it/n|mem/heur|mdpt |frac |vars |cons |cols |rows |cuts |confs|strbr|  dualbound   | primalbound  |  gap   
  436s| 17700 |   191 |  5333k| 301.0 |    80M |  35 |   - |2279 |3985 |2279 | 619 |   0 |  14k|   0 |-9.000000e+00 |-8.000000e+00 |  12.50%
  438s| 17800 |   181 |  5353k| 300.4 |    80M |  35 | 140 |2279 |4021 |2279 | 619 |   0 |  14k|   0 |-9.000000e+00 |-8.000000e+00 |  12.50%
  440s| 17900 |   185 |  5373k| 299.8 |    80M |  35 |   - |2279 |4036 |2279 | 619 |   0 |  14k|   0 |-9.000000e+00 |-8.000000e+00 |  12.50%
  441s| 18000 |   175 |  5395k| 299.4 |    80M |  35 |   - |2279 |4096 |2279 | 619 |   0 |  14k|   0 |-9.000000e+00 |-8.000000e+00 |  12.50%
  443s| 18100 |   178 |  5416k| 298.9 |    80M |  35 | 101 |2279 |4085 |2279 | 619 |   0 |  14k|   0 |-9.000000e+00 |-8.000000e+00 |  12.50%
  444s| 18200 |   160 |  5441k| 298.7 |    81M |  35 |   - |2279 |4067 |2279 | 619 |   0 |  14k|   0 |-9.000000e+00 |-8.000000e+00 |  12.50%
  446s| 18300 |   158 |  5466k| 298.4 |    81M |  35 |   - |2279 |4063 |2279 | 619 |   0 |  14k|   0 |-9.000000e+00 |-8.000000e+00 |  12.50%
  448s| 18400 |   172 |  5493k| 298.2 |    81M |  35 |   - |2279 |3857 |2279 | 619 |   0 |  14k|   0 |-9.000000e+00 |-8.000000e+00 |  12.50%
  451s| 18500 |   172 |  5522k| 298.2 |    81M |  35 | 146 |2279 |3947 |2279 | 619 |   0 |  14k|   0 |-9.000000e+00 |-8.000000e+00 |  12.50%
  453s| 18600 |   168 |  5555k| 298.3 |    81M |  35 | 108 |2279 |3960 |2279 | 619 |   0 |  14k|   0 |-9.000000e+00 |-8.000000e+00 |  12.50%
  454s| 18700 |   170 |  5580k| 298.1 |    81M |  35 | 157 |2279 |3997 |2279 | 619 |   0 |  14k|   0 |-9.000000e+00 |-8.000000e+00 |  12.50%
  457s| 18800 |   166 |  5604k| 297.8 |    81M |  35 | 153 |2279 |4061 |2279 | 619 |   0 |  15k|   0 |-9.000000e+00 |-8.000000e+00 |  12.50%
  460s| 18900 |   162 |  5629k| 297.5 |    81M |  35 |   - |2279 |4018 |2279 | 619 |   0 |  15k|   0 |-9.000000e+00 |-8.000000e+00 |  12.50%
  463s| 19000 |   164 |  5655k| 297.3 |    81M |  35 |   - |2279 |4040 |2279 | 619 |   0 |  15k|   0 |-9.000000e+00 |-8.000000e+00 |  12.50%
  465s| 19100 |   161 |  5675k| 296.8 |    81M |  35 | 173 |2279 |4048 |2279 | 619 |   0 |  15k|   0 |-9.000000e+00 |-8.000000e+00 |  12.50%
 time | node  | left  |LP iter|LP it/n|mem/heur|mdpt |frac |vars |cons |cols |rows |cuts |confs|strbr|  dualbound   | primalbound  |  gap   
  467s| 19200 |   183 |  5702k| 296.7 |    81M |  35 |   - |2279 |4090 |2279 | 619 |   0 |  15k|   0 |-9.000000e+00 |-8.000000e+00 |  12.50%
  468s| 19300 |   155 |  5729k| 296.6 |    81M |  35 |  57 |2279 |4126 |2279 | 619 |   0 |  15k|   0 |-9.000000e+00 |-8.000000e+00 |  12.50%
  471s| 19400 |   159 |  5757k| 296.5 |    81M |  35 |   - |2279 |4075 |2279 | 619 |   0 |  15k|   0 |-9.000000e+00 |-8.000000e+00 |  12.50%
  473s| 19500 |   165 |  5786k| 296.4 |    81M |  35 |   - |2279 |4079 |2279 | 619 |   0 |  15k|   0 |-9.000000e+00 |-8.000000e+00 |  12.50%
  475s| 19600 |   166 |  5815k| 296.4 |    81M |  35 | 144 |2279 |4091 |2279 | 619 |   0 |  15k|   0 |-9.000000e+00 |-8.000000e+00 |  12.50%
  477s| 19700 |   162 |  5850k| 296.7 |    81M |  35 |   - |2279 |4141 |2279 | 619 |   0 |  15k|   0 |-9.000000e+00 |-8.000000e+00 |  12.50%
  479s| 19800 |   162 |  5886k| 297.0 |    81M |  35 |   - |2279 |4119 |2279 | 619 |   0 |  15k|   0 |-9.000000e+00 |-8.000000e+00 |  12.50%
  482s| 19900 |   152 |  5923k| 297.4 |    82M |  35 | 154 |2279 |4146 |2279 | 619 |   0 |  15k|   0 |-9.000000e+00 |-8.000000e+00 |  12.50%
  483s| 20000 |   152 |  5947k| 297.1 |    82M |  35 | 128 |2279 |4174 |2279 | 619 |   0 |  15k|   0 |-9.000000e+00 |-8.000000e+00 |  12.50%
  485s| 20100 |   155 |  5971k| 296.8 |    82M |  35 |   - |2279 |4261 |2279 | 619 |   0 |  15k|   0 |-9.000000e+00 |-8.000000e+00 |  12.50%
  486s| 20200 |   150 |  5997k| 296.6 |    82M |  35 | 169 |2279 |4269 |2279 | 619 |   0 |  16k|   0 |-9.000000e+00 |-8.000000e+00 |  12.50%
  489s| 20300 |   161 |  6019k| 296.2 |    82M |  35 |   - |2279 |4223 |2279 | 619 |   0 |  16k|   0 |-9.000000e+00 |-8.000000e+00 |  12.50%
  491s| 20400 |   152 |  6043k| 295.9 |    82M |  35 | 136 |2279 |4257 |2279 | 619 |   0 |  16k|   0 |-9.000000e+00 |-8.000000e+00 |  12.50%
  494s| 20500 |   154 |  6066k| 295.6 |    82M |  35 | 193 |2279 |4174 |2279 | 619 |   0 |  16k|   0 |-9.000000e+00 |-8.000000e+00 |  12.50%
  496s| 20600 |   164 |  6085k| 295.1 |    82M |  35 |   - |2279 |4279 |2279 | 619 |   0 |  16k|   0 |-9.000000e+00 |-8.000000e+00 |  12.50%
 time | node  | left  |LP iter|LP it/n|mem/heur|mdpt |frac |vars |cons |cols |rows |cuts |confs|strbr|  dualbound   | primalbound  |  gap   
  497s| 20700 |   166 |  6109k| 294.9 |    82M |  35 | 149 |2279 |4317 |2279 | 619 |   0 |  16k|   0 |-9.000000e+00 |-8.000000e+00 |  12.50%
  498s| 20800 |   164 |  6130k| 294.4 |    82M |  35 |   - |2279 |4290 |2279 | 619 |   0 |  16k|   0 |-9.000000e+00 |-8.000000e+00 |  12.50%
  500s| 20900 |   182 |  6156k| 294.3 |    82M |  35 |   - |2279 |4309 |2279 | 619 |   0 |  16k|   0 |-9.000000e+00 |-8.000000e+00 |  12.50%
  501s| 21000 |   166 |  6181k| 294.0 |    82M |  35 |   - |2279 |4337 |2279 | 619 |   0 |  16k|   0 |-9.000000e+00 |-8.000000e+00 |  12.50%
  503s| 21100 |   159 |  6204k| 293.7 |    82M |  35 | 123 |2279 |4306 |2279 | 619 |   0 |  16k|   0 |-9.000000e+00 |-8.000000e+00 |  12.50%
  505s| 21200 |   163 |  6226k| 293.4 |    82M |  35 |   - |2279 |4264 |2279 | 619 |   0 |  16k|   0 |-9.000000e+00 |-8.000000e+00 |  12.50%
  508s| 21300 |   155 |  6248k| 293.1 |    82M |  35 | 107 |2279 |4263 |2279 | 619 |   0 |  16k|   0 |-9.000000e+00 |-8.000000e+00 |  12.50%
  509s| 21400 |   152 |  6268k| 292.6 |    82M |  35 |   - |2279 |4306 |2279 | 619 |   0 |  16k|   0 |-9.000000e+00 |-8.000000e+00 |  12.50%
  511s| 21500 |   148 |  6295k| 292.5 |    82M |  35 | 144 |2279 |4301 |2279 | 619 |   0 |  16k|   0 |-9.000000e+00 |-8.000000e+00 |  12.50%
  513s| 21600 |   160 |  6322k| 292.4 |    82M |  35 | 101 |2279 |4248 |2279 | 619 |   0 |  16k|   0 |-9.000000e+00 |-8.000000e+00 |  12.50%
  515s| 21700 |   159 |  6344k| 292.1 |    82M |  35 |   - |2279 |4299 |2279 | 619 |   0 |  17k|   0 |-9.000000e+00 |-8.000000e+00 |  12.50%
  517s| 21800 |   159 |  6365k| 291.7 |    82M |  35 | 118 |2279 |4287 |2279 | 619 |   0 |  17k|   0 |-9.000000e+00 |-8.000000e+00 |  12.50%
  518s| 21900 |   152 |  6386k| 291.3 |    82M |  35 |   - |2279 |4341 |2279 | 619 |   0 |  17k|   0 |-9.000000e+00 |-8.000000e+00 |  12.50%
  520s| 22000 |   156 |  6409k| 291.0 |    82M |  35 |  96 |2279 |4392 |2279 | 619 |   0 |  17k|   0 |-9.000000e+00 |-8.000000e+00 |  12.50%
  521s| 22100 |   148 |  6432k| 290.8 |    82M |  35 | 105 |2279 |4401 |2279 | 619 |   0 |  17k|   0 |-9.000000e+00 |-8.000000e+00 |  12.50%
 time | node  | left  |LP iter|LP it/n|mem/heur|mdpt |frac |vars |cons |cols |rows |cuts |confs|strbr|  dualbound   | primalbound  |  gap   
  523s| 22200 |   149 |  6462k| 290.8 |    82M |  35 |   - |2279 |4438 |2279 | 619 |   0 |  17k|   0 |-9.000000e+00 |-8.000000e+00 |  12.50%
  526s| 22300 |   149 |  6489k| 290.7 |    82M |  35 | 111 |2279 |4416 |2279 | 619 |   0 |  17k|   0 |-9.000000e+00 |-8.000000e+00 |  12.50%
  528s| 22400 |   147 |  6514k| 290.6 |    82M |  35 |   - |2279 |4454 |2279 | 619 |   0 |  17k|   0 |-9.000000e+00 |-8.000000e+00 |  12.50%
  530s| 22500 |   134 |  6548k| 290.8 |    82M |  35 |   - |2279 |4443 |2279 | 619 |   0 |  17k|   0 |-9.000000e+00 |-8.000000e+00 |  12.50%
  532s| 22600 |   138 |  6569k| 290.4 |    82M |  35 | 122 |2279 |4422 |2279 | 619 |   0 |  17k|   0 |-9.000000e+00 |-8.000000e+00 |  12.50%
  533s| 22700 |   132 |  6592k| 290.1 |    82M |  35 | 143 |2279 |4433 |2279 | 619 |   0 |  17k|   0 |-9.000000e+00 |-8.000000e+00 |  12.50%
  535s| 22800 |   138 |  6616k| 289.9 |    82M |  35 |  80 |2279 |4467 |2279 | 619 |   0 |  17k|   0 |-9.000000e+00 |-8.000000e+00 |  12.50%
  537s| 22900 |   124 |  6639k| 289.7 |    82M |  35 | 156 |2279 |4453 |2279 | 619 |   0 |  17k|   0 |-9.000000e+00 |-8.000000e+00 |  12.50%
  539s| 23000 |   116 |  6663k| 289.4 |    82M |  35 | 139 |2279 |4439 |2279 | 619 |   0 |  17k|   0 |-9.000000e+00 |-8.000000e+00 |  12.50%
  542s| 23100 |   138 |  6686k| 289.2 |    82M |  35 |  47 |2279 |4274 |2279 | 619 |   0 |  18k|   0 |-9.000000e+00 |-8.000000e+00 |  12.50%
  544s| 23200 |   148 |  6706k| 288.8 |    82M |  35 |   - |2279 |4271 |2279 | 619 |   0 |  18k|   0 |-9.000000e+00 |-8.000000e+00 |  12.50%
  545s| 23300 |   147 |  6726k| 288.4 |    82M |  35 |   - |2279 |4278 |2279 | 619 |   0 |  18k|   0 |-9.000000e+00 |-8.000000e+00 |  12.50%
  546s| 23400 |   147 |  6749k| 288.2 |    82M |  35 | 120 |2279 |4277 |2279 | 619 |   0 |  18k|   0 |-9.000000e+00 |-8.000000e+00 |  12.50%
  548s| 23500 |   151 |  6773k| 288.0 |    82M |  35 | 104 |2279 |4284 |2279 | 619 |   0 |  18k|   0 |-9.000000e+00 |-8.000000e+00 |  12.50%
  549s| 23600 |   149 |  6797k| 287.8 |    82M |  35 |   - |2279 |4331 |2279 | 619 |   0 |  18k|   0 |-9.000000e+00 |-8.000000e+00 |  12.50%
 time | node  | left  |LP iter|LP it/n|mem/heur|mdpt |frac |vars |cons |cols |rows |cuts |confs|strbr|  dualbound   | primalbound  |  gap   
  551s| 23700 |   145 |  6818k| 287.4 |    82M |  35 | 131 |2279 |4354 |2279 | 619 |   0 |  18k|   0 |-9.000000e+00 |-8.000000e+00 |  12.50%
  552s| 23800 |   145 |  6837k| 287.0 |    82M |  35 | 119 |2279 |4415 |2279 | 619 |   0 |  18k|   0 |-9.000000e+00 |-8.000000e+00 |  12.50%
  553s| 23900 |   145 |  6851k| 286.4 |    82M |  35 |   - |2279 |4434 |2279 | 619 |   0 |  18k|   0 |-9.000000e+00 |-8.000000e+00 |  12.50%
  554s| 24000 |   140 |  6868k| 285.9 |    82M |  35 | 144 |2279 |4016 |2279 | 619 |   0 |  18k|   0 |-9.000000e+00 |-8.000000e+00 |  12.50%
  556s| 24100 |   156 |  6893k| 285.8 |    83M |  35 |   - |2279 |3899 |2279 | 619 |   0 |  18k|   0 |-9.000000e+00 |-8.000000e+00 |  12.50%
  558s| 24200 |   139 |  6909k| 285.2 |    83M |  35 | 124 |2279 |3849 |2279 | 619 |   0 |  18k|   0 |-9.000000e+00 |-8.000000e+00 |  12.50%
  559s| 24300 |   141 |  6928k| 284.9 |    83M |  35 |   - |2279 |3876 |2279 | 619 |   0 |  18k|   0 |-9.000000e+00 |-8.000000e+00 |  12.50%
  560s| 24400 |   137 |  6944k| 284.4 |    83M |  35 | 136 |2279 |3908 |2279 | 619 |   0 |  18k|   0 |-9.000000e+00 |-8.000000e+00 |  12.50%
  562s| 24500 |   132 |  6965k| 284.0 |    83M |  35 |   - |2279 |3927 |2279 | 619 |   0 |  18k|   0 |-9.000000e+00 |-8.000000e+00 |  12.50%
  564s| 24600 |   134 |  6988k| 283.8 |    83M |  35 |   - |2279 |3849 |2279 | 619 |   0 |  18k|   0 |-9.000000e+00 |-8.000000e+00 |  12.50%
  566s| 24700 |   136 |  7009k| 283.5 |    83M |  35 |   - |2279 |3839 |2279 | 619 |   0 |  18k|   0 |-9.000000e+00 |-8.000000e+00 |  12.50%
  568s| 24800 |   148 |  7036k| 283.5 |    83M |  35 | 112 |2279 |3880 |2279 | 619 |   0 |  19k|   0 |-9.000000e+00 |-8.000000e+00 |  12.50%
  569s| 24900 |   143 |  7064k| 283.4 |    83M |  35 |   - |2279 |3912 |2279 | 619 |   0 |  19k|   0 |-9.000000e+00 |-8.000000e+00 |  12.50%
  571s| 25000 |   137 |  7084k| 283.1 |    83M |  35 |   - |2279 |3947 |2279 | 619 |   0 |  19k|   0 |-9.000000e+00 |-8.000000e+00 |  12.50%
  572s| 25100 |   141 |  7105k| 282.8 |    83M |  35 |   - |2279 |3983 |2279 | 619 |   0 |  19k|   0 |-9.000000e+00 |-8.000000e+00 |  12.50%
 time | node  | left  |LP iter|LP it/n|mem/heur|mdpt |frac |vars |cons |cols |rows |cuts |confs|strbr|  dualbound   | primalbound  |  gap   
  574s| 25200 |   142 |  7125k| 282.5 |    83M |  35 | 106 |2279 |4034 |2279 | 619 |   0 |  19k|   0 |-9.000000e+00 |-8.000000e+00 |  12.50%
  575s| 25300 |   142 |  7146k| 282.2 |    83M |  35 |   - |2279 |4047 |2279 | 619 |   0 |  19k|   0 |-9.000000e+00 |-8.000000e+00 |  12.50%
  576s| 25400 |   140 |  7168k| 282.0 |    83M |  35 | 144 |2279 |4088 |2279 | 619 |   0 |  19k|   0 |-9.000000e+00 |-8.000000e+00 |  12.50%
  578s| 25500 |   138 |  7193k| 281.9 |    83M |  35 | 130 |2279 |4100 |2279 | 619 |   0 |  19k|   0 |-9.000000e+00 |-8.000000e+00 |  12.50%
  579s| 25600 |   138 |  7214k| 281.6 |    83M |  35 | 119 |2279 |4122 |2279 | 619 |   0 |  19k|   0 |-9.000000e+00 |-8.000000e+00 |  12.50%
  581s| 25700 |   127 |  7235k| 281.3 |    83M |  35 | 129 |2279 |4073 |2279 | 619 |   0 |  19k|   0 |-9.000000e+00 |-8.000000e+00 |  12.50%
  583s| 25800 |   122 |  7256k| 281.0 |    83M |  35 |   - |2279 |4078 |2279 | 619 |   0 |  19k|   0 |-9.000000e+00 |-8.000000e+00 |  12.50%
  584s| 25900 |   122 |  7274k| 280.6 |    83M |  35 | 123 |2279 |4072 |2279 | 619 |   0 |  19k|   0 |-9.000000e+00 |-8.000000e+00 |  12.50%
  585s| 26000 |   116 |  7295k| 280.3 |    83M |  35 | 135 |2279 |4098 |2279 | 619 |   0 |  19k|   0 |-9.000000e+00 |-8.000000e+00 |  12.50%
  587s| 26100 |   112 |  7315k| 280.1 |    83M |  35 | 122 |2279 |4096 |2279 | 619 |   0 |  19k|   0 |-9.000000e+00 |-8.000000e+00 |  12.50%
  588s| 26200 |   124 |  7339k| 279.9 |    83M |  35 | 127 |2279 |3961 |2279 | 619 |   0 |  19k|   0 |-9.000000e+00 |-8.000000e+00 |  12.50%
  590s| 26300 |   128 |  7360k| 279.6 |    83M |  35 | 110 |2279 |3932 |2279 | 619 |   0 |  19k|   0 |-9.000000e+00 |-8.000000e+00 |  12.50%
  592s| 26400 |   126 |  7383k| 279.4 |    83M |  35 |   - |2279 |3964 |2279 | 619 |   0 |  19k|   0 |-9.000000e+00 |-8.000000e+00 |  12.50%
  594s| 26500 |   128 |  7407k| 279.3 |    83M |  35 |   - |2279 |3983 |2279 | 619 |   0 |  19k|   0 |-9.000000e+00 |-8.000000e+00 |  12.50%
  595s| 26600 |   123 |  7431k| 279.1 |    83M |  35 |   - |2279 |4034 |2279 | 619 |   0 |  20k|   0 |-9.000000e+00 |-8.000000e+00 |  12.50%
 time | node  | left  |LP iter|LP it/n|mem/heur|mdpt |frac |vars |cons |cols |rows |cuts |confs|strbr|  dualbound   | primalbound  |  gap   
  596s| 26700 |   125 |  7449k| 278.8 |    83M |  35 |   - |2279 |4060 |2279 | 619 |   0 |  20k|   0 |-9.000000e+00 |-8.000000e+00 |  12.50%
  598s| 26800 |   123 |  7472k| 278.6 |    83M |  35 | 149 |2279 |4023 |2279 | 619 |   0 |  20k|   0 |-9.000000e+00 |-8.000000e+00 |  12.50%
  599s| 26900 |   129 |  7492k| 278.3 |    83M |  35 |  72 |2279 |4028 |2279 | 619 |   0 |  20k|   0 |-9.000000e+00 |-8.000000e+00 |  12.50%
  601s| 27000 |   133 |  7512k| 278.0 |    83M |  35 |   - |2279 |3996 |2279 | 619 |   0 |  20k|   0 |-9.000000e+00 |-8.000000e+00 |  12.50%
  602s| 27100 |   129 |  7535k| 277.8 |    83M |  35 |   - |2279 |3992 |2279 | 619 |   0 |  20k|   0 |-9.000000e+00 |-8.000000e+00 |  12.50%
  604s| 27200 |   123 |  7561k| 277.8 |    83M |  35 |   - |2279 |3963 |2279 | 619 |   0 |  20k|   0 |-9.000000e+00 |-8.000000e+00 |  12.50%
  605s| 27300 |   111 |  7584k| 277.6 |    83M |  35 | 162 |2279 |3910 |2279 | 619 |   0 |  20k|   0 |-9.000000e+00 |-8.000000e+00 |  12.50%
  607s| 27400 |   107 |  7609k| 277.5 |    83M |  35 |   - |2279 |3874 |   0 |   0 |   0 |  20k|   0 |-9.000000e+00 |-8.000000e+00 |  12.50%
  609s| 27500 |   105 |  7635k| 277.4 |    83M |  35 |   - |2279 |3863 |2279 | 619 |   0 |  20k|   0 |-9.000000e+00 |-8.000000e+00 |  12.50%
  611s| 27600 |   103 |  7666k| 277.5 |    83M |  35 | 163 |2279 |3824 |2279 | 619 |   0 |  20k|   0 |-9.000000e+00 |-8.000000e+00 |  12.50%
  613s| 27700 |   102 |  7685k| 277.2 |    83M |  35 | 109 |2279 |3832 |2279 | 619 |   0 |  20k|   0 |-9.000000e+00 |-8.000000e+00 |  12.50%
  614s| 27800 |   106 |  7703k| 276.9 |    83M |  35 | 153 |2279 |3841 |2279 | 619 |   0 |  20k|   0 |-9.000000e+00 |-8.000000e+00 |  12.50%
  617s| 27900 |   114 |  7727k| 276.7 |    83M |  35 | 105 |2279 |3897 |2279 | 619 |   0 |  20k|   0 |-9.000000e+00 |-8.000000e+00 |  12.50%
  619s| 28000 |    99 |  7749k| 276.6 |    83M |  35 |   - |2279 |3947 |2279 | 619 |   0 |  21k|   0 |-9.000000e+00 |-8.000000e+00 |  12.50%
  621s| 28100 |   107 |  7773k| 276.4 |    83M |  35 |  92 |2279 |3898 |2279 | 619 |   0 |  21k|   0 |-9.000000e+00 |-8.000000e+00 |  12.50%
 time | node  | left  |LP iter|LP it/n|mem/heur|mdpt |frac |vars |cons |cols |rows |cuts |confs|strbr|  dualbound   | primalbound  |  gap   
  624s| 28200 |   101 |  7797k| 276.3 |    83M |  35 | 162 |2279 |3981 |2279 | 619 |   0 |  21k|   0 |-9.000000e+00 |-8.000000e+00 |  12.50%
  627s| 28300 |    97 |  7817k| 276.0 |    83M |  35 |   - |2279 |4054 |2279 | 619 |   0 |  21k|   0 |-9.000000e+00 |-8.000000e+00 |  12.50%
  629s| 28400 |    83 |  7844k| 276.0 |    83M |  35 |   - |2279 |3920 |   0 |   0 |   0 |  21k|   0 |-9.000000e+00 |-8.000000e+00 |  12.50%
  631s| 28500 |    89 |  7865k| 275.8 |    83M |  35 |  82 |2279 |3899 |2279 | 619 |   0 |  21k|   0 |-9.000000e+00 |-8.000000e+00 |  12.50%
  633s| 28600 |    95 |  7886k| 275.5 |    83M |  35 | 112 |2279 |3954 |2279 | 619 |   0 |  21k|   0 |-9.000000e+00 |-8.000000e+00 |  12.50%
  635s| 28700 |    87 |  7911k| 275.5 |    83M |  35 |   - |2279 |4013 |2279 | 619 |   0 |  21k|   0 |-9.000000e+00 |-8.000000e+00 |  12.50%
  637s| 28800 |    85 |  7934k| 275.3 |    83M |  35 |   - |2279 |4019 |2279 | 619 |   0 |  21k|   0 |-9.000000e+00 |-8.000000e+00 |  12.50%
  640s| 28900 |    83 |  7961k| 275.3 |    83M |  35 |   - |2279 |4004 |2279 | 619 |   0 |  21k|   0 |-9.000000e+00 |-8.000000e+00 |  12.50%
  641s| 29000 |    80 |  7983k| 275.1 |    83M |  35 |   - |2279 |4095 |2279 | 619 |   0 |  21k|   0 |-9.000000e+00 |-8.000000e+00 |  12.50%
  644s| 29100 |    73 |  8012k| 275.1 |    83M |  35 | 157 |2279 |4046 |2279 | 619 |   0 |  21k|   0 |-9.000000e+00 |-8.000000e+00 |  12.50%
  646s| 29200 |    73 |  8039k| 275.1 |    83M |  35 | 110 |2279 |4040 |2279 | 619 |   0 |  21k|   0 |-9.000000e+00 |-8.000000e+00 |  12.50%
  649s| 29300 |    69 |  8070k| 275.2 |    83M |  35 |   - |2279 |4008 |2279 | 619 |   0 |  21k|   0 |-9.000000e+00 |-8.000000e+00 |  12.50%
  650s| 29400 |    63 |  8092k| 275.0 |    83M |  35 |   - |2279 |3994 |2279 | 619 |   0 |  22k|   0 |-9.000000e+00 |-8.000000e+00 |  12.50%
  653s| 29500 |    55 |  8117k| 275.0 |    83M |  35 | 124 |2279 |3963 |2279 | 619 |   0 |  22k|   0 |-9.000000e+00 |-8.000000e+00 |  12.50%
  655s| 29600 |    53 |  8141k| 274.9 |    83M |  35 | 164 |2279 |4011 |2279 | 619 |   0 |  22k|   0 |-9.000000e+00 |-8.000000e+00 |  12.50%
 time | node  | left  |LP iter|LP it/n|mem/heur|mdpt |frac |vars |cons |cols |rows |cuts |confs|strbr|  dualbound   | primalbound  |  gap   
  658s| 29700 |    49 |  8170k| 274.9 |    83M |  35 | 134 |2279 |3692 |2279 | 619 |   0 |  22k|   0 |-9.000000e+00 |-8.000000e+00 |  12.50%
  661s| 29800 |    63 |  8199k| 275.0 |    84M |  35 |   - |2279 |3723 |2279 | 619 |   0 |  22k|   0 |-9.000000e+00 |-8.000000e+00 |  12.50%
  664s| 29900 |    54 |  8222k| 274.8 |    84M |  35 | 124 |2279 |3740 |2279 | 619 |   0 |  22k|   0 |-9.000000e+00 |-8.000000e+00 |  12.50%
  667s| 30000 |    50 |  8242k| 274.5 |    84M |  35 |   - |2279 |3811 |   0 |   0 |   0 |  22k|   0 |-9.000000e+00 |-8.000000e+00 |  12.50%
  670s| 30100 |    42 |  8263k| 274.3 |    84M |  35 | 166 |2279 |3831 |2279 | 619 |   0 |  22k|   0 |-9.000000e+00 |-8.000000e+00 |  12.50%
  673s| 30200 |    65 |  8286k| 274.2 |    84M |  35 |   - |2279 |3790 |2279 | 619 |   0 |  22k|   0 |-9.000000e+00 |-8.000000e+00 |  12.50%
  675s| 30300 |    58 |  8309k| 274.0 |    84M |  35 | 119 |2279 |3807 |2279 | 619 |   0 |  22k|   0 |-9.000000e+00 |-8.000000e+00 |  12.50%
  677s| 30400 |    48 |  8335k| 274.0 |    84M |  35 |   - |2279 |3836 |2279 | 619 |   0 |  22k|   0 |-9.000000e+00 |-8.000000e+00 |  12.50%
  679s| 30500 |    48 |  8358k| 273.8 |    84M |  35 |   - |2279 |3862 |2279 | 619 |   0 |  22k|   0 |-9.000000e+00 |-8.000000e+00 |  12.50%
  682s| 30600 |    48 |  8378k| 273.6 |    84M |  35 | 161 |2279 |3860 |2279 | 619 |   0 |  22k|   0 |-9.000000e+00 |-8.000000e+00 |  12.50%
  685s| 30700 |    48 |  8405k| 273.6 |    84M |  35 | 181 |2279 |3903 |2279 | 619 |   0 |  22k|   0 |-9.000000e+00 |-8.000000e+00 |  12.50%
  688s| 30800 |    51 |  8434k| 273.6 |    84M |  35 | 133 |2279 |3914 |2279 | 619 |   0 |  22k|   0 |-9.000000e+00 |-8.000000e+00 |  12.50%
  690s| 30900 |    68 |  8460k| 273.6 |    84M |  35 |   - |2279 |3962 |2279 | 619 |   0 |  23k|   0 |-9.000000e+00 |-8.000000e+00 |  12.50%
  691s| 31000 |    58 |  8482k| 273.4 |    84M |  35 | 118 |2279 |3919 |2279 | 619 |   0 |  23k|   0 |-9.000000e+00 |-8.000000e+00 |  12.50%
  693s| 31100 |    56 |  8499k| 273.1 |    84M |  35 |  89 |2279 |3923 |2279 | 619 |   0 |  23k|   0 |-9.000000e+00 |-8.000000e+00 |  12.50%
 time | node  | left  |LP iter|LP it/n|mem/heur|mdpt |frac |vars |cons |cols |rows |cuts |confs|strbr|  dualbound   | primalbound  |  gap   
  694s| 31200 |    55 |  8523k| 273.0 |    84M |  35 |   - |2279 |3924 |2279 | 619 |   0 |  23k|   0 |-9.000000e+00 |-8.000000e+00 |  12.50%
  696s| 31300 |    61 |  8554k| 273.1 |    84M |  35 |   - |2279 |3903 |2279 | 619 |   0 |  23k|   0 |-9.000000e+00 |-8.000000e+00 |  12.50%
  698s| 31400 |    69 |  8576k| 273.0 |    84M |  35 |   - |2279 |3911 |2279 | 619 |   0 |  23k|   0 |-9.000000e+00 |-8.000000e+00 |  12.50%
  701s| 31500 |    64 |  8600k| 272.8 |    84M |  35 | 151 |2279 |3915 |2279 | 619 |   0 |  23k|   0 |-9.000000e+00 |-8.000000e+00 |  12.50%
  703s| 31600 |    62 |  8622k| 272.7 |    84M |  35 | 120 |2279 |3914 |2279 | 619 |   0 |  23k|   0 |-9.000000e+00 |-8.000000e+00 |  12.50%
  706s| 31700 |    54 |  8645k| 272.5 |    84M |  35 |   - |2279 |3950 |   0 |   0 |   0 |  23k|   0 |-9.000000e+00 |-8.000000e+00 |  12.50%
  708s| 31800 |    56 |  8667k| 272.4 |    84M |  35 | 133 |2279 |3968 |2279 | 619 |   0 |  23k|   0 |-9.000000e+00 |-8.000000e+00 |  12.50%
  710s| 31900 |    52 |  8691k| 272.3 |    84M |  35 |   - |2279 |3954 |2279 | 619 |   0 |  23k|   0 |-9.000000e+00 |-8.000000e+00 |  12.50%
  711s| 32000 |    54 |  8709k| 272.0 |    84M |  35 | 144 |2279 |3988 |2279 | 619 |   0 |  23k|   0 |-9.000000e+00 |-8.000000e+00 |  12.50%
  713s| 32100 |    64 |  8732k| 271.8 |    84M |  35 |   - |2279 |4036 |2279 | 619 |   0 |  23k|   0 |-9.000000e+00 |-8.000000e+00 |  12.50%
  715s| 32200 |    66 |  8758k| 271.8 |    84M |  35 |   - |2279 |4072 |2279 | 619 |   0 |  23k|   0 |-9.000000e+00 |-8.000000e+00 |  12.50%
  716s| 32300 |    58 |  8785k| 271.8 |    84M |  35 |   - |2279 |4112 |2279 | 619 |   0 |  23k|   0 |-9.000000e+00 |-8.000000e+00 |  12.50%
  717s| 32400 |    54 |  8804k| 271.6 |    84M |  35 | 128 |2279 |4154 |2279 | 619 |   0 |  23k|   0 |-9.000000e+00 |-8.000000e+00 |  12.50%
  719s| 32500 |    47 |  8826k| 271.4 |    84M |  35 |   - |2279 |4168 |2279 | 619 |   0 |  23k|   0 |-9.000000e+00 |-8.000000e+00 |  12.50%
  721s| 32600 |    52 |  8848k| 271.2 |    84M |  35 |   - |2279 |4086 |2279 | 619 |   0 |  24k|   0 |-9.000000e+00 |-8.000000e+00 |  12.50%
 time | node  | left  |LP iter|LP it/n|mem/heur|mdpt |frac |vars |cons |cols |rows |cuts |confs|strbr|  dualbound   | primalbound  |  gap   
  724s| 32700 |    74 |  8870k| 271.1 |    84M |  35 |   - |2279 |4124 |2279 | 619 |   0 |  24k|   0 |-9.000000e+00 |-8.000000e+00 |  12.50%
  726s| 32800 |    74 |  8896k| 271.0 |    84M |  35 |   - |2279 |4206 |2279 | 619 |   0 |  24k|   0 |-9.000000e+00 |-8.000000e+00 |  12.50%
  728s| 32900 |    64 |  8918k| 270.9 |    84M |  35 |  62 |2279 |4260 |2279 | 619 |   0 |  24k|   0 |-9.000000e+00 |-8.000000e+00 |  12.50%
  731s| 33000 |    50 |  8945k| 270.9 |    84M |  35 | 162 |2279 |4292 |2279 | 619 |   0 |  24k|   0 |-9.000000e+00 |-8.000000e+00 |  12.50%
  733s| 33100 |    74 |  8969k| 270.8 |    84M |  35 | 147 |2279 |4339 |2279 | 619 |   0 |  24k|   0 |-9.000000e+00 |-8.000000e+00 |  12.50%
  734s| 33200 |    70 |  8989k| 270.6 |    84M |  35 |   - |2279 |4325 |2279 | 619 |   0 |  24k|   0 |-9.000000e+00 |-8.000000e+00 |  12.50%
  735s| 33300 |    57 |  9009k| 270.4 |    84M |  35 | 113 |2279 |4334 |2279 | 619 |   0 |  24k|   0 |-9.000000e+00 |-8.000000e+00 |  12.50%
  737s| 33400 |    53 |  9032k| 270.3 |    84M |  35 |   - |2279 |4347 |2279 | 619 |   0 |  24k|   0 |-9.000000e+00 |-8.000000e+00 |  12.50%
  738s| 33500 |    53 |  9055k| 270.1 |    84M |  35 |   - |2279 |4339 |2279 | 619 |   0 |  24k|   0 |-9.000000e+00 |-8.000000e+00 |  12.50%
  739s| 33600 |    61 |  9083k| 270.2 |    84M |  35 |   - |2279 |4359 |2279 | 619 |   0 |  24k|   0 |-9.000000e+00 |-8.000000e+00 |  12.50%
  740s| 33700 |    55 |  9109k| 270.1 |    84M |  35 | 137 |2279 |4355 |2279 | 619 |   0 |  24k|   0 |-9.000000e+00 |-8.000000e+00 |  12.50%
  742s| 33800 |    48 |  9130k| 270.0 |    84M |  35 |   - |2279 |4359 |2279 | 619 |   0 |  24k|   0 |-9.000000e+00 |-8.000000e+00 |  12.50%
  743s| 33900 |    46 |  9152k| 269.8 |    84M |  35 | 167 |2279 |4331 |2279 | 619 |   0 |  24k|   0 |-9.000000e+00 |-8.000000e+00 |  12.50%
  745s| 34000 |    40 |  9172k| 269.6 |    84M |  35 | 151 |2279 |4329 |2279 | 619 |   0 |  24k|   0 |-9.000000e+00 |-8.000000e+00 |  12.50%
  747s| 34100 |    34 |  9194k| 269.4 |    84M |  35 |   - |2279 |4350 |2279 | 619 |   0 |  24k|   0 |-9.000000e+00 |-8.000000e+00 |  12.50%
 time | node  | left  |LP iter|LP it/n|mem/heur|mdpt |frac |vars |cons |cols |rows |cuts |confs|strbr|  dualbound   | primalbound  |  gap   
  750s| 34200 |    36 |  9218k| 269.4 |    84M |  35 |   - |2279 |4261 |2279 | 619 |   0 |  24k|   0 |-9.000000e+00 |-8.000000e+00 |  12.50%
  752s| 34300 |    32 |  9236k| 269.1 |    84M |  35 |   - |2279 |4262 |2279 | 619 |   0 |  24k|   0 |-9.000000e+00 |-8.000000e+00 |  12.50%
  755s| 34400 |    32 |  9259k| 269.0 |    84M |  35 | 134 |2279 |4263 |2279 | 619 |   0 |  24k|   0 |-9.000000e+00 |-8.000000e+00 |  12.50%
  758s| 34500 |    21 |  9285k| 269.0 |    84M |  35 | 199 |2279 |4134 |2279 | 619 |   0 |  25k|   0 |-9.000000e+00 |-8.000000e+00 |  12.50%
  760s| 34600 |    40 |  9308k| 268.9 |    84M |  35 |   - |2279 |4119 |2279 | 619 |   0 |  25k|   0 |-9.000000e+00 |-8.000000e+00 |  12.50%
  762s| 34700 |    36 |  9332k| 268.8 |    84M |  35 | 154 |2279 |4156 |2279 | 619 |   0 |  25k|   0 |-9.000000e+00 |-8.000000e+00 |  12.50%
  764s| 34800 |    36 |  9356k| 268.7 |    84M |  35 |  92 |2279 |4185 |2279 | 619 |   0 |  25k|   0 |-9.000000e+00 |-8.000000e+00 |  12.50%
  765s| 34900 |    39 |  9376k| 268.5 |    84M |  35 |   - |2279 |4262 |2279 | 619 |   0 |  25k|   0 |-9.000000e+00 |-8.000000e+00 |  12.50%
  767s| 35000 |    35 |  9397k| 268.3 |    84M |  35 |   - |2279 |4331 |2279 | 619 |   0 |  25k|   0 |-9.000000e+00 |-8.000000e+00 |  12.50%
  768s| 35100 |    25 |  9418k| 268.2 |    84M |  35 |   - |2279 |4373 |2279 | 619 |   0 |  25k|   0 |-9.000000e+00 |-8.000000e+00 |  12.50%
  770s| 35200 |    28 |  9450k| 268.3 |    84M |  35 | 121 |2279 |4384 |2279 | 619 |   0 |  25k|   0 |-9.000000e+00 |-8.000000e+00 |  12.50%
  773s| 35300 |    36 |  9480k| 268.4 |    84M |  35 | 130 |2279 |4413 |2279 | 619 |   0 |  25k|   0 |-9.000000e+00 |-8.000000e+00 |  12.50%
  775s| 35400 |    26 |  9507k| 268.4 |    84M |  35 |   - |2279 |4490 |2279 | 619 |   0 |  25k|   0 |-9.000000e+00 |-8.000000e+00 |  12.50%
  777s| 35500 |    30 |  9531k| 268.3 |    84M |  35 |  95 |2279 |4536 |2279 | 619 |   0 |  25k|   0 |-9.000000e+00 |-8.000000e+00 |  12.50%
  779s| 35600 |    25 |  9555k| 268.2 |    84M |  35 |  50 |2279 |4587 |2279 | 619 |   0 |  26k|   0 |-9.000000e+00 |-8.000000e+00 |  12.50%
 time | node  | left  |LP iter|LP it/n|mem/heur|mdpt |frac |vars |cons |cols |rows |cuts |confs|strbr|  dualbound   | primalbound  |  gap   
  782s| 35700 |    27 |  9585k| 268.3 |    84M |  35 | 106 |2279 |3907 |2279 | 619 |   2 |  26k|   0 |-9.000000e+00 |-8.000000e+00 |  12.50%
  785s| 35800 |    24 |  9611k| 268.3 |    85M |  35 | 136 |2279 |3938 |2279 | 619 |   2 |  26k|   0 |-9.000000e+00 |-8.000000e+00 |  12.50%
  788s| 35900 |    23 |  9641k| 268.4 |    85M |  35 |  98 |2279 |4013 |2279 | 619 |   2 |  26k|   0 |-9.000000e+00 |-8.000000e+00 |  12.50%
  790s| 36000 |    21 |  9667k| 268.4 |    85M |  35 |   - |2279 |4025 |   0 |   0 |   2 |  26k|   0 |-9.000000e+00 |-8.000000e+00 |  12.50%
  793s| 36100 |    23 |  9696k| 268.4 |    85M |  35 | 120 |2279 |3984 |2279 | 619 |   2 |  26k|   0 |-9.000000e+00 |-8.000000e+00 |  12.50%
  795s| 36200 |    15 |  9719k| 268.3 |    85M |  35 |   - |2279 |3984 |2279 | 619 |   2 |  26k|   0 |-9.000000e+00 |-8.000000e+00 |  12.50%

SCIP Status        : problem is solved [optimal solution found]
Solving Time (sec) : 796.83
Solving Nodes      : 36254
Primal Bound       : -8.00000000000000e+00 (1 solutions)
Dual Bound         : -8.00000000000000e+00
Gap                : 0.00 %

Number of variables fixed to 0 by isomorphism pruning:	117851
Number of variables fixed to 1 by isomorphism pruning:	  1543
@04 1686574770
