FILENAME:   /home/mcs001/s132664/testsets/IP/miplib2017/comp12-2idx.mps.gz
SETTINGS:   settings_isopr_ostrowskidynamicbranching_avoidsubtreenodes
TIMELIMIT:  7200
OUTPUTNAME: final_miplib_symretope_if_extended_generating_set_cpx_v802__settings_isopr_ostrowskidynamicbranching_avoidsubtreenodes__2__
BINNAME:    bin/symmetries.linux.x86_64.gnu.opt.cpx
BASENAME:   comp12-2idx.mps.gz
SEED:       2
@01 /home/mcs001/s132664/testsets/IP/miplib2017/comp12-2idx.mps.gz ===========
@02 comp12-2idx.mps.gz
@03 1686575845
SCIP version 8.0.2 [precision: 8 byte] [memory: block] [mode: optimized] [LP solver: CPLEX 20.1.0.0] [GitHash: 5f0473c]
Copyright (C) 2002-2022 Konrad-Zuse-Zentrum fuer Informationstechnik Berlin (ZIB)

Symmetry handling routines - (c) Marc Pfetsch, Thomas Rehn, Christopher Hojny.
[GitHash: a1587cb]


Turned off presolver <gateextraction>.
reading parameter file <../settings/settings_isopr_ostrowskidynamicbranching_avoidsubtreenodes.set> ...

Changed settings:
limits/time = 7200
limits/restarts = 0
randomization/randomseedshift = 2
constraints/orbitope/sepafreq = -1
constraints/orbitope/propfreq = 1
presolving/gateextraction/maxrounds = 0
propagating/isoprune/avoidsubtreenodes = TRUE
useisoprune = TRUE


solving problem ...

original problem has 11863 variables (11820 bin, 43 int, 0 impl, 0 cont) and 16803 constraints
presolving:
(round 1, fast)       1078 del vars, 137 del conss, 0 add conss, 122 chg bounds, 0 chg sides, 0 chg coeffs, 0 upgd conss, 0 impls, 11395 clqs
(round 2, exhaustive) 1078 del vars, 137 del conss, 0 add conss, 122 chg bounds, 0 chg sides, 0 chg coeffs, 16269 upgd conss, 0 impls, 11395 clqs
(round 3, exhaustive) 1078 del vars, 137 del conss, 0 add conss, 122 chg bounds, 0 chg sides, 0 chg coeffs, 16537 upgd conss, 0 impls, 11395 clqs
(round 4, medium)     1080 del vars, 306 del conss, 320 add conss, 122 chg bounds, 330 chg sides, 1053 chg coeffs, 16537 upgd conss, 0 impls, 11546 clqs
(round 5, fast)       1080 del vars, 355 del conss, 320 add conss, 122 chg bounds, 330 chg sides, 1053 chg coeffs, 16537 upgd conss, 0 impls, 11546 clqs
(round 6, fast)       2153 del vars, 1428 del conss, 320 add conss, 122 chg bounds, 330 chg sides, 1053 chg coeffs, 16537 upgd conss, 0 impls, 10473 clqs
   (7.0s) probing: 1000/9667 (10.3%) - 0 fixings, 0 aggregations, 26085 implications, 0 bound changes
   (7.0s) probing: 1001/9667 (10.4%) - 0 fixings, 0 aggregations, 26085 implications, 0 bound changes
   (7.0s) probing aborted: 1000/1000 successive useless probings
Required symmetry:			(1 bin, 0 int, 0 cont); (fixed: 0 bin, 1 int, 0 cont)
Time for symmetry detection:		1.01 	(matrix graph, 40354 nodes, 139490 edges)
Number of generators:			703 	(max: 1500)
Log10 of symmetry group order:		279.7
Number of vars moved by some symmetry:	1476
Total time for symmetry detection:	1.77

Turned off presolver <domcol>.
Turned off presolver <components>.

presolving (7 rounds: 7 fast, 4 medium, 3 exhaustive):
 2153 deleted vars, 1428 deleted constraints, 320 added constraints, 122 tightened bounds, 0 added holes, 330 changed sides, 1209 changed coefficients
 1 implications, 36557 cliques
presolved problem has 9710 variables (9667 bin, 43 int, 0 impl, 0 cont) and 15696 constraints
   3869 constraints of type <knapsack>
  10473 constraints of type <setppc>
    129 constraints of type <linear>
   1224 constraints of type <logicor>
      1 constraints of type <symmetries>
transformed objective value is always integral (scale: 1)
Presolving Time: 8.80

 time | node  | left  |LP iter|LP it/n|mem/heur|mdpt |frac |vars |cons |cols |rows |cuts |confs|strbr|  dualbound   | primalbound  |  gap   
 11.3s|     1 |     0 |  4594 |     - |   147M |   0 | 682 |9710 |  15k|9710 |  15k|   0 |  28 |   0 | 2.285714e+00 |      --      |    Inf 
 20.8s|     1 |     2 | 10630 |     - |   155M |   0 | 682 |9710 |  15k|9710 |  15k|   0 |  29 |  19 | 5.535714e+00 |      --      |    Inf 
d80.9s|    30 |    31 | 31876 | 732.6 |fracdivi|  16 |   - |9710 |  15k|9710 |  15k|   0 |  30 | 445 | 5.785714e+00 | 1.314000e+03 |  Large 
i80.9s|    31 |    30 | 31876 | 708.2 |  oneopt|  16 |   - |9710 |  15k|9710 |  15k|   0 |  30 | 445 | 5.785714e+00 | 1.308000e+03 |  Large 
d 116s|    90 |    91 | 85911 | 845.9 |linesear|  17 |   - |9710 |  15k|9710 |  15k|   0 |  34 | 493 | 5.785714e+00 | 1.031000e+03 |  Large 
i 116s|    90 |    91 | 85911 | 845.9 |  oneopt|  17 | 527 |9710 |  15k|9710 |  15k|   0 |  34 | 493 | 5.785714e+00 | 8.890000e+02 |  Large 
  124s|   100 |   101 | 95674 | 859.0 |   163M |  17 | 646 |9710 |  15k|9710 |  15k|   0 |  34 | 506 | 5.785714e+00 | 8.890000e+02 |  Large 
d 137s|   138 |   139 |120887 | 804.8 |distribu|  19 |   - |9710 |  15k|9710 |  15k|   0 |  37 | 546 | 5.785714e+00 | 8.580000e+02 |  Large 
d 154s|   161 |   162 |160454 | 936.4 |distribu|  19 |   - |9710 |  15k|9710 |  15k|   0 | 117 | 546 | 5.785714e+00 | 8.340000e+02 |  Large 
  182s|   200 |   201 |224292 |1073.7 |   180M |  20 | 513 |9710 |  15k|9710 |  15k|   0 | 220 | 567 | 5.785714e+00 | 8.340000e+02 |  Large 
  218s|   300 |   301 |292665 | 943.3 |   183M |  22 | 551 |9710 |  15k|9710 |  15k|   0 | 264 | 610 | 9.333333e+00 | 8.340000e+02 |8835.71%
L 243s|   361 |   362 |328586 | 883.2 |crossove|  22 | 533 |9710 |  15k|9710 |  15k|   0 | 310 | 647 | 9.333333e+00 | 8.040000e+02 |8514.29%
  263s|   400 |   401 |360779 | 877.6 |   187M |  22 | 544 |9710 |  15k|9710 |  15k|   0 | 323 | 679 | 9.333333e+00 | 8.040000e+02 |8514.29%
d 283s|   442 |   443 |398698 | 880.0 |distribu|  22 |   - |9710 |  15k|9710 |  15k|   0 | 338 | 701 | 9.333333e+00 | 7.810000e+02 |8267.86%
  332s|   500 |   501 |475257 | 931.1 |   192M |  22 | 558 |9710 |  15k|9710 |  15k|   0 | 357 | 748 | 9.333333e+00 | 7.810000e+02 |8267.86%
 time | node  | left  |LP iter|LP it/n|mem/heur|mdpt |frac |vars |cons |cols |rows |cuts |confs|strbr|  dualbound   | primalbound  |  gap   
  385s|   600 |   601 |561631 | 919.9 |   198M |  22 | 680 |9710 |  15k|9710 |  15k|   0 | 460 | 822 | 9.333333e+00 | 7.810000e+02 |8267.86%
  437s|   700 |   701 |655483 | 922.5 |   201M |  22 | 675 |9710 |  15k|9710 |  15k|   0 | 525 | 929 | 9.333333e+00 | 7.810000e+02 |8267.86%
d 462s|   739 |   740 |698964 | 932.7 |distribu|  22 |   - |9710 |  15k|9710 |  15k|   0 | 527 | 955 | 9.333333e+00 | 7.270000e+02 |7689.29%
  483s|   800 |   801 |738282 | 910.7 |   204M |  23 | 571 |9710 |  15k|9710 |  15k|   0 | 604 | 995 | 1.178571e+01 | 7.270000e+02 |6068.48%
  515s|   900 |   901 |797613 | 875.4 |   205M |  23 | 533 |9710 |  15k|9710 |  15k|   0 | 649 |1059 | 1.183333e+01 | 7.270000e+02 |6043.66%
L 534s|   939 |   940 |828748 | 872.2 |    rins|  25 | 642 |9710 |  15k|9710 |  15k|   0 | 685 |1095 | 1.183333e+01 | 7.000000e+02 |5815.49%
  589s|  1000 |  1001 |897341 | 887.6 |   206M |  25 | 499 |9710 |  15k|9710 |  15k|   0 | 700 |1141 | 1.183333e+01 | 7.000000e+02 |5815.49%
  624s|  1100 |  1101 |958626 | 862.6 |   208M |  25 | 534 |9710 |  15k|9710 |  15k|   0 | 759 |1218 | 1.195238e+01 | 7.000000e+02 |5756.57%
L 640s|  1174 |  1175 |982669 | 828.7 |    rins|  25 | 514 |9710 |  15k|9710 |  15k|   0 | 769 |1263 | 1.250000e+01 | 6.920000e+02 |5436.00%
  649s|  1200 |  1201 |999044 | 824.4 |   209M |  25 | 584 |9710 |  15k|9710 |  15k|   0 | 769 |1283 | 1.267647e+01 | 6.920000e+02 |5358.93%
  689s|  1300 |  1301 |  1073k| 818.0 |   210M |  25 | 584 |9710 |  15k|9710 |  15k|   0 | 799 |1374 | 1.267647e+01 | 6.920000e+02 |5358.93%
L 716s|  1374 |  1375 |  1127k| 813.3 |    rins|  25 | 619 |9710 |  15k|9710 |  15k|   0 | 894 |1439 | 1.333333e+01 | 6.900000e+02 |5075.00%
  727s|  1400 |  1401 |  1143k| 809.6 |   212M |  25 | 579 |9710 |  15k|9710 |  15k|   0 | 894 |1464 | 1.333333e+01 | 6.900000e+02 |5075.00%
  773s|  1500 |  1501 |  1222k| 808.3 |   215M |  25 | 652 |9710 |  15k|9710 |  15k|   0 | 971 |1555 | 1.371429e+01 | 6.900000e+02 |4931.25%
  816s|  1600 |  1601 |  1294k| 802.9 |   216M |  25 | 512 |9710 |  15k|9710 |  15k|   0 |1019 |1635 | 1.400000e+01 | 6.900000e+02 |4828.57%
 time | node  | left  |LP iter|LP it/n|mem/heur|mdpt |frac |vars |cons |cols |rows |cuts |confs|strbr|  dualbound   | primalbound  |  gap   
L 870s|  1691 |  1692 |  1391k| 817.3 |    rins|  25 | 688 |9710 |  15k|9710 |  15k|   0 |1088 |1727 | 1.473626e+01 | 6.650000e+02 |4412.68%
  875s|  1700 |  1701 |  1400k| 818.0 |   217M |  25 | 564 |9710 |  15k|9710 |  15k|   0 |1088 |1735 | 1.473626e+01 | 6.650000e+02 |4412.68%
  919s|  1800 |  1801 |  1474k| 813.8 |   219M |  37 | 499 |9710 |  16k|9710 |  15k|   0 |1149 |1834 | 1.473626e+01 | 6.650000e+02 |4412.68%
  973s|  1900 |  1901 |  1578k| 825.6 |   221M |  44 | 627 |9710 |  16k|9710 |  15k|   0 |1267 |1946 | 1.473626e+01 | 6.650000e+02 |4412.68%
 1042s|  2000 |  2001 |  1705k| 847.7 |   221M |  44 | 677 |9710 |  16k|9710 |  15k|   0 |1358 |2096 | 1.473626e+01 | 6.650000e+02 |4412.68%
 1092s|  2100 |  2101 |  1796k| 850.8 |   223M |  45 | 619 |9710 |  16k|9710 |  15k|   0 |1544 |2206 | 1.473626e+01 | 6.650000e+02 |4412.68%
 1157s|  2200 |  2201 |  1905k| 861.5 |   225M |  45 | 553 |9710 |  16k|9710 |  15k|   0 |1718 |2318 | 1.473626e+01 | 6.650000e+02 |4412.68%
 1210s|  2300 |  2301 |  1994k| 863.1 |   225M |  45 | 501 |9710 |  16k|9710 |  15k|   0 |1761 |2429 | 1.473626e+01 | 6.650000e+02 |4412.68%
 1255s|  2400 |  2401 |  2076k| 861.2 |   227M |  45 | 569 |9710 |  16k|9710 |  15k|   0 |1876 |2521 | 1.473626e+01 | 6.650000e+02 |4412.68%
 1311s|  2500 |  2499 |  2175k| 866.2 |   228M |  45 | 529 |9710 |  16k|9710 |  15k|   0 |1944 |2667 | 1.473626e+01 | 6.650000e+02 |4412.68%
 1375s|  2600 |  2595 |  2277k| 872.3 |   229M |  45 | 501 |9710 |  16k|9710 |  15k|   0 |2017 |2782 | 1.473626e+01 | 6.650000e+02 |4412.68%
 1409s|  2700 |  2695 |  2337k| 862.3 |   230M |  45 | 574 |9710 |  16k|9710 |  15k|   0 |2092 |2895 | 1.473626e+01 | 6.650000e+02 |4412.68%
 1448s|  2800 |  2795 |  2407k| 856.5 |   232M |  45 | 591 |9710 |  16k|9710 |  15k|   0 |2172 |3017 | 1.473626e+01 | 6.650000e+02 |4412.68%
 1502s|  2900 |  2895 |  2514k| 863.5 |   234M |  45 | 563 |9710 |  16k|9710 |  15k|   0 |2236 |3137 | 1.473626e+01 | 6.650000e+02 |4412.68%
 1554s|  3000 |  2995 |  2608k| 866.2 |   234M |  45 | 572 |9710 |  16k|9710 |  15k|   0 |2407 |3271 | 1.473626e+01 | 6.650000e+02 |4412.68%
 time | node  | left  |LP iter|LP it/n|mem/heur|mdpt |frac |vars |cons |cols |rows |cuts |confs|strbr|  dualbound   | primalbound  |  gap   
 1591s|  3100 |  3095 |  2675k| 859.8 |   236M |  45 | 582 |9710 |  16k|9710 |  15k|   0 |2422 |3376 | 1.473626e+01 | 6.650000e+02 |4412.68%
 1633s|  3200 |  3195 |  2755k| 858.0 |   236M |  45 | 476 |9710 |  16k|9710 |  15k|   0 |2523 |3458 | 1.473626e+01 | 6.650000e+02 |4412.68%
 1674s|  3300 |  3295 |  2839k| 857.5 |   237M |  45 | 564 |9710 |  16k|9710 |  15k|   0 |2642 |3534 | 1.473626e+01 | 6.650000e+02 |4412.68%
 1716s|  3400 |  3393 |  2917k| 855.3 |   239M |  45 | 561 |9710 |  16k|9710 |  15k|   0 |2768 |3629 | 1.473626e+01 | 6.650000e+02 |4412.68%
 1758s|  3500 |  3493 |  3005k| 855.8 |   240M |  45 | 533 |9710 |  16k|9710 |  15k|   0 |2821 |3702 | 1.473626e+01 | 6.650000e+02 |4412.68%
 1794s|  3600 |  3593 |  3079k| 852.7 |   240M |  45 | 641 |9710 |  16k|9710 |  15k|   0 |2896 |3743 | 1.473626e+01 | 6.650000e+02 |4412.68%
 1843s|  3700 |  3693 |  3179k| 856.6 |   241M |  45 | 542 |9710 |  16k|9710 |  15k|   0 |2964 |3778 | 1.473626e+01 | 6.650000e+02 |4412.68%
 1876s|  3800 |  3793 |  3256k| 854.5 |   242M |  45 | 540 |9710 |  16k|9710 |  15k|   0 |3009 |3787 | 1.473626e+01 | 6.650000e+02 |4412.68%
 1910s|  3900 |  3891 |  3334k| 852.5 |   242M |  45 | 438 |9710 |  16k|9710 |  15k|   0 |3036 |3824 | 1.473626e+01 | 6.650000e+02 |4412.68%
 1931s|  4000 |  3991 |  3380k| 842.7 |   243M |  45 | 574 |9710 |  16k|9710 |  15k|   0 |3126 |3908 | 1.500000e+01 | 6.650000e+02 |4333.33%
 1958s|  4100 |  4089 |  3441k| 837.0 |   245M |  45 | 441 |9710 |  16k|9710 |  15k|   0 |3265 |4016 | 1.522857e+01 | 6.650000e+02 |4266.79%
o1969s|  4108 |  4097 |  3455k| 838.8 |objpscos|  45 |   0 |9710 |  16k|9710 |  15k|   0 |3265 |4049 | 1.522857e+01 | 6.330000e+02 |4056.66%
 1996s|  4200 |  4189 |  3510k| 833.6 |   247M |  53 | 597 |9710 |  16k|9710 |  15k|   0 |3338 |4226 | 1.522857e+01 | 6.330000e+02 |4056.66%
 2039s|  4300 |  4287 |  3600k| 835.1 |   247M |  53 | 564 |9710 |  16k|9710 |  15k|   0 |3390 |4275 | 1.580000e+01 | 6.330000e+02 |3906.33%
L2043s|  4308 |  4295 |  3605k| 834.7 |    rins|  53 | 579 |9710 |  15k|9710 |  15k|   0 |3403 |4287 | 1.580000e+01 | 6.170000e+02 |3805.06%
 time | node  | left  |LP iter|LP it/n|mem/heur|mdpt |frac |vars |cons |cols |rows |cuts |confs|strbr|  dualbound   | primalbound  |  gap   
 2090s|  4400 |  4385 |  3711k| 841.4 |   251M |  53 | 495 |9710 |  15k|9710 |  15k|   0 |3469 |4325 | 1.580000e+01 | 6.170000e+02 |3805.06%
o2133s|  4488 |  4473 |  3788k| 841.9 |objpscos|  68 |   0 |9710 |  15k|9710 |  15k|   0 |3521 |4450 | 1.580000e+01 | 5.400000e+02 |3317.72%
 2134s|  4500 |  4485 |  3789k| 839.9 |   253M |  68 | 397 |9710 |  15k|9710 |  15k|   0 |3521 |4479 | 1.580000e+01 | 5.400000e+02 |3317.72%
 2153s|  4600 |  4585 |  3819k| 828.3 |   253M |  77 | 334 |9710 |  15k|9710 |  15k|   0 |3564 |4602 | 1.580000e+01 | 5.400000e+02 |3317.72%
 2158s|  4700 |  4685 |  3823k| 811.5 |   254M | 126 |  33 |9710 |  15k|9710 |  15k|   0 |3564 |4682 | 1.580000e+01 | 5.400000e+02 |3317.72%
*2158s|  4721 |  4697 |  3823k| 807.9 |    LP  | 144 |   - |9710 |  15k|9710 |  15k|   0 |3564 |4685 | 1.580000e+01 | 5.380000e+02 |3305.06%
*2158s|  4728 |  4696 |  3824k| 806.7 |    LP  | 145 |   - |9710 |  15k|9710 |  15k|   0 |3564 |4685 | 1.580000e+01 | 5.360000e+02 |3292.41%
*2158s|  4748 |  4693 |  3824k| 803.4 |    LP  | 146 |   - |9710 |  15k|9710 |  15k|   0 |3574 |4688 | 1.580000e+01 | 5.270000e+02 |3235.44%
*2159s|  4755 |  4692 |  3824k| 802.2 |    LP  | 146 |   - |9710 |  15k|9710 |  15k|   0 |3574 |4688 | 1.580000e+01 | 5.250000e+02 |3222.78%
*2159s|  4769 |  4691 |  3824k| 799.9 |    LP  | 146 |   - |9710 |  15k|9710 |  15k|   0 |3574 |4688 | 1.580000e+01 | 5.240000e+02 |3216.46%
 2159s|  4800 |  4699 |  3824k| 794.7 |   260M | 146 |   8 |9710 |  15k|9710 |  15k|   0 |3583 |4688 | 1.580000e+01 | 5.240000e+02 |3216.46%
 2169s|  4900 |  4713 |  3835k| 780.7 |   260M | 149 |   - |9710 |  15k|9710 |  15k|   0 |3603 |4709 | 1.580000e+01 | 5.240000e+02 |3216.46%
 2192s|  5000 |  4745 |  3866k| 771.4 |   260M | 151 |   - |9710 |  15k|9710 |  15k|   0 |3645 |4763 | 1.587594e+01 | 5.240000e+02 |3200.59%
 2201s|  5100 |  4759 |  3884k| 759.7 |   261M | 151 |   - |9710 |  15k|9710 |  15k|   0 |3674 |4785 | 1.592857e+01 | 5.240000e+02 |3189.69%
 2203s|  5200 |  4763 |  3885k| 745.2 |   261M | 151 |  10 |9710 |  15k|9710 |  15k|   0 |3688 |4785 | 1.592857e+01 | 5.240000e+02 |3189.69%
 time | node  | left  |LP iter|LP it/n|mem/heur|mdpt |frac |vars |cons |cols |rows |cuts |confs|strbr|  dualbound   | primalbound  |  gap   
 2204s|  5300 |  4765 |  3885k| 731.3 |   261M | 151 |   4 |9710 |  15k|9710 |  15k|   0 |3698 |4785 | 1.592857e+01 | 5.240000e+02 |3189.69%
 2214s|  5400 |  4781 |  3904k| 721.3 |   261M | 152 |   6 |9710 |  15k|9710 |  15k|   0 |3707 |4797 | 1.592857e+01 | 5.240000e+02 |3189.69%
*2220s|  5470 |  4797 |  3919k| 714.7 |    LP  | 152 |   - |9710 |  15k|9710 |  15k|   0 |3712 |4799 | 1.592857e+01 | 5.230000e+02 |3183.41%
 2221s|  5500 |  4797 |  3919k| 710.9 |   262M | 152 |  18 |9710 |  15k|9710 |  15k|   0 |3715 |4799 | 1.592857e+01 | 5.230000e+02 |3183.41%
 2222s|  5600 |  4799 |  3920k| 698.3 |   262M | 153 |   - |9710 |  15k|9710 |  15k|   0 |3729 |4799 | 1.592857e+01 | 5.230000e+02 |3183.41%
L2224s|  5670 |  4784 |  3921k| 689.8 |crossove| 156 |   - |9710 |  15k|9710 |  15k|   0 |3738 |4799 | 1.592857e+01 | 5.150000e+02 |3133.18%
 2227s|  5700 |  4806 |  3929k| 687.6 |   262M | 156 |  29 |9710 |  15k|9710 |  15k|   0 |3754 |4799 | 1.592857e+01 | 5.150000e+02 |3133.18%
 2240s|  5800 |  4852 |  3952k| 679.8 |   262M | 156 |  23 |9710 |  16k|9710 |  15k|   0 |3813 |4833 | 1.595982e+01 | 5.150000e+02 |3126.85%
L2246s|  5870 |  4835 |  3960k| 673.0 |crossove| 156 | 597 |9710 |  16k|9710 |  15k|   0 |3829 |4841 | 1.595982e+01 | 5.010000e+02 |3039.13%
 2249s|  5900 |  4854 |  3966k| 670.6 |   263M | 156 |  31 |9710 |  16k|9710 |  15k|   0 |3870 |4847 | 1.595982e+01 | 5.010000e+02 |3039.13%
 2252s|  6000 |  4877 |  3971k| 660.2 |   265M | 156 | 660 |9710 |  16k|9710 |  15k|   0 |3900 |4859 | 1.595982e+01 | 5.010000e+02 |3039.13%
 2269s|  6100 |  4922 |  4002k| 654.5 |   267M | 156 |  19 |9710 |  16k|9710 |  15k|   0 |3939 |4903 | 1.595982e+01 | 5.010000e+02 |3039.13%
 2286s|  6200 |  4952 |  4034k| 649.1 |   267M | 156 |   - |9710 |  16k|9710 |  15k|   0 |3984 |4923 | 1.600000e+01 | 5.010000e+02 |3031.25%
 2301s|  6300 |  4972 |  4057k| 642.5 |   267M | 156 |   - |9710 |  16k|9710 |  15k|   0 |4016 |4936 | 1.600000e+01 | 5.010000e+02 |3031.25%
 2314s|  6400 |  4992 |  4079k| 635.9 |   268M | 156 |  27 |9710 |  16k|9710 |  15k|   0 |4055 |4949 | 1.600000e+01 | 5.010000e+02 |3031.25%
 time | node  | left  |LP iter|LP it/n|mem/heur|mdpt |frac |vars |cons |cols |rows |cuts |confs|strbr|  dualbound   | primalbound  |  gap   
 2336s|  6500 |  5050 |  4122k| 632.7 |   268M | 156 |  29 |9710 |  16k|9710 |  15k|   0 |4160 |4966 | 1.616667e+01 | 5.010000e+02 |2998.97%
 2348s|  6600 |  5070 |  4144k| 626.5 |   268M | 156 |   - |9710 |  16k|9710 |  15k|   0 |4175 |4971 | 1.630357e+01 | 5.010000e+02 |2972.95%
 2361s|  6700 |  5094 |  4167k| 620.5 |   268M | 156 |   - |9710 |  16k|9710 |  15k|   0 |4204 |4986 | 1.630357e+01 | 5.010000e+02 |2972.95%
 2372s|  6800 |  5114 |  4186k| 614.2 |   268M | 156 |  53 |9710 |  16k|9710 |  15k|   0 |4242 |5006 | 1.630357e+01 | 5.010000e+02 |2972.95%
L2382s|  6832 |  5111 |  4198k| 613.0 |    rins| 156 | 589 |9710 |  16k|9710 |  15k|   0 |4242 |5034 | 1.644737e+01 | 4.980000e+02 |2927.84%
 2393s|  6900 |  5123 |  4224k| 610.8 |   269M | 156 |   - |9710 |  16k|9710 |  15k|   0 |4251 |5040 | 1.644737e+01 | 4.980000e+02 |2927.84%
 2413s|  7000 |  5161 |  4269k| 608.4 |   269M | 156 |  40 |9710 |  16k|9710 |  15k|   0 |4288 |5047 | 1.644737e+01 | 4.980000e+02 |2927.84%
 2415s|  7100 |  5179 |  4269k| 600.0 |   269M | 156 |  34 |9710 |  16k|9710 |  15k|   0 |4300 |5051 | 1.644737e+01 | 4.980000e+02 |2927.84%
 2428s|  7200 |  5209 |  4294k| 595.1 |   271M | 156 |   - |9710 |  16k|9710 |  15k|   0 |4339 |5054 | 1.644737e+01 | 4.980000e+02 |2927.84%
 2437s|  7300 |  5237 |  4309k| 589.0 |   271M | 156 |   - |9710 |  16k|9710 |  15k|   0 |4371 |5063 | 1.644737e+01 | 4.980000e+02 |2927.84%
 2451s|  7400 |  5273 |  4335k| 584.5 |   271M | 156 |  40 |9710 |  16k|9710 |  15k|   0 |4398 |5064 | 1.644737e+01 | 4.980000e+02 |2927.84%
 2477s|  7500 |  5301 |  4382k| 583.0 |   271M | 156 |  43 |9710 |  16k|9710 |  15k|   0 |4445 |5092 | 1.650000e+01 | 4.980000e+02 |2918.18%
 2491s|  7600 |  5317 |  4403k| 578.1 |   272M | 156 |  50 |9710 |  16k|9710 |  15k|   0 |4476 |5110 | 1.650000e+01 | 4.980000e+02 |2918.18%
 2503s|  7700 |  5339 |  4422k| 573.1 |   272M | 156 |  34 |9710 |  16k|9710 |  15k|   0 |4502 |5119 | 1.650000e+01 | 4.980000e+02 |2918.18%
 2514s|  7800 |  5335 |  4441k| 568.1 |   273M | 156 |   - |9710 |  16k|9710 |  15k|   0 |4535 |5135 | 1.650000e+01 | 4.980000e+02 |2918.18%
 time | node  | left  |LP iter|LP it/n|mem/heur|mdpt |frac |vars |cons |cols |rows |cuts |confs|strbr|  dualbound   | primalbound  |  gap   
 2529s|  7900 |  5359 |  4466k| 564.1 |   273M | 156 |   - |9710 |  16k|9710 |  15k|   0 |4565 |5169 | 1.650000e+01 | 4.980000e+02 |2918.18%
 2531s|  8000 |  5365 |  4467k| 557.2 |   273M | 156 |  35 |9710 |  16k|9710 |  15k|   0 |4600 |5169 | 1.650000e+01 | 4.980000e+02 |2918.18%
 2533s|  8100 |  5371 |  4468k| 550.4 |   274M | 156 |   - |9710 |  16k|9710 |  15k|   0 |4641 |5170 | 1.650000e+01 | 4.980000e+02 |2918.18%
 2549s|  8200 |  5413 |  4493k| 546.7 |   274M | 156 |  33 |9710 |  16k|9710 |  15k|   0 |4741 |5223 | 1.650000e+01 | 4.980000e+02 |2918.18%
 2558s|  8300 |  5429 |  4507k| 541.9 |   276M | 156 |   - |9710 |  16k|9710 |  15k|   0 |4784 |5240 | 1.650000e+01 | 4.980000e+02 |2918.18%
 2570s|  8400 |  5453 |  4524k| 537.4 |   276M | 156 |   - |9710 |  16k|9710 |  15k|   0 |4854 |5273 | 1.650000e+01 | 4.980000e+02 |2918.18%
 2584s|  8500 |  5475 |  4541k| 533.1 |   277M | 156 |   - |9710 |  16k|9710 |  15k|   0 |4895 |5316 | 1.656250e+01 | 4.980000e+02 |2906.79%
 2608s|  8600 |  5515 |  4585k| 532.1 |   277M | 156 |  39 |9710 |  16k|9710 |  15k|   0 |4957 |5333 | 1.661905e+01 | 4.980000e+02 |2896.56%
 2618s|  8700 |  5513 |  4598k| 527.4 |   277M | 156 |   - |9710 |  16k|9710 |  15k|   0 |5000 |5366 | 1.664286e+01 | 4.980000e+02 |2892.27%
 2635s|  8800 |  5549 |  4628k| 524.9 |   277M | 156 |  37 |9710 |  16k|9710 |  15k|   0 |5018 |5400 | 1.680952e+01 | 4.980000e+02 |2862.61%
 2641s|  8900 |  5551 |  4634k| 519.6 |   279M | 156 | 483 |9710 |  16k|9710 |  15k|   0 |5120 |5433 | 1.680952e+01 | 4.980000e+02 |2862.61%
 2674s|  9000 |  5597 |  4697k| 520.8 |   279M | 156 |  47 |9710 |  16k|9710 |  15k|   0 |5181 |5518 | 1.683333e+01 | 4.980000e+02 |2858.42%
 2699s|  9100 |  5621 |  4739k| 519.7 |   279M | 156 |  46 |9710 |  16k|9710 |  15k|   0 |5198 |5569 | 1.683333e+01 | 4.980000e+02 |2858.42%
 2706s|  9200 |  5639 |  4749k| 515.2 |   280M | 156 |   - |9710 |  16k|9710 |  15k|   0 |5236 |5584 | 1.683333e+01 | 4.980000e+02 |2858.42%
 2715s|  9300 |  5655 |  4764k| 511.2 |   280M | 156 |   - |9710 |  16k|9710 |  15k|   0 |5255 |5604 | 1.683333e+01 | 4.980000e+02 |2858.42%
 time | node  | left  |LP iter|LP it/n|mem/heur|mdpt |frac |vars |cons |cols |rows |cuts |confs|strbr|  dualbound   | primalbound  |  gap   
 2719s|  9400 |  5675 |  4770k| 506.4 |   280M | 156 |   - |9710 |  16k|9710 |  15k|   0 |5282 |5605 | 1.692857e+01 | 4.980000e+02 |2841.77%
 2739s|  9500 |  5715 |  4801k| 504.4 |   281M | 156 | 535 |9710 |  16k|9710 |  15k|   0 |5303 |5634 | 1.700000e+01 | 4.980000e+02 |2829.41%
 2745s|  9600 |  5725 |  4811k| 500.1 |   283M | 156 |   - |9710 |  16k|9710 |  15k|   0 |5414 |5661 | 1.700000e+01 | 4.980000e+02 |2829.41%
 2773s|  9700 |  5775 |  4857k| 499.8 |   284M | 156 |   - |9710 |  16k|9710 |  15k|   0 |5471 |5733 | 1.712500e+01 | 4.980000e+02 |2808.03%
 2798s|  9800 |  5805 |  4895k| 498.5 |   286M | 156 |   - |9710 |  16k|9710 |  15k|   0 |5526 |5777 | 1.717647e+01 | 4.980000e+02 |2799.32%
 2805s|  9900 |  5831 |  4907k| 494.7 |   286M | 156 |  31 |9710 |  16k|9710 |  15k|   0 |5588 |5781 | 1.717647e+01 | 4.980000e+02 |2799.32%
 2824s| 10000 |  5863 |  4940k| 493.0 |   286M | 156 | 776 |9710 |  16k|9710 |  15k|   0 |5635 |5822 | 1.725000e+01 | 4.980000e+02 |2786.96%
 2852s| 10100 |  5907 |  4995k| 493.6 |   286M | 156 | 592 |9710 |  16k|9710 |  15k|   0 |5669 |5861 | 1.725000e+01 | 4.980000e+02 |2786.96%
 2857s| 10200 |  5917 |  5006k| 489.9 |   286M | 156 |  29 |9710 |  16k|9710 |  15k|   0 |5707 |5865 | 1.725000e+01 | 4.980000e+02 |2786.96%
 2877s| 10300 |  5961 |  5043k| 488.7 |   286M | 156 | 777 |9710 |  16k|9710 |  15k|   0 |5758 |5898 | 1.726190e+01 | 4.980000e+02 |2784.97%
 2890s| 10400 |  5981 |  5060k| 485.6 |   286M | 156 |   - |9710 |  16k|9710 |  15k|   0 |5781 |5942 | 1.726190e+01 | 4.980000e+02 |2784.97%
 2915s| 10500 |  6033 |  5108k| 485.6 |   287M | 156 |   - |9710 |  16k|9710 |  15k|   0 |5824 |5986 | 1.728571e+01 | 4.980000e+02 |2780.99%
 2946s| 10600 |  6071 |  5150k| 485.0 |   287M | 156 | 722 |9710 |  16k|9710 |  15k|   0 |5883 |6081 | 1.730000e+01 | 4.980000e+02 |2778.61%
 2961s| 10700 |  6093 |  5181k| 483.3 |   287M | 156 |  31 |9710 |  16k|9710 |  15k|   0 |5937 |6095 | 1.730000e+01 | 4.980000e+02 |2778.61%
 2963s| 10800 |  6095 |  5182k| 478.9 |   287M | 156 |   - |9710 |  16k|9710 |  15k|   0 |5971 |6095 | 1.730000e+01 | 4.980000e+02 |2778.61%
 time | node  | left  |LP iter|LP it/n|mem/heur|mdpt |frac |vars |cons |cols |rows |cuts |confs|strbr|  dualbound   | primalbound  |  gap   
 2991s| 10900 |  6145 |  5231k| 479.1 |   288M | 156 |   - |9710 |  16k|9710 |  15k|   0 |6059 |6154 | 1.730000e+01 | 4.980000e+02 |2778.61%
 3000s| 11000 |  6159 |  5245k| 476.0 |   288M | 156 |  29 |9710 |  16k|9710 |  15k|   0 |6085 |6167 | 1.730000e+01 | 4.980000e+02 |2778.61%
L3000s| 11006 |  6156 |  5245k| 475.7 |    rins| 156 |  21 |9710 |  16k|9710 |  15k|   0 |6085 |6167 | 1.730000e+01 | 4.960000e+02 |2767.05%
 3032s| 11100 |  6216 |  5317k| 478.2 |   288M | 156 |  42 |9710 |  16k|9710 |  15k|   0 |6134 |6214 | 1.730000e+01 | 4.960000e+02 |2767.05%
 3049s| 11200 |  6248 |  5347k| 476.6 |   288M | 156 | 712 |9710 |  16k|9710 |  15k|   0 |6173 |6239 | 1.734314e+01 | 4.960000e+02 |2759.92%
L3051s| 11206 |  6209 |  5351k| 476.7 |    rins| 156 | 726 |9710 |  16k|9710 |  15k|   0 |6173 |6247 | 1.734314e+01 | 4.940000e+02 |2748.39%
 3108s| 11300 |  6245 |  5438k| 480.4 |   289M | 156 |  35 |9710 |  16k|9710 |  15k|   0 |6244 |6279 | 1.734314e+01 | 4.940000e+02 |2748.39%
 3117s| 11400 |  6265 |  5457k| 477.8 |   290M | 156 |  35 |9710 |  16k|9710 |  15k|   0 |6260 |6282 | 1.734314e+01 | 4.940000e+02 |2748.39%
 3126s| 11500 |  6289 |  5474k| 475.2 |   291M | 156 | 621 |9710 |  16k|9710 |  15k|   0 |6316 |6295 | 1.734314e+01 | 4.940000e+02 |2748.39%
 3140s| 11600 |  6313 |  5502k| 473.4 |   292M | 156 |   - |9710 |  16k|9710 |  15k|   0 |6399 |6299 | 1.734314e+01 | 4.940000e+02 |2748.39%
 3156s| 11700 |  6331 |  5528k| 471.7 |   292M | 156 |  33 |9710 |  16k|9710 |  15k|   0 |6427 |6321 | 1.734314e+01 | 4.940000e+02 |2748.39%
 3171s| 11800 |  6363 |  5559k| 470.2 |   292M | 156 |  41 |9710 |  16k|9710 |  15k|   0 |6451 |6335 | 1.734314e+01 | 4.940000e+02 |2748.39%
 3178s| 11900 |  6383 |  5572k| 467.4 |   292M | 156 |  25 |9710 |  16k|9710 |  15k|   0 |6485 |6335 | 1.734314e+01 | 4.940000e+02 |2748.39%
 3187s| 12000 |  6397 |  5589k| 464.9 |   292M | 156 |   - |9710 |  16k|9710 |  15k|   0 |6511 |6339 | 1.734314e+01 | 4.940000e+02 |2748.39%
 3194s| 12100 |  6419 |  5600k| 462.0 |   292M | 156 |   - |9710 |  16k|9710 |  15k|   0 |6534 |6340 | 1.734314e+01 | 4.940000e+02 |2748.39%
 time | node  | left  |LP iter|LP it/n|mem/heur|mdpt |frac |vars |cons |cols |rows |cuts |confs|strbr|  dualbound   | primalbound  |  gap   
 3203s| 12200 |  6435 |  5617k| 459.7 |   292M | 156 |  43 |9710 |  16k|9710 |  15k|   0 |6553 |6345 | 1.734314e+01 | 4.940000e+02 |2748.39%
 3220s| 12300 |  6475 |  5651k| 458.6 |   293M | 156 |  39 |9710 |  16k|9710 |  15k|   0 |6579 |6369 | 1.734314e+01 | 4.940000e+02 |2748.39%
 3227s| 12400 |  6493 |  5664k| 456.0 |   293M | 156 |  64 |9710 |  16k|9710 |  15k|   0 |6597 |6371 | 1.734314e+01 | 4.940000e+02 |2748.39%
 3229s| 12500 |  6489 |  5665k| 452.4 |   293M | 156 |   - |9710 |  16k|9710 |  15k|   0 |6627 |6375 | 1.734314e+01 | 4.940000e+02 |2748.39%
 3247s| 12600 |  6533 |  5699k| 451.6 |   293M | 156 | 726 |9710 |  16k|9710 |  15k|   0 |6681 |6411 | 1.734314e+01 | 4.940000e+02 |2748.39%
 3251s| 12700 |  6535 |  5704k| 448.4 |   293M | 156 |  38 |9710 |  16k|9710 |  15k|   0 |6743 |6419 | 1.734314e+01 | 4.940000e+02 |2748.39%
 3259s| 12800 |  6533 |  5717k| 445.9 |   293M | 156 | 660 |9710 |  16k|9710 |  15k|   0 |6768 |6424 | 1.736275e+01 | 4.940000e+02 |2745.17%
 3266s| 12900 |  6509 |  5727k| 443.2 |   293M | 156 |   - |9710 |  16k|9710 |  15k|   0 |6827 |6439 | 1.736275e+01 | 4.940000e+02 |2745.17%
 3267s| 13000 |  6507 |  5728k| 439.9 |   293M | 156 |   - |9710 |  16k|9710 |  15k|   0 |6841 |6441 | 1.736275e+01 | 4.940000e+02 |2745.17%
 3289s| 13100 |  6557 |  5768k| 439.6 |   294M | 156 | 617 |9710 |  16k|9710 |  15k|   0 |6916 |6459 | 1.741667e+01 | 4.940000e+02 |2736.36%
 3304s| 13200 |  6605 |  5801k| 438.7 |   295M | 156 |   - |9710 |  16k|9710 |  15k|   0 |6982 |6495 | 1.750000e+01 | 4.940000e+02 |2722.86%
 3323s| 13300 |  6645 |  5839k| 438.3 |   295M | 156 | 764 |9710 |  16k|9710 |  15k|   0 |7016 |6499 | 1.750000e+01 | 4.940000e+02 |2722.86%
 3328s| 13400 |  6663 |  5845k| 435.5 |   295M | 156 |   - |9710 |  16k|9710 |  15k|   0 |7041 |6504 | 1.750000e+01 | 4.940000e+02 |2722.86%
 3330s| 13500 |  6665 |  5846k| 432.3 |   295M | 156 |   - |9710 |  16k|9710 |  15k|   0 |7076 |6504 | 1.750000e+01 | 4.940000e+02 |2722.86%
 3339s| 13600 |  6681 |  5864k| 430.4 |   295M | 156 |  29 |9710 |  16k|9710 |  15k|   0 |7105 |6508 | 1.750000e+01 | 4.940000e+02 |2722.86%
 time | node  | left  |LP iter|LP it/n|mem/heur|mdpt |frac |vars |cons |cols |rows |cuts |confs|strbr|  dualbound   | primalbound  |  gap   
 3348s| 13700 |  6701 |  5882k| 428.6 |   295M | 157 |  17 |9710 |  16k|9710 |  15k|   0 |7133 |6510 | 1.750000e+01 | 4.940000e+02 |2722.86%
L3356s| 13800 |  6640 |  5893k| 426.3 |    rins| 157 | 668 |9710 |  16k|9710 |  15k|   0 |7171 |6512 | 1.750000e+01 | 4.880000e+02 |2688.57%
 3377s| 13900 |  6688 |  5937k| 426.5 |   295M | 157 |  75 |9710 |  16k|9710 |  15k|   0 |7227 |6583 | 1.750000e+01 | 4.880000e+02 |2688.57%
 3380s| 14000 |  6725 |  5938k| 423.5 |   297M | 157 |  42 |9710 |  16k|9710 |  15k|   0 |7237 |6618 | 1.750000e+01 | 4.880000e+02 |2688.57%
 3391s| 14100 |  6767 |  5959k| 421.9 |   297M | 157 |   - |9710 |  16k|9710 |  15k|   0 |7265 |6629 | 1.750000e+01 | 4.880000e+02 |2688.57%
 3393s| 14200 |  6801 |  5960k| 419.0 |   297M | 157 |  38 |9710 |  16k|9710 |  15k|   0 |7321 |6636 | 1.750000e+01 | 4.880000e+02 |2688.57%
 3400s| 14300 |  6823 |  5970k| 416.8 |   298M | 157 | 709 |9710 |  16k|9710 |  15k|   0 |7370 |6669 | 1.750000e+01 | 4.880000e+02 |2688.57%
 3405s| 14400 |  6834 |  5977k| 414.4 |   301M | 169 |   - |9710 |  16k|9710 |  15k|   0 |7488 |6707 | 1.750000e+01 | 4.880000e+02 |2688.57%
 3408s| 14500 |  6846 |  5980k| 411.8 |   303M | 169 | 576 |9710 |  16k|9710 |  15k|   0 |7501 |6723 | 1.750000e+01 | 4.880000e+02 |2688.57%
 3424s| 14600 |  6878 |  6012k| 411.1 |   304M | 169 | 649 |9710 |  16k|9710 |  15k|   0 |7562 |6750 | 1.750000e+01 | 4.880000e+02 |2688.57%
 3430s| 14700 |  6900 |  6021k| 408.9 |   306M | 169 |  37 |9710 |  16k|9710 |  15k|   0 |7581 |6798 | 1.750000e+01 | 4.880000e+02 |2688.57%
 3446s| 14800 |  6958 |  6051k| 408.2 |   306M | 169 |  18 |9710 |  16k|9710 |  15k|   0 |7631 |6849 | 1.750000e+01 | 4.880000e+02 |2688.57%
 3454s| 14900 |  6972 |  6063k| 406.3 |   306M | 169 |   - |9710 |  16k|9710 |  15k|   0 |7669 |6861 | 1.750000e+01 | 4.880000e+02 |2688.57%
 3493s| 15000 |  7026 |  6132k| 408.2 |   306M | 169 | 814 |9710 |  16k|9710 |  15k|   0 |7695 |6887 | 1.750000e+01 | 4.880000e+02 |2688.57%
 3515s| 15100 |  7060 |  6164k| 407.5 |   306M | 169 |   - |9710 |  16k|9710 |  15k|   0 |7720 |6978 | 1.750000e+01 | 4.880000e+02 |2688.57%
 time | node  | left  |LP iter|LP it/n|mem/heur|mdpt |frac |vars |cons |cols |rows |cuts |confs|strbr|  dualbound   | primalbound  |  gap   
 3525s| 15200 |  7098 |  6180k| 406.0 |   307M | 169 | 547 |9710 |  16k|9710 |  15k|   0 |7756 |7011 | 1.750000e+01 | 4.880000e+02 |2688.57%
 3542s| 15300 |  7144 |  6215k| 405.6 |   307M | 169 |   - |9710 |  16k|9710 |  15k|   0 |7806 |7040 | 1.750000e+01 | 4.880000e+02 |2688.57%
 3570s| 15400 |  7200 |  6276k| 406.9 |   309M | 169 |  68 |9710 |  16k|9710 |  15k|   0 |7825 |7061 | 1.750000e+01 | 4.880000e+02 |2688.57%
 3577s| 15500 |  7216 |  6291k| 405.3 |   309M | 169 |   - |9710 |  16k|9710 |  15k|   0 |7834 |7062 | 1.750000e+01 | 4.880000e+02 |2688.57%
 3586s| 15600 |  7236 |  6306k| 403.6 |   309M | 169 |  26 |9710 |  16k|9710 |  15k|   0 |7846 |7075 | 1.750000e+01 | 4.880000e+02 |2688.57%
 3608s| 15700 |  7278 |  6351k| 403.9 |   310M | 169 | 600 |9710 |  16k|9710 |  15k|   0 |7916 |7078 | 1.762500e+01 | 4.880000e+02 |2668.79%
 3614s| 15800 |  7290 |  6360k| 401.9 |   310M | 169 |  30 |9710 |  16k|9710 |  15k|   0 |7961 |7095 | 1.762500e+01 | 4.880000e+02 |2668.79%
 3631s| 15900 |  7312 |  6383k| 400.8 |   310M | 169 | 653 |9710 |  16k|9710 |  15k|   0 |7985 |7096 | 1.762500e+01 | 4.880000e+02 |2668.79%
 3647s| 16000 |  7342 |  6409k| 400.0 |   311M | 169 |   - |9710 |  16k|9710 |  15k|   0 |8055 |7113 | 1.766667e+01 | 4.880000e+02 |2662.26%
 3649s| 16100 |  7356 |  6411k| 397.6 |   311M | 169 |  41 |9710 |  16k|9710 |  15k|   0 |8059 |7119 | 1.766667e+01 | 4.880000e+02 |2662.26%
 3668s| 16200 |  7398 |  6446k| 397.3 |   311M | 169 | 642 |9710 |  16k|9710 |  15k|   0 |8111 |7136 | 1.780000e+01 | 4.880000e+02 |2641.57%
 3681s| 16300 |  7418 |  6476k| 396.7 |   311M | 169 |   - |9710 |  16k|9710 |  15k|   0 |8160 |7141 | 1.780000e+01 | 4.880000e+02 |2641.57%
 3692s| 16400 |  7446 |  6495k| 395.4 |   313M | 169 |   - |9710 |  16k|9710 |  15k|   0 |8205 |7154 | 1.780000e+01 | 4.880000e+02 |2641.57%
 3709s| 16500 |  7484 |  6532k| 395.3 |   313M | 169 |  49 |9710 |  16k|9710 |  15k|   0 |8225 |7157 | 1.783333e+01 | 4.880000e+02 |2636.45%
 3711s| 16600 |  7502 |  6533k| 393.0 |   313M | 169 |  43 |9710 |  16k|9710 |  15k|   0 |8226 |7165 | 1.783333e+01 | 4.880000e+02 |2636.45%
 time | node  | left  |LP iter|LP it/n|mem/heur|mdpt |frac |vars |cons |cols |rows |cuts |confs|strbr|  dualbound   | primalbound  |  gap   
 3719s| 16700 |  7516 |  6550k| 391.6 |   313M | 169 |   - |9710 |  16k|9710 |  15k|   0 |8242 |7172 | 1.783333e+01 | 4.880000e+02 |2636.45%
 3729s| 16800 |  7562 |  6572k| 390.6 |   314M | 169 |  38 |9710 |  16k|9710 |  15k|   0 |8269 |7180 | 1.783333e+01 | 4.880000e+02 |2636.45%
 3746s| 16900 |  7582 |  6590k| 389.4 |   314M | 169 |   - |9710 |  16k|9710 |  15k|   0 |8315 |7229 | 1.783333e+01 | 4.880000e+02 |2636.45%
 3767s| 17000 |  7616 |  6624k| 389.1 |   314M | 169 |  38 |9710 |  16k|9710 |  15k|   0 |8338 |7229 | 1.787500e+01 | 4.880000e+02 |2630.07%
 3782s| 17100 |  7648 |  6657k| 388.7 |   315M | 169 |   - |9710 |  16k|9710 |  15k|   0 |8352 |7234 | 1.789583e+01 | 4.880000e+02 |2626.89%
 3792s| 17200 |  7684 |  6674k| 387.4 |   315M | 169 |  35 |9710 |  16k|9710 |  15k|   0 |8374 |7238 | 1.792857e+01 | 4.880000e+02 |2621.91%
 3800s| 17300 |  7720 |  6689k| 386.1 |   316M | 169 | 726 |9710 |  16k|9710 |  15k|   0 |8394 |7245 | 1.792857e+01 | 4.880000e+02 |2621.91%
 3819s| 17400 |  7756 |  6725k| 385.9 |   316M | 169 |   - |9710 |  16k|9710 |  15k|   0 |8494 |7273 | 1.792857e+01 | 4.880000e+02 |2621.91%
 3827s| 17500 |  7780 |  6741k| 384.7 |   317M | 169 |   - |9710 |  16k|9710 |  15k|   0 |8549 |7278 | 1.792857e+01 | 4.880000e+02 |2621.91%
 3835s| 17600 |  7808 |  6758k| 383.4 |   317M | 169 |   - |9710 |  16k|9710 |  15k|   0 |8567 |7286 | 1.792857e+01 | 4.880000e+02 |2621.91%
 3837s| 17700 |  7818 |  6759k| 381.3 |   317M | 169 |  33 |9710 |  16k|9710 |  15k|   0 |8575 |7292 | 1.792857e+01 | 4.880000e+02 |2621.91%
 3845s| 17800 |  7840 |  6772k| 379.9 |   317M | 169 |  42 |9710 |  16k|9710 |  15k|   0 |8616 |7316 | 1.792857e+01 | 4.880000e+02 |2621.91%
 3858s| 17900 |  7879 |  6798k| 379.3 |   318M | 169 |  35 |9710 |  16k|9710 |  15k|   0 |8722 |7322 | 1.792857e+01 | 4.880000e+02 |2621.91%
 3863s| 18000 |  7909 |  6810k| 377.8 |   318M | 169 |  27 |9710 |  16k|9710 |  15k|   0 |8739 |7334 | 1.792857e+01 | 4.880000e+02 |2621.91%
 3882s| 18100 |  7945 |  6843k| 377.5 |   318M | 169 |   - |9710 |  16k|9710 |  15k|   0 |8774 |7365 | 1.792857e+01 | 4.880000e+02 |2621.91%
 time | node  | left  |LP iter|LP it/n|mem/heur|mdpt |frac |vars |cons |cols |rows |cuts |confs|strbr|  dualbound   | primalbound  |  gap   
 3895s| 18200 |  7982 |  6865k| 376.7 |   319M | 169 |   - |9710 |  16k|9710 |  15k|   0 |8837 |7390 | 1.792857e+01 | 4.880000e+02 |2621.91%
 3911s| 18300 |  8020 |  6892k| 376.1 |   320M | 169 |   - |9710 |  16k|9710 |  15k|   0 |8852 |7428 | 1.792857e+01 | 4.880000e+02 |2621.91%
 3922s| 18400 |  8062 |  6916k| 375.3 |   320M | 169 | 546 |9710 |  16k|9710 |  15k|   0 |8893 |7449 | 1.793939e+01 | 4.880000e+02 |2620.27%
 3939s| 18500 |  8094 |  6947k| 375.0 |   322M | 169 | 690 |9710 |  16k|9710 |  15k|   0 |8926 |7479 | 1.800000e+01 | 4.880000e+02 |2611.11%
 3962s| 18600 |  8130 |  6993k| 375.4 |   322M | 169 |  37 |9710 |  16k|9710 |  15k|   0 |8949 |7507 | 1.800000e+01 | 4.880000e+02 |2611.11%
 3999s| 18700 |  8186 |  7054k| 376.7 |   322M | 169 | 598 |9710 |  16k|9710 |  15k|   0 |9003 |7557 | 1.800000e+01 | 4.880000e+02 |2611.11%
 4027s| 18800 |  8246 |  7104k| 377.4 |   322M | 169 | 718 |9710 |  16k|9710 |  15k|   0 |9088 |7607 | 1.800000e+01 | 4.880000e+02 |2611.11%
 4039s| 18900 |  8276 |  7129k| 376.7 |   323M | 169 |   - |9710 |  16k|9710 |  15k|   0 |9205 |7631 | 1.800000e+01 | 4.880000e+02 |2611.11%
 4062s| 19000 |  8312 |  7159k| 376.3 |   324M | 169 | 643 |9710 |  16k|9710 |  15k|   0 |9252 |7679 | 1.800000e+01 | 4.880000e+02 |2611.11%
 4082s| 19100 |  8350 |  7197k| 376.3 |   324M | 169 |   - |9710 |  16k|9710 |  15k|   0 |9335 |7702 | 1.800000e+01 | 4.880000e+02 |2611.11%
 4110s| 19200 |  8398 |  7256k| 377.4 |   324M | 169 |   - |9710 |  16k|9710 |  15k|   0 |9389 |7750 | 1.800000e+01 | 4.880000e+02 |2611.11%
 4120s| 19300 |  8414 |  7267k| 376.0 |   325M | 169 |  25 |9710 |  16k|9710 |  15k|   0 |9495 |7761 | 1.800000e+01 | 4.880000e+02 |2611.11%
 4138s| 19400 |  8447 |  7304k| 376.0 |   325M | 169 |  31 |9710 |  16k|9710 |  15k|   0 |9559 |7791 | 1.820000e+01 | 4.880000e+02 |2581.32%
 4151s| 19500 |  8475 |  7329k| 375.3 |   325M | 169 |   - |9710 |  16k|9710 |  15k|   0 |9595 |7803 | 1.820000e+01 | 4.880000e+02 |2581.32%
 4152s| 19600 |  8471 |  7329k| 373.4 |   325M | 169 |   - |9710 |  16k|9710 |  15k|   0 |9618 |7803 | 1.820000e+01 | 4.880000e+02 |2581.32%
 time | node  | left  |LP iter|LP it/n|mem/heur|mdpt |frac |vars |cons |cols |rows |cuts |confs|strbr|  dualbound   | primalbound  |  gap   
 4162s| 19700 |  8489 |  7344k| 372.3 |   325M | 169 |   - |9710 |  16k|9710 |  15k|   0 |9622 |7829 | 1.820000e+01 | 4.880000e+02 |2581.32%
 4178s| 19800 |  8507 |  7375k| 372.0 |   325M | 169 |  23 |9710 |  16k|9710 |  15k|   0 |9644 |7849 | 1.820000e+01 | 4.880000e+02 |2581.32%
 4193s| 19900 |  8533 |  7402k| 371.5 |   326M | 169 | 649 |9710 |  16k|9710 |  15k|   0 |9670 |7863 | 1.820000e+01 | 4.880000e+02 |2581.32%
 4229s| 20000 |  8583 |  7478k| 373.4 |   328M | 169 | 816 |9710 |  16k|9710 |  15k|   0 |9768 |7889 | 1.821429e+01 | 4.880000e+02 |2579.22%
L4239s| 20071 |  8427 |  7498k| 373.1 |    rins| 169 |   - |9710 |  16k|9710 |  15k|   0 |9798 |7923 | 1.825000e+01 | 4.830000e+02 |2546.58%
 4240s| 20100 |  8426 |  7498k| 372.6 |   328M | 169 |  27 |9710 |  16k|9710 |  15k|   0 |9813 |7923 | 1.825000e+01 | 4.830000e+02 |2546.58%
 4282s| 20200 |  8448 |  7568k| 374.2 |   328M | 169 |   - |9710 |  16k|9710 |  15k|   0 |9857 |7936 | 1.825000e+01 | 4.830000e+02 |2546.58%
 4324s| 20300 |  8518 |  7647k| 376.2 |   328M | 169 | 649 |9710 |  16k|9710 |  15k|   0 |9962 |7990 | 1.830000e+01 | 4.830000e+02 |2539.34%
 4343s| 20400 |  8556 |  7682k| 376.1 |   328M | 169 |  23 |9710 |  16k|9710 |  15k|   0 |  10k|8047 | 1.840000e+01 | 4.830000e+02 |2525.00%
 4356s| 20500 |  8588 |  7705k| 375.4 |   329M | 169 |  57 |9710 |  16k|9710 |  15k|   0 |  10k|8105 | 1.840000e+01 | 4.830000e+02 |2525.00%
 4365s| 20600 |  8620 |  7720k| 374.3 |   329M | 169 |   - |9710 |  16k|9710 |  15k|   0 |  10k|8119 | 1.840000e+01 | 4.830000e+02 |2525.00%
 4367s| 20700 |  8634 |  7721k| 372.5 |   329M | 169 |   - |9710 |  16k|9710 |  15k|   0 |  10k|8126 | 1.840000e+01 | 4.830000e+02 |2525.00%
 4392s| 20800 |  8680 |  7767k| 373.0 |   329M | 169 |  48 |9710 |  16k|9710 |  15k|   0 |  10k|8170 | 1.841667e+01 | 4.830000e+02 |2522.62%
 4401s| 20900 |  8710 |  7778k| 371.7 |   330M | 169 | 628 |9710 |  16k|9710 |  15k|   0 |  10k|8191 | 1.841667e+01 | 4.830000e+02 |2522.62%
 4412s| 21000 |  8748 |  7800k| 370.9 |   331M | 169 |   - |9710 |  16k|9710 |  15k|   0 |  10k|8202 | 1.842857e+01 | 4.830000e+02 |2520.93%
 time | node  | left  |LP iter|LP it/n|mem/heur|mdpt |frac |vars |cons |cols |rows |cuts |confs|strbr|  dualbound   | primalbound  |  gap   
 4421s| 21100 |  8782 |  7817k| 370.0 |   331M | 169 |   - |9710 |  16k|9710 |  15k|   0 |  10k|8220 | 1.850000e+01 | 4.830000e+02 |2510.81%
 4435s| 21200 |  8838 |  7847k| 369.7 |   331M | 169 |  22 |9710 |  16k|9710 |  15k|   0 |  10k|8256 | 1.850000e+01 | 4.830000e+02 |2510.81%
 4443s| 21300 |  8848 |  7857k| 368.4 |   332M | 169 |  43 |9710 |  16k|9710 |  15k|   0 |  10k|8276 | 1.850000e+01 | 4.830000e+02 |2510.81%
 4451s| 21400 |  8886 |  7870k| 367.3 |   332M | 169 |  46 |9710 |  16k|9710 |  15k|   0 |  10k|8297 | 1.850000e+01 | 4.830000e+02 |2510.81%
 4463s| 21500 |  8926 |  7887k| 366.4 |   333M | 169 |  39 |9710 |  16k|9710 |  15k|   0 |  10k|8337 | 1.850000e+01 | 4.830000e+02 |2510.81%
 4483s| 21600 |  8952 |  7920k| 366.2 |   333M | 169 | 709 |9710 |  16k|9710 |  15k|   0 |  10k|8382 | 1.850000e+01 | 4.830000e+02 |2510.81%
 4510s| 21700 |  9000 |  7973k| 367.0 |   335M | 169 |  29 |9710 |  16k|9710 |  15k|   0 |  10k|8429 | 1.850000e+01 | 4.830000e+02 |2510.81%
 4525s| 21800 |  9034 |  8007k| 366.8 |   335M | 169 |  35 |9710 |  16k|9710 |  15k|   0 |  10k|8439 | 1.850000e+01 | 4.830000e+02 |2510.81%
 4542s| 21900 |  9074 |  8039k| 366.6 |   335M | 169 |  31 |9710 |  16k|9710 |  15k|   0 |  10k|8440 | 1.850000e+01 | 4.830000e+02 |2510.81%
 4558s| 22000 |  9108 |  8072k| 366.5 |   335M | 169 |  39 |9710 |  16k|9710 |  15k|   0 |  10k|8459 | 1.850000e+01 | 4.830000e+02 |2510.81%
 4565s| 22100 |  9132 |  8086k| 365.4 |   336M | 169 |  31 |9710 |  16k|9710 |  15k|   0 |  10k|8465 | 1.850000e+01 | 4.830000e+02 |2510.81%
 4569s| 22200 |  9138 |  8092k| 364.1 |   337M | 169 | 663 |9710 |  16k|9710 |  15k|   0 |  10k|8467 | 1.850000e+01 | 4.830000e+02 |2510.81%
 4590s| 22300 |  9168 |  8133k| 364.3 |   337M | 169 |   - |9710 |  16k|9710 |  15k|   0 |  10k|8499 | 1.850000e+01 | 4.830000e+02 |2510.81%
 4608s| 22400 |  9210 |  8173k| 364.4 |   337M | 169 | 665 |9710 |  16k|9710 |  15k|   0 |  10k|8515 | 1.850000e+01 | 4.830000e+02 |2510.81%
 4619s| 22500 |  9234 |  8195k| 363.8 |   337M | 169 |   - |9710 |  16k|9710 |  15k|   0 |  10k|8536 | 1.850000e+01 | 4.830000e+02 |2510.81%
 time | node  | left  |LP iter|LP it/n|mem/heur|mdpt |frac |vars |cons |cols |rows |cuts |confs|strbr|  dualbound   | primalbound  |  gap   
 4645s| 22600 |  9274 |  8248k| 364.5 |   338M | 169 |  39 |9710 |  16k|9710 |  15k|   0 |  10k|8542 | 1.850000e+01 | 4.830000e+02 |2510.81%
 4667s| 22700 |  9310 |  8290k| 364.8 |   338M | 169 |  37 |9710 |  16k|9710 |  15k|   0 |  10k|8556 | 1.850000e+01 | 4.830000e+02 |2510.81%
 4686s| 22800 |  9338 |  8323k| 364.6 |   338M | 169 |   - |9710 |  16k|9710 |  15k|   0 |  10k|8570 | 1.850000e+01 | 4.830000e+02 |2510.81%
 4709s| 22900 |  9390 |  8370k| 365.1 |   338M | 169 |  34 |9710 |  16k|9710 |  15k|   0 |  10k|8604 | 1.850000e+01 | 4.830000e+02 |2510.81%
 4717s| 23000 |  9412 |  8385k| 364.1 |   340M | 169 |   - |9710 |  16k|9710 |  15k|   0 |  10k|8607 | 1.850000e+01 | 4.830000e+02 |2510.81%
 4728s| 23100 |  9430 |  8408k| 363.6 |   340M | 169 |   - |9710 |  16k|9710 |  15k|   0 |  11k|8613 | 1.850000e+01 | 4.830000e+02 |2510.81%
L4729s| 23103 |  9261 |  8408k| 363.5 |    rins| 169 | 654 |9710 |  16k|9710 |  15k|   0 |  11k|8613 | 1.850000e+01 | 4.780000e+02 |2483.78%
 4742s| 23200 |  9274 |  8429k| 362.9 |   340M | 169 |   - |9710 |  16k|9710 |  15k|   0 |  11k|8627 | 1.850000e+01 | 4.780000e+02 |2483.78%
 4762s| 23300 |  9312 |  8472k| 363.2 |   340M | 169 |   - |9710 |  16k|9710 |  15k|   0 |  11k|8637 | 1.850000e+01 | 4.780000e+02 |2483.78%
 4775s| 23400 |  9342 |  8497k| 362.7 |   340M | 169 |   - |9710 |  16k|9710 |  15k|   0 |  11k|8648 | 1.855556e+01 | 4.780000e+02 |2476.05%
 4777s| 23500 |  9348 |  8499k| 361.2 |   341M | 169 |  39 |9710 |  16k|9710 |  15k|   0 |  11k|8656 | 1.855556e+01 | 4.780000e+02 |2476.05%
 4786s| 23600 |  9366 |  8516k| 360.5 |   341M | 169 |  37 |9710 |  16k|9710 |  15k|   0 |  11k|8656 | 1.862500e+01 | 4.780000e+02 |2466.44%
 4789s| 23700 |  9376 |  8517k| 359.0 |   341M | 169 |   - |9710 |  16k|9710 |  15k|   0 |  11k|8656 | 1.862500e+01 | 4.780000e+02 |2466.44%
 4802s| 23800 |  9406 |  8546k| 358.7 |   341M | 169 |  29 |9710 |  16k|9710 |  15k|   0 |  11k|8659 | 1.862500e+01 | 4.780000e+02 |2466.44%
 4821s| 23900 |  9426 |  8576k| 358.4 |   341M | 169 |  27 |9710 |  16k|9710 |  15k|   0 |  11k|8684 | 1.862500e+01 | 4.780000e+02 |2466.44%
 time | node  | left  |LP iter|LP it/n|mem/heur|mdpt |frac |vars |cons |cols |rows |cuts |confs|strbr|  dualbound   | primalbound  |  gap   
 4831s| 24000 |  9446 |  8600k| 357.9 |   341M | 169 |  26 |9710 |  16k|9710 |  15k|   0 |  11k|8685 | 1.862500e+01 | 4.780000e+02 |2466.44%
 4838s| 24100 |  9466 |  8612k| 356.9 |   342M | 169 |   - |9710 |  16k|9710 |  15k|   0 |  11k|8695 | 1.862500e+01 | 4.780000e+02 |2466.44%
 4839s| 24200 |  9460 |  8613k| 355.5 |   342M | 169 |  31 |9710 |  16k|9710 |  15k|   0 |  11k|8695 | 1.862500e+01 | 4.780000e+02 |2466.44%
 4858s| 24300 |  9486 |  8648k| 355.5 |   342M | 169 |   - |9710 |  16k|9710 |  15k|   0 |  11k|8733 | 1.862500e+01 | 4.780000e+02 |2466.44%
 4887s| 24400 |  9520 |  8705k| 356.4 |   342M | 169 |  23 |9710 |  16k|9710 |  15k|   0 |  11k|8750 | 1.862500e+01 | 4.780000e+02 |2466.44%
 4913s| 24500 |  9572 |  8757k| 357.0 |   342M | 169 |  25 |9710 |  16k|9710 |  15k|   0 |  11k|8814 | 1.862500e+01 | 4.780000e+02 |2466.44%
 4931s| 24600 |  9598 |  8796k| 357.2 |   342M | 169 |  35 |9710 |  16k|9710 |  15k|   0 |  11k|8842 | 1.862500e+01 | 4.780000e+02 |2466.44%
 4945s| 24700 |  9622 |  8821k| 356.7 |   342M | 169 |  54 |9710 |  16k|9710 |  15k|   0 |  11k|8855 | 1.862500e+01 | 4.780000e+02 |2466.44%
 4963s| 24800 |  9658 |  8854k| 356.6 |   342M | 169 |   - |9710 |  16k|9710 |  15k|   0 |  11k|8893 | 1.866667e+01 | 4.780000e+02 |2460.71%
 4988s| 24900 |  9686 |  8890k| 356.7 |   342M | 169 |  28 |9710 |  16k|9710 |  15k|   0 |  11k|8948 | 1.867647e+01 | 4.780000e+02 |2459.37%
 4993s| 25000 |  9692 |  8898k| 355.5 |   343M | 169 | 571 |9710 |  16k|9710 |  15k|   0 |  11k|8950 | 1.867647e+01 | 4.780000e+02 |2459.37%
 5003s| 25100 |  9722 |  8919k| 355.0 |   345M | 169 |   - |9710 |  16k|9710 |  15k|   0 |  11k|8957 | 1.867647e+01 | 4.780000e+02 |2459.37%
 5021s| 25200 |  9746 |  8958k| 355.1 |   345M | 169 |   - |9710 |  16k|9710 |  15k|   0 |  11k|8966 | 1.867647e+01 | 4.780000e+02 |2459.37%
 5042s| 25300 |  9784 |  8995k| 355.1 |   345M | 169 |  23 |9710 |  16k|9710 |  15k|   0 |  11k|9007 | 1.867647e+01 | 4.780000e+02 |2459.37%
 5054s| 25400 |  9796 |  9019k| 354.7 |   345M | 169 |  27 |9710 |  16k|9710 |  15k|   0 |  11k|9018 | 1.867647e+01 | 4.780000e+02 |2459.37%
 time | node  | left  |LP iter|LP it/n|mem/heur|mdpt |frac |vars |cons |cols |rows |cuts |confs|strbr|  dualbound   | primalbound  |  gap   
 5061s| 25500 |  9814 |  9034k| 353.9 |   345M | 169 |  21 |9710 |  16k|9710 |  15k|   0 |  11k|9025 | 1.867647e+01 | 4.780000e+02 |2459.37%
 5079s| 25600 |  9840 |  9071k| 354.0 |   345M | 169 |   - |9710 |  16k|9710 |  15k|   0 |  11k|9039 | 1.873626e+01 | 4.780000e+02 |2451.20%
 5089s| 25700 |  9856 |  9090k| 353.3 |   345M | 169 |   - |9710 |  16k|9710 |  15k|   0 |  11k|9039 | 1.873626e+01 | 4.780000e+02 |2451.20%
 5103s| 25800 |  9892 |  9116k| 352.9 |   346M | 169 |  71 |9710 |  16k|9710 |  15k|   0 |  11k|9060 | 1.880000e+01 | 4.780000e+02 |2442.55%
 5117s| 25900 |  9934 |  9138k| 352.5 |   347M | 169 |  57 |9710 |  16k|9710 |  15k|   0 |  11k|9083 | 1.880000e+01 | 4.780000e+02 |2442.55%
 5128s| 26000 |  9960 |  9156k| 351.8 |   347M | 169 |  60 |9710 |  16k|9710 |  15k|   0 |  11k|9105 | 1.880000e+01 | 4.780000e+02 |2442.55%
 5137s| 26100 |  9978 |  9170k| 351.0 |   348M | 169 |   - |9710 |  16k|9710 |  15k|   0 |  11k|9136 | 1.880000e+01 | 4.780000e+02 |2442.55%
 5151s| 26200 | 10018 |  9198k| 350.7 |   349M | 169 |  15 |9710 |  16k|9710 |  15k|   0 |  11k|9153 | 1.880000e+01 | 4.780000e+02 |2442.55%
 5153s| 26300 | 10010 |  9199k| 349.4 |   349M | 172 |   - |9710 |  16k|9710 |  15k|   0 |  11k|9153 | 1.880000e+01 | 4.780000e+02 |2442.55%
 5173s| 26400 | 10056 |  9231k| 349.3 |   349M | 172 |   - |9710 |  16k|9710 |  15k|   0 |  11k|9169 | 1.880000e+01 | 4.780000e+02 |2442.55%
 5190s| 26500 | 10104 |  9265k| 349.3 |   349M | 172 | 615 |9710 |  16k|9710 |  15k|   0 |  11k|9193 | 1.880000e+01 | 4.780000e+02 |2442.55%
 5208s| 26600 | 10152 |  9301k| 349.3 |   350M | 172 |  27 |9710 |  16k|9710 |  15k|   0 |  12k|9224 | 1.880000e+01 | 4.780000e+02 |2442.55%
 5210s| 26700 | 10152 |  9302k| 348.0 |   350M | 172 |  34 |9710 |  16k|9710 |  15k|   0 |  12k|9226 | 1.880000e+01 | 4.780000e+02 |2442.55%
 5211s| 26800 | 10154 |  9302k| 346.7 |   350M | 172 |   - |9710 |  16k|9710 |  15k|   0 |  12k|9227 | 1.880000e+01 | 4.780000e+02 |2442.55%
 5223s| 26900 | 10182 |  9321k| 346.2 |   350M | 172 |  27 |9710 |  16k|9710 |  15k|   0 |  12k|9234 | 1.880000e+01 | 4.780000e+02 |2442.55%
 time | node  | left  |LP iter|LP it/n|mem/heur|mdpt |frac |vars |cons |cols |rows |cuts |confs|strbr|  dualbound   | primalbound  |  gap   
 5232s| 27000 | 10206 |  9338k| 345.5 |   350M | 172 |   - |9710 |  16k|9710 |  15k|   0 |  12k|9262 | 1.880000e+01 | 4.780000e+02 |2442.55%
 5259s| 27100 | 10258 |  9387k| 346.0 |   350M | 172 |  17 |9710 |  16k|9710 |  15k|   0 |  12k|9289 | 1.880000e+01 | 4.780000e+02 |2442.55%
 5270s| 27200 | 10274 |  9412k| 345.7 |   351M | 172 |  34 |9710 |  16k|9710 |  15k|   0 |  12k|9298 | 1.880000e+01 | 4.780000e+02 |2442.55%
 5281s| 27300 | 10304 |  9432k| 345.1 |   351M | 172 |  23 |9710 |  16k|9710 |  15k|   0 |  12k|9302 | 1.883333e+01 | 4.780000e+02 |2438.05%
 5292s| 27400 | 10320 |  9453k| 344.7 |   351M | 172 |  29 |9710 |  16k|9710 |  15k|   0 |  12k|9311 | 1.887500e+01 | 4.780000e+02 |2432.45%
 5307s| 27500 | 10354 |  9482k| 344.4 |   351M | 172 |   - |9710 |  16k|9710 |  15k|   0 |  12k|9332 | 1.891667e+01 | 4.780000e+02 |2426.87%
 5322s| 27600 | 10382 |  9512k| 344.3 |   352M | 172 |   - |9710 |  16k|9710 |  15k|   0 |  12k|9344 | 1.892857e+01 | 4.780000e+02 |2425.28%
 5335s| 27700 | 10428 |  9540k| 344.1 |   353M | 172 | 562 |9710 |  16k|9710 |  15k|   0 |  12k|9365 | 1.892857e+01 | 4.780000e+02 |2425.28%
 5338s| 27800 | 10436 |  9545k| 343.0 |   354M | 172 |  25 |9710 |  16k|9710 |  15k|   0 |  12k|9368 | 1.892857e+01 | 4.780000e+02 |2425.28%
 5357s| 27900 | 10472 |  9582k| 343.1 |   354M | 172 |  35 |9710 |  16k|9710 |  15k|   0 |  12k|9386 | 1.894737e+01 | 4.780000e+02 |2422.78%
L5359s| 27954 | 10441 |  9582k| 342.4 |    rins| 172 |  25 |9710 |  16k|9710 |  15k|   0 |  12k|9386 | 1.894737e+01 | 4.760000e+02 |2412.22%
 5368s| 28000 | 10441 |  9595k| 342.3 |   355M | 172 | 665 |9710 |  16k|9710 |  15k|   0 |  12k|9394 | 1.894737e+01 | 4.760000e+02 |2412.22%
 5389s| 28100 | 10493 |  9629k| 342.3 |   355M | 172 |   - |9710 |  16k|9710 |  15k|   0 |  12k|9438 | 1.895833e+01 | 4.760000e+02 |2410.77%
 5407s| 28200 | 10519 |  9662k| 342.3 |   355M | 172 | 756 |9710 |  16k|9710 |  15k|   0 |  12k|9450 | 1.898333e+01 | 4.760000e+02 |2407.46%
 5412s| 28300 | 10531 |  9670k| 341.3 |   355M | 172 |   - |9710 |  16k|9710 |  15k|   0 |  12k|9461 | 1.898333e+01 | 4.760000e+02 |2407.46%
 time | node  | left  |LP iter|LP it/n|mem/heur|mdpt |frac |vars |cons |cols |rows |cuts |confs|strbr|  dualbound   | primalbound  |  gap   
 5435s| 28400 | 10567 |  9706k| 341.4 |   356M | 172 |  29 |9710 |  16k|9710 |  15k|   0 |  12k|9504 | 1.898333e+01 | 4.760000e+02 |2407.46%
 5455s| 28500 | 10605 |  9743k| 341.5 |   356M | 172 |  24 |9710 |  16k|9710 |  15k|   0 |  12k|9540 | 1.898333e+01 | 4.760000e+02 |2407.46%
 5457s| 28600 | 10609 |  9744k| 340.4 |   356M | 172 |  19 |9710 |  16k|9710 |  15k|   0 |  12k|9552 | 1.898333e+01 | 4.760000e+02 |2407.46%
 5470s| 28700 | 10647 |  9764k| 339.9 |   356M | 172 |  23 |9710 |  16k|9710 |  15k|   0 |  12k|9590 | 1.898333e+01 | 4.760000e+02 |2407.46%
 5477s| 28800 | 10663 |  9771k| 338.9 |   357M | 172 |  27 |9710 |  16k|9710 |  15k|   0 |  12k|9636 | 1.900000e+01 | 4.760000e+02 |2405.26%
 5484s| 28900 | 10677 |  9785k| 338.2 |   358M | 172 |   - |9710 |  16k|9710 |  15k|   0 |  12k|9640 | 1.900000e+01 | 4.760000e+02 |2405.26%
 5527s| 29000 | 10737 |  9852k| 339.4 |   359M | 172 |  25 |9710 |  16k|9710 |  15k|   0 |  12k|9699 | 1.900000e+01 | 4.760000e+02 |2405.26%
 5550s| 29100 | 10757 |  9895k| 339.7 |   359M | 172 | 746 |9710 |  16k|9710 |  15k|   0 |  12k|9708 | 1.900000e+01 | 4.760000e+02 |2405.26%
 5560s| 29200 | 10777 |  9911k| 339.1 |   359M | 172 |  21 |9710 |  16k|9710 |  15k|   0 |  12k|9726 | 1.900000e+01 | 4.760000e+02 |2405.26%
 5571s| 29300 | 10787 |  9930k| 338.6 |   359M | 172 |   - |9710 |  16k|9710 |  15k|   0 |  12k|9732 | 1.900000e+01 | 4.760000e+02 |2405.26%
 5579s| 29400 | 10803 |  9945k| 337.9 |   359M | 173 |   - |9710 |  16k|9710 |  15k|   0 |  12k|9735 | 1.900000e+01 | 4.760000e+02 |2405.26%
 5590s| 29500 | 10819 |  9961k| 337.3 |   359M | 173 |   - |9710 |  16k|9710 |  15k|   0 |  12k|9751 | 1.900000e+01 | 4.760000e+02 |2405.26%
 5592s| 29600 | 10825 |  9962k| 336.2 |   360M | 173 |   - |9710 |  16k|9710 |  15k|   0 |  12k|9754 | 1.900000e+01 | 4.760000e+02 |2405.26%
 5602s| 29700 | 10843 |  9980k| 335.7 |   361M | 174 |   - |9710 |  16k|9710 |  15k|   0 |  12k|9773 | 1.904167e+01 | 4.760000e+02 |2399.78%
 5628s| 29800 | 10877 | 10024k| 336.0 |   361M | 177 |   - |9710 |  16k|9710 |  15k|   0 |  12k|9822 | 1.906250e+01 | 4.760000e+02 |2397.05%
 time | node  | left  |LP iter|LP it/n|mem/heur|mdpt |frac |vars |cons |cols |rows |cuts |confs|strbr|  dualbound   | primalbound  |  gap   
 5630s| 29900 | 10873 | 10025k| 335.0 |   361M | 177 |   - |9710 |  16k|9710 |  15k|   0 |  12k|9825 | 1.906250e+01 | 4.760000e+02 |2397.05%
 5633s| 30000 | 10865 | 10026k| 333.9 |   361M | 177 |   - |9710 |  16k|9710 |  15k|   0 |  13k|9826 | 1.906250e+01 | 4.760000e+02 |2397.05%
 5646s| 30100 | 10909 | 10052k| 333.6 |   361M | 177 |  31 |9710 |  16k|9710 |  15k|   0 |  13k|9827 | 1.910167e+01 | 4.760000e+02 |2391.93%
 5658s| 30200 | 10945 | 10077k| 333.3 |   362M | 177 |  25 |9710 |  16k|9710 |  15k|   0 |  13k|9844 | 1.911111e+01 | 4.760000e+02 |2390.70%
 5667s| 30300 | 10957 | 10095k| 332.8 |   362M | 177 |   - |9710 |  16k|9710 |  15k|   0 |  13k|9845 | 1.911111e+01 | 4.760000e+02 |2390.70%
 5681s| 30400 | 10985 | 10121k| 332.6 |   362M | 177 | 757 |9710 |  16k|9710 |  15k|   0 |  13k|9863 | 1.916667e+01 | 4.760000e+02 |2383.48%
 5700s| 30500 | 11031 | 10159k| 332.7 |   362M | 177 |  32 |9710 |  16k|9710 |  15k|   0 |  13k|9904 | 1.916667e+01 | 4.760000e+02 |2383.48%
 5702s| 30600 | 11029 | 10159k| 331.7 |   362M | 177 |   - |9710 |  16k|9710 |  15k|   0 |  13k|9906 | 1.916667e+01 | 4.760000e+02 |2383.48%
 5713s| 30700 | 11069 | 10179k| 331.2 |   362M | 177 |  21 |9710 |  16k|9710 |  15k|   0 |  13k|9943 | 1.916667e+01 | 4.760000e+02 |2383.48%
 5719s| 30800 | 11083 | 10190k| 330.5 |   362M | 177 |   - |9710 |  16k|9710 |  15k|   0 |  13k|9947 | 1.916667e+01 | 4.760000e+02 |2383.48%
 5743s| 30900 | 11137 | 10237k| 331.0 |   363M | 177 |  23 |9710 |  16k|9710 |  15k|   0 |  13k|9971 | 1.916667e+01 | 4.760000e+02 |2383.48%
L5749s| 30975 | 11134 | 10249k| 330.6 |    rins| 177 |  76 |9710 |  16k|9710 |  15k|   0 |  13k|9973 | 1.916667e+01 | 4.750000e+02 |2378.26%
 5761s| 31000 | 11149 | 10276k| 331.2 |   363M | 177 |   - |9710 |  16k|9710 |  15k|   0 |  13k|9974 | 1.916667e+01 | 4.750000e+02 |2378.26%
 5783s| 31100 | 11171 | 10313k| 331.3 |   364M | 177 |  81 |9710 |  16k|9710 |  15k|   0 |  13k|  10k| 1.916667e+01 | 4.750000e+02 |2378.26%
 5791s| 31200 | 11181 | 10324k| 330.6 |   364M | 177 | 546 |9710 |  16k|9710 |  15k|   0 |  13k|  10k| 1.916667e+01 | 4.750000e+02 |2378.26%
 time | node  | left  |LP iter|LP it/n|mem/heur|mdpt |frac |vars |cons |cols |rows |cuts |confs|strbr|  dualbound   | primalbound  |  gap   
 5824s| 31300 | 11207 | 10373k| 331.1 |   364M | 177 |   - |9710 |  16k|9710 |  15k|   0 |  13k|  10k| 1.916667e+01 | 4.750000e+02 |2378.26%
 5841s| 31400 | 11245 | 10408k| 331.1 |   364M | 177 |  25 |9710 |  16k|9710 |  15k|   0 |  13k|  10k| 1.916667e+01 | 4.750000e+02 |2378.26%
 5851s| 31500 | 11253 | 10427k| 330.7 |   364M | 177 |  62 |9710 |  16k|9710 |  15k|   0 |  13k|  10k| 1.916667e+01 | 4.750000e+02 |2378.26%
 5869s| 31600 | 11293 | 10459k| 330.7 |   366M | 177 |   - |9710 |  16k|9710 |  15k|   0 |  13k|  10k| 1.916667e+01 | 4.750000e+02 |2378.26%
 5908s| 31700 | 11373 | 10531k| 331.9 |   366M | 177 |   - |9710 |  16k|9710 |  15k|   0 |  13k|  10k| 1.916667e+01 | 4.750000e+02 |2378.26%
 5921s| 31800 | 11405 | 10550k| 331.5 |   367M | 177 |   - |9710 |  16k|9710 |  15k|   0 |  13k|  10k| 1.917500e+01 | 4.750000e+02 |2377.18%
 5923s| 31900 | 11415 | 10551k| 330.5 |   367M | 177 |  69 |9710 |  16k|9710 |  15k|   0 |  13k|  10k| 1.917500e+01 | 4.750000e+02 |2377.18%
 5930s| 32000 | 11447 | 10566k| 329.9 |   367M | 177 | 691 |9710 |  16k|9710 |  15k|   0 |  13k|  10k| 1.918056e+01 | 4.750000e+02 |2376.47%
 5936s| 32100 | 11467 | 10578k| 329.2 |   367M | 177 |   - |9710 |  16k|9710 |  15k|   0 |  13k|  10k| 1.918056e+01 | 4.750000e+02 |2376.47%
 5937s| 32200 | 11479 | 10579k| 328.2 |   368M | 177 |  52 |9710 |  16k|9710 |  15k|   0 |  13k|  10k| 1.918056e+01 | 4.750000e+02 |2376.47%
 5951s| 32300 | 11517 | 10607k| 328.1 |   368M | 177 |   - |9710 |  16k|9710 |  15k|   0 |  13k|  10k| 1.921429e+01 | 4.750000e+02 |2372.12%
 5972s| 32400 | 11571 | 10656k| 328.6 |   368M | 177 |   - |9710 |  16k|9710 |  15k|   0 |  13k|  10k| 1.921429e+01 | 4.750000e+02 |2372.12%
 5985s| 32500 | 11611 | 10683k| 328.4 |   368M | 177 |  37 |9710 |  16k|9710 |  15k|   0 |  13k|  10k| 1.922857e+01 | 4.750000e+02 |2370.28%
L5986s| 32507 | 11558 | 10683k| 328.3 |crossove| 177 |   - |9710 |  16k|9710 |  15k|   0 |  13k|  10k| 1.922857e+01 | 4.720000e+02 |2354.68%
 5998s| 32600 | 11587 | 10711k| 328.2 |   369M | 177 |  59 |9710 |  16k|9710 |  15k|   0 |  14k|  10k| 1.923457e+01 | 4.720000e+02 |2353.92%
 time | node  | left  |LP iter|LP it/n|mem/heur|mdpt |frac |vars |cons |cols |rows |cuts |confs|strbr|  dualbound   | primalbound  |  gap   
 6012s| 32700 | 11607 | 10737k| 328.1 |   369M | 177 |   - |9710 |  16k|9710 |  15k|   0 |  14k|  10k| 1.926515e+01 | 4.720000e+02 |2350.02%
 6030s| 32800 | 11641 | 10770k| 328.1 |   369M | 177 |  61 |9710 |  16k|9710 |  15k|   0 |  14k|  10k| 1.928125e+01 | 4.720000e+02 |2347.97%
 6042s| 32900 | 11671 | 10794k| 327.8 |   369M | 177 |  69 |9710 |  16k|9710 |  15k|   0 |  14k|  10k| 1.929167e+01 | 4.720000e+02 |2346.65%
 6044s| 33000 | 11683 | 10795k| 326.8 |   370M | 177 |   - |9710 |  16k|9710 |  15k|   0 |  14k|  10k| 1.929167e+01 | 4.720000e+02 |2346.65%
 6047s| 33100 | 11683 | 10796k| 325.9 |   370M | 177 |   - |9710 |  16k|9710 |  15k|   0 |  14k|  10k| 1.929167e+01 | 4.720000e+02 |2346.65%
 6062s| 33200 | 11717 | 10823k| 325.7 |   370M | 177 |   - |9710 |  16k|9710 |  15k|   0 |  14k|  10k| 1.933333e+01 | 4.720000e+02 |2341.38%
 6075s| 33300 | 11741 | 10846k| 325.4 |   370M | 177 |  55 |9710 |  16k|9710 |  15k|   0 |  14k|  10k| 1.933333e+01 | 4.720000e+02 |2341.38%
 6077s| 33400 | 11743 | 10848k| 324.5 |   371M | 177 |   - |9710 |  16k|9710 |  15k|   0 |  14k|  10k| 1.933333e+01 | 4.720000e+02 |2341.38%
 6100s| 33500 | 11779 | 10892k| 324.8 |   372M | 177 |   - |9710 |  16k|9710 |  15k|   0 |  14k|  10k| 1.933333e+01 | 4.720000e+02 |2341.38%
 6120s| 33600 | 11809 | 10923k| 324.8 |   372M | 177 |  67 |9710 |  16k|9710 |  15k|   0 |  14k|  10k| 1.933333e+01 | 4.720000e+02 |2341.38%
 6122s| 33700 | 11817 | 10925k| 323.9 |   373M | 177 |   - |9710 |  16k|9710 |  15k|   0 |  14k|  10k| 1.933333e+01 | 4.720000e+02 |2341.38%
 6133s| 33800 | 11853 | 10944k| 323.5 |   373M | 177 | 658 |9710 |  16k|9710 |  15k|   0 |  14k|  10k| 1.937500e+01 | 4.720000e+02 |2336.13%
 6150s| 33900 | 11897 | 10980k| 323.6 |   373M | 177 |   - |9710 |  16k|9710 |  15k|   0 |  14k|  10k| 1.942857e+01 | 4.720000e+02 |2329.41%
 6179s| 34000 | 11953 | 11039k| 324.4 |   373M | 177 |  58 |9710 |  16k|9710 |  15k|   0 |  14k|  10k| 1.950000e+01 | 4.720000e+02 |2320.51%
 6195s| 34100 | 11983 | 11071k| 324.4 |   374M | 177 |   - |9710 |  16k|9710 |  15k|   0 |  14k|  10k| 1.950000e+01 | 4.720000e+02 |2320.51%
 time | node  | left  |LP iter|LP it/n|mem/heur|mdpt |frac |vars |cons |cols |rows |cuts |confs|strbr|  dualbound   | primalbound  |  gap   
 6197s| 34200 | 11995 | 11072k| 323.5 |   374M | 177 |  60 |9710 |  16k|9710 |  15k|   0 |  14k|  10k| 1.950000e+01 | 4.720000e+02 |2320.51%
 6200s| 34300 | 11993 | 11074k| 322.6 |   374M | 177 |   - |9710 |  16k|9710 |  15k|   0 |  14k|  10k| 1.950000e+01 | 4.720000e+02 |2320.51%
 6212s| 34400 | 12029 | 11101k| 322.4 |   375M | 177 |  50 |9710 |  16k|9710 |  15k|   0 |  14k|  10k| 1.950000e+01 | 4.720000e+02 |2320.51%
 6223s| 34500 | 12045 | 11119k| 322.0 |   375M | 177 |   - |9710 |  16k|9710 |  15k|   0 |  14k|  10k| 1.950000e+01 | 4.720000e+02 |2320.51%
 6235s| 34600 | 12063 | 11138k| 321.6 |   375M | 177 |  74 |9710 |  16k|9710 |  15k|   0 |  14k|  10k| 1.950000e+01 | 4.720000e+02 |2320.51%
 6237s| 34700 | 12073 | 11139k| 320.7 |   375M | 177 |   - |9710 |  16k|9710 |  15k|   0 |  14k|  10k| 1.950000e+01 | 4.720000e+02 |2320.51%
 6258s| 34800 | 12115 | 11178k| 320.9 |   376M | 177 |  57 |9710 |  16k|9710 |  15k|   0 |  14k|  10k| 1.950000e+01 | 4.720000e+02 |2320.51%
 6261s| 34900 | 12121 | 11179k| 320.0 |   376M | 177 |   - |9710 |  16k|9710 |  15k|   0 |  14k|  10k| 1.950000e+01 | 4.720000e+02 |2320.51%
 6271s| 35000 | 12151 | 11199k| 319.7 |   376M | 177 |   - |9710 |  16k|9710 |  15k|   0 |  14k|  10k| 1.950000e+01 | 4.720000e+02 |2320.51%
 6283s| 35100 | 12185 | 11224k| 319.5 |   376M | 177 | 607 |9710 |  16k|9710 |  15k|   0 |  14k|  10k| 1.950000e+01 | 4.720000e+02 |2320.51%
 6290s| 35200 | 12209 | 11234k| 318.9 |   377M | 177 |   - |9710 |  16k|9710 |  15k|   0 |  15k|  10k| 1.950000e+01 | 4.720000e+02 |2320.51%
 6301s| 35300 | 12239 | 11259k| 318.7 |   378M | 177 |   - |9710 |  16k|9710 |  15k|   0 |  15k|  10k| 1.950000e+01 | 4.720000e+02 |2320.51%
 6307s| 35400 | 12261 | 11273k| 318.2 |   379M | 177 |  44 |9710 |  16k|9710 |  15k|   0 |  15k|  10k| 1.959314e+01 | 4.720000e+02 |2309.01%
 6319s| 35500 | 12291 | 11296k| 317.9 |   379M | 177 |  47 |9710 |  16k|9710 |  15k|   0 |  15k|  10k| 1.959524e+01 | 4.720000e+02 |2308.75%
 6324s| 35600 | 12321 | 11305k| 317.3 |   379M | 177 |  45 |9710 |  16k|9710 |  15k|   0 |  15k|  10k| 1.959524e+01 | 4.720000e+02 |2308.75%
 time | node  | left  |LP iter|LP it/n|mem/heur|mdpt |frac |vars |cons |cols |rows |cuts |confs|strbr|  dualbound   | primalbound  |  gap   
 6330s| 35700 | 12335 | 11317k| 316.7 |   379M | 177 |   - |9710 |  16k|9710 |  15k|   0 |  15k|  10k| 1.959524e+01 | 4.720000e+02 |2308.75%
 6332s| 35800 | 12343 | 11319k| 315.9 |   379M | 177 |   - |9710 |  16k|9710 |  15k|   0 |  15k|  10k| 1.959524e+01 | 4.720000e+02 |2308.75%
 6349s| 35900 | 12377 | 11350k| 315.9 |   380M | 177 |  45 |9710 |  16k|9710 |  15k|   0 |  15k|  10k| 1.966667e+01 | 4.720000e+02 |2300.00%
 6363s| 36000 | 12395 | 11378k| 315.8 |   381M | 177 | 641 |9710 |  16k|9710 |  15k|   0 |  15k|  10k| 1.966667e+01 | 4.720000e+02 |2300.00%
 6381s| 36100 | 12437 | 11416k| 316.0 |   382M | 177 |  48 |9710 |  16k|9710 |  15k|   0 |  15k|  10k| 1.966667e+01 | 4.720000e+02 |2300.00%
 6431s| 36200 | 12487 | 11503k| 317.5 |   382M | 177 |   - |9710 |  16k|9710 |  15k|   0 |  15k|  10k| 1.966667e+01 | 4.720000e+02 |2300.00%
 6444s| 36300 | 12507 | 11524k| 317.2 |   382M | 177 |  54 |9710 |  16k|9710 |  15k|   0 |  15k|  10k| 1.966667e+01 | 4.720000e+02 |2300.00%
 6465s| 36400 | 12541 | 11567k| 317.5 |   383M | 177 |  70 |9710 |  16k|9710 |  15k|   0 |  15k|  10k| 1.966667e+01 | 4.720000e+02 |2300.00%
 6468s| 36500 | 12553 | 11568k| 316.7 |   383M | 177 |   - |9710 |  16k|9710 |  15k|   0 |  15k|  10k| 1.966667e+01 | 4.720000e+02 |2300.00%
 6480s| 36600 | 12581 | 11592k| 316.5 |   383M | 177 |  80 |9710 |  16k|9710 |  15k|   0 |  15k|  10k| 1.966667e+01 | 4.720000e+02 |2300.00%
 6489s| 36700 | 12595 | 11606k| 316.0 |   383M | 177 |  65 |9710 |  16k|9710 |  15k|   0 |  15k|  10k| 1.966667e+01 | 4.720000e+02 |2300.00%
 6510s| 36800 | 12635 | 11648k| 316.3 |   384M | 177 |  63 |9710 |  16k|9710 |  15k|   0 |  15k|  10k| 1.967500e+01 | 4.720000e+02 |2298.98%
 6536s| 36900 | 12687 | 11702k| 316.9 |   385M | 177 |  86 |9710 |  16k|9710 |  15k|   0 |  15k|  10k| 1.967500e+01 | 4.720000e+02 |2298.98%
 6538s| 37000 | 12691 | 11703k| 316.0 |   385M | 177 |   - |9710 |  16k|9710 |  15k|   0 |  15k|  10k| 1.967500e+01 | 4.720000e+02 |2298.98%
 6550s| 37100 | 12719 | 11721k| 315.7 |   385M | 177 |  51 |9710 |  16k|9710 |  15k|   0 |  15k|  10k| 1.967647e+01 | 4.720000e+02 |2298.80%
 time | node  | left  |LP iter|LP it/n|mem/heur|mdpt |frac |vars |cons |cols |rows |cuts |confs|strbr|  dualbound   | primalbound  |  gap   
 6558s| 37200 | 12737 | 11736k| 315.2 |   386M | 177 |  51 |9710 |  16k|9710 |  15k|   0 |  15k|  10k| 1.970833e+01 | 4.720000e+02 |2294.93%
 6575s| 37300 | 12773 | 11770k| 315.3 |   386M | 177 |   - |9710 |  16k|9710 |  15k|   0 |  15k|  10k| 1.976042e+01 | 4.720000e+02 |2288.61%
 6599s| 37400 | 12821 | 11819k| 315.8 |   387M | 177 |  71 |9710 |  16k|9710 |  15k|   0 |  15k|  10k| 1.980000e+01 | 4.720000e+02 |2283.84%
 6601s| 37500 | 12823 | 11821k| 315.0 |   387M | 177 |   - |9710 |  16k|9710 |  15k|   0 |  15k|  10k| 1.980000e+01 | 4.720000e+02 |2283.84%
 6624s| 37600 | 12863 | 11855k| 315.0 |   387M | 177 |   - |9710 |  16k|9710 |  15k|   0 |  15k|  10k| 1.980000e+01 | 4.720000e+02 |2283.84%
 6650s| 37700 | 12911 | 11905k| 315.5 |   388M | 177 | 623 |9710 |  16k|9710 |  15k|   0 |  15k|  10k| 1.983333e+01 | 4.720000e+02 |2279.83%
 6669s| 37800 | 12963 | 11944k| 315.7 |   388M | 177 |  57 |9710 |  16k|9710 |  15k|   0 |  15k|  10k| 1.983333e+01 | 4.720000e+02 |2279.83%
 6671s| 37900 | 12971 | 11945k| 314.9 |   388M | 177 |   - |9710 |  16k|9710 |  15k|   0 |  15k|  10k| 1.983333e+01 | 4.720000e+02 |2279.83%
 6684s| 38000 | 13003 | 11973k| 314.8 |   389M | 177 |   - |9710 |  16k|9710 |  15k|   0 |  15k|  10k| 1.987500e+01 | 4.720000e+02 |2274.84%
 6689s| 38100 | 13029 | 11982k| 314.2 |   389M | 177 |  47 |9710 |  16k|9710 |  15k|   0 |  16k|  10k| 1.987500e+01 | 4.720000e+02 |2274.84%
 6695s| 38200 | 13049 | 11993k| 313.7 |   389M | 177 |   - |9710 |  16k|9710 |  15k|   0 |  16k|  10k| 1.987500e+01 | 4.720000e+02 |2274.84%
 6697s| 38300 | 13051 | 11994k| 312.9 |   389M | 177 |   - |9710 |  16k|9710 |  15k|   0 |  16k|  10k| 1.987500e+01 | 4.720000e+02 |2274.84%
 6699s| 38400 | 13049 | 11995k| 312.1 |   389M | 177 |  38 |9710 |  16k|9710 |  15k|   0 |  16k|  10k| 1.987500e+01 | 4.720000e+02 |2274.84%
 6702s| 38500 | 13065 | 11996k| 311.3 |   389M | 177 |  51 |9710 |  16k|9710 |  15k|   0 |  16k|  10k| 1.987500e+01 | 4.720000e+02 |2274.84%
 6709s| 38600 | 13079 | 12010k| 310.9 |   390M | 177 |   - |9710 |  16k|9710 |  15k|   0 |  16k|  10k| 1.988889e+01 | 4.720000e+02 |2273.18%
 time | node  | left  |LP iter|LP it/n|mem/heur|mdpt |frac |vars |cons |cols |rows |cuts |confs|strbr|  dualbound   | primalbound  |  gap   
 6711s| 38700 | 13077 | 12012k| 310.1 |   391M | 177 |   - |9710 |  16k|9710 |  15k|   0 |  16k|  10k| 1.988889e+01 | 4.720000e+02 |2273.18%
 6733s| 38800 | 13123 | 12055k| 310.4 |   392M | 177 | 652 |9710 |  16k|9710 |  15k|   0 |  16k|  10k| 1.991667e+01 | 4.720000e+02 |2269.87%
 6767s| 38900 | 13161 | 12106k| 311.0 |   392M | 177 |   - |9710 |  16k|9710 |  15k|   0 |  16k|  11k| 1.992857e+01 | 4.720000e+02 |2268.46%
 6777s| 39000 | 13177 | 12123k| 310.6 |   392M | 177 |  81 |9710 |  16k|9710 |  15k|   0 |  16k|  11k| 1.992857e+01 | 4.720000e+02 |2268.46%
 6787s| 39100 | 13221 | 12145k| 310.4 |   392M | 177 | 556 |9710 |  16k|9710 |  15k|   0 |  16k|  11k| 1.995982e+01 | 4.720000e+02 |2264.75%
 6801s| 39200 | 13267 | 12182k| 310.5 |   392M | 177 |   - |9710 |  16k|9710 |  15k|   0 |  16k|  11k| 1.995982e+01 | 4.720000e+02 |2264.75%
 6806s| 39300 | 13295 | 12192k| 310.0 |   393M | 177 |   - |9710 |  16k|9710 |  15k|   0 |  16k|  11k| 1.995982e+01 | 4.720000e+02 |2264.75%
 6809s| 39400 | 13303 | 12193k| 309.2 |   393M | 177 |   - |9710 |  16k|9710 |  15k|   0 |  16k|  11k| 1.995982e+01 | 4.720000e+02 |2264.75%
 6822s| 39500 | 13341 | 12224k| 309.2 |   393M | 177 |   - |9710 |  16k|9710 |  15k|   0 |  16k|  11k| 2.000000e+01 | 4.720000e+02 |2260.00%
 6834s| 39600 | 13357 | 12246k| 309.0 |   394M | 177 |  23 |9710 |  16k|9710 |  15k|   0 |  16k|  11k| 2.000000e+01 | 4.720000e+02 |2260.00%
 6836s| 39700 | 13367 | 12247k| 308.2 |   394M | 177 |  23 |9710 |  16k|9710 |  15k|   0 |  16k|  11k| 2.000000e+01 | 4.720000e+02 |2260.00%
 6839s| 39800 | 13369 | 12249k| 307.5 |   395M | 177 |  17 |9710 |  16k|9710 |  15k|   0 |  16k|  11k| 2.000000e+01 | 4.720000e+02 |2260.00%
 6848s| 39900 | 13381 | 12266k| 307.2 |   396M | 177 |  19 |9710 |  16k|9710 |  15k|   0 |  16k|  11k| 2.000000e+01 | 4.720000e+02 |2260.00%
 6850s| 40000 | 13371 | 12267k| 306.4 |   396M | 177 |  27 |9710 |  16k|9710 |  15k|   0 |  16k|  11k| 2.000000e+01 | 4.720000e+02 |2260.00%
 6857s| 40100 | 13379 | 12278k| 305.9 |   396M | 177 | 673 |9710 |  16k|9710 |  15k|   0 |  16k|  11k| 2.000000e+01 | 4.720000e+02 |2260.00%
 time | node  | left  |LP iter|LP it/n|mem/heur|mdpt |frac |vars |cons |cols |rows |cuts |confs|strbr|  dualbound   | primalbound  |  gap   
 6880s| 40200 | 13393 | 12303k| 305.8 |   396M | 177 |   - |9710 |  16k|9710 |  15k|   0 |  16k|  11k| 2.000000e+01 | 4.720000e+02 |2260.00%
 6891s| 40300 | 13413 | 12326k| 305.6 |   396M | 177 |  21 |9710 |  16k|9710 |  15k|   0 |  16k|  11k| 2.000000e+01 | 4.720000e+02 |2260.00%
 6904s| 40400 | 13441 | 12351k| 305.5 |   396M | 177 |   - |9710 |  16k|9710 |  15k|   0 |  16k|  11k| 2.000000e+01 | 4.720000e+02 |2260.00%
 6912s| 40500 | 13463 | 12364k| 305.1 |   396M | 177 |  23 |9710 |  16k|9710 |  15k|   0 |  16k|  11k| 2.000000e+01 | 4.720000e+02 |2260.00%
 6919s| 40600 | 13473 | 12377k| 304.6 |   396M | 177 |  19 |9710 |  16k|9710 |  15k|   0 |  16k|  11k| 2.000000e+01 | 4.720000e+02 |2260.00%
 6924s| 40700 | 13489 | 12389k| 304.1 |   396M | 177 |   - |9710 |  16k|9710 |  15k|   0 |  16k|  11k| 2.000000e+01 | 4.720000e+02 |2260.00%
 6926s| 40800 | 13497 | 12390k| 303.4 |   396M | 177 |  23 |9710 |  16k|9710 |  15k|   0 |  17k|  11k| 2.000000e+01 | 4.720000e+02 |2260.00%
 6935s| 40900 | 13519 | 12407k| 303.1 |   396M | 177 | 618 |9710 |  16k|9710 |  15k|   0 |  17k|  11k| 2.000000e+01 | 4.720000e+02 |2260.00%
 6949s| 41000 | 13555 | 12434k| 303.0 |   396M | 177 | 579 |9710 |  16k|9710 |  15k|   0 |  17k|  11k| 2.000000e+01 | 4.720000e+02 |2260.00%
 6955s| 41100 | 13579 | 12448k| 302.6 |   397M | 177 |   - |9710 |  16k|9710 |  15k|   0 |  17k|  11k| 2.000000e+01 | 4.720000e+02 |2260.00%
 6957s| 41200 | 13575 | 12449k| 301.9 |   397M | 177 |  31 |9710 |  16k|9710 |  15k|   0 |  17k|  11k| 2.000000e+01 | 4.720000e+02 |2260.00%
 6961s| 41300 | 13587 | 12454k| 301.3 |   397M | 177 | 650 |9710 |  16k|9710 |  15k|   0 |  17k|  11k| 2.000000e+01 | 4.720000e+02 |2260.00%
 6964s| 41400 | 13605 | 12460k| 300.7 |   397M | 177 |   - |9710 |  16k|9710 |  15k|   0 |  17k|  11k| 2.000000e+01 | 4.720000e+02 |2260.00%
 6980s| 41500 | 13631 | 12484k| 300.6 |   397M | 177 | 691 |9710 |  16k|9710 |  15k|   0 |  17k|  11k| 2.000000e+01 | 4.720000e+02 |2260.00%
 7000s| 41600 | 13679 | 12528k| 300.9 |   399M | 177 |  11 |9710 |  16k|9710 |  15k|   0 |  17k|  11k| 2.000000e+01 | 4.720000e+02 |2260.00%
 time | node  | left  |LP iter|LP it/n|mem/heur|mdpt |frac |vars |cons |cols |rows |cuts |confs|strbr|  dualbound   | primalbound  |  gap   
 7012s| 41700 | 13697 | 12554k| 300.8 |   399M | 177 |  19 |9710 |  16k|9710 |  15k|   0 |  17k|  11k| 2.000000e+01 | 4.720000e+02 |2260.00%
 7029s| 41800 | 13729 | 12578k| 300.7 |   399M | 177 |  13 |9710 |  16k|9710 |  15k|   0 |  17k|  11k| 2.000000e+01 | 4.720000e+02 |2260.00%
 7035s| 41900 | 13757 | 12590k| 300.2 |   399M | 177 | 732 |9710 |  16k|9710 |  15k|   0 |  17k|  11k| 2.000000e+01 | 4.720000e+02 |2260.00%
 7039s| 42000 | 13765 | 12596k| 299.7 |   399M | 177 |   - |9710 |  16k|9710 |  15k|   0 |  17k|  11k| 2.000000e+01 | 4.720000e+02 |2260.00%
 7046s| 42100 | 13779 | 12608k| 299.2 |   399M | 177 | 704 |9710 |  16k|9710 |  15k|   0 |  17k|  11k| 2.000000e+01 | 4.720000e+02 |2260.00%
 7052s| 42200 | 13785 | 12618k| 298.8 |   399M | 177 |  25 |9710 |  16k|9710 |  15k|   0 |  17k|  11k| 2.000000e+01 | 4.720000e+02 |2260.00%
 7062s| 42300 | 13805 | 12634k| 298.4 |   399M | 177 |   - |9710 |  16k|9710 |  15k|   0 |  17k|  11k| 2.000000e+01 | 4.720000e+02 |2260.00%
 7064s| 42400 | 13801 | 12635k| 297.8 |   399M | 177 |  33 |9710 |  16k|9710 |  15k|   0 |  17k|  11k| 2.000000e+01 | 4.720000e+02 |2260.00%
 7081s| 42500 | 13833 | 12669k| 297.9 |   399M | 177 |   - |9710 |  16k|9710 |  15k|   0 |  17k|  11k| 2.000000e+01 | 4.720000e+02 |2260.00%
 7099s| 42600 | 13855 | 12701k| 297.9 |   399M | 177 | 690 |9710 |  16k|9710 |  15k|   0 |  17k|  11k| 2.000000e+01 | 4.720000e+02 |2260.00%
 7128s| 42700 | 13909 | 12752k| 298.4 |   399M | 177 | 691 |9710 |  16k|9710 |  15k|   0 |  17k|  11k| 2.005796e+01 | 4.720000e+02 |2253.18%
 7145s| 42800 | 13953 | 12781k| 298.4 |   400M | 177 |   - |9710 |  16k|9710 |  15k|   0 |  17k|  11k| 2.006481e+01 | 4.720000e+02 |2252.38%
 7168s| 42900 | 13985 | 12826k| 298.7 |   400M | 177 |   - |9710 |  16k|9710 |  15k|   0 |  17k|  11k| 2.008333e+01 | 4.720000e+02 |2250.21%
 7170s| 43000 | 13993 | 12827k| 298.1 |   400M | 177 |  27 |9710 |  16k|9710 |  15k|   0 |  17k|  11k| 2.008333e+01 | 4.720000e+02 |2250.21%
 7177s| 43100 | 14003 | 12839k| 297.7 |   400M | 177 | 742 |9710 |  16k|9710 |  15k|   0 |  17k|  11k| 2.008333e+01 | 4.720000e+02 |2250.21%
 time | node  | left  |LP iter|LP it/n|mem/heur|mdpt |frac |vars |cons |cols |rows |cuts |confs|strbr|  dualbound   | primalbound  |  gap   
 7182s| 43200 | 14019 | 12848k| 297.2 |   401M | 177 |   - |9710 |  16k|9710 |  15k|   0 |  17k|  11k| 2.008333e+01 | 4.720000e+02 |2250.21%
 7196s| 43300 | 14041 | 12874k| 297.1 |   401M | 177 | 605 |9710 |  16k|9710 |  15k|   0 |  17k|  11k| 2.009091e+01 | 4.720000e+02 |2249.32%

SCIP Status        : solving was interrupted [time limit reached]
Solving Time (sec) : 7200.01
Solving Nodes      : 43304
Primal Bound       : +4.72000000000000e+02 (83 solutions)
Dual Bound         : +2.00909090909091e+01
Gap                : 2249.32 %

Number of variables fixed to 0 by isomorphism pruning:	     0
Number of variables fixed to 1 by isomorphism pruning:	     0
@04 1686583046
