FILENAME:   /home/mcs001/s132664/testsets/IP/miplib2017/neos-3696678-lyvia.mps.gz
SETTINGS:   settings_isopr_minimalindexbranching_avoidsubtreenodes
TIMELIMIT:  7200
OUTPUTNAME: final_miplib_symretope_if_extended_generating_set_cpx_v802__settings_isopr_minimalindexbranching_avoidsubtreenodes__2__
BINNAME:    bin/symmetries.linux.x86_64.gnu.opt.cpx
BASENAME:   neos-3696678-lyvia.mps.gz
SEED:       2
@01 /home/mcs001/s132664/testsets/IP/miplib2017/neos-3696678-lyvia.mps.gz ===========
@02 neos-3696678-lyvia.mps.gz
@03 1686566775
SCIP version 8.0.2 [precision: 8 byte] [memory: block] [mode: optimized] [LP solver: CPLEX 20.1.0.0] [GitHash: 5f0473c]
Copyright (C) 2002-2022 Konrad-Zuse-Zentrum fuer Informationstechnik Berlin (ZIB)

Symmetry handling routines - (c) Marc Pfetsch, Thomas Rehn, Christopher Hojny.
[GitHash: a1587cb]


Turned off presolver <gateextraction>.
reading parameter file <../settings/settings_isopr_minimalindexbranching_avoidsubtreenodes.set> ...

Changed settings:
limits/time = 7200
limits/restarts = 0
randomization/randomseedshift = 2
constraints/orbitope/sepafreq = -1
constraints/orbitope/propfreq = 1
presolving/gateextraction/maxrounds = 0
propagating/isoprune/avoidsubtreenodes = TRUE
useisoprune = TRUE
usebranchfirst = TRUE


solving problem ...

original problem has 7683 variables (7516 bin, 167 int, 0 impl, 0 cont) and 9004 constraints
presolving:
(round 1, fast)       3907 del vars, 7558 del conss, 0 add conss, 3663 chg bounds, 788 chg sides, 788 chg coeffs, 0 upgd conss, 276 impls, 167 clqs
(round 2, fast)       3936 del vars, 7558 del conss, 0 add conss, 3663 chg bounds, 788 chg sides, 788 chg coeffs, 0 upgd conss, 276 impls, 300 clqs
(round 3, medium)     3994 del vars, 7558 del conss, 0 add conss, 3663 chg bounds, 788 chg sides, 788 chg coeffs, 0 upgd conss, 276 impls, 213 clqs
(round 4, fast)       4197 del vars, 7684 del conss, 0 add conss, 3663 chg bounds, 788 chg sides, 788 chg coeffs, 0 upgd conss, 276 impls, 213 clqs
(round 5, fast)       4946 del vars, 7753 del conss, 0 add conss, 3663 chg bounds, 788 chg sides, 788 chg coeffs, 0 upgd conss, 276 impls, 209 clqs
(round 6, exhaustive) 4946 del vars, 7753 del conss, 0 add conss, 3663 chg bounds, 788 chg sides, 788 chg coeffs, 841 upgd conss, 276 impls, 209 clqs
(round 7, fast)       4979 del vars, 7753 del conss, 0 add conss, 3663 chg bounds, 788 chg sides, 788 chg coeffs, 841 upgd conss, 694 impls, 765 clqs
(round 8, fast)       5008 del vars, 7782 del conss, 0 add conss, 3663 chg bounds, 788 chg sides, 792 chg coeffs, 841 upgd conss, 694 impls, 736 clqs
(round 9, medium)     5145 del vars, 7782 del conss, 0 add conss, 3663 chg bounds, 788 chg sides, 834 chg coeffs, 841 upgd conss, 763 impls, 425 clqs
(round 10, fast)       5671 del vars, 8038 del conss, 0 add conss, 3732 chg bounds, 791 chg sides, 903 chg coeffs, 841 upgd conss, 763 impls, 425 clqs
(round 11, fast)       5823 del vars, 8245 del conss, 138 add conss, 3732 chg bounds, 791 chg sides, 903 chg coeffs, 841 upgd conss, 763 impls, 563 clqs
(round 12, medium)     5892 del vars, 8245 del conss, 138 add conss, 3732 chg bounds, 791 chg sides, 903 chg coeffs, 841 upgd conss, 763 impls, 425 clqs
(round 13, fast)       5892 del vars, 8383 del conss, 138 add conss, 3732 chg bounds, 791 chg sides, 903 chg coeffs, 841 upgd conss, 763 impls, 425 clqs
(round 14, exhaustive) 5892 del vars, 8383 del conss, 138 add conss, 3732 chg bounds, 791 chg sides, 903 chg coeffs, 1113 upgd conss, 763 impls, 425 clqs
(round 15, fast)       5961 del vars, 8383 del conss, 138 add conss, 3732 chg bounds, 791 chg sides, 903 chg coeffs, 1113 upgd conss, 828 impls, 490 clqs
(round 16, fast)       6030 del vars, 8452 del conss, 138 add conss, 3732 chg bounds, 791 chg sides, 903 chg coeffs, 1113 upgd conss, 828 impls, 421 clqs
(round 17, exhaustive) 6096 del vars, 8452 del conss, 138 add conss, 3732 chg bounds, 791 chg sides, 903 chg coeffs, 1113 upgd conss, 828 impls, 414 clqs
(round 18, fast)       6096 del vars, 8459 del conss, 138 add conss, 3732 chg bounds, 791 chg sides, 907 chg coeffs, 1113 upgd conss, 828 impls, 414 clqs
   (0.2s) probing: 1000/1616 (61.9%) - 5 fixings, 1 aggregations, 1324 implications, 0 bound changes
(round 19, exhaustive) 6121 del vars, 8459 del conss, 138 add conss, 3732 chg bounds, 791 chg sides, 907 chg coeffs, 1113 upgd conss, 1109 impls, 1566 clqs
(round 20, medium)     6126 del vars, 8459 del conss, 138 add conss, 3732 chg bounds, 791 chg sides, 907 chg coeffs, 1113 upgd conss, 1114 impls, 1476 clqs
(round 21, fast)       6151 del vars, 8464 del conss, 138 add conss, 3732 chg bounds, 791 chg sides, 907 chg coeffs, 1113 upgd conss, 1114 impls, 1476 clqs
(round 22, exhaustive) 6180 del vars, 8464 del conss, 138 add conss, 3732 chg bounds, 791 chg sides, 907 chg coeffs, 1113 upgd conss, 1133 impls, 1642 clqs
(round 23, fast)       6180 del vars, 8465 del conss, 138 add conss, 3732 chg bounds, 791 chg sides, 907 chg coeffs, 1113 upgd conss, 1133 impls, 1657 clqs
(round 24, medium)     6199 del vars, 8465 del conss, 138 add conss, 3732 chg bounds, 791 chg sides, 907 chg coeffs, 1113 upgd conss, 1148 impls, 1355 clqs
(round 25, fast)       6278 del vars, 8485 del conss, 143 add conss, 3732 chg bounds, 791 chg sides, 907 chg coeffs, 1113 upgd conss, 1148 impls, 1355 clqs
(round 26, exhaustive) 6303 del vars, 8485 del conss, 143 add conss, 3732 chg bounds, 791 chg sides, 907 chg coeffs, 1113 upgd conss, 1167 impls, 1500 clqs
(round 27, medium)     6320 del vars, 8485 del conss, 143 add conss, 3732 chg bounds, 791 chg sides, 907 chg coeffs, 1113 upgd conss, 1184 impls, 1159 clqs
(round 28, fast)       6419 del vars, 8510 del conss, 151 add conss, 3732 chg bounds, 791 chg sides, 907 chg coeffs, 1113 upgd conss, 1184 impls, 1159 clqs
(round 29, exhaustive) 6444 del vars, 8510 del conss, 151 add conss, 3732 chg bounds, 791 chg sides, 908 chg coeffs, 1113 upgd conss, 1186 impls, 1144 clqs
(round 30, fast)       6445 del vars, 8515 del conss, 154 add conss, 3732 chg bounds, 791 chg sides, 908 chg coeffs, 1113 upgd conss, 1186 impls, 1137 clqs
(round 31, fast)       6448 del vars, 8515 del conss, 154 add conss, 3732 chg bounds, 791 chg sides, 908 chg coeffs, 1113 upgd conss, 1186 impls, 1137 clqs
(round 32, exhaustive) 6448 del vars, 8515 del conss, 154 add conss, 3732 chg bounds, 791 chg sides, 908 chg coeffs, 1115 upgd conss, 1186 impls, 1137 clqs
(round 33, fast)       6457 del vars, 8515 del conss, 154 add conss, 3732 chg bounds, 791 chg sides, 908 chg coeffs, 1115 upgd conss, 1186 impls, 1110 clqs
(round 34, fast)       6459 del vars, 8517 del conss, 154 add conss, 3732 chg bounds, 791 chg sides, 908 chg coeffs, 1115 upgd conss, 1188 impls, 1102 clqs
(round 35, exhaustive) 6484 del vars, 8517 del conss, 154 add conss, 3732 chg bounds, 791 chg sides, 909 chg coeffs, 1115 upgd conss, 1190 impls, 1083 clqs
(round 36, fast)       6485 del vars, 8519 del conss, 155 add conss, 3732 chg bounds, 791 chg sides, 909 chg coeffs, 1115 upgd conss, 1190 impls, 1076 clqs
(round 37, exhaustive) 6485 del vars, 8519 del conss, 155 add conss, 3732 chg bounds, 791 chg sides, 909 chg coeffs, 1117 upgd conss, 1190 impls, 1076 clqs
(round 38, fast)       6494 del vars, 8523 del conss, 155 add conss, 3732 chg bounds, 791 chg sides, 909 chg coeffs, 1117 upgd conss, 1190 impls, 1054 clqs
(round 39, fast)       6510 del vars, 8532 del conss, 158 add conss, 3732 chg bounds, 791 chg sides, 909 chg coeffs, 1117 upgd conss, 1192 impls, 1039 clqs
(round 40, fast)       6512 del vars, 8532 del conss, 158 add conss, 3732 chg bounds, 791 chg sides, 909 chg coeffs, 1117 upgd conss, 1192 impls, 1039 clqs
(round 41, exhaustive) 6537 del vars, 8532 del conss, 158 add conss, 3732 chg bounds, 791 chg sides, 911 chg coeffs, 1117 upgd conss, 1197 impls, 998 clqs
(round 42, exhaustive) 6537 del vars, 8532 del conss, 158 add conss, 3732 chg bounds, 791 chg sides, 911 chg coeffs, 1122 upgd conss, 1197 impls, 1003 clqs
(round 43, fast)       6551 del vars, 8533 del conss, 158 add conss, 3732 chg bounds, 791 chg sides, 911 chg coeffs, 1122 upgd conss, 1197 impls, 961 clqs
(round 44, fast)       6562 del vars, 8541 del conss, 161 add conss, 3732 chg bounds, 791 chg sides, 911 chg coeffs, 1122 upgd conss, 1202 impls, 941 clqs
(round 45, exhaustive) 6587 del vars, 8541 del conss, 161 add conss, 3732 chg bounds, 791 chg sides, 911 chg coeffs, 1122 upgd conss, 1207 impls, 907 clqs
(round 46, fast)       6587 del vars, 8545 del conss, 163 add conss, 3732 chg bounds, 791 chg sides, 911 chg coeffs, 1122 upgd conss, 1207 impls, 912 clqs
(round 47, fast)       6603 del vars, 8549 del conss, 163 add conss, 3732 chg bounds, 791 chg sides, 911 chg coeffs, 1122 upgd conss, 1207 impls, 896 clqs
(round 48, exhaustive) 6603 del vars, 8549 del conss, 163 add conss, 3732 chg bounds, 791 chg sides, 911 chg coeffs, 1127 upgd conss, 1207 impls, 896 clqs
(round 49, fast)       6615 del vars, 8549 del conss, 163 add conss, 3732 chg bounds, 791 chg sides, 911 chg coeffs, 1127 upgd conss, 1207 impls, 860 clqs
(round 50, fast)       6620 del vars, 8556 del conss, 165 add conss, 3732 chg bounds, 791 chg sides, 911 chg coeffs, 1127 upgd conss, 1212 impls, 840 clqs
   (0.2s) probing cycle finished: starting next cycle
   (0.2s) probing: 51/1078 (4.7%) - 135 fixings, 58 aggregations, 2440 implications, 0 bound changes
   (0.2s) probing aborted: 50/50 successive totally useless probings
(round 51, exhaustive) 6634 del vars, 8556 del conss, 165 add conss, 3732 chg bounds, 791 chg sides, 914 chg coeffs, 1127 upgd conss, 1213 impls, 822 clqs
(round 52, fast)       6637 del vars, 8564 del conss, 166 add conss, 3732 chg bounds, 791 chg sides, 914 chg coeffs, 1127 upgd conss, 1213 impls, 794 clqs
(round 53, fast)       6682 del vars, 8573 del conss, 166 add conss, 3732 chg bounds, 791 chg sides, 914 chg coeffs, 1127 upgd conss, 1213 impls, 751 clqs
(round 54, exhaustive) 6682 del vars, 8573 del conss, 166 add conss, 3732 chg bounds, 791 chg sides, 915 chg coeffs, 1128 upgd conss, 1213 impls, 751 clqs
(round 55, fast)       6685 del vars, 8574 del conss, 166 add conss, 3732 chg bounds, 791 chg sides, 915 chg coeffs, 1128 upgd conss, 1213 impls, 742 clqs
(round 56, fast)       6712 del vars, 8575 del conss, 166 add conss, 3732 chg bounds, 791 chg sides, 915 chg coeffs, 1128 upgd conss, 1214 impls, 738 clqs
   (0.2s) probing: 56/1078 (5.2%) - 135 fixings, 58 aggregations, 2440 implications, 0 bound changes
   (0.2s) probing aborted: 50/50 successive totally useless probings
Required symmetry:			(1 bin, 0 int, 0 cont); (fixed: 0 bin, 1 int, 0 cont)
Time for symmetry detection:		0.00 	(matrix graph, 2576 nodes, 4774 edges)
Number of generators:			85 	(max: 1500)
Log10 of symmetry group order:		67.0
Number of vars moved by some symmetry:	505
Total time for symmetry detection:	0.01

Turned off presolver <domcol>.
Turned off presolver <components>.

presolving (57 rounds: 57 fast, 23 medium, 17 exhaustive):
 6712 deleted vars, 8575 deleted constraints, 166 added constraints, 3732 tightened bounds, 0 added holes, 791 changed sides, 915 changed coefficients
 1214 implications, 738 cliques
presolved problem has 1069 variables (1000 bin, 69 int, 0 impl, 0 cont) and 594 constraints
    394 constraints of type <varbound>
     96 constraints of type <knapsack>
     83 constraints of type <linear>
     20 constraints of type <logicor>
      1 constraints of type <symmetries>
transformed objective value is always integral (scale: 0.05)
Presolving Time: 0.18

 time | node  | left  |LP iter|LP it/n|mem/heur|mdpt |frac |vars |cons |cols |rows |cuts |confs|strbr|  dualbound   | primalbound  |  gap   
* 0.2s|     1 |     0 |    61 |     - |    LP  |   0 |   - |1069 | 599 |1069 | 593 |   0 |   6 |   0 | 8.375000e+01 | 8.375000e+01 |   0.00%
  0.2s|     1 |     0 |    61 |     - |    41M |   0 |   - |1069 | 599 |1069 | 593 |   0 |   6 |   0 | 8.375000e+01 | 8.375000e+01 |   0.00%

SCIP Status        : problem is solved [optimal solution found]
Solving Time (sec) : 0.23
Solving Nodes      : 1
Primal Bound       : +8.37500000000000e+01 (1 solutions)
Dual Bound         : +8.37500000000000e+01
Gap                : 0.00 %

Number of variables fixed to 0 by isomorphism pruning:	     0
Number of variables fixed to 1 by isomorphism pruning:	     0
@04 1686566775
