FILENAME:   /home/mcs001/s132664/testsets/IP/miplib2017/sct1.mps.gz
SETTINGS:   settings_isopr_minimalindexbranching_avoidsubtreenodes
TIMELIMIT:  7200
OUTPUTNAME: final_miplib_symretope_if_extended_generating_set_cpx_v802__settings_isopr_minimalindexbranching_avoidsubtreenodes__1__
BINNAME:    bin/symmetries.linux.x86_64.gnu.opt.cpx
BASENAME:   sct1.mps.gz
SEED:       1
@01 /home/mcs001/s132664/testsets/IP/miplib2017/sct1.mps.gz ===========
@02 sct1.mps.gz
@03 1686566761
SCIP version 8.0.2 [precision: 8 byte] [memory: block] [mode: optimized] [LP solver: CPLEX 20.1.0.0] [GitHash: 5f0473c]
Copyright (C) 2002-2022 Konrad-Zuse-Zentrum fuer Informationstechnik Berlin (ZIB)

Symmetry handling routines - (c) Marc Pfetsch, Thomas Rehn, Christopher Hojny.
[GitHash: a1587cb]


Turned off presolver <gateextraction>.
reading parameter file <../settings/settings_isopr_minimalindexbranching_avoidsubtreenodes.set> ...

Changed settings:
limits/time = 7200
limits/restarts = 0
randomization/randomseedshift = 1
constraints/orbitope/sepafreq = -1
constraints/orbitope/propfreq = 1
presolving/gateextraction/maxrounds = 0
propagating/isoprune/avoidsubtreenodes = TRUE
useisoprune = TRUE
usebranchfirst = TRUE


solving problem ...

original problem has 22886 variables (10312 bin, 0 int, 0 impl, 12574 cont) and 12154 constraints
presolving:
(round 1, fast)       8261 del vars, 2921 del conss, 1 add conss, 1937 chg bounds, 0 chg sides, 0 chg coeffs, 0 upgd conss, 0 impls, 5063 clqs
(round 2, fast)       8347 del vars, 2977 del conss, 1 add conss, 1942 chg bounds, 57 chg sides, 632 chg coeffs, 0 upgd conss, 0 impls, 5063 clqs
(round 3, fast)       8369 del vars, 2981 del conss, 1 add conss, 1942 chg bounds, 57 chg sides, 632 chg coeffs, 0 upgd conss, 0 impls, 5061 clqs
(round 4, fast)       8369 del vars, 2981 del conss, 1 add conss, 2848 chg bounds, 57 chg sides, 632 chg coeffs, 0 upgd conss, 0 impls, 5061 clqs
(round 5, exhaustive) 8372 del vars, 2984 del conss, 1 add conss, 2849 chg bounds, 57 chg sides, 632 chg coeffs, 6555 upgd conss, 0 impls, 5061 clqs
   (1.7s) probing: 1000/7774 (12.9%) - 0 fixings, 0 aggregations, 6629 implications, 0 bound changes
   (1.7s) probing: 1001/7774 (12.9%) - 0 fixings, 0 aggregations, 6636 implications, 0 bound changes
   (1.7s) probing aborted: 1000/1000 successive useless probings
Required symmetry:			(1 bin, 0 int, 0 cont); (fixed: 0 bin, 1 int, 0 cont)
Time for symmetry detection:		0.51 	(matrix graph, 51502 nodes, 171352 edges)
Number of generators:			217 	(max: 1500)
Log10 of symmetry group order:		132.6
Number of vars moved by some symmetry:	6404
Total time for symmetry detection:	0.57

Turned off presolver <domcol>.
Turned off presolver <components>.

presolving (6 rounds: 6 fast, 2 medium, 2 exhaustive):
 8372 deleted vars, 2984 deleted constraints, 1 added constraints, 2849 tightened bounds, 0 added holes, 57 changed sides, 632 changed coefficients
 6852 implications, 7509 cliques
presolved problem has 14514 variables (7774 bin, 0 int, 0 impl, 6740 cont) and 9172 constraints
   2664 constraints of type <varbound>
      5 constraints of type <knapsack>
   3886 constraints of type <setppc>
   2616 constraints of type <linear>
      1 constraints of type <symmetries>
Presolving Time: 2.23

 time | node  | left  |LP iter|LP it/n|mem/heur|mdpt |frac |vars |cons |cols |rows |cuts |confs|strbr|  dualbound   | primalbound  |  gap   
p 2.5s|     1 |     0 |    13 |     - |  clique|   0 |   - |  14k|9172 |  14k|9171 |   0 |   0 |   0 |-3.005028e+02 | 3.710077e+02 |    Inf 
  4.3s|     1 |     0 |  5786 |     - |   194M |   0 | 389 |  14k|9192 |  14k|9171 |   0 |  30 |   0 |-2.164098e+02 | 3.710077e+02 |    Inf 
o 5.6s|     1 |     0 |  7301 |     - |feaspump|   0 |   0 |  14k|9172 |  14k|9171 |   0 |  30 |   0 |-2.164098e+02 | 3.386308e+01 |    Inf 
L33.5s|     1 |     0 |  7301 |     - |    rens|   0 | 389 |  14k|9172 |  14k|9171 |   0 |  30 |   0 |-2.164098e+02 |-1.434430e+02 |  50.87%
 33.5s|     1 |     0 |  7301 |     - |   199M |   0 | 389 |  14k|9172 |  14k|9171 |   0 |  30 |   0 |-2.164098e+02 |-1.434430e+02 |  50.87%
 33.8s|     1 |     2 |  7301 |     - |   199M |   0 | 389 |  14k|9172 |  14k|9171 |   0 |  30 |   0 |-2.164098e+02 |-1.434430e+02 |  50.87%
  104s|   100 |   101 |117599 |1129.8 |   212M |  17 | 333 |  14k|9521 |  14k|9171 |   0 | 379 |   0 |-2.163407e+02 |-1.434430e+02 |  50.82%
  120s|   200 |   201 |160396 | 777.1 |   214M |  39 | 296 |  14k|9546 |  14k|9171 |   0 | 405 |   0 |-2.160146e+02 |-1.434430e+02 |  50.59%
L 132s|   201 |   202 |160495 | 773.8 |    rins|  39 | 372 |  14k|9546 |  14k|9171 |   0 | 405 |   0 |-2.159993e+02 |-1.444511e+02 |  49.53%
d 142s|   286 |   287 |188841 | 642.4 |guideddi|  56 |   - |  14k|9565 |  14k|9171 |   0 | 424 |   0 |-2.159836e+02 |-1.448660e+02 |  49.09%
  144s|   300 |   301 |195107 | 633.3 |   217M |  56 | 283 |  14k|9572 |  14k|9171 |   0 | 431 |   0 |-2.159836e+02 |-1.448660e+02 |  49.09%
  156s|   400 |   401 |230609 | 563.6 |   219M |  56 | 279 |  14k|9694 |  14k|9171 |   0 | 553 |   0 |-2.159774e+02 |-1.448660e+02 |  49.09%
L 170s|   486 |   487 |258705 | 521.6 |crossove|  56 | 268 |  14k|9717 |  14k|9171 |   0 | 579 |   0 |-2.159502e+02 |-1.487696e+02 |  45.16%
  171s|   500 |   501 |262943 | 515.4 |   220M |  56 | 295 |  14k|9717 |  14k|9171 |   0 | 579 |   0 |-2.159497e+02 |-1.487696e+02 |  45.16%
  183s|   600 |   601 |301647 | 494.0 |   220M |  57 | 279 |  14k|9761 |  14k|9171 |   0 | 629 |   0 |-2.159021e+02 |-1.487696e+02 |  45.13%
 time | node  | left  |LP iter|LP it/n|mem/heur|mdpt |frac |vars |cons |cols |rows |cuts |confs|strbr|  dualbound   | primalbound  |  gap   
L 198s|   686 |   687 |329883 | 473.2 |    rins|  57 | 255 |  14k|9182 |  14k|9171 |   0 | 691 |   0 |-2.157531e+02 |-1.597612e+02 |  35.05%
  199s|   700 |   701 |332862 | 468.0 |   223M |  57 | 257 |  14k|9186 |  14k|9171 |   0 | 695 |   0 |-2.157531e+02 |-1.597612e+02 |  35.05%
  210s|   800 |   801 |368504 | 454.0 |   223M |  62 | 252 |  14k|9222 |  14k|9171 |   0 | 731 |   0 |-2.157428e+02 |-1.597612e+02 |  35.04%
  230s|   900 |   901 |412303 | 452.2 |   223M |  68 | 272 |  14k|9372 |  14k|9171 |   0 | 881 |   0 |-2.156814e+02 |-1.597612e+02 |  35.00%
  250s|  1000 |  1001 |450698 | 445.4 |   227M |  75 | 240 |  14k|9549 |  14k|9171 |   0 |1058 |   0 |-2.153842e+02 |-1.597612e+02 |  34.82%
L 253s|  1022 |  1023 |453022 | 438.1 |crossove|  90 | 214 |  14k|9549 |  14k|9171 |   0 |1058 |   0 |-2.153842e+02 |-1.641407e+02 |  31.22%
  261s|  1100 |  1101 |475641 | 427.6 |   228M |  98 | 358 |  14k|9647 |  14k|9171 |   0 |1156 |   0 |-2.153385e+02 |-1.641407e+02 |  31.19%
  278s|  1200 |  1201 |523938 | 432.2 |   230M |  98 | 333 |  14k|9707 |  14k|9171 |   0 |1216 |   0 |-2.151276e+02 |-1.641407e+02 |  31.06%
  294s|  1300 |  1301 |566624 | 431.8 |   231M |  98 | 348 |  14k|9731 |  14k|9171 |   0 |1244 |   0 |-2.150125e+02 |-1.641407e+02 |  30.99%
  311s|  1400 |  1401 |615759 | 436.0 |   231M |  98 | 329 |  14k|9896 |  14k|9171 |   0 |1419 |   0 |-2.149173e+02 |-1.641407e+02 |  30.93%
  328s|  1500 |  1501 |664080 | 439.2 |   233M |  98 | 314 |  14k|9964 |  14k|9171 |   0 |1488 |   0 |-2.147922e+02 |-1.641407e+02 |  30.86%
  342s|  1600 |  1601 |703907 | 436.6 |   234M |  98 | 342 |  14k|  10k|  14k|9171 |   0 |1539 |   0 |-2.147293e+02 |-1.641407e+02 |  30.82%
  357s|  1700 |  1701 |750151 | 438.1 |   235M |  98 | 341 |  14k|  10k|  14k|9171 |   0 |1717 |   0 |-2.146893e+02 |-1.641407e+02 |  30.80%
  369s|  1800 |  1801 |782912 | 432.0 |   235M |  98 | 329 |  14k|  10k|  14k|9171 |   0 |1746 |   0 |-2.146383e+02 |-1.641407e+02 |  30.76%
  386s|  1900 |  1901 |829719 | 433.9 |   237M |  98 | 330 |  14k|  10k|  14k|9171 |   0 |1770 |   0 |-2.145937e+02 |-1.641407e+02 |  30.74%
 time | node  | left  |LP iter|LP it/n|mem/heur|mdpt |frac |vars |cons |cols |rows |cuts |confs|strbr|  dualbound   | primalbound  |  gap   
  399s|  2000 |  2001 |866022 | 430.4 |   238M |  98 | 327 |  14k|  10k|  14k|9171 |   0 |1873 |   0 |-2.145559e+02 |-1.641407e+02 |  30.71%
  413s|  2100 |  2101 |909345 | 430.5 |   238M |  98 | 324 |  14k|  10k|  14k|9171 |   0 |1911 |   0 |-2.145060e+02 |-1.641407e+02 |  30.68%
  424s|  2200 |  2201 |942721 | 426.1 |   239M |  98 | 336 |  14k|  10k|  14k|9171 |   0 |2087 |   0 |-2.144652e+02 |-1.641407e+02 |  30.66%
  436s|  2300 |  2301 |978630 | 423.2 |   240M |  98 | 335 |  14k|  10k|  14k|9171 |   0 |2110 |   0 |-2.144405e+02 |-1.641407e+02 |  30.64%
  503s|  2400 |  2401 |  1027k| 426.0 |   240M |  98 | 333 |  14k|  10k|  14k|9171 |   0 |2133 |   0 |-2.144275e+02 |-1.641407e+02 |  30.64%
  523s|  2500 |  2501 |  1080k| 430.1 |   242M |  98 | 345 |  14k|  10k|  14k|9171 |   0 |2311 |   0 |-2.144078e+02 |-1.641407e+02 |  30.62%
  536s|  2600 |  2601 |  1115k| 426.8 |   245M |  98 | 329 |  14k|  10k|  14k|9171 |   0 |2346 |   0 |-2.143980e+02 |-1.641407e+02 |  30.62%
  553s|  2700 |  2701 |  1157k| 426.8 |   247M |  98 | 325 |  14k|  10k|  14k|9171 |   0 |2379 |   0 |-2.143714e+02 |-1.641407e+02 |  30.60%
  565s|  2800 |  2801 |  1192k| 424.0 |   247M |  98 | 334 |  14k|  10k|  14k|9171 |   0 |2443 |   0 |-2.143596e+02 |-1.641407e+02 |  30.60%
  578s|  2900 |  2901 |  1225k| 420.8 |   249M |  98 | 331 |  14k|  10k|  14k|9171 |   0 |2476 |   0 |-2.143521e+02 |-1.641407e+02 |  30.59%
  590s|  3000 |  3001 |  1261k| 418.7 |   249M |  98 | 335 |  14k|  10k|  14k|9171 |   0 |2567 |   0 |-2.143332e+02 |-1.641407e+02 |  30.58%
  604s|  3100 |  3101 |  1297k| 416.9 |   250M |  98 | 332 |  14k|  10k|  14k|9171 |   0 |2611 |   0 |-2.143178e+02 |-1.641407e+02 |  30.57%
  617s|  3200 |  3201 |  1328k| 413.6 |   253M |  98 | 333 |  14k|  10k|  14k|9171 |   0 |2702 |   0 |-2.143069e+02 |-1.641407e+02 |  30.56%
  630s|  3300 |  3301 |  1358k| 410.1 |   253M |  98 | 347 |  14k|  10k|  14k|9171 |   0 |2723 |   0 |-2.142946e+02 |-1.641407e+02 |  30.56%
  646s|  3400 |  3401 |  1396k| 409.2 |   254M |  98 | 338 |  14k|  10k|  14k|9171 |   0 |2759 |   0 |-2.142869e+02 |-1.641407e+02 |  30.55%
 time | node  | left  |LP iter|LP it/n|mem/heur|mdpt |frac |vars |cons |cols |rows |cuts |confs|strbr|  dualbound   | primalbound  |  gap   
  661s|  3500 |  3501 |  1435k| 408.7 |   256M |  98 | 335 |  14k|  10k|  14k|9171 |   0 |2923 |   0 |-2.142746e+02 |-1.641407e+02 |  30.54%
  675s|  3600 |  3601 |  1472k| 407.5 |   257M |  98 | 339 |  14k|  10k|  14k|9171 |   0 |2950 |   0 |-2.142683e+02 |-1.641407e+02 |  30.54%
  690s|  3700 |  3701 |  1508k| 406.2 |   259M |  98 | 345 |  14k|  10k|  14k|9171 |   0 |2962 |   0 |-2.142610e+02 |-1.641407e+02 |  30.53%
  712s|  3800 |  3801 |  1541k| 404.3 |   260M |  98 | 346 |  14k|  10k|  14k|9171 |   0 |2980 |   0 |-2.142541e+02 |-1.641407e+02 |  30.53%
  730s|  3900 |  3901 |  1585k| 405.2 |   262M |  98 | 342 |  14k|  10k|  14k|9171 |   0 |3037 |   0 |-2.142364e+02 |-1.641407e+02 |  30.52%
  739s|  4000 |  4001 |  1612k| 401.8 |   262M |  98 | 348 |  14k|  10k|  14k|9171 |   0 |3064 |   0 |-2.142272e+02 |-1.641407e+02 |  30.51%
  755s|  4100 |  4101 |  1655k| 402.4 |   263M |  98 | 319 |  14k|  10k|  14k|9171 |   0 |3213 |   0 |-2.142153e+02 |-1.641407e+02 |  30.51%
  803s|  4200 |  4201 |  1704k| 404.5 |   267M |  98 | 313 |  14k|  10k|  14k|9171 |   0 |3231 |   0 |-2.142117e+02 |-1.641407e+02 |  30.50%
  818s|  4300 |  4301 |  1737k| 402.8 |   268M |  98 | 344 |  14k|  10k|  14k|9171 |   0 |3259 |   0 |-2.142079e+02 |-1.641407e+02 |  30.50%
  831s|  4400 |  4401 |  1770k| 401.3 |   268M |  98 | 333 |  14k|  10k|  14k|9171 |   0 |3286 |   0 |-2.142041e+02 |-1.641407e+02 |  30.50%
  842s|  4500 |  4501 |  1798k| 398.5 |   270M |  98 | 343 |  14k|  10k|  14k|9171 |   0 |3306 |   0 |-2.141964e+02 |-1.641407e+02 |  30.50%
  856s|  4600 |  4601 |  1841k| 399.1 |   270M |  98 | 324 |  14k|  10k|  14k|9171 |   0 |3373 |   0 |-2.141919e+02 |-1.641407e+02 |  30.49%
  871s|  4700 |  4701 |  1882k| 399.5 |   273M |  98 | 344 |  14k|  11k|  14k|9171 |   0 |3587 |   0 |-2.141880e+02 |-1.641407e+02 |  30.49%
  885s|  4800 |  4801 |  1921k| 399.2 |   274M |  98 | 329 |  14k|  10k|  14k|9171 |   0 |3617 |   0 |-2.141838e+02 |-1.641407e+02 |  30.49%
  899s|  4900 |  4901 |  1958k| 398.5 |   275M |  98 | 336 |  14k|  10k|  14k|9171 |   0 |3642 |   0 |-2.141770e+02 |-1.641407e+02 |  30.48%
 time | node  | left  |LP iter|LP it/n|mem/heur|mdpt |frac |vars |cons |cols |rows |cuts |confs|strbr|  dualbound   | primalbound  |  gap   
  909s|  5000 |  5001 |  1988k| 396.6 |   276M |  98 | 338 |  14k|  10k|  14k|9171 |   0 |3669 |   0 |-2.141719e+02 |-1.641407e+02 |  30.48%
  922s|  5100 |  5101 |  2022k| 395.6 |   277M |  98 | 330 |  14k|  10k|  14k|9171 |   0 |3703 |   0 |-2.141682e+02 |-1.641407e+02 |  30.48%
  932s|  5200 |  5201 |  2052k| 393.7 |   279M |  98 | 343 |  14k|  10k|  14k|9171 |   0 |3725 |   0 |-2.141625e+02 |-1.641407e+02 |  30.47%
  947s|  5300 |  5301 |  2088k| 393.1 |   280M |  98 | 338 |  14k|  10k|  14k|9171 |   0 |3746 |   0 |-2.141546e+02 |-1.641407e+02 |  30.47%
  958s|  5400 |  5401 |  2119k| 391.5 |   281M |  98 | 330 |  14k|  10k|  14k|9171 |   0 |3858 |   0 |-2.141510e+02 |-1.641407e+02 |  30.47%
  969s|  5500 |  5501 |  2148k| 389.6 |   282M |  98 | 328 |  14k|  10k|  14k|9171 |   0 |3896 |   0 |-2.141489e+02 |-1.641407e+02 |  30.47%
  981s|  5600 |  5601 |  2182k| 388.8 |   282M |  98 | 341 |  14k|  10k|  14k|9171 |   0 |3936 |   0 |-2.141473e+02 |-1.641407e+02 |  30.47%
  999s|  5700 |  5701 |  2216k| 387.8 |   285M |  98 | 346 |  14k|  11k|  14k|9171 |   0 |4068 |   0 |-2.141448e+02 |-1.641407e+02 |  30.46%
 1012s|  5800 |  5801 |  2252k| 387.5 |   286M |  98 | 323 |  14k|  11k|  14k|9171 |   0 |4233 |   0 |-2.141384e+02 |-1.641407e+02 |  30.46%
 1023s|  5900 |  5901 |  2278k| 385.3 |   287M |  98 | 337 |  14k|  11k|  14k|9171 |   0 |4258 |   0 |-2.141355e+02 |-1.641407e+02 |  30.46%
 1035s|  6000 |  6001 |  2311k| 384.3 |   287M |  98 | 328 |  14k|  11k|  14k|9171 |   0 |4275 |   0 |-2.141293e+02 |-1.641407e+02 |  30.45%
 1047s|  6100 |  6101 |  2345k| 383.6 |   289M |  98 | 341 |  14k|  11k|  14k|9171 |   0 |4310 |   0 |-2.141271e+02 |-1.641407e+02 |  30.45%
 1060s|  6200 |  6201 |  2379k| 382.9 |   290M |  98 | 333 |  14k|  11k|  14k|9171 |   0 |4345 |   0 |-2.141210e+02 |-1.641407e+02 |  30.45%
 1076s|  6300 |  6301 |  2429k| 384.7 |   291M |  98 | 337 |  14k|  11k|  14k|9171 |   0 |4482 |   0 |-2.141187e+02 |-1.641407e+02 |  30.45%
 1087s|  6400 |  6401 |  2457k| 383.2 |   292M |  98 | 331 |  14k|  11k|  14k|9171 |   0 |4498 |   0 |-2.141149e+02 |-1.641407e+02 |  30.45%
 time | node  | left  |LP iter|LP it/n|mem/heur|mdpt |frac |vars |cons |cols |rows |cuts |confs|strbr|  dualbound   | primalbound  |  gap   
 1099s|  6500 |  6501 |  2487k| 381.8 |   292M |  98 | 336 |  14k|  11k|  14k|9171 |   0 |4518 |   0 |-2.141103e+02 |-1.641407e+02 |  30.44%
 1110s|  6600 |  6601 |  2518k| 380.8 |   292M |  98 | 328 |  14k|  11k|  14k|9171 |   0 |4549 |   0 |-2.141065e+02 |-1.641407e+02 |  30.44%
 1125s|  6700 |  6701 |  2557k| 380.9 |   294M |  98 | 344 |  14k|  11k|  14k|9171 |   0 |4584 |   0 |-2.141038e+02 |-1.641407e+02 |  30.44%
 1135s|  6800 |  6801 |  2585k| 379.4 |   294M |  98 | 340 |  14k|  11k|  14k|9171 |   0 |4613 |   0 |-2.141004e+02 |-1.641407e+02 |  30.44%
 1145s|  6900 |  6901 |  2611k| 377.6 |   294M |  98 | 342 |  14k|  10k|  14k|9171 |   0 |4635 |   0 |-2.140972e+02 |-1.641407e+02 |  30.44%
 1160s|  7000 |  7001 |  2640k| 376.5 |   294M |  98 | 339 |  14k|  10k|  14k|9171 |   0 |4663 |   0 |-2.140922e+02 |-1.641407e+02 |  30.43%
 1173s|  7100 |  7101 |  2676k| 376.2 |   296M |  98 | 333 |  14k|  10k|  14k|9171 |   0 |4708 |   0 |-2.140898e+02 |-1.641407e+02 |  30.43%
 1188s|  7200 |  7201 |  2718k| 376.8 |   296M |  98 | 295 |  14k|  11k|  14k|9171 |   0 |4833 |   0 |-2.140866e+02 |-1.641407e+02 |  30.43%
 1200s|  7300 |  7301 |  2749k| 376.0 |   297M |  98 | 328 |  14k|  11k|  14k|9171 |   0 |4859 |   0 |-2.140807e+02 |-1.641407e+02 |  30.43%
 1211s|  7400 |  7401 |  2780k| 375.1 |   298M |  98 | 338 |  14k|  11k|  14k|9171 |   0 |4888 |   0 |-2.140796e+02 |-1.641407e+02 |  30.42%
 1225s|  7500 |  7501 |  2814k| 374.5 |   298M |  98 | 326 |  14k|  10k|  14k|9171 |   0 |4914 |   0 |-2.140774e+02 |-1.641407e+02 |  30.42%
 1239s|  7600 |  7601 |  2851k| 374.4 |   299M |  98 | 349 |  14k|  11k|  14k|9171 |   0 |5024 |   0 |-2.140733e+02 |-1.641407e+02 |  30.42%
 1250s|  7700 |  7701 |  2879k| 373.3 |   300M |  98 | 339 |  14k|  11k|  14k|9171 |   0 |5052 |   0 |-2.140691e+02 |-1.641407e+02 |  30.42%
 1265s|  7800 |  7801 |  2916k| 373.3 |   301M |  98 | 327 |  14k|  11k|  14k|9171 |   0 |5080 |   0 |-2.140666e+02 |-1.641407e+02 |  30.42%
 1279s|  7900 |  7901 |  2949k| 372.7 |   301M |  98 | 320 |  14k|  11k|  14k|9171 |   0 |5149 |   0 |-2.140629e+02 |-1.641407e+02 |  30.41%
 time | node  | left  |LP iter|LP it/n|mem/heur|mdpt |frac |vars |cons |cols |rows |cuts |confs|strbr|  dualbound   | primalbound  |  gap   
 1327s|  8000 |  8001 |  2997k| 374.1 |   302M |  98 | 336 |  14k|  11k|  14k|9171 |   0 |5282 |   0 |-2.140598e+02 |-1.641407e+02 |  30.41%
 1338s|  8100 |  8101 |  3027k| 373.1 |   302M |  98 | 319 |  14k|  11k|  14k|9171 |   0 |5312 |   0 |-2.140569e+02 |-1.641407e+02 |  30.41%
 1352s|  8200 |  8201 |  3066k| 373.3 |   302M |  98 | 335 |  14k|  11k|  14k|9171 |   0 |5334 |   0 |-2.140545e+02 |-1.641407e+02 |  30.41%
 1362s|  8300 |  8301 |  3097k| 372.5 |   303M |  98 | 333 |  14k|  11k|  14k|9171 |   0 |5378 |   0 |-2.140529e+02 |-1.641407e+02 |  30.41%
 1375s|  8400 |  8401 |  3128k| 371.8 |   304M |  98 | 331 |  14k|  11k|  14k|9171 |   0 |5419 |   0 |-2.140511e+02 |-1.641407e+02 |  30.41%
 1385s|  8500 |  8501 |  3158k| 371.0 |   304M |  98 | 346 |  14k|  11k|  14k|9171 |   0 |5571 |   0 |-2.140491e+02 |-1.641407e+02 |  30.41%
L1390s|  8528 |  8529 |  3165k| 370.6 |crossove|  98 | 344 |  14k|  11k|  14k|9171 |   0 |5571 |   0 |-2.140487e+02 |-1.647752e+02 |  29.90%
 1397s|  8600 |  8601 |  3187k| 370.0 |   304M |  98 | 348 |  14k|  11k|  14k|9171 |   0 |5586 |   0 |-2.140478e+02 |-1.647752e+02 |  29.90%
 1409s|  8700 |  8701 |  3217k| 369.2 |   306M |  98 | 316 |  14k|  11k|  14k|9171 |   0 |5608 |   0 |-2.140444e+02 |-1.647752e+02 |  29.90%
 1424s|  8800 |  8801 |  3255k| 369.3 |   307M |  98 | 326 |  14k|  11k|  14k|9171 |   0 |5648 |   0 |-2.140424e+02 |-1.647752e+02 |  29.90%
 1435s|  8900 |  8901 |  3285k| 368.5 |   307M |  98 | 336 |  14k|  11k|  14k|9171 |   0 |5802 |   0 |-2.140406e+02 |-1.647752e+02 |  29.90%
 1447s|  9000 |  9001 |  3317k| 368.1 |   308M |  98 | 346 |  14k|  11k|  14k|9171 |   0 |5836 |   0 |-2.140357e+02 |-1.647752e+02 |  29.90%
 1458s|  9100 |  9101 |  3349k| 367.5 |   308M |  98 | 338 |  14k|  11k|  14k|9171 |   0 |5875 |   0 |-2.140337e+02 |-1.647752e+02 |  29.89%
 1471s|  9200 |  9201 |  3383k| 367.2 |   309M |  98 | 339 |  14k|  11k|  14k|9171 |   0 |5965 |   0 |-2.140326e+02 |-1.647752e+02 |  29.89%
 1483s|  9300 |  9301 |  3416k| 366.8 |   312M |  98 | 328 |  14k|  11k|  14k|9171 |   0 |6002 |   0 |-2.140303e+02 |-1.647752e+02 |  29.89%
 time | node  | left  |LP iter|LP it/n|mem/heur|mdpt |frac |vars |cons |cols |rows |cuts |confs|strbr|  dualbound   | primalbound  |  gap   
 1494s|  9400 |  9401 |  3445k| 366.0 |   312M |  98 | 314 |  14k|  11k|  14k|9171 |   0 |6021 |   0 |-2.140263e+02 |-1.647752e+02 |  29.89%
 1507s|  9500 |  9501 |  3482k| 366.0 |   312M |  98 | 330 |  14k|  11k|  14k|9171 |   0 |6085 |   0 |-2.140232e+02 |-1.647752e+02 |  29.89%
 1521s|  9600 |  9601 |  3519k| 366.1 |   313M |  98 | 325 |  14k|  11k|  14k|9171 |   0 |6196 |   0 |-2.140195e+02 |-1.647752e+02 |  29.89%
 1533s|  9700 |  9701 |  3553k| 365.8 |   313M |  98 | 318 |  14k|  11k|  14k|9171 |   0 |6233 |   0 |-2.140172e+02 |-1.647752e+02 |  29.88%
 1545s|  9800 |  9801 |  3588k| 365.6 |   315M |  98 | 334 |  14k|  11k|  14k|9171 |   0 |6404 |   0 |-2.140135e+02 |-1.647752e+02 |  29.88%
 1560s|  9900 |  9901 |  3624k| 365.5 |   315M |  98 | 322 |  14k|  11k|  14k|9171 |   0 |6436 |   0 |-2.140101e+02 |-1.647752e+02 |  29.88%
 1573s| 10000 | 10001 |  3652k| 364.7 |   316M |  98 | 334 |  14k|  11k|  14k|9171 |   0 |6475 |   0 |-2.140084e+02 |-1.647752e+02 |  29.88%
 1584s| 10100 | 10101 |  3687k| 364.6 |   316M |  98 | 334 |  14k|  11k|  14k|9171 |   0 |6642 |   0 |-2.140055e+02 |-1.647752e+02 |  29.88%
 1597s| 10200 | 10201 |  3717k| 364.0 |   316M |  98 | 322 |  14k|  11k|  14k|9171 |   0 |6655 |   0 |-2.140021e+02 |-1.647752e+02 |  29.88%
 1611s| 10300 | 10301 |  3758k| 364.4 |   318M |  98 | 334 |  14k|  11k|  14k|9171 |   0 |6703 |   0 |-2.140004e+02 |-1.647752e+02 |  29.87%
 1622s| 10400 | 10401 |  3787k| 363.7 |   319M |  98 | 344 |  14k|  11k|  14k|9171 |   0 |6721 |   0 |-2.139982e+02 |-1.647752e+02 |  29.87%
 1632s| 10500 | 10501 |  3815k| 362.9 |   319M |  98 | 343 |  14k|  11k|  14k|9171 |   0 |6744 |   0 |-2.139965e+02 |-1.647752e+02 |  29.87%
 1645s| 10600 | 10601 |  3851k| 362.8 |   320M |  98 | 307 |  14k|  11k|  14k|9171 |   0 |6818 |   0 |-2.139955e+02 |-1.647752e+02 |  29.87%
 1688s| 10700 | 10701 |  3892k| 363.3 |   320M |  98 | 342 |  14k|  11k|  14k|9171 |   0 |6835 |   0 |-2.139927e+02 |-1.647752e+02 |  29.87%
 1700s| 10800 | 10801 |  3926k| 363.0 |   321M |  98 | 333 |  14k|  11k|  14k|9171 |   0 |6893 |   0 |-2.139913e+02 |-1.647752e+02 |  29.87%
 time | node  | left  |LP iter|LP it/n|mem/heur|mdpt |frac |vars |cons |cols |rows |cuts |confs|strbr|  dualbound   | primalbound  |  gap   
 1711s| 10900 | 10901 |  3957k| 362.6 |   322M |  98 | 326 |  14k|  11k|  14k|9171 |   0 |7078 |   0 |-2.139892e+02 |-1.647752e+02 |  29.87%
 1723s| 11000 | 11001 |  3989k| 362.2 |   322M |  98 | 306 |  14k|  11k|  14k|9171 |   0 |7098 |   0 |-2.139882e+02 |-1.647752e+02 |  29.87%
 1736s| 11100 | 11101 |  4024k| 362.1 |   322M |  98 | 320 |  14k|  11k|  14k|9171 |   0 |7128 |   0 |-2.139840e+02 |-1.647752e+02 |  29.86%
 1749s| 11200 | 11201 |  4059k| 361.9 |   323M |  98 | 329 |  14k|  11k|  14k|9171 |   0 |7163 |   0 |-2.139820e+02 |-1.647752e+02 |  29.86%
 1758s| 11300 | 11301 |  4084k| 361.0 |   324M |  98 | 357 |  14k|  11k|  14k|9171 |   0 |7186 |   0 |-2.139792e+02 |-1.647752e+02 |  29.86%
 1770s| 11400 | 11401 |  4121k| 361.0 |   324M |  98 | 346 |  14k|  11k|  14k|9171 |   0 |7283 |   0 |-2.139769e+02 |-1.647752e+02 |  29.86%
 1783s| 11500 | 11501 |  4155k| 360.9 |   324M |  98 | 324 |  14k|  11k|  14k|9171 |   0 |7304 |   0 |-2.139746e+02 |-1.647752e+02 |  29.86%
 1796s| 11600 | 11601 |  4190k| 360.8 |   326M |  98 | 328 |  14k|  11k|  14k|9171 |   0 |7402 |   0 |-2.139721e+02 |-1.647752e+02 |  29.86%
 1807s| 11700 | 11701 |  4220k| 360.3 |   327M |  98 | 337 |  14k|  11k|  14k|9171 |   0 |7418 |   0 |-2.139710e+02 |-1.647752e+02 |  29.86%
 1817s| 11800 | 11801 |  4248k| 359.6 |   328M |  98 | 322 |  14k|  11k|  14k|9171 |   0 |7437 |   0 |-2.139696e+02 |-1.647752e+02 |  29.86%
 1831s| 11900 | 11901 |  4286k| 359.8 |   329M |  98 | 325 |  14k|  11k|  14k|9171 |   0 |7581 |   0 |-2.139682e+02 |-1.647752e+02 |  29.85%
 1844s| 12000 | 12001 |  4324k| 359.9 |   329M |  98 | 333 |  14k|  11k|  14k|9171 |   0 |7624 |   0 |-2.139669e+02 |-1.647752e+02 |  29.85%
 1853s| 12100 | 12101 |  4349k| 359.1 |   329M |  98 | 345 |  14k|  11k|  14k|9171 |   0 |7649 |   0 |-2.139638e+02 |-1.647752e+02 |  29.85%
 1866s| 12200 | 12201 |  4378k| 358.5 |   330M |  98 | 334 |  14k|  11k|  14k|9171 |   0 |7796 |   0 |-2.139617e+02 |-1.647752e+02 |  29.85%
 1878s| 12300 | 12301 |  4414k| 358.5 |   331M |  98 | 319 |  14k|  11k|  14k|9171 |   0 |7824 |   0 |-2.139604e+02 |-1.647752e+02 |  29.85%
 time | node  | left  |LP iter|LP it/n|mem/heur|mdpt |frac |vars |cons |cols |rows |cuts |confs|strbr|  dualbound   | primalbound  |  gap   
 1889s| 12400 | 12401 |  4441k| 357.8 |   331M |  98 | 330 |  14k|  11k|  14k|9171 |   0 |7848 |   0 |-2.139585e+02 |-1.647752e+02 |  29.85%
 1901s| 12500 | 12501 |  4472k| 357.4 |   333M |  98 | 335 |  14k|  11k|  14k|9171 |   0 |7935 |   0 |-2.139572e+02 |-1.647752e+02 |  29.85%
 1911s| 12600 | 12601 |  4501k| 356.8 |   333M |  98 | 333 |  14k|  11k|  14k|9171 |   0 |7961 |   0 |-2.139558e+02 |-1.647752e+02 |  29.85%
 1928s| 12700 | 12701 |  4534k| 356.6 |   333M |  98 | 330 |  14k|  11k|  14k|9171 |   0 |8087 |   0 |-2.139541e+02 |-1.647752e+02 |  29.85%
 1942s| 12800 | 12801 |  4570k| 356.7 |   335M |  98 | 329 |  14k|  11k|  14k|9171 |   0 |8125 |   0 |-2.139519e+02 |-1.647752e+02 |  29.84%
 1954s| 12900 | 12901 |  4603k| 356.4 |   335M |  98 | 347 |  14k|  11k|  14k|9171 |   0 |8160 |   0 |-2.139505e+02 |-1.647752e+02 |  29.84%
 1965s| 13000 | 13001 |  4633k| 356.0 |   335M |  98 | 329 |  14k|  11k|  14k|9171 |   0 |8217 |   0 |-2.139489e+02 |-1.647752e+02 |  29.84%
 1979s| 13100 | 13101 |  4665k| 355.7 |   335M |  98 | 344 |  14k|  11k|  14k|9171 |   0 |8241 |   0 |-2.139483e+02 |-1.647752e+02 |  29.84%
 1993s| 13200 | 13201 |  4701k| 355.8 |   336M |  98 | 312 |  14k|  11k|  14k|9171 |   0 |8326 |   0 |-2.139459e+02 |-1.647752e+02 |  29.84%
 2005s| 13300 | 13301 |  4727k| 355.1 |   336M |  98 | 342 |  14k|  11k|  14k|9171 |   0 |8349 |   0 |-2.139437e+02 |-1.647752e+02 |  29.84%
 2015s| 13400 | 13401 |  4756k| 354.6 |   337M |  98 | 328 |  14k|  11k|  14k|9171 |   0 |8402 |   0 |-2.139423e+02 |-1.647752e+02 |  29.84%
 2027s| 13500 | 13501 |  4787k| 354.2 |   338M |  98 | 306 |  14k|  11k|  14k|9171 |   0 |8418 |   0 |-2.139407e+02 |-1.647752e+02 |  29.84%
 2065s| 13600 | 13601 |  4830k| 354.8 |   340M |  98 | 330 |  14k|  11k|  14k|9171 |   0 |8527 |   0 |-2.139388e+02 |-1.647752e+02 |  29.84%
 2076s| 13700 | 13701 |  4861k| 354.4 |   340M |  98 | 307 |  14k|  11k|  14k|9171 |   0 |8565 |   0 |-2.139370e+02 |-1.647752e+02 |  29.84%
 2086s| 13800 | 13801 |  4890k| 354.0 |   342M |  98 | 321 |  14k|  11k|  14k|9171 |   0 |8591 |   0 |-2.139354e+02 |-1.647752e+02 |  29.83%
 time | node  | left  |LP iter|LP it/n|mem/heur|mdpt |frac |vars |cons |cols |rows |cuts |confs|strbr|  dualbound   | primalbound  |  gap   
 2097s| 13900 | 13901 |  4921k| 353.6 |   344M |  98 | 325 |  14k|  11k|  14k|9171 |   0 |8616 |   0 |-2.139337e+02 |-1.647752e+02 |  29.83%
 2110s| 14000 | 14001 |  4955k| 353.6 |   344M |  98 | 333 |  14k|  11k|  14k|9171 |   0 |8656 |   0 |-2.139322e+02 |-1.647752e+02 |  29.83%
 2121s| 14100 | 14101 |  4986k| 353.3 |   345M |  98 | 329 |  14k|  11k|  14k|9171 |   0 |8728 |   0 |-2.139306e+02 |-1.647752e+02 |  29.83%
 2133s| 14200 | 14201 |  5019k| 353.1 |   345M |  98 | 321 |  14k|  11k|  14k|9171 |   0 |8753 |   0 |-2.139285e+02 |-1.647752e+02 |  29.83%
 2147s| 14300 | 14301 |  5064k| 353.8 |   346M |  98 | 345 |  14k|  11k|  14k|9171 |   0 |8875 |   0 |-2.139252e+02 |-1.647752e+02 |  29.83%
 2158s| 14400 | 14401 |  5092k| 353.3 |   347M |  98 | 317 |  14k|  11k|  14k|9171 |   0 |8888 |   0 |-2.139223e+02 |-1.647752e+02 |  29.83%
 2169s| 14500 | 14501 |  5119k| 352.7 |   347M |  98 | 322 |  14k|  11k|  14k|9171 |   0 |8905 |   0 |-2.139197e+02 |-1.647752e+02 |  29.83%
 2180s| 14600 | 14601 |  5149k| 352.3 |   347M |  98 | 327 |  14k|  11k|  14k|9171 |   0 |8955 |   0 |-2.139181e+02 |-1.647752e+02 |  29.82%
 2191s| 14700 | 14701 |  5178k| 351.9 |   347M |  98 | 343 |  14k|  11k|  14k|9171 |   0 |8978 |   0 |-2.139163e+02 |-1.647752e+02 |  29.82%
 2201s| 14800 | 14801 |  5208k| 351.5 |   348M |  98 | 337 |  14k|  11k|  14k|9171 |   0 |9055 |   0 |-2.139146e+02 |-1.647752e+02 |  29.82%
 2212s| 14900 | 14901 |  5234k| 351.0 |   349M |  98 | 355 |  14k|  11k|  14k|9171 |   0 |9081 |   0 |-2.139135e+02 |-1.647752e+02 |  29.82%
 2223s| 15000 | 15001 |  5262k| 350.5 |   349M |  98 | 340 |  14k|  11k|  14k|9171 |   0 |9090 |   0 |-2.139120e+02 |-1.647752e+02 |  29.82%
 2233s| 15100 | 15101 |  5288k| 349.9 |   350M |  98 | 320 |  14k|  11k|  14k|9171 |   0 |9246 |   0 |-2.139105e+02 |-1.647752e+02 |  29.82%
 2245s| 15200 | 15201 |  5323k| 349.9 |   350M |  98 | 338 |  14k|  11k|  14k|9171 |   0 |9285 |   0 |-2.139097e+02 |-1.647752e+02 |  29.82%
 2255s| 15300 | 15301 |  5351k| 349.4 |   350M |  98 | 318 |  14k|  11k|  14k|9171 |   0 |9299 |   0 |-2.139070e+02 |-1.647752e+02 |  29.82%
 time | node  | left  |LP iter|LP it/n|mem/heur|mdpt |frac |vars |cons |cols |rows |cuts |confs|strbr|  dualbound   | primalbound  |  gap   
 2267s| 15400 | 15401 |  5384k| 349.3 |   352M |  98 | 342 |  14k|  11k|  14k|9171 |   0 |9340 |   0 |-2.139055e+02 |-1.647752e+02 |  29.82%
 2278s| 15500 | 15501 |  5413k| 348.9 |   353M |  98 | 345 |  14k|  11k|  14k|9171 |   0 |9468 |   0 |-2.139047e+02 |-1.647752e+02 |  29.82%
 2288s| 15600 | 15601 |  5444k| 348.7 |   353M |  98 | 321 |  14k|  11k|  14k|9171 |   0 |9488 |   0 |-2.139033e+02 |-1.647752e+02 |  29.82%
 2300s| 15700 | 15701 |  5476k| 348.5 |   354M |  98 | 316 |  14k|  11k|  14k|9171 |   0 |9507 |   0 |-2.139021e+02 |-1.647752e+02 |  29.81%
 2310s| 15800 | 15801 |  5507k| 348.2 |   354M |  98 | 328 |  14k|  11k|  14k|9171 |   0 |9545 |   0 |-2.139001e+02 |-1.647752e+02 |  29.81%
 2333s| 15900 | 15901 |  5539k| 348.1 |   355M |  98 | 329 |  14k|  11k|  14k|9171 |   0 |9658 |   0 |-2.138985e+02 |-1.647752e+02 |  29.81%
 2348s| 16000 | 16001 |  5577k| 348.2 |   356M |  98 | 329 |  14k|  11k|  14k|9171 |   0 |9672 |   0 |-2.138972e+02 |-1.647752e+02 |  29.81%
 2360s| 16100 | 16101 |  5612k| 348.3 |   357M |  98 | 322 |  14k|  11k|  14k|9171 |   0 |9723 |   0 |-2.138950e+02 |-1.647752e+02 |  29.81%
 2372s| 16200 | 16201 |  5649k| 348.4 |   357M |  98 | 297 |  14k|  11k|  14k|9171 |   0 |9883 |   0 |-2.138936e+02 |-1.647752e+02 |  29.81%
 2382s| 16300 | 16301 |  5676k| 347.9 |   357M |  98 | 323 |  14k|  11k|  14k|9171 |   0 |9901 |   0 |-2.138924e+02 |-1.647752e+02 |  29.81%
 2393s| 16400 | 16401 |  5708k| 347.7 |   359M |  98 | 327 |  14k|  11k|  14k|9171 |   0 |9936 |   0 |-2.138904e+02 |-1.647752e+02 |  29.81%
 2403s| 16500 | 16501 |  5737k| 347.4 |   359M |  98 | 333 |  14k|  11k|  14k|9171 |   0 |9966 |   0 |-2.138889e+02 |-1.647752e+02 |  29.81%
 2416s| 16600 | 16601 |  5769k| 347.3 |   359M |  98 | 315 |  14k|  11k|  14k|9171 |   0 |  10k|   0 |-2.138874e+02 |-1.647752e+02 |  29.81%
 2426s| 16700 | 16701 |  5800k| 347.0 |   361M |  98 | 337 |  14k|  11k|  14k|9171 |   0 |  10k|   0 |-2.138855e+02 |-1.647752e+02 |  29.80%
 2487s| 16800 | 16801 |  5845k| 347.6 |   361M |  98 | 297 |  14k|  11k|  14k|9171 |   0 |  10k|   0 |-2.138841e+02 |-1.647752e+02 |  29.80%
 time | node  | left  |LP iter|LP it/n|mem/heur|mdpt |frac |vars |cons |cols |rows |cuts |confs|strbr|  dualbound   | primalbound  |  gap   
 2498s| 16900 | 16901 |  5873k| 347.2 |   362M |  98 | 337 |  14k|  11k|  14k|9171 |   0 |  10k|   0 |-2.138831e+02 |-1.647752e+02 |  29.80%
 2508s| 17000 | 17001 |  5902k| 346.9 |   363M |  98 | 336 |  14k|  11k|  14k|9171 |   0 |  10k|   0 |-2.138814e+02 |-1.647752e+02 |  29.80%
 2520s| 17100 | 17101 |  5935k| 346.8 |   363M |  98 | 331 |  14k|  11k|  14k|9171 |   0 |  10k|   0 |-2.138805e+02 |-1.647752e+02 |  29.80%
 2533s| 17200 | 17201 |  5973k| 347.0 |   363M |  98 | 331 |  14k|  11k|  14k|9171 |   0 |  10k|   0 |-2.138792e+02 |-1.647752e+02 |  29.80%
 2544s| 17300 | 17301 |  6002k| 346.7 |   365M |  98 | 215 |  14k|  11k|  14k|9171 |   0 |  10k|   0 |-2.138780e+02 |-1.647752e+02 |  29.80%
 2549s| 17400 | 17401 |  6018k| 345.6 |   366M | 105 | 194 |  14k|  11k|  14k|9171 |   0 |  10k|   0 |-2.138779e+02 |-1.647752e+02 |  29.80%
 2554s| 17500 | 17501 |  6031k| 344.4 |   366M | 108 | 200 |  14k|  11k|  14k|9171 |   0 |  10k|   0 |-2.138776e+02 |-1.647752e+02 |  29.80%
 2559s| 17600 | 17601 |  6044k| 343.1 |   367M | 116 | 213 |  14k|  11k|  14k|9171 |   0 |  10k|   0 |-2.138773e+02 |-1.647752e+02 |  29.80%
 2566s| 17700 | 17701 |  6061k| 342.2 |   367M | 116 | 212 |  14k|  11k|  14k|9171 |   0 |  10k|   0 |-2.138770e+02 |-1.647752e+02 |  29.80%
 2574s| 17800 | 17801 |  6077k| 341.1 |   367M | 116 | 207 |  14k|  11k|  14k|9171 |   0 |  10k|   0 |-2.138769e+02 |-1.647752e+02 |  29.80%
 2577s| 17900 | 17901 |  6085k| 339.7 |   368M | 117 | 211 |  14k|  11k|  14k|9171 |   0 |  10k|   0 |-2.138769e+02 |-1.647752e+02 |  29.80%
 2580s| 18000 | 18001 |  6096k| 338.4 |   369M | 117 | 211 |  14k|  11k|  14k|9171 |   0 |  10k|   0 |-2.138768e+02 |-1.647752e+02 |  29.80%
 2585s| 18100 | 18101 |  6109k| 337.2 |   369M | 117 | 320 |  14k|  11k|  14k|9171 |   0 |  10k|   0 |-2.138767e+02 |-1.647752e+02 |  29.80%
 2591s| 18200 | 18201 |  6122k| 336.1 |   369M | 121 | 213 |  14k|  11k|  14k|9171 |   0 |  10k|   0 |-2.138766e+02 |-1.647752e+02 |  29.80%
 2595s| 18300 | 18301 |  6132k| 334.8 |   370M | 122 | 334 |  14k|  11k|  14k|9171 |   0 |  10k|   0 |-2.138766e+02 |-1.647752e+02 |  29.80%
 time | node  | left  |LP iter|LP it/n|mem/heur|mdpt |frac |vars |cons |cols |rows |cuts |confs|strbr|  dualbound   | primalbound  |  gap   
 2599s| 18400 | 18401 |  6142k| 333.5 |   372M | 122 | 186 |  14k|  12k|  14k|9171 |   0 |  10k|   0 |-2.138766e+02 |-1.647752e+02 |  29.80%
 2605s| 18500 | 18501 |  6157k| 332.5 |   372M | 126 | 334 |  14k|  12k|  14k|9171 |   0 |  10k|   0 |-2.138763e+02 |-1.647752e+02 |  29.80%
 2612s| 18600 | 18601 |  6175k| 331.7 |   373M | 133 | 191 |  14k|  12k|  14k|9171 |   0 |  11k|   0 |-2.138763e+02 |-1.647752e+02 |  29.80%
 2616s| 18700 | 18701 |  6187k| 330.6 |   375M | 133 | 186 |  14k|  12k|  14k|9171 |   0 |  11k|   0 |-2.138763e+02 |-1.647752e+02 |  29.80%
 2621s| 18800 | 18801 |  6200k| 329.5 |   375M | 133 | 180 |  14k|  12k|  14k|9171 |   0 |  11k|   0 |-2.138763e+02 |-1.647752e+02 |  29.80%
 2627s| 18900 | 18901 |  6216k| 328.6 |   378M | 134 | 174 |  14k|  12k|  14k|9171 |   0 |  11k|   0 |-2.138762e+02 |-1.647752e+02 |  29.80%
 2633s| 19000 | 19001 |  6232k| 327.7 |   378M | 134 | 186 |  14k|  12k|  14k|9171 |   0 |  11k|   0 |-2.138761e+02 |-1.647752e+02 |  29.80%
 2638s| 19100 | 19101 |  6247k| 326.8 |   378M | 134 | 193 |  14k|  12k|  14k|9171 |   0 |  11k|   0 |-2.138759e+02 |-1.647752e+02 |  29.80%
 2643s| 19200 | 19201 |  6263k| 325.9 |   379M | 134 | 173 |  14k|  12k|  14k|9171 |   0 |  11k|   0 |-2.138755e+02 |-1.647752e+02 |  29.80%
 2648s| 19300 | 19301 |  6275k| 324.9 |   379M | 134 | 171 |  14k|  12k|  14k|9171 |   0 |  11k|   0 |-2.138755e+02 |-1.647752e+02 |  29.80%
 2652s| 19400 | 19401 |  6285k| 323.7 |   380M | 134 | 196 |  14k|  12k|  14k|9171 |   0 |  11k|   0 |-2.138755e+02 |-1.647752e+02 |  29.80%
 2655s| 19500 | 19501 |  6294k| 322.5 |   381M | 134 | 168 |  14k|  12k|  14k|9171 |   0 |  11k|   0 |-2.138755e+02 |-1.647752e+02 |  29.80%
 2660s| 19600 | 19601 |  6304k| 321.4 |   382M | 134 | 187 |  14k|  12k|  14k|9171 |   0 |  11k|   0 |-2.138755e+02 |-1.647752e+02 |  29.80%
 2665s| 19700 | 19701 |  6314k| 320.3 |   382M | 134 | 198 |  14k|  13k|  14k|9171 |   0 |  12k|   0 |-2.138755e+02 |-1.647752e+02 |  29.80%
 2669s| 19800 | 19801 |  6325k| 319.2 |   383M | 134 | 204 |  14k|  13k|  14k|9171 |   0 |  12k|   0 |-2.138755e+02 |-1.647752e+02 |  29.80%
 time | node  | left  |LP iter|LP it/n|mem/heur|mdpt |frac |vars |cons |cols |rows |cuts |confs|strbr|  dualbound   | primalbound  |  gap   
 2673s| 19900 | 19901 |  6337k| 318.2 |   384M | 134 | 186 |  14k|  13k|  14k|9171 |   0 |  12k|   0 |-2.138755e+02 |-1.647752e+02 |  29.80%
 2676s| 20000 | 20001 |  6346k| 317.1 |   384M | 134 | 186 |  14k|  13k|  14k|9171 |   0 |  12k|   0 |-2.138755e+02 |-1.647752e+02 |  29.80%
 2681s| 20100 | 20101 |  6357k| 316.0 |   386M | 134 | 191 |  14k|  13k|  14k|9171 |   0 |  12k|   0 |-2.138755e+02 |-1.647752e+02 |  29.80%
 2686s| 20200 | 20201 |  6369k| 315.0 |   386M | 134 | 162 |  14k|  13k|  14k|9171 |   0 |  12k|   0 |-2.138755e+02 |-1.647752e+02 |  29.80%
 2690s| 20300 | 20301 |  6379k| 314.0 |   387M | 142 | 167 |  14k|  13k|  14k|9171 |   0 |  12k|   0 |-2.138755e+02 |-1.647752e+02 |  29.80%
 2695s| 20400 | 20401 |  6388k| 312.9 |   389M | 142 | 179 |  14k|  13k|  14k|9171 |   0 |  12k|   0 |-2.138755e+02 |-1.647752e+02 |  29.80%
 2699s| 20500 | 20501 |  6399k| 311.9 |   389M | 142 | 166 |  14k|  13k|  14k|9171 |   0 |  12k|   0 |-2.138755e+02 |-1.647752e+02 |  29.80%
 2703s| 20600 | 20601 |  6409k| 310.9 |   390M | 144 | 186 |  14k|  13k|  14k|9171 |   0 |  13k|   0 |-2.138755e+02 |-1.647752e+02 |  29.80%
 2708s| 20700 | 20701 |  6417k| 309.8 |   392M | 144 | 152 |  14k|  13k|  14k|9171 |   0 |  13k|   0 |-2.138755e+02 |-1.647752e+02 |  29.80%
 2714s| 20800 | 20801 |  6429k| 308.9 |   393M | 144 | 159 |  14k|  13k|  14k|9171 |   0 |  13k|   0 |-2.138755e+02 |-1.647752e+02 |  29.80%
 2718s| 20900 | 20901 |  6438k| 307.8 |   394M | 144 | 193 |  14k|  13k|  14k|9171 |   0 |  13k|   0 |-2.138755e+02 |-1.647752e+02 |  29.80%
 2722s| 21000 | 21001 |  6449k| 306.9 |   394M | 144 | 155 |  14k|  13k|  14k|9171 |   0 |  13k|   0 |-2.138755e+02 |-1.647752e+02 |  29.80%
 2727s| 21100 | 21101 |  6460k| 305.9 |   395M | 149 | 148 |  14k|  13k|  14k|9171 |   0 |  13k|   0 |-2.138755e+02 |-1.647752e+02 |  29.80%
 2731s| 21200 | 21201 |  6468k| 304.9 |   395M | 152 | 183 |  14k|  13k|  14k|9171 |   0 |  13k|   0 |-2.138755e+02 |-1.647752e+02 |  29.80%
 2736s| 21300 | 21301 |  6478k| 303.9 |   397M | 152 | 190 |  14k|  13k|  14k|9171 |   0 |  14k|   0 |-2.138755e+02 |-1.647752e+02 |  29.80%
 time | node  | left  |LP iter|LP it/n|mem/heur|mdpt |frac |vars |cons |cols |rows |cuts |confs|strbr|  dualbound   | primalbound  |  gap   
 2740s| 21400 | 21401 |  6490k| 303.0 |   398M | 152 | 184 |  14k|  13k|  14k|9171 |   0 |  14k|   0 |-2.138755e+02 |-1.647752e+02 |  29.80%
 2747s| 21500 | 21501 |  6503k| 302.2 |   398M | 152 | 161 |  14k|  14k|  14k|9171 |   0 |  14k|   0 |-2.138755e+02 |-1.647752e+02 |  29.80%
 2750s| 21600 | 21601 |  6511k| 301.2 |   399M | 152 | 155 |  14k|  14k|  14k|9171 |   0 |  14k|   0 |-2.138755e+02 |-1.647752e+02 |  29.80%
 2754s| 21700 | 21701 |  6518k| 300.1 |   400M | 155 | 136 |  14k|  14k|  14k|9171 |   0 |  14k|   0 |-2.138755e+02 |-1.647752e+02 |  29.80%
 2758s| 21800 | 21801 |  6527k| 299.2 |   402M | 169 | 113 |  14k|  14k|  14k|9171 |   0 |  14k|   0 |-2.138755e+02 |-1.647752e+02 |  29.80%
 2762s| 21900 | 21901 |  6530k| 298.0 |   402M | 173 | 115 |  14k|  14k|  14k|9171 |   0 |  14k|   0 |-2.138755e+02 |-1.647752e+02 |  29.80%
 2769s| 22000 | 22001 |  6541k| 297.1 |   409M | 173 | 102 |  14k|  14k|  14k|9171 |   0 |  15k|   0 |-2.138754e+02 |-1.647752e+02 |  29.80%
 2774s| 22100 | 22095 |  6553k| 296.3 |   412M | 176 | 107 |  14k|  14k|  14k|9171 |   0 |  15k|   0 |-2.138750e+02 |-1.647752e+02 |  29.80%
 2776s| 22200 | 22193 |  6557k| 295.1 |   413M | 186 |  90 |  14k|  14k|  14k|9171 |   0 |  15k|   0 |-2.138750e+02 |-1.647752e+02 |  29.80%
 2781s| 22300 | 22293 |  6564k| 294.1 |   417M | 191 | 129 |  14k|  14k|  14k|9171 |   0 |  15k|   0 |-2.138748e+02 |-1.647752e+02 |  29.80%
 2790s| 22400 | 22391 |  6587k| 293.8 |   417M | 193 | 293 |  14k|  14k|  14k|9171 |   0 |  15k|   0 |-2.138743e+02 |-1.647752e+02 |  29.80%
 2801s| 22500 | 22491 |  6619k| 294.0 |   417M | 193 | 305 |  14k|  14k|  14k|9171 |   0 |  15k|   0 |-2.138739e+02 |-1.647752e+02 |  29.80%
 2813s| 22600 | 22591 |  6653k| 294.2 |   419M | 193 | 300 |  14k|  14k|  14k|9171 |   0 |  15k|   0 |-2.138733e+02 |-1.647752e+02 |  29.80%
 2822s| 22700 | 22691 |  6681k| 294.1 |   419M | 193 | 310 |  14k|  14k|  14k|9171 |   0 |  15k|   0 |-2.138728e+02 |-1.647752e+02 |  29.80%
 2833s| 22800 | 22791 |  6713k| 294.2 |   420M | 193 | 309 |  14k|  14k|  14k|9171 |   0 |  15k|   0 |-2.138714e+02 |-1.647752e+02 |  29.80%
 time | node  | left  |LP iter|LP it/n|mem/heur|mdpt |frac |vars |cons |cols |rows |cuts |confs|strbr|  dualbound   | primalbound  |  gap   
 2844s| 22900 | 22891 |  6741k| 294.1 |   421M | 193 | 278 |  14k|  14k|  14k|9171 |   0 |  15k|   0 |-2.138710e+02 |-1.647752e+02 |  29.80%
 2854s| 23000 | 22991 |  6771k| 294.2 |   421M | 193 | 297 |  14k|  14k|  14k|9171 |   0 |  15k|   0 |-2.138704e+02 |-1.647752e+02 |  29.80%
 2864s| 23100 | 23091 |  6801k| 294.2 |   421M | 193 | 298 |  14k|  14k|  14k|9171 |   0 |  15k|   0 |-2.138692e+02 |-1.647752e+02 |  29.79%
 2875s| 23200 | 23191 |  6830k| 294.2 |   422M | 193 | 281 |  14k|  14k|  14k|9171 |   0 |  15k|   0 |-2.138686e+02 |-1.647752e+02 |  29.79%
 2885s| 23300 | 23291 |  6859k| 294.2 |   423M | 193 | 287 |  14k|  14k|  14k|9171 |   0 |  15k|   0 |-2.138683e+02 |-1.647752e+02 |  29.79%
 2896s| 23400 | 23391 |  6888k| 294.1 |   423M | 193 | 283 |  14k|  14k|  14k|9171 |   0 |  15k|   0 |-2.138678e+02 |-1.647752e+02 |  29.79%
 2906s| 23500 | 23491 |  6918k| 294.2 |   425M | 193 | 288 |  14k|  14k|  14k|9171 |   0 |  15k|   0 |-2.138671e+02 |-1.647752e+02 |  29.79%
 2917s| 23600 | 23591 |  6948k| 294.2 |   425M | 193 | 309 |  14k|  14k|  14k|9171 |   0 |  15k|   0 |-2.138664e+02 |-1.647752e+02 |  29.79%
 2928s| 23700 | 23691 |  6980k| 294.3 |   426M | 193 | 284 |  14k|  14k|  14k|9171 |   0 |  15k|   0 |-2.138652e+02 |-1.647752e+02 |  29.79%
 2940s| 23800 | 23791 |  7010k| 294.3 |   427M | 193 | 296 |  14k|  13k|  14k|9171 |   0 |  16k|   0 |-2.138650e+02 |-1.647752e+02 |  29.79%
 2949s| 23900 | 23891 |  7038k| 294.3 |   427M | 193 | 298 |  14k|  13k|  14k|9171 |   0 |  16k|   0 |-2.138644e+02 |-1.647752e+02 |  29.79%
 2960s| 24000 | 23991 |  7064k| 294.1 |   427M | 193 | 287 |  14k|  13k|  14k|9171 |   0 |  16k|   0 |-2.138640e+02 |-1.647752e+02 |  29.79%
 2971s| 24100 | 24091 |  7095k| 294.2 |   428M | 193 | 293 |  14k|  13k|  14k|9171 |   0 |  16k|   0 |-2.138628e+02 |-1.647752e+02 |  29.79%
 2983s| 24200 | 24191 |  7125k| 294.2 |   429M | 193 | 305 |  14k|  13k|  14k|9171 |   0 |  16k|   0 |-2.138618e+02 |-1.647752e+02 |  29.79%
 3041s| 24300 | 24291 |  7166k| 294.7 |   429M | 193 | 300 |  14k|  13k|  14k|9171 |   0 |  16k|   0 |-2.138614e+02 |-1.647752e+02 |  29.79%
 time | node  | left  |LP iter|LP it/n|mem/heur|mdpt |frac |vars |cons |cols |rows |cuts |confs|strbr|  dualbound   | primalbound  |  gap   
 3052s| 24400 | 24391 |  7196k| 294.7 |   430M | 193 | 299 |  14k|  13k|  14k|9171 |   0 |  16k|   0 |-2.138605e+02 |-1.647752e+02 |  29.79%
 3063s| 24500 | 24491 |  7229k| 294.9 |   430M | 193 | 307 |  14k|  13k|  14k|9171 |   0 |  16k|   0 |-2.138600e+02 |-1.647752e+02 |  29.79%
 3073s| 24600 | 24591 |  7256k| 294.8 |   431M | 193 | 283 |  14k|  13k|  14k|9171 |   0 |  16k|   0 |-2.138592e+02 |-1.647752e+02 |  29.79%
 3084s| 24700 | 24691 |  7288k| 294.9 |   433M | 193 | 299 |  14k|  13k|  14k|9171 |   0 |  16k|   0 |-2.138584e+02 |-1.647752e+02 |  29.79%
 3094s| 24800 | 24791 |  7314k| 294.7 |   433M | 193 | 304 |  14k|  13k|  14k|9171 |   0 |  16k|   0 |-2.138579e+02 |-1.647752e+02 |  29.79%
 3104s| 24900 | 24891 |  7343k| 294.7 |   433M | 193 | 302 |  14k|  13k|  14k|9171 |   0 |  16k|   0 |-2.138574e+02 |-1.647752e+02 |  29.79%
 3115s| 25000 | 24991 |  7373k| 294.7 |   435M | 193 | 295 |  14k|  13k|  14k|9171 |   0 |  16k|   0 |-2.138570e+02 |-1.647752e+02 |  29.79%
 3125s| 25100 | 25091 |  7402k| 294.7 |   435M | 193 | 290 |  14k|  13k|  14k|9171 |   0 |  16k|   0 |-2.138568e+02 |-1.647752e+02 |  29.79%
 3135s| 25200 | 25191 |  7434k| 294.8 |   436M | 193 | 288 |  14k|  13k|  14k|9171 |   0 |  16k|   0 |-2.138563e+02 |-1.647752e+02 |  29.79%
 3147s| 25300 | 25291 |  7467k| 294.9 |   437M | 193 | 291 |  14k|  13k|  14k|9171 |   0 |  17k|   0 |-2.138558e+02 |-1.647752e+02 |  29.79%
 3158s| 25400 | 25391 |  7497k| 295.0 |   437M | 193 | 293 |  14k|  13k|  14k|9171 |   0 |  17k|   0 |-2.138553e+02 |-1.647752e+02 |  29.79%
 3170s| 25500 | 25491 |  7531k| 295.1 |   437M | 193 | 279 |  14k|  14k|  14k|9171 |   0 |  17k|   0 |-2.138545e+02 |-1.647752e+02 |  29.79%
 3180s| 25600 | 25591 |  7559k| 295.1 |   438M | 193 | 288 |  14k|  14k|  14k|9171 |   0 |  17k|   0 |-2.138535e+02 |-1.647752e+02 |  29.78%
 3190s| 25700 | 25691 |  7587k| 295.0 |   439M | 193 | 300 |  14k|  13k|  14k|9171 |   0 |  17k|   0 |-2.138530e+02 |-1.647752e+02 |  29.78%
 3200s| 25800 | 25791 |  7613k| 294.9 |   440M | 193 | 299 |  14k|  13k|  14k|9171 |   0 |  17k|   0 |-2.138522e+02 |-1.647752e+02 |  29.78%
 time | node  | left  |LP iter|LP it/n|mem/heur|mdpt |frac |vars |cons |cols |rows |cuts |confs|strbr|  dualbound   | primalbound  |  gap   
 3210s| 25900 | 25891 |  7643k| 294.9 |   441M | 193 | 292 |  14k|  13k|  14k|9171 |   0 |  17k|   0 |-2.138518e+02 |-1.647752e+02 |  29.78%
 3223s| 26000 | 25991 |  7677k| 295.1 |   441M | 193 | 278 |  14k|  14k|  14k|9171 |   0 |  17k|   0 |-2.138507e+02 |-1.647752e+02 |  29.78%
 3233s| 26100 | 26091 |  7706k| 295.0 |   442M | 193 | 296 |  14k|  14k|  14k|9171 |   0 |  17k|   0 |-2.138499e+02 |-1.647752e+02 |  29.78%
 3243s| 26200 | 26191 |  7736k| 295.1 |   443M | 193 | 292 |  14k|  13k|  14k|9171 |   0 |  17k|   0 |-2.138493e+02 |-1.647752e+02 |  29.78%
 3253s| 26300 | 26291 |  7763k| 295.0 |   443M | 193 | 304 |  14k|  13k|  14k|9171 |   0 |  17k|   0 |-2.138491e+02 |-1.647752e+02 |  29.78%
 3264s| 26400 | 26391 |  7791k| 294.9 |   443M | 193 | 292 |  14k|  13k|  14k|9171 |   0 |  17k|   0 |-2.138482e+02 |-1.647752e+02 |  29.78%
 3273s| 26500 | 26491 |  7818k| 294.8 |   444M | 193 | 295 |  14k|  13k|  14k|9171 |   0 |  17k|   0 |-2.138477e+02 |-1.647752e+02 |  29.78%
 3285s| 26600 | 26591 |  7850k| 294.9 |   445M | 193 | 294 |  14k|  14k|  14k|9171 |   0 |  17k|   0 |-2.138465e+02 |-1.647752e+02 |  29.78%
 3296s| 26700 | 26691 |  7880k| 294.9 |   445M | 193 | 294 |  14k|  14k|  14k|9171 |   0 |  17k|   0 |-2.138452e+02 |-1.647752e+02 |  29.78%
 3306s| 26800 | 26791 |  7908k| 294.9 |   447M | 193 | 310 |  14k|  14k|  14k|9171 |   0 |  18k|   0 |-2.138448e+02 |-1.647752e+02 |  29.78%
 3332s| 26900 | 26891 |  7941k| 295.0 |   447M | 193 | 287 |  14k|  14k|  14k|9171 |   0 |  18k|   0 |-2.138442e+02 |-1.647752e+02 |  29.78%
 3342s| 27000 | 26991 |  7970k| 295.0 |   448M | 193 | 287 |  14k|  14k|  14k|9171 |   0 |  18k|   0 |-2.138437e+02 |-1.647752e+02 |  29.78%
 3354s| 27100 | 27091 |  8002k| 295.1 |   450M | 193 | 305 |  14k|  14k|  14k|9171 |   0 |  18k|   0 |-2.138431e+02 |-1.647752e+02 |  29.78%
 3363s| 27200 | 27191 |  8032k| 295.1 |   450M | 193 | 308 |  14k|  14k|  14k|9171 |   0 |  18k|   0 |-2.138429e+02 |-1.647752e+02 |  29.78%
 3374s| 27300 | 27291 |  8064k| 295.2 |   450M | 193 | 287 |  14k|  14k|  14k|9171 |   0 |  18k|   0 |-2.138423e+02 |-1.647752e+02 |  29.78%
 time | node  | left  |LP iter|LP it/n|mem/heur|mdpt |frac |vars |cons |cols |rows |cuts |confs|strbr|  dualbound   | primalbound  |  gap   
 3384s| 27400 | 27391 |  8093k| 295.2 |   451M | 193 | 302 |  14k|  14k|  14k|9171 |   0 |  18k|   0 |-2.138417e+02 |-1.647752e+02 |  29.78%
 3395s| 27500 | 27491 |  8125k| 295.3 |   452M | 193 | 308 |  14k|  14k|  14k|9171 |   0 |  18k|   0 |-2.138412e+02 |-1.647752e+02 |  29.78%
 3405s| 27600 | 27591 |  8153k| 295.2 |   452M | 193 | 307 |  14k|  14k|  14k|9171 |   0 |  18k|   0 |-2.138400e+02 |-1.647752e+02 |  29.78%
 3417s| 27700 | 27691 |  8182k| 295.2 |   453M | 193 | 296 |  14k|  14k|  14k|9171 |   0 |  18k|   0 |-2.138394e+02 |-1.647752e+02 |  29.78%
 3425s| 27800 | 27791 |  8207k| 295.0 |   453M | 193 | 303 |  14k|  14k|  14k|9171 |   0 |  18k|   0 |-2.138385e+02 |-1.647752e+02 |  29.78%
 3436s| 27900 | 27891 |  8237k| 295.0 |   453M | 193 | 289 |  14k|  14k|  14k|9171 |   0 |  18k|   0 |-2.138378e+02 |-1.647752e+02 |  29.78%
 3447s| 28000 | 27991 |  8270k| 295.2 |   454M | 193 | 288 |  14k|  14k|  14k|9171 |   0 |  18k|   0 |-2.138373e+02 |-1.647752e+02 |  29.78%
 3457s| 28100 | 28091 |  8299k| 295.2 |   455M | 193 | 296 |  14k|  14k|  14k|9171 |   0 |  18k|   0 |-2.138366e+02 |-1.647752e+02 |  29.77%
 3467s| 28200 | 28191 |  8327k| 295.1 |   456M | 193 | 294 |  14k|  14k|  14k|9171 |   0 |  18k|   0 |-2.138362e+02 |-1.647752e+02 |  29.77%
 3477s| 28300 | 28291 |  8355k| 295.1 |   457M | 193 | 309 |  14k|  14k|  14k|9171 |   0 |  19k|   0 |-2.138358e+02 |-1.647752e+02 |  29.77%
 3487s| 28400 | 28391 |  8385k| 295.1 |   457M | 193 | 295 |  14k|  14k|  14k|9171 |   0 |  19k|   0 |-2.138352e+02 |-1.647752e+02 |  29.77%
 3497s| 28500 | 28491 |  8414k| 295.0 |   458M | 193 | 292 |  14k|  14k|  14k|9171 |   0 |  19k|   0 |-2.138345e+02 |-1.647752e+02 |  29.77%
 3507s| 28600 | 28591 |  8442k| 295.0 |   458M | 193 | 291 |  14k|  14k|  14k|9171 |   0 |  19k|   0 |-2.138342e+02 |-1.647752e+02 |  29.77%
 3518s| 28700 | 28691 |  8473k| 295.0 |   459M | 193 | 307 |  14k|  14k|  14k|9171 |   0 |  19k|   0 |-2.138329e+02 |-1.647752e+02 |  29.77%
 3568s| 28800 | 28791 |  8515k| 295.5 |   459M | 193 | 300 |  14k|  14k|  14k|9171 |   0 |  19k|   0 |-2.138321e+02 |-1.647752e+02 |  29.77%
 time | node  | left  |LP iter|LP it/n|mem/heur|mdpt |frac |vars |cons |cols |rows |cuts |confs|strbr|  dualbound   | primalbound  |  gap   
 3578s| 28900 | 28891 |  8542k| 295.4 |   459M | 193 | 331 |  14k|  13k|  14k|9171 |   0 |  19k|   0 |-2.138316e+02 |-1.647752e+02 |  29.77%
 3588s| 29000 | 28991 |  8572k| 295.4 |   462M | 193 | 293 |  14k|  14k|  14k|9171 |   0 |  19k|   0 |-2.138310e+02 |-1.647752e+02 |  29.77%
 3598s| 29100 | 29091 |  8602k| 295.4 |   463M | 193 | 296 |  14k|  13k|  14k|9171 |   0 |  19k|   0 |-2.138301e+02 |-1.647752e+02 |  29.77%
 3610s| 29200 | 29191 |  8635k| 295.5 |   463M | 193 | 285 |  14k|  14k|  14k|9171 |   0 |  19k|   0 |-2.138293e+02 |-1.647752e+02 |  29.77%
 3620s| 29300 | 29291 |  8665k| 295.6 |   464M | 193 | 297 |  14k|  14k|  14k|9171 |   0 |  19k|   0 |-2.138284e+02 |-1.647752e+02 |  29.77%
 3631s| 29400 | 29391 |  8696k| 295.6 |   465M | 193 | 287 |  14k|  14k|  14k|9171 |   0 |  19k|   0 |-2.138280e+02 |-1.647752e+02 |  29.77%
 3642s| 29500 | 29491 |  8728k| 295.7 |   466M | 193 | 292 |  14k|  13k|  14k|9171 |   0 |  19k|   0 |-2.138272e+02 |-1.647752e+02 |  29.77%
 3654s| 29600 | 29591 |  8759k| 295.7 |   467M | 193 | 295 |  14k|  14k|  14k|9171 |   0 |  20k|   0 |-2.138268e+02 |-1.647752e+02 |  29.77%
 3663s| 29700 | 29691 |  8785k| 295.6 |   467M | 193 | 298 |  14k|  14k|  14k|9171 |   0 |  20k|   0 |-2.138266e+02 |-1.647752e+02 |  29.77%
 3675s| 29800 | 29791 |  8817k| 295.7 |   467M | 193 | 290 |  14k|  14k|  14k|9171 |   0 |  20k|   0 |-2.138262e+02 |-1.647752e+02 |  29.77%
 3684s| 29900 | 29891 |  8845k| 295.7 |   468M | 193 | 321 |  14k|  14k|  14k|9171 |   0 |  20k|   0 |-2.138253e+02 |-1.647752e+02 |  29.77%
 3694s| 30000 | 29991 |  8873k| 295.6 |   469M | 193 | 303 |  14k|  14k|  14k|9171 |   0 |  20k|   0 |-2.138251e+02 |-1.647752e+02 |  29.77%
 3705s| 30100 | 30091 |  8905k| 295.7 |   469M | 193 | 303 |  14k|  14k|  14k|9171 |   0 |  20k|   0 |-2.138247e+02 |-1.647752e+02 |  29.77%
 3717s| 30200 | 30191 |  8938k| 295.8 |   470M | 193 | 296 |  14k|  14k|  14k|9171 |   0 |  20k|   0 |-2.138245e+02 |-1.647752e+02 |  29.77%
 3727s| 30300 | 30291 |  8967k| 295.8 |   470M | 193 | 302 |  14k|  14k|  14k|9171 |   0 |  20k|   0 |-2.138240e+02 |-1.647752e+02 |  29.77%
 time | node  | left  |LP iter|LP it/n|mem/heur|mdpt |frac |vars |cons |cols |rows |cuts |confs|strbr|  dualbound   | primalbound  |  gap   
 3736s| 30400 | 30391 |  8993k| 295.7 |   470M | 193 | 286 |  14k|  14k|  14k|9171 |   0 |  20k|   0 |-2.138235e+02 |-1.647752e+02 |  29.77%
 3747s| 30500 | 30491 |  9024k| 295.7 |   472M | 193 | 293 |  14k|  14k|  14k|9171 |   0 |  20k|   0 |-2.138229e+02 |-1.647752e+02 |  29.77%
 3758s| 30600 | 30591 |  9056k| 295.8 |   473M | 193 | 298 |  14k|  14k|  14k|9171 |   0 |  20k|   0 |-2.138226e+02 |-1.647752e+02 |  29.77%
 3768s| 30700 | 30691 |  9083k| 295.7 |   473M | 193 | 286 |  14k|  14k|  14k|9171 |   0 |  20k|   0 |-2.138220e+02 |-1.647752e+02 |  29.77%
 3777s| 30800 | 30791 |  9111k| 295.7 |   474M | 193 | 295 |  14k|  14k|  14k|9171 |   0 |  20k|   0 |-2.138213e+02 |-1.647752e+02 |  29.77%
 3789s| 30900 | 30891 |  9142k| 295.7 |   475M | 193 | 291 |  14k|  14k|  14k|9171 |   0 |  21k|   0 |-2.138202e+02 |-1.647752e+02 |  29.76%
 3799s| 31000 | 30991 |  9173k| 295.7 |   475M | 193 | 284 |  14k|  14k|  14k|9171 |   0 |  21k|   0 |-2.138195e+02 |-1.647752e+02 |  29.76%
 3808s| 31100 | 31091 |  9198k| 295.6 |   476M | 193 | 290 |  14k|  14k|  14k|9171 |   0 |  21k|   0 |-2.138187e+02 |-1.647752e+02 |  29.76%
 3820s| 31200 | 31191 |  9233k| 295.8 |   477M | 193 | 305 |  14k|  14k|  14k|9171 |   0 |  21k|   0 |-2.138182e+02 |-1.647752e+02 |  29.76%
 3831s| 31300 | 31291 |  9266k| 295.9 |   477M | 193 | 303 |  14k|  14k|  14k|9171 |   0 |  21k|   0 |-2.138176e+02 |-1.647752e+02 |  29.76%
 3842s| 31400 | 31391 |  9295k| 295.9 |   479M | 193 | 275 |  14k|  14k|  14k|9171 |   0 |  21k|   0 |-2.138170e+02 |-1.647752e+02 |  29.76%
 3852s| 31500 | 31491 |  9324k| 295.8 |   480M | 193 | 295 |  14k|  14k|  14k|9171 |   0 |  21k|   0 |-2.138163e+02 |-1.647752e+02 |  29.76%
 3870s| 31600 | 31591 |  9355k| 295.9 |   480M | 193 | 290 |  14k|  14k|  14k|9171 |   0 |  21k|   0 |-2.138157e+02 |-1.647752e+02 |  29.76%
 3881s| 31700 | 31691 |  9386k| 295.9 |   481M | 193 | 314 |  14k|  14k|  14k|9171 |   0 |  21k|   0 |-2.138147e+02 |-1.647752e+02 |  29.76%
 3891s| 31800 | 31791 |  9416k| 296.0 |   481M | 193 | 297 |  14k|  14k|  14k|9171 |   0 |  21k|   0 |-2.138141e+02 |-1.647752e+02 |  29.76%
 time | node  | left  |LP iter|LP it/n|mem/heur|mdpt |frac |vars |cons |cols |rows |cuts |confs|strbr|  dualbound   | primalbound  |  gap   
 3901s| 31900 | 31891 |  9446k| 295.9 |   482M | 193 | 291 |  14k|  14k|  14k|9171 |   0 |  21k|   0 |-2.138134e+02 |-1.647752e+02 |  29.76%
 3913s| 32000 | 31991 |  9477k| 296.0 |   483M | 193 | 299 |  14k|  14k|  14k|9171 |   0 |  21k|   0 |-2.138128e+02 |-1.647752e+02 |  29.76%
 3922s| 32100 | 32091 |  9507k| 296.0 |   483M | 193 | 294 |  14k|  14k|  14k|9171 |   0 |  22k|   0 |-2.138124e+02 |-1.647752e+02 |  29.76%
 3934s| 32200 | 32191 |  9538k| 296.1 |   484M | 193 | 288 |  14k|  14k|  14k|9171 |   0 |  22k|   0 |-2.138121e+02 |-1.647752e+02 |  29.76%
 3942s| 32300 | 32291 |  9564k| 295.9 |   486M | 193 | 283 |  14k|  14k|  14k|9171 |   0 |  22k|   0 |-2.138113e+02 |-1.647752e+02 |  29.76%
 3952s| 32400 | 32391 |  9591k| 295.9 |   487M | 193 | 308 |  14k|  14k|  14k|9171 |   0 |  22k|   0 |-2.138104e+02 |-1.647752e+02 |  29.76%
 3963s| 32500 | 32491 |  9623k| 295.9 |   487M | 193 | 276 |  14k|  14k|  14k|9171 |   0 |  22k|   0 |-2.138101e+02 |-1.647752e+02 |  29.76%
 4011s| 32600 | 32591 |  9662k| 296.2 |   488M | 193 | 298 |  14k|  14k|  14k|9171 |   0 |  22k|   0 |-2.138095e+02 |-1.647752e+02 |  29.76%
 4020s| 32700 | 32691 |  9689k| 296.1 |   488M | 193 | 301 |  14k|  14k|  14k|9171 |   0 |  22k|   0 |-2.138094e+02 |-1.647752e+02 |  29.76%
 4030s| 32800 | 32791 |  9716k| 296.1 |   490M | 193 | 310 |  14k|  14k|  14k|9171 |   0 |  22k|   0 |-2.138092e+02 |-1.647752e+02 |  29.76%
 4040s| 32900 | 32891 |  9748k| 296.1 |   491M | 193 | 288 |  14k|  14k|  14k|9171 |   0 |  22k|   0 |-2.138088e+02 |-1.647752e+02 |  29.76%
 4051s| 33000 | 32991 |  9776k| 296.1 |   491M | 193 | 294 |  14k|  14k|  14k|9171 |   0 |  22k|   0 |-2.138082e+02 |-1.647752e+02 |  29.76%
 4063s| 33100 | 33091 |  9810k| 296.2 |   491M | 193 | 289 |  14k|  14k|  14k|9171 |   0 |  22k|   0 |-2.138076e+02 |-1.647752e+02 |  29.76%
 4073s| 33200 | 33191 |  9839k| 296.2 |   492M | 193 | 285 |  14k|  14k|  14k|9171 |   0 |  22k|   0 |-2.138071e+02 |-1.647752e+02 |  29.76%
 4082s| 33300 | 33291 |  9865k| 296.1 |   494M | 193 | 287 |  14k|  14k|  14k|9171 |   0 |  22k|   0 |-2.138062e+02 |-1.647752e+02 |  29.76%
 time | node  | left  |LP iter|LP it/n|mem/heur|mdpt |frac |vars |cons |cols |rows |cuts |confs|strbr|  dualbound   | primalbound  |  gap   
 4092s| 33400 | 33391 |  9900k| 296.3 |   494M | 193 | 317 |  14k|  14k|  14k|9171 |   0 |  22k|   0 |-2.138057e+02 |-1.647752e+02 |  29.76%
 4104s| 33500 | 33491 |  9930k| 296.3 |   496M | 193 | 294 |  14k|  14k|  14k|9171 |   0 |  23k|   0 |-2.138054e+02 |-1.647752e+02 |  29.76%
 4114s| 33600 | 33591 |  9960k| 296.3 |   496M | 193 | 294 |  14k|  14k|  14k|9171 |   0 |  23k|   0 |-2.138044e+02 |-1.647752e+02 |  29.76%
 4124s| 33700 | 33691 |  9987k| 296.2 |   496M | 193 | 298 |  14k|  14k|  14k|9171 |   0 |  23k|   0 |-2.138039e+02 |-1.647752e+02 |  29.75%
 4133s| 33800 | 33791 | 10013k| 296.1 |   498M | 193 | 287 |  14k|  14k|  14k|9171 |   0 |  23k|   0 |-2.138033e+02 |-1.647752e+02 |  29.75%
 4144s| 33900 | 33891 | 10046k| 296.2 |   498M | 193 | 303 |  14k|  14k|  14k|9171 |   0 |  23k|   0 |-2.138030e+02 |-1.647752e+02 |  29.75%
 4155s| 34000 | 33991 | 10075k| 296.2 |   498M | 193 | 306 |  14k|  14k|  14k|9171 |   0 |  23k|   0 |-2.138020e+02 |-1.647752e+02 |  29.75%
 4164s| 34100 | 34091 | 10102k| 296.1 |   499M | 193 | 274 |  14k|  14k|  14k|9171 |   0 |  23k|   0 |-2.138016e+02 |-1.647752e+02 |  29.75%
 4174s| 34200 | 34191 | 10131k| 296.1 |   499M | 193 | 296 |  14k|  14k|  14k|9171 |   0 |  23k|   0 |-2.138008e+02 |-1.647752e+02 |  29.75%
 4185s| 34300 | 34291 | 10161k| 296.1 |   500M | 193 | 306 |  14k|  14k|  14k|9171 |   0 |  23k|   0 |-2.138007e+02 |-1.647752e+02 |  29.75%
 4196s| 34400 | 34391 | 10192k| 296.1 |   501M | 193 | 296 |  14k|  14k|  14k|9171 |   0 |  23k|   0 |-2.138003e+02 |-1.647752e+02 |  29.75%
 4206s| 34500 | 34491 | 10221k| 296.1 |   501M | 193 | 296 |  14k|  14k|  14k|9171 |   0 |  23k|   0 |-2.137999e+02 |-1.647752e+02 |  29.75%
 4217s| 34600 | 34591 | 10252k| 296.1 |   502M | 193 | 293 |  14k|  14k|  14k|9171 |   0 |  24k|   0 |-2.137995e+02 |-1.647752e+02 |  29.75%
 4227s| 34700 | 34691 | 10284k| 296.2 |   503M | 193 | 297 |  14k|  14k|  14k|9171 |   0 |  24k|   0 |-2.137993e+02 |-1.647752e+02 |  29.75%
 4238s| 34800 | 34791 | 10312k| 296.2 |   504M | 193 | 311 |  14k|  14k|  14k|9171 |   0 |  24k|   0 |-2.137984e+02 |-1.647752e+02 |  29.75%
 time | node  | left  |LP iter|LP it/n|mem/heur|mdpt |frac |vars |cons |cols |rows |cuts |confs|strbr|  dualbound   | primalbound  |  gap   
 4249s| 34900 | 34891 | 10341k| 296.2 |   504M | 193 | 296 |  14k|  14k|  14k|9171 |   0 |  24k|   0 |-2.137980e+02 |-1.647752e+02 |  29.75%
 4259s| 35000 | 34991 | 10374k| 296.3 |   505M | 193 | 303 |  14k|  14k|  14k|9171 |   0 |  24k|   0 |-2.137976e+02 |-1.647752e+02 |  29.75%
 4269s| 35100 | 35091 | 10402k| 296.2 |   505M | 193 | 293 |  14k|  14k|  14k|9171 |   0 |  24k|   0 |-2.137970e+02 |-1.647752e+02 |  29.75%
 4280s| 35200 | 35191 | 10434k| 296.3 |   505M | 193 | 293 |  14k|  14k|  14k|9171 |   0 |  24k|   0 |-2.137961e+02 |-1.647752e+02 |  29.75%
 4291s| 35300 | 35291 | 10467k| 296.4 |   507M | 193 | 300 |  14k|  14k|  14k|9171 |   0 |  24k|   0 |-2.137956e+02 |-1.647752e+02 |  29.75%
 4300s| 35400 | 35391 | 10493k| 296.3 |   507M | 193 | 289 |  14k|  14k|  14k|9171 |   0 |  24k|   0 |-2.137946e+02 |-1.647752e+02 |  29.75%
 4312s| 35500 | 35491 | 10525k| 296.4 |   507M | 193 | 294 |  14k|  14k|  14k|9171 |   0 |  24k|   0 |-2.137933e+02 |-1.647752e+02 |  29.75%
 4324s| 35600 | 35591 | 10555k| 296.4 |   508M | 193 | 301 |  14k|  14k|  14k|9171 |   0 |  24k|   0 |-2.137928e+02 |-1.647752e+02 |  29.75%
 4335s| 35700 | 35691 | 10589k| 296.5 |   510M | 193 | 271 |  14k|  14k|  14k|9171 |   0 |  24k|   0 |-2.137920e+02 |-1.647752e+02 |  29.75%
 4345s| 35800 | 35791 | 10615k| 296.4 |   511M | 193 | 289 |  14k|  14k|  14k|9171 |   0 |  24k|   0 |-2.137914e+02 |-1.647752e+02 |  29.75%
 4356s| 35900 | 35891 | 10646k| 296.4 |   512M | 193 | 305 |  14k|  14k|  14k|9171 |   0 |  24k|   0 |-2.137912e+02 |-1.647752e+02 |  29.75%
 4366s| 36000 | 35991 | 10679k| 296.5 |   512M | 193 | 283 |  14k|  14k|  14k|9171 |   0 |  24k|   0 |-2.137907e+02 |-1.647752e+02 |  29.75%
 4376s| 36100 | 36091 | 10710k| 296.5 |   512M | 193 | 309 |  14k|  14k|  14k|9171 |   0 |  24k|   0 |-2.137904e+02 |-1.647752e+02 |  29.75%
 4387s| 36200 | 36191 | 10738k| 296.5 |   514M | 193 | 287 |  14k|  14k|  14k|9171 |   0 |  24k|   0 |-2.137896e+02 |-1.647752e+02 |  29.75%
 4396s| 36300 | 36291 | 10764k| 296.4 |   514M | 193 | 294 |  14k|  14k|  14k|9171 |   0 |  24k|   0 |-2.137888e+02 |-1.647752e+02 |  29.75%
 time | node  | left  |LP iter|LP it/n|mem/heur|mdpt |frac |vars |cons |cols |rows |cuts |confs|strbr|  dualbound   | primalbound  |  gap   
 4407s| 36400 | 36391 | 10796k| 296.5 |   514M | 193 | 287 |  14k|  14k|  14k|9171 |   0 |  25k|   0 |-2.137886e+02 |-1.647752e+02 |  29.75%
 4415s| 36500 | 36491 | 10821k| 296.3 |   515M | 193 | 292 |  14k|  14k|  14k|9171 |   0 |  25k|   0 |-2.137880e+02 |-1.647752e+02 |  29.75%
 4461s| 36600 | 36591 | 10858k| 296.5 |   515M | 193 | 289 |  14k|  14k|  14k|9171 |   0 |  25k|   0 |-2.137873e+02 |-1.647752e+02 |  29.74%
 4471s| 36700 | 36691 | 10887k| 296.5 |   516M | 193 | 281 |  14k|  14k|  14k|9171 |   0 |  25k|   0 |-2.137870e+02 |-1.647752e+02 |  29.74%
 4482s| 36800 | 36791 | 10919k| 296.6 |   517M | 193 | 287 |  14k|  14k|  14k|9171 |   0 |  25k|   0 |-2.137864e+02 |-1.647752e+02 |  29.74%
 4492s| 36900 | 36891 | 10947k| 296.5 |   517M | 193 | 288 |  14k|  14k|  14k|9171 |   0 |  25k|   0 |-2.137859e+02 |-1.647752e+02 |  29.74%
 4502s| 37000 | 36991 | 10975k| 296.5 |   517M | 193 | 290 |  14k|  14k|  14k|9171 |   0 |  25k|   0 |-2.137857e+02 |-1.647752e+02 |  29.74%
 4511s| 37100 | 37091 | 11001k| 296.4 |   519M | 193 | 301 |  14k|  14k|  14k|9171 |   0 |  25k|   0 |-2.137852e+02 |-1.647752e+02 |  29.74%
 4523s| 37200 | 37191 | 11036k| 296.5 |   520M | 193 | 285 |  14k|  14k|  14k|9171 |   0 |  25k|   0 |-2.137846e+02 |-1.647752e+02 |  29.74%
 4534s| 37300 | 37291 | 11068k| 296.6 |   520M | 193 | 301 |  14k|  14k|  14k|9171 |   0 |  25k|   0 |-2.137842e+02 |-1.647752e+02 |  29.74%
 4544s| 37400 | 37391 | 11097k| 296.6 |   521M | 193 | 292 |  14k|  14k|  14k|9171 |   0 |  25k|   0 |-2.137836e+02 |-1.647752e+02 |  29.74%
 4556s| 37500 | 37491 | 11132k| 296.7 |   521M | 193 | 298 |  14k|  14k|  14k|9171 |   0 |  25k|   0 |-2.137824e+02 |-1.647752e+02 |  29.74%
 4565s| 37600 | 37591 | 11159k| 296.6 |   521M | 193 | 300 |  14k|  14k|  14k|9171 |   0 |  25k|   0 |-2.137819e+02 |-1.647752e+02 |  29.74%
 4576s| 37700 | 37691 | 11187k| 296.6 |   524M | 193 | 297 |  14k|  14k|  14k|9171 |   0 |  26k|   0 |-2.137816e+02 |-1.647752e+02 |  29.74%
 4585s| 37800 | 37791 | 11216k| 296.6 |   524M | 193 | 286 |  14k|  14k|  14k|9171 |   0 |  26k|   0 |-2.137810e+02 |-1.647752e+02 |  29.74%
 time | node  | left  |LP iter|LP it/n|mem/heur|mdpt |frac |vars |cons |cols |rows |cuts |confs|strbr|  dualbound   | primalbound  |  gap   
 4596s| 37900 | 37891 | 11249k| 296.7 |   525M | 193 | 292 |  14k|  14k|  14k|9171 |   0 |  26k|   0 |-2.137807e+02 |-1.647752e+02 |  29.74%
 4607s| 38000 | 37991 | 11277k| 296.6 |   526M | 193 | 276 |  14k|  14k|  14k|9171 |   0 |  26k|   0 |-2.137801e+02 |-1.647752e+02 |  29.74%
 4616s| 38100 | 38091 | 11306k| 296.6 |   527M | 193 | 309 |  14k|  14k|  14k|9171 |   0 |  26k|   0 |-2.137798e+02 |-1.647752e+02 |  29.74%
 4628s| 38200 | 38191 | 11338k| 296.7 |   527M | 193 | 292 |  14k|  14k|  14k|9171 |   0 |  26k|   0 |-2.137796e+02 |-1.647752e+02 |  29.74%
 4637s| 38300 | 38291 | 11367k| 296.6 |   528M | 193 | 296 |  14k|  14k|  14k|9171 |   0 |  26k|   0 |-2.137794e+02 |-1.647752e+02 |  29.74%
 4647s| 38400 | 38391 | 11393k| 296.6 |   528M | 193 | 289 |  14k|  14k|  14k|9171 |   0 |  26k|   0 |-2.137787e+02 |-1.647752e+02 |  29.74%
 4656s| 38500 | 38491 | 11418k| 296.4 |   528M | 193 | 300 |  14k|  14k|  14k|9171 |   0 |  26k|   0 |-2.137784e+02 |-1.647752e+02 |  29.74%
 4668s| 38600 | 38591 | 11454k| 296.6 |   529M | 193 | 296 |  14k|  14k|  14k|9171 |   0 |  26k|   0 |-2.137782e+02 |-1.647752e+02 |  29.74%
 4678s| 38700 | 38691 | 11481k| 296.5 |   530M | 193 | 309 |  14k|  14k|  14k|9171 |   0 |  26k|   0 |-2.137778e+02 |-1.647752e+02 |  29.74%
 4687s| 38800 | 38791 | 11507k| 296.5 |   531M | 193 | 302 |  14k|  14k|  14k|9171 |   0 |  26k|   0 |-2.137770e+02 |-1.647752e+02 |  29.74%
 4699s| 38900 | 38891 | 11537k| 296.5 |   531M | 193 | 289 |  14k|  14k|  14k|9171 |   0 |  27k|   0 |-2.137765e+02 |-1.647752e+02 |  29.74%
 4709s| 39000 | 38991 | 11567k| 296.5 |   532M | 193 | 280 |  14k|  14k|  14k|9171 |   0 |  27k|   0 |-2.137758e+02 |-1.647752e+02 |  29.74%
 4721s| 39100 | 39091 | 11604k| 296.6 |   533M | 193 | 301 |  14k|  14k|  14k|9171 |   0 |  27k|   0 |-2.137754e+02 |-1.647752e+02 |  29.74%
 4731s| 39200 | 39191 | 11631k| 296.6 |   533M | 193 | 289 |  14k|  14k|  14k|9171 |   0 |  27k|   0 |-2.137750e+02 |-1.647752e+02 |  29.74%
 4742s| 39300 | 39291 | 11664k| 296.7 |   534M | 193 | 299 |  14k|  14k|  14k|9171 |   0 |  27k|   0 |-2.137746e+02 |-1.647752e+02 |  29.74%
 time | node  | left  |LP iter|LP it/n|mem/heur|mdpt |frac |vars |cons |cols |rows |cuts |confs|strbr|  dualbound   | primalbound  |  gap   
 4753s| 39400 | 39391 | 11693k| 296.7 |   534M | 193 | 299 |  14k|  14k|  14k|9171 |   0 |  27k|   0 |-2.137744e+02 |-1.647752e+02 |  29.74%
 4766s| 39500 | 39491 | 11733k| 296.9 |   534M | 193 | 274 |  14k|  14k|  14k|9171 |   0 |  27k|   0 |-2.137737e+02 |-1.647752e+02 |  29.74%
 4776s| 39600 | 39591 | 11763k| 296.9 |   536M | 193 | 291 |  14k|  14k|  14k|9171 |   0 |  27k|   0 |-2.137730e+02 |-1.647752e+02 |  29.74%
 4787s| 39700 | 39691 | 11792k| 296.9 |   536M | 193 | 288 |  14k|  14k|  14k|9171 |   0 |  27k|   0 |-2.137725e+02 |-1.647752e+02 |  29.74%
 4798s| 39800 | 39791 | 11822k| 296.9 |   537M | 193 | 307 |  14k|  14k|  14k|9171 |   0 |  27k|   0 |-2.137721e+02 |-1.647752e+02 |  29.74%
 4808s| 39900 | 39891 | 11848k| 296.8 |   538M | 193 | 299 |  14k|  14k|  14k|9171 |   0 |  27k|   0 |-2.137716e+02 |-1.647752e+02 |  29.74%
 4861s| 40000 | 39991 | 11894k| 297.2 |   539M | 193 | 309 |  14k|  14k|  14k|9171 |   0 |  27k|   0 |-2.137712e+02 |-1.647752e+02 |  29.74%
 4872s| 40100 | 40091 | 11923k| 297.2 |   539M | 193 | 296 |  14k|  14k|  14k|9171 |   0 |  28k|   0 |-2.137705e+02 |-1.647752e+02 |  29.73%
 4883s| 40200 | 40191 | 11954k| 297.2 |   542M | 193 | 315 |  14k|  15k|  14k|9171 |   0 |  28k|   0 |-2.137699e+02 |-1.647752e+02 |  29.73%
 4893s| 40300 | 40291 | 11983k| 297.2 |   542M | 193 | 303 |  14k|  15k|  14k|9171 |   0 |  28k|   0 |-2.137693e+02 |-1.647752e+02 |  29.73%
 4904s| 40400 | 40391 | 12012k| 297.2 |   542M | 193 | 295 |  14k|  14k|  14k|9171 |   0 |  28k|   0 |-2.137688e+02 |-1.647752e+02 |  29.73%
 4913s| 40500 | 40491 | 12039k| 297.1 |   544M | 193 | 296 |  14k|  14k|  14k|9171 |   0 |  28k|   0 |-2.137686e+02 |-1.647752e+02 |  29.73%
 4923s| 40600 | 40591 | 12065k| 297.0 |   544M | 193 | 295 |  14k|  14k|  14k|9171 |   0 |  28k|   0 |-2.137679e+02 |-1.647752e+02 |  29.73%
 4932s| 40700 | 40691 | 12090k| 296.9 |   544M | 193 | 297 |  14k|  14k|  14k|9171 |   0 |  28k|   0 |-2.137677e+02 |-1.647752e+02 |  29.73%
 4944s| 40800 | 40791 | 12124k| 297.0 |   545M | 193 | 292 |  14k|  15k|  14k|9171 |   0 |  28k|   0 |-2.137675e+02 |-1.647752e+02 |  29.73%
 time | node  | left  |LP iter|LP it/n|mem/heur|mdpt |frac |vars |cons |cols |rows |cuts |confs|strbr|  dualbound   | primalbound  |  gap   
 4954s| 40900 | 40891 | 12153k| 297.0 |   545M | 193 | 305 |  14k|  15k|  14k|9171 |   0 |  28k|   0 |-2.137670e+02 |-1.647752e+02 |  29.73%
 4965s| 41000 | 40991 | 12180k| 296.9 |   546M | 193 | 305 |  14k|  15k|  14k|9171 |   0 |  28k|   0 |-2.137664e+02 |-1.647752e+02 |  29.73%
 4974s| 41100 | 41091 | 12205k| 296.8 |   548M | 193 | 299 |  14k|  15k|  14k|9171 |   0 |  28k|   0 |-2.137661e+02 |-1.647752e+02 |  29.73%
 4986s| 41200 | 41191 | 12238k| 296.9 |   548M | 193 | 305 |  14k|  15k|  14k|9171 |   0 |  28k|   0 |-2.137656e+02 |-1.647752e+02 |  29.73%
 4998s| 41300 | 41291 | 12270k| 297.0 |   548M | 193 | 309 |  14k|  15k|  14k|9171 |   0 |  29k|   0 |-2.137653e+02 |-1.647752e+02 |  29.73%
 5007s| 41400 | 41391 | 12298k| 296.9 |   549M | 193 | 302 |  14k|  15k|  14k|9171 |   0 |  29k|   0 |-2.137648e+02 |-1.647752e+02 |  29.73%
 5018s| 41500 | 41491 | 12328k| 296.9 |   550M | 193 | 302 |  14k|  15k|  14k|9171 |   0 |  29k|   0 |-2.137646e+02 |-1.647752e+02 |  29.73%
 5029s| 41600 | 41591 | 12360k| 297.0 |   550M | 193 | 293 |  14k|  15k|  14k|9171 |   0 |  29k|   0 |-2.137642e+02 |-1.647752e+02 |  29.73%
 5040s| 41700 | 41691 | 12393k| 297.1 |   552M | 193 | 314 |  14k|  15k|  14k|9171 |   0 |  29k|   0 |-2.137637e+02 |-1.647752e+02 |  29.73%
 5050s| 41800 | 41791 | 12420k| 297.0 |   552M | 193 | 294 |  14k|  15k|  14k|9171 |   0 |  29k|   0 |-2.137632e+02 |-1.647752e+02 |  29.73%
 5063s| 41900 | 41891 | 12455k| 297.1 |   552M | 193 | 295 |  14k|  15k|  14k|9171 |   0 |  29k|   0 |-2.137626e+02 |-1.647752e+02 |  29.73%
 5074s| 42000 | 41991 | 12484k| 297.1 |   554M | 193 | 293 |  14k|  15k|  14k|9171 |   0 |  29k|   0 |-2.137619e+02 |-1.647752e+02 |  29.73%
 5085s| 42100 | 42091 | 12515k| 297.1 |   554M | 193 | 287 |  14k|  15k|  14k|9171 |   0 |  29k|   0 |-2.137617e+02 |-1.647752e+02 |  29.73%
 5095s| 42200 | 42191 | 12545k| 297.2 |   554M | 193 | 295 |  14k|  15k|  14k|9171 |   0 |  29k|   0 |-2.137613e+02 |-1.647752e+02 |  29.73%
 5106s| 42300 | 42291 | 12577k| 297.2 |   555M | 193 | 303 |  14k|  15k|  14k|9171 |   0 |  29k|   0 |-2.137608e+02 |-1.647752e+02 |  29.73%
 time | node  | left  |LP iter|LP it/n|mem/heur|mdpt |frac |vars |cons |cols |rows |cuts |confs|strbr|  dualbound   | primalbound  |  gap   
 5117s| 42400 | 42391 | 12606k| 297.2 |   556M | 193 | 312 |  14k|  15k|  14k|9171 |   0 |  29k|   0 |-2.137607e+02 |-1.647752e+02 |  29.73%
 5127s| 42500 | 42491 | 12635k| 297.2 |   557M | 193 | 295 |  14k|  15k|  14k|9171 |   0 |  29k|   0 |-2.137605e+02 |-1.647752e+02 |  29.73%
 5139s| 42600 | 42591 | 12669k| 297.3 |   558M | 193 | 298 |  14k|  14k|  14k|9171 |   0 |  29k|   0 |-2.137600e+02 |-1.647752e+02 |  29.73%
 5150s| 42700 | 42691 | 12701k| 297.3 |   558M | 193 | 280 |  14k|  15k|  14k|9171 |   0 |  30k|   0 |-2.137598e+02 |-1.647752e+02 |  29.73%
 5161s| 42800 | 42791 | 12732k| 297.4 |   558M | 193 | 281 |  14k|  14k|  14k|9171 |   0 |  30k|   0 |-2.137593e+02 |-1.647752e+02 |  29.73%
 5171s| 42900 | 42891 | 12760k| 297.3 |   561M | 193 | 291 |  14k|  14k|  14k|9171 |   0 |  30k|   0 |-2.137590e+02 |-1.647752e+02 |  29.73%
 5182s| 43000 | 42991 | 12791k| 297.4 |   561M | 193 | 307 |  14k|  14k|  14k|9171 |   0 |  30k|   0 |-2.137581e+02 |-1.647752e+02 |  29.73%
 5191s| 43100 | 43091 | 12819k| 297.3 |   561M | 193 | 294 |  14k|  14k|  14k|9171 |   0 |  30k|   0 |-2.137576e+02 |-1.647752e+02 |  29.73%
 5201s| 43200 | 43191 | 12844k| 297.2 |   562M | 193 | 299 |  14k|  14k|  14k|9171 |   0 |  30k|   0 |-2.137570e+02 |-1.647752e+02 |  29.73%
 5212s| 43300 | 43291 | 12877k| 297.3 |   562M | 193 | 305 |  14k|  14k|  14k|9171 |   0 |  30k|   0 |-2.137567e+02 |-1.647752e+02 |  29.73%
 5222s| 43400 | 43391 | 12906k| 297.3 |   563M | 193 | 292 |  14k|  14k|  14k|9171 |   0 |  30k|   0 |-2.137560e+02 |-1.647752e+02 |  29.73%
 5232s| 43500 | 43491 | 12934k| 297.2 |   564M | 193 | 302 |  14k|  14k|  14k|9171 |   0 |  30k|   0 |-2.137559e+02 |-1.647752e+02 |  29.73%
 5243s| 43600 | 43591 | 12962k| 297.2 |   564M | 193 | 309 |  14k|  14k|  14k|9171 |   0 |  30k|   0 |-2.137556e+02 |-1.647752e+02 |  29.73%
 5254s| 43700 | 43691 | 12992k| 297.2 |   564M | 193 | 289 |  14k|  14k|  14k|9171 |   0 |  30k|   0 |-2.137550e+02 |-1.647752e+02 |  29.73%
 5264s| 43800 | 43791 | 13021k| 297.2 |   565M | 193 | 293 |  14k|  14k|  14k|9171 |   0 |  30k|   0 |-2.137544e+02 |-1.647752e+02 |  29.72%
 time | node  | left  |LP iter|LP it/n|mem/heur|mdpt |frac |vars |cons |cols |rows |cuts |confs|strbr|  dualbound   | primalbound  |  gap   
 5275s| 43900 | 43891 | 13049k| 297.1 |   566M | 193 | 309 |  14k|  14k|  14k|9171 |   0 |  30k|   0 |-2.137538e+02 |-1.647752e+02 |  29.72%
 5286s| 44000 | 43991 | 13077k| 297.1 |   566M | 193 | 300 |  14k|  14k|  14k|9171 |   0 |  30k|   0 |-2.137537e+02 |-1.647752e+02 |  29.72%
 5296s| 44100 | 44091 | 13107k| 297.1 |   567M | 193 | 289 |  14k|  14k|  14k|9171 |   0 |  30k|   0 |-2.137531e+02 |-1.647752e+02 |  29.72%
 5307s| 44200 | 44191 | 13137k| 297.1 |   567M | 193 | 298 |  14k|  14k|  14k|9171 |   0 |  30k|   0 |-2.137526e+02 |-1.647752e+02 |  29.72%
 5318s| 44300 | 44291 | 13165k| 297.1 |   567M | 193 | 294 |  14k|  14k|  14k|9171 |   0 |  31k|   0 |-2.137525e+02 |-1.647752e+02 |  29.72%
 5329s| 44400 | 44391 | 13196k| 297.1 |   569M | 193 | 312 |  14k|  14k|  14k|9171 |   0 |  31k|   0 |-2.137519e+02 |-1.647752e+02 |  29.72%
 5342s| 44500 | 44491 | 13228k| 297.2 |   569M | 193 | 300 |  14k|  14k|  14k|9171 |   0 |  31k|   0 |-2.137514e+02 |-1.647752e+02 |  29.72%
 5353s| 44600 | 44591 | 13256k| 297.1 |   569M | 193 | 292 |  14k|  14k|  14k|9171 |   0 |  31k|   0 |-2.137511e+02 |-1.647752e+02 |  29.72%
 5363s| 44700 | 44691 | 13285k| 297.1 |   571M | 193 | 297 |  14k|  14k|  14k|9171 |   0 |  31k|   0 |-2.137508e+02 |-1.647752e+02 |  29.72%
 5374s| 44800 | 44791 | 13314k| 297.1 |   571M | 193 | 287 |  14k|  14k|  14k|9171 |   0 |  31k|   0 |-2.137506e+02 |-1.647752e+02 |  29.72%
 5384s| 44900 | 44891 | 13342k| 297.0 |   573M | 193 | 292 |  14k|  14k|  14k|9171 |   0 |  31k|   0 |-2.137502e+02 |-1.647752e+02 |  29.72%
 5394s| 45000 | 44991 | 13370k| 297.0 |   574M | 193 | 302 |  14k|  14k|  14k|9171 |   0 |  31k|   0 |-2.137499e+02 |-1.647752e+02 |  29.72%
 5405s| 45100 | 45091 | 13398k| 297.0 |   574M | 193 | 292 |  14k|  14k|  14k|9171 |   0 |  31k|   0 |-2.137493e+02 |-1.647752e+02 |  29.72%
 5416s| 45200 | 45191 | 13433k| 297.1 |   574M | 193 | 298 |  14k|  14k|  14k|9171 |   0 |  31k|   0 |-2.137490e+02 |-1.647752e+02 |  29.72%
 5426s| 45300 | 45291 | 13461k| 297.0 |   576M | 193 | 296 |  14k|  14k|  14k|9171 |   0 |  31k|   0 |-2.137489e+02 |-1.647752e+02 |  29.72%
 time | node  | left  |LP iter|LP it/n|mem/heur|mdpt |frac |vars |cons |cols |rows |cuts |confs|strbr|  dualbound   | primalbound  |  gap   
 5438s| 45400 | 45391 | 13488k| 297.0 |   576M | 193 | 292 |  14k|  14k|  14k|9171 |   0 |  31k|   0 |-2.137486e+02 |-1.647752e+02 |  29.72%
 5478s| 45500 | 45491 | 13532k| 297.3 |   576M | 193 | 298 |  14k|  14k|  14k|9171 |   0 |  31k|   0 |-2.137480e+02 |-1.647752e+02 |  29.72%
 5488s| 45600 | 45591 | 13560k| 297.3 |   577M | 193 | 301 |  14k|  14k|  14k|9171 |   0 |  32k|   0 |-2.137478e+02 |-1.647752e+02 |  29.72%
 5498s| 45700 | 45691 | 13588k| 297.2 |   577M | 193 | 301 |  14k|  14k|  14k|9171 |   0 |  32k|   0 |-2.137477e+02 |-1.647752e+02 |  29.72%
 5511s| 45800 | 45791 | 13624k| 297.4 |   578M | 193 | 316 |  14k|  14k|  14k|9171 |   0 |  32k|   0 |-2.137474e+02 |-1.647752e+02 |  29.72%
 5520s| 45900 | 45891 | 13651k| 297.3 |   579M | 193 | 279 |  14k|  14k|  14k|9171 |   0 |  32k|   0 |-2.137470e+02 |-1.647752e+02 |  29.72%
 5531s| 46000 | 45991 | 13681k| 297.3 |   579M | 193 | 267 |  14k|  14k|  14k|9171 |   0 |  32k|   0 |-2.137466e+02 |-1.647752e+02 |  29.72%
 5543s| 46100 | 46091 | 13713k| 297.4 |   579M | 193 | 296 |  14k|  14k|  14k|9171 |   0 |  32k|   0 |-2.137457e+02 |-1.647752e+02 |  29.72%
 5554s| 46200 | 46191 | 13745k| 297.4 |   580M | 193 | 290 |  14k|  14k|  14k|9171 |   0 |  32k|   0 |-2.137456e+02 |-1.647752e+02 |  29.72%
 5564s| 46300 | 46291 | 13775k| 297.4 |   582M | 193 | 290 |  14k|  14k|  14k|9171 |   0 |  32k|   0 |-2.137453e+02 |-1.647752e+02 |  29.72%
 5576s| 46400 | 46391 | 13806k| 297.4 |   582M | 193 | 300 |  14k|  14k|  14k|9171 |   0 |  32k|   0 |-2.137448e+02 |-1.647752e+02 |  29.72%
 5587s| 46500 | 46491 | 13839k| 297.5 |   583M | 193 | 290 |  14k|  14k|  14k|9171 |   0 |  32k|   0 |-2.137443e+02 |-1.647752e+02 |  29.72%
 5597s| 46600 | 46591 | 13867k| 297.5 |   583M | 193 | 284 |  14k|  14k|  14k|9171 |   0 |  32k|   0 |-2.137435e+02 |-1.647752e+02 |  29.72%
 5608s| 46700 | 46691 | 13898k| 297.5 |   583M | 193 | 302 |  14k|  15k|  14k|9171 |   0 |  32k|   0 |-2.137426e+02 |-1.647752e+02 |  29.72%
 5620s| 46800 | 46791 | 13928k| 297.5 |   585M | 193 | 297 |  14k|  15k|  14k|9171 |   0 |  32k|   0 |-2.137419e+02 |-1.647752e+02 |  29.72%
 time | node  | left  |LP iter|LP it/n|mem/heur|mdpt |frac |vars |cons |cols |rows |cuts |confs|strbr|  dualbound   | primalbound  |  gap   
 5630s| 46900 | 46891 | 13956k| 297.5 |   586M | 193 | 298 |  14k|  15k|  14k|9171 |   0 |  33k|   0 |-2.137415e+02 |-1.647752e+02 |  29.72%
 5642s| 47000 | 46991 | 13984k| 297.4 |   586M | 193 | 304 |  14k|  15k|  14k|9171 |   0 |  33k|   0 |-2.137411e+02 |-1.647752e+02 |  29.72%
 5651s| 47100 | 47091 | 14012k| 297.4 |   587M | 193 | 294 |  14k|  15k|  14k|9171 |   0 |  33k|   0 |-2.137410e+02 |-1.647752e+02 |  29.72%
 5661s| 47200 | 47191 | 14040k| 297.4 |   589M | 193 | 274 |  14k|  15k|  14k|9171 |   0 |  33k|   0 |-2.137402e+02 |-1.647752e+02 |  29.72%
 5671s| 47300 | 47291 | 14068k| 297.3 |   589M | 193 | 297 |  14k|  15k|  14k|9171 |   0 |  33k|   0 |-2.137398e+02 |-1.647752e+02 |  29.72%
 5683s| 47400 | 47391 | 14102k| 297.4 |   590M | 193 | 293 |  14k|  15k|  14k|9171 |   0 |  33k|   0 |-2.137397e+02 |-1.647752e+02 |  29.72%
 5693s| 47500 | 47491 | 14131k| 297.4 |   590M | 193 | 296 |  14k|  15k|  14k|9171 |   0 |  33k|   0 |-2.137390e+02 |-1.647752e+02 |  29.72%
 5702s| 47600 | 47591 | 14155k| 297.3 |   590M | 193 | 306 |  14k|  15k|  14k|9171 |   0 |  33k|   0 |-2.137386e+02 |-1.647752e+02 |  29.72%
 5712s| 47700 | 47691 | 14184k| 297.3 |   592M | 193 | 306 |  14k|  15k|  14k|9171 |   0 |  33k|   0 |-2.137380e+02 |-1.647752e+02 |  29.71%
 5725s| 47800 | 47791 | 14218k| 297.4 |   592M | 193 | 305 |  14k|  15k|  14k|9171 |   0 |  33k|   0 |-2.137377e+02 |-1.647752e+02 |  29.71%
 5735s| 47900 | 47891 | 14246k| 297.3 |   592M | 193 | 285 |  14k|  15k|  14k|9171 |   0 |  33k|   0 |-2.137374e+02 |-1.647752e+02 |  29.71%
 5745s| 48000 | 47991 | 14277k| 297.3 |   592M | 193 | 299 |  14k|  15k|  14k|9171 |   0 |  33k|   0 |-2.137369e+02 |-1.647752e+02 |  29.71%
 5757s| 48100 | 48091 | 14308k| 297.4 |   593M | 193 | 295 |  14k|  15k|  14k|9171 |   0 |  33k|   0 |-2.137364e+02 |-1.647752e+02 |  29.71%
 5766s| 48200 | 48191 | 14334k| 297.3 |   594M | 193 | 294 |  14k|  15k|  14k|9171 |   0 |  33k|   0 |-2.137358e+02 |-1.647752e+02 |  29.71%
 5778s| 48300 | 48291 | 14364k| 297.3 |   595M | 193 | 281 |  14k|  15k|  14k|9171 |   0 |  34k|   0 |-2.137354e+02 |-1.647752e+02 |  29.71%
 time | node  | left  |LP iter|LP it/n|mem/heur|mdpt |frac |vars |cons |cols |rows |cuts |confs|strbr|  dualbound   | primalbound  |  gap   
 5788s| 48400 | 48391 | 14396k| 297.3 |   596M | 193 | 289 |  14k|  15k|  14k|9171 |   0 |  34k|   0 |-2.137352e+02 |-1.647752e+02 |  29.71%
 5798s| 48500 | 48491 | 14424k| 297.3 |   596M | 193 | 304 |  14k|  15k|  14k|9171 |   0 |  34k|   0 |-2.137348e+02 |-1.647752e+02 |  29.71%
 5810s| 48600 | 48591 | 14457k| 297.4 |   596M | 193 | 283 |  14k|  15k|  14k|9171 |   0 |  34k|   0 |-2.137344e+02 |-1.647752e+02 |  29.71%
 5821s| 48700 | 48691 | 14485k| 297.3 |   598M | 193 | 291 |  14k|  15k|  14k|9171 |   0 |  34k|   0 |-2.137337e+02 |-1.647752e+02 |  29.71%
 5832s| 48800 | 48791 | 14518k| 297.4 |   599M | 193 | 297 |  14k|  14k|  14k|9171 |   0 |  34k|   0 |-2.137333e+02 |-1.647752e+02 |  29.71%
 5843s| 48900 | 48891 | 14547k| 297.4 |   599M | 193 | 305 |  14k|  15k|  14k|9171 |   0 |  34k|   0 |-2.137332e+02 |-1.647752e+02 |  29.71%
 5852s| 49000 | 48991 | 14572k| 297.3 |   600M | 193 | 301 |  14k|  15k|  14k|9171 |   0 |  34k|   0 |-2.137330e+02 |-1.647752e+02 |  29.71%
 5863s| 49100 | 49091 | 14604k| 297.3 |   601M | 193 | 300 |  14k|  14k|  14k|9171 |   0 |  34k|   0 |-2.137327e+02 |-1.647752e+02 |  29.71%
 5874s| 49200 | 49191 | 14631k| 297.3 |   602M | 193 | 280 |  14k|  14k|  14k|9171 |   0 |  34k|   0 |-2.137325e+02 |-1.647752e+02 |  29.71%
 5886s| 49300 | 49291 | 14659k| 297.2 |   603M | 193 | 298 |  14k|  14k|  14k|9171 |   0 |  34k|   0 |-2.137320e+02 |-1.647752e+02 |  29.71%
 5896s| 49400 | 49391 | 14688k| 297.2 |   603M | 193 | 305 |  14k|  14k|  14k|9171 |   0 |  34k|   0 |-2.137318e+02 |-1.647752e+02 |  29.71%
 5944s| 49500 | 49491 | 14727k| 297.4 |   603M | 193 | 291 |  14k|  14k|  14k|9171 |   0 |  34k|   0 |-2.137313e+02 |-1.647752e+02 |  29.71%
 5955s| 49600 | 49591 | 14758k| 297.4 |   605M | 193 | 297 |  14k|  14k|  14k|9171 |   0 |  34k|   0 |-2.137309e+02 |-1.647752e+02 |  29.71%
 5966s| 49700 | 49691 | 14788k| 297.4 |   605M | 193 | 305 |  14k|  14k|  14k|9171 |   0 |  34k|   0 |-2.137307e+02 |-1.647752e+02 |  29.71%
 5977s| 49800 | 49791 | 14817k| 297.4 |   607M | 193 | 288 |  14k|  14k|  14k|9171 |   0 |  34k|   0 |-2.137304e+02 |-1.647752e+02 |  29.71%
 time | node  | left  |LP iter|LP it/n|mem/heur|mdpt |frac |vars |cons |cols |rows |cuts |confs|strbr|  dualbound   | primalbound  |  gap   
 5988s| 49900 | 49891 | 14847k| 297.4 |   607M | 193 | 300 |  14k|  14k|  14k|9171 |   0 |  35k|   0 |-2.137303e+02 |-1.647752e+02 |  29.71%
 5999s| 50000 | 49991 | 14876k| 297.4 |   607M | 193 | 283 |  14k|  14k|  14k|9171 |   0 |  35k|   0 |-2.137299e+02 |-1.647752e+02 |  29.71%
 6008s| 50100 | 50091 | 14902k| 297.4 |   608M | 193 | 305 |  14k|  14k|  14k|9171 |   0 |  35k|   0 |-2.137297e+02 |-1.647752e+02 |  29.71%
 6020s| 50200 | 50191 | 14936k| 297.4 |   609M | 193 | 288 |  14k|  14k|  14k|9171 |   0 |  35k|   0 |-2.137293e+02 |-1.647752e+02 |  29.71%
 6030s| 50300 | 50291 | 14965k| 297.4 |   609M | 193 | 293 |  14k|  14k|  14k|9171 |   0 |  35k|   0 |-2.137291e+02 |-1.647752e+02 |  29.71%
 6040s| 50400 | 50391 | 14995k| 297.4 |   609M | 193 | 288 |  14k|  14k|  14k|9171 |   0 |  35k|   0 |-2.137288e+02 |-1.647752e+02 |  29.71%
 6052s| 50500 | 50491 | 15027k| 297.5 |   610M | 193 | 303 |  14k|  14k|  14k|9171 |   0 |  35k|   0 |-2.137285e+02 |-1.647752e+02 |  29.71%
 6061s| 50600 | 50591 | 15054k| 297.4 |   611M | 193 | 294 |  14k|  14k|  14k|9171 |   0 |  35k|   0 |-2.137282e+02 |-1.647752e+02 |  29.71%
 6071s| 50700 | 50691 | 15084k| 297.4 |   611M | 193 | 294 |  14k|  14k|  14k|9171 |   0 |  35k|   0 |-2.137270e+02 |-1.647752e+02 |  29.71%
 6084s| 50800 | 50791 | 15124k| 297.6 |   612M | 193 | 305 |  14k|  14k|  14k|9171 |   0 |  35k|   0 |-2.137268e+02 |-1.647752e+02 |  29.71%
 6093s| 50900 | 50891 | 15152k| 297.6 |   612M | 193 | 284 |  14k|  14k|  14k|9171 |   0 |  35k|   0 |-2.137267e+02 |-1.647752e+02 |  29.71%
 6105s| 51000 | 50991 | 15183k| 297.6 |   612M | 193 | 294 |  14k|  14k|  14k|9171 |   0 |  35k|   0 |-2.137262e+02 |-1.647752e+02 |  29.71%
 6118s| 51100 | 51091 | 15223k| 297.8 |   615M | 193 | 302 |  14k|  15k|  14k|9171 |   0 |  35k|   0 |-2.137255e+02 |-1.647752e+02 |  29.71%
 6127s| 51200 | 51191 | 15253k| 297.8 |   615M | 193 | 299 |  14k|  15k|  14k|9171 |   0 |  35k|   0 |-2.137249e+02 |-1.647752e+02 |  29.71%
 6137s| 51300 | 51291 | 15281k| 297.8 |   616M | 193 | 295 |  14k|  15k|  14k|9171 |   0 |  35k|   0 |-2.137245e+02 |-1.647752e+02 |  29.71%
 time | node  | left  |LP iter|LP it/n|mem/heur|mdpt |frac |vars |cons |cols |rows |cuts |confs|strbr|  dualbound   | primalbound  |  gap   
 6146s| 51400 | 51391 | 15307k| 297.7 |   617M | 193 | 291 |  14k|  15k|  14k|9171 |   0 |  35k|   0 |-2.137238e+02 |-1.647752e+02 |  29.71%
 6157s| 51500 | 51491 | 15340k| 297.8 |   618M | 193 | 290 |  14k|  15k|  14k|9171 |   0 |  36k|   0 |-2.137234e+02 |-1.647752e+02 |  29.71%
 6170s| 51600 | 51591 | 15374k| 297.8 |   618M | 193 | 298 |  14k|  15k|  14k|9171 |   0 |  36k|   0 |-2.137229e+02 |-1.647752e+02 |  29.71%
 6180s| 51700 | 51691 | 15402k| 297.8 |   619M | 193 | 293 |  14k|  15k|  14k|9171 |   0 |  36k|   0 |-2.137228e+02 |-1.647752e+02 |  29.71%
 6190s| 51800 | 51791 | 15432k| 297.8 |   619M | 193 | 291 |  14k|  15k|  14k|9171 |   0 |  36k|   0 |-2.137225e+02 |-1.647752e+02 |  29.71%
 6199s| 51900 | 51891 | 15459k| 297.8 |   619M | 193 | 270 |  14k|  15k|  14k|9171 |   0 |  36k|   0 |-2.137219e+02 |-1.647752e+02 |  29.71%
 6210s| 52000 | 51991 | 15487k| 297.7 |   620M | 193 | 283 |  14k|  15k|  14k|9171 |   0 |  36k|   0 |-2.137214e+02 |-1.647752e+02 |  29.70%
 6219s| 52100 | 52091 | 15515k| 297.7 |   621M | 193 | 292 |  14k|  15k|  14k|9171 |   0 |  36k|   0 |-2.137209e+02 |-1.647752e+02 |  29.70%
 6230s| 52200 | 52191 | 15548k| 297.8 |   621M | 193 | 287 |  14k|  15k|  14k|9171 |   0 |  36k|   0 |-2.137205e+02 |-1.647752e+02 |  29.70%
 6241s| 52300 | 52291 | 15578k| 297.8 |   622M | 193 | 303 |  14k|  15k|  14k|9171 |   0 |  36k|   0 |-2.137200e+02 |-1.647752e+02 |  29.70%
 6252s| 52400 | 52391 | 15610k| 297.8 |   622M | 193 | 276 |  14k|  15k|  14k|9171 |   0 |  36k|   0 |-2.137198e+02 |-1.647752e+02 |  29.70%
 6263s| 52500 | 52491 | 15641k| 297.8 |   623M | 193 | 297 |  14k|  15k|  14k|9171 |   0 |  36k|   0 |-2.137190e+02 |-1.647752e+02 |  29.70%
 6271s| 52600 | 52591 | 15665k| 297.7 |   625M | 193 | 275 |  14k|  15k|  14k|9171 |   0 |  36k|   0 |-2.137182e+02 |-1.647752e+02 |  29.70%
 6281s| 52700 | 52691 | 15692k| 297.7 |   625M | 193 | 289 |  14k|  15k|  14k|9171 |   0 |  37k|   0 |-2.137179e+02 |-1.647752e+02 |  29.70%
 6292s| 52800 | 52791 | 15725k| 297.7 |   625M | 193 | 295 |  14k|  15k|  14k|9171 |   0 |  37k|   0 |-2.137174e+02 |-1.647752e+02 |  29.70%
 time | node  | left  |LP iter|LP it/n|mem/heur|mdpt |frac |vars |cons |cols |rows |cuts |confs|strbr|  dualbound   | primalbound  |  gap   
 6303s| 52900 | 52891 | 15754k| 297.7 |   626M | 193 | 275 |  14k|  15k|  14k|9171 |   0 |  37k|   0 |-2.137170e+02 |-1.647752e+02 |  29.70%
 6311s| 53000 | 52991 | 15781k| 297.7 |   627M | 193 | 282 |  14k|  15k|  14k|9171 |   0 |  37k|   0 |-2.137169e+02 |-1.647752e+02 |  29.70%
 6322s| 53100 | 53091 | 15809k| 297.6 |   627M | 193 | 288 |  14k|  15k|  14k|9171 |   0 |  37k|   0 |-2.137161e+02 |-1.647752e+02 |  29.70%
 6332s| 53200 | 53191 | 15840k| 297.7 |   629M | 193 | 293 |  14k|  15k|  14k|9171 |   0 |  37k|   0 |-2.137155e+02 |-1.647752e+02 |  29.70%
 6342s| 53300 | 53291 | 15869k| 297.6 |   629M | 193 | 296 |  14k|  15k|  14k|9171 |   0 |  37k|   0 |-2.137153e+02 |-1.647752e+02 |  29.70%
 6351s| 53400 | 53391 | 15894k| 297.6 |   629M | 193 | 298 |  14k|  15k|  14k|9171 |   0 |  37k|   0 |-2.137149e+02 |-1.647752e+02 |  29.70%
 6360s| 53500 | 53491 | 15921k| 297.5 |   633M | 193 | 299 |  14k|  15k|  14k|9171 |   0 |  37k|   0 |-2.137146e+02 |-1.647752e+02 |  29.70%
 6373s| 53600 | 53591 | 15957k| 297.6 |   633M | 193 | 282 |  14k|  15k|  14k|9171 |   0 |  37k|   0 |-2.137143e+02 |-1.647752e+02 |  29.70%
 6382s| 53700 | 53691 | 15984k| 297.6 |   633M | 193 | 303 |  14k|  15k|  14k|9171 |   0 |  37k|   0 |-2.137142e+02 |-1.647752e+02 |  29.70%
 6394s| 53800 | 53791 | 16011k| 297.5 |   634M | 193 | 286 |  14k|  15k|  14k|9171 |   0 |  37k|   0 |-2.137141e+02 |-1.647752e+02 |  29.70%
 6402s| 53900 | 53891 | 16036k| 297.4 |   634M | 193 | 292 |  14k|  15k|  14k|9171 |   0 |  37k|   0 |-2.137138e+02 |-1.647752e+02 |  29.70%
 6412s| 54000 | 53991 | 16066k| 297.4 |   635M | 193 | 305 |  14k|  15k|  14k|9171 |   0 |  37k|   0 |-2.137137e+02 |-1.647752e+02 |  29.70%
 6423s| 54100 | 54091 | 16097k| 297.4 |   636M | 193 | 303 |  14k|  15k|  14k|9171 |   0 |  37k|   0 |-2.137134e+02 |-1.647752e+02 |  29.70%
 6433s| 54200 | 54191 | 16125k| 297.4 |   636M | 193 | 301 |  14k|  15k|  14k|9171 |   0 |  38k|   0 |-2.137130e+02 |-1.647752e+02 |  29.70%
 6443s| 54300 | 54291 | 16154k| 297.4 |   636M | 193 | 290 |  14k|  15k|  14k|9171 |   0 |  38k|   0 |-2.137128e+02 |-1.647752e+02 |  29.70%
 time | node  | left  |LP iter|LP it/n|mem/heur|mdpt |frac |vars |cons |cols |rows |cuts |confs|strbr|  dualbound   | primalbound  |  gap   
 6461s| 54400 | 54391 | 16184k| 297.4 |   638M | 193 | 311 |  14k|  15k|  14k|9171 |   0 |  38k|   0 |-2.137125e+02 |-1.647752e+02 |  29.70%
 6471s| 54500 | 54491 | 16213k| 297.4 |   638M | 193 | 300 |  14k|  15k|  14k|9171 |   0 |  38k|   0 |-2.137121e+02 |-1.647752e+02 |  29.70%
 6481s| 54600 | 54591 | 16239k| 297.3 |   638M | 193 | 293 |  14k|  15k|  14k|9171 |   0 |  38k|   0 |-2.137117e+02 |-1.647752e+02 |  29.70%
 6493s| 54700 | 54691 | 16270k| 297.4 |   639M | 193 | 291 |  14k|  15k|  14k|9171 |   0 |  38k|   0 |-2.137112e+02 |-1.647752e+02 |  29.70%
 6504s| 54800 | 54791 | 16300k| 297.4 |   639M | 193 | 300 |  14k|  15k|  14k|9171 |   0 |  38k|   0 |-2.137109e+02 |-1.647752e+02 |  29.70%
 6512s| 54900 | 54891 | 16324k| 297.2 |   640M | 193 | 293 |  14k|  15k|  14k|9171 |   0 |  38k|   0 |-2.137104e+02 |-1.647752e+02 |  29.70%
 6522s| 55000 | 54991 | 16353k| 297.2 |   641M | 193 | 295 |  14k|  15k|  14k|9171 |   0 |  38k|   0 |-2.137101e+02 |-1.647752e+02 |  29.70%
 6532s| 55100 | 55091 | 16382k| 297.2 |   641M | 193 | 293 |  14k|  15k|  14k|9171 |   0 |  38k|   0 |-2.137097e+02 |-1.647752e+02 |  29.70%
 6543s| 55200 | 55191 | 16411k| 297.2 |   641M | 193 | 299 |  14k|  15k|  14k|9171 |   0 |  38k|   0 |-2.137096e+02 |-1.647752e+02 |  29.70%
 6553s| 55300 | 55291 | 16439k| 297.2 |   642M | 193 | 299 |  14k|  15k|  14k|9171 |   0 |  38k|   0 |-2.137089e+02 |-1.647752e+02 |  29.70%
 6563s| 55400 | 55391 | 16469k| 297.2 |   644M | 193 | 289 |  14k|  15k|  14k|9171 |   0 |  38k|   0 |-2.137082e+02 |-1.647752e+02 |  29.70%
 6578s| 55500 | 55491 | 16506k| 297.3 |   644M | 193 | 303 |  14k|  15k|  14k|9171 |   0 |  39k|   0 |-2.137080e+02 |-1.647752e+02 |  29.70%
 6586s| 55600 | 55591 | 16531k| 297.2 |   645M | 193 | 289 |  14k|  15k|  14k|9171 |   0 |  39k|   0 |-2.137075e+02 |-1.647752e+02 |  29.70%
 6597s| 55700 | 55691 | 16559k| 297.2 |   645M | 193 | 294 |  14k|  15k|  14k|9171 |   0 |  39k|   0 |-2.137072e+02 |-1.647752e+02 |  29.70%
 6607s| 55800 | 55791 | 16590k| 297.2 |   646M | 193 | 304 |  14k|  15k|  14k|9171 |   0 |  39k|   0 |-2.137070e+02 |-1.647752e+02 |  29.70%
 time | node  | left  |LP iter|LP it/n|mem/heur|mdpt |frac |vars |cons |cols |rows |cuts |confs|strbr|  dualbound   | primalbound  |  gap   
 6617s| 55900 | 55891 | 16619k| 297.2 |   648M | 193 | 283 |  14k|  15k|  14k|9171 |   0 |  39k|   0 |-2.137066e+02 |-1.647752e+02 |  29.70%
 6627s| 56000 | 55991 | 16649k| 297.2 |   648M | 193 | 287 |  14k|  15k|  14k|9171 |   0 |  39k|   0 |-2.137064e+02 |-1.647752e+02 |  29.70%
 6637s| 56100 | 56091 | 16675k| 297.2 |   648M | 193 | 295 |  14k|  15k|  14k|9171 |   0 |  39k|   0 |-2.137058e+02 |-1.647752e+02 |  29.70%
 6647s| 56200 | 56191 | 16706k| 297.2 |   649M | 193 | 304 |  14k|  15k|  14k|9171 |   0 |  39k|   0 |-2.137052e+02 |-1.647752e+02 |  29.70%
 6694s| 56300 | 56291 | 16745k| 297.3 |   649M | 193 | 296 |  14k|  15k|  14k|9171 |   0 |  39k|   0 |-2.137048e+02 |-1.647752e+02 |  29.69%
 6706s| 56400 | 56391 | 16778k| 297.4 |   650M | 193 | 300 |  14k|  15k|  14k|9171 |   0 |  39k|   0 |-2.137044e+02 |-1.647752e+02 |  29.69%
 6716s| 56500 | 56491 | 16809k| 297.4 |   651M | 193 | 288 |  14k|  15k|  14k|9171 |   0 |  39k|   0 |-2.137042e+02 |-1.647752e+02 |  29.69%
 6727s| 56600 | 56591 | 16840k| 297.4 |   652M | 193 | 302 |  14k|  15k|  14k|9171 |   0 |  39k|   0 |-2.137038e+02 |-1.647752e+02 |  29.69%
 6735s| 56700 | 56691 | 16864k| 297.3 |   652M | 193 | 316 |  14k|  15k|  14k|9171 |   0 |  39k|   0 |-2.137034e+02 |-1.647752e+02 |  29.69%
 6747s| 56800 | 56791 | 16898k| 297.4 |   653M | 193 | 295 |  14k|  15k|  14k|9171 |   0 |  39k|   0 |-2.137031e+02 |-1.647752e+02 |  29.69%
 6757s| 56900 | 56891 | 16930k| 297.5 |   654M | 193 | 291 |  14k|  15k|  14k|9171 |   0 |  39k|   0 |-2.137029e+02 |-1.647752e+02 |  29.69%
 6768s| 57000 | 56991 | 16958k| 297.4 |   654M | 193 | 293 |  14k|  15k|  14k|9171 |   0 |  39k|   0 |-2.137028e+02 |-1.647752e+02 |  29.69%
 6778s| 57100 | 57091 | 16990k| 297.5 |   655M | 193 | 299 |  14k|  15k|  14k|9171 |   0 |  39k|   0 |-2.137023e+02 |-1.647752e+02 |  29.69%
 6790s| 57200 | 57191 | 17023k| 297.5 |   655M | 193 | 283 |  14k|  15k|  14k|9171 |   0 |  40k|   0 |-2.137021e+02 |-1.647752e+02 |  29.69%
 6799s| 57300 | 57291 | 17049k| 297.5 |   656M | 193 | 285 |  14k|  15k|  14k|9171 |   0 |  40k|   0 |-2.137018e+02 |-1.647752e+02 |  29.69%
 time | node  | left  |LP iter|LP it/n|mem/heur|mdpt |frac |vars |cons |cols |rows |cuts |confs|strbr|  dualbound   | primalbound  |  gap   
 6808s| 57400 | 57391 | 17074k| 297.4 |   657M | 193 | 303 |  14k|  15k|  14k|9171 |   0 |  40k|   0 |-2.137016e+02 |-1.647752e+02 |  29.69%
 6818s| 57500 | 57491 | 17102k| 297.3 |   657M | 193 | 282 |  14k|  15k|  14k|9171 |   0 |  40k|   0 |-2.137012e+02 |-1.647752e+02 |  29.69%
 6829s| 57600 | 57591 | 17137k| 297.4 |   657M | 193 | 278 |  14k|  15k|  14k|9171 |   0 |  40k|   0 |-2.137008e+02 |-1.647752e+02 |  29.69%
 6839s| 57700 | 57691 | 17165k| 297.4 |   658M | 193 | 288 |  14k|  15k|  14k|9171 |   0 |  40k|   0 |-2.137004e+02 |-1.647752e+02 |  29.69%
 6848s| 57800 | 57791 | 17192k| 297.3 |   660M | 193 | 285 |  14k|  15k|  14k|9171 |   0 |  40k|   0 |-2.137003e+02 |-1.647752e+02 |  29.69%
 6860s| 57900 | 57891 | 17226k| 297.4 |   660M | 193 | 305 |  14k|  15k|  14k|9171 |   0 |  40k|   0 |-2.136998e+02 |-1.647752e+02 |  29.69%
 6871s| 58000 | 57991 | 17256k| 297.4 |   661M | 193 | 305 |  14k|  15k|  14k|9171 |   0 |  40k|   0 |-2.136994e+02 |-1.647752e+02 |  29.69%
 6881s| 58100 | 58091 | 17285k| 297.4 |   662M | 193 | 299 |  14k|  15k|  14k|9171 |   0 |  40k|   0 |-2.136989e+02 |-1.647752e+02 |  29.69%
 6890s| 58200 | 58191 | 17310k| 297.3 |   662M | 193 | 291 |  14k|  15k|  14k|9171 |   0 |  40k|   0 |-2.136985e+02 |-1.647752e+02 |  29.69%
 6900s| 58300 | 58291 | 17342k| 297.4 |   663M | 193 | 295 |  14k|  15k|  14k|9171 |   0 |  40k|   0 |-2.136979e+02 |-1.647752e+02 |  29.69%
 6910s| 58400 | 58391 | 17372k| 297.4 |   664M | 193 | 296 |  14k|  15k|  14k|9171 |   0 |  40k|   0 |-2.136974e+02 |-1.647752e+02 |  29.69%
 6921s| 58500 | 58491 | 17400k| 297.4 |   664M | 193 | 292 |  14k|  15k|  14k|9171 |   0 |  41k|   0 |-2.136969e+02 |-1.647752e+02 |  29.69%
 6930s| 58600 | 58591 | 17427k| 297.3 |   664M | 193 | 297 |  14k|  15k|  14k|9171 |   0 |  41k|   0 |-2.136966e+02 |-1.647752e+02 |  29.69%
 6939s| 58700 | 58691 | 17452k| 297.2 |   665M | 193 | 301 |  14k|  15k|  14k|9171 |   0 |  41k|   0 |-2.136962e+02 |-1.647752e+02 |  29.69%
 6949s| 58800 | 58791 | 17481k| 297.2 |   666M | 193 | 274 |  14k|  15k|  14k|9171 |   0 |  41k|   0 |-2.136955e+02 |-1.647752e+02 |  29.69%
 time | node  | left  |LP iter|LP it/n|mem/heur|mdpt |frac |vars |cons |cols |rows |cuts |confs|strbr|  dualbound   | primalbound  |  gap   
 6960s| 58900 | 58891 | 17510k| 297.2 |   666M | 193 | 297 |  14k|  15k|  14k|9171 |   0 |  41k|   0 |-2.136953e+02 |-1.647752e+02 |  29.69%
 6970s| 59000 | 58991 | 17540k| 297.2 |   667M | 193 | 307 |  14k|  15k|  14k|9171 |   0 |  41k|   0 |-2.136951e+02 |-1.647752e+02 |  29.69%
 6980s| 59100 | 59091 | 17568k| 297.2 |   667M | 193 | 300 |  14k|  15k|  14k|9171 |   0 |  41k|   0 |-2.136950e+02 |-1.647752e+02 |  29.69%
 6990s| 59200 | 59191 | 17599k| 297.2 |   669M | 193 | 298 |  14k|  15k|  14k|9171 |   0 |  41k|   0 |-2.136946e+02 |-1.647752e+02 |  29.69%
 7000s| 59300 | 59291 | 17628k| 297.2 |   669M | 193 | 287 |  14k|  15k|  14k|9171 |   0 |  41k|   0 |-2.136942e+02 |-1.647752e+02 |  29.69%
 7011s| 59400 | 59391 | 17659k| 297.2 |   669M | 193 | 278 |  14k|  15k|  14k|9171 |   0 |  41k|   0 |-2.136936e+02 |-1.647752e+02 |  29.69%
 7022s| 59500 | 59491 | 17690k| 297.2 |   669M | 193 | 304 |  14k|  15k|  14k|9171 |   0 |  41k|   0 |-2.136933e+02 |-1.647752e+02 |  29.69%
 7032s| 59600 | 59591 | 17719k| 297.2 |   670M | 193 | 305 |  14k|  15k|  14k|9171 |   0 |  41k|   0 |-2.136929e+02 |-1.647752e+02 |  29.69%
 7044s| 59700 | 59691 | 17747k| 297.2 |   671M | 193 | 305 |  14k|  15k|  14k|9171 |   0 |  41k|   0 |-2.136926e+02 |-1.647752e+02 |  29.69%
 7055s| 59800 | 59791 | 17780k| 297.2 |   672M | 193 | 295 |  14k|  15k|  14k|9171 |   0 |  41k|   0 |-2.136921e+02 |-1.647752e+02 |  29.69%
 7067s| 59900 | 59891 | 17813k| 297.3 |   673M | 193 | 306 |  14k|  15k|  14k|9171 |   0 |  42k|   0 |-2.136918e+02 |-1.647752e+02 |  29.69%
 7077s| 60000 | 59991 | 17841k| 297.3 |   673M | 193 | 291 |  14k|  15k|  14k|9171 |   0 |  42k|   0 |-2.136915e+02 |-1.647752e+02 |  29.69%
 7088s| 60100 | 60091 | 17875k| 297.3 |   674M | 193 | 295 |  14k|  15k|  14k|9171 |   0 |  42k|   0 |-2.136909e+02 |-1.647752e+02 |  29.69%
 7097s| 60200 | 60191 | 17899k| 297.2 |   677M | 193 | 300 |  14k|  15k|  14k|9171 |   0 |  42k|   0 |-2.136904e+02 |-1.647752e+02 |  29.69%
 7108s| 60300 | 60291 | 17930k| 297.3 |   677M | 193 | 286 |  14k|  15k|  14k|9171 |   0 |  42k|   0 |-2.136900e+02 |-1.647752e+02 |  29.69%
 time | node  | left  |LP iter|LP it/n|mem/heur|mdpt |frac |vars |cons |cols |rows |cuts |confs|strbr|  dualbound   | primalbound  |  gap   
 7120s| 60400 | 60391 | 17957k| 297.2 |   677M | 193 | 302 |  14k|  15k|  14k|9171 |   0 |  42k|   0 |-2.136896e+02 |-1.647752e+02 |  29.69%
 7131s| 60500 | 60491 | 17989k| 297.3 |   678M | 193 | 285 |  14k|  15k|  14k|9171 |   0 |  42k|   0 |-2.136892e+02 |-1.647752e+02 |  29.69%
 7141s| 60600 | 60591 | 18021k| 297.3 |   678M | 193 | 290 |  14k|  15k|  14k|9171 |   0 |  42k|   0 |-2.136889e+02 |-1.647752e+02 |  29.69%

SCIP Status        : solving was interrupted [time limit reached]
Solving Time (sec) : 7200.15
Solving Nodes      : 60687
Primal Bound       : -1.64775216310348e+02 (235 solutions)
Dual Bound         : -2.13688514332130e+02
Gap                : 29.68 %

Number of variables fixed to 0 by isomorphism pruning:	     0
Number of variables fixed to 1 by isomorphism pruning:	     0
@04 1686573962
