FILENAME:   ../instances_new/flowersnark/flowersnark15_3.cip
SETTINGS:   settings_final_moresymresack_norelabel
TIMELIMIT:  7200
OUTPUTNAME: final_flowersnark__settings_final_moresymresack_norelabel__2__
BINNAME:    bin/sbcs.linux.x86_64.gnu.opt.cpx
BASENAME:   flowersnark15_3.cip
SEED:       2
@01 ../instances_new/flowersnark/flowersnark15_3.cip ===========
@02 flowersnark15_3.cip
@03 1668043234
SCIP version 8.0.2 [precision: 8 byte] [memory: block] [mode: optimized] [LP solver: CPLEX 20.1.0.0] [GitHash: 5f0473c]
Copyright (C) 2002-2022 Konrad-Zuse-Zentrum fuer Informationstechnik Berlin (ZIB)

Symretope propagation methods - (c) Jasper van Doornmalen, Christopher Hojny.
[GitHash: 8113d1c]

reading parameter file <../settings/settings_final_moresymresack_norelabel.set> ...

Changed settings:
limits/time = 7200
misc/usesymmetry = 1
randomization/randomseedshift = 2
constraints/orbisack/sepafreq = -1
constraints/symresack/sepafreq = -1
propagating/symmetry/addsymresacks = TRUE
propagating/symmetry/detectsubgroups = FALSE
propagating/symmetry/usesymretopes = FALSE
propagating/symmetry/relabelsymretopes = 0
propagating/symmetry/addmoresymresacks = TRUE
propagating/symmetry/ofsymcomptiming = 0
constraints/symretope/sepafreq = -1
constraints/symretope/peek = FALSE


solving problem ...

original problem has 270 variables (270 bin, 0 int, 0 impl, 0 cont) and 270 constraints
presolving:
(round 1, exhaustive) 0 del vars, 0 del conss, 0 add conss, 0 chg bounds, 0 chg sides, 0 chg coeffs, 270 upgd conss, 0 impls, 270 clqs
   (0.0s) probing: 51/270 (18.9%) - 0 fixings, 0 aggregations, 0 implications, 0 bound changes
   (0.0s) probing aborted: 50/50 successive totally useless probings
   (0.0s) symmetry computation started: requiring (bin +, int +, cont +), (fixed: bin -, int -, cont -)
   (0.0s) symmetry computation finished: 5 generators found (max: 1500, log10 of symmetry group size: 2.6)
(round 2, exhaustive) 7 del vars, 0 del conss, 33 add conss, 0 chg bounds, 0 chg sides, 0 chg coeffs, 270 upgd conss, 0 impls, 267 clqs
(round 3, fast)       16 del vars, 7 del conss, 33 add conss, 0 chg bounds, 0 chg sides, 0 chg coeffs, 270 upgd conss, 0 impls, 263 clqs
(round 4, medium)     22 del vars, 7 del conss, 33 add conss, 0 chg bounds, 0 chg sides, 0 chg coeffs, 270 upgd conss, 0 impls, 259 clqs
(round 5, fast)       31 del vars, 15 del conss, 33 add conss, 0 chg bounds, 0 chg sides, 0 chg coeffs, 270 upgd conss, 0 impls, 255 clqs
   (0.0s) probing: 56/270 (20.7%) - 0 fixings, 0 aggregations, 0 implications, 0 bound changes
   (0.0s) probing aborted: 50/50 successive totally useless probings
presolving (6 rounds: 6 fast, 4 medium, 3 exhaustive):
 31 deleted vars, 15 deleted constraints, 33 added constraints, 0 tightened bounds, 0 added holes, 0 changed sides, 0 changed coefficients
 0 implications, 255 cliques
presolved problem has 249 variables (249 bin, 0 int, 0 impl, 0 cont) and 288 constraints
    255 constraints of type <setppc>
      3 constraints of type <orbisack>
      2 constraints of type <orbitope>
     28 constraints of type <symresack>
transformed objective value is always integral (scale: 1)
Presolving Time: 0.01

 time | node  | left  |LP iter|LP it/n|mem/heur|mdpt |vars |cons |rows |cuts |sepa|confs|strbr|  dualbound   | primalbound  |  gap   | compl. 
  0.0s|     1 |     0 |    82 |     - |  4960k |   0 | 249 | 314 | 255 |   0 |  0 |  25 |   0 | 0.000000e+00 |      --      |    Inf | unknown
  0.1s|     1 |     0 |   523 |     - |  5214k |   0 | 249 | 515 | 258 |   3 |  1 |  26 |   0 | 0.000000e+00 |      --      |    Inf | unknown
  0.1s|     1 |     0 |   615 |     - |  6238k |   0 | 249 | 519 | 260 |   5 |  2 |  30 |   0 | 0.000000e+00 |      --      |    Inf | unknown
  0.1s|     1 |     0 |   676 |     - |  7443k |   0 | 249 | 520 | 263 |   8 |  3 |  31 |   0 | 0.000000e+00 |      --      |    Inf | unknown
  0.2s|     1 |     0 |   733 |     - |  8680k |   0 | 249 | 521 | 266 |  11 |  4 |  32 |   0 | 0.000000e+00 |      --      |    Inf | unknown
  0.2s|     1 |     0 |   826 |     - |  9646k |   0 | 249 | 523 | 270 |  15 |  5 |  34 |   0 | 0.000000e+00 |      --      |    Inf | unknown
  0.2s|     1 |     0 |   975 |     - |    12M |   0 | 249 | 527 | 273 |  18 |  6 |  38 |   0 | 0.000000e+00 |      --      |    Inf | unknown
  0.2s|     1 |     0 |  1060 |     - |    14M |   0 | 249 | 528 | 275 |  20 |  7 |  39 |   0 | 0.000000e+00 |      --      |    Inf | unknown
  0.3s|     1 |     0 |  1219 |     - |    15M |   0 | 249 | 529 | 278 |  23 |  8 |  40 |   0 | 0.000000e+00 |      --      |    Inf | unknown
  0.3s|     1 |     0 |  1293 |     - |    16M |   0 | 249 | 532 | 282 |  27 |  9 |  43 |   0 | 0.000000e+00 |      --      |    Inf | unknown
  0.3s|     1 |     0 |  1457 |     - |    18M |   0 | 249 | 533 | 284 |  29 | 10 |  44 |   0 | 0.000000e+00 |      --      |    Inf | unknown
  0.4s|     1 |     0 |  1582 |     - |    18M |   0 | 249 | 534 | 286 |  31 | 11 |  45 |   0 | 0.000000e+00 |      --      |    Inf | unknown
  0.5s|     1 |     2 |  1848 |     - |    18M |   0 | 249 | 542 | 286 |  31 | 11 |  53 |  10 | 0.000000e+00 |      --      |    Inf | unknown
  1.1s|   100 |    28 |  9051 |  75.4 |    19M |  16 | 249 | 802 |   0 |  76 |  0 | 313 |  10 | 0.000000e+00 |      --      |    Inf |  10.98%
  1.5s|   200 |    24 | 13714 |  61.0 |    22M |  16 | 249 |1101 | 271 |  96 |  1 | 614 |  10 | 0.000000e+00 |      --      |    Inf |  14.77%
 time | node  | left  |LP iter|LP it/n|mem/heur|mdpt |vars |cons |rows |cuts |sepa|confs|strbr|  dualbound   | primalbound  |  gap   | compl. 
  1.9s|   300 |    29 | 17812 |  54.3 |    24M |  18 | 249 |1373 |   0 | 118 |  0 | 890 |  10 | 0.000000e+00 |      --      |    Inf |  17.60%
  3.2s|   400 |    35 | 23658 |  55.3 |    25M |  18 | 249 |1601 | 270 | 147 |  1 |1118 |  10 | 0.000000e+00 |      --      |    Inf |  44.07%
  4.1s|   500 |    33 | 28473 |  53.9 |    26M |  18 | 249 |1826 | 274 | 178 |  0 |1345 |  10 | 0.000000e+00 |      --      |    Inf |  50.40%
  4.5s|   600 |    33 | 32788 |  52.1 |    27M |  18 | 249 |1997 |   0 | 210 |  0 |1523 |  10 | 0.000000e+00 |      --      |    Inf |  54.23%
  4.7s|   700 |    36 | 36799 |  50.4 |    26M |  18 | 249 |2187 | 271 | 235 |  1 |1727 |  10 | 0.000000e+00 |      --      |    Inf |  55.19%
  5.0s|   800 |    30 | 41194 |  49.6 |    26M |  18 | 249 |2385 | 275 | 276 |  1 |1936 |  10 | 0.000000e+00 |      --      |    Inf |  56.12%
  5.7s|   900 |    34 | 48644 |  52.3 |    27M |  18 | 249 |2580 | 272 | 363 |  1 |2151 |  10 | 0.000000e+00 |      --      |    Inf |  58.23%
  6.1s|  1000 |    44 | 54690 |  53.2 |    27M |  18 | 249 |2729 | 274 | 404 |  1 |2395 |  10 | 0.000000e+00 |      --      |    Inf |  59.60%
  6.3s|  1100 |    35 | 59295 |  52.5 |    27M |  18 | 249 |2764 | 274 | 429 |  1 |2625 |  10 | 0.000000e+00 |      --      |    Inf |  60.23%
  7.7s|  1200 |    15 | 65556 |  53.4 |    27M |  18 | 249 |2658 | 272 | 451 |  1 |2883 |  10 | 0.000000e+00 |      --      |    Inf |  92.36%
  8.0s|  1300 |    14 | 71029 |  53.5 |    27M |  18 | 249 |2593 | 275 | 512 |  1 |3092 |  10 | 0.000000e+00 |      --      |    Inf |  93.10%
  8.5s|  1400 |     7 | 75573 |  52.9 |    27M |  18 | 249 |2467 | 274 | 536 |  0 |3369 |  10 | 0.000000e+00 |      --      |    Inf |  93.72%

SCIP Status        : problem is solved [infeasible]
Solving Time (sec) : 8.84
Solving Nodes      : 1475
Primal Bound       : +1.00000000000000e+20 (0 solutions)
Dual Bound         : +1.00000000000000e+20
Gap                : 0.00 %
SCIP Status        : problem is solved [infeasible]
Total Time         :       8.84
  solving          :       8.84
  presolving       :       0.01 (included in solving)
  reading          :       0.00
  copying          :       0.18 (33 #copies) (minimal 0.00, maximal 0.01, average 0.01)
Original Problem   :
  Problem name     : model
  Variables        : 270 (270 binary, 0 integer, 0 implicit integer, 0 continuous)
  Constraints      : 270 initial, 270 maximal
  Objective        : minimize, 0 non-zeros (abs.min = 1e+20, abs.max = -1e+20)
Presolved Problem  :
  Problem name     : t_model
  Variables        : 249 (249 binary, 0 integer, 0 implicit integer, 0 continuous)
  Constraints      : 288 initial, 2789 maximal
  Objective        : minimize, 0 non-zeros (abs.min = 1e+20, abs.max = -1e+20)
  Nonzeros         : 9291 constraint, 762 clique table
Presolvers         :   ExecTime  SetupTime  Calls  FixedVars   AggrVars   ChgTypes  ChgBounds   AddHoles    DelCons    AddCons   ChgSides   ChgCoefs
  boundshift       :       0.00       0.00      0          0          0          0          0          0          0          0          0          0
  convertinttobin  :       0.00       0.00      0          0          0          0          0          0          0          0          0          0
  domcol           :       0.00       0.00      2          0          0          0          0          0          0          0          0          0
  dualagg          :       0.00       0.00      0          0          0          0          0          0          0          0          0          0
  dualcomp         :       0.00       0.00      0          0          0          0          0          0          0          0          0          0
  dualinfer        :       0.00       0.00      0          0          0          0          0          0          0          0          0          0
  dualsparsify     :       0.00       0.00      1          0          0          0          0          0          0          0          0          0
  gateextraction   :       0.00       0.00      0          0          0          0          0          0          0          0          0          0
  implics          :       0.00       0.00      4          0          0          0          0          0          0          0          0          0
  inttobinary      :       0.00       0.00      0          0          0          0          0          0          0          0          0          0
  qpkktref         :       0.00       0.00      0          0          0          0          0          0          0          0          0          0
  redvub           :       0.00       0.00      0          0          0          0          0          0          0          0          0          0
  sparsify         :       0.00       0.00      1          0          0          0          0          0          0          0          0          0
  stuffing         :       0.00       0.00      0          0          0          0          0          0          0          0          0          0
  trivial          :       0.00       0.00      6         10          0          0          0          0          0          0          0          0
  tworowbnd        :       0.00       0.00      0          0          0          0          0          0          0          0          0          0
  dualfix          :       0.00       0.00      6          0          0          0          0          0          0          0          0          0
  genvbounds       :       0.00       0.00      0          0          0          0          0          0          0          0          0          0
  probing          :       0.00       0.00      2          0          0          0          0          0          0          0          0          0
  pseudoobj        :       0.00       0.00      0          0          0          0          0          0          0          0          0          0
  symmetry         :       0.00       0.00      1          2          0          0          0          0          0         33          0          0
  vbounds          :       0.00       0.00      1          0          0          0          0          0          0          0          0          0
  knapsack         :       0.00       0.00      0          0          0          0          0          0          0          0          0          0
  setppc           :       0.00       0.00     10          0          8          0          0          0         15          0          0          0
  linear           :       0.00       0.00      2          0          0          0          0          0          0          0          0          0
  orbisack         :       0.00       0.00      1          0          0          0          0          0          0          0          0          0
  orbitope         :       0.00       0.00      2          1          0          0          0          0          0          0          0          0
  symresack        :       0.00       0.00      1          0          0          0          0          0          0          0          0          0
  logicor          :       0.00       0.00      0          0          0          0          0          0          0          0          0          0
  benders          :       0.00       0.00      0          0          0          0          0          0          0          0          0          0
  components       :       0.00       0.00      1          0          0          0          0          0          0          0          0          0
  root node        :          -          -      -          7          -          -          7          -          -          -          -          -
Constraints        :     Number  MaxNumber  #Separate #Propagate    #EnfoLP    #EnfoRelax  #EnfoPS    #Check   #ResProp    Cutoffs    DomReds       Cuts    Applied      Conss   Children
  benderslp        :          0          0          0          0        797          0          0          7          0          0          0          0          0          0          0
  integral         :          0          0          0          0        797          0          0          7          0          0          0          0          0          0       1594
  knapsack         :          0+        84          0      13112          0          0          0          0       2291         92       2551          0          0          0          0
  setppc           :        255+       277         11      13753          0          0          0          3      34179        340      22917          0          0          0          0
  linear           :          0+       215         11      12953          0          0          0          0       1158         20       1105          0          0          0          0
  orbisack         :          3          3          0          0          0          0          0          0          0          0          0          0          0          0          0
  orbitope         :          2          2          0      13293          0          0          0          0          0          0          0          0          0          0          0
  symresack        :         28         28          0       2630          0          0          0          0        311         21        213          0          0          0          0
  logicor          :          0+      2198         11       9190          0          0          0          0       5108         77       3192          0          0          0          0
  benders          :          0          0          0          0          0          0          0          0          0          0          0          0          0          0          0
  countsols        :          0          0          0          0          0          0          0          0          0          0          0          0          0          0          0
  components       :          0          0          0          0          0          0          0          0          0          0          0          0          0          0          0
Constraint Timings :  TotalTime  SetupTime   Separate  Propagate     EnfoLP     EnfoPS     EnfoRelax   Check    ResProp    SB-Prop
  benderslp        :       0.00       0.00       0.00       0.00       0.00       0.00       0.00       0.00       0.00       0.00
  integral         :       0.15       0.00       0.00       0.00       0.15       0.00       0.00       0.00       0.00       0.00
  knapsack         :       0.06       0.00       0.00       0.06       0.00       0.00       0.00       0.00       0.00       0.00
  setppc           :       0.15       0.00       0.00       0.14       0.00       0.00       0.00       0.00       0.01       0.00
  linear           :       0.04       0.00       0.00       0.03       0.00       0.00       0.00       0.00       0.00       0.00
  orbisack         :       0.00       0.00       0.00       0.00       0.00       0.00       0.00       0.00       0.00       0.00
  orbitope         :       0.03       0.00       0.00       0.03       0.00       0.00       0.00       0.00       0.00       0.00
  symresack        :       0.01       0.00       0.00       0.01       0.00       0.00       0.00       0.00       0.00       0.00
  logicor          :       0.14       0.00       0.00       0.13       0.00       0.00       0.00       0.00       0.00       0.00
  benders          :       0.00       0.00       0.00       0.00       0.00       0.00       0.00       0.00       0.00       0.00
  countsols        :       0.00       0.00       0.00       0.00       0.00       0.00       0.00       0.00       0.00       0.00
  components       :       0.00       0.00       0.00       0.00       0.00       0.00       0.00       0.00       0.00       0.00
Propagators        : #Propagate   #ResProp    Cutoffs    DomReds
  dualfix          :          1          0          0          0
  genvbounds       :          0          0          0          0
  nlobbt           :          0          0          0          0
  obbt             :          0          0          0          0
  probing          :          0          0          0          0
  pseudoobj        :          0          0          0          0
  redcost          :          0          0          0          0
  rootredcost      :          0          0          0          0
  symmetry         :          0          0          0          0
  vbounds          :       9948          0          0          0
Propagator Timings :  TotalTime  SetupTime   Presolve  Propagate    ResProp    SB-Prop
  dualfix          :       0.00       0.00       0.00       0.00       0.00       0.00
  genvbounds       :       0.00       0.00       0.00       0.00       0.00       0.00
  nlobbt           :       0.00       0.00       0.00       0.00       0.00       0.00
  obbt             :       0.00       0.00       0.00       0.00       0.00       0.00
  probing          :       0.00       0.00       0.00       0.00       0.00       0.00
  pseudoobj        :       0.00       0.00       0.00       0.00       0.00       0.00
  redcost          :       0.00       0.00       0.00       0.00       0.00       0.00
  rootredcost      :       0.00       0.00       0.00       0.00       0.00       0.00
  symmetry         :       0.00       0.00       0.00       0.00       0.00       0.00
  vbounds          :       0.01       0.00       0.00       0.01       0.00       0.00
Orbital fixing     :
  vars fixed to 0  :          0
  vars fixed to 1  :          0
Conflict Analysis  :       Time      Calls    Success    DomReds  Conflicts   Literals    Reconvs ReconvLits   Dualrays   Nonzeros   LP Iters   (pool size: [10000,10000])
  propagation      :       0.03        541        510          -       2606       20.9         42        9.1          -          -          -
  infeasible LP    :       0.09        588        479          -       2825       17.8         17        3.7        221       24.3          0
  bound exceed. LP :       0.00          0          0          -          0        0.0          0        0.0          0        0.0          0
  strong branching :       0.00          0          0          -          0        0.0          0        0.0          -          -          0
  pseudo solution  :       0.00          0          0          -          0        0.0          0        0.0          -          -          -
  applied globally :       0.01          -          -          0       3284       14.5          -          -        205          -          -
  applied locally  :          -          -          -          0         22       17.4          -          -         16          -          -
Separators         :   ExecTime  SetupTime      Calls  RootCalls    Cutoffs    DomReds  FoundCuts ViaPoolAdd  DirectAdd    Applied ViaPoolApp  DirectApp      Conss
  cut pool         :       0.37          -        423         21          -          -       8071       3641          -          -          -          -          -    (maximal pool size:       3847)
  aggregation      :       0.24       0.00        229         11          0          0          0          0          0          0          0          0          0
  > cmir           :          -          -          -          -          -          -          -          0          0          0          0          0          -
  > flowcover      :          -          -          -          -          -          -          -          0          0          0          0          0          -
  > knapsackcover  :          -          -          -          -          -          -          -          0          0          0          0          0          -
  cgmip            :       0.00       0.00          0          0          0          0          0          0          0          0          0          0          0
  clique           :       0.00       0.00         11         11          0          0          0          0          0          0          0          0          0
  closecuts        :       0.00       0.00          0          0          0          0          0          0          0          0          0          0          0
  convexproj       :       0.00       0.00          0          0          0          0          0          0          0          0          0          0          0
  disjunctive      :       0.00       0.00          0          0          0          0          0          0          0          0          0          0          0
  eccuts           :       0.00       0.00          0          0          0          0          0          0          0          0          0          0          0
  gauge            :       0.00       0.00          0          0          0          0          0          0          0          0          0          0          0
  gomory           :       0.85       0.00        228         10          0          0      10851       3508       2846        314        235         79          0
  > gomorymi       :          -          -          -          -          -          -          -        818       1423         80         29         51          -
  > strongcg       :          -          -          -          -          -          -          -       2690       1423        234        206         28          -
  impliedbounds    :       0.00       0.00        229         11          0          0          1          1          0          1          1          0          0
  interminor       :       0.00       0.00          0          0          0          0          0          0          0          0          0          0          0
  intobj           :       0.00       0.00          0          0          0          0          0          0          0          0          0          0          0
  mcf              :       0.00       0.00          1          1          0          0          0          0          0          0          0          0          0
  minor            :       0.00       0.00          0          0          0          0          0          0          0          0          0          0          0
  mixing           :       0.00       0.00          0          0          0          0          0          0          0          0          0          0          0
  oddcycle         :       0.00       0.00          0          0          0          0          0          0          0          0          0          0          0
  rapidlearning    :       3.68       0.00         32          1          0       2838          0          0          0          0          0          0        450
  rlt              :       0.00       0.00         10         10          0          0          0          0          0          0          0          0          0
  zerohalf         :       0.11       0.00        229         11          0          0        369        132        304        273         67        206          0
Cutselectors       :   ExecTime  SetupTime      Calls  RootCalls   Selected     Forced   Filtered  RootSelec   RootForc   RootFilt 
  hybrid           :       0.01       0.00        226         11        588          0       6203         31          0        857
Pricers            :   ExecTime  SetupTime      Calls       Vars
  problem variables:       0.00          -          0          0
Branching Rules    :   ExecTime  SetupTime   BranchLP  BranchExt   BranchPS    Cutoffs    DomReds       Cuts      Conss   Children
  allfullstrong    :       0.00       0.00          0          0          0          0          0          0          0          0
  cloud            :       0.00       0.00          0          0          0          0          0          0          0          0
  distribution     :       0.00       0.00          0          0          0          0          0          0          0          0
  fullstrong       :       0.00       0.00          0          0          0          0          0          0          0          0
  inference        :       0.00       0.00          0          0          0          0          0          0          0          0
  leastinf         :       0.00       0.00          0          0          0          0          0          0          0          0
  lookahead        :       0.00       0.00          0          0          0          0          0          0          0          0
  mostinf          :       0.00       0.00          0          0          0          0          0          0          0          0
  multaggr         :       0.00       0.00          0          0          0          0          0          0          0          0
  nodereopt        :       0.00       0.00          0          0          0          0          0          0          0          0
  pscost           :       0.00       0.00          0          0          0          0          0          0          0          0
  random           :       0.00       0.00          0          0          0          0          0          0          0          0
  relpscost        :       0.14       0.00        797          0          0          0          0          0          0       1594
  vanillafullstrong:       0.00       0.00          0          0          0          0          0          0          0          0
Primal Heuristics  :   ExecTime  SetupTime      Calls      Found       Best
  LP solutions     :       0.00          -          -          0          0
  relax solutions  :       0.00          -          -          0          0
  pseudo solutions :       0.00          -          -          0          0
  strong branching :       0.00          -          -          0          0
  actconsdiving    :       0.00       0.00          0          0          0
  adaptivediving   :       0.07       0.00         30          0          0
  alns             :       0.01       0.00          1          0          0
  bound            :       0.00       0.00          0          0          0
  clique           :       0.00       0.00          1          0          0
  coefdiving       :       0.00       0.00          0          0          0
  completesol      :       0.00       0.00          0          0          0
  conflictdiving   :       0.03       0.00         15          0          0
  crossover        :       0.00       0.00          0          0          0
  dins             :       0.00       0.00          0          0          0
  distributiondivin:       0.06       0.00         15          0          0
  dps              :       0.00       0.00          0          0          0
  dualval          :       0.00       0.00          0          0          0
  farkasdiving     :       0.00       0.00          0          0          0
  feaspump         :       0.01       0.00          1          0          0
  fixandinfer      :       0.00       0.00          0          0          0
  fracdiving       :       0.03       0.00         15          0          0
  gins             :       0.00       0.00          0          0          0
  guideddiving     :       0.00       0.00          0          0          0
  indicator        :       0.00       0.00          0          0          0
  intdiving        :       0.00       0.00          0          0          0
  intshifting      :       0.00       0.00          0          0          0
  linesearchdiving :       0.04       0.00         15          0          0
  localbranching   :       0.00       0.00          0          0          0
  locks            :       0.00       0.00          1          0          0
  lpface           :       0.00       0.00          0          0          0
  mpec             :       0.00       0.00          0          0          0
  multistart       :       0.00       0.00          0          0          0
  mutation         :       0.00       0.00          0          0          0
  nlpdiving        :       0.00       0.00          0          0          0
  objpscostdiving  :       0.06       0.00          7          0          0
  octane           :       0.00       0.00          0          0          0
  ofins            :       0.00       0.00          0          0          0
  oneopt           :       0.00       0.00          0          0          0
  padm             :       0.00       0.00          0          0          0
  proximity        :       0.00       0.00          0          0          0
  pscostdiving     :       0.05       0.00         16          0          0
  randrounding     :       0.01       0.00         12          0          0
  rens             :       0.00       0.00          0          0          0
  reoptsols        :       0.00       0.00          0          0          0
  repair           :       0.00       0.00          0          0          0
  rins             :       0.00       0.00          0          0          0
  rootsoldiving    :       0.07       0.00          8          0          0
  rounding         :       0.02       0.00        422          0          0
  shiftandpropagate:       0.00       0.00          1          0          0
  shifting         :       0.02       0.00        205          0          0
  simplerounding   :       0.00       0.00          0          0          0
  subnlp           :       0.00       0.00          0          0          0
  trivial          :       0.00       0.00          2          0          0
  trivialnegation  :       0.00       0.00          0          0          0
  trustregion      :       0.00       0.00          0          0          0
  trysol           :       0.00       0.00          0          0          0
  twoopt           :       0.00       0.00          0          0          0
  undercover       :       0.00       0.00          0          0          0
  vbounds          :       0.00       0.00          1          0          0
  veclendiving     :       0.04       0.00         16          0          0
  zeroobj          :       0.00       0.00          0          0          0
  zirounding       :       0.01       0.00        797          0          0
  other solutions  :          -          -          -          0          -
LP                 :       Time      Calls Iterations  Iter/call   Iter/sec  Time-0-It Calls-0-It    ItLimit
  primal LP        :       0.09         96          0       0.00       0.00       0.09         96
  dual LP          :       2.01       1579      72716      46.20   36207.23       0.00          5
  lex dual LP      :       0.00          0          0       0.00          -
  barrier LP       :       0.00          0          0       0.00          -       0.00          0
  resolve instable :       0.00          0          0       0.00          -
  diving/probing LP:       0.24        220       7464      33.93   30503.53
  strong branching :       0.12         10       3888     388.80   32696.17          -          -          0
    (at root node) :          -         10       3888     388.80          -
  conflict analysis:       0.00          0          0       0.00          -
B&B Tree           :
  number of runs   :          1
  nodes            :       1475 (797 internal, 678 leaves)
  feasible leaves  :          0
  infeas. leaves   :        678
  objective leaves :          0
  nodes (total)    :       1475 (797 internal, 678 leaves)
  nodes left       :          0
  max depth        :         18
  max depth (total):         18
  backtracks       :        583 (39.5%)
  early backtracks :          0 (0.0%)
  nodes exc. ref.  :          0 (0.0%)
  delayed cutoffs  :        120
  repropagations   :        783 (9343 domain reductions, 94 cutoffs)
  avg switch length:       3.92
  switching time   :       0.24
Root Node          :
  First LP value   : +0.00000000000000e+00
  First LP Iters   :         82 (31333.59 Iter/sec)
  First LP Time    :       0.00
  Final Dual Bound : +0.00000000000000e+00
  Final Root Iters :       1582
  Root LP Estimate : +7.06313284834063e-03
Solution           :
  Solutions found  :          0 (0 improvements)
  Primal Bound     : infeasible
  Dual Bound       :          -
  Gap              :       0.00 %
Integrals          :      Total       Avg%
  primal-dual      :          -          - (problem infeasible)
  primal-ref       :          -          - (problem infeasible)
  dual-ref         :          -          - (problem infeasible)
written solution information to file <results/final_flowersnark__settings_final_moresymresack_norelabel__2__flowersnark15_3.cip.sol>
@04 1668043243
