FILENAME:   ../instances_new/flowersnark/flowersnark17_3.cip
SETTINGS:   settings_final_peek_relabel
TIMELIMIT:  7200
OUTPUTNAME: final_flowersnark__settings_final_peek_relabel__2__
BINNAME:    bin/sbcs.linux.x86_64.gnu.opt.cpx
BASENAME:   flowersnark17_3.cip
SEED:       2
@01 ../instances_new/flowersnark/flowersnark17_3.cip ===========
@02 flowersnark17_3.cip
@03 1667976714
SCIP version 8.0.2 [precision: 8 byte] [memory: block] [mode: optimized] [LP solver: CPLEX 20.1.0.0] [GitHash: 5f0473c]
Copyright (C) 2002-2022 Konrad-Zuse-Zentrum fuer Informationstechnik Berlin (ZIB)

Symretope propagation methods - (c) Jasper van Doornmalen, Christopher Hojny.
[GitHash: 2fd0484]

reading parameter file <../settings/settings_final_peek_relabel.set> ...

Changed settings:
limits/time = 7200
misc/usesymmetry = 1
randomization/randomseedshift = 2
constraints/orbisack/sepafreq = -1
constraints/symresack/sepafreq = -1
propagating/symmetry/addsymresacks = TRUE
propagating/symmetry/detectsubgroups = FALSE
propagating/symmetry/ofsymcomptiming = 0
constraints/symretope/sepafreq = -1


solving problem ...

original problem has 306 variables (306 bin, 0 int, 0 impl, 0 cont) and 306 constraints
presolving:
(round 1, exhaustive) 0 del vars, 0 del conss, 0 add conss, 0 chg bounds, 0 chg sides, 0 chg coeffs, 306 upgd conss, 0 impls, 306 clqs
   (0.0s) probing: 51/306 (16.7%) - 0 fixings, 0 aggregations, 0 implications, 0 bound changes
   (0.0s) probing aborted: 50/50 successive totally useless probings
   (0.0s) symmetry computation started: requiring (bin +, int +, cont +), (fixed: bin -, int -, cont -)
   (0.0s) symmetry computation finished: 5 generators found (max: 1500, log10 of symmetry group size: 2.6)
(round 2, exhaustive) 1 del vars, 0 del conss, 5 add conss, 0 chg bounds, 0 chg sides, 0 chg coeffs, 306 upgd conss, 0 impls, 306 clqs
(round 3, fast)       2 del vars, 1 del conss, 5 add conss, 0 chg bounds, 0 chg sides, 0 chg coeffs, 306 upgd conss, 0 impls, 305 clqs
   (0.0s) probing: 56/306 (18.3%) - 0 fixings, 0 aggregations, 0 implications, 0 bound changes
   (0.0s) probing aborted: 50/50 successive totally useless probings
presolving (4 rounds: 4 fast, 3 medium, 3 exhaustive):
 2 deleted vars, 1 deleted constraints, 5 added constraints, 0 tightened bounds, 0 added holes, 0 changed sides, 0 changed coefficients
 0 implications, 305 cliques
presolved problem has 304 variables (304 bin, 0 int, 0 impl, 0 cont) and 310 constraints
    305 constraints of type <setppc>
      2 constraints of type <orbisack>
      2 constraints of type <orbitope>
      1 constraints of type <symretope>
transformed objective value is always integral (scale: 1)
Presolving Time: 0.01

 time | node  | left  |LP iter|LP it/n|mem/heur|mdpt |vars |cons |rows |cuts |sepa|confs|strbr|  dualbound   | primalbound  |  gap   | compl. 
  0.0s|     1 |     0 |   250 |     - |  5216k |   0 | 304 | 366 | 340 |   0 |  0 |  57 |   0 | 0.000000e+00 |      --      |    Inf | unknown
  0.1s|     1 |     0 |   859 |     - |  5732k |   0 | 304 | 568 | 343 |   3 |  1 |  59 |   0 | 0.000000e+00 |      --      |    Inf | unknown
  0.1s|     1 |     0 |   917 |     - |  7760k |   0 | 304 | 569 | 346 |   6 |  2 |  60 |   0 | 0.000000e+00 |      --      |    Inf | unknown
  0.2s|     1 |     0 |  1006 |     - |  9628k |   0 | 304 | 570 | 349 |   9 |  3 |  61 |   0 | 0.000000e+00 |      --      |    Inf | unknown
  0.2s|     1 |     0 |  1132 |     - |    10M |   0 | 304 | 571 | 353 |  13 |  4 |  62 |   0 | 0.000000e+00 |      --      |    Inf | unknown
  0.2s|     1 |     0 |  1229 |     - |    13M |   0 | 304 | 572 | 356 |  16 |  5 |  63 |   0 | 0.000000e+00 |      --      |    Inf | unknown
  0.3s|     1 |     0 |  1290 |     - |    16M |   0 | 304 | 573 | 357 |  17 |  6 |  64 |   0 | 0.000000e+00 |      --      |    Inf | unknown
  0.3s|     1 |     0 |  1409 |     - |    16M |   0 | 304 | 574 | 359 |  19 |  7 |  65 |   0 | 0.000000e+00 |      --      |    Inf | unknown
  0.4s|     1 |     0 |  1550 |     - |    19M |   0 | 304 | 575 | 362 |  22 |  8 |  66 |   0 | 0.000000e+00 |      --      |    Inf | unknown
  0.4s|     1 |     0 |  1728 |     - |    20M |   0 | 304 | 576 | 365 |  25 |  9 |  67 |   0 | 0.000000e+00 |      --      |    Inf | unknown
  0.5s|     1 |     0 |  1822 |     - |    23M |   0 | 304 | 577 | 368 |  28 | 10 |  68 |   0 | 0.000000e+00 |      --      |    Inf | unknown
  0.5s|     1 |     0 |  2100 |     - |    23M |   0 | 304 | 577 | 334 |  30 | 11 |  69 |   0 | 0.000000e+00 |      --      |    Inf | unknown
  0.6s|     1 |     2 |  2261 |     - |    23M |   0 | 304 | 582 | 334 |  30 | 11 |  74 |  12 | 0.000000e+00 |      --      |    Inf | unknown
  1.1s|   100 |    19 |  7317 |  53.4 |    23M |  17 | 304 | 871 | 318 |  38 |  1 | 363 |  12 | 0.000000e+00 |      --      |    Inf |  19.04%
  1.3s|   200 |    15 | 11528 |  47.7 |    24M |  20 | 304 |1114 | 318 |  46 |  1 | 606 |  12 | 0.000000e+00 |      --      |    Inf |  19.26%
 time | node  | left  |LP iter|LP it/n|mem/heur|mdpt |vars |cons |rows |cuts |sepa|confs|strbr|  dualbound   | primalbound  |  gap   | compl. 
  1.6s|   300 |     9 | 17921 |  53.1 |    27M |  20 | 304 |1252 | 317 |  94 |  0 | 744 |  12 | 0.000000e+00 |      --      |    Inf |  20.73%
  2.5s|   400 |    19 | 22643 |  51.7 |    29M |  20 | 304 |1404 | 317 | 125 |  1 | 898 |  12 | 0.000000e+00 |      --      |    Inf |  39.16%
  3.0s|   500 |    19 | 28457 |  53.0 |    31M |  20 | 304 |1539 | 317 | 193 |  1 |1034 |  12 | 0.000000e+00 |      --      |    Inf |  41.89%
  3.3s|   600 |    15 | 32026 |  50.1 |    30M |  20 | 304 |1686 | 320 | 233 |  0 |1184 |  12 | 0.000000e+00 |      --      |    Inf |  42.67%
  3.9s|   700 |    25 | 37388 |  50.6 |    31M |  20 | 304 |1821 | 316 | 312 |  1 |1319 |  12 | 0.000000e+00 |      --      |    Inf |  45.90%
  4.4s|   800 |    17 | 41388 |  49.3 |    31M |  20 | 304 |1936 | 320 | 384 |  2 |1439 |  12 | 0.000000e+00 |      --      |    Inf |  50.59%
  4.7s|   900 |    19 | 46008 |  48.9 |    32M |  20 | 304 |2146 | 318 | 420 |  1 |1652 |  12 | 0.000000e+00 |      --      |    Inf |  51.34%
  5.2s|  1000 |    14 | 50585 |  48.6 |    32M |  20 | 304 |2274 | 318 | 464 |  0 |1802 |  12 | 0.000000e+00 |      --      |    Inf |  54.20%
  6.1s|  1100 |    38 | 57601 |  50.6 |    33M |  20 | 304 |2331 | 318 | 557 |  1 |1889 |  12 | 0.000000e+00 |      --      |    Inf |  57.15%
  6.4s|  1200 |    23 | 62285 |  50.3 |    33M |  20 | 304 |2453 | 316 | 593 |  1 |2055 |  12 | 0.000000e+00 |      --      |    Inf |  58.81%
  6.8s|  1300 |    25 | 67414 |  50.3 |    33M |  20 | 304 |2591 | 319 | 629 |  0 |2226 |  12 | 0.000000e+00 |      --      |    Inf |  59.77%
  7.3s|  1400 |    32 | 73547 |  51.1 |    34M |  20 | 304 |2691 | 316 | 655 |  1 |2401 |  12 | 0.000000e+00 |      --      |    Inf |  60.91%
  7.6s|  1500 |    34 | 77722 |  50.5 |    34M |  20 | 304 |2733 | 317 | 675 |  1 |2578 |  12 | 0.000000e+00 |      --      |    Inf |  61.77%
  8.0s|  1600 |    40 | 83171 |  50.7 |    34M |  20 | 304 |2831 | 321 | 733 |  0 |2749 |  12 | 0.000000e+00 |      --      |    Inf |  62.83%
  8.5s|  1700 |    60 | 88162 |  50.7 |    35M |  20 | 304 |2885 |   0 | 759 |  0 |3010 |  12 | 0.000000e+00 |      --      |    Inf |  63.24%
 time | node  | left  |LP iter|LP it/n|mem/heur|mdpt |vars |cons |rows |cuts |sepa|confs|strbr|  dualbound   | primalbound  |  gap   | compl. 
  8.9s|  1800 |    80 | 94063 |  51.2 |    35M |  20 | 304 |2879 | 317 | 798 |  1 |3285 |  12 | 0.000000e+00 |      --      |    Inf |  63.97%
  9.2s|  1900 |    74 | 98739 |  50.9 |    35M |  20 | 304 |2905 | 320 | 805 |  0 |3442 |  12 | 0.000000e+00 |      --      |    Inf |  64.47%
  9.4s|  2000 |    56 |103412 |  50.7 |    35M |  20 | 304 |2864 | 320 | 825 |  1 |3624 |  12 | 0.000000e+00 |      --      |    Inf |  65.19%
  9.7s|  2100 |    46 |107489 |  50.2 |    35M |  20 | 304 |2876 | 318 | 842 |  0 |3774 |  12 | 0.000000e+00 |      --      |    Inf |  65.76%
 10.2s|  2200 |    25 |111469 |  49.8 |    35M |  20 | 304 |2726 | 320 | 881 |  1 |3962 |  12 | 0.000000e+00 |      --      |    Inf |  70.87%
 10.5s|  2300 |    29 |115628 |  49.4 |    36M |  20 | 304 |2835 | 318 | 915 |  0 |4164 |  12 | 0.000000e+00 |      --      |    Inf |  71.61%
 10.9s|  2400 |    22 |119519 |  49.0 |    36M |  20 | 304 |2921 | 322 | 949 |  3 |4320 |  12 | 0.000000e+00 |      --      |    Inf |  72.90%
 11.4s|  2500 |    33 |124801 |  49.1 |    36M |  20 | 304 |3049 | 316 |1013 |  0 |4529 |  12 | 0.000000e+00 |      --      |    Inf |  74.63%
 12.0s|  2600 |    46 |130456 |  49.4 |    37M |  20 | 304 |3142 | 316 |1061 |  1 |4743 |  12 | 0.000000e+00 |      --      |    Inf |  75.83%
 12.4s|  2700 |    55 |136138 |  49.7 |    37M |  20 | 304 |3242 | 319 |1128 |  1 |4944 |  12 | 0.000000e+00 |      --      |    Inf |  76.98%
 12.7s|  2800 |    34 |139981 |  49.3 |    37M |  20 | 304 |3371 | 317 |1152 |  0 |5207 |  12 | 0.000000e+00 |      --      |    Inf |  77.96%
 13.1s|  2900 |    23 |143620 |  48.8 |    37M |  20 | 304 |3356 | 316 |1171 |  1 |5396 |  12 | 0.000000e+00 |      --      |    Inf |  79.46%
 13.5s|  3000 |    19 |147862 |  48.6 |    37M |  20 | 304 |3330 | 317 |1244 |  0 |5537 |  12 | 0.000000e+00 |      --      |    Inf |  81.92%
 13.9s|  3100 |    26 |151786 |  48.3 |    37M |  20 | 304 |3222 |   0 |1287 |  0 |5676 |  12 | 0.000000e+00 |      --      |    Inf |  82.59%
 14.4s|  3200 |    26 |156300 |  48.2 |    37M |  20 | 304 |3219 | 320 |1334 |  1 |5804 |  12 | 0.000000e+00 |      --      |    Inf |  84.34%
 time | node  | left  |LP iter|LP it/n|mem/heur|mdpt |vars |cons |rows |cuts |sepa|confs|strbr|  dualbound   | primalbound  |  gap   | compl. 
 14.7s|  3300 |    13 |160187 |  47.9 |    37M |  20 | 304 |3324 | 320 |1359 |  0 |6009 |  12 | 0.000000e+00 |      --      |    Inf |  85.69%
 14.9s|  3400 |    13 |163508 |  47.5 |    37M |  20 | 304 |3336 | 317 |1385 |  0 |6106 |  12 | 0.000000e+00 |      --      |    Inf |  86.17%
 15.5s|  3500 |     4 |168346 |  47.5 |    37M |  20 | 304 |3326 | 316 |1415 |  1 |6323 |  12 | 0.000000e+00 |      --      |    Inf |  90.62%
 16.1s|  3600 |    10 |173490 |  47.6 |    37M |  20 | 304 |3329 | 318 |1484 |  1 |6507 |  12 | 0.000000e+00 |      --      |    Inf |  93.14%
 16.6s|  3700 |    12 |179026 |  47.8 |    38M |  20 | 304 |3338 | 322 |1534 |  1 |6660 |  12 | 0.000000e+00 |      --      |    Inf |  95.90%
 16.9s|  3800 |    14 |183852 |  47.9 |    38M |  20 | 304 |3327 |   0 |1581 |  0 |6776 |  12 | 0.000000e+00 |      --      |    Inf |  96.59%
 17.2s|  3900 |    30 |189332 |  48.0 |    38M |  20 | 304 |3366 |   0 |1614 |  0 |6920 |  12 | 0.000000e+00 |      --      |    Inf |  96.97%
 17.6s|  4000 |    15 |193517 |  47.9 |    38M |  20 | 304 |3406 |   0 |1637 |  0 |7066 |  12 | 0.000000e+00 |      --      |    Inf |  97.61%
 17.9s|  4100 |     8 |197597 |  47.7 |    38M |  20 | 304 |3510 | 319 |1665 |  0 |7266 |  12 | 0.000000e+00 |      --      |    Inf |  98.24%
 18.3s|  4200 |     3 |202804 |  47.8 |    38M |  20 | 304 |3541 |   0 |1719 |  0 |7404 |  12 | 0.000000e+00 |      --      |    Inf |  99.63%

SCIP Status        : problem is solved [infeasible]
Solving Time (sec) : 18.39
Solving Nodes      : 4246
Primal Bound       : +1.00000000000000e+20 (0 solutions)
Dual Bound         : +1.00000000000000e+20
Gap                : 0.00 %
SCIP Status        : problem is solved [infeasible]
Total Time         :      18.39
  solving          :      18.39
  presolving       :       0.01 (included in solving)
  reading          :       0.00
  copying          :       0.21 (32 #copies) (minimal 0.00, maximal 0.01, average 0.01)
Original Problem   :
  Problem name     : model
  Variables        : 306 (306 binary, 0 integer, 0 implicit integer, 0 continuous)
  Constraints      : 306 initial, 306 maximal
  Objective        : minimize, 0 non-zeros (abs.min = 1e+20, abs.max = -1e+20)
Presolved Problem  :
  Problem name     : t_model
  Variables        : 304 (304 binary, 0 integer, 0 implicit integer, 0 continuous)
  Constraints      : 310 initial, 3572 maximal
  Objective        : minimize, 0 non-zeros (abs.min = 1e+20, abs.max = -1e+20)
  Nonzeros         : 2125 constraint, 912 clique table
Presolvers         :   ExecTime  SetupTime  Calls  FixedVars   AggrVars   ChgTypes  ChgBounds   AddHoles    DelCons    AddCons   ChgSides   ChgCoefs
  boundshift       :       0.00       0.00      0          0          0          0          0          0          0          0          0          0
  convertinttobin  :       0.00       0.00      0          0          0          0          0          0          0          0          0          0
  domcol           :       0.00       0.00      2          0          0          0          0          0          0          0          0          0
  dualagg          :       0.00       0.00      0          0          0          0          0          0          0          0          0          0
  dualcomp         :       0.00       0.00      0          0          0          0          0          0          0          0          0          0
  dualinfer        :       0.00       0.00      0          0          0          0          0          0          0          0          0          0
  dualsparsify     :       0.00       0.00      1          0          0          0          0          0          0          0          0          0
  gateextraction   :       0.00       0.00      0          0          0          0          0          0          0          0          0          0
  implics          :       0.00       0.00      3          0          0          0          0          0          0          0          0          0
  inttobinary      :       0.00       0.00      0          0          0          0          0          0          0          0          0          0
  qpkktref         :       0.00       0.00      0          0          0          0          0          0          0          0          0          0
  redvub           :       0.00       0.00      0          0          0          0          0          0          0          0          0          0
  sparsify         :       0.00       0.00      1          0          0          0          0          0          0          0          0          0
  stuffing         :       0.00       0.00      0          0          0          0          0          0          0          0          0          0
  trivial          :       0.00       0.00      4          0          0          0          0          0          0          0          0          0
  tworowbnd        :       0.00       0.00      0          0          0          0          0          0          0          0          0          0
  dualfix          :       0.00       0.00      4          0          0          0          0          0          0          0          0          0
  genvbounds       :       0.00       0.00      0          0          0          0          0          0          0          0          0          0
  probing          :       0.00       0.00      2          0          0          0          0          0          0          0          0          0
  pseudoobj        :       0.00       0.00      0          0          0          0          0          0          0          0          0          0
  symmetry         :       0.00       0.00      1          1          0          0          0          0          0          5          0          0
  vbounds          :       0.00       0.00      1          0          0          0          0          0          0          0          0          0
  knapsack         :       0.00       0.00      0          0          0          0          0          0          0          0          0          0
  setppc           :       0.00       0.00      7          0          1          0          0          0          1          0          0          0
  linear           :       0.00       0.00      2          0          0          0          0          0          0          0          0          0
  orbisack         :       0.00       0.00      1          0          0          0          0          0          0          0          0          0
  orbitope         :       0.00       0.00      1          0          0          0          0          0          0          0          0          0
  symretope        :       0.00       0.00      1          0          0          0          0          0          0          0          0          0
  logicor          :       0.00       0.00      0          0          0          0          0          0          0          0          0          0
  benders          :       0.00       0.00      0          0          0          0          0          0          0          0          0          0
  components       :       0.00       0.00      1          0          0          0          0          0          0          0          0          0
  root node        :          -          -      -          4          -          -          4          -          -          -          -          -
Constraints        :     Number  MaxNumber  #Separate #Propagate    #EnfoLP    #EnfoRelax  #EnfoPS    #Check   #ResProp    Cutoffs    DomReds       Cuts    Applied      Conss   Children
  benderslp        :          0          0          0          0       2278          0          0          7          0          0          0          0          0          0          0
  integral         :          0          0          0          0       2278          0          0          7          0          0          0          0          0          0       4556
  knapsack         :          0+        77          0      42433          0          0          0          0       5314        142       8693          0          0          0          0
  setppc           :        305+       312         11      42604          0          0          0          3     129261        732     109033          0          0          0          0
  linear           :          0+       225         11      41453          0          0          0          0       4483         73       5755          0          0          0          0
  orbisack         :          2          2          0          5          0          0          0          0          1          1          0          0          0          0          0
  orbitope         :          2          2          0      41698          0          0          0          0       2068          8        326          0          0          0          0
  symretope        :          1          1          0       3233          0          0          0          0       2953         82        840          0          0          0          0
  logicor          :          0+      3161         11      29000          0          0          0          0      18442        135      13669          0          0          0          0
  benders          :          0          0          0          0          0          0          0          0          0          0          0          0          0          0          0
  countsols        :          0          0          0          0          0          0          0          0          0          0          0          0          0          0          0
  components       :          0          0          0          0          0          0          0          0          0          0          0          0          0          0          0
Constraint Timings :  TotalTime  SetupTime   Separate  Propagate     EnfoLP     EnfoPS     EnfoRelax   Check    ResProp    SB-Prop
  benderslp        :       0.00       0.00       0.00       0.00       0.00       0.00       0.00       0.00       0.00       0.00
  integral         :       0.14       0.00       0.00       0.00       0.14       0.00       0.00       0.00       0.00       0.00
  knapsack         :       0.18       0.00       0.00       0.16       0.00       0.00       0.00       0.00       0.01       0.00
  setppc           :       0.70       0.00       0.00       0.65       0.00       0.00       0.00       0.00       0.05       0.00
  linear           :       0.11       0.00       0.00       0.11       0.00       0.00       0.00       0.00       0.01       0.00
  orbisack         :       0.00       0.00       0.00       0.00       0.00       0.00       0.00       0.00       0.00       0.00
  orbitope         :       0.12       0.00       0.00       0.10       0.00       0.00       0.00       0.00       0.02       0.00
  symretope        :       0.61       0.00       0.00       0.17       0.00       0.00       0.00       0.00       0.43       0.00
  logicor          :       0.43       0.00       0.00       0.41       0.00       0.00       0.00       0.00       0.02       0.00
  benders          :       0.00       0.00       0.00       0.00       0.00       0.00       0.00       0.00       0.00       0.00
  countsols        :       0.00       0.00       0.00       0.00       0.00       0.00       0.00       0.00       0.00       0.00
  components       :       0.00       0.00       0.00       0.00       0.00       0.00       0.00       0.00       0.00       0.00
Propagators        : #Propagate   #ResProp    Cutoffs    DomReds
  dualfix          :          1          0          0          0
  genvbounds       :          0          0          0          0
  nlobbt           :          0          0          0          0
  obbt             :          0          0          0          0
  probing          :          0          0          0          0
  pseudoobj        :          0          0          0          0
  redcost          :          0          0          0          0
  rootredcost      :          0          0          0          0
  symmetry         :          0          0          0          0
  vbounds          :      31887          0          0          0
Propagator Timings :  TotalTime  SetupTime   Presolve  Propagate    ResProp    SB-Prop
  dualfix          :       0.00       0.00       0.00       0.00       0.00       0.00
  genvbounds       :       0.00       0.00       0.00       0.00       0.00       0.00
  nlobbt           :       0.00       0.00       0.00       0.00       0.00       0.00
  obbt             :       0.00       0.00       0.00       0.00       0.00       0.00
  probing          :       0.00       0.00       0.00       0.00       0.00       0.00
  pseudoobj        :       0.00       0.00       0.00       0.00       0.00       0.00
  redcost          :       0.00       0.00       0.00       0.00       0.00       0.00
  rootredcost      :       0.00       0.00       0.00       0.00       0.00       0.00
  symmetry         :       0.01       0.00       0.00       0.00       0.00       0.00
  vbounds          :       0.05       0.00       0.00       0.05       0.00       0.00
Orbital fixing     :
  vars fixed to 0  :          0
  vars fixed to 1  :          0
Conflict Analysis  :       Time      Calls    Success    DomReds  Conflicts   Literals    Reconvs ReconvLits   Dualrays   Nonzeros   LP Iters   (pool size: [10000,10000])
  propagation      :       0.28       1123       1042          -       5440       27.3         81        7.1          -          -          -
  infeasible LP    :       0.54       1399       1091          -       7547       24.2         27        7.9        278       32.1          0
  bound exceed. LP :       0.00          0          0          -          0        0.0          0        0.0          0        0.0          0
  strong branching :       0.00          0          0          -          0        0.0          0        0.0          -          -          0
  pseudo solution  :       0.00          0          0          -          0        0.0          0        0.0          -          -          -
  applied globally :       0.04          -          -          0       7164       19.4          -          -        238          -          -
  applied locally  :          -          -          -          0         42       37.9          -          -         40          -          -
Separators         :   ExecTime  SetupTime      Calls  RootCalls    Cutoffs    DomReds  FoundCuts ViaPoolAdd  DirectAdd    Applied ViaPoolApp  DirectApp      Conss
  cut pool         :       1.25          -       1351         21          -          -      19619       7195          -          -          -          -          -    (maximal pool size:       3351)
  aggregation      :       0.23       0.00        764         11          0          0          2          0          1          1          0          1          0
  > cmir           :          -          -          -          -          -          -          -          0          0          0          0          0          -
  > flowcover      :          -          -          -          -          -          -          -          0          0          0          0          0          -
  > knapsackcover  :          -          -          -          -          -          -          -          0          1          1          0          1          -
  cgmip            :       0.00       0.00          0          0          0          0          0          0          0          0          0          0          0
  clique           :       0.01       0.00         11         11          0          0          0          0          0          0          0          0          0
  closecuts        :       0.00       0.00          0          0          0          0          0          0          0          0          0          0          0
  convexproj       :       0.00       0.00          0          0          0          0          0          0          0          0          0          0          0
  disjunctive      :       0.00       0.00          0          0          0          0          0          0          0          0          0          0          0
  eccuts           :       0.00       0.00          0          0          0          0          0          0          0          0          0          0          0
  gauge            :       0.00       0.00          0          0          0          0          0          0          0          0          0          0          0
  gomory           :       2.66       0.00        763         10          0          0      31289       7122      11740        893        607        286          0
  > gomorymi       :          -          -          -          -          -          -          -       1286       5870        201         54        147          -
  > strongcg       :          -          -          -          -          -          -          -       5836       5870        692        553        139          -
  impliedbounds    :       0.01       0.00        764         11          0          0          0          0          0          0          0          0          0
  interminor       :       0.00       0.00          0          0          0          0          0          0          0          0          0          0          0
  intobj           :       0.00       0.00          0          0          0          0          0          0          0          0          0          0          0
  mcf              :       0.00       0.00          1          1          0          0          0          0          0          0          0          0          0
  minor            :       0.00       0.00          0          0          0          0          0          0          0          0          0          0          0
  mixing           :       0.00       0.00          0          0          0          0          0          0          0          0          0          0          0
  oddcycle         :       0.00       0.00          0          0          0          0          0          0          0          0          0          0          0
  rapidlearning    :       3.65       0.00         31          1          0       1704          0          0          0          0          0          0        480
  rlt              :       0.00       0.00         10         10          0          0          0          0          0          0          0          0          0
  zerohalf         :       0.41       0.00        764         11          0          0       1054         73        985        834         65        769          0
Cutselectors       :   ExecTime  SetupTime      Calls  RootCalls   Selected     Forced   Filtered  RootSelec   RootForc   RootFilt 
  hybrid           :       0.02       0.00        763         11       1728          0      18193         30          0       1159
Pricers            :   ExecTime  SetupTime      Calls       Vars
  problem variables:       0.00          -          0          0
Branching Rules    :   ExecTime  SetupTime   BranchLP  BranchExt   BranchPS    Cutoffs    DomReds       Cuts      Conss   Children
  allfullstrong    :       0.00       0.00          0          0          0          0          0          0          0          0
  cloud            :       0.00       0.00          0          0          0          0          0          0          0          0
  distribution     :       0.00       0.00          0          0          0          0          0          0          0          0
  fullstrong       :       0.00       0.00          0          0          0          0          0          0          0          0
  inference        :       0.00       0.00          0          0          0          0          0          0          0          0
  leastinf         :       0.00       0.00          0          0          0          0          0          0          0          0
  lookahead        :       0.00       0.00          0          0          0          0          0          0          0          0
  mostinf          :       0.00       0.00          0          0          0          0          0          0          0          0
  multaggr         :       0.00       0.00          0          0          0          0          0          0          0          0
  nodereopt        :       0.00       0.00          0          0          0          0          0          0          0          0
  pscost           :       0.00       0.00          0          0          0          0          0          0          0          0
  random           :       0.00       0.00          0          0          0          0          0          0          0          0
  relpscost        :       0.13       0.00       2278          0          0          0          0          0          0       4556
  vanillafullstrong:       0.00       0.00          0          0          0          0          0          0          0          0
Primal Heuristics  :   ExecTime  SetupTime      Calls      Found       Best
  LP solutions     :       0.00          -          -          0          0
  relax solutions  :       0.00          -          -          0          0
  pseudo solutions :       0.00          -          -          0          0
  strong branching :       0.00          -          -          0          0
  actconsdiving    :       0.00       0.00          0          0          0
  adaptivediving   :       0.09       0.00         29          0          0
  alns             :       0.01       0.00          1          0          0
  bound            :       0.00       0.00          0          0          0
  clique           :       0.00       0.00          1          0          0
  coefdiving       :       0.00       0.00          0          0          0
  completesol      :       0.00       0.00          0          0          0
  conflictdiving   :       0.05       0.00         15          0          0
  crossover        :       0.00       0.00          0          0          0
  dins             :       0.00       0.00          0          0          0
  distributiondivin:       0.08       0.00         15          0          0
  dps              :       0.00       0.00          0          0          0
  dualval          :       0.00       0.00          0          0          0
  farkasdiving     :       0.00       0.00          0          0          0
  feaspump         :       0.02       0.00          1          0          0
  fixandinfer      :       0.00       0.00          0          0          0
  fracdiving       :       0.05       0.00         15          0          0
  gins             :       0.00       0.00          0          0          0
  guideddiving     :       0.00       0.00          0          0          0
  indicator        :       0.00       0.00          0          0          0
  intdiving        :       0.00       0.00          0          0          0
  intshifting      :       0.00       0.00          0          0          0
  linesearchdiving :       0.04       0.00         15          0          0
  localbranching   :       0.00       0.00          0          0          0
  locks            :       0.00       0.00          1          0          0
  lpface           :       0.00       0.00          0          0          0
  mpec             :       0.00       0.00          0          0          0
  multistart       :       0.00       0.00          0          0          0
  mutation         :       0.00       0.00          0          0          0
  nlpdiving        :       0.00       0.00          0          0          0
  objpscostdiving  :       0.05       0.00          8          0          0
  octane           :       0.00       0.00          0          0          0
  ofins            :       0.00       0.00          0          0          0
  oneopt           :       0.00       0.00          0          0          0
  padm             :       0.00       0.00          0          0          0
  proximity        :       0.00       0.00          0          0          0
  pscostdiving     :       0.04       0.00         15          0          0
  randrounding     :       0.02       0.00         12          0          0
  rens             :       0.00       0.00          0          0          0
  reoptsols        :       0.00       0.00          0          0          0
  repair           :       0.00       0.00          0          0          0
  rins             :       0.00       0.00          0          0          0
  rootsoldiving    :       0.08       0.00          8          0          0
  rounding         :       0.04       0.00        741          0          0
  shiftandpropagate:       0.00       0.00          1          0          0
  shifting         :       0.04       0.00        393          0          0
  simplerounding   :       0.00       0.00          0          0          0
  subnlp           :       0.00       0.00          0          0          0
  trivial          :       0.00       0.00          2          0          0
  trivialnegation  :       0.00       0.00          0          0          0
  trustregion      :       0.00       0.00          0          0          0
  trysol           :       0.00       0.00          0          0          0
  twoopt           :       0.00       0.00          0          0          0
  undercover       :       0.00       0.00          0          0          0
  vbounds          :       0.00       0.00          1          0          0
  veclendiving     :       0.03       0.00         15          0          0
  zeroobj          :       0.00       0.00          0          0          0
  zirounding       :       0.01       0.00       1000          0          0
  other solutions  :          -          -          -          0          -
LP                 :       Time      Calls Iterations  Iter/call   Iter/sec  Time-0-It Calls-0-It    ItLimit
  primal LP        :       0.29        300          0       0.00       0.00       0.29        300
  dual LP          :       5.60       4429     198346      45.03   35437.29       0.01         24
  lex dual LP      :       0.00          0          0       0.00          -
  barrier LP       :       0.00          0          0       0.00          -       0.00          0
  resolve instable :       0.00          0          0       0.00          -
  diving/probing LP:       0.23        180       6201      34.45   27151.52
  strong branching :       0.06         12       1660     138.33   27383.25          -          -          0
    (at root node) :          -         12       1660     138.33          -
  conflict analysis:       0.00          0          0       0.00          -
B&B Tree           :
  number of runs   :          1
  nodes            :       4246 (2278 internal, 1968 leaves)
  feasible leaves  :          0
  infeas. leaves   :       1968
  objective leaves :          0
  nodes (total)    :       4246 (2278 internal, 1968 leaves)
  nodes left       :          0
  max depth        :         20
  max depth (total):         20
  backtracks       :       1288 (30.3%)
  early backtracks :          0 (0.0%)
  nodes exc. ref.  :          0 (0.0%)
  delayed cutoffs  :        311
  repropagations   :       2118 (37928 domain reductions, 276 cutoffs)
  avg switch length:       3.55
  switching time   :       0.90
Root Node          :
  First LP value   : +0.00000000000000e+00
  First LP Iters   :        180 (56390.98 Iter/sec)
  First LP Time    :       0.00
  Final Dual Bound : +0.00000000000000e+00
  Final Root Iters :       2030
  Root LP Estimate : +8.96427774047480e-03
Solution           :
  Solutions found  :          0 (0 improvements)
  Primal Bound     : infeasible
  Dual Bound       :          -
  Gap              :       0.00 %
Integrals          :      Total       Avg%
  primal-dual      :          -          - (problem infeasible)
  primal-ref       :          -          - (problem infeasible)
  dual-ref         :          -          - (problem infeasible)
written solution information to file <results/final_flowersnark__settings_final_peek_relabel__2__flowersnark17_3.cip.sol>
@04 1667976732
