FILENAME:   ../instances_new/flowersnark/flowersnark21_3.cip
SETTINGS:   settings_final_moresymresack_relabel_respect
TIMELIMIT:  7200
OUTPUTNAME: final_flowersnark__settings_final_moresymresack_relabel_respect__0__
BINNAME:    bin/sbcs.linux.x86_64.gnu.opt.cpx
BASENAME:   flowersnark21_3.cip
SEED:       0
@01 ../instances_new/flowersnark/flowersnark21_3.cip ===========
@02 flowersnark21_3.cip
@03 1667993360
SCIP version 8.0.2 [precision: 8 byte] [memory: block] [mode: optimized] [LP solver: CPLEX 20.1.0.0] [GitHash: 5f0473c]
Copyright (C) 2002-2022 Konrad-Zuse-Zentrum fuer Informationstechnik Berlin (ZIB)

Symretope propagation methods - (c) Jasper van Doornmalen, Christopher Hojny.
[GitHash: 8113d1c]

reading parameter file <../settings/settings_final_moresymresack_relabel_respect.set> ...

Changed settings:
limits/time = 7200
misc/usesymmetry = 1
constraints/orbisack/sepafreq = -1
constraints/symresack/sepafreq = -1
propagating/symmetry/addsymresacks = TRUE
propagating/symmetry/detectsubgroups = FALSE
propagating/symmetry/usesymretopes = FALSE
propagating/symmetry/relabelsymretopes = 3
propagating/symmetry/addmoresymresacks = TRUE
propagating/symmetry/ofsymcomptiming = 0
constraints/symretope/sepafreq = -1
constraints/symretope/peek = FALSE


solving problem ...

original problem has 378 variables (378 bin, 0 int, 0 impl, 0 cont) and 378 constraints
presolving:
(round 1, exhaustive) 0 del vars, 0 del conss, 0 add conss, 0 chg bounds, 0 chg sides, 0 chg coeffs, 378 upgd conss, 0 impls, 378 clqs
   (0.0s) probing: 51/378 (13.5%) - 0 fixings, 0 aggregations, 0 implications, 0 bound changes
   (0.0s) probing aborted: 50/50 successive totally useless probings
   (0.0s) symmetry computation started: requiring (bin +, int +, cont +), (fixed: bin -, int -, cont -)
   (0.0s) symmetry computation finished: 5 generators found (max: 1500, log10 of symmetry group size: 2.7)
(round 2, exhaustive) 7 del vars, 0 del conss, 45 add conss, 0 chg bounds, 0 chg sides, 0 chg coeffs, 378 upgd conss, 0 impls, 375 clqs
(round 3, fast)       16 del vars, 7 del conss, 45 add conss, 0 chg bounds, 0 chg sides, 0 chg coeffs, 378 upgd conss, 0 impls, 371 clqs
(round 4, medium)     17 del vars, 7 del conss, 45 add conss, 0 chg bounds, 0 chg sides, 0 chg coeffs, 378 upgd conss, 0 impls, 371 clqs
(round 5, fast)       18 del vars, 8 del conss, 45 add conss, 0 chg bounds, 0 chg sides, 0 chg coeffs, 378 upgd conss, 0 impls, 370 clqs
   (0.0s) probing: 56/378 (14.8%) - 0 fixings, 0 aggregations, 0 implications, 0 bound changes
   (0.0s) probing aborted: 50/50 successive totally useless probings
presolving (6 rounds: 6 fast, 4 medium, 3 exhaustive):
 18 deleted vars, 8 deleted constraints, 45 added constraints, 0 tightened bounds, 0 added holes, 0 changed sides, 0 changed coefficients
 0 implications, 370 cliques
presolved problem has 365 variables (365 bin, 0 int, 0 impl, 0 cont) and 415 constraints
    370 constraints of type <setppc>
      3 constraints of type <orbisack>
      2 constraints of type <orbitope>
     40 constraints of type <symresack>
transformed objective value is always integral (scale: 1)
Presolving Time: 0.02

 time | node  | left  |LP iter|LP it/n|mem/heur|mdpt |vars |cons |rows |cuts |sepa|confs|strbr|  dualbound   | primalbound  |  gap   | compl. 
  0.0s|     1 |     0 |   245 |     - |  7262k |   0 | 365 | 462 | 371 |   0 |  0 |  46 |   0 | 0.000000e+00 |      --      |    Inf | unknown
  0.2s|     1 |     0 |   534 |     - |  8738k |   0 | 365 | 664 | 374 |   3 |  1 |  48 |   0 | 0.000000e+00 |      --      |    Inf | unknown
  0.2s|     1 |     0 |   625 |     - |    10M |   0 | 365 | 665 | 378 |   7 |  2 |  49 |   0 | 0.000000e+00 |      --      |    Inf | unknown
  0.2s|     1 |     0 |   699 |     - |    12M |   0 | 365 | 666 | 383 |  12 |  4 |  50 |   0 | 0.000000e+00 |      --      |    Inf | unknown
  0.3s|     1 |     0 |   782 |     - |    14M |   0 | 365 | 667 | 385 |  14 |  5 |  51 |   0 | 0.000000e+00 |      --      |    Inf | unknown
  0.3s|     1 |     0 |   891 |     - |    14M |   0 | 365 | 668 | 389 |  18 |  6 |  52 |   0 | 0.000000e+00 |      --      |    Inf | unknown
  0.3s|     1 |     0 |  1032 |     - |    15M |   0 | 365 | 669 | 393 |  22 |  7 |  53 |   0 | 0.000000e+00 |      --      |    Inf | unknown
  0.4s|     1 |     0 |  1147 |     - |    19M |   0 | 365 | 670 | 396 |  25 |  8 |  54 |   0 | 0.000000e+00 |      --      |    Inf | unknown
  0.5s|     1 |     0 |  1287 |     - |    23M |   0 | 365 | 671 | 397 |  26 |  9 |  55 |   0 | 0.000000e+00 |      --      |    Inf | unknown
  0.5s|     1 |     0 |  1401 |     - |    23M |   0 | 365 | 672 | 400 |  29 | 10 |  56 |   0 | 0.000000e+00 |      --      |    Inf | unknown
  0.5s|     1 |     0 |  1492 |     - |    27M |   0 | 365 | 673 | 404 |  33 | 11 |  57 |   0 | 0.000000e+00 |      --      |    Inf | unknown
  0.7s|     1 |     2 |  1980 |     - |    27M |   0 | 365 | 684 | 404 |  33 | 11 |  68 |  11 | 0.000000e+00 |      --      |    Inf | unknown
  1.4s|   100 |    39 |  9391 |  79.8 |    28M |  20 | 365 | 990 | 383 |  46 |  0 | 378 |  11 | 0.000000e+00 |      --      |    Inf | unknown
  1.6s|   200 |    27 | 12908 |  57.4 |    28M |  20 | 365 |1297 | 386 |  50 |  1 | 688 |  11 | 0.000000e+00 |      --      |    Inf | unknown
  1.9s|   300 |    36 | 17257 |  52.7 |    29M |  20 | 365 |1551 | 384 |  77 |  1 | 945 |  11 | 0.000000e+00 |      --      |    Inf |   0.75%
 time | node  | left  |LP iter|LP it/n|mem/heur|mdpt |vars |cons |rows |cuts |sepa|confs|strbr|  dualbound   | primalbound  |  gap   | compl. 
  2.2s|   400 |    32 | 20482 |  47.6 |    32M |  20 | 365 |1839 | 383 |  84 |  1 |1241 |  11 | 0.000000e+00 |      --      |    Inf |   1.05%
  2.4s|   500 |    35 | 23750 |  44.6 |    32M |  20 | 365 |2071 | 383 |  91 |  1 |1483 |  11 | 0.000000e+00 |      --      |    Inf |   1.43%
  2.7s|   600 |    29 | 28540 |  45.2 |    33M |  20 | 365 |2425 | 383 | 100 |  0 |1842 |  11 | 0.000000e+00 |      --      |    Inf |   1.65%
  3.0s|   700 |    50 | 31751 |  43.3 |    35M |  20 | 365 |2734 | 383 | 110 |  1 |2173 |  11 | 0.000000e+00 |      --      |    Inf |   1.89%
  3.2s|   800 |    57 | 36383 |  43.7 |    35M |  20 | 365 |2983 | 383 | 110 |  0 |2459 |  11 | 0.000000e+00 |      --      |    Inf |   1.95%
  3.5s|   900 |    48 | 41442 |  44.4 |    35M |  20 | 365 |3230 | 383 | 120 |  1 |2750 |  11 | 0.000000e+00 |      --      |    Inf |   2.14%
Restart triggered after 50 consecutive estimations that the remaining tree will be large
(run 1, node 937) performing user restart

(restart) converted 11 cuts from the global cut pool into linear constraints

presolving:
(round 1, fast)       2 del vars, 52 del conss, 0 add conss, 0 chg bounds, 0 chg sides, 3 chg coeffs, 0 upgd conss, 0 impls, 376 clqs
(round 2, medium)     5 del vars, 52 del conss, 0 add conss, 0 chg bounds, 0 chg sides, 3 chg coeffs, 0 upgd conss, 0 impls, 370 clqs
(round 3, fast)       5 del vars, 58 del conss, 0 add conss, 0 chg bounds, 0 chg sides, 3 chg coeffs, 0 upgd conss, 0 impls, 370 clqs
(round 4, exhaustive) 5 del vars, 66 del conss, 4 add conss, 0 chg bounds, 0 chg sides, 3 chg coeffs, 0 upgd conss, 0 impls, 370 clqs
(round 5, exhaustive) 5 del vars, 69 del conss, 4 add conss, 0 chg bounds, 0 chg sides, 3 chg coeffs, 0 upgd conss, 0 impls, 370 clqs
(round 6, exhaustive) 5 del vars, 77 del conss, 4 add conss, 0 chg bounds, 7 chg sides, 3 chg coeffs, 0 upgd conss, 0 impls, 370 clqs
(round 7, exhaustive) 5 del vars, 77 del conss, 4 add conss, 0 chg bounds, 7 chg sides, 3 chg coeffs, 203 upgd conss, 0 impls, 370 clqs
(round 8, exhaustive) 5 del vars, 83 del conss, 7 add conss, 0 chg bounds, 7 chg sides, 3 chg coeffs, 203 upgd conss, 0 impls, 370 clqs
(round 9, exhaustive) 5 del vars, 468 del conss, 7 add conss, 0 chg bounds, 7 chg sides, 614 chg coeffs, 203 upgd conss, 0 impls, 370 clqs
(round 10, exhaustive) 5 del vars, 483 del conss, 7 add conss, 0 chg bounds, 7 chg sides, 614 chg coeffs, 203 upgd conss, 0 impls, 370 clqs
(round 11, exhaustive) 5 del vars, 483 del conss, 7 add conss, 0 chg bounds, 7 chg sides, 1594 chg coeffs, 203 upgd conss, 0 impls, 370 clqs
(round 12, exhaustive) 5 del vars, 499 del conss, 7 add conss, 0 chg bounds, 7 chg sides, 1603 chg coeffs, 203 upgd conss, 0 impls, 370 clqs
presolving (13 rounds: 13 fast, 11 medium, 10 exhaustive):
 5 deleted vars, 499 deleted constraints, 7 added constraints, 0 tightened bounds, 0 added holes, 7 changed sides, 1603 changed coefficients
 0 implications, 370 cliques
presolved problem has 360 variables (360 bin, 0 int, 0 impl, 0 cont) and 2769 constraints
     76 constraints of type <knapsack>
    366 constraints of type <setppc>
     21 constraints of type <linear>
      3 constraints of type <orbisack>
      2 constraints of type <orbitope>
     40 constraints of type <symresack>
   2261 constraints of type <logicor>
transformed objective value is always integral (scale: 1)
Presolving Time: 0.16

 time | node  | left  |LP iter|LP it/n|mem/heur|mdpt |vars |cons |rows |cuts |sepa|confs|strbr|  dualbound   | primalbound  |  gap   | compl. 
  3.8s|     1 |     0 | 42822 |     - |    40M |   0 | 360 |2788 | 376 |   0 |  0 |2824 |  11 | 0.000000e+00 |      --      |    Inf | unknown
  4.1s|     1 |     0 | 42916 |     - |    40M |   0 | 360 |2806 | 378 |   2 |  1 |2825 |  11 | 0.000000e+00 |      --      |    Inf | unknown
  4.2s|     1 |     0 | 43006 |     - |    40M |   0 | 360 |2811 | 384 |   8 |  2 |2830 |  11 | 0.000000e+00 |      --      |    Inf | unknown
  4.2s|     1 |     0 | 43074 |     - |    40M |   0 | 360 |2815 | 389 |  13 |  3 |2834 |  11 | 0.000000e+00 |      --      |    Inf | unknown
  4.3s|     1 |     0 | 43141 |     - |    40M |   0 | 360 |2816 | 392 |  16 |  4 |2835 |  11 | 0.000000e+00 |      --      |    Inf | unknown
  4.3s|     1 |     0 | 43281 |     - |    40M |   0 | 360 |2817 | 396 |  20 |  5 |2836 |  11 | 0.000000e+00 |      --      |    Inf | unknown
  4.3s|     1 |     0 | 43390 |     - |    40M |   0 | 360 |2819 | 400 |  24 |  6 |2838 |  11 | 0.000000e+00 |      --      |    Inf | unknown
  4.4s|     1 |     0 | 43483 |     - |    40M |   0 | 360 |2820 | 403 |  27 |  7 |2839 |  11 | 0.000000e+00 |      --      |    Inf | unknown
  4.4s|     1 |     0 | 43560 |     - |    41M |   0 | 360 |2823 | 406 |  30 |  8 |2842 |  11 | 0.000000e+00 |      --      |    Inf | unknown
  4.5s|     1 |     0 | 43672 |     - |    42M |   0 | 360 |2824 | 409 |  33 |  9 |2843 |  11 | 0.000000e+00 |      --      |    Inf | unknown
  4.6s|     1 |     0 | 43756 |     - |    44M |   0 | 360 |2825 | 411 |  35 | 10 |2844 |  11 | 0.000000e+00 |      --      |    Inf | unknown
  4.6s|     1 |     0 | 43836 |     - |    44M |   0 | 360 |2826 | 414 |  38 | 11 |2845 |  11 | 0.000000e+00 |      --      |    Inf | unknown
  4.6s|     1 |     0 | 43896 |     - |    44M |   0 | 360 |2827 | 416 |  40 | 12 |2846 |  11 | 0.000000e+00 |      --      |    Inf | unknown
  4.7s|     1 |     0 | 43958 |     - |    44M |   0 | 360 |2830 | 418 |  42 | 13 |2849 |  11 | 0.000000e+00 |      --      |    Inf | unknown
  4.7s|     1 |     0 | 44067 |     - |    44M |   0 | 360 |2832 | 397 |  44 | 14 |2851 |  11 | 0.000000e+00 |      --      |    Inf | unknown
 time | node  | left  |LP iter|LP it/n|mem/heur|mdpt |vars |cons |rows |cuts |sepa|confs|strbr|  dualbound   | primalbound  |  gap   | compl. 
  4.9s|     1 |     2 | 44072 |     - |    44M |   0 | 360 |2843 | 397 |  44 | 14 |2862 |  22 | 0.000000e+00 |      --      |    Inf | unknown
  6.3s|   100 |    87 | 53653 |  48.8 |    45M |  14 | 360 |3144 |   0 | 141 |  0 |3205 |  22 | 0.000000e+00 |      --      |    Inf | unknown
  7.1s|   200 |   152 | 61324 |  51.3 |    46M |  15 | 360 |3105 | 381 | 214 |  1 |3691 |  22 | 0.000000e+00 |      --      |    Inf | unknown
  8.0s|   300 |   194 | 66898 |  51.6 |    46M |  17 | 360 |3212 | 382 | 245 |  1 |4036 |  22 | 0.000000e+00 |      --      |    Inf |   7.02%
  9.1s|   400 |   240 | 74107 |  53.2 |    47M |  17 | 360 |3293 | 389 | 307 |  4 |4375 |  22 | 0.000000e+00 |      --      |    Inf |   7.25%
  9.6s|   500 |   258 | 78734 |  52.7 |    47M |  17 | 360 |3119 |   0 | 341 |  0 |4663 |  22 | 0.000000e+00 |      --      |    Inf |   7.63%
 10.1s|   600 |   300 | 84003 |  52.7 |    48M |  17 | 360 |3279 | 381 | 369 |  1 |5248 |  22 | 0.000000e+00 |      --      |    Inf |   7.84%
 10.4s|   700 |   321 | 88081 |  52.0 |    48M |  18 | 360 |3255 | 384 | 389 |  1 |5520 |  22 | 0.000000e+00 |      --      |    Inf |   8.01%
 10.8s|   800 |   337 | 93035 |  51.8 |    48M |  18 | 360 |3334 | 384 | 389 |  0 |5858 |  22 | 0.000000e+00 |      --      |    Inf |   8.21%
 11.2s|   900 |   351 | 96800 |  51.0 |    49M |  18 | 360 |3250 | 380 | 429 |  1 |6166 |  22 | 0.000000e+00 |      --      |    Inf |   8.58%
 11.6s|  1000 |   387 |100773 |  50.5 |    49M |  18 | 360 |3183 | 383 | 454 |  1 |6435 |  22 | 0.000000e+00 |      --      |    Inf |   8.77%
 11.9s|  1100 |   404 |105056 |  50.1 |    49M |  18 | 360 |3167 | 386 | 461 |  1 |6716 |  22 | 0.000000e+00 |      --      |    Inf |   8.98%
 12.2s|  1200 |   404 |107073 |  48.7 |    49M |  19 | 360 |3098 |   0 | 461 |  0 |6986 |  22 | 0.000000e+00 |      --      |    Inf |   9.11%
 12.6s|  1300 |   413 |110451 |  48.0 |    50M |  20 | 360 |3070 | 382 | 481 |  1 |7174 |  22 | 0.000000e+00 |      --      |    Inf |   9.24%
 13.0s|  1400 |   404 |114100 |  47.5 |    50M |  20 | 360 |2895 | 384 | 495 |  0 |7346 |  22 | 0.000000e+00 |      --      |    Inf |   9.77%
 time | node  | left  |LP iter|LP it/n|mem/heur|mdpt |vars |cons |rows |cuts |sepa|confs|strbr|  dualbound   | primalbound  |  gap   | compl. 
 13.3s|  1500 |   399 |117234 |  46.9 |    50M |  20 | 360 |2859 | 381 | 512 |  0 |7550 |  22 | 0.000000e+00 |      --      |    Inf |  10.10%
 13.5s|  1600 |   404 |120534 |  46.3 |    50M |  20 | 360 |2965 | 383 | 512 |  1 |7795 |  22 | 0.000000e+00 |      --      |    Inf |  10.20%
 13.8s|  1700 |   395 |124251 |  46.0 |    50M |  20 | 360 |2979 |   0 | 519 |  0 |7953 |  22 | 0.000000e+00 |      --      |    Inf |  10.36%
 14.1s|  1800 |   381 |127715 |  45.6 |    50M |  20 | 360 |2957 | 381 | 528 |  1 |8153 |  22 | 0.000000e+00 |      --      |    Inf |  10.68%
 14.3s|  1900 |   379 |130319 |  44.9 |    50M |  20 | 360 |3060 | 381 | 528 |  0 |8374 |  22 | 0.000000e+00 |      --      |    Inf |  10.79%
 14.6s|  2000 |   382 |133680 |  44.5 |    50M |  20 | 360 |3107 | 383 | 550 |  0 |8617 |  22 | 0.000000e+00 |      --      |    Inf |  11.37%
 14.8s|  2100 |   377 |135867 |  43.7 |    50M |  20 | 360 |3225 | 383 | 557 |  1 |8844 |  22 | 0.000000e+00 |      --      |    Inf |  11.53%
 15.8s|  2200 |   417 |141563 |  44.2 |    50M |  20 | 360 |3307 | 380 | 607 |  1 |9122 |  22 | 0.000000e+00 |      --      |    Inf |  11.92%
 16.1s|  2300 |   424 |145919 |  44.1 |    50M |  20 | 360 |3398 | 380 | 653 |  1 |9305 |  22 | 0.000000e+00 |      --      |    Inf |  13.15%
 16.5s|  2400 |   430 |150207 |  44.1 |    51M |  20 | 360 |3563 | 382 | 690 |  1 |9535 |  22 | 0.000000e+00 |      --      |    Inf |  13.98%
 16.7s|  2500 |   421 |153216 |  43.7 |    51M |  20 | 360 |3640 |   0 | 696 |  0 |9741 |  22 | 0.000000e+00 |      --      |    Inf |  14.42%
 17.1s|  2600 |   421 |157382 |  43.6 |    51M |  20 | 360 |3626 | 383 | 722 |  1 |9939 |  22 | 0.000000e+00 |      --      |    Inf |  14.85%
 17.4s|  2700 |   405 |161906 |  43.7 |    51M |  20 | 360 |3544 | 382 | 742 |  1 |  10k|  22 | 0.000000e+00 |      --      |    Inf |  15.53%
 17.7s|  2800 |   380 |165065 |  43.4 |    51M |  20 | 360 |3549 | 380 | 749 |  1 |  10k|  22 | 0.000000e+00 |      --      |    Inf |  16.43%
 18.1s|  2900 |   415 |169242 |  43.3 |    51M |  20 | 360 |3691 | 382 | 787 |  1 |  10k|  22 | 0.000000e+00 |      --      |    Inf |  16.65%
 time | node  | left  |LP iter|LP it/n|mem/heur|mdpt |vars |cons |rows |cuts |sepa|confs|strbr|  dualbound   | primalbound  |  gap   | compl. 
 18.3s|  3000 |   423 |173044 |  43.2 |    51M |  20 | 360 |3808 | 381 | 791 |  1 |  10k|  22 | 0.000000e+00 |      --      |    Inf |  16.88%
 18.7s|  3100 |   432 |177377 |  43.2 |    51M |  20 | 360 |3895 | 382 | 796 |  1 |  11k|  22 | 0.000000e+00 |      --      |    Inf |  17.10%
 19.0s|  3200 |   398 |180077 |  42.8 |    51M |  20 | 360 |3838 | 384 | 796 |  1 |  11k|  22 | 0.000000e+00 |      --      |    Inf |  17.45%
 19.7s|  3300 |   404 |184470 |  42.8 |    51M |  20 | 360 |3859 | 387 | 818 |  4 |  11k|  22 | 0.000000e+00 |      --      |    Inf |  17.79%
 20.1s|  3400 |   438 |188699 |  42.8 |    51M |  20 | 360 |3991 | 384 | 856 |  1 |  11k|  22 | 0.000000e+00 |      --      |    Inf |  17.98%
 20.4s|  3500 |   456 |192117 |  42.6 |    52M |  20 | 360 |4196 | 382 | 870 |  0 |  12k|  22 | 0.000000e+00 |      --      |    Inf |  18.07%
 20.7s|  3600 |   470 |195684 |  42.5 |    52M |  20 | 360 |4348 | 382 | 881 |  1 |  12k|  22 | 0.000000e+00 |      --      |    Inf |  18.18%
 20.9s|  3700 |   474 |198779 |  42.2 |    52M |  20 | 360 |4429 | 382 | 892 |  1 |  12k|  22 | 0.000000e+00 |      --      |    Inf |  18.35%
 21.2s|  3800 |   472 |202202 |  42.0 |    52M |  20 | 360 |4520 | 382 | 902 |  0 |  12k|  22 | 0.000000e+00 |      --      |    Inf |  18.66%
 21.5s|  3900 |   482 |205185 |  41.8 |    52M |  20 | 360 |4604 | 381 | 918 |  1 |  13k|  22 | 0.000000e+00 |      --      |    Inf |  18.93%
 21.7s|  4000 |   482 |206970 |  41.3 |    52M |  20 | 360 |4730 | 381 | 918 |  0 |  13k|  22 | 0.000000e+00 |      --      |    Inf |  19.05%
 21.9s|  4100 |   478 |210316 |  41.2 |    52M |  20 | 360 |4765 | 382 | 927 |  1 |  13k|  22 | 0.000000e+00 |      --      |    Inf |  19.31%
 22.2s|  4200 |   486 |213546 |  41.0 |    52M |  20 | 360 |4825 | 382 | 932 |  0 |  13k|  22 | 0.000000e+00 |      --      |    Inf |  19.45%
 22.4s|  4300 |   473 |216687 |  40.8 |    52M |  20 | 360 |4845 |   0 | 939 |  0 |  13k|  22 | 0.000000e+00 |      --      |    Inf |  19.71%
 22.8s|  4400 |   464 |220875 |  40.8 |    52M |  20 | 360 |4829 |   0 | 952 |  0 |  14k|  22 | 0.000000e+00 |      --      |    Inf |  20.03%
 time | node  | left  |LP iter|LP it/n|mem/heur|mdpt |vars |cons |rows |cuts |sepa|confs|strbr|  dualbound   | primalbound  |  gap   | compl. 
 23.0s|  4500 |   461 |224434 |  40.7 |    52M |  20 | 360 |5012 | 383 | 955 |  1 |  14k|  22 | 0.000000e+00 |      --      |    Inf |  20.31%
 23.4s|  4600 |   448 |228013 |  40.6 |    52M |  20 | 360 |4920 | 381 | 961 |  1 |  14k|  22 | 0.000000e+00 |      --      |    Inf |  20.60%
 23.7s|  4700 |   444 |232136 |  40.6 |    52M |  20 | 360 |4860 | 385 | 970 |  2 |  14k|  22 | 0.000000e+00 |      --      |    Inf |  20.78%
 23.9s|  4800 |   448 |235536 |  40.5 |    52M |  20 | 360 |4953 | 382 | 978 |  1 |  15k|  22 | 0.000000e+00 |      --      |    Inf |  20.98%
 24.9s|  4900 |   473 |242356 |  41.0 |    53M |  20 | 360 |4855 | 382 | 990 |  1 |  15k|  22 | 0.000000e+00 |      --      |    Inf |  21.16%
 25.1s|  5000 |   483 |244262 |  40.6 |    53M |  20 | 360 |4902 | 382 | 995 |  1 |  15k|  22 | 0.000000e+00 |      --      |    Inf |  21.23%
 25.5s|  5100 |   519 |250046 |  40.9 |    53M |  20 | 360 |5004 | 385 |1032 |  1 |  15k|  22 | 0.000000e+00 |      --      |    Inf |  21.34%
 25.8s|  5200 |   538 |253232 |  40.8 |    53M |  20 | 360 |5142 | 382 |1040 |  1 |  16k|  22 | 0.000000e+00 |      --      |    Inf |  21.43%
 26.2s|  5300 |   542 |257174 |  40.7 |    53M |  20 | 360 |5191 | 390 |1074 |  3 |  16k|  22 | 0.000000e+00 |      --      |    Inf |  21.65%
 27.0s|  5400 |   554 |260900 |  40.7 |    53M |  20 | 360 |5197 | 380 |1085 |  1 |  16k|  22 | 0.000000e+00 |      --      |    Inf |  21.83%
 27.3s|  5500 |   571 |264756 |  40.7 |    53M |  20 | 360 |5250 | 384 |1106 |  1 |  16k|  22 | 0.000000e+00 |      --      |    Inf |  23.11%
 27.6s|  5600 |   575 |266816 |  40.4 |    53M |  20 | 360 |5425 | 381 |1121 |  0 |  17k|  22 | 0.000000e+00 |      --      |    Inf |  23.69%
 28.0s|  5700 |   573 |270390 |  40.3 |    53M |  20 | 360 |5484 | 382 |1168 |  1 |  17k|  22 | 0.000000e+00 |      --      |    Inf |  25.28%
 28.4s|  5800 |   577 |273176 |  40.1 |    54M |  20 | 360 |5553 |   0 |1194 |  0 |  17k|  22 | 0.000000e+00 |      --      |    Inf |  25.67%
 28.7s|  5900 |   567 |276989 |  40.1 |    55M |  20 | 360 |5286 | 383 |1206 |  1 |  17k|  22 | 0.000000e+00 |      --      |    Inf |  26.16%
 time | node  | left  |LP iter|LP it/n|mem/heur|mdpt |vars |cons |rows |cuts |sepa|confs|strbr|  dualbound   | primalbound  |  gap   | compl. 
 29.2s|  6000 |   563 |281473 |  40.1 |    55M |  20 | 360 |5142 | 380 |1226 |  0 |  17k|  22 | 0.000000e+00 |      --      |    Inf |  28.55%
 29.8s|  6100 |   565 |286150 |  40.2 |    55M |  20 | 360 |5089 | 381 |1244 |  1 |  18k|  22 | 0.000000e+00 |      --      |    Inf |  29.73%
 30.1s|  6200 |   552 |289484 |  40.1 |    55M |  20 | 360 |5005 | 382 |1250 |  0 |  18k|  22 | 0.000000e+00 |      --      |    Inf |  30.00%
 30.4s|  6300 |   541 |291511 |  39.9 |    55M |  20 | 360 |4951 | 383 |1257 |  0 |  18k|  22 | 0.000000e+00 |      --      |    Inf |  30.35%
 30.6s|  6400 |   529 |294785 |  39.8 |    55M |  20 | 360 |4865 | 384 |1257 |  1 |  18k|  22 | 0.000000e+00 |      --      |    Inf |  30.60%
 30.9s|  6500 |   514 |297344 |  39.6 |    55M |  20 | 360 |4870 | 382 |1260 |  1 |  18k|  22 | 0.000000e+00 |      --      |    Inf |  30.89%
 31.8s|  6600 |   559 |302097 |  39.7 |    55M |  20 | 360 |4961 | 385 |1334 |  1 |  19k|  22 | 0.000000e+00 |      --      |    Inf |  32.13%
 32.4s|  6700 |   559 |305832 |  39.6 |    55M |  20 | 360 |5084 | 382 |1368 |  1 |  19k|  22 | 0.000000e+00 |      --      |    Inf |  33.47%
 32.9s|  6800 |   564 |309485 |  39.6 |    56M |  20 | 360 |5183 | 383 |1402 |  2 |  19k|  22 | 0.000000e+00 |      --      |    Inf |  34.20%
 33.3s|  6900 |   610 |314010 |  39.7 |    56M |  20 | 360 |5338 | 382 |1424 |  1 |  19k|  22 | 0.000000e+00 |      --      |    Inf |  34.29%
 33.9s|  7000 |   622 |318905 |  39.8 |    56M |  20 | 360 |5370 | 380 |1451 |  1 |  20k|  22 | 0.000000e+00 |      --      |    Inf |  34.48%
 34.3s|  7100 |   638 |322807 |  39.8 |    56M |  20 | 360 |5576 | 383 |1495 |  1 |  20k|  22 | 0.000000e+00 |      --      |    Inf |  34.88%
 34.6s|  7200 |   640 |325601 |  39.6 |    56M |  20 | 360 |5670 |   0 |1528 |  0 |  20k|  22 | 0.000000e+00 |      --      |    Inf |  35.23%
 35.0s|  7300 |   630 |328576 |  39.5 |    56M |  20 | 360 |5737 | 382 |1571 |  1 |  20k|  22 | 0.000000e+00 |      --      |    Inf |  35.98%
 35.3s|  7400 |   622 |331273 |  39.4 |    56M |  20 | 360 |5804 | 382 |1591 |  1 |  20k|  22 | 0.000000e+00 |      --      |    Inf |  36.48%
 time | node  | left  |LP iter|LP it/n|mem/heur|mdpt |vars |cons |rows |cuts |sepa|confs|strbr|  dualbound   | primalbound  |  gap   | compl. 
 35.7s|  7500 |   628 |336059 |  39.5 |    56M |  20 | 360 |5840 | 387 |1629 |  1 |  20k|  22 | 0.000000e+00 |      --      |    Inf |  36.93%
 36.0s|  7600 |   641 |341083 |  39.6 |    57M |  20 | 360 |5933 | 383 |1649 |  1 |  21k|  22 | 0.000000e+00 |      --      |    Inf |  37.33%
 36.3s|  7700 |   649 |344496 |  39.5 |    57M |  20 | 360 |6014 | 381 |1659 |  0 |  21k|  22 | 0.000000e+00 |      --      |    Inf |  37.60%
 36.7s|  7800 |   664 |349127 |  39.6 |    57M |  20 | 360 |6065 | 382 |1673 |  1 |  21k|  22 | 0.000000e+00 |      --      |    Inf |  37.81%
 36.9s|  7900 |   648 |351742 |  39.5 |    57M |  20 | 360 |5879 |   0 |1676 |  0 |  21k|  22 | 0.000000e+00 |      --      |    Inf |  44.37%
 37.2s|  8000 |   645 |354938 |  39.4 |    57M |  20 | 360 |5697 |   0 |1680 |  0 |  21k|  22 | 0.000000e+00 |      --      |    Inf |  44.61%
 37.5s|  8100 |   640 |357438 |  39.2 |    57M |  20 | 360 |5597 | 382 |1694 |  1 |  22k|  22 | 0.000000e+00 |      --      |    Inf |  44.80%
 37.8s|  8200 |   635 |360669 |  39.1 |    57M |  20 | 360 |5431 | 382 |1709 |  1 |  22k|  22 | 0.000000e+00 |      --      |    Inf |  45.09%
 38.1s|  8300 |   630 |363204 |  39.0 |    57M |  20 | 360 |5462 |   0 |1729 |  0 |  22k|  22 | 0.000000e+00 |      --      |    Inf |  45.47%
 38.4s|  8400 |   625 |366590 |  38.9 |    57M |  20 | 360 |5371 |   0 |1742 |  0 |  22k|  22 | 0.000000e+00 |      --      |    Inf |  45.80%
 38.7s|  8500 |   607 |370468 |  38.9 |    57M |  20 | 360 |5387 | 382 |1747 |  0 |  22k|  22 | 0.000000e+00 |      --      |    Inf |  46.07%
 39.1s|  8600 |   596 |373890 |  38.9 |    57M |  20 | 360 |5245 | 386 |1775 |  2 |  22k|  22 | 0.000000e+00 |      --      |    Inf |  46.69%
 39.4s|  8700 |   588 |377744 |  38.9 |    57M |  20 | 360 |5237 | 382 |1781 |  0 |  23k|  22 | 0.000000e+00 |      --      |    Inf |  46.96%
 39.8s|  8800 |   586 |381579 |  38.9 |    58M |  20 | 360 |5186 | 382 |1798 |  0 |  23k|  22 | 0.000000e+00 |      --      |    Inf |  47.27%
 40.1s|  8900 |   577 |384855 |  38.8 |    58M |  20 | 360 |5095 | 383 |1805 |  1 |  23k|  22 | 0.000000e+00 |      --      |    Inf |  47.61%
 time | node  | left  |LP iter|LP it/n|mem/heur|mdpt |vars |cons |rows |cuts |sepa|confs|strbr|  dualbound   | primalbound  |  gap   | compl. 
 40.4s|  9000 |   564 |388146 |  38.8 |    58M |  20 | 360 |5102 | 392 |1818 |  3 |  23k|  22 | 0.000000e+00 |      --      |    Inf |  47.84%
 40.7s|  9100 |   551 |392187 |  38.8 |    58M |  20 | 360 |5006 | 382 |1835 |  1 |  23k|  22 | 0.000000e+00 |      --      |    Inf |  48.28%
 40.9s|  9200 |   539 |395133 |  38.7 |    58M |  20 | 360 |4986 |   0 |1840 |  0 |  24k|  22 | 0.000000e+00 |      --      |    Inf |  48.48%
 41.2s|  9300 |   545 |398753 |  38.7 |    58M |  20 | 360 |5011 | 381 |1858 |  1 |  24k|  22 | 0.000000e+00 |      --      |    Inf |  48.68%
 41.5s|  9400 |   535 |401739 |  38.6 |    58M |  20 | 360 |4937 | 383 |1872 |  1 |  24k|  22 | 0.000000e+00 |      --      |    Inf |  49.21%
 42.0s|  9500 |   534 |405980 |  38.6 |    58M |  20 | 360 |4870 |   0 |1923 |  0 |  24k|  22 | 0.000000e+00 |      --      |    Inf |  50.11%
 42.4s|  9600 |   527 |409397 |  38.6 |    58M |  20 | 360 |4823 | 384 |1953 |  1 |  24k|  22 | 0.000000e+00 |      --      |    Inf |  51.12%
 42.6s|  9700 |   511 |412823 |  38.5 |    58M |  20 | 360 |4864 | 382 |1953 |  0 |  24k|  22 | 0.000000e+00 |      --      |    Inf |  51.37%
 43.0s|  9800 |   526 |416684 |  38.5 |    58M |  20 | 360 |4898 | 381 |1966 |  1 |  25k|  22 | 0.000000e+00 |      --      |    Inf |  52.02%
 43.3s|  9900 |   529 |419020 |  38.4 |    58M |  20 | 360 |5112 | 381 |1976 |  1 |  25k|  22 | 0.000000e+00 |      --      |    Inf |  52.13%
 43.6s| 10000 |   534 |421845 |  38.3 |    58M |  20 | 360 |5214 |   0 |1982 |  0 |  25k|  22 | 0.000000e+00 |      --      |    Inf |  52.27%
 43.8s| 10100 |   522 |423890 |  38.1 |    58M |  20 | 360 |5319 |   0 |1991 |  0 |  25k|  22 | 0.000000e+00 |      --      |    Inf |  52.51%
 44.1s| 10200 |   515 |426455 |  38.0 |    58M |  20 | 360 |5261 | 384 |2003 |  1 |  26k|  22 | 0.000000e+00 |      --      |    Inf |  52.77%
 44.8s| 10300 |   509 |429100 |  37.9 |    58M |  20 | 360 |5103 | 382 |2015 |  1 |  26k|  22 | 0.000000e+00 |      --      |    Inf |  59.26%
 45.0s| 10400 |   498 |431434 |  37.8 |    58M |  20 | 360 |4962 | 383 |2020 |  0 |  26k|  22 | 0.000000e+00 |      --      |    Inf |  59.57%
 time | node  | left  |LP iter|LP it/n|mem/heur|mdpt |vars |cons |rows |cuts |sepa|confs|strbr|  dualbound   | primalbound  |  gap   | compl. 
 45.3s| 10500 |   503 |434338 |  37.7 |    58M |  20 | 360 |4912 | 383 |2049 |  1 |  26k|  22 | 0.000000e+00 |      --      |    Inf |  60.08%
 45.6s| 10600 |   475 |436611 |  37.6 |    58M |  20 | 360 |4852 | 381 |2053 |  1 |  26k|  22 | 0.000000e+00 |      --      |    Inf |  60.53%
 45.9s| 10700 |   450 |438315 |  37.4 |    58M |  20 | 360 |4733 | 381 |2053 |  1 |  26k|  22 | 0.000000e+00 |      --      |    Inf |  60.87%
 46.3s| 10800 |   456 |441878 |  37.4 |    58M |  20 | 360 |4841 | 382 |2077 |  1 |  27k|  22 | 0.000000e+00 |      --      |    Inf |  61.40%
 46.5s| 10900 |   446 |444731 |  37.3 |    58M |  20 | 360 |5028 | 382 |2086 |  1 |  27k|  22 | 0.000000e+00 |      --      |    Inf |  61.80%
 46.8s| 11000 |   432 |447171 |  37.2 |    58M |  20 | 360 |5021 | 381 |2094 |  0 |  27k|  22 | 0.000000e+00 |      --      |    Inf |  62.13%
 47.2s| 11100 |   410 |450470 |  37.2 |    58M |  20 | 360 |4984 |   0 |2106 |  0 |  27k|  22 | 0.000000e+00 |      --      |    Inf |  62.52%
 47.5s| 11200 |   392 |453180 |  37.1 |    58M |  20 | 360 |5022 | 384 |2109 |  1 |  28k|  22 | 0.000000e+00 |      --      |    Inf |  63.10%
 47.7s| 11300 |   370 |455511 |  37.0 |    58M |  20 | 360 |5019 |   0 |2109 |  0 |  28k|  22 | 0.000000e+00 |      --      |    Inf |  63.42%
 48.0s| 11400 |   371 |458127 |  36.9 |    58M |  20 | 360 |5034 | 383 |2121 |  1 |  28k|  22 | 0.000000e+00 |      --      |    Inf |  63.74%
 48.4s| 11500 |   372 |461490 |  36.9 |    58M |  20 | 360 |5071 | 383 |2155 |  1 |  28k|  22 | 0.000000e+00 |      --      |    Inf |  64.08%
 48.7s| 11600 |   376 |464557 |  36.8 |    58M |  20 | 360 |5109 | 382 |2173 |  1 |  28k|  22 | 0.000000e+00 |      --      |    Inf |  64.64%
 49.1s| 11700 |   366 |468774 |  36.9 |    58M |  20 | 360 |5154 | 381 |2212 |  0 |  29k|  22 | 0.000000e+00 |      --      |    Inf |  65.29%
 49.4s| 11800 |   366 |472918 |  36.9 |    58M |  20 | 360 |5243 | 384 |2227 |  1 |  29k|  22 | 0.000000e+00 |      --      |    Inf |  65.56%
 49.6s| 11900 |   341 |475338 |  36.8 |    58M |  20 | 360 |5255 |   0 |2227 |  0 |  29k|  22 | 0.000000e+00 |      --      |    Inf |  65.85%
 time | node  | left  |LP iter|LP it/n|mem/heur|mdpt |vars |cons |rows |cuts |sepa|confs|strbr|  dualbound   | primalbound  |  gap   | compl. 
 50.0s| 12000 |   329 |478491 |  36.8 |    58M |  20 | 360 |5225 | 382 |2236 |  1 |  29k|  22 | 0.000000e+00 |      --      |    Inf |  66.21%
 50.2s| 12100 |   304 |480632 |  36.6 |    58M |  20 | 360 |5189 |   0 |2236 |  0 |  29k|  22 | 0.000000e+00 |      --      |    Inf |  66.66%
 50.5s| 12200 |   287 |483397 |  36.6 |    59M |  20 | 360 |5184 |   0 |2254 |  0 |  30k|  22 | 0.000000e+00 |      --      |    Inf |  67.07%
 50.9s| 12300 |   264 |485768 |  36.5 |    59M |  20 | 360 |5221 |   0 |2269 |  0 |  30k|  22 | 0.000000e+00 |      --      |    Inf |  67.58%
 51.2s| 12400 |   241 |488450 |  36.4 |    59M |  20 | 360 |5166 | 383 |2274 |  1 |  30k|  22 | 0.000000e+00 |      --      |    Inf |  67.87%
 51.6s| 12500 |   195 |491203 |  36.3 |    59M |  20 | 360 |5092 |   0 |2286 |  0 |  30k|  22 | 0.000000e+00 |      --      |    Inf |  68.52%
 51.9s| 12600 |   179 |494090 |  36.3 |    59M |  20 | 360 |5029 | 383 |2312 |  1 |  30k|  22 | 0.000000e+00 |      --      |    Inf |  69.05%
 52.3s| 12700 |   163 |498392 |  36.3 |    59M |  20 | 360 |5044 |   0 |2330 |  0 |  30k|  22 | 0.000000e+00 |      --      |    Inf |  69.42%
 52.6s| 12800 |   156 |501811 |  36.3 |    59M |  20 | 360 |5011 | 382 |2348 |  1 |  31k|  22 | 0.000000e+00 |      --      |    Inf |  69.90%
 52.9s| 12900 |   146 |506617 |  36.4 |    59M |  20 | 360 |5087 | 382 |2391 |  0 |  31k|  22 | 0.000000e+00 |      --      |    Inf |  70.47%
 53.3s| 13000 |   129 |510116 |  36.4 |    59M |  20 | 360 |5155 |   0 |2416 |  0 |  31k|  22 | 0.000000e+00 |      --      |    Inf |  70.96%
 54.2s| 13100 |   140 |515739 |  36.5 |    59M |  20 | 360 |5067 | 385 |2452 |  2 |  31k|  22 | 0.000000e+00 |      --      |    Inf |  71.63%
 54.6s| 13200 |   145 |519217 |  36.5 |    59M |  20 | 360 |5185 | 386 |2506 |  2 |  31k|  22 | 0.000000e+00 |      --      |    Inf |  72.32%
 55.0s| 13300 |   145 |522088 |  36.5 |    60M |  20 | 360 |5390 | 382 |2541 |  0 |  32k|  22 | 0.000000e+00 |      --      |    Inf |  73.07%
 55.2s| 13400 |   128 |524077 |  36.3 |    60M |  20 | 360 |5544 |   0 |2551 |  0 |  32k|  22 | 0.000000e+00 |      --      |    Inf |  74.10%
 time | node  | left  |LP iter|LP it/n|mem/heur|mdpt |vars |cons |rows |cuts |sepa|confs|strbr|  dualbound   | primalbound  |  gap   | compl. 
 56.0s| 13500 |   145 |530649 |  36.5 |    60M |  20 | 360 |5497 |   0 |2588 |  0 |  32k|  22 | 0.000000e+00 |      --      |    Inf |  74.49%
 56.4s| 13600 |   152 |535174 |  36.6 |    60M |  20 | 360 |5507 | 381 |2631 |  1 |  32k|  22 | 0.000000e+00 |      --      |    Inf |  75.02%
 57.1s| 13700 |   168 |540855 |  36.7 |    60M |  20 | 360 |5678 |   0 |2673 |  0 |  32k|  22 | 0.000000e+00 |      --      |    Inf |  75.43%
 57.4s| 13800 |   180 |544137 |  36.7 |    60M |  20 | 360 |5871 | 381 |2685 |  1 |  33k|  22 | 0.000000e+00 |      --      |    Inf |  75.66%
 57.6s| 13900 |   174 |546532 |  36.6 |    60M |  20 | 360 |5985 | 381 |2689 |  0 |  33k|  22 | 0.000000e+00 |      --      |    Inf |  75.85%
 57.8s| 14000 |   176 |549637 |  36.6 |    60M |  20 | 360 |6082 | 381 |2693 |  1 |  33k|  22 | 0.000000e+00 |      --      |    Inf |  76.16%
 58.1s| 14100 |   192 |553088 |  36.6 |    60M |  20 | 360 |6246 | 383 |2704 |  1 |  33k|  22 | 0.000000e+00 |      --      |    Inf |  76.27%
 58.4s| 14200 |   174 |555334 |  36.5 |    60M |  20 | 360 |6358 | 389 |2718 |  3 |  34k|  22 | 0.000000e+00 |      --      |    Inf |  76.44%
 58.7s| 14300 |   175 |559361 |  36.5 |    60M |  20 | 360 |6415 | 383 |2759 |  1 |  34k|  22 | 0.000000e+00 |      --      |    Inf |  76.81%
 58.9s| 14400 |   167 |562386 |  36.5 |    60M |  20 | 360 |6514 | 382 |2759 |  1 |  34k|  22 | 0.000000e+00 |      --      |    Inf |  77.00%
 59.2s| 14500 |   167 |565572 |  36.4 |    60M |  20 | 360 |6659 | 382 |2769 |  0 |  34k|  22 | 0.000000e+00 |      --      |    Inf |  77.23%
 59.5s| 14600 |   170 |568619 |  36.4 |    60M |  20 | 360 |6720 | 383 |2781 |  1 |  34k|  22 | 0.000000e+00 |      --      |    Inf |  77.47%
 59.8s| 14700 |   160 |571368 |  36.3 |    60M |  20 | 360 |6737 | 383 |2803 |  1 |  34k|  22 | 0.000000e+00 |      --      |    Inf |  77.87%
 60.1s| 14800 |   167 |574090 |  36.3 |    60M |  20 | 360 |6835 | 387 |2821 |  1 |  35k|  22 | 0.000000e+00 |      --      |    Inf |  78.24%
 60.4s| 14900 |   148 |577229 |  36.3 |    60M |  20 | 360 |6868 | 382 |2836 |  0 |  35k|  22 | 0.000000e+00 |      --      |    Inf |  78.70%
 time | node  | left  |LP iter|LP it/n|mem/heur|mdpt |vars |cons |rows |cuts |sepa|confs|strbr|  dualbound   | primalbound  |  gap   | compl. 
 61.1s| 15000 |   166 |582375 |  36.4 |    60M |  20 | 360 |6766 | 382 |2870 |  1 |  35k|  22 | 0.000000e+00 |      --      |    Inf |  79.50%
 61.4s| 15100 |   170 |585778 |  36.3 |    60M |  20 | 360 |6932 |   0 |2882 |  0 |  35k|  22 | 0.000000e+00 |      --      |    Inf |  79.80%
 61.6s| 15200 |   162 |588426 |  36.3 |    60M |  20 | 360 |7022 |   0 |2882 |  0 |  35k|  22 | 0.000000e+00 |      --      |    Inf |  80.02%
 61.9s| 15300 |   160 |591379 |  36.2 |    60M |  20 | 360 |7108 |   0 |2892 |  0 |  36k|  22 | 0.000000e+00 |      --      |    Inf |  80.81%
 62.2s| 15400 |   170 |594430 |  36.2 |    60M |  20 | 360 |7318 |   0 |2898 |  0 |  36k|  22 | 0.000000e+00 |      --      |    Inf |  80.93%
 62.5s| 15500 |   149 |597554 |  36.2 |    60M |  20 | 360 |7266 | 383 |2910 |  1 |  36k|  22 | 0.000000e+00 |      --      |    Inf |  81.35%
 63.1s| 15600 |   152 |601635 |  36.2 |    60M |  20 | 360 |7182 | 384 |2935 |  1 |  36k|  22 | 0.000000e+00 |      --      |    Inf |  82.72%
 63.4s| 15700 |   151 |605102 |  36.2 |    60M |  20 | 360 |7231 | 380 |2950 |  1 |  36k|  22 | 0.000000e+00 |      --      |    Inf |  83.11%
 63.9s| 15800 |   147 |610089 |  36.3 |    60M |  20 | 360 |7311 | 384 |3032 |  1 |  37k|  22 | 0.000000e+00 |      --      |    Inf |  84.61%
 64.2s| 15900 |   133 |613425 |  36.3 |    60M |  20 | 360 |7305 | 382 |3032 |  1 |  37k|  22 | 0.000000e+00 |      --      |    Inf |  84.93%
 64.5s| 16000 |   118 |616937 |  36.2 |    60M |  20 | 360 |7098 | 381 |3044 |  1 |  37k|  22 | 0.000000e+00 |      --      |    Inf |  85.42%
 64.8s| 16100 |   119 |620834 |  36.3 |    60M |  20 | 360 |7298 | 382 |3054 |  1 |  37k|  22 | 0.000000e+00 |      --      |    Inf |  85.57%
 65.1s| 16200 |   125 |623951 |  36.2 |    61M |  20 | 360 |7250 | 382 |3081 |  1 |  37k|  22 | 0.000000e+00 |      --      |    Inf |  86.13%
 65.8s| 16300 |   118 |627934 |  36.3 |    61M |  20 | 360 |7099 | 385 |3129 |  1 |  38k|  22 | 0.000000e+00 |      --      |    Inf |  87.02%
 66.1s| 16400 |   133 |631390 |  36.2 |    61M |  20 | 360 |7224 | 386 |3148 |  0 |  38k|  22 | 0.000000e+00 |      --      |    Inf |  87.16%
 time | node  | left  |LP iter|LP it/n|mem/heur|mdpt |vars |cons |rows |cuts |sepa|confs|strbr|  dualbound   | primalbound  |  gap   | compl. 
 66.4s| 16500 |   144 |633464 |  36.2 |    61M |  20 | 360 |7375 | 383 |3153 |  1 |  38k|  22 | 0.000000e+00 |      --      |    Inf |  87.37%
 66.6s| 16600 |   154 |635325 |  36.1 |    61M |  20 | 360 |7541 |   0 |3153 |  0 |  38k|  22 | 0.000000e+00 |      --      |    Inf |  87.42%
 66.8s| 16700 |   163 |638958 |  36.1 |    61M |  20 | 360 |7594 | 383 |3164 |  2 |  39k|  22 | 0.000000e+00 |      --      |    Inf |  87.53%
 67.3s| 16800 |   193 |644315 |  36.2 |    61M |  20 | 360 |7857 | 382 |3191 |  1 |  39k|  22 | 0.000000e+00 |      --      |    Inf |  87.66%
 67.5s| 16900 |   183 |648594 |  36.2 |    61M |  20 | 360 |8021 | 383 |3191 |  1 |  39k|  22 | 0.000000e+00 |      --      |    Inf |  87.90%
 67.8s| 17000 |   176 |651249 |  36.1 |    61M |  20 | 360 |8073 | 383 |3191 |  1 |  39k|  22 | 0.000000e+00 |      --      |    Inf |  88.03%
 68.1s| 17100 |   159 |654903 |  36.1 |    61M |  20 | 360 |8122 | 383 |3191 |  1 |  40k|  22 | 0.000000e+00 |      --      |    Inf |  88.18%
 68.3s| 17200 |   152 |658328 |  36.1 |    62M |  20 | 360 |8260 | 382 |3191 |  1 |  40k|  22 | 0.000000e+00 |      --      |    Inf |  88.33%
 68.6s| 17300 |   129 |661579 |  36.1 |    62M |  20 | 360 |8279 | 384 |3191 |  1 |  40k|  22 | 0.000000e+00 |      --      |    Inf |  88.46%
 69.1s| 17400 |   133 |666127 |  36.2 |    62M |  20 | 360 |8356 | 385 |3219 |  1 |  40k|  22 | 0.000000e+00 |      --      |    Inf |  88.59%
 69.4s| 17500 |   138 |669358 |  36.1 |    62M |  20 | 360 |8493 | 382 |3236 |  1 |  40k|  22 | 0.000000e+00 |      --      |    Inf |  88.86%
 69.7s| 17600 |   136 |673389 |  36.2 |    62M |  20 | 360 |8656 | 382 |3248 |  0 |  41k|  22 | 0.000000e+00 |      --      |    Inf |  89.19%
 70.0s| 17700 |   128 |677800 |  36.2 |    62M |  20 | 360 |8805 | 383 |3254 |  1 |  41k|  22 | 0.000000e+00 |      --      |    Inf |  89.48%
 70.2s| 17800 |   128 |681329 |  36.2 |    62M |  20 | 360 |8922 | 381 |3263 |  1 |  41k|  22 | 0.000000e+00 |      --      |    Inf |  89.75%
 71.0s| 17900 |   136 |685100 |  36.2 |    62M |  20 | 360 |8948 | 381 |3284 |  1 |  41k|  22 | 0.000000e+00 |      --      |    Inf |  90.07%
 time | node  | left  |LP iter|LP it/n|mem/heur|mdpt |vars |cons |rows |cuts |sepa|confs|strbr|  dualbound   | primalbound  |  gap   | compl. 
 71.2s| 18000 |   135 |688474 |  36.2 |    62M |  20 | 360 |9037 | 382 |3290 |  1 |  42k|  22 | 0.000000e+00 |      --      |    Inf |  90.25%
 71.5s| 18100 |   149 |691352 |  36.2 |    62M |  20 | 360 |9148 | 381 |3301 |  1 |  42k|  22 | 0.000000e+00 |      --      |    Inf |  90.37%
 71.8s| 18200 |   153 |694089 |  36.1 |    62M |  20 | 360 |9252 | 381 |3310 |  1 |  42k|  22 | 0.000000e+00 |      --      |    Inf |  90.60%
 72.0s| 18300 |   133 |697050 |  36.1 |    62M |  20 | 360 |9365 | 381 |3310 |  0 |  42k|  22 | 0.000000e+00 |      --      |    Inf |  90.76%
 72.3s| 18400 |   131 |699591 |  36.0 |    62M |  20 | 360 |9333 | 384 |3310 |  1 |  43k|  22 | 0.000000e+00 |      --      |    Inf |  90.84%
 72.5s| 18500 |   115 |701842 |  36.0 |    62M |  20 | 360 |9357 | 384 |3310 |  1 |  43k|  22 | 0.000000e+00 |      --      |    Inf |  90.92%
 73.0s| 18600 |   127 |706168 |  36.0 |    62M |  20 | 360 |9514 | 382 |3346 |  1 |  43k|  22 | 0.000000e+00 |      --      |    Inf |  91.24%
 73.3s| 18700 |   113 |709341 |  36.0 |    62M |  20 | 360 |9660 | 382 |3360 |  1 |  43k|  22 | 0.000000e+00 |      --      |    Inf |  91.71%
 73.6s| 18800 |   130 |712143 |  35.9 |    62M |  20 | 360 |9723 | 383 |3388 |  0 |  43k|  22 | 0.000000e+00 |      --      |    Inf |  91.95%
 73.9s| 18900 |   112 |714063 |  35.8 |    62M |  20 | 360 |9759 | 382 |3399 |  0 |  44k|  22 | 0.000000e+00 |      --      |    Inf |  92.39%
 74.2s| 19000 |   118 |716736 |  35.8 |    62M |  20 | 360 |9829 | 383 |3450 |  1 |  44k|  22 | 0.000000e+00 |      --      |    Inf |  92.97%
 74.5s| 19100 |   107 |718844 |  35.7 |    62M |  20 | 360 |9762 | 383 |3458 |  1 |  44k|  22 | 0.000000e+00 |      --      |    Inf |  93.49%
 74.8s| 19200 |   107 |721556 |  35.7 |    62M |  20 | 360 |9696 | 383 |3465 |  1 |  44k|  22 | 0.000000e+00 |      --      |    Inf |  93.77%
 75.2s| 19300 |    97 |725776 |  35.7 |    62M |  20 | 360 |9741 | 383 |3475 |  0 |  44k|  22 | 0.000000e+00 |      --      |    Inf |  94.15%
 75.5s| 19400 |    93 |729725 |  35.7 |    62M |  20 | 360 |9756 | 391 |3502 |  4 |  45k|  22 | 0.000000e+00 |      --      |    Inf |  94.60%
 time | node  | left  |LP iter|LP it/n|mem/heur|mdpt |vars |cons |rows |cuts |sepa|confs|strbr|  dualbound   | primalbound  |  gap   | compl. 
 75.9s| 19500 |    76 |733859 |  35.8 |    63M |  20 | 360 |9436 | 384 |3514 |  1 |  45k|  22 | 0.000000e+00 |      --      |    Inf |  95.42%
 76.3s| 19600 |    65 |737351 |  35.8 |    63M |  20 | 360 |9270 | 381 |3528 |  1 |  45k|  22 | 0.000000e+00 |      --      |    Inf |  95.87%
 76.6s| 19700 |    58 |741483 |  35.8 |    63M |  20 | 360 |9135 | 380 |3539 |  1 |  45k|  22 | 0.000000e+00 |      --      |    Inf |  96.22%
 77.0s| 19800 |    61 |745328 |  35.8 |    63M |  20 | 360 |9143 |   0 |3560 |  0 |  45k|  22 | 0.000000e+00 |      --      |    Inf |  96.50%
 77.3s| 19900 |    66 |748832 |  35.8 |    63M |  20 | 360 |9207 | 382 |3573 |  0 |  46k|  22 | 0.000000e+00 |      --      |    Inf |  96.83%
 77.5s| 20000 |    60 |752119 |  35.8 |    63M |  20 | 360 |9300 | 381 |3577 |  1 |  46k|  22 | 0.000000e+00 |      --      |    Inf |  97.15%
 77.8s| 20100 |    53 |755830 |  35.8 |    63M |  20 | 360 |9226 | 381 |3577 |  1 |  46k|  22 | 0.000000e+00 |      --      |    Inf |  97.38%
 78.1s| 20200 |    41 |758939 |  35.8 |    63M |  20 | 360 |9208 | 384 |3586 |  0 |  46k|  22 | 0.000000e+00 |      --      |    Inf |  97.61%
 78.6s| 20300 |    45 |763840 |  35.8 |    63M |  20 | 360 |9185 | 385 |3623 |  1 |  46k|  22 | 0.000000e+00 |      --      |    Inf |  98.00%
 79.0s| 20400 |    54 |768089 |  35.9 |    63M |  20 | 360 |9154 | 385 |3641 |  1 |  47k|  22 | 0.000000e+00 |      --      |    Inf |  98.35%
 79.4s| 20500 |    30 |771329 |  35.8 |    63M |  20 | 360 |9057 |   0 |3656 |  0 |  47k|  22 | 0.000000e+00 |      --      |    Inf |  98.84%
 79.7s| 20600 |    26 |774594 |  35.8 |    63M |  20 | 360 |9052 | 385 |3673 |  1 |  47k|  22 | 0.000000e+00 |      --      |    Inf |  99.24%
 80.0s| 20700 |    15 |778643 |  35.8 |    63M |  20 | 360 |8991 | 384 |3678 |  1 |  47k|  22 | 0.000000e+00 |      --      |    Inf |  99.66%
 80.3s| 20800 |     5 |781823 |  35.8 |    63M |  20 | 360 |9019 |   0 |3683 |  0 |  47k|  22 | 0.000000e+00 |      --      |    Inf |  99.91%

SCIP Status        : problem is solved [infeasible]
Solving Time (sec) : 80.34
Solving Nodes      : 20829 (total of 21766 nodes in 2 runs)
Primal Bound       : +1.00000000000000e+20 (0 solutions)
Dual Bound         : +1.00000000000000e+20
Gap                : 0.00 %
SCIP Status        : problem is solved [infeasible]
Total Time         :      80.34
  solving          :      80.34
  presolving       :       0.16 (included in solving)
  reading          :       0.00
  copying          :       0.72 (43 #copies) (minimal 0.00, maximal 0.04, average 0.02)
Original Problem   :
  Problem name     : model
  Variables        : 378 (378 binary, 0 integer, 0 implicit integer, 0 continuous)
  Constraints      : 378 initial, 378 maximal
  Objective        : minimize, 0 non-zeros (abs.min = 1e+20, abs.max = -1e+20)
Presolved Problem  :
  Problem name     : t_model
  Variables        : 360 (360 binary, 0 integer, 0 implicit integer, 0 continuous)
  Constraints      : 2769 initial, 9862 maximal
  Objective        : minimize, 0 non-zeros (abs.min = 1e+20, abs.max = -1e+20)
  Nonzeros         : 65565 constraint, 1117 clique table
Presolvers         :   ExecTime  SetupTime  Calls  FixedVars   AggrVars   ChgTypes  ChgBounds   AddHoles    DelCons    AddCons   ChgSides   ChgCoefs
  boundshift       :       0.00       0.00      0          0          0          0          0          0          0          0          0          0
  convertinttobin  :       0.00       0.00      0          0          0          0          0          0          0          0          0          0
  domcol           :       0.00       0.00      3          0          0          0          0          0          0          0          0          0
  dualagg          :       0.00       0.00      0          0          0          0          0          0          0          0          0          0
  dualcomp         :       0.00       0.00      0          0          0          0          0          0          0          0          0          0
  dualinfer        :       0.00       0.00      0          0          0          0          0          0          0          0          0          0
  dualsparsify     :       0.00       0.00      1          0          0          0          0          0          0          0          0          0
  gateextraction   :       0.02       0.00     10          0          0          0          0          0         14          7          0          0
  implics          :       0.00       0.00     15          0          0          0          0          0          0          0          0          0
  inttobinary      :       0.00       0.00      0          0          0          0          0          0          0          0          0          0
  qpkktref         :       0.00       0.00      0          0          0          0          0          0          0          0          0          0
  redvub           :       0.00       0.00      0          0          0          0          0          0          0          0          0          0
  sparsify         :       0.00       0.00      1          0          0          0          0          0          0          0          0          0
  stuffing         :       0.00       0.00      0          0          0          0          0          0          0          0          0          0
  trivial          :       0.00       0.00     19          6          0          0          0          0          0          0          0          0
  tworowbnd        :       0.00       0.00      0          0          0          0          0          0          0          0          0          0
  dualfix          :       0.00       0.00     19          0          0          0          0          0          0          0          0          0
  genvbounds       :       0.00       0.00      0          0          0          0          0          0          0          0          0          0
  probing          :       0.00       0.00      2          0          0          0          0          0          0          0          0          0
  pseudoobj        :       0.00       0.00      1          0          0          0          0          0          0          0          0          0
  symmetry         :       0.00       0.00      1          2          0          0          0          0          0         45          0          0
  vbounds          :       0.00       0.00      2          0          3          0          0          0          0          0          0          0
  knapsack         :       0.00       0.00     32          0          0          0          0          0          0          0          0          0
  setppc           :       0.01       0.00     42          0          6          0          0          0         19          0          0          0
  linear           :       0.01       0.00     22          0          0          0          0          0          8          0          7          0
  orbisack         :       0.00       0.00      6          0          0          0          0          0          0          0          0          0
  orbitope         :       0.00       0.00     13          1          0          0          0          0          0          0          0          0
  symresack        :       0.00       0.00      6          0          0          0          0          0          0          0          0          0
  logicor          :       0.09       0.02     29          0          0          0          0          0        466          0          0       1603
  benders          :       0.00       0.00      0          0          0          0          0          0          0          0          0          0
  components       :       0.01       0.00      2          0          0          0          0          0          0          0          0          0
  root node        :          -          -      -          6          -          -          6          -          -          -          -          -
Constraints        :     Number  MaxNumber  #Separate #Propagate    #EnfoLP    #EnfoRelax  #EnfoPS    #Check   #ResProp    Cutoffs    DomReds       Cuts    Applied      Conss   Children
  benderslp        :          0          0          0          0      12502          0          0         16          0          0          0          0          0          0          0
  integral         :          0          0          0          0      12502          0          0         16          0          0          0          0          0          0      25004
  knapsack         :         76+        89         14     206936          0          0          0          0     162985       1629     103117          0          0          0          0
  setppc           :        366+       461         24     206193          0          0          0         11     832747       4987     598800          2          0          0          0
  linear           :         21+        51         24     200705          0          0          0          0      11507        335      14574          0          0          0          0
  orbisack         :          3          3          0        264          0          0          0          0        657         39        203          0          0          0          0
  orbitope         :          2          2          0     200732          0          0          0          0      13031         14       1266          0          0          0          0
  symresack        :         40         40          0      38688          0          0          0          0       2729        133       1339          0          0          0          0
  logicor          :       2261+      9365         24     156854          0          0          0          0     246559       3080     171414          7          4          0          0
  benders          :          0          0          0          0          0          0          0          0          0          0          0          0          0          0          0
  countsols        :          0          0          0          0          0          0          0          0          0          0          0          0          0          0          0
  components       :          0          0          0          0          0          0          0          0          0          0          0          0          0          0          0
Constraint Timings :  TotalTime  SetupTime   Separate  Propagate     EnfoLP     EnfoPS     EnfoRelax   Check    ResProp    SB-Prop
  benderslp        :       0.01       0.00       0.00       0.00       0.01       0.00       0.00       0.00       0.00       0.00
  integral         :       0.76       0.00       0.00       0.00       0.76       0.00       0.00       0.00       0.00       0.00
  knapsack         :       4.67       0.00       0.05       4.43       0.00       0.00       0.00       0.00       0.19       0.00
  setppc           :       4.55       0.00       0.00       4.17       0.00       0.00       0.00       0.00       0.38       0.00
  linear           :       0.33       0.00       0.00       0.30       0.00       0.00       0.00       0.00       0.03       0.00
  orbisack         :       0.02       0.00       0.00       0.02       0.00       0.00       0.00       0.00       0.00       0.00
  orbitope         :       0.82       0.00       0.00       0.63       0.00       0.00       0.00       0.00       0.18       0.00
  symresack        :       0.15       0.00       0.00       0.14       0.00       0.00       0.00       0.00       0.00       0.00
  logicor          :       6.42       0.02       0.01       6.14       0.00       0.00       0.00       0.00       0.24       0.00
  benders          :       0.00       0.00       0.00       0.00       0.00       0.00       0.00       0.00       0.00       0.00
  countsols        :       0.00       0.00       0.00       0.00       0.00       0.00       0.00       0.00       0.00       0.00
  components       :       0.01       0.00       0.00       0.01       0.00       0.00       0.00       0.00       0.00       0.00
Propagators        : #Propagate   #ResProp    Cutoffs    DomReds
  dualfix          :          2          0          0          0
  genvbounds       :          0          0          0          0
  nlobbt           :          0          0          0          0
  obbt             :          0          0          0          0
  probing          :          0          0          0          0
  pseudoobj        :          0          0          0          0
  redcost          :          0          0          0          0
  rootredcost      :          0          0          0          0
  symmetry         :          0          0          0          0
  vbounds          :     167228          0          0          0
Propagator Timings :  TotalTime  SetupTime   Presolve  Propagate    ResProp    SB-Prop
  dualfix          :       0.00       0.00       0.00       0.00       0.00       0.00
  genvbounds       :       0.02       0.00       0.00       0.02       0.00       0.00
  nlobbt           :       0.00       0.00       0.00       0.00       0.00       0.00
  obbt             :       0.00       0.00       0.00       0.00       0.00       0.00
  probing          :       0.00       0.00       0.00       0.00       0.00       0.00
  pseudoobj        :       0.02       0.00       0.00       0.02       0.00       0.00
  redcost          :       0.01       0.00       0.00       0.01       0.00       0.00
  rootredcost      :       0.01       0.00       0.00       0.01       0.00       0.00
  symmetry         :       0.02       0.00       0.00       0.02       0.00       0.00
  vbounds          :       0.42       0.00       0.00       0.42       0.00       0.00
Orbital fixing     :
  vars fixed to 0  :          0
  vars fixed to 1  :          0
Conflict Analysis  :       Time      Calls    Success    DomReds  Conflicts   Literals    Reconvs ReconvLits   Dualrays   Nonzeros   LP Iters   (pool size: [10000,10000])
  propagation      :       1.28      10007       8457          -      59898       29.0        748       13.4          -          -          -
  infeasible LP    :       1.76       5113       4464          -      38209       26.7        251       11.6       2129       36.8          0
  bound exceed. LP :       0.00          0          0          -          0        0.0          0        0.0          0        0.0          0
  strong branching :       0.00          0          0          -          0        0.0          0        0.0          -          -          0
  pseudo solution  :       0.00          0          0          -          0        0.0          0        0.0          -          -          -
  applied globally :       0.32          -          -          0      45328       20.4          -          -       1854          -          -
  applied locally  :          -          -          -          0        372       40.0          -          -        275          -          -
Separators         :   ExecTime  SetupTime      Calls  RootCalls    Cutoffs    DomReds  FoundCuts ViaPoolAdd  DirectAdd    Applied ViaPoolApp  DirectApp      Conss
  cut pool         :       3.37          -       3074         47          -          -      48442      16653          -          -          -          -          -    (maximal pool size:       3477)
  aggregation      :       1.37       0.00       1662         24          0          0          0          0          0          0          0          0          0
  > cmir           :          -          -          -          -          -          -          -          0          0          0          0          0          -
  > flowcover      :          -          -          -          -          -          -          -          0          0          0          0          0          -
  > knapsackcover  :          -          -          -          -          -          -          -          0          0          0          0          0          -
  cgmip            :       0.00       0.00          0          0          0          0          0          0          0          0          0          0          0
  clique           :       0.02       0.00         24         24          0          0          1          1          0          1          1          0          0
  closecuts        :       0.00       0.00          0          0          0          0          0          0          0          0          0          0          0
  convexproj       :       0.00       0.00          0          0          0          0          0          0          0          0          0          0          0
  disjunctive      :       0.00       0.00          0          0          0          0          0          0          0          0          0          0          0
  eccuts           :       0.00       0.00          0          0          0          0          0          0          0          0          0          0          0
  gauge            :       0.00       0.00          0          0          0          0          0          0          0          0          0          0          0
  gomory           :       6.03       0.00       1657         20          0          0      70731      15934      22712       1983       1405        578          0
  > gomorymi       :          -          -          -          -          -          -          -       3230      11356        445        136        309          -
  > strongcg       :          -          -          -          -          -          -          -      12704      11356       1538       1269        269          -
  impliedbounds    :       0.03       0.00       1662         24          0          0          6         14          0         13         13          0          0
  interminor       :       0.00       0.00          0          0          0          0          0          0          0          0          0          0          0
  intobj           :       0.00       0.00          0          0          0          0          0          0          0          0          0          0          0
  mcf              :       0.00       0.00          2          2          0          0          0          0          0          0          0          0          0
  minor            :       0.00       0.00          0          0          0          0          0          0          0          0          0          0          0
  mixing           :       0.00       0.00          0          0          0          0          0          0          0          0          0          0          0
  oddcycle         :       0.00       0.00          0          0          0          0          0          0          0          0          0          0          0
  rapidlearning    :       7.76       0.00         42          2          0       1783          0          0          0          0          0          0        517
  rlt              :       0.00       0.00         20         20          0          0          0          0          0          0          0          0          0
  zerohalf         :       1.00       0.00       1661         24          0          0       2286        704       1870       1802        452       1350          0
Cutselectors       :   ExecTime  SetupTime      Calls  RootCalls   Selected     Forced   Filtered  RootSelec   RootForc   RootFilt 
  hybrid           :       0.05       0.00       1635         24       3803          0      37418         77          0       2207
Pricers            :   ExecTime  SetupTime      Calls       Vars
  problem variables:       0.00          -          0          0
Branching Rules    :   ExecTime  SetupTime   BranchLP  BranchExt   BranchPS    Cutoffs    DomReds       Cuts      Conss   Children
  allfullstrong    :       0.00       0.00          0          0          0          0          0          0          0          0
  cloud            :       0.00       0.00          0          0          0          0          0          0          0          0
  distribution     :       0.00       0.00          0          0          0          0          0          0          0          0
  fullstrong       :       0.00       0.00          0          0          0          0          0          0          0          0
  inference        :       0.00       0.00          0          0          0          0          0          0          0          0
  leastinf         :       0.00       0.00          0          0          0          0          0          0          0          0
  lookahead        :       0.00       0.00          0          0          0          0          0          0          0          0
  mostinf          :       0.00       0.00          0          0          0          0          0          0          0          0
  multaggr         :       0.00       0.00          0          0          0          0          0          0          0          0
  nodereopt        :       0.00       0.00          0          0          0          0          0          0          0          0
  pscost           :       0.00       0.00          0          0          0          0          0          0          0          0
  random           :       0.00       0.00          0          0          0          0          0          0          0          0
  relpscost        :       0.74       0.00      12502          0          0          0          0          0          0      25004
  vanillafullstrong:       0.00       0.00          0          0          0          0          0          0          0          0
Primal Heuristics  :   ExecTime  SetupTime      Calls      Found       Best
  LP solutions     :       0.00          -          -          0          0
  relax solutions  :       0.00          -          -          0          0
  pseudo solutions :       0.00          -          -          0          0
  strong branching :       0.00          -          -          0          0
  actconsdiving    :       0.00       0.00          0          0          0
  adaptivediving   :       0.43       0.00         97          0          0
  alns             :       0.01       0.00          5          0          0
  bound            :       0.00       0.00          0          0          0
  clique           :       0.00       0.00          1          0          0
  coefdiving       :       0.00       0.00          0          0          0
  completesol      :       0.00       0.00          0          0          0
  conflictdiving   :       0.71       0.00        216          0          0
  crossover        :       0.01       0.00          0          0          0
  dins             :       0.00       0.00          0          0          0
  distributiondivin:       1.01       0.00        215          0          0
  dps              :       0.00       0.00          0          0          0
  dualval          :       0.00       0.00          0          0          0
  farkasdiving     :       0.00       0.00          0          0          0
  feaspump         :       0.24       0.00         22          0          0
  fixandinfer      :       0.00       0.00          0          0          0
  fracdiving       :       0.49       0.00        215          0          0
  gins             :       0.01       0.00          0          0          0
  guideddiving     :       0.00       0.00          0          0          0
  indicator        :       0.01       0.00          0          0          0
  intdiving        :       0.00       0.00          0          0          0
  intshifting      :       0.00       0.00          0          0          0
  linesearchdiving :       0.69       0.00        215          0          0
  localbranching   :       0.00       0.00          0          0          0
  locks            :       0.00       0.00          1          0          0
  lpface           :       0.03       0.00          0          0          0
  mpec             :       0.00       0.00          0          0          0
  multistart       :       0.00       0.00          0          0          0
  mutation         :       0.00       0.00          0          0          0
  nlpdiving        :       0.00       0.00          0          0          0
  objpscostdiving  :       0.30       0.00         16          0          0
  octane           :       0.00       0.00          0          0          0
  ofins            :       0.01       0.00          0          0          0
  oneopt           :       0.01       0.00          0          0          0
  padm             :       0.00       0.00          0          0          0
  proximity        :       0.00       0.00          0          0          0
  pscostdiving     :       0.52       0.00        216          0          0
  randrounding     :       0.05       0.00         34          0          0
  rens             :       0.00       0.00          0          0          0
  reoptsols        :       0.00       0.00          0          0          0
  repair           :       0.00       0.00          0          0          0
  rins             :       0.01       0.00          0          0          0
  rootsoldiving    :       0.42       0.00         24          0          0
  rounding         :       0.09       0.00       1632          0          0
  shiftandpropagate:       0.01       0.00          2          0          0
  shifting         :       0.08       0.00        635          0          0
  simplerounding   :       0.01       0.00          0          0          0
  subnlp           :       0.01       0.00          0          0          0
  trivial          :       0.00       0.00          2          0          0
  trivialnegation  :       0.00       0.00          0          0          0
  trustregion      :       0.00       0.00          0          0          0
  trysol           :       0.01       0.00          0          0          0
  twoopt           :       0.00       0.00          0          0          0
  undercover       :       0.00       0.00          0          0          0
  vbounds          :       0.00       0.00          2          0          0
  veclendiving     :       0.47       0.00        215          0          0
  zeroobj          :       0.00       0.00          0          0          0
  zirounding       :       0.02       0.00       1000          0          0
  other solutions  :          -          -          -          0          -
LP                 :       Time      Calls Iterations  Iter/call   Iter/sec  Time-0-It Calls-0-It    ItLimit
  primal LP        :       0.97        818          0       0.00       0.00       0.97        818
  dual LP          :      24.98      18978     743874      39.53   29784.18       0.06        161
  lex dual LP      :       0.00          0          0       0.00          -
  barrier LP       :       0.00          0          0       0.00          -       0.00          0
  resolve instable :       0.00          0          0       0.00          -
  diving/probing LP:       1.59       1161      38709      33.34   24272.69
  strong branching :       0.27         22       6575     298.86   24393.50          -          -          0
    (at root node) :          -         22       6575     298.86          -
  conflict analysis:       0.00          0          0       0.00          -
B&B Tree           :
  number of runs   :          2
  nodes            :      20829 (11953 internal, 8876 leaves)
  feasible leaves  :          0
  infeas. leaves   :       8876
  objective leaves :          0
  nodes (total)    :      21766 (12502 internal, 9264 leaves)
  nodes left       :          0
  max depth        :         20
  max depth (total):         20
  backtracks       :       7157 (34.4%)
  early backtracks :          0 (0.0%)
  nodes exc. ref.  :          0 (0.0%)
  delayed cutoffs  :       3078
  repropagations   :      12073 (271661 domain reductions, 2700 cutoffs)
  avg switch length:       4.80
  switching time   :       7.62
Root Node          :
  First LP value   : +0.00000000000000e+00
  First LP Iters   :        245 (46533.71 Iter/sec)
  First LP Time    :       0.01
  Final Dual Bound : +0.00000000000000e+00
  Final Root Iters :       3079
  Root LP Estimate : +1.01232148126680e-02
Solution           :
  Solutions found  :          0 (0 improvements)
  Primal Bound     : infeasible
  Dual Bound       :          -
  Gap              :       0.00 %
Integrals          :      Total       Avg%
  primal-dual      :          -          - (problem infeasible)
  primal-ref       :          -          - (problem infeasible)
  dual-ref         :          -          - (problem infeasible)
written solution information to file <results/final_flowersnark__settings_final_moresymresack_relabel_respect__0__flowersnark21_3.cip.sol>
@04 1667993441
