FILENAME:   ../instances_new/flowersnark/flowersnark17_3.cip
SETTINGS:   settings_final_nosymretope_norelabel
TIMELIMIT:  7200
OUTPUTNAME: final_flowersnark__settings_final_nosymretope_norelabel__0__
BINNAME:    bin/sbcs.linux.x86_64.gnu.opt.cpx
BASENAME:   flowersnark17_3.cip
SEED:       0
@01 ../instances_new/flowersnark/flowersnark17_3.cip ===========
@02 flowersnark17_3.cip
@03 1667917817
SCIP version 8.0.2 [precision: 8 byte] [memory: block] [mode: optimized] [LP solver: CPLEX 20.1.0.0] [GitHash: 5f0473c]
Copyright (C) 2002-2022 Konrad-Zuse-Zentrum fuer Informationstechnik Berlin (ZIB)

Symretope propagation methods - (c) Jasper van Doornmalen, Christopher Hojny.
[GitHash: 2fd0484]

reading parameter file <../settings/settings_final_nosymretope_norelabel.set> ...

Changed settings:
limits/time = 7200
misc/usesymmetry = 1
constraints/orbisack/sepafreq = -1
constraints/symresack/sepafreq = -1
propagating/symmetry/addsymresacks = TRUE
propagating/symmetry/detectsubgroups = FALSE
propagating/symmetry/usesymretopes = FALSE
propagating/symmetry/relabelsymretopes = 0
propagating/symmetry/ofsymcomptiming = 0
constraints/symretope/sepafreq = -1
constraints/symretope/peek = FALSE


solving problem ...

original problem has 306 variables (306 bin, 0 int, 0 impl, 0 cont) and 306 constraints
presolving:
(round 1, exhaustive) 0 del vars, 0 del conss, 0 add conss, 0 chg bounds, 0 chg sides, 0 chg coeffs, 306 upgd conss, 0 impls, 306 clqs
   (0.0s) probing: 51/306 (16.7%) - 0 fixings, 0 aggregations, 0 implications, 0 bound changes
   (0.0s) probing aborted: 50/50 successive totally useless probings
   (0.0s) symmetry computation started: requiring (bin +, int +, cont +), (fixed: bin -, int -, cont -)
   (0.0s) symmetry computation finished: 5 generators found (max: 1500, log10 of symmetry group size: 2.6)
(round 2, exhaustive) 7 del vars, 0 del conss, 5 add conss, 0 chg bounds, 0 chg sides, 0 chg coeffs, 306 upgd conss, 0 impls, 303 clqs
(round 3, fast)       16 del vars, 7 del conss, 5 add conss, 0 chg bounds, 0 chg sides, 0 chg coeffs, 306 upgd conss, 0 impls, 299 clqs
(round 4, medium)     22 del vars, 7 del conss, 5 add conss, 0 chg bounds, 0 chg sides, 0 chg coeffs, 306 upgd conss, 0 impls, 295 clqs
(round 5, fast)       31 del vars, 15 del conss, 5 add conss, 0 chg bounds, 0 chg sides, 0 chg coeffs, 306 upgd conss, 0 impls, 291 clqs
   (0.0s) probing: 56/306 (18.3%) - 0 fixings, 0 aggregations, 0 implications, 0 bound changes
   (0.0s) probing aborted: 50/50 successive totally useless probings
presolving (6 rounds: 6 fast, 4 medium, 3 exhaustive):
 31 deleted vars, 15 deleted constraints, 5 added constraints, 0 tightened bounds, 0 added holes, 0 changed sides, 0 changed coefficients
 0 implications, 291 cliques
presolved problem has 285 variables (285 bin, 0 int, 0 impl, 0 cont) and 296 constraints
    291 constraints of type <setppc>
      2 constraints of type <orbisack>
      2 constraints of type <orbitope>
      1 constraints of type <symresack>
transformed objective value is always integral (scale: 1)
Presolving Time: 0.01

 time | node  | left  |LP iter|LP it/n|mem/heur|mdpt |vars |cons |rows |cuts |sepa|confs|strbr|  dualbound   | primalbound  |  gap   | compl. 
  0.0s|     1 |     0 |   102 |     - |  4402k |   0 | 285 | 324 | 291 |   0 |  0 |  27 |   0 | 0.000000e+00 |      --      |    Inf | unknown
  0.1s|     1 |     0 |   915 |     - |  4590k |   0 | 285 | 526 | 294 |   3 |  1 |  29 |   0 | 0.000000e+00 |      --      |    Inf | unknown
  0.1s|     1 |     0 |   989 |     - |  5192k |   0 | 285 | 528 | 297 |   6 |  2 |  31 |   0 | 0.000000e+00 |      --      |    Inf | unknown
  0.1s|     1 |     0 |  1047 |     - |  6406k |   0 | 285 | 529 | 299 |   8 |  3 |  32 |   0 | 0.000000e+00 |      --      |    Inf | unknown
  0.2s|     1 |     0 |  1160 |     - |  7005k |   0 | 285 | 530 | 302 |  11 |  4 |  33 |   0 | 0.000000e+00 |      --      |    Inf | unknown
  0.2s|     1 |     0 |  1256 |     - |  9041k |   0 | 285 | 531 | 304 |  13 |  5 |  34 |   0 | 0.000000e+00 |      --      |    Inf | unknown
  0.2s|     1 |     0 |  1366 |     - |    11M |   0 | 285 | 532 | 308 |  17 |  6 |  35 |   0 | 0.000000e+00 |      --      |    Inf | unknown
  0.3s|     1 |     0 |  1539 |     - |    12M |   0 | 285 | 534 | 311 |  20 |  7 |  37 |   0 | 0.000000e+00 |      --      |    Inf | unknown
  0.3s|     1 |     0 |  1650 |     - |    15M |   0 | 285 | 536 | 313 |  22 |  8 |  39 |   0 | 0.000000e+00 |      --      |    Inf | unknown
  0.3s|     1 |     0 |  1762 |     - |    18M |   0 | 285 | 537 | 315 |  24 |  9 |  40 |   0 | 0.000000e+00 |      --      |    Inf | unknown
  0.4s|     1 |     0 |  1858 |     - |    18M |   0 | 285 | 539 | 317 |  26 | 10 |  42 |   0 | 0.000000e+00 |      --      |    Inf | unknown
  0.4s|     1 |     0 |  1925 |     - |    18M |   0 | 285 | 540 | 319 |  28 | 11 |  43 |   0 | 0.000000e+00 |      --      |    Inf | unknown
  0.5s|     1 |     2 |  1925 |     - |    18M |   0 | 285 | 546 | 319 |  28 | 11 |  49 |  11 | 0.000000e+00 |      --      |    Inf | unknown
  1.1s|   100 |    25 | 10318 |  84.8 |    20M |  15 | 285 | 761 | 311 |  85 |  0 | 266 |  11 | 0.000000e+00 |      --      |    Inf |   9.97%
  1.7s|   200 |    29 | 17147 |  76.5 |    24M |  15 | 285 | 942 | 310 | 143 |  1 | 451 |  11 | 0.000000e+00 |      --      |    Inf |  11.28%
 time | node  | left  |LP iter|LP it/n|mem/heur|mdpt |vars |cons |rows |cuts |sepa|confs|strbr|  dualbound   | primalbound  |  gap   | compl. 
  1.9s|   300 |    22 | 22725 |  69.6 |    25M |  15 | 285 |1203 | 311 | 170 |  0 | 713 |  11 | 0.000000e+00 |      --      |    Inf |  12.29%
  2.3s|   400 |    39 | 28963 |  67.8 |    25M |  15 | 285 |1534 | 308 | 231 |  1 |1045 |  11 | 0.000000e+00 |      --      |    Inf |  13.06%
  2.6s|   500 |    46 | 33540 |  63.4 |    25M |  16 | 285 |1925 | 307 | 245 |  1 |1445 |  11 | 0.000000e+00 |      --      |    Inf |  13.79%
  2.8s|   600 |    38 | 38051 |  60.3 |    26M |  16 | 285 |2288 | 309 | 261 |  1 |1843 |  11 | 0.000000e+00 |      --      |    Inf |  14.17%
  4.8s|   700 |     6 | 44777 |  61.3 |    26M |  16 | 285 |2492 | 306 | 291 |  1 |2075 |  11 | 0.000000e+00 |      --      |    Inf |  56.25%
  5.6s|   800 |    29 | 49812 |  59.9 |    26M |  16 | 285 |2775 | 309 | 329 |  0 |2375 |  11 | 0.000000e+00 |      --      |    Inf |  56.75%
  5.9s|   900 |    38 | 54063 |  58.0 |    26M |  16 | 285 |2925 | 307 | 404 |  1 |2583 |  11 | 0.000000e+00 |      --      |    Inf |  58.05%
  6.2s|  1000 |    40 | 59006 |  57.1 |    27M |  16 | 285 |3123 | 309 | 448 |  1 |2903 |  11 | 0.000000e+00 |      --      |    Inf |  58.74%
  6.4s|  1100 |    43 | 63284 |  55.8 |    27M |  17 | 285 |3273 |   0 | 466 |  0 |3138 |  11 | 0.000000e+00 |      --      |    Inf |  59.20%
  6.8s|  1200 |    62 | 68244 |  55.3 |    27M |  17 | 285 |3409 | 309 | 509 |  1 |3503 |  11 | 0.000000e+00 |      --      |    Inf |  59.52%
  7.1s|  1300 |    63 | 72812 |  54.6 |    27M |  17 | 285 |3473 | 309 | 542 |  0 |3963 |  11 | 0.000000e+00 |      --      |    Inf |  59.95%
  7.4s|  1400 |    48 | 76454 |  53.3 |    28M |  17 | 285 |3322 | 309 | 596 |  1 |4140 |  11 | 0.000000e+00 |      --      |    Inf |  60.99%
  7.6s|  1500 |    38 | 79931 |  52.0 |    28M |  17 | 285 |3343 | 311 | 637 |  1 |4313 |  11 | 0.000000e+00 |      --      |    Inf |  61.95%
  8.0s|  1600 |    13 | 85137 |  52.0 |    28M |  17 | 285 |3393 | 312 | 711 |  0 |4554 |  11 | 0.000000e+00 |      --      |    Inf |  62.94%
  8.6s|  1700 |     9 | 90471 |  52.1 |    28M |  17 | 285 |3358 | 309 | 765 |  1 |4709 |  11 | 0.000000e+00 |      --      |    Inf |  69.93%
 time | node  | left  |LP iter|LP it/n|mem/heur|mdpt |vars |cons |rows |cuts |sepa|confs|strbr|  dualbound   | primalbound  |  gap   | compl. 
  9.2s|  1800 |    23 | 96220 |  52.4 |    28M |  17 | 285 |3199 | 309 | 814 |  1 |4900 |  11 | 0.000000e+00 |      --      |    Inf |  73.18%
  9.5s|  1900 |    33 |101224 |  52.3 |    28M |  17 | 285 |3330 | 306 | 857 |  0 |5155 |  11 | 0.000000e+00 |      --      |    Inf |  73.84%
  9.7s|  2000 |    23 |104876 |  51.5 |    28M |  17 | 285 |3477 | 310 | 876 |  1 |5447 |  11 | 0.000000e+00 |      --      |    Inf |  74.19%
 10.1s|  2100 |    37 |110091 |  51.5 |    28M |  17 | 285 |3626 | 307 | 909 |  0 |5752 |  11 | 0.000000e+00 |      --      |    Inf |  74.88%
 10.3s|  2200 |    19 |114102 |  51.0 |    29M |  17 | 285 |3756 |   0 | 909 |  0 |6065 |  11 | 0.000000e+00 |      --      |    Inf |  75.21%
 10.5s|  2300 |    16 |118878 |  50.9 |    30M |  17 | 285 |3829 | 310 | 942 |  1 |6295 |  11 | 0.000000e+00 |      --      |    Inf |  75.50%
 10.9s|  2400 |    17 |123913 |  50.8 |    30M |  17 | 285 |3830 | 310 |1011 |  0 |6495 |  11 | 0.000000e+00 |      --      |    Inf |  76.05%
 11.2s|  2500 |    17 |128244 |  50.5 |    31M |  18 | 285 |3890 | 309 |1026 |  0 |6744 |  11 | 0.000000e+00 |      --      |    Inf |  79.48%
 11.7s|  2600 |    10 |132368 |  50.2 |    31M |  18 | 285 |3897 | 308 |1051 |  0 |6958 |  11 | 0.000000e+00 |      --      |    Inf |  80.25%
 12.0s|  2700 |    33 |137688 |  50.3 |    31M |  18 | 285 |4048 | 306 |1091 |  0 |7238 |  11 | 0.000000e+00 |      --      |    Inf |  80.88%
 12.2s|  2800 |    25 |142094 |  50.1 |    31M |  18 | 285 |4158 | 309 |1118 |  1 |7439 |  11 | 0.000000e+00 |      --      |    Inf |  81.45%
 12.6s|  2900 |    20 |147987 |  50.4 |    31M |  18 | 285 |4247 |   0 |1183 |  0 |7641 |  11 | 0.000000e+00 |      --      |    Inf |  82.24%
 13.0s|  3000 |    34 |153724 |  50.6 |    31M |  18 | 285 |4437 | 310 |1234 |  1 |7952 |  11 | 0.000000e+00 |      --      |    Inf |  82.60%
 13.2s|  3100 |    33 |158910 |  50.7 |    31M |  18 | 285 |4559 | 312 |1261 |  1 |8233 |  11 | 0.000000e+00 |      --      |    Inf |  82.84%
 13.5s|  3200 |    26 |162848 |  50.3 |    32M |  18 | 285 |4663 | 311 |1279 |  0 |8488 |  11 | 0.000000e+00 |      --      |    Inf |  83.14%
 time | node  | left  |LP iter|LP it/n|mem/heur|mdpt |vars |cons |rows |cuts |sepa|confs|strbr|  dualbound   | primalbound  |  gap   | compl. 
 14.1s|  3300 |    40 |169202 |  50.7 |    32M |  18 | 285 |4574 | 307 |1356 |  0 |8707 |  11 | 0.000000e+00 |      --      |    Inf |  84.12%
 14.5s|  3400 |    25 |174397 |  50.7 |    32M |  18 | 285 |4597 |   0 |1414 |  0 |8880 |  11 | 0.000000e+00 |      --      |    Inf |  85.42%
 14.8s|  3500 |    37 |179282 |  50.7 |    32M |  18 | 285 |4573 | 309 |1488 |  1 |9108 |  11 | 0.000000e+00 |      --      |    Inf |  86.19%
 15.2s|  3600 |    12 |182930 |  50.3 |    32M |  18 | 285 |4518 | 310 |1536 |  0 |9297 |  11 | 0.000000e+00 |      --      |    Inf |  90.49%
 15.7s|  3700 |    35 |187647 |  50.2 |    32M |  18 | 285 |4538 | 308 |1575 |  0 |9490 |  11 | 0.000000e+00 |      --      |    Inf |  90.88%
 15.9s|  3800 |    36 |191250 |  49.8 |    32M |  18 | 285 |4608 | 308 |1585 |  1 |9807 |  11 | 0.000000e+00 |      --      |    Inf |  91.17%
 16.2s|  3900 |    25 |195503 |  49.6 |    32M |  18 | 285 |4634 | 321 |1633 |  5 |9981 |  11 | 0.000000e+00 |      --      |    Inf |  92.04%
 16.5s|  4000 |    20 |199577 |  49.4 |    32M |  18 | 285 |4672 | 316 |1675 |  3 |  10k|  11 | 0.000000e+00 |      --      |    Inf |  92.66%
 16.7s|  4100 |    16 |203304 |  49.1 |    32M |  18 | 285 |4742 | 310 |1724 |  0 |  10k|  11 | 0.000000e+00 |      --      |    Inf |  93.27%
 17.2s|  4200 |    12 |208056 |  49.1 |    32M |  18 | 285 |4762 |   0 |1763 |  0 |  10k|  11 | 0.000000e+00 |      --      |    Inf |  93.99%
 17.5s|  4300 |    14 |211748 |  48.8 |    32M |  18 | 285 |4746 | 311 |1812 |  1 |  10k|  11 | 0.000000e+00 |      --      |    Inf |  94.49%
 17.8s|  4400 |    15 |215701 |  48.6 |    33M |  18 | 285 |4743 |   0 |1875 |  0 |  10k|  11 | 0.000000e+00 |      --      |    Inf |  95.68%
 18.1s|  4500 |     4 |220509 |  48.6 |    33M |  18 | 285 |4732 |   0 |1938 |  0 |  11k|  11 | 0.000000e+00 |      --      |    Inf |  96.85%
 18.7s|  4600 |    11 |225300 |  48.6 |    33M |  18 | 285 |4661 | 307 |2013 |  1 |  11k|  11 | 0.000000e+00 |      --      |    Inf |  98.02%

SCIP Status        : problem is solved [infeasible]
Solving Time (sec) : 18.77
Solving Nodes      : 4630
Primal Bound       : +1.00000000000000e+20 (0 solutions)
Dual Bound         : +1.00000000000000e+20
Gap                : 0.00 %
SCIP Status        : problem is solved [infeasible]
Total Time         :      18.78
  solving          :      18.77
  presolving       :       0.01 (included in solving)
  reading          :       0.00
  copying          :       0.25 (34 #copies) (minimal 0.00, maximal 0.01, average 0.01)
Original Problem   :
  Problem name     : model
  Variables        : 306 (306 binary, 0 integer, 0 implicit integer, 0 continuous)
  Constraints      : 306 initial, 306 maximal
  Objective        : minimize, 0 non-zeros (abs.min = 1e+20, abs.max = -1e+20)
Presolved Problem  :
  Problem name     : t_model
  Variables        : 285 (285 binary, 0 integer, 0 implicit integer, 0 continuous)
  Constraints      : 296 initial, 4775 maximal
  Objective        : minimize, 0 non-zeros (abs.min = 1e+20, abs.max = -1e+20)
  Nonzeros         : 2073 constraint, 849 clique table
Presolvers         :   ExecTime  SetupTime  Calls  FixedVars   AggrVars   ChgTypes  ChgBounds   AddHoles    DelCons    AddCons   ChgSides   ChgCoefs
  boundshift       :       0.00       0.00      0          0          0          0          0          0          0          0          0          0
  convertinttobin  :       0.00       0.00      0          0          0          0          0          0          0          0          0          0
  domcol           :       0.00       0.00      2          0          0          0          0          0          0          0          0          0
  dualagg          :       0.00       0.00      0          0          0          0          0          0          0          0          0          0
  dualcomp         :       0.00       0.00      0          0          0          0          0          0          0          0          0          0
  dualinfer        :       0.00       0.00      0          0          0          0          0          0          0          0          0          0
  dualsparsify     :       0.00       0.00      1          0          0          0          0          0          0          0          0          0
  gateextraction   :       0.00       0.00      0          0          0          0          0          0          0          0          0          0
  implics          :       0.00       0.00      4          0          0          0          0          0          0          0          0          0
  inttobinary      :       0.00       0.00      0          0          0          0          0          0          0          0          0          0
  qpkktref         :       0.00       0.00      0          0          0          0          0          0          0          0          0          0
  redvub           :       0.00       0.00      0          0          0          0          0          0          0          0          0          0
  sparsify         :       0.00       0.00      1          0          0          0          0          0          0          0          0          0
  stuffing         :       0.00       0.00      0          0          0          0          0          0          0          0          0          0
  trivial          :       0.00       0.00      6         10          0          0          0          0          0          0          0          0
  tworowbnd        :       0.00       0.00      0          0          0          0          0          0          0          0          0          0
  dualfix          :       0.00       0.00      6          0          0          0          0          0          0          0          0          0
  genvbounds       :       0.00       0.00      0          0          0          0          0          0          0          0          0          0
  probing          :       0.00       0.00      2          0          0          0          0          0          0          0          0          0
  pseudoobj        :       0.00       0.00      0          0          0          0          0          0          0          0          0          0
  symmetry         :       0.00       0.00      1          2          0          0          0          0          0          5          0          0
  vbounds          :       0.00       0.00      1          0          0          0          0          0          0          0          0          0
  knapsack         :       0.00       0.00      0          0          0          0          0          0          0          0          0          0
  setppc           :       0.00       0.00     10          0          8          0          0          0         15          0          0          0
  linear           :       0.00       0.00      2          0          0          0          0          0          0          0          0          0
  orbisack         :       0.00       0.00      1          0          0          0          0          0          0          0          0          0
  orbitope         :       0.00       0.00      2          1          0          0          0          0          0          0          0          0
  symresack        :       0.00       0.00      1          0          0          0          0          0          0          0          0          0
  logicor          :       0.00       0.00      0          0          0          0          0          0          0          0          0          0
  benders          :       0.00       0.00      0          0          0          0          0          0          0          0          0          0
  components       :       0.00       0.00      1          0          0          0          0          0          0          0          0          0
  root node        :          -          -      -          8          -          -          8          -          -          -          -          -
Constraints        :     Number  MaxNumber  #Separate #Propagate    #EnfoLP    #EnfoRelax  #EnfoPS    #Check   #ResProp    Cutoffs    DomReds       Cuts    Applied      Conss   Children
  benderslp        :          0          0          0          0       2637          0          0          7          0          0          0          0          0          0          0
  integral         :          0          0          0          0       2637          0          0          7          0          0          0          0          0          0       5274
  knapsack         :          0+        81          0      43055          0          0          0          0      10255        326      13437          0          0          0          0
  setppc           :        291+       298         11      43732          0          0          0          3     112829       1152      92944          0          0          0          0
  linear           :          0+       224         11      42073          0          0          0          0       3569        142       4532          0          0          0          0
  orbisack         :          2          2          0          0          0          0          0          0          0          0          0          0          0          0          0
  orbitope         :          2          2          0      42338          0          0          0          0          0          0          0          0          0          0          0
  symresack        :          1          1          0       8080          0          0          0          0        139         20        146          0          0          0          0
  logicor          :          0+      4383         11      30750          0          0          0          0      21032        565      16201          0          0          0          0
  benders          :          0          0          0          0          0          0          0          0          0          0          0          0          0          0          0
  countsols        :          0          0          0          0          0          0          0          0          0          0          0          0          0          0          0
  components       :          0          0          0          0          0          0          0          0          0          0          0          0          0          0          0
Constraint Timings :  TotalTime  SetupTime   Separate  Propagate     EnfoLP     EnfoPS     EnfoRelax   Check    ResProp    SB-Prop
  benderslp        :       0.00       0.00       0.00       0.00       0.00       0.00       0.00       0.00       0.00       0.00
  integral         :       0.18       0.00       0.00       0.00       0.18       0.00       0.00       0.00       0.00       0.00
  knapsack         :       0.17       0.00       0.00       0.16       0.00       0.00       0.00       0.00       0.01       0.00
  setppc           :       0.42       0.00       0.00       0.40       0.00       0.00       0.00       0.00       0.03       0.00
  linear           :       0.09       0.00       0.00       0.08       0.00       0.00       0.00       0.00       0.00       0.00
  orbisack         :       0.00       0.00       0.00       0.00       0.00       0.00       0.00       0.00       0.00       0.00
  orbitope         :       0.09       0.00       0.00       0.09       0.00       0.00       0.00       0.00       0.00       0.00
  symresack        :       0.00       0.00       0.00       0.00       0.00       0.00       0.00       0.00       0.00       0.00
  logicor          :       0.49       0.00       0.00       0.48       0.00       0.00       0.00       0.00       0.01       0.00
  benders          :       0.00       0.00       0.00       0.00       0.00       0.00       0.00       0.00       0.00       0.00
  countsols        :       0.00       0.00       0.00       0.00       0.00       0.00       0.00       0.00       0.00       0.00
  components       :       0.00       0.00       0.00       0.00       0.00       0.00       0.00       0.00       0.00       0.00
Propagators        : #Propagate   #ResProp    Cutoffs    DomReds
  dualfix          :          1          0          0          0
  genvbounds       :          0          0          0          0
  nlobbt           :          0          0          0          0
  obbt             :          0          0          0          0
  probing          :          0          0          0          0
  pseudoobj        :          0          0          0          0
  redcost          :          0          0          0          0
  rootredcost      :          0          0          0          0
  symmetry         :          0          0          0          0
  vbounds          :      33246          0          0          0
Propagator Timings :  TotalTime  SetupTime   Presolve  Propagate    ResProp    SB-Prop
  dualfix          :       0.00       0.00       0.00       0.00       0.00       0.00
  genvbounds       :       0.00       0.00       0.00       0.00       0.00       0.00
  nlobbt           :       0.00       0.00       0.00       0.00       0.00       0.00
  obbt             :       0.00       0.00       0.00       0.00       0.00       0.00
  probing          :       0.00       0.00       0.00       0.00       0.00       0.00
  pseudoobj        :       0.00       0.00       0.00       0.00       0.00       0.00
  redcost          :       0.00       0.00       0.00       0.00       0.00       0.00
  rootredcost      :       0.00       0.00       0.00       0.00       0.00       0.00
  symmetry         :       0.00       0.00       0.00       0.00       0.00       0.00
  vbounds          :       0.05       0.00       0.00       0.05       0.00       0.00
Orbital fixing     :
  vars fixed to 0  :          0
  vars fixed to 1  :          0
Conflict Analysis  :       Time      Calls    Success    DomReds  Conflicts   Literals    Reconvs ReconvLits   Dualrays   Nonzeros   LP Iters   (pool size: [10000,10000])
  propagation      :       0.08       2139       2018          -      10924       20.2        177       11.2          -          -          -
  infeasible LP    :       0.22       1464       1278          -       8245       18.8         57        9.0        673       29.0          0
  bound exceed. LP :       0.00          0          0          -          0        0.0          0        0.0          0        0.0          0
  strong branching :       0.00          0          0          -          0        0.0          0        0.0          -          -          0
  pseudo solution  :       0.00          0          0          -          0        0.0          0        0.0          -          -          -
  applied globally :       0.04          -          -          0      10539       15.0          -          -        584          -          -
  applied locally  :          -          -          -          0        104       19.2          -          -         89          -          -
Separators         :   ExecTime  SetupTime      Calls  RootCalls    Cutoffs    DomReds  FoundCuts ViaPoolAdd  DirectAdd    Applied ViaPoolApp  DirectApp      Conss
  cut pool         :       1.08          -       1308         21          -          -      19982       8906          -          -          -          -          -    (maximal pool size:       3166)
  aggregation      :       0.74       0.00        721         11          0          0          0          0          0          0          0          0          0
  > cmir           :          -          -          -          -          -          -          -          0          0          0          0          0          -
  > flowcover      :          -          -          -          -          -          -          -          0          0          0          0          0          -
  > knapsackcover  :          -          -          -          -          -          -          -          0          0          0          0          0          -
  cgmip            :       0.00       0.00          0          0          0          0          0          0          0          0          0          0          0
  clique           :       0.00       0.00         11         11          0          0          0          0          0          0          0          0          0
  closecuts        :       0.00       0.00          0          0          0          0          0          0          0          0          0          0          0
  convexproj       :       0.00       0.00          0          0          0          0          0          0          0          0          0          0          0
  disjunctive      :       0.00       0.00          0          0          0          0          0          0          0          0          0          0          0
  eccuts           :       0.00       0.00          0          0          0          0          0          0          0          0          0          0          0
  gauge            :       0.00       0.00          0          0          0          0          0          0          0          0          0          0          0
  gomory           :       2.35       0.00        719         10          0          0      31041       8366      11226       1119        837        282          0
  > gomorymi       :          -          -          -          -          -          -          -        949       5613        209         47        162          -
  > strongcg       :          -          -          -          -          -          -          -       7417       5613        910        790        120          -
  impliedbounds    :       0.01       0.00        721         11          0          0          0          0          0          0          0          0          0
  interminor       :       0.00       0.00          0          0          0          0          0          0          0          0          0          0          0
  intobj           :       0.00       0.00          0          0          0          0          0          0          0          0          0          0          0
  mcf              :       0.00       0.00          1          1          0          0          0          0          0          0          0          0          0
  minor            :       0.00       0.00          0          0          0          0          0          0          0          0          0          0          0
  mixing           :       0.00       0.00          0          0          0          0          0          0          0          0          0          0          0
  oddcycle         :       0.00       0.00          0          0          0          0          0          0          0          0          0          0          0
  rapidlearning    :       4.03       0.00         33          1          0       3182          0          0          0          0          0          0        430
  rlt              :       0.00       0.00         10         10          0          0          0          0          0          0          0          0          0
  zerohalf         :       0.35       0.00        720         11          0          0       1138        540        971        911        236        675          0
Cutselectors       :   ExecTime  SetupTime      Calls  RootCalls   Selected     Forced   Filtered  RootSelec   RootForc   RootFilt 
  hybrid           :       0.02       0.00        715         11       2030          0      19073         28          0        773
Pricers            :   ExecTime  SetupTime      Calls       Vars
  problem variables:       0.00          -          0          0
Branching Rules    :   ExecTime  SetupTime   BranchLP  BranchExt   BranchPS    Cutoffs    DomReds       Cuts      Conss   Children
  allfullstrong    :       0.00       0.00          0          0          0          0          0          0          0          0
  cloud            :       0.00       0.00          0          0          0          0          0          0          0          0
  distribution     :       0.00       0.00          0          0          0          0          0          0          0          0
  fullstrong       :       0.00       0.00          0          0          0          0          0          0          0          0
  inference        :       0.00       0.00          0          0          0          0          0          0          0          0
  leastinf         :       0.00       0.00          0          0          0          0          0          0          0          0
  lookahead        :       0.00       0.00          0          0          0          0          0          0          0          0
  mostinf          :       0.00       0.00          0          0          0          0          0          0          0          0
  multaggr         :       0.00       0.00          0          0          0          0          0          0          0          0
  nodereopt        :       0.00       0.00          0          0          0          0          0          0          0          0
  pscost           :       0.00       0.00          0          0          0          0          0          0          0          0
  random           :       0.00       0.00          0          0          0          0          0          0          0          0
  relpscost        :       0.18       0.00       2637          0          0          0          0          0          0       5274
  vanillafullstrong:       0.00       0.00          0          0          0          0          0          0          0          0
Primal Heuristics  :   ExecTime  SetupTime      Calls      Found       Best
  LP solutions     :       0.00          -          -          0          0
  relax solutions  :       0.00          -          -          0          0
  pseudo solutions :       0.00          -          -          0          0
  strong branching :       0.00          -          -          0          0
  actconsdiving    :       0.00       0.00          0          0          0
  adaptivediving   :       0.16       0.00         74          0          0
  alns             :       0.00       0.00          1          0          0
  bound            :       0.00       0.00          0          0          0
  clique           :       0.00       0.00          1          0          0
  coefdiving       :       0.00       0.00          0          0          0
  completesol      :       0.00       0.00          0          0          0
  conflictdiving   :       0.09       0.00         66          0          0
  crossover        :       0.00       0.00          0          0          0
  dins             :       0.00       0.00          0          0          0
  distributiondivin:       0.16       0.00         65          0          0
  dps              :       0.00       0.00          0          0          0
  dualval          :       0.00       0.00          0          0          0
  farkasdiving     :       0.00       0.00          0          0          0
  feaspump         :       0.02       0.00          1          0          0
  fixandinfer      :       0.00       0.00          0          0          0
  fracdiving       :       0.08       0.00         65          0          0
  gins             :       0.00       0.00          0          0          0
  guideddiving     :       0.00       0.00          0          0          0
  indicator        :       0.00       0.00          0          0          0
  intdiving        :       0.00       0.00          0          0          0
  intshifting      :       0.00       0.00          0          0          0
  linesearchdiving :       0.16       0.00         63          0          0
  localbranching   :       0.00       0.00          0          0          0
  locks            :       0.00       0.00          1          0          0
  lpface           :       0.00       0.00          0          0          0
  mpec             :       0.00       0.00          0          0          0
  multistart       :       0.00       0.00          0          0          0
  mutation         :       0.00       0.00          0          0          0
  nlpdiving        :       0.00       0.00          0          0          0
  objpscostdiving  :       0.14       0.00          6          0          0
  octane           :       0.00       0.00          0          0          0
  ofins            :       0.00       0.00          0          0          0
  oneopt           :       0.00       0.00          0          0          0
  padm             :       0.00       0.00          0          0          0
  proximity        :       0.00       0.00          0          0          0
  pscostdiving     :       0.08       0.00         65          0          0
  randrounding     :       0.01       0.00         12          0          0
  rens             :       0.00       0.00          0          0          0
  reoptsols        :       0.00       0.00          0          0          0
  repair           :       0.00       0.00          0          0          0
  rins             :       0.00       0.00          0          0          0
  rootsoldiving    :       0.18       0.00         12          0          0
  rounding         :       0.03       0.00        750          0          0
  shiftandpropagate:       0.00       0.00          1          0          0
  shifting         :       0.04       0.00        381          0          0
  simplerounding   :       0.00       0.00          0          0          0
  subnlp           :       0.00       0.00          0          0          0
  trivial          :       0.00       0.00          2          0          0
  trivialnegation  :       0.00       0.00          0          0          0
  trustregion      :       0.00       0.00          0          0          0
  trysol           :       0.00       0.00          0          0          0
  twoopt           :       0.00       0.00          0          0          0
  undercover       :       0.00       0.00          0          0          0
  vbounds          :       0.00       0.00          1          0          0
  veclendiving     :       0.08       0.00         65          0          0
  zeroobj          :       0.00       0.00          0          0          0
  zirounding       :       0.01       0.00       1000          0          0
  other solutions  :          -          -          -          0          -
LP                 :       Time      Calls Iterations  Iter/call   Iter/sec  Time-0-It Calls-0-It    ItLimit
  primal LP        :       0.32        307          0       0.00       0.00       0.32        307
  dual LP          :       6.11       4723     208801      44.55   34196.40       0.01         36
  lex dual LP      :       0.00          0          0       0.00          -
  barrier LP       :       0.00          0          0       0.00          -       0.00          0
  resolve instable :       0.00          0          0       0.00          -
  diving/probing LP:       0.57        420      17563      41.82   31055.11
  strong branching :       0.11         11       3240     294.55   28955.46          -          -          0
    (at root node) :          -         11       3240     294.55          -
  conflict analysis:       0.00          0          0       0.00          -
B&B Tree           :
  number of runs   :          1
  nodes            :       4630 (2637 internal, 1993 leaves)
  feasible leaves  :          0
  infeas. leaves   :       1993
  objective leaves :          0
  nodes (total)    :       4630 (2637 internal, 1993 leaves)
  nodes left       :          0
  max depth        :         18
  max depth (total):         18
  backtracks       :       1819 (39.3%)
  early backtracks :          0 (0.0%)
  nodes exc. ref.  :          0 (0.0%)
  delayed cutoffs  :        645
  repropagations   :       2904 (47481 domain reductions, 525 cutoffs)
  avg switch length:       3.89
  switching time   :       0.78
Root Node          :
  First LP value   : +0.00000000000000e+00
  First LP Iters   :        102 (37267.08 Iter/sec)
  First LP Time    :       0.00
  Final Dual Bound : +0.00000000000000e+00
  Final Root Iters :       1925
  Root LP Estimate : +9.51328488103906e-03
Solution           :
  Solutions found  :          0 (0 improvements)
  Primal Bound     : infeasible
  Dual Bound       :          -
  Gap              :       0.00 %
Integrals          :      Total       Avg%
  primal-dual      :          -          - (problem infeasible)
  primal-ref       :          -          - (problem infeasible)
  dual-ref         :          -          - (problem infeasible)
written solution information to file <results/final_flowersnark__settings_final_nosymretope_norelabel__0__flowersnark17_3.cip.sol>
@04 1667917836
