FILENAME:   ../instances_new/flowersnark/flowersnark19_3.cip
SETTINGS:   settings_final_nosymretope_norelabel
TIMELIMIT:  7200
OUTPUTNAME: final_flowersnark__settings_final_nosymretope_norelabel__4__
BINNAME:    bin/sbcs.linux.x86_64.gnu.opt.cpx
BASENAME:   flowersnark19_3.cip
SEED:       4
@01 ../instances_new/flowersnark/flowersnark19_3.cip ===========
@02 flowersnark19_3.cip
@03 1668020555
SCIP version 8.0.2 [precision: 8 byte] [memory: block] [mode: optimized] [LP solver: CPLEX 20.1.0.0] [GitHash: 5f0473c]
Copyright (C) 2002-2022 Konrad-Zuse-Zentrum fuer Informationstechnik Berlin (ZIB)

Symretope propagation methods - (c) Jasper van Doornmalen, Christopher Hojny.
[GitHash: 2fd0484]

reading parameter file <../settings/settings_final_nosymretope_norelabel.set> ...

Changed settings:
limits/time = 7200
misc/usesymmetry = 1
randomization/randomseedshift = 4
constraints/orbisack/sepafreq = -1
constraints/symresack/sepafreq = -1
propagating/symmetry/addsymresacks = TRUE
propagating/symmetry/detectsubgroups = FALSE
propagating/symmetry/usesymretopes = FALSE
propagating/symmetry/relabelsymretopes = 0
propagating/symmetry/ofsymcomptiming = 0
constraints/symretope/sepafreq = -1
constraints/symretope/peek = FALSE


solving problem ...

original problem has 342 variables (342 bin, 0 int, 0 impl, 0 cont) and 342 constraints
presolving:
(round 1, exhaustive) 0 del vars, 0 del conss, 0 add conss, 0 chg bounds, 0 chg sides, 0 chg coeffs, 342 upgd conss, 0 impls, 342 clqs
   (0.0s) probing: 51/342 (14.9%) - 0 fixings, 0 aggregations, 0 implications, 0 bound changes
   (0.0s) probing aborted: 50/50 successive totally useless probings
   (0.0s) symmetry computation started: requiring (bin +, int +, cont +), (fixed: bin -, int -, cont -)
   (0.0s) symmetry computation finished: 5 generators found (max: 1500, log10 of symmetry group size: 2.7)
(round 2, exhaustive) 7 del vars, 0 del conss, 5 add conss, 0 chg bounds, 0 chg sides, 0 chg coeffs, 342 upgd conss, 0 impls, 339 clqs
(round 3, fast)       16 del vars, 7 del conss, 5 add conss, 0 chg bounds, 0 chg sides, 0 chg coeffs, 342 upgd conss, 0 impls, 335 clqs
(round 4, medium)     22 del vars, 7 del conss, 5 add conss, 0 chg bounds, 0 chg sides, 0 chg coeffs, 342 upgd conss, 0 impls, 331 clqs
(round 5, fast)       31 del vars, 15 del conss, 5 add conss, 0 chg bounds, 0 chg sides, 0 chg coeffs, 342 upgd conss, 0 impls, 327 clqs
   (0.0s) probing cycle finished: starting next cycle
(round 6, exhaustive) 40 del vars, 15 del conss, 5 add conss, 0 chg bounds, 0 chg sides, 0 chg coeffs, 342 upgd conss, 0 impls, 457 clqs
(round 7, fast)       40 del vars, 27 del conss, 5 add conss, 0 chg bounds, 0 chg sides, 0 chg coeffs, 342 upgd conss, 0 impls, 457 clqs
   (0.0s) probing: 145/315 (46.0%) - 0 fixings, 9 aggregations, 156 implications, 0 bound changes
   (0.0s) probing aborted: 50/50 successive totally useless probings
presolving (8 rounds: 8 fast, 5 medium, 4 exhaustive):
 40 deleted vars, 27 deleted constraints, 5 added constraints, 0 tightened bounds, 0 added holes, 0 changed sides, 0 changed coefficients
 0 implications, 463 cliques
presolved problem has 312 variables (312 bin, 0 int, 0 impl, 0 cont) and 320 constraints
    315 constraints of type <setppc>
      2 constraints of type <orbisack>
      2 constraints of type <orbitope>
      1 constraints of type <symresack>
transformed objective value is always integral (scale: 1)
Presolving Time: 0.02

 time | node  | left  |LP iter|LP it/n|mem/heur|mdpt |vars |cons |rows |cuts |sepa|confs|strbr|  dualbound   | primalbound  |  gap   | compl. 
  0.0s|     1 |     0 |   222 |     - |  4708k |   0 | 312 | 360 | 315 |   0 |  0 |  39 |   0 | 0.000000e+00 |      --      |    Inf | unknown
  0.1s|     1 |     0 |   455 |     - |  6322k |   0 | 312 | 562 | 317 |   2 |  1 |  41 |   0 | 0.000000e+00 |      --      |    Inf | unknown
  0.2s|     1 |     0 |   534 |     - |  8542k |   0 | 312 | 563 | 321 |   6 |  2 |  42 |   0 | 0.000000e+00 |      --      |    Inf | unknown
  0.2s|     1 |     0 |   603 |     - |  8644k |   0 | 312 | 564 | 323 |   8 |  3 |  43 |   0 | 0.000000e+00 |      --      |    Inf | unknown
  0.2s|     1 |     0 |   686 |     - |  8981k |   0 | 312 | 565 | 327 |  12 |  4 |  44 |   0 | 0.000000e+00 |      --      |    Inf | unknown
  0.2s|     1 |     0 |   738 |     - |  9133k |   0 | 312 | 566 | 329 |  14 |  5 |  45 |   0 | 0.000000e+00 |      --      |    Inf | unknown
  0.2s|     1 |     0 |   804 |     - |  9966k |   0 | 312 | 567 | 331 |  16 |  6 |  46 |   0 | 0.000000e+00 |      --      |    Inf | unknown
  0.3s|     1 |     0 |   901 |     - |    10M |   0 | 312 | 569 | 332 |  17 |  7 |  48 |   0 | 0.000000e+00 |      --      |    Inf | unknown
  0.3s|     1 |     0 |   979 |     - |    11M |   0 | 312 | 571 | 334 |  19 |  8 |  50 |   0 | 0.000000e+00 |      --      |    Inf | unknown
  0.3s|     1 |     0 |  1099 |     - |    14M |   0 | 312 | 572 | 338 |  23 |  9 |  51 |   0 | 0.000000e+00 |      --      |    Inf | unknown
  0.4s|     1 |     0 |  1233 |     - |    16M |   0 | 312 | 574 | 340 |  25 | 10 |  53 |   0 | 0.000000e+00 |      --      |    Inf | unknown
  0.4s|     1 |     0 |  1234 |     - |    16M |   0 | 312 | 575 | 342 |  27 | 11 |  54 |   0 | 0.000000e+00 |      --      |    Inf | unknown
  0.4s|     1 |     0 |  1300 |     - |    16M |   0 | 312 | 576 | 344 |  29 | 12 |  55 |   0 | 0.000000e+00 |      --      |    Inf | unknown
  0.4s|     1 |     0 |  1311 |     - |    16M |   0 | 312 | 579 | 338 |  31 | 13 |  58 |   0 | 0.000000e+00 |      --      |    Inf | unknown
  0.4s|     1 |     0 |  1347 |     - |    17M |   0 | 312 | 580 | 340 |  33 | 14 |  59 |   0 | 0.000000e+00 |      --      |    Inf | unknown
 time | node  | left  |LP iter|LP it/n|mem/heur|mdpt |vars |cons |rows |cuts |sepa|confs|strbr|  dualbound   | primalbound  |  gap   | compl. 
  0.4s|     1 |     0 |  1388 |     - |    17M |   0 | 312 | 582 | 341 |  34 | 15 |  61 |   0 | 0.000000e+00 |      --      |    Inf | unknown
  0.4s|     1 |     0 |  1394 |     - |    17M |   0 | 312 | 583 | 342 |  35 | 16 |  62 |   0 | 0.000000e+00 |      --      |    Inf | unknown
  0.4s|     1 |     0 |  1448 |     - |    17M |   0 | 312 | 584 | 343 |  36 | 17 |  63 |   0 | 0.000000e+00 |      --      |    Inf | unknown
  0.5s|     1 |     2 |  1578 |     - |    17M |   0 | 312 | 589 | 343 |  36 | 17 |  68 |  11 | 0.000000e+00 |      --      |    Inf | unknown
  1.3s|   100 |    47 | 10051 |  86.9 |    19M |  15 | 312 | 861 | 332 | 117 |  3 | 342 |  11 | 0.000000e+00 |      --      |    Inf |   1.81%
  2.2s|   200 |    90 | 14964 |  67.9 |    21M |  15 | 312 |1155 | 325 | 174 |  0 | 641 |  11 | 0.000000e+00 |      --      |    Inf |   9.78%
  2.5s|   300 |   121 | 18092 |  55.7 |    23M |  15 | 312 |1382 | 326 | 234 |  1 | 877 |  11 | 0.000000e+00 |      --      |    Inf |  10.21%
  2.8s|   400 |   147 | 20904 |  48.8 |    24M |  16 | 312 |1781 | 325 | 285 |  0 |1282 |  11 | 0.000000e+00 |      --      |    Inf |  10.58%
  3.0s|   500 |   136 | 23037 |  43.3 |    24M |  16 | 312 |1964 |   0 | 300 |  0 |1472 |  11 | 0.000000e+00 |      --      |    Inf |  11.20%
  3.3s|   600 |   163 | 27995 |  44.3 |    25M |  16 | 312 |2320 | 324 | 333 |  1 |1850 |  11 | 0.000000e+00 |      --      |    Inf |  11.49%
  3.5s|   700 |   173 | 32708 |  44.7 |    25M |  18 | 312 |2657 | 325 | 344 |  0 |2220 |  11 | 0.000000e+00 |      --      |    Inf |  11.61%
  3.7s|   800 |   160 | 36179 |  43.5 |    25M |  18 | 312 |2874 | 325 | 344 |  0 |2502 |  11 | 0.000000e+00 |      --      |    Inf |  12.61%
  3.9s|   900 |   146 | 39036 |  41.8 |    26M |  18 | 312 |2965 |   0 | 354 |  0 |2797 |  11 | 0.000000e+00 |      --      |    Inf |  14.09%
  4.1s|  1000 |   143 | 42086 |  40.7 |    26M |  18 | 312 |2979 | 324 | 358 |  1 |3037 |  11 | 0.000000e+00 |      --      |    Inf |  14.47%
  4.6s|  1100 |   117 | 45984 |  40.5 |    26M |  18 | 312 |2775 | 325 | 369 |  1 |3216 |  11 | 0.000000e+00 |      --      |    Inf |  27.85%
 time | node  | left  |LP iter|LP it/n|mem/heur|mdpt |vars |cons |rows |cuts |sepa|confs|strbr|  dualbound   | primalbound  |  gap   | compl. 
  4.8s|  1200 |    78 | 48727 |  39.4 |    26M |  18 | 312 |2470 | 328 | 379 |  1 |3397 |  11 | 0.000000e+00 |      --      |    Inf |  29.16%
  5.2s|  1300 |    97 | 52723 |  39.5 |    26M |  18 | 312 |2393 | 323 | 392 |  1 |3655 |  11 | 0.000000e+00 |      --      |    Inf |  29.38%
  5.6s|  1400 |   134 | 57599 |  40.1 |    26M |  18 | 312 |2553 | 326 | 423 |  1 |4031 |  11 | 0.000000e+00 |      --      |    Inf |  29.66%
Restart triggered after 50 consecutive estimations that the remaining tree will be large
(run 1, node 1466) performing user restart

(restart) converted 7 cuts from the global cut pool into linear constraints

presolving:
(round 1, fast)       0 del vars, 29 del conss, 0 add conss, 0 chg bounds, 0 chg sides, 0 chg coeffs, 0 upgd conss, 0 impls, 464 clqs
(round 2, exhaustive) 0 del vars, 54 del conss, 12 add conss, 0 chg bounds, 0 chg sides, 0 chg coeffs, 0 upgd conss, 0 impls, 468 clqs
(round 3, exhaustive) 0 del vars, 62 del conss, 12 add conss, 0 chg bounds, 6 chg sides, 0 chg coeffs, 0 upgd conss, 0 impls, 468 clqs
(round 4, exhaustive) 0 del vars, 62 del conss, 12 add conss, 0 chg bounds, 6 chg sides, 0 chg coeffs, 194 upgd conss, 0 impls, 468 clqs
(round 5, exhaustive) 0 del vars, 66 del conss, 14 add conss, 0 chg bounds, 6 chg sides, 0 chg coeffs, 194 upgd conss, 0 impls, 468 clqs
(round 6, exhaustive) 0 del vars, 296 del conss, 14 add conss, 0 chg bounds, 6 chg sides, 274 chg coeffs, 194 upgd conss, 0 impls, 468 clqs
(round 7, exhaustive) 0 del vars, 301 del conss, 14 add conss, 0 chg bounds, 6 chg sides, 274 chg coeffs, 194 upgd conss, 0 impls, 468 clqs
(round 8, exhaustive) 0 del vars, 301 del conss, 14 add conss, 0 chg bounds, 6 chg sides, 314 chg coeffs, 194 upgd conss, 0 impls, 468 clqs
presolving (9 rounds: 9 fast, 8 medium, 8 exhaustive):
 0 deleted vars, 301 deleted constraints, 14 added constraints, 0 tightened bounds, 0 added holes, 6 changed sides, 314 changed coefficients
 0 implications, 468 cliques
presolved problem has 312 variables (312 bin, 0 int, 0 impl, 0 cont) and 2410 constraints
     45 constraints of type <knapsack>
    316 constraints of type <setppc>
      8 constraints of type <linear>
      2 constraints of type <orbisack>
      2 constraints of type <orbitope>
      1 constraints of type <symresack>
   2036 constraints of type <logicor>
transformed objective value is always integral (scale: 1)
Presolving Time: 0.11

 time | node  | left  |LP iter|LP it/n|mem/heur|mdpt |vars |cons |rows |cuts |sepa|confs|strbr|  dualbound   | primalbound  |  gap   | compl. 
  5.8s|     1 |     0 | 59771 |     - |    30M |   0 | 312 |2417 | 322 |   0 |  0 |4267 |  11 | 0.000000e+00 |      --      |    Inf | unknown
  6.0s|     1 |     0 | 59793 |     - |    30M |   0 | 312 |2620 | 323 |   1 |  1 |4270 |  11 | 0.000000e+00 |      --      |    Inf | unknown
  6.0s|     1 |     0 | 59866 |     - |    30M |   0 | 312 |2628 | 326 |   4 |  2 |4278 |  11 | 0.000000e+00 |      --      |    Inf | unknown
  6.0s|     1 |     0 | 59918 |     - |    30M |   0 | 312 |2630 | 327 |   5 |  3 |4280 |  11 | 0.000000e+00 |      --      |    Inf | unknown
  6.1s|     1 |     2 | 60074 |     - |    30M |   0 | 312 |2664 | 327 |   5 |  5 |4314 |  22 | 0.000000e+00 |      --      |    Inf | unknown
  6.6s|   100 |    48 | 65365 |  40.6 |    30M |  20 | 312 |3093 | 319 |  21 |  1 |4756 |  22 | 0.000000e+00 |      --      |    Inf |   0.86%
  7.0s|   200 |    80 | 69744 |  40.8 |    30M |  20 | 312 |3225 | 322 |  35 |  2 |4944 |  22 | 0.000000e+00 |      --      |    Inf |   4.05%
  7.3s|   300 |   132 | 72401 |  40.0 |    30M |  20 | 312 |3483 | 318 |  60 |  1 |5319 |  22 | 0.000000e+00 |      --      |    Inf |   4.08%
  7.5s|   400 |   169 | 75051 |  39.2 |    30M |  20 | 312 |3632 | 317 |  72 |  1 |5631 |  22 | 0.000000e+00 |      --      |    Inf |   4.11%
  7.7s|   500 |   191 | 77411 |  38.4 |    31M |  20 | 312 |3730 |   0 |  89 |  0 |5855 |  22 | 0.000000e+00 |      --      |    Inf |   4.18%
  7.9s|   600 |   212 | 79215 |  37.4 |    31M |  20 | 312 |3809 |   0 |  89 |  0 |6135 |  22 | 0.000000e+00 |      --      |    Inf |   4.21%
  8.1s|   700 |   235 | 82313 |  37.1 |    31M |  20 | 312 |3867 |   0 | 104 |  0 |6362 |  22 | 0.000000e+00 |      --      |    Inf |   4.25%
  8.3s|   800 |   243 | 84058 |  36.3 |    31M |  20 | 312 |3866 |   0 | 104 |  0 |6529 |  22 | 0.000000e+00 |      --      |    Inf |   4.31%
  8.5s|   900 |   262 | 86012 |  35.6 |    31M |  20 | 312 |3859 | 318 | 104 |  1 |6700 |  22 | 0.000000e+00 |      --      |    Inf |   4.37%
  8.7s|  1000 |   285 | 88547 |  35.2 |    31M |  20 | 312 |3866 | 317 | 110 |  1 |6928 |  22 | 0.000000e+00 |      --      |    Inf |   4.41%
 time | node  | left  |LP iter|LP it/n|mem/heur|mdpt |vars |cons |rows |cuts |sepa|confs|strbr|  dualbound   | primalbound  |  gap   | compl. 
  8.9s|  1100 |   295 | 90557 |  34.6 |    31M |  20 | 312 |3954 | 317 | 110 |  1 |7175 |  22 | 0.000000e+00 |      --      |    Inf |   4.52%
  9.1s|  1200 |   304 | 92629 |  34.0 |    31M |  20 | 312 |3907 |   0 | 110 |  0 |7325 |  22 | 0.000000e+00 |      --      |    Inf |   4.57%
  9.2s|  1300 |   310 | 94362 |  33.4 |    31M |  20 | 312 |3965 | 318 | 110 |  1 |7528 |  22 | 0.000000e+00 |      --      |    Inf |   4.63%
  9.4s|  1400 |   309 | 96349 |  33.0 |    31M |  20 | 312 |4029 | 321 | 110 |  0 |7690 |  22 | 0.000000e+00 |      --      |    Inf |   4.66%
  9.6s|  1500 |   305 | 97750 |  32.3 |    31M |  20 | 312 |4091 | 318 | 110 |  1 |7853 |  22 | 0.000000e+00 |      --      |    Inf |   4.69%
  9.8s|  1600 |   294 | 99155 |  31.7 |    32M |  20 | 312 |4133 |   0 | 110 |  0 |8012 |  22 | 0.000000e+00 |      --      |    Inf |   4.77%
 10.0s|  1700 |   307 |101363 |  31.4 |    32M |  20 | 312 |4185 | 318 | 110 |  1 |8202 |  22 | 0.000000e+00 |      --      |    Inf |   4.80%
 10.2s|  1800 |   315 |103145 |  31.0 |    32M |  20 | 312 |4259 |   0 | 110 |  0 |8417 |  22 | 0.000000e+00 |      --      |    Inf |   4.85%
 10.4s|  1900 |   311 |105104 |  30.7 |    32M |  20 | 312 |4315 | 318 | 110 |  1 |8588 |  22 | 0.000000e+00 |      --      |    Inf |   4.91%
 10.6s|  2000 |   309 |106913 |  30.3 |    32M |  20 | 312 |4360 | 319 | 110 |  1 |8795 |  22 | 0.000000e+00 |      --      |    Inf |   4.94%
 10.8s|  2100 |   321 |109401 |  30.2 |    32M |  20 | 312 |4498 | 319 | 116 |  0 |9098 |  22 | 0.000000e+00 |      --      |    Inf |   5.03%
 10.9s|  2200 |   314 |110666 |  29.7 |    32M |  20 | 312 |4588 | 319 | 116 |  1 |9321 |  22 | 0.000000e+00 |      --      |    Inf |   5.09%
 11.2s|  2300 |   313 |112810 |  29.5 |    32M |  20 | 312 |4651 | 319 | 116 |  1 |9569 |  22 | 0.000000e+00 |      --      |    Inf |   5.14%
 11.5s|  2400 |   300 |114629 |  29.2 |    32M |  20 | 312 |4751 | 317 | 124 |  1 |9853 |  22 | 0.000000e+00 |      --      |    Inf |   5.25%
 11.7s|  2500 |   293 |116545 |  28.9 |    32M |  20 | 312 |4837 | 318 | 124 |  1 |  10k|  22 | 0.000000e+00 |      --      |    Inf |   5.35%
 time | node  | left  |LP iter|LP it/n|mem/heur|mdpt |vars |cons |rows |cuts |sepa|confs|strbr|  dualbound   | primalbound  |  gap   | compl. 
 11.8s|  2600 |   278 |117797 |  28.5 |    32M |  20 | 312 |4966 | 321 | 124 |  0 |  10k|  22 | 0.000000e+00 |      --      |    Inf |   5.44%
 12.1s|  2700 |   273 |119298 |  28.2 |    32M |  20 | 312 |5045 | 317 | 124 |  1 |  10k|  22 | 0.000000e+00 |      --      |    Inf |   5.52%
 12.3s|  2800 |   260 |120973 |  27.9 |    32M |  20 | 312 |5043 | 317 | 124 |  0 |  10k|  22 | 0.000000e+00 |      --      |    Inf |   5.60%
 12.5s|  2900 |   241 |122276 |  27.6 |    33M |  20 | 312 |5073 | 318 | 124 |  0 |  11k|  22 | 0.000000e+00 |      --      |    Inf |   5.69%
 12.7s|  3000 |   235 |124182 |  27.4 |    33M |  20 | 312 |5110 | 318 | 124 |  1 |  11k|  22 | 0.000000e+00 |      --      |    Inf |   5.77%
 13.0s|  3100 |   236 |126657 |  27.3 |    33M |  20 | 312 |5152 | 320 | 124 |  0 |  11k|  22 | 0.000000e+00 |      --      |    Inf |   5.83%
 13.2s|  3200 |   234 |129210 |  27.3 |    33M |  20 | 312 |5281 | 319 | 124 |  1 |  11k|  22 | 0.000000e+00 |      --      |    Inf |   5.92%
 13.4s|  3300 |   227 |130820 |  27.1 |    33M |  20 | 312 |5380 | 319 | 124 |  0 |  11k|  22 | 0.000000e+00 |      --      |    Inf |   5.98%
 13.6s|  3400 |   236 |133778 |  27.1 |    33M |  20 | 312 |5440 | 318 | 124 |  1 |  12k|  22 | 0.000000e+00 |      --      |    Inf |   6.00%
 13.8s|  3500 |   224 |135657 |  26.9 |    33M |  20 | 312 |5476 | 318 | 124 |  0 |  12k|  22 | 0.000000e+00 |      --      |    Inf |   6.05%
 14.0s|  3600 |   225 |137750 |  26.8 |    33M |  20 | 312 |5450 | 321 | 124 |  1 |  12k|  22 | 0.000000e+00 |      --      |    Inf |   6.14%
 14.3s|  3700 |   222 |139434 |  26.6 |    33M |  20 | 312 |5547 | 317 | 124 |  1 |  12k|  22 | 0.000000e+00 |      --      |    Inf |   6.17%
 14.4s|  3800 |   214 |141265 |  26.5 |    33M |  20 | 312 |5604 | 318 | 124 |  1 |  12k|  22 | 0.000000e+00 |      --      |    Inf |   6.20%
 14.7s|  3900 |   223 |143546 |  26.4 |    33M |  20 | 312 |5656 | 319 | 131 |  1 |  13k|  22 | 0.000000e+00 |      --      |    Inf |   6.29%
 14.9s|  4000 |   215 |145474 |  26.3 |    33M |  20 | 312 |5710 | 318 | 131 |  1 |  13k|  22 | 0.000000e+00 |      --      |    Inf |   6.35%
 time | node  | left  |LP iter|LP it/n|mem/heur|mdpt |vars |cons |rows |cuts |sepa|confs|strbr|  dualbound   | primalbound  |  gap   | compl. 
 15.1s|  4100 |   201 |146678 |  26.0 |    33M |  20 | 312 |5773 | 318 | 131 |  1 |  13k|  22 | 0.000000e+00 |      --      |    Inf |   6.43%
 15.4s|  4200 |   195 |148563 |  25.9 |    33M |  20 | 312 |5812 | 319 | 131 |  1 |  13k|  22 | 0.000000e+00 |      --      |    Inf |   6.46%
 15.6s|  4300 |   212 |151077 |  25.9 |    33M |  20 | 312 |5968 | 320 | 136 |  1 |  13k|  22 | 0.000000e+00 |      --      |    Inf |   6.49%
 15.9s|  4400 |   201 |153481 |  25.8 |    33M |  20 | 312 |6011 | 320 | 136 |  1 |  14k|  22 | 0.000000e+00 |      --      |    Inf |   6.57%
 16.1s|  4500 |   216 |156212 |  25.9 |    33M |  20 | 312 |5968 |   0 | 148 |  0 |  14k|  22 | 0.000000e+00 |      --      |    Inf |   6.64%
 16.3s|  4600 |   216 |158717 |  25.9 |    33M |  20 | 312 |5999 | 319 | 148 |  1 |  14k|  22 | 0.000000e+00 |      --      |    Inf |   6.70%
 16.7s|  4700 |   202 |160372 |  25.7 |    33M |  20 | 312 |5939 | 318 | 148 |  1 |  14k|  22 | 0.000000e+00 |      --      |    Inf |   9.90%
 17.0s|  4800 |   189 |162842 |  25.7 |    33M |  20 | 312 |6019 | 319 | 164 |  1 |  15k|  22 | 0.000000e+00 |      --      |    Inf |  10.10%
 17.3s|  4900 |   175 |164477 |  25.5 |    33M |  20 | 312 |5862 | 321 | 164 |  1 |  15k|  22 | 0.000000e+00 |      --      |    Inf |  13.27%
 17.6s|  5000 |   174 |167167 |  25.6 |    33M |  20 | 312 |5645 | 321 | 171 |  1 |  15k|  22 | 0.000000e+00 |      --      |    Inf |  13.35%
 17.8s|  5100 |   195 |170634 |  25.7 |    33M |  20 | 312 |5692 | 321 | 171 |  1 |  15k|  22 | 0.000000e+00 |      --      |    Inf |  13.38%
 18.0s|  5200 |   187 |173356 |  25.7 |    33M |  20 | 312 |5788 |   0 | 171 |  0 |  15k|  22 | 0.000000e+00 |      --      |    Inf |  13.42%
 18.8s|  5300 |   197 |176533 |  25.8 |    33M |  20 | 312 |5790 | 317 | 171 |  1 |  15k|  22 | 0.000000e+00 |      --      |    Inf |  13.47%
 19.0s|  5400 |   188 |179563 |  25.9 |    33M |  20 | 312 |5992 | 317 | 171 |  0 |  16k|  22 | 0.000000e+00 |      --      |    Inf |  13.60%
 19.5s|  5500 |   179 |182309 |  25.9 |    33M |  20 | 312 |5953 | 318 | 171 |  1 |  16k|  22 | 0.000000e+00 |      --      |    Inf |  13.84%
 time | node  | left  |LP iter|LP it/n|mem/heur|mdpt |vars |cons |rows |cuts |sepa|confs|strbr|  dualbound   | primalbound  |  gap   | compl. 
 19.7s|  5600 |   161 |184350 |  25.8 |    33M |  20 | 312 |5812 | 321 | 171 |  0 |  16k|  22 | 0.000000e+00 |      --      |    Inf |  17.03%
 20.0s|  5700 |   178 |187387 |  25.9 |    33M |  20 | 312 |5860 | 318 | 190 |  0 |  16k|  22 | 0.000000e+00 |      --      |    Inf |  17.17%
 20.2s|  5800 |   181 |189598 |  25.8 |    33M |  20 | 312 |6084 |   0 | 196 |  0 |  17k|  22 | 0.000000e+00 |      --      |    Inf |  17.28%
 20.4s|  5900 |   171 |191524 |  25.7 |    33M |  20 | 312 |6245 | 318 | 203 |  1 |  17k|  22 | 0.000000e+00 |      --      |    Inf |  17.65%
 20.6s|  6000 |   168 |193906 |  25.7 |    33M |  20 | 312 |6295 | 318 | 203 |  0 |  17k|  22 | 0.000000e+00 |      --      |    Inf |  17.80%
 20.9s|  6100 |   154 |195798 |  25.6 |    33M |  20 | 312 |6160 |   0 | 203 |  0 |  17k|  22 | 0.000000e+00 |      --      |    Inf |  30.36%
 21.4s|  6200 |   148 |199405 |  25.8 |    33M |  20 | 312 |6062 | 317 | 203 |  0 |  17k|  22 | 0.000000e+00 |      --      |    Inf |  30.41%
 22.0s|  6300 |   173 |204187 |  26.1 |    33M |  20 | 312 |6042 | 322 | 217 |  3 |  18k|  22 | 0.000000e+00 |      --      |    Inf |  30.62%
 22.4s|  6400 |   191 |209284 |  26.4 |    34M |  20 | 312 |6022 | 318 | 256 |  1 |  18k|  22 | 0.000000e+00 |      --      |    Inf |  31.51%
 22.7s|  6500 |   190 |212246 |  26.4 |    34M |  20 | 312 |5976 | 319 | 280 |  1 |  18k|  22 | 0.000000e+00 |      --      |    Inf |  32.32%
 23.0s|  6600 |   184 |215993 |  26.5 |    34M |  20 | 312 |6001 | 318 | 329 |  1 |  18k|  22 | 0.000000e+00 |      --      |    Inf |  33.49%
 23.3s|  6700 |   170 |219345 |  26.6 |    34M |  20 | 312 |6056 |   0 | 348 |  0 |  18k|  22 | 0.000000e+00 |      --      |    Inf |  34.13%
 23.5s|  6800 |   155 |223057 |  26.8 |    34M |  20 | 312 |6100 | 319 | 370 |  0 |  18k|  22 | 0.000000e+00 |      --      |    Inf |  35.06%
 23.8s|  6900 |   148 |226844 |  26.9 |    35M |  20 | 312 |6137 | 320 | 418 |  0 |  19k|  22 | 0.000000e+00 |      --      |    Inf |  35.97%
 24.3s|  7000 |   152 |231531 |  27.1 |    35M |  20 | 312 |6178 | 317 | 447 |  1 |  19k|  22 | 0.000000e+00 |      --      |    Inf |  37.22%
 time | node  | left  |LP iter|LP it/n|mem/heur|mdpt |vars |cons |rows |cuts |sepa|confs|strbr|  dualbound   | primalbound  |  gap   | compl. 
 24.6s|  7100 |   171 |235224 |  27.2 |    35M |  20 | 312 |6242 |   0 | 471 |  0 |  19k|  22 | 0.000000e+00 |      --      |    Inf |  37.45%
 24.8s|  7200 |   178 |237874 |  27.2 |    35M |  20 | 312 |6263 | 320 | 485 |  0 |  19k|  22 | 0.000000e+00 |      --      |    Inf |  37.85%
 25.0s|  7300 |   180 |240428 |  27.2 |    35M |  20 | 312 |6292 | 320 | 496 |  1 |  19k|  22 | 0.000000e+00 |      --      |    Inf |  38.09%
 25.2s|  7400 |   176 |242458 |  27.1 |    35M |  20 | 312 |6376 | 318 | 504 |  1 |  19k|  22 | 0.000000e+00 |      --      |    Inf |  38.25%
 25.5s|  7500 |   185 |245371 |  27.2 |    35M |  20 | 312 |6473 | 319 | 522 |  0 |  20k|  22 | 0.000000e+00 |      --      |    Inf |  38.49%
 25.7s|  7600 |   187 |247201 |  27.1 |    35M |  20 | 312 |6569 | 319 | 525 |  1 |  20k|  22 | 0.000000e+00 |      --      |    Inf |  38.70%
 25.9s|  7700 |   180 |249521 |  27.0 |    36M |  20 | 312 |6662 | 321 | 537 |  1 |  20k|  22 | 0.000000e+00 |      --      |    Inf |  38.95%
 26.1s|  7800 |   176 |252040 |  27.0 |    36M |  20 | 312 |6721 | 319 | 539 |  2 |  20k|  22 | 0.000000e+00 |      --      |    Inf |  39.07%
 26.3s|  7900 |   174 |253753 |  26.9 |    36M |  20 | 312 |6790 | 319 | 539 |  1 |  20k|  22 | 0.000000e+00 |      --      |    Inf |  39.19%
 26.5s|  8000 |   163 |255592 |  26.8 |    36M |  20 | 312 |6801 | 317 | 539 |  1 |  21k|  22 | 0.000000e+00 |      --      |    Inf |  39.32%
 26.6s|  8100 |   157 |257052 |  26.7 |    36M |  20 | 312 |6812 |   0 | 539 |  0 |  21k|  22 | 0.000000e+00 |      --      |    Inf |  39.48%
 26.8s|  8200 |   154 |259437 |  26.6 |    36M |  20 | 312 |6790 | 318 | 548 |  1 |  21k|  22 | 0.000000e+00 |      --      |    Inf |  39.66%
 27.4s|  8300 |   143 |262542 |  26.7 |    36M |  20 | 312 |6489 | 319 | 566 |  0 |  21k|  22 | 0.000000e+00 |      --      |    Inf |  43.51%
 27.9s|  8400 |   154 |266319 |  26.8 |    36M |  20 | 312 |6508 |   0 | 592 |  0 |  21k|  22 | 0.000000e+00 |      --      |    Inf |  43.84%
 28.2s|  8500 |   165 |269360 |  26.8 |    36M |  20 | 312 |6648 | 320 | 607 |  1 |  22k|  22 | 0.000000e+00 |      --      |    Inf |  44.19%
 time | node  | left  |LP iter|LP it/n|mem/heur|mdpt |vars |cons |rows |cuts |sepa|confs|strbr|  dualbound   | primalbound  |  gap   | compl. 
 28.4s|  8600 |   161 |272730 |  26.9 |    36M |  20 | 312 |6791 | 319 | 620 |  1 |  22k|  22 | 0.000000e+00 |      --      |    Inf |  45.12%
 28.6s|  8700 |   159 |275652 |  26.9 |    36M |  20 | 312 |6766 | 318 | 629 |  1 |  22k|  22 | 0.000000e+00 |      --      |    Inf |  45.61%
 29.1s|  8800 |   161 |278509 |  26.9 |    36M |  20 | 312 |6646 | 320 | 637 |  1 |  22k|  22 | 0.000000e+00 |      --      |    Inf |  48.98%
 29.3s|  8900 |   166 |282558 |  27.1 |    36M |  20 | 312 |6639 | 323 | 654 |  0 |  22k|  22 | 0.000000e+00 |      --      |    Inf |  49.10%
 29.6s|  9000 |   165 |287122 |  27.3 |    36M |  20 | 312 |6619 |   0 | 690 |  0 |  23k|  22 | 0.000000e+00 |      --      |    Inf |  49.93%
 30.0s|  9100 |   176 |291819 |  27.4 |    38M |  20 | 312 |6582 | 323 | 734 |  0 |  23k|  22 | 0.000000e+00 |      --      |    Inf |  50.33%
 30.2s|  9200 |   174 |294988 |  27.5 |    38M |  20 | 312 |6652 | 325 | 753 |  4 |  23k|  22 | 0.000000e+00 |      --      |    Inf |  50.67%
 30.5s|  9300 |   172 |297790 |  27.5 |    38M |  20 | 312 |6633 | 319 | 765 |  1 |  23k|  22 | 0.000000e+00 |      --      |    Inf |  51.33%
 30.7s|  9400 |   168 |300608 |  27.5 |    38M |  20 | 312 |6653 | 317 | 775 |  1 |  23k|  22 | 0.000000e+00 |      --      |    Inf |  51.70%
 31.0s|  9500 |   166 |304352 |  27.6 |    38M |  20 | 312 |6686 | 319 | 788 |  1 |  24k|  22 | 0.000000e+00 |      --      |    Inf |  52.50%
 31.2s|  9600 |   166 |306597 |  27.5 |    38M |  20 | 312 |6615 | 318 | 788 |  1 |  24k|  22 | 0.000000e+00 |      --      |    Inf |  52.58%
 31.5s|  9700 |   141 |308921 |  27.5 |    38M |  20 | 312 |6511 | 319 | 800 |  1 |  24k|  22 | 0.000000e+00 |      --      |    Inf |  52.77%
 31.8s|  9800 |   130 |311912 |  27.5 |    38M |  20 | 312 |6535 |   0 | 814 |  0 |  24k|  22 | 0.000000e+00 |      --      |    Inf |  53.14%
 32.2s|  9900 |   125 |313757 |  27.4 |    38M |  20 | 312 |6582 | 318 | 822 |  1 |  24k|  22 | 0.000000e+00 |      --      |    Inf |  53.34%
 32.5s| 10000 |   116 |315979 |  27.4 |    38M |  20 | 312 |6586 | 319 | 834 |  0 |  25k|  22 | 0.000000e+00 |      --      |    Inf |  53.62%
 time | node  | left  |LP iter|LP it/n|mem/heur|mdpt |vars |cons |rows |cuts |sepa|confs|strbr|  dualbound   | primalbound  |  gap   | compl. 
 33.0s| 10100 |   136 |320556 |  27.6 |    38M |  20 | 312 |6478 | 318 | 868 |  1 |  25k|  22 | 0.000000e+00 |      --      |    Inf |  54.68%
 33.3s| 10200 |   134 |324718 |  27.7 |    38M |  20 | 312 |6453 |   0 | 889 |  0 |  25k|  22 | 0.000000e+00 |      --      |    Inf |  55.43%
 33.7s| 10300 |   143 |327937 |  27.7 |    38M |  20 | 312 |6410 | 322 | 919 |  1 |  25k|  22 | 0.000000e+00 |      --      |    Inf |  55.88%
 34.0s| 10400 |   133 |331211 |  27.8 |    38M |  20 | 312 |6463 |   0 | 947 |  0 |  25k|  22 | 0.000000e+00 |      --      |    Inf |  56.57%
 34.5s| 10500 |   128 |333664 |  27.7 |    38M |  20 | 312 |6500 | 317 | 984 |  1 |  25k|  22 | 0.000000e+00 |      --      |    Inf |  58.33%
 34.7s| 10600 |   143 |337213 |  27.8 |    38M |  20 | 312 |6644 | 318 | 992 |  0 |  26k|  22 | 0.000000e+00 |      --      |    Inf |  58.39%
 34.9s| 10700 |   150 |340186 |  27.8 |    38M |  20 | 312 |6789 | 320 |1001 |  0 |  26k|  22 | 0.000000e+00 |      --      |    Inf |  58.53%
 35.1s| 10800 |   148 |342550 |  27.8 |    38M |  20 | 312 |6937 | 319 |1005 |  1 |  26k|  22 | 0.000000e+00 |      --      |    Inf |  58.65%
 35.4s| 10900 |   152 |345821 |  27.8 |    38M |  20 | 312 |7126 | 319 |1014 |  1 |  26k|  22 | 0.000000e+00 |      --      |    Inf |  58.73%
 35.6s| 11000 |   144 |348550 |  27.8 |    38M |  20 | 312 |7193 | 319 |1018 |  0 |  26k|  22 | 0.000000e+00 |      --      |    Inf |  59.03%
 35.8s| 11100 |   137 |350981 |  27.8 |    38M |  20 | 312 |7323 |   0 |1018 |  0 |  27k|  22 | 0.000000e+00 |      --      |    Inf |  59.14%
 36.1s| 11200 |   136 |354117 |  27.8 |    38M |  20 | 312 |7385 | 318 |1020 |  1 |  27k|  22 | 0.000000e+00 |      --      |    Inf |  59.31%
 36.3s| 11300 |   133 |356452 |  27.8 |    38M |  20 | 312 |7528 | 319 |1029 |  1 |  27k|  22 | 0.000000e+00 |      --      |    Inf |  59.61%
 36.6s| 11400 |   150 |359537 |  27.8 |    38M |  20 | 312 |7564 |   0 |1046 |  0 |  27k|  22 | 0.000000e+00 |      --      |    Inf |  60.59%
 36.9s| 11500 |   130 |362254 |  27.8 |    38M |  20 | 312 |7676 |   0 |1068 |  0 |  27k|  22 | 0.000000e+00 |      --      |    Inf |  61.45%
 time | node  | left  |LP iter|LP it/n|mem/heur|mdpt |vars |cons |rows |cuts |sepa|confs|strbr|  dualbound   | primalbound  |  gap   | compl. 
 37.1s| 11600 |   119 |364132 |  27.7 |    38M |  20 | 312 |7754 | 320 |1076 |  1 |  28k|  22 | 0.000000e+00 |      --      |    Inf |  61.69%
 37.3s| 11700 |   108 |365991 |  27.7 |    38M |  20 | 312 |7629 |   0 |1086 |  0 |  28k|  22 | 0.000000e+00 |      --      |    Inf |  61.92%
 37.6s| 11800 |   111 |368410 |  27.6 |    39M |  20 | 312 |7624 | 319 |1096 |  1 |  28k|  22 | 0.000000e+00 |      --      |    Inf |  62.15%
 38.8s| 11900 |   111 |372880 |  27.8 |    39M |  20 | 312 |7219 | 318 |1129 |  1 |  28k|  22 | 0.000000e+00 |      --      |    Inf |  65.72%
 39.2s| 12000 |   143 |376003 |  27.8 |    39M |  20 | 312 |7368 | 318 |1136 |  1 |  29k|  22 | 0.000000e+00 |      --      |    Inf |  65.76%
 39.5s| 12100 |   180 |379043 |  27.8 |    39M |  20 | 312 |7524 | 319 |1147 |  1 |  29k|  22 | 0.000000e+00 |      --      |    Inf |  65.83%
 39.7s| 12200 |   186 |381925 |  27.8 |    39M |  20 | 312 |7725 | 321 |1147 |  1 |  29k|  22 | 0.000000e+00 |      --      |    Inf |  65.97%
 40.1s| 12300 |   187 |383943 |  27.8 |    39M |  20 | 312 |7927 |   0 |1147 |  0 |  30k|  22 | 0.000000e+00 |      --      |    Inf |  66.06%
 40.4s| 12400 |   168 |386233 |  27.7 |    39M |  20 | 312 |8008 |   0 |1147 |  0 |  30k|  22 | 0.000000e+00 |      --      |    Inf |  66.19%
 40.6s| 12500 |   158 |388469 |  27.7 |    39M |  20 | 312 |8139 | 318 |1150 |  0 |  30k|  22 | 0.000000e+00 |      --      |    Inf |  66.34%
 40.8s| 12600 |   155 |391476 |  27.7 |    39M |  20 | 312 |8276 | 318 |1150 |  1 |  31k|  22 | 0.000000e+00 |      --      |    Inf |  66.46%
 41.0s| 12700 |   134 |393587 |  27.7 |    39M |  20 | 312 |8375 | 319 |1150 |  1 |  31k|  22 | 0.000000e+00 |      --      |    Inf |  66.55%
 41.2s| 12800 |    98 |395626 |  27.6 |    39M |  20 | 312 |8528 | 321 |1158 |  1 |  31k|  22 | 0.000000e+00 |      --      |    Inf |  66.74%
 41.9s| 12900 |   100 |399263 |  27.7 |    39M |  20 | 312 |8276 |   0 |1183 |  0 |  31k|  22 | 0.000000e+00 |      --      |    Inf |  71.70%
 42.1s| 13000 |   104 |401482 |  27.6 |    39M |  20 | 312 |8542 |   0 |1205 |  0 |  32k|  22 | 0.000000e+00 |      --      |    Inf |  71.97%
 time | node  | left  |LP iter|LP it/n|mem/heur|mdpt |vars |cons |rows |cuts |sepa|confs|strbr|  dualbound   | primalbound  |  gap   | compl. 
 42.3s| 13100 |    94 |403172 |  27.6 |    39M |  20 | 312 |8735 | 317 |1217 |  1 |  32k|  22 | 0.000000e+00 |      --      |    Inf |  73.17%
 42.6s| 13200 |   100 |405153 |  27.5 |    39M |  20 | 312 |8900 |   0 |1244 |  0 |  32k|  22 | 0.000000e+00 |      --      |    Inf |  73.73%
 42.8s| 13300 |   105 |407467 |  27.5 |    39M |  20 | 312 |9006 |   0 |1274 |  0 |  32k|  22 | 0.000000e+00 |      --      |    Inf |  74.48%
 43.0s| 13400 |   106 |409048 |  27.4 |    39M |  20 | 312 |9190 | 319 |1280 |  1 |  33k|  22 | 0.000000e+00 |      --      |    Inf |  74.73%
 43.2s| 13500 |   103 |410406 |  27.3 |    39M |  20 | 312 |9294 | 321 |1304 |  1 |  33k|  22 | 0.000000e+00 |      --      |    Inf |  75.05%
 43.5s| 13600 |    97 |412364 |  27.2 |    39M |  20 | 312 |9404 | 319 |1317 |  1 |  33k|  22 | 0.000000e+00 |      --      |    Inf |  75.34%
 43.7s| 13700 |    75 |414334 |  27.2 |    39M |  20 | 312 |9253 | 321 |1329 |  1 |  33k|  22 | 0.000000e+00 |      --      |    Inf |  75.74%
 44.3s| 13800 |    96 |418010 |  27.3 |    39M |  20 | 312 |9164 |   0 |1389 |  0 |  33k|  22 | 0.000000e+00 |      --      |    Inf |  76.06%
 44.6s| 13900 |    97 |419982 |  27.2 |    39M |  20 | 312 |9415 | 318 |1403 |  1 |  34k|  22 | 0.000000e+00 |      --      |    Inf |  76.32%
 44.9s| 14000 |   101 |422808 |  27.2 |    40M |  20 | 312 |9613 | 317 |1465 |  1 |  34k|  22 | 0.000000e+00 |      --      |    Inf |  77.19%
 45.3s| 14100 |    85 |424727 |  27.2 |    40M |  20 | 312 |9603 |   0 |1491 |  0 |  35k|  22 | 0.000000e+00 |      --      |    Inf |  78.38%
 45.5s| 14200 |    80 |426662 |  27.1 |    40M |  20 | 312 |9599 | 321 |1498 |  1 |  35k|  22 | 0.000000e+00 |      --      |    Inf |  78.79%
 45.8s| 14300 |    61 |428596 |  27.1 |    40M |  20 | 312 |9591 | 319 |1498 |  1 |  35k|  22 | 0.000000e+00 |      --      |    Inf |  79.11%
 46.2s| 14400 |    56 |432030 |  27.1 |    40M |  20 | 312 |9581 | 323 |1522 |  1 |  35k|  22 | 0.000000e+00 |      --      |    Inf |  82.62%
 46.6s| 14500 |    52 |435223 |  27.1 |    40M |  20 | 312 |9581 | 319 |1574 |  1 |  35k|  22 | 0.000000e+00 |      --      |    Inf |  83.32%
 time | node  | left  |LP iter|LP it/n|mem/heur|mdpt |vars |cons |rows |cuts |sepa|confs|strbr|  dualbound   | primalbound  |  gap   | compl. 
 46.8s| 14600 |    56 |437363 |  27.1 |    40M |  20 | 312 |9582 | 319 |1581 |  1 |  36k|  22 | 0.000000e+00 |      --      |    Inf |  83.45%
 47.3s| 14700 |    59 |440364 |  27.1 |    40M |  20 | 312 |9565 |   0 |1610 |  0 |  36k|  22 | 0.000000e+00 |      --      |    Inf |  86.84%
 47.6s| 14800 |    52 |443024 |  27.1 |    40M |  20 | 312 |9566 | 321 |1610 |  1 |  36k|  22 | 0.000000e+00 |      --      |    Inf |  86.95%
 48.2s| 14900 |    57 |447062 |  27.2 |    40M |  20 | 312 |9554 | 323 |1646 |  0 |  36k|  22 | 0.000000e+00 |      --      |    Inf |  87.32%
 48.6s| 15000 |    76 |450560 |  27.3 |    41M |  20 | 312 |9543 |   0 |1665 |  0 |  36k|  22 | 0.000000e+00 |      --      |    Inf |  87.54%
 48.8s| 15100 |    55 |452828 |  27.2 |    41M |  20 | 312 |9541 | 317 |1669 |  1 |  37k|  22 | 0.000000e+00 |      --      |    Inf |  87.85%
 49.2s| 15200 |    70 |456170 |  27.3 |    41M |  20 | 312 |9538 | 318 |1699 |  1 |  37k|  22 | 0.000000e+00 |      --      |    Inf |  88.14%
 49.4s| 15300 |    49 |459250 |  27.3 |    41M |  20 | 312 |9532 |   0 |1717 |  0 |  37k|  22 | 0.000000e+00 |      --      |    Inf |  88.72%
 49.7s| 15400 |    47 |462035 |  27.3 |    41M |  20 | 312 |9532 | 317 |1721 |  1 |  37k|  22 | 0.000000e+00 |      --      |    Inf |  88.87%
 50.0s| 15500 |    51 |464372 |  27.3 |    41M |  20 | 312 |9531 | 319 |1759 |  1 |  37k|  22 | 0.000000e+00 |      --      |    Inf |  89.46%
 50.2s| 15600 |    49 |466622 |  27.2 |    41M |  20 | 312 |9532 | 319 |1764 |  0 |  38k|  22 | 0.000000e+00 |      --      |    Inf |  89.72%
 50.6s| 15700 |    53 |469272 |  27.2 |    41M |  20 | 312 |9537 |   0 |1791 |  0 |  38k|  22 | 0.000000e+00 |      --      |    Inf |  89.94%
 51.0s| 15800 |    46 |472593 |  27.3 |    41M |  20 | 312 |9534 | 317 |1838 |  1 |  38k|  22 | 0.000000e+00 |      --      |    Inf |  90.71%
 51.5s| 15900 |    85 |476489 |  27.3 |    41M |  20 | 312 |9534 |   0 |1911 |  0 |  38k|  22 | 0.000000e+00 |      --      |    Inf |  90.97%
 51.7s| 16000 |    76 |478350 |  27.3 |    41M |  20 | 312 |9534 | 318 |1920 |  1 |  38k|  22 | 0.000000e+00 |      --      |    Inf |  91.49%
 time | node  | left  |LP iter|LP it/n|mem/heur|mdpt |vars |cons |rows |cuts |sepa|confs|strbr|  dualbound   | primalbound  |  gap   | compl. 
 52.0s| 16100 |    40 |480188 |  27.2 |    41M |  20 | 312 |9534 |   0 |1924 |  0 |  39k|  22 | 0.000000e+00 |      --      |    Inf |  92.23%
 52.3s| 16200 |    51 |483588 |  27.3 |    41M |  20 | 312 |9535 | 320 |1957 |  1 |  39k|  22 | 0.000000e+00 |      --      |    Inf |  92.59%
 52.6s| 16300 |    53 |486963 |  27.3 |    41M |  20 | 312 |9533 | 323 |1983 |  1 |  39k|  22 | 0.000000e+00 |      --      |    Inf |  92.89%
 52.8s| 16400 |    54 |490222 |  27.3 |    41M |  20 | 312 |9532 | 323 |1983 |  1 |  39k|  22 | 0.000000e+00 |      --      |    Inf |  93.06%
 53.1s| 16500 |    48 |492790 |  27.3 |    41M |  20 | 312 |9526 | 321 |2005 |  1 |  39k|  22 | 0.000000e+00 |      --      |    Inf |  93.23%
 53.4s| 16600 |    50 |495914 |  27.3 |    41M |  20 | 312 |9521 | 321 |2024 |  1 |  40k|  22 | 0.000000e+00 |      --      |    Inf |  93.40%
 53.6s| 16700 |    54 |498004 |  27.3 |    41M |  20 | 312 |9523 | 321 |2024 |  1 |  40k|  22 | 0.000000e+00 |      --      |    Inf |  93.49%
 53.9s| 16800 |    39 |500411 |  27.3 |    41M |  20 | 312 |9524 | 318 |2052 |  1 |  40k|  22 | 0.000000e+00 |      --      |    Inf |  95.23%
 54.2s| 16900 |    47 |502636 |  27.3 |    41M |  20 | 312 |9527 |   0 |2064 |  0 |  40k|  22 | 0.000000e+00 |      --      |    Inf |  95.38%
 54.5s| 17000 |    46 |504799 |  27.2 |    41M |  20 | 312 |9530 | 320 |2064 |  1 |  40k|  22 | 0.000000e+00 |      --      |    Inf |  95.46%
 54.8s| 17100 |    49 |507462 |  27.2 |    41M |  20 | 312 |9525 | 318 |2068 |  1 |  41k|  22 | 0.000000e+00 |      --      |    Inf |  95.53%
 55.0s| 17200 |    49 |509579 |  27.2 |    41M |  20 | 312 |9524 |   0 |2076 |  0 |  41k|  22 | 0.000000e+00 |      --      |    Inf |  95.62%
 55.3s| 17300 |    44 |512314 |  27.2 |    41M |  20 | 312 |9522 |   0 |2076 |  0 |  41k|  22 | 0.000000e+00 |      --      |    Inf |  95.68%
 55.5s| 17400 |    41 |515130 |  27.2 |    41M |  20 | 312 |9521 |   0 |2089 |  0 |  41k|  22 | 0.000000e+00 |      --      |    Inf |  95.78%
 55.9s| 17500 |    35 |518252 |  27.2 |    41M |  20 | 312 |9518 |   0 |2114 |  0 |  41k|  22 | 0.000000e+00 |      --      |    Inf |  96.08%
 time | node  | left  |LP iter|LP it/n|mem/heur|mdpt |vars |cons |rows |cuts |sepa|confs|strbr|  dualbound   | primalbound  |  gap   | compl. 
 56.1s| 17600 |    35 |520189 |  27.2 |    41M |  20 | 312 |9508 | 319 |2125 |  1 |  42k|  22 | 0.000000e+00 |      --      |    Inf |  96.28%
 56.5s| 17700 |    34 |523599 |  27.2 |    41M |  20 | 312 |9506 |   0 |2178 |  0 |  42k|  22 | 0.000000e+00 |      --      |    Inf |  97.05%
 56.8s| 17800 |    21 |526578 |  27.2 |    41M |  20 | 312 |9500 |   0 |2212 |  0 |  42k|  22 | 0.000000e+00 |      --      |    Inf |  97.60%
 57.1s| 17900 |    20 |529724 |  27.3 |    41M |  20 | 312 |9499 | 320 |2235 |  0 |  42k|  22 | 0.000000e+00 |      --      |    Inf |  98.06%
 57.4s| 18000 |    14 |532184 |  27.2 |    41M |  20 | 312 |9483 |   0 |2254 |  0 |  43k|  22 | 0.000000e+00 |      --      |    Inf |  98.47%
 57.7s| 18100 |    14 |534773 |  27.2 |    41M |  20 | 312 |9472 |   0 |2287 |  0 |  43k|  22 | 0.000000e+00 |      --      |    Inf |  98.96%
 57.9s| 18200 |    10 |537128 |  27.2 |    41M |  20 | 312 |9468 |   0 |2305 |  0 |  43k|  22 | 0.000000e+00 |      --      |    Inf |  99.35%
 58.3s| 18300 |     9 |540325 |  27.2 |    41M |  20 | 312 |9463 | 319 |2335 |  1 |  43k|  22 | 0.000000e+00 |      --      |    Inf |  99.87%

SCIP Status        : problem is solved [infeasible]
Solving Time (sec) : 58.36
Solving Nodes      : 18346 (total of 19812 nodes in 2 runs)
Primal Bound       : +1.00000000000000e+20 (0 solutions)
Dual Bound         : +1.00000000000000e+20
Gap                : 0.00 %
SCIP Status        : problem is solved [infeasible]
Total Time         :      58.36
  solving          :      58.36
  presolving       :       0.11 (included in solving)
  reading          :       0.00
  copying          :       1.90 (102 #copies) (minimal 0.00, maximal 0.03, average 0.02)
Original Problem   :
  Problem name     : model
  Variables        : 342 (342 binary, 0 integer, 0 implicit integer, 0 continuous)
  Constraints      : 342 initial, 342 maximal
  Objective        : minimize, 0 non-zeros (abs.min = 1e+20, abs.max = -1e+20)
Presolved Problem  :
  Problem name     : t_model
  Variables        : 312 (312 binary, 0 integer, 0 implicit integer, 0 continuous)
  Constraints      : 2410 initial, 9617 maximal
  Objective        : minimize, 0 non-zeros (abs.min = 1e+20, abs.max = -1e+20)
  Nonzeros         : 38350 constraint, 1232 clique table
Presolvers         :   ExecTime  SetupTime  Calls  FixedVars   AggrVars   ChgTypes  ChgBounds   AddHoles    DelCons    AddCons   ChgSides   ChgCoefs
  boundshift       :       0.00       0.00      0          0          0          0          0          0          0          0          0          0
  convertinttobin  :       0.00       0.00      0          0          0          0          0          0          0          0          0          0
  domcol           :       0.00       0.00      4          0          0          0          0          0          0          0          0          0
  dualagg          :       0.00       0.00      0          0          0          0          0          0          0          0          0          0
  dualcomp         :       0.00       0.00      0          0          0          0          0          0          0          0          0          0
  dualinfer        :       0.00       0.00      0          0          0          0          0          0          0          0          0          0
  dualsparsify     :       0.00       0.00      1          0          0          0          0          0          0          0          0          0
  gateextraction   :       0.01       0.00      8          0          0          0          0          0         29         14          0          0
  implics          :       0.00       0.00     13          0          0          0          0          0          0          0          0          0
  inttobinary      :       0.00       0.00      0          0          0          0          0          0          0          0          0          0
  qpkktref         :       0.00       0.00      0          0          0          0          0          0          0          0          0          0
  redvub           :       0.00       0.00      0          0          0          0          0          0          0          0          0          0
  sparsify         :       0.00       0.00      2          0          0          0          0          0          0          0          0          0
  stuffing         :       0.00       0.00      0          0          0          0          0          0          0          0          0          0
  trivial          :       0.00       0.00     17         10          0          0          0          0          0          0          0          0
  tworowbnd        :       0.00       0.00      0          0          0          0          0          0          0          0          0          0
  dualfix          :       0.00       0.00     17          0          0          0          0          0          0          0          0          0
  genvbounds       :       0.00       0.00      0          0          0          0          0          0          0          0          0          0
  probing          :       0.02       0.00      3          0          9          0          0          0          0          0          0          0
  pseudoobj        :       0.00       0.00      1          0          0          0          0          0          0          0          0          0
  symmetry         :       0.00       0.00      1          2          0          0          0          0          0          5          0          0
  vbounds          :       0.00       0.00      3          0          0          0          0          0          0          0          0          0
  knapsack         :       0.00       0.00     23          0          0          0          0          0          0          0          0          0
  setppc           :       0.00       0.00     37          0          8          0          0          0         27          0          0          0
  linear           :       0.00       0.00     17          0          0          0          0          0          8          0          6          0
  orbisack         :       0.00       0.00      6          0          0          0          0          0          0          0          0          0
  orbitope         :       0.00       0.00     11          1          0          0          0          0          0          0          0          0
  symresack        :       0.00       0.00      6          0          0          0          0          0          0          0          0          0
  logicor          :       0.05       0.01     21          0          0          0          0          0        264          0          0        314
  benders          :       0.00       0.00      0          0          0          0          0          0          0          0          0          0
  components       :       0.00       0.00      2          0          0          0          0          0          0          0          0          0
  root node        :          -          -      -          9          -          -          9          -          -          -          -          -
Constraints        :     Number  MaxNumber  #Separate #Propagate    #EnfoLP    #EnfoRelax  #EnfoPS    #Check   #ResProp    Cutoffs    DomReds       Cuts    Applied      Conss   Children
  benderslp        :          0          0          0          0      11789          0          0         65          0          0          0          0          0          0          0
  integral         :          0          0          0          0      11789          0          0         65          0          0          0          0          0          0      23578
  knapsack         :         45+        79          4     179788          0          0          0          0     130354       1471      98685          0          0          0          0
  setppc           :        316+       339         21     179635          0          0          0         60     660304       5525     589360          2          1          0          0
  linear           :          8+       230         21     172675          0          0          0          0      14632        537      21848          0          0          0          0
  orbisack         :          2          2          0          0          0          0          0          0          0          0          0          0          0          0          0
  orbitope         :          2          2          0     173473          0          0          0          0          0          0          0          0          0          0          0
  symresack        :          1          1          0      35026          0          0          0          0        272         41        243          0          0          0          0
  logicor          :       2036+      9210         21     136119          0          0          0          0     167853       3066     141253          8          1          0          0
  benders          :          0          0          0          0          0          0          0          0          0          0          0          0          0          0          0
  countsols        :          0          0          0          0          0          0          0          0          0          0          0          0          0          0          0
  components       :          0          0          0          0          0          0          0          0          0          0          0          0          0          0          0
Constraint Timings :  TotalTime  SetupTime   Separate  Propagate     EnfoLP     EnfoPS     EnfoRelax   Check    ResProp    SB-Prop
  benderslp        :       0.01       0.00       0.00       0.00       0.01       0.00       0.00       0.00       0.00       0.00
  integral         :       0.43       0.00       0.00       0.00       0.43       0.00       0.00       0.00       0.00       0.00
  knapsack         :       2.17       0.00       0.00       2.01       0.00       0.00       0.00       0.00       0.15       0.00
  setppc           :       4.19       0.00       0.00       3.93       0.00       0.00       0.00       0.00       0.26       0.00
  linear           :       0.38       0.00       0.00       0.36       0.00       0.00       0.00       0.00       0.03       0.00
  orbisack         :       0.01       0.00       0.00       0.01       0.00       0.00       0.00       0.00       0.00       0.00
  orbitope         :       0.47       0.00       0.00       0.47       0.00       0.00       0.00       0.00       0.00       0.00
  symresack        :       0.02       0.00       0.00       0.02       0.00       0.00       0.00       0.00       0.00       0.00
  logicor          :       5.60       0.01       0.00       5.41       0.00       0.00       0.00       0.00       0.17       0.00
  benders          :       0.00       0.00       0.00       0.00       0.00       0.00       0.00       0.00       0.00       0.00
  countsols        :       0.00       0.00       0.00       0.00       0.00       0.00       0.00       0.00       0.00       0.00
  components       :       0.00       0.00       0.00       0.00       0.00       0.00       0.00       0.00       0.00       0.00
Propagators        : #Propagate   #ResProp    Cutoffs    DomReds
  dualfix          :          2          0          0          0
  genvbounds       :          0          0          0          0
  nlobbt           :          0          0          0          0
  obbt             :          0          0          0          0
  probing          :          0          0          0          0
  pseudoobj        :          0          0          0          0
  redcost          :          0          0          0          0
  rootredcost      :          0          0          0          0
  symmetry         :          0          0          0          0
  vbounds          :     146409          0          0          0
Propagator Timings :  TotalTime  SetupTime   Presolve  Propagate    ResProp    SB-Prop
  dualfix          :       0.00       0.00       0.00       0.00       0.00       0.00
  genvbounds       :       0.02       0.00       0.00       0.02       0.00       0.00
  nlobbt           :       0.00       0.00       0.00       0.00       0.00       0.00
  obbt             :       0.00       0.00       0.00       0.00       0.00       0.00
  probing          :       0.02       0.00       0.02       0.00       0.00       0.00
  pseudoobj        :       0.02       0.00       0.00       0.02       0.00       0.00
  redcost          :       0.01       0.00       0.00       0.01       0.00       0.00
  rootredcost      :       0.01       0.00       0.00       0.01       0.00       0.00
  symmetry         :       0.02       0.00       0.00       0.02       0.00       0.00
  vbounds          :       0.32       0.00       0.00       0.31       0.00       0.00
Orbital fixing     :
  vars fixed to 0  :          0
  vars fixed to 1  :          0
Conflict Analysis  :       Time      Calls    Success    DomReds  Conflicts   Literals    Reconvs ReconvLits   Dualrays   Nonzeros   LP Iters   (pool size: [10000,10000])
  propagation      :       0.96      10413       9251          -      60444       27.8        901       12.7          -          -          -
  infeasible LP    :       1.13       3153       2686          -      20661       25.8        166       12.0       1239       30.3          0
  bound exceed. LP :       0.00          0          0          -          0        0.0          0        0.0          0        0.0          0
  strong branching :       0.00          0          0          -          0        0.0          0        0.0          -          -          0
  pseudo solution  :       0.00          0          0          -          0        0.0          0        0.0          -          -          -
  applied globally :       0.32          -          -          0      41892       18.0          -          -       1078          -          -
  applied locally  :          -          -          -          0        641       34.1          -          -        161          -          -
Separators         :   ExecTime  SetupTime      Calls  RootCalls    Cutoffs    DomReds  FoundCuts ViaPoolAdd  DirectAdd    Applied ViaPoolApp  DirectApp      Conss
  cut pool         :       1.80          -       2307         40          -          -      32680       8059          -          -          -          -          -    (maximal pool size:       3135)
  aggregation      :       0.20       0.00       1235         21          0          0          3          2          1          2          2          0          0
  > cmir           :          -          -          -          -          -          -          -          2          0          2          2          0          -
  > flowcover      :          -          -          -          -          -          -          -          0          0          0          0          0          -
  > knapsackcover  :          -          -          -          -          -          -          -          0          1          0          0          0          -
  cgmip            :       0.00       0.00          0          0          0          0          0          0          0          0          0          0          0
  clique           :       0.01       0.00         21         21          0          0          0          0          0          0          0          0          0
  closecuts        :       0.00       0.00          0          0          0          0          0          0          0          0          0          0          0
  convexproj       :       0.00       0.00          0          0          0          0          0          0          0          0          0          0          0
  disjunctive      :       0.00       0.00          0          0          0          0          0          0          0          0          0          0          0
  eccuts           :       0.00       0.00          0          0          0          0          0          0          0          0          0          0          0
  gauge            :       0.00       0.00          0          0          0          0          0          0          0          0          0          0          0
  gomory           :       3.61       0.00       1228         14          0          0      51905       7693      19534       1394        836        558          0
  > gomorymi       :          -          -          -          -          -          -          -       1224       9767        409         85        324          -
  > strongcg       :          -          -          -          -          -          -          -       6469       9767        985        751        234          -
  impliedbounds    :       0.03       0.00       1235         21          0          0          2          3          0          2          2          0          0
  interminor       :       0.00       0.00          0          0          0          0          0          0          0          0          0          0          0
  intobj           :       0.00       0.00          0          0          0          0          0          0          0          0          0          0          0
  mcf              :       0.00       0.00          2          2          0          0          0          0          0          0          0          0          0
  minor            :       0.00       0.00          0          0          0          0          0          0          0          0          0          0          0
  mixing           :       0.00       0.00          0          0          0          0          0          0          0          0          0          0          0
  oddcycle         :       0.00       0.00          0          0          0          0          0          0          0          0          0          0          0
  rapidlearning    :       8.72       0.00         99          2          0       6516          0          0          0          0          0          0        714
  rlt              :       0.00       0.00         14         14          0          0          0          0          0          0          0          0          0
  zerohalf         :       0.62       0.00       1235         21          0          0       1826        361       1521       1358        201       1157          0
Cutselectors       :   ExecTime  SetupTime      Calls  RootCalls   Selected     Forced   Filtered  RootSelec   RootForc   RootFilt 
  hybrid           :       0.03       0.00       1208         20       2758          0      26367         41          0        823
Pricers            :   ExecTime  SetupTime      Calls       Vars
  problem variables:       0.00          -          0          0
Branching Rules    :   ExecTime  SetupTime   BranchLP  BranchExt   BranchPS    Cutoffs    DomReds       Cuts      Conss   Children
  allfullstrong    :       0.00       0.00          0          0          0          0          0          0          0          0
  cloud            :       0.00       0.00          0          0          0          0          0          0          0          0
  distribution     :       0.00       0.00          0          0          0          0          0          0          0          0
  fullstrong       :       0.00       0.00          0          0          0          0          0          0          0          0
  inference        :       0.00       0.00          0          0          0          0          0          0          0          0
  leastinf         :       0.00       0.00          0          0          0          0          0          0          0          0
  lookahead        :       0.00       0.00          0          0          0          0          0          0          0          0
  mostinf          :       0.00       0.00          0          0          0          0          0          0          0          0
  multaggr         :       0.00       0.00          0          0          0          0          0          0          0          0
  nodereopt        :       0.00       0.00          0          0          0          0          0          0          0          0
  pscost           :       0.00       0.00          0          0          0          0          0          0          0          0
  random           :       0.00       0.00          0          0          0          0          0          0          0          0
  relpscost        :       0.42       0.00      11789          0          0          0          0          0          0      23578
  vanillafullstrong:       0.00       0.00          0          0          0          0          0          0          0          0
Primal Heuristics  :   ExecTime  SetupTime      Calls      Found       Best
  LP solutions     :       0.00          -          -          0          0
  relax solutions  :       0.00          -          -          0          0
  pseudo solutions :       0.00          -          -          0          0
  strong branching :       0.00          -          -          0          0
  actconsdiving    :       0.00       0.00          0          0          0
  adaptivediving   :       0.25       0.00         92          0          0
  alns             :       0.03       0.00          7          0          0
  bound            :       0.00       0.00          0          0          0
  clique           :       0.00       0.00          1          0          0
  coefdiving       :       0.00       0.00          0          0          0
  completesol      :       0.00       0.00          0          0          0
  conflictdiving   :       0.47       0.00        156          0          0
  crossover        :       0.01       0.00          0          0          0
  dins             :       0.00       0.00          0          0          0
  distributiondivin:       0.54       0.00        154          0          0
  dps              :       0.00       0.00          0          0          0
  dualval          :       0.00       0.00          0          0          0
  farkasdiving     :       0.00       0.00          0          0          0
  feaspump         :       0.34       0.00         46          0          0
  fixandinfer      :       0.00       0.00          0          0          0
  fracdiving       :       0.34       0.00        156          0          0
  gins             :       0.00       0.00          0          0          0
  guideddiving     :       0.00       0.00          0          0          0
  indicator        :       0.01       0.00          0          0          0
  intdiving        :       0.00       0.00          0          0          0
  intshifting      :       0.00       0.00          0          0          0
  linesearchdiving :       0.41       0.00        157          0          0
  localbranching   :       0.00       0.00          0          0          0
  locks            :       0.00       0.00          1          0          0
  lpface           :       0.02       0.00          0          0          0
  mpec             :       0.00       0.00          0          0          0
  multistart       :       0.00       0.00          0          0          0
  mutation         :       0.00       0.00          0          0          0
  nlpdiving        :       0.00       0.00          0          0          0
  objpscostdiving  :       0.29       0.00         18          0          0
  octane           :       0.00       0.00          0          0          0
  ofins            :       0.00       0.00          0          0          0
  oneopt           :       0.00       0.00          0          0          0
  padm             :       0.00       0.00          0          0          0
  proximity        :       0.00       0.00          0          0          0
  pscostdiving     :       0.33       0.00        157          0          0
  randrounding     :       0.02       0.00         79          0          0
  rens             :       0.02       0.00          1          0          0
  reoptsols        :       0.00       0.00          0          0          0
  repair           :       0.00       0.00          0          0          0
  rins             :       0.00       0.00          0          0          0
  rootsoldiving    :       0.25       0.00         27          0          0
  rounding         :       0.06       0.00       1549          0          0
  shiftandpropagate:       0.00       0.00          2          0          0
  shifting         :       0.05       0.00        526          0          0
  simplerounding   :       0.00       0.00          0          0          0
  subnlp           :       0.01       0.00          0          0          0
  trivial          :       0.00       0.00          2          0          0
  trivialnegation  :       0.00       0.00          0          0          0
  trustregion      :       0.00       0.00          0          0          0
  trysol           :       0.01       0.00          0          0          0
  twoopt           :       0.00       0.00          0          0          0
  undercover       :       0.00       0.00          0          0          0
  vbounds          :       0.00       0.00          2          0          0
  veclendiving     :       0.39       0.00        156          0          0
  zeroobj          :       0.00       0.00          0          0          0
  zirounding       :       0.01       0.00       1000          0          0
  other solutions  :          -          -          -          0          -
LP                 :       Time      Calls Iterations  Iter/call   Iter/sec  Time-0-It Calls-0-It    ItLimit
  primal LP        :       0.43        510          0       0.00       0.00       0.43        510
  dual LP          :      14.51      16061     511971      32.19   35285.09       0.04        155
  lex dual LP      :       0.00          0          0       0.00          -
  barrier LP       :       0.00          0          0       0.00          -       0.00          0
  resolve instable :       0.00          0          0       0.00          -
  diving/probing LP:       1.19       1503      29227      19.45   24498.91
  strong branching :       0.08         22       2543     115.59   33507.70          -          -          0
    (at root node) :          -         22       2543     115.59          -
  conflict analysis:       0.00          0          0       0.00          -
B&B Tree           :
  number of runs   :          2
  nodes            :      18346 (10915 internal, 7431 leaves)
  feasible leaves  :          0
  infeas. leaves   :       7431
  objective leaves :          0
  nodes (total)    :      19812 (11789 internal, 8023 leaves)
  nodes left       :          0
  max depth        :         20
  max depth (total):         20
  backtracks       :       6423 (35.0%)
  early backtracks :          0 (0.0%)
  nodes exc. ref.  :          0 (0.0%)
  delayed cutoffs  :       3485
  repropagations   :      10140 (257145 domain reductions, 3184 cutoffs)
  avg switch length:       4.33
  switching time   :       6.76
Root Node          :
  First LP value   : +0.00000000000000e+00
  First LP Iters   :        222 (63338.09 Iter/sec)
  First LP Time    :       0.00
  Final Dual Bound : +0.00000000000000e+00
  Final Root Iters :       1888
  Root LP Estimate : +6.52152858051770e-03
Solution           :
  Solutions found  :          0 (0 improvements)
  Primal Bound     : infeasible
  Dual Bound       :          -
  Gap              :       0.00 %
Integrals          :      Total       Avg%
  primal-dual      :          -          - (problem infeasible)
  primal-ref       :          -          - (problem infeasible)
  dual-ref         :          -          - (problem infeasible)
written solution information to file <results/final_flowersnark__settings_final_nosymretope_norelabel__4__flowersnark19_3.cip.sol>
@04 1668020613
