FILENAME:   ../instances_new/flowersnark/flowersnark23_3.cip
SETTINGS:   settings_final_nosymretope_relabel_min
TIMELIMIT:  7200
OUTPUTNAME: final_flowersnark__settings_final_nosymretope_relabel_min__1__
BINNAME:    bin/sbcs.linux.x86_64.gnu.opt.cpx
BASENAME:   flowersnark23_3.cip
SEED:       1
@01 ../instances_new/flowersnark/flowersnark23_3.cip ===========
@02 flowersnark23_3.cip
@03 1667947083
SCIP version 8.0.2 [precision: 8 byte] [memory: block] [mode: optimized] [LP solver: CPLEX 20.1.0.0] [GitHash: 5f0473c]
Copyright (C) 2002-2022 Konrad-Zuse-Zentrum fuer Informationstechnik Berlin (ZIB)

Symretope propagation methods - (c) Jasper van Doornmalen, Christopher Hojny.
[GitHash: 2fd0484]

reading parameter file <../settings/settings_final_nosymretope_relabel_min.set> ...

Changed settings:
limits/time = 7200
misc/usesymmetry = 1
randomization/randomseedshift = 1
constraints/orbisack/sepafreq = -1
constraints/symresack/sepafreq = -1
propagating/symmetry/addsymresacks = TRUE
propagating/symmetry/detectsubgroups = FALSE
propagating/symmetry/usesymretopes = FALSE
propagating/symmetry/relabelsymretopes = 2
propagating/symmetry/ofsymcomptiming = 0
constraints/symretope/sepafreq = -1
constraints/symretope/peek = FALSE


solving problem ...

original problem has 414 variables (414 bin, 0 int, 0 impl, 0 cont) and 414 constraints
presolving:
(round 1, exhaustive) 0 del vars, 0 del conss, 0 add conss, 0 chg bounds, 0 chg sides, 0 chg coeffs, 414 upgd conss, 0 impls, 414 clqs
   (0.0s) probing: 51/414 (12.3%) - 0 fixings, 0 aggregations, 0 implications, 0 bound changes
   (0.0s) probing aborted: 50/50 successive totally useless probings
   (0.0s) symmetry computation started: requiring (bin +, int +, cont +), (fixed: bin -, int -, cont -)
   (0.0s) symmetry computation finished: 5 generators found (max: 1500, log10 of symmetry group size: 2.7)
(round 2, exhaustive) 7 del vars, 0 del conss, 5 add conss, 0 chg bounds, 0 chg sides, 0 chg coeffs, 414 upgd conss, 0 impls, 411 clqs
(round 3, fast)       16 del vars, 7 del conss, 5 add conss, 0 chg bounds, 0 chg sides, 0 chg coeffs, 414 upgd conss, 0 impls, 407 clqs
(round 4, medium)     17 del vars, 7 del conss, 5 add conss, 0 chg bounds, 0 chg sides, 0 chg coeffs, 414 upgd conss, 0 impls, 407 clqs
(round 5, fast)       18 del vars, 8 del conss, 5 add conss, 0 chg bounds, 0 chg sides, 0 chg coeffs, 414 upgd conss, 0 impls, 406 clqs
   (0.0s) probing: 56/414 (13.5%) - 0 fixings, 0 aggregations, 0 implications, 0 bound changes
   (0.0s) probing aborted: 50/50 successive totally useless probings
presolving (6 rounds: 6 fast, 4 medium, 3 exhaustive):
 18 deleted vars, 8 deleted constraints, 5 added constraints, 0 tightened bounds, 0 added holes, 0 changed sides, 0 changed coefficients
 0 implications, 406 cliques
presolved problem has 401 variables (401 bin, 0 int, 0 impl, 0 cont) and 411 constraints
    406 constraints of type <setppc>
      2 constraints of type <orbisack>
      2 constraints of type <orbitope>
      1 constraints of type <symresack>
transformed objective value is always integral (scale: 1)
Presolving Time: 0.01

 time | node  | left  |LP iter|LP it/n|mem/heur|mdpt |vars |cons |rows |cuts |sepa|confs|strbr|  dualbound   | primalbound  |  gap   | compl. 
  0.0s|     1 |     0 |   249 |     - |  5391k |   0 | 401 | 440 | 408 |   0 |  0 |  30 |   0 | 0.000000e+00 |      --      |    Inf | unknown
  0.1s|     1 |     0 |   681 |     - |  5609k |   0 | 401 | 642 | 409 |   5 |  1 |  32 |   0 | 0.000000e+00 |      --      |    Inf | unknown
  0.1s|     1 |     0 |   722 |     - |  6906k |   0 | 401 | 640 | 410 |   6 |  2 |  33 |   0 | 0.000000e+00 |      --      |    Inf | unknown
  0.1s|     1 |     0 |   804 |     - |  7896k |   0 | 401 | 641 | 412 |   8 |  3 |  34 |   0 | 0.000000e+00 |      --      |    Inf | unknown
  0.2s|     1 |     0 |   950 |     - |  8989k |   0 | 401 | 643 | 416 |  12 |  4 |  36 |   0 | 0.000000e+00 |      --      |    Inf | unknown
  0.2s|     1 |     0 |  1052 |     - |    10M |   0 | 401 | 647 | 419 |  15 |  5 |  40 |   0 | 0.000000e+00 |      --      |    Inf | unknown
  0.2s|     1 |     0 |  1180 |     - |    13M |   0 | 401 | 649 | 422 |  18 |  6 |  42 |   0 | 0.000000e+00 |      --      |    Inf | unknown
  0.3s|     1 |     0 |  1293 |     - |    15M |   0 | 401 | 650 | 427 |  23 |  7 |  43 |   0 | 0.000000e+00 |      --      |    Inf | unknown
  0.3s|     1 |     0 |  1452 |     - |    15M |   0 | 401 | 651 | 431 |  27 |  8 |  44 |   0 | 0.000000e+00 |      --      |    Inf | unknown
  0.4s|     1 |     0 |  1551 |     - |    18M |   0 | 401 | 654 | 435 |  31 |  9 |  47 |   0 | 0.000000e+00 |      --      |    Inf | unknown
  0.4s|     1 |     0 |  1731 |     - |    22M |   0 | 401 | 655 | 439 |  35 | 10 |  48 |   0 | 0.000000e+00 |      --      |    Inf | unknown
  0.4s|     1 |     0 |  1926 |     - |    22M |   0 | 401 | 656 | 442 |  38 | 11 |  49 |   0 | 0.000000e+00 |      --      |    Inf | unknown
  0.6s|     1 |     2 |  2314 |     - |    22M |   0 | 401 | 663 | 442 |  38 | 11 |  57 |  11 | 0.000000e+00 |      --      |    Inf | unknown
  1.6s|   100 |    75 | 11708 |  98.8 |    25M |  16 | 401 |1086 | 417 |  71 |  0 | 483 |  11 | 0.000000e+00 |      --      |    Inf |   2.38%
  2.0s|   200 |   131 | 18806 |  84.8 |    27M |  17 | 401 |1660 | 419 | 102 |  1 |1063 |  11 | 0.000000e+00 |      --      |    Inf |   3.98%
 time | node  | left  |LP iter|LP it/n|mem/heur|mdpt |vars |cons |rows |cuts |sepa|confs|strbr|  dualbound   | primalbound  |  gap   | compl. 
  2.2s|   300 |   177 | 22440 |  68.6 |    29M |  19 | 401 |2153 | 418 | 105 |  0 |1577 |  11 | 0.000000e+00 |      --      |    Inf |   4.00%
  2.6s|   400 |   211 | 26972 |  62.8 |    30M |  20 | 401 |2433 | 423 | 118 |  1 |1865 |  11 | 0.000000e+00 |      --      |    Inf |   4.80%
  3.0s|   500 |   234 | 32376 |  61.0 |    30M |  20 | 401 |2725 | 418 | 118 |  1 |2158 |  11 | 0.000000e+00 |      --      |    Inf |   4.83%
  3.3s|   600 |   271 | 36766 |  58.2 |    31M |  20 | 401 |2953 |   0 | 123 |  0 |2402 |  11 | 0.000000e+00 |      --      |    Inf |   4.86%
  3.5s|   700 |   297 | 41049 |  56.0 |    32M |  20 | 401 |3154 |   0 | 136 |  0 |2689 |  11 | 0.000000e+00 |      --      |    Inf |   4.90%
  3.9s|   800 |   319 | 45353 |  54.4 |    32M |  20 | 401 |3306 | 419 | 141 |  0 |2963 |  11 | 0.000000e+00 |      --      |    Inf |   5.12%
  4.1s|   900 |   352 | 49599 |  53.0 |    32M |  20 | 401 |3502 | 419 | 141 |  1 |3344 |  11 | 0.000000e+00 |      --      |    Inf |   5.14%
  4.5s|  1000 |   376 | 54523 |  52.6 |    32M |  20 | 401 |3280 | 420 | 152 |  1 |3679 |  11 | 0.000000e+00 |      --      |    Inf |   5.19%
Restart triggered after 50 consecutive estimations that the remaining tree will be large
(run 1, node 1023) performing user restart

(restart) converted 13 cuts from the global cut pool into linear constraints

presolving:
(round 1, fast)       10 del vars, 58 del conss, 0 add conss, 0 chg bounds, 0 chg sides, 3 chg coeffs, 0 upgd conss, 0 impls, 414 clqs
(round 2, medium)     16 del vars, 58 del conss, 0 add conss, 0 chg bounds, 0 chg sides, 3 chg coeffs, 0 upgd conss, 0 impls, 405 clqs
(round 3, fast)       16 del vars, 71 del conss, 0 add conss, 0 chg bounds, 1 chg sides, 3 chg coeffs, 0 upgd conss, 0 impls, 405 clqs
(round 4, exhaustive) 16 del vars, 99 del conss, 13 add conss, 0 chg bounds, 1 chg sides, 3 chg coeffs, 0 upgd conss, 0 impls, 405 clqs
(round 5, exhaustive) 16 del vars, 106 del conss, 13 add conss, 0 chg bounds, 1 chg sides, 3 chg coeffs, 0 upgd conss, 0 impls, 405 clqs
(round 6, exhaustive) 16 del vars, 114 del conss, 13 add conss, 0 chg bounds, 9 chg sides, 3 chg coeffs, 0 upgd conss, 0 impls, 405 clqs
(round 7, exhaustive) 16 del vars, 114 del conss, 13 add conss, 0 chg bounds, 9 chg sides, 3 chg coeffs, 205 upgd conss, 0 impls, 405 clqs
(round 8, exhaustive) 16 del vars, 122 del conss, 17 add conss, 0 chg bounds, 9 chg sides, 3 chg coeffs, 205 upgd conss, 0 impls, 405 clqs
(round 9, exhaustive) 16 del vars, 289 del conss, 17 add conss, 0 chg bounds, 9 chg sides, 605 chg coeffs, 205 upgd conss, 0 impls, 405 clqs
(round 10, exhaustive) 16 del vars, 295 del conss, 17 add conss, 0 chg bounds, 9 chg sides, 605 chg coeffs, 205 upgd conss, 0 impls, 405 clqs
(round 11, exhaustive) 16 del vars, 295 del conss, 17 add conss, 0 chg bounds, 9 chg sides, 881 chg coeffs, 205 upgd conss, 0 impls, 405 clqs
(round 12, exhaustive) 16 del vars, 304 del conss, 17 add conss, 0 chg bounds, 9 chg sides, 881 chg coeffs, 205 upgd conss, 0 impls, 405 clqs
presolving (13 rounds: 13 fast, 11 medium, 10 exhaustive):
 16 deleted vars, 304 deleted constraints, 17 added constraints, 0 tightened bounds, 0 added holes, 9 changed sides, 881 changed coefficients
 0 implications, 405 cliques
presolved problem has 385 variables (385 bin, 0 int, 0 impl, 0 cont) and 2818 constraints
     84 constraints of type <knapsack>
    393 constraints of type <setppc>
     12 constraints of type <linear>
      2 constraints of type <orbisack>
      2 constraints of type <orbitope>
      1 constraints of type <symresack>
   2324 constraints of type <logicor>
transformed objective value is always integral (scale: 1)
Presolving Time: 0.11

 time | node  | left  |LP iter|LP it/n|mem/heur|mdpt |vars |cons |rows |cuts |sepa|confs|strbr|  dualbound   | primalbound  |  gap   | compl. 
  4.7s|     1 |     0 | 56227 |     - |    32M |   0 | 385 |2826 | 402 |   0 |  0 |3743 |  11 | 0.000000e+00 |      --      |    Inf | unknown
  5.0s|     1 |     0 | 56307 |     - |    33M |   0 | 385 |3028 | 404 |   2 |  1 |3745 |  11 | 0.000000e+00 |      --      |    Inf | unknown
  5.1s|     1 |     0 | 56369 |     - |    33M |   0 | 385 |3029 | 406 |   4 |  2 |3746 |  11 | 0.000000e+00 |      --      |    Inf | unknown
  5.2s|     1 |     2 | 56723 |     - |    33M |   0 | 385 |3066 | 406 |   4 |  4 |3783 |  22 | 0.000000e+00 |      --      |    Inf | unknown
  5.8s|   100 |    29 | 64043 |  54.9 |    33M |  17 | 385 |3398 | 395 |  48 |  1 |4135 |  22 | 0.000000e+00 |      --      |    Inf |   3.29%
  6.2s|   200 |    33 | 67592 |  53.3 |    33M |  20 | 385 |3541 | 395 |  48 |  0 |4427 |  22 | 0.000000e+00 |      --      |    Inf |   3.37%
  6.4s|   300 |    34 | 69712 |  50.9 |    33M |  20 | 385 |3542 | 395 |  56 |  1 |4562 |  22 | 0.000000e+00 |      --      |    Inf |   3.52%
  6.6s|   400 |    45 | 72150 |  49.0 |    34M |  20 | 385 |3605 |   0 |  76 |  0 |4754 |  22 | 0.000000e+00 |      --      |    Inf |   3.59%
  6.9s|   500 |    39 | 75740 |  48.1 |    34M |  20 | 385 |3783 | 397 |  85 |  1 |5056 |  22 | 0.000000e+00 |      --      |    Inf |   3.68%
  7.4s|   600 |    40 | 78679 |  47.0 |    34M |  20 | 385 |3854 | 396 |  85 |  1 |5262 |  22 | 0.000000e+00 |      --      |    Inf |   3.69%
  7.6s|   700 |    38 | 83452 |  47.0 |    35M |  20 | 385 |3982 | 396 |  85 |  1 |5466 |  22 | 0.000000e+00 |      --      |    Inf |   3.72%
  7.9s|   800 |    45 | 87686 |  46.8 |    35M |  20 | 385 |4084 | 394 |  95 |  1 |5648 |  22 | 0.000000e+00 |      --      |    Inf |   3.78%
  8.1s|   900 |    49 | 90778 |  45.9 |    35M |  20 | 385 |4169 | 394 |  95 |  1 |5834 |  22 | 0.000000e+00 |      --      |    Inf |   3.81%
  8.5s|  1000 |    41 | 95589 |  46.1 |    36M |  20 | 385 |4247 | 398 | 132 |  1 |6039 |  22 | 0.000000e+00 |      --      |    Inf |   3.84%
  8.8s|  1100 |    54 | 99439 |  45.7 |    36M |  20 | 385 |4327 | 398 | 132 |  0 |6241 |  22 | 0.000000e+00 |      --      |    Inf |   3.90%
 time | node  | left  |LP iter|LP it/n|mem/heur|mdpt |vars |cons |rows |cuts |sepa|confs|strbr|  dualbound   | primalbound  |  gap   | compl. 
  9.0s|  1200 |    50 |103408 |  45.4 |    37M |  20 | 385 |4410 | 398 | 132 |  1 |6444 |  22 | 0.000000e+00 |      --      |    Inf |   3.92%
  9.5s|  1300 |    44 |107053 |  45.0 |    37M |  20 | 385 |4437 |   0 | 132 |  0 |6660 |  22 | 0.000000e+00 |      --      |    Inf |   3.97%
  9.7s|  1400 |    52 |111276 |  44.9 |    37M |  20 | 385 |4463 |   0 | 153 |  0 |6872 |  22 | 0.000000e+00 |      --      |    Inf |   4.02%
 10.1s|  1500 |    57 |115814 |  44.9 |    37M |  20 | 385 |4584 | 396 | 154 |  1 |7156 |  22 | 0.000000e+00 |      --      |    Inf |   4.03%
 10.3s|  1600 |    58 |119874 |  44.8 |    37M |  20 | 385 |4553 | 396 | 169 |  1 |7319 |  22 | 0.000000e+00 |      --      |    Inf |   4.16%
 10.5s|  1700 |    60 |123985 |  44.6 |    37M |  20 | 385 |4695 | 395 | 169 |  1 |7568 |  22 | 0.000000e+00 |      --      |    Inf |   4.19%
 10.9s|  1800 |    64 |127066 |  44.2 |    37M |  20 | 385 |4768 | 391 | 176 |  1 |7768 |  22 | 0.000000e+00 |      --      |    Inf |   4.37%
 11.1s|  1900 |    71 |129530 |  43.5 |    37M |  20 | 385 |4940 |   0 | 186 |  0 |8016 |  22 | 0.000000e+00 |      --      |    Inf |   4.53%
 11.5s|  2000 |    77 |132004 |  42.9 |    37M |  20 | 385 |5039 | 392 | 208 |  1 |8202 |  22 | 0.000000e+00 |      --      |    Inf |   4.79%
 11.7s|  2100 |    81 |134869 |  42.4 |    38M |  20 | 385 |5100 | 392 | 231 |  1 |8391 |  22 | 0.000000e+00 |      --      |    Inf |   5.15%
 12.3s|  2200 |    82 |137852 |  42.0 |    38M |  20 | 385 |5177 | 398 | 258 |  2 |8597 |  22 | 0.000000e+00 |      --      |    Inf |   6.55%
 12.6s|  2300 |    79 |140896 |  41.7 |    39M |  20 | 385 |5215 | 397 | 302 |  3 |8844 |  22 | 0.000000e+00 |      --      |    Inf |   7.52%
 12.9s|  2400 |    82 |143237 |  41.1 |    39M |  20 | 385 |5272 | 394 | 325 |  1 |9055 |  22 | 0.000000e+00 |      --      |    Inf |   8.06%
 13.1s|  2500 |    80 |145055 |  40.5 |    39M |  20 | 385 |5346 | 392 | 344 |  1 |9286 |  22 | 0.000000e+00 |      --      |    Inf |   8.36%
 13.3s|  2600 |    75 |147285 |  40.0 |    39M |  20 | 385 |5464 | 394 | 368 |  0 |9491 |  22 | 0.000000e+00 |      --      |    Inf |   8.97%
 time | node  | left  |LP iter|LP it/n|mem/heur|mdpt |vars |cons |rows |cuts |sepa|confs|strbr|  dualbound   | primalbound  |  gap   | compl. 
 13.5s|  2700 |    78 |149607 |  39.5 |    40M |  20 | 385 |5486 | 396 | 428 |  1 |9712 |  22 | 0.000000e+00 |      --      |    Inf |  10.49%
 13.8s|  2800 |    69 |152521 |  39.3 |    40M |  20 | 385 |5415 | 395 | 480 |  1 |9877 |  22 | 0.000000e+00 |      --      |    Inf |  12.51%
 14.2s|  2900 |    67 |156680 |  39.3 |    40M |  20 | 385 |5264 | 390 | 536 |  0 |  10k|  22 | 0.000000e+00 |      --      |    Inf |  13.34%
 14.6s|  3000 |    87 |159836 |  39.1 |    40M |  20 | 385 |5243 | 393 | 559 |  1 |  10k|  22 | 0.000000e+00 |      --      |    Inf |  13.65%
 14.7s|  3100 |    97 |161257 |  38.5 |    40M |  20 | 385 |5454 | 393 | 559 |  1 |  10k|  22 | 0.000000e+00 |      --      |    Inf |  13.70%
 14.9s|  3200 |    77 |162641 |  37.9 |    40M |  20 | 385 |5718 |   0 | 559 |  0 |  10k|  22 | 0.000000e+00 |      --      |    Inf |  13.73%
 15.0s|  3300 |    84 |164067 |  37.4 |    40M |  20 | 385 |5785 | 394 | 572 |  1 |  11k|  22 | 0.000000e+00 |      --      |    Inf |  13.78%
 15.2s|  3400 |    79 |165186 |  36.8 |    40M |  20 | 385 |5894 | 394 | 572 |  1 |  11k|  22 | 0.000000e+00 |      --      |    Inf |  13.83%
 15.3s|  3500 |    87 |167465 |  36.5 |    40M |  20 | 385 |6008 | 393 | 587 |  1 |  11k|  22 | 0.000000e+00 |      --      |    Inf |  14.29%
 15.5s|  3600 |   119 |169824 |  36.2 |    40M |  20 | 385 |6220 | 393 | 602 |  1 |  11k|  22 | 0.000000e+00 |      --      |    Inf |  14.39%
 15.7s|  3700 |   105 |171285 |  35.8 |    40M |  20 | 385 |6397 | 393 | 602 |  1 |  12k|  22 | 0.000000e+00 |      --      |    Inf |  14.53%
 15.9s|  3800 |    92 |172801 |  35.3 |    40M |  20 | 385 |6571 | 391 | 602 |  1 |  12k|  22 | 0.000000e+00 |      --      |    Inf |  14.67%
 16.1s|  3900 |    82 |174744 |  35.0 |    41M |  20 | 385 |6717 | 394 | 606 |  1 |  12k|  22 | 0.000000e+00 |      --      |    Inf |  14.91%
 16.2s|  4000 |   103 |176576 |  34.7 |    41M |  20 | 385 |6726 | 390 | 606 |  1 |  13k|  22 | 0.000000e+00 |      --      |    Inf |  14.98%
 16.4s|  4100 |    94 |178089 |  34.3 |    41M |  20 | 385 |6869 |   0 | 606 |  0 |  13k|  22 | 0.000000e+00 |      --      |    Inf |  15.03%
 time | node  | left  |LP iter|LP it/n|mem/heur|mdpt |vars |cons |rows |cuts |sepa|confs|strbr|  dualbound   | primalbound  |  gap   | compl. 
 16.6s|  4200 |    85 |180354 |  34.1 |    41M |  20 | 385 |6971 | 393 | 620 |  1 |  13k|  22 | 0.000000e+00 |      --      |    Inf |  15.15%
 16.8s|  4300 |    90 |182515 |  33.8 |    41M |  20 | 385 |7046 | 393 | 620 |  1 |  13k|  22 | 0.000000e+00 |      --      |    Inf |  15.19%
 16.9s|  4400 |    83 |184171 |  33.5 |    42M |  20 | 385 |7155 | 393 | 625 |  1 |  14k|  22 | 0.000000e+00 |      --      |    Inf |  15.29%
 17.1s|  4500 |    81 |185892 |  33.2 |    42M |  20 | 385 |7205 | 392 | 630 |  1 |  14k|  22 | 0.000000e+00 |      --      |    Inf |  15.53%
 17.3s|  4600 |    80 |188106 |  33.0 |    42M |  20 | 385 |7265 | 392 | 638 |  1 |  14k|  22 | 0.000000e+00 |      --      |    Inf |  15.63%
 17.5s|  4700 |    77 |190517 |  32.9 |    42M |  20 | 385 |7287 | 396 | 675 |  1 |  14k|  22 | 0.000000e+00 |      --      |    Inf |  16.12%
 17.8s|  4800 |    76 |192666 |  32.7 |    42M |  20 | 385 |7205 | 394 | 704 |  1 |  14k|  22 | 0.000000e+00 |      --      |    Inf |  16.49%
 18.3s|  4900 |    84 |194857 |  32.5 |    42M |  20 | 385 |7167 |   0 | 734 |  0 |  15k|  22 | 0.000000e+00 |      --      |    Inf |  16.66%
 18.5s|  5000 |    81 |196855 |  32.3 |    42M |  20 | 385 |7019 | 394 | 744 |  1 |  15k|  22 | 0.000000e+00 |      --      |    Inf |  17.12%
 18.7s|  5100 |    86 |198437 |  32.0 |    42M |  20 | 385 |7168 |   0 | 749 |  0 |  15k|  22 | 0.000000e+00 |      --      |    Inf |  17.21%
 18.9s|  5200 |    93 |200485 |  31.8 |    43M |  20 | 385 |7453 |   0 | 775 |  0 |  16k|  22 | 0.000000e+00 |      --      |    Inf |  17.57%
 19.1s|  5300 |    86 |202841 |  31.7 |    43M |  20 | 385 |7547 | 396 | 810 |  1 |  16k|  22 | 0.000000e+00 |      --      |    Inf |  17.96%
 19.3s|  5400 |    86 |205000 |  31.5 |    43M |  20 | 385 |7638 |   0 | 847 |  0 |  16k|  22 | 0.000000e+00 |      --      |    Inf |  18.23%
 19.5s|  5500 |    86 |206674 |  31.3 |    43M |  20 | 385 |7718 | 394 | 847 |  1 |  16k|  22 | 0.000000e+00 |      --      |    Inf |  18.30%
 19.9s|  5600 |    85 |208549 |  31.1 |    43M |  20 | 385 |7926 |   0 | 847 |  0 |  16k|  22 | 0.000000e+00 |      --      |    Inf |  18.33%
 time | node  | left  |LP iter|LP it/n|mem/heur|mdpt |vars |cons |rows |cuts |sepa|confs|strbr|  dualbound   | primalbound  |  gap   | compl. 
 20.1s|  5700 |    85 |210847 |  31.0 |    43M |  20 | 385 |7911 | 392 | 897 |  1 |  17k|  22 | 0.000000e+00 |      --      |    Inf |  18.72%
 20.3s|  5800 |    80 |213222 |  30.9 |    44M |  20 | 385 |7889 | 398 | 920 |  0 |  17k|  22 | 0.000000e+00 |      --      |    Inf |  19.31%
 20.9s|  5900 |    80 |215507 |  30.8 |    44M |  20 | 385 |7709 | 390 | 926 |  1 |  17k|  22 | 0.000000e+00 |      --      |    Inf |  19.49%
 21.2s|  6000 |   126 |219752 |  30.9 |    44M |  20 | 385 |7347 | 396 | 958 |  0 |  17k|  22 | 0.000000e+00 |      --      |    Inf |  20.32%
 21.5s|  6100 |   138 |222711 |  30.9 |    45M |  20 | 385 |7327 | 392 | 958 |  0 |  18k|  22 | 0.000000e+00 |      --      |    Inf |  20.38%
 21.7s|  6200 |   152 |224836 |  30.8 |    45M |  20 | 385 |7333 |   0 | 958 |  0 |  18k|  22 | 0.000000e+00 |      --      |    Inf |  20.40%
 21.9s|  6300 |   141 |227183 |  30.7 |    45M |  20 | 385 |7396 | 393 | 962 |  1 |  18k|  22 | 0.000000e+00 |      --      |    Inf |  20.48%
 22.6s|  6400 |   151 |229694 |  30.6 |    45M |  20 | 385 |7517 | 392 | 962 |  1 |  18k|  22 | 0.000000e+00 |      --      |    Inf |  20.51%
 22.9s|  6500 |   145 |232076 |  30.5 |    45M |  20 | 385 |7561 | 392 | 962 |  1 |  19k|  22 | 0.000000e+00 |      --      |    Inf |  20.57%
 23.1s|  6600 |   151 |235138 |  30.5 |    45M |  20 | 385 |7584 | 392 | 962 |  1 |  19k|  22 | 0.000000e+00 |      --      |    Inf |  20.64%
 23.3s|  6700 |   143 |237629 |  30.5 |    45M |  20 | 385 |7675 | 392 | 962 |  0 |  19k|  22 | 0.000000e+00 |      --      |    Inf |  20.74%
 23.6s|  6800 |   135 |240368 |  30.4 |    45M |  20 | 385 |7668 |   0 | 962 |  0 |  19k|  22 | 0.000000e+00 |      --      |    Inf |  20.90%
 24.1s|  6900 |   139 |244068 |  30.5 |    45M |  20 | 385 |7580 | 393 | 972 |  0 |  19k|  22 | 0.000000e+00 |      --      |    Inf |  21.04%
 24.3s|  7000 |   140 |246842 |  30.5 |    45M |  20 | 385 |7650 | 392 | 972 |  1 |  20k|  22 | 0.000000e+00 |      --      |    Inf |  21.09%
 24.5s|  7100 |   139 |249151 |  30.4 |    45M |  20 | 385 |7809 | 392 | 972 |  1 |  20k|  22 | 0.000000e+00 |      --      |    Inf |  21.13%
 time | node  | left  |LP iter|LP it/n|mem/heur|mdpt |vars |cons |rows |cuts |sepa|confs|strbr|  dualbound   | primalbound  |  gap   | compl. 
 24.8s|  7200 |   129 |252482 |  30.4 |    45M |  20 | 385 |7994 | 393 | 979 |  0 |  20k|  22 | 0.000000e+00 |      --      |    Inf |  21.26%
 25.0s|  7300 |   123 |255909 |  30.5 |    45M |  20 | 385 |8090 | 392 | 979 |  1 |  20k|  22 | 0.000000e+00 |      --      |    Inf |  21.34%
 25.4s|  7400 |   112 |257693 |  30.3 |    45M |  20 | 385 |8025 |   0 | 979 |  0 |  21k|  22 | 0.000000e+00 |      --      |    Inf |  21.39%
 25.7s|  7500 |   112 |259478 |  30.2 |    45M |  20 | 385 |8152 | 393 | 990 |  0 |  21k|  22 | 0.000000e+00 |      --      |    Inf |  21.49%
 25.9s|  7600 |   123 |261374 |  30.0 |    45M |  20 | 385 |8250 | 393 |1004 |  1 |  21k|  22 | 0.000000e+00 |      --      |    Inf |  21.57%
 26.3s|  7700 |   123 |264157 |  30.0 |    45M |  20 | 385 |8269 | 396 |1027 |  1 |  21k|  22 | 0.000000e+00 |      --      |    Inf |  21.64%
 26.4s|  7800 |   124 |266948 |  30.0 |    45M |  20 | 385 |8332 | 396 |1027 |  1 |  21k|  22 | 0.000000e+00 |      --      |    Inf |  21.71%
 26.7s|  7900 |   126 |270221 |  30.0 |    45M |  20 | 385 |8370 | 392 |1039 |  1 |  22k|  22 | 0.000000e+00 |      --      |    Inf |  21.79%
 26.8s|  8000 |   130 |271741 |  29.8 |    45M |  20 | 385 |8472 | 391 |1039 |  1 |  22k|  22 | 0.000000e+00 |      --      |    Inf |  21.92%
 27.1s|  8100 |   122 |274456 |  29.8 |    45M |  20 | 385 |8461 | 395 |1057 |  1 |  22k|  22 | 0.000000e+00 |      --      |    Inf |  21.99%
 27.2s|  8200 |   126 |278317 |  29.9 |    45M |  20 | 385 |8592 | 395 |1057 |  1 |  22k|  22 | 0.000000e+00 |      --      |    Inf |  22.03%
 27.5s|  8300 |   119 |281652 |  29.9 |    45M |  20 | 385 |8593 | 396 |1065 |  0 |  22k|  22 | 0.000000e+00 |      --      |    Inf |  22.18%
 28.1s|  8400 |   120 |285659 |  30.1 |    45M |  20 | 385 |8530 | 393 |1079 |  0 |  23k|  22 | 0.000000e+00 |      --      |    Inf |  22.22%
 28.3s|  8500 |   124 |289700 |  30.2 |    45M |  20 | 385 |8536 | 393 |1079 |  1 |  23k|  22 | 0.000000e+00 |      --      |    Inf |  22.27%
 28.6s|  8600 |   128 |293301 |  30.2 |    45M |  20 | 385 |8652 | 393 |1079 |  0 |  23k|  22 | 0.000000e+00 |      --      |    Inf |  22.31%
 time | node  | left  |LP iter|LP it/n|mem/heur|mdpt |vars |cons |rows |cuts |sepa|confs|strbr|  dualbound   | primalbound  |  gap   | compl. 
 28.8s|  8700 |   114 |296529 |  30.2 |    45M |  20 | 385 |8620 |   0 |1084 |  0 |  23k|  22 | 0.000000e+00 |      --      |    Inf |  22.41%
 29.0s|  8800 |   106 |298593 |  30.1 |    46M |  20 | 385 |8623 | 390 |1093 |  1 |  23k|  22 | 0.000000e+00 |      --      |    Inf |  22.56%
 29.2s|  8900 |   127 |302254 |  30.2 |    46M |  20 | 385 |8789 | 396 |1109 |  1 |  24k|  22 | 0.000000e+00 |      --      |    Inf |  22.63%
 29.5s|  9000 |   132 |305470 |  30.2 |    46M |  20 | 385 |8844 | 393 |1127 |  0 |  24k|  22 | 0.000000e+00 |      --      |    Inf |  22.68%
 29.7s|  9100 |   129 |308121 |  30.2 |    46M |  20 | 385 |8959 | 393 |1127 |  1 |  24k|  22 | 0.000000e+00 |      --      |    Inf |  22.72%
 29.8s|  9200 |   123 |310207 |  30.1 |    46M |  20 | 385 |9159 | 396 |1127 |  0 |  24k|  22 | 0.000000e+00 |      --      |    Inf |  22.77%
 30.1s|  9300 |   120 |313946 |  30.2 |    46M |  20 | 385 |9328 | 394 |1142 |  1 |  25k|  22 | 0.000000e+00 |      --      |    Inf |  22.85%
 30.5s|  9400 |   127 |317001 |  30.2 |    46M |  20 | 385 |9472 | 396 |1142 |  1 |  25k|  22 | 0.000000e+00 |      --      |    Inf |  22.89%
 30.8s|  9500 |   128 |320817 |  30.3 |    46M |  20 | 385 |9696 | 396 |1142 |  1 |  25k|  22 | 0.000000e+00 |      --      |    Inf |  22.91%
 31.0s|  9600 |   120 |323229 |  30.2 |    46M |  20 | 385 |9855 | 394 |1142 |  0 |  25k|  22 | 0.000000e+00 |      --      |    Inf |  22.95%
 31.2s|  9700 |   119 |326525 |  30.2 |    46M |  20 | 385 |9988 | 395 |1149 |  1 |  26k|  22 | 0.000000e+00 |      --      |    Inf |  22.99%
 31.4s|  9800 |   125 |329634 |  30.2 |    46M |  22 | 385 |  10k| 394 |1151 |  1 |  26k|  22 | 0.000000e+00 |      --      |    Inf |  23.01%
 31.6s|  9900 |   124 |333689 |  30.3 |    46M |  22 | 385 |  10k| 394 |1151 |  0 |  26k|  22 | 0.000000e+00 |      --      |    Inf |  23.02%
 31.8s| 10000 |   118 |336792 |  30.3 |    46M |  22 | 385 |  10k| 394 |1151 |  1 |  26k|  22 | 0.000000e+00 |      --      |    Inf |  23.04%
 32.1s| 10100 |   115 |338535 |  30.2 |    46M |  22 | 385 |  10k| 393 |1151 |  0 |  26k|  22 | 0.000000e+00 |      --      |    Inf |  23.08%
 time | node  | left  |LP iter|LP it/n|mem/heur|mdpt |vars |cons |rows |cuts |sepa|confs|strbr|  dualbound   | primalbound  |  gap   | compl. 
 32.3s| 10200 |   113 |341224 |  30.2 |    46M |  22 | 385 |  10k| 394 |1151 |  1 |  27k|  22 | 0.000000e+00 |      --      |    Inf |  23.11%
 32.5s| 10300 |   115 |344444 |  30.2 |    46M |  22 | 385 |  10k| 394 |1151 |  0 |  27k|  22 | 0.000000e+00 |      --      |    Inf |  23.14%
 32.8s| 10400 |   129 |347090 |  30.2 |    46M |  22 | 385 |  10k| 393 |1155 |  1 |  27k|  22 | 0.000000e+00 |      --      |    Inf |  23.19%
 33.0s| 10500 |   126 |349278 |  30.1 |    46M |  22 | 385 |  10k|   0 |1155 |  0 |  27k|  22 | 0.000000e+00 |      --      |    Inf |  23.23%
 33.3s| 10600 |   154 |351933 |  30.1 |    46M |  22 | 385 |  10k| 393 |1155 |  1 |  28k|  22 | 0.000000e+00 |      --      |    Inf |  23.26%
 33.5s| 10700 |   114 |354174 |  30.0 |    46M |  22 | 385 |  10k| 395 |1163 |  1 |  28k|  22 | 0.000000e+00 |      --      |    Inf |  23.31%
 33.7s| 10800 |   118 |356264 |  29.9 |    46M |  22 | 385 |  10k| 395 |1163 |  1 |  28k|  22 | 0.000000e+00 |      --      |    Inf |  23.34%
 34.0s| 10900 |   112 |358530 |  29.9 |    46M |  22 | 385 |  10k| 395 |1176 |  1 |  28k|  22 | 0.000000e+00 |      --      |    Inf |  23.37%
 34.2s| 11000 |   137 |361499 |  29.9 |    46M |  22 | 385 |  10k| 395 |1176 |  1 |  28k|  22 | 0.000000e+00 |      --      |    Inf |  23.42%
 34.5s| 11100 |   125 |364841 |  29.9 |    46M |  22 | 385 |  10k| 395 |1176 |  1 |  29k|  22 | 0.000000e+00 |      --      |    Inf |  23.46%
 34.7s| 11200 |   142 |367926 |  29.9 |    46M |  22 | 385 |  10k|   0 |1182 |  0 |  29k|  22 | 0.000000e+00 |      --      |    Inf |  23.50%
 34.9s| 11300 |   134 |369763 |  29.8 |    46M |  22 | 385 |  10k| 394 |1182 |  1 |  29k|  22 | 0.000000e+00 |      --      |    Inf |  23.54%
 35.1s| 11400 |   132 |372213 |  29.8 |    46M |  22 | 385 |  10k|   0 |1189 |  0 |  29k|  22 | 0.000000e+00 |      --      |    Inf |  23.57%
 35.4s| 11500 |   140 |375400 |  29.8 |    46M |  22 | 385 |  10k| 392 |1193 |  1 |  29k|  22 | 0.000000e+00 |      --      |    Inf |  23.69%
 35.6s| 11600 |   144 |379228 |  29.8 |    46M |  22 | 385 |  10k| 392 |1199 |  1 |  30k|  22 | 0.000000e+00 |      --      |    Inf |  23.78%
 time | node  | left  |LP iter|LP it/n|mem/heur|mdpt |vars |cons |rows |cuts |sepa|confs|strbr|  dualbound   | primalbound  |  gap   | compl. 
 35.9s| 11700 |   140 |382378 |  29.9 |    46M |  22 | 385 |  10k| 396 |1213 |  1 |  30k|  22 | 0.000000e+00 |      --      |    Inf |  23.84%
 36.1s| 11800 |   144 |384962 |  29.8 |    46M |  22 | 385 |  10k| 396 |1213 |  1 |  30k|  22 | 0.000000e+00 |      --      |    Inf |  23.92%
 36.4s| 11900 |   132 |388622 |  29.9 |    46M |  22 | 385 |  10k| 399 |1237 |  1 |  30k|  22 | 0.000000e+00 |      --      |    Inf |  24.07%
 36.7s| 12000 |   137 |392387 |  29.9 |    46M |  22 | 385 |  10k| 396 |1248 |  1 |  31k|  22 | 0.000000e+00 |      --      |    Inf |  24.22%
 36.9s| 12100 |   133 |395095 |  29.9 |    46M |  22 | 385 |  10k| 396 |1272 |  0 |  31k|  22 | 0.000000e+00 |      --      |    Inf |  24.41%
 37.2s| 12200 |   128 |398142 |  29.9 |    46M |  22 | 385 |  10k|   0 |1281 |  0 |  31k|  22 | 0.000000e+00 |      --      |    Inf |  24.55%
 37.5s| 12300 |   145 |401230 |  29.9 |    47M |  22 | 385 |  10k| 394 |1289 |  1 |  31k|  22 | 0.000000e+00 |      --      |    Inf |  24.70%
 37.7s| 12400 |   144 |403453 |  29.9 |    47M |  22 | 385 |  10k|   0 |1289 |  0 |  31k|  22 | 0.000000e+00 |      --      |    Inf |  24.74%
 38.0s| 12500 |   126 |405699 |  29.8 |    47M |  22 | 385 |  10k| 394 |1289 |  1 |  32k|  22 | 0.000000e+00 |      --      |    Inf |  24.78%
 38.2s| 12600 |   127 |407787 |  29.8 |    47M |  22 | 385 |  10k|   0 |1289 |  0 |  32k|  22 | 0.000000e+00 |      --      |    Inf |  24.82%
 38.6s| 12700 |   120 |410818 |  29.8 |    47M |  22 | 385 |9846 | 392 |1293 |  1 |  32k|  22 | 0.000000e+00 |      --      |    Inf |  24.85%
 38.8s| 12800 |   125 |413890 |  29.8 |    47M |  22 | 385 |9850 | 392 |1293 |  1 |  32k|  22 | 0.000000e+00 |      --      |    Inf |  24.91%
 39.0s| 12900 |   126 |417248 |  29.8 |    47M |  22 | 385 |9793 | 392 |1304 |  1 |  33k|  22 | 0.000000e+00 |      --      |    Inf |  24.98%
 39.2s| 13000 |   124 |419532 |  29.7 |    47M |  22 | 385 |9768 |   0 |1304 |  0 |  33k|  22 | 0.000000e+00 |      --      |    Inf |  25.02%
 39.5s| 13100 |   116 |422323 |  29.7 |    47M |  22 | 385 |9689 | 399 |1323 |  1 |  33k|  22 | 0.000000e+00 |      --      |    Inf |  25.23%
 time | node  | left  |LP iter|LP it/n|mem/heur|mdpt |vars |cons |rows |cuts |sepa|confs|strbr|  dualbound   | primalbound  |  gap   | compl. 
 39.7s| 13200 |   123 |424832 |  29.7 |    47M |  22 | 385 |9412 | 396 |1343 |  1 |  33k|  22 | 0.000000e+00 |      --      |    Inf |  25.44%
 39.9s| 13300 |   128 |427496 |  29.7 |    47M |  22 | 385 |9331 | 397 |1361 |  1 |  33k|  22 | 0.000000e+00 |      --      |    Inf |  25.58%
 40.1s| 13400 |   130 |430020 |  29.6 |    47M |  22 | 385 |9343 |   0 |1367 |  0 |  33k|  22 | 0.000000e+00 |      --      |    Inf |  25.68%
 40.5s| 13500 |   125 |432954 |  29.6 |    47M |  22 | 385 |9500 | 393 |1367 |  0 |  34k|  22 | 0.000000e+00 |      --      |    Inf |  25.73%
 40.8s| 13600 |   125 |435741 |  29.6 |    47M |  22 | 385 |9319 | 390 |1375 |  1 |  34k|  22 | 0.000000e+00 |      --      |    Inf |  25.90%
 41.1s| 13700 |   116 |438613 |  29.6 |    47M |  22 | 385 |9312 | 396 |1394 |  0 |  34k|  22 | 0.000000e+00 |      --      |    Inf |  26.60%
 41.3s| 13800 |   117 |441457 |  29.6 |    47M |  22 | 385 |9142 | 393 |1403 |  1 |  34k|  22 | 0.000000e+00 |      --      |    Inf |  26.76%
 41.6s| 13900 |   113 |444020 |  29.6 |    47M |  22 | 385 |8995 | 396 |1447 |  1 |  35k|  22 | 0.000000e+00 |      --      |    Inf |  27.27%
 42.1s| 14000 |   120 |446573 |  29.6 |    47M |  22 | 385 |8836 | 392 |1481 |  1 |  35k|  22 | 0.000000e+00 |      --      |    Inf |  27.69%
 42.3s| 14100 |   113 |448568 |  29.5 |    47M |  22 | 385 |8986 | 391 |1481 |  0 |  35k|  22 | 0.000000e+00 |      --      |    Inf |  27.85%
 42.6s| 14200 |   118 |451400 |  29.5 |    47M |  22 | 385 |8978 | 393 |1524 |  1 |  35k|  22 | 0.000000e+00 |      --      |    Inf |  28.41%
 43.1s| 14300 |   117 |453608 |  29.4 |    47M |  22 | 385 |8975 | 394 |1550 |  1 |  35k|  22 | 0.000000e+00 |      --      |    Inf |  29.02%
 43.4s| 14400 |   115 |456425 |  29.4 |    47M |  22 | 385 |8993 | 394 |1637 |  2 |  35k|  22 | 0.000000e+00 |      --      |    Inf |  30.27%
 43.7s| 14500 |   114 |459350 |  29.4 |    47M |  22 | 385 |9141 | 395 |1714 |  0 |  36k|  22 | 0.000000e+00 |      --      |    Inf |  31.49%
 44.0s| 14600 |   108 |462004 |  29.4 |    48M |  22 | 385 |9028 |   0 |1751 |  0 |  36k|  22 | 0.000000e+00 |      --      |    Inf |  32.00%
 time | node  | left  |LP iter|LP it/n|mem/heur|mdpt |vars |cons |rows |cuts |sepa|confs|strbr|  dualbound   | primalbound  |  gap   | compl. 
 44.2s| 14700 |   110 |465441 |  29.4 |    48M |  22 | 385 |9123 | 397 |1751 |  1 |  36k|  22 | 0.000000e+00 |      --      |    Inf |  32.07%
 44.7s| 14800 |   111 |468576 |  29.5 |    48M |  22 | 385 |8807 | 395 |1772 |  1 |  36k|  22 | 0.000000e+00 |      --      |    Inf |  32.41%
 45.0s| 14900 |   117 |470678 |  29.4 |    48M |  22 | 385 |9019 | 393 |1784 |  1 |  36k|  22 | 0.000000e+00 |      --      |    Inf |  32.63%
 45.2s| 15000 |   102 |472538 |  29.3 |    48M |  22 | 385 |9160 |   0 |1788 |  0 |  37k|  22 | 0.000000e+00 |      --      |    Inf |  32.94%
 45.5s| 15100 |   112 |475625 |  29.3 |    48M |  22 | 385 |9246 | 395 |1844 |  0 |  37k|  22 | 0.000000e+00 |      --      |    Inf |  33.34%
 45.7s| 15200 |   112 |477854 |  29.3 |    48M |  22 | 385 |9242 |   0 |1876 |  0 |  37k|  22 | 0.000000e+00 |      --      |    Inf |  33.65%
 45.9s| 15300 |   117 |479807 |  29.2 |    48M |  22 | 385 |9360 |   0 |1892 |  0 |  37k|  22 | 0.000000e+00 |      --      |    Inf |  33.84%
 46.1s| 15400 |   111 |482023 |  29.2 |    48M |  22 | 385 |9514 | 398 |1911 |  1 |  38k|  22 | 0.000000e+00 |      --      |    Inf |  34.12%
 46.6s| 15500 |   116 |484578 |  29.2 |    48M |  22 | 385 |9531 | 393 |1942 |  1 |  38k|  22 | 0.000000e+00 |      --      |    Inf |  35.22%
 47.3s| 15600 |   108 |488318 |  29.2 |    48M |  22 | 385 |9079 |   0 |2012 |  0 |  38k|  22 | 0.000000e+00 |      --      |    Inf |  37.84%
 47.9s| 15700 |   130 |491539 |  29.2 |    49M |  22 | 385 |8682 | 392 |2040 |  1 |  38k|  22 | 0.000000e+00 |      --      |    Inf |  38.43%
 48.2s| 15800 |   142 |494086 |  29.2 |    49M |  22 | 385 |8791 |   0 |2064 |  0 |  38k|  22 | 0.000000e+00 |      --      |    Inf |  38.75%
 48.4s| 15900 |   124 |495741 |  29.1 |    49M |  22 | 385 |8927 |   0 |2064 |  0 |  39k|  22 | 0.000000e+00 |      --      |    Inf |  39.06%
 48.5s| 16000 |   113 |497191 |  29.1 |    49M |  22 | 385 |9083 | 392 |2064 |  0 |  39k|  22 | 0.000000e+00 |      --      |    Inf |  39.24%
 48.8s| 16100 |   116 |499440 |  29.0 |    49M |  22 | 385 |9159 | 390 |2076 |  1 |  39k|  22 | 0.000000e+00 |      --      |    Inf |  39.60%
 time | node  | left  |LP iter|LP it/n|mem/heur|mdpt |vars |cons |rows |cuts |sepa|confs|strbr|  dualbound   | primalbound  |  gap   | compl. 
 49.0s| 16200 |   123 |501725 |  29.0 |    49M |  22 | 385 |9267 | 394 |2108 |  0 |  39k|  22 | 0.000000e+00 |      --      |    Inf |  39.89%
 49.2s| 16300 |   118 |503835 |  28.9 |    49M |  22 | 385 |9342 | 393 |2127 |  1 |  39k|  22 | 0.000000e+00 |      --      |    Inf |  40.33%
 49.8s| 16400 |   132 |506961 |  29.0 |    50M |  22 | 385 |9415 | 391 |2184 |  1 |  40k|  22 | 0.000000e+00 |      --      |    Inf |  40.55%
 50.0s| 16500 |   114 |508792 |  28.9 |    50M |  22 | 385 |9436 | 392 |2196 |  1 |  40k|  22 | 0.000000e+00 |      --      |    Inf |  41.37%
 50.4s| 16600 |   121 |511123 |  28.9 |    50M |  22 | 385 |9473 | 391 |2263 |  1 |  40k|  22 | 0.000000e+00 |      --      |    Inf |  42.51%
 50.6s| 16700 |   115 |513566 |  28.8 |    50M |  22 | 385 |9563 | 393 |2298 |  1 |  40k|  22 | 0.000000e+00 |      --      |    Inf |  43.20%
 50.9s| 16800 |   112 |515878 |  28.8 |    50M |  22 | 385 |9677 | 395 |2329 |  1 |  40k|  22 | 0.000000e+00 |      --      |    Inf |  43.45%
 51.1s| 16900 |   107 |518101 |  28.8 |    50M |  22 | 385 |9735 | 395 |2350 |  1 |  41k|  22 | 0.000000e+00 |      --      |    Inf |  43.82%
 51.8s| 17000 |   100 |521225 |  28.8 |    50M |  22 | 385 |9462 | 390 |2372 |  0 |  41k|  22 | 0.000000e+00 |      --      |    Inf |  44.30%
 52.0s| 17100 |    97 |524327 |  28.8 |    50M |  22 | 385 |9385 | 390 |2372 |  0 |  41k|  22 | 0.000000e+00 |      --      |    Inf |  44.39%
 52.3s| 17200 |   113 |527486 |  28.8 |    50M |  22 | 385 |9397 | 394 |2396 |  1 |  41k|  22 | 0.000000e+00 |      --      |    Inf |  44.48%
 52.5s| 17300 |   115 |530922 |  28.8 |    50M |  22 | 385 |9474 | 395 |2415 |  0 |  41k|  22 | 0.000000e+00 |      --      |    Inf |  44.63%
 52.8s| 17400 |   102 |534217 |  28.9 |    50M |  22 | 385 |9506 | 392 |2425 |  1 |  42k|  22 | 0.000000e+00 |      --      |    Inf |  44.97%
 53.0s| 17500 |   103 |536480 |  28.8 |    50M |  22 | 385 |9565 |   0 |2446 |  0 |  42k|  22 | 0.000000e+00 |      --      |    Inf |  45.12%
 53.2s| 17600 |   102 |539046 |  28.8 |    50M |  22 | 385 |9610 | 397 |2455 |  1 |  42k|  22 | 0.000000e+00 |      --      |    Inf |  45.23%
 time | node  | left  |LP iter|LP it/n|mem/heur|mdpt |vars |cons |rows |cuts |sepa|confs|strbr|  dualbound   | primalbound  |  gap   | compl. 
 53.4s| 17700 |   110 |541814 |  28.8 |    51M |  22 | 385 |9626 |   0 |2467 |  0 |  42k|  22 | 0.000000e+00 |      --      |    Inf |  45.33%
 53.8s| 17800 |   105 |545339 |  28.8 |    51M |  22 | 385 |9764 | 397 |2471 |  1 |  42k|  22 | 0.000000e+00 |      --      |    Inf |  45.40%
 54.1s| 17900 |   109 |548223 |  28.8 |    51M |  22 | 385 |9892 | 393 |2480 |  1 |  42k|  22 | 0.000000e+00 |      --      |    Inf |  45.52%
 54.4s| 18000 |   115 |551473 |  28.9 |    51M |  22 | 385 |9880 | 393 |2506 |  1 |  43k|  22 | 0.000000e+00 |      --      |    Inf |  45.64%
 54.6s| 18100 |   112 |554213 |  28.9 |    51M |  22 | 385 |9919 | 393 |2506 |  0 |  43k|  22 | 0.000000e+00 |      --      |    Inf |  45.68%
 54.9s| 18200 |   111 |557224 |  28.9 |    51M |  22 | 385 |9917 | 390 |2517 |  1 |  43k|  22 | 0.000000e+00 |      --      |    Inf |  45.81%
 55.1s| 18300 |   120 |560276 |  28.9 |    52M |  22 | 385 |9921 | 394 |2529 |  1 |  43k|  22 | 0.000000e+00 |      --      |    Inf |  45.90%
 55.4s| 18400 |   117 |562933 |  28.9 |    52M |  22 | 385 |9922 | 393 |2549 |  1 |  44k|  22 | 0.000000e+00 |      --      |    Inf |  46.01%
 55.6s| 18500 |   119 |565474 |  28.8 |    52M |  22 | 385 |9922 |   0 |2556 |  0 |  44k|  22 | 0.000000e+00 |      --      |    Inf |  46.09%
 55.8s| 18600 |   113 |567370 |  28.8 |    52M |  22 | 385 |9922 | 396 |2556 |  0 |  44k|  22 | 0.000000e+00 |      --      |    Inf |  46.15%
 56.1s| 18700 |   111 |570317 |  28.8 |    52M |  22 | 385 |9922 |   0 |2565 |  0 |  44k|  22 | 0.000000e+00 |      --      |    Inf |  46.30%
 56.3s| 18800 |   116 |573252 |  28.8 |    52M |  22 | 385 |9922 | 400 |2578 |  0 |  44k|  22 | 0.000000e+00 |      --      |    Inf |  46.34%
 56.6s| 18900 |   117 |576491 |  28.8 |    52M |  22 | 385 |9921 | 396 |2589 |  1 |  45k|  22 | 0.000000e+00 |      --      |    Inf |  46.37%
 56.8s| 19000 |   113 |579478 |  28.8 |    52M |  22 | 385 |9922 | 400 |2589 |  0 |  45k|  22 | 0.000000e+00 |      --      |    Inf |  46.44%
 57.0s| 19100 |   117 |582086 |  28.8 |    52M |  22 | 385 |9922 |   0 |2589 |  0 |  45k|  22 | 0.000000e+00 |      --      |    Inf |  46.47%
 time | node  | left  |LP iter|LP it/n|mem/heur|mdpt |vars |cons |rows |cuts |sepa|confs|strbr|  dualbound   | primalbound  |  gap   | compl. 
 57.3s| 19200 |   118 |585272 |  28.8 |    52M |  22 | 385 |9922 | 395 |2601 |  1 |  45k|  22 | 0.000000e+00 |      --      |    Inf |  46.56%
 57.5s| 19300 |   112 |587918 |  28.8 |    52M |  22 | 385 |9922 | 395 |2611 |  0 |  45k|  22 | 0.000000e+00 |      --      |    Inf |  46.66%
 57.9s| 19400 |   115 |591895 |  28.9 |    52M |  22 | 385 |9922 | 393 |2654 |  0 |  46k|  22 | 0.000000e+00 |      --      |    Inf |  47.05%
 58.2s| 19500 |   123 |595004 |  28.9 |    52M |  22 | 385 |9922 | 394 |2693 |  0 |  46k|  22 | 0.000000e+00 |      --      |    Inf |  47.53%
 58.5s| 19600 |   118 |598205 |  28.9 |    52M |  22 | 385 |9921 | 393 |2717 |  1 |  46k|  22 | 0.000000e+00 |      --      |    Inf |  48.06%
 58.9s| 19700 |   107 |602458 |  29.0 |    52M |  22 | 385 |9918 | 390 |2748 |  0 |  46k|  22 | 0.000000e+00 |      --      |    Inf |  48.64%
 59.3s| 19800 |   114 |606738 |  29.0 |    52M |  22 | 385 |9898 | 396 |2813 |  1 |  46k|  22 | 0.000000e+00 |      --      |    Inf |  52.70%
 59.6s| 19900 |   112 |610043 |  29.0 |    52M |  22 | 385 |9438 | 396 |2820 |  0 |  47k|  22 | 0.000000e+00 |      --      |    Inf |  52.78%
 59.8s| 20000 |   110 |613132 |  29.0 |    52M |  22 | 385 |8976 | 392 |2827 |  1 |  47k|  22 | 0.000000e+00 |      --      |    Inf |  52.87%
 60.0s| 20100 |   109 |616199 |  29.1 |    52M |  22 | 385 |9006 | 392 |2827 |  1 |  47k|  22 | 0.000000e+00 |      --      |    Inf |  52.92%
 60.3s| 20200 |    99 |618709 |  29.0 |    52M |  22 | 385 |8835 |   0 |2827 |  0 |  47k|  22 | 0.000000e+00 |      --      |    Inf |  52.98%
 60.4s| 20300 |    98 |621433 |  29.0 |    52M |  22 | 385 |8783 |   0 |2827 |  0 |  47k|  22 | 0.000000e+00 |      --      |    Inf |  53.04%
 60.7s| 20400 |   101 |624816 |  29.1 |    52M |  22 | 385 |8675 | 394 |2847 |  0 |  47k|  22 | 0.000000e+00 |      --      |    Inf |  53.31%
 60.9s| 20500 |   104 |627571 |  29.0 |    52M |  22 | 385 |8777 | 394 |2847 |  1 |  48k|  22 | 0.000000e+00 |      --      |    Inf |  53.33%
 61.1s| 20600 |   106 |630412 |  29.0 |    52M |  22 | 385 |8812 | 392 |2874 |  1 |  48k|  22 | 0.000000e+00 |      --      |    Inf |  53.37%
 time | node  | left  |LP iter|LP it/n|mem/heur|mdpt |vars |cons |rows |cuts |sepa|confs|strbr|  dualbound   | primalbound  |  gap   | compl. 
 61.3s| 20700 |   107 |633163 |  29.0 |    52M |  22 | 385 |8860 |   0 |2874 |  0 |  48k|  22 | 0.000000e+00 |      --      |    Inf |  53.41%
 61.7s| 20800 |   112 |637391 |  29.1 |    52M |  22 | 385 |8877 |   0 |2901 |  0 |  48k|  22 | 0.000000e+00 |      --      |    Inf |  53.73%
 61.9s| 20900 |   124 |640667 |  29.1 |    52M |  22 | 385 |8954 | 392 |2910 |  1 |  49k|  22 | 0.000000e+00 |      --      |    Inf |  53.80%
 62.2s| 21000 |   119 |644762 |  29.2 |    52M |  22 | 385 |9033 | 393 |2916 |  0 |  49k|  22 | 0.000000e+00 |      --      |    Inf |  53.87%
 62.4s| 21100 |   123 |646987 |  29.1 |    52M |  22 | 385 |9081 | 393 |2916 |  1 |  49k|  22 | 0.000000e+00 |      --      |    Inf |  53.93%
 62.7s| 21200 |   112 |649176 |  29.1 |    52M |  22 | 385 |9117 | 394 |2923 |  0 |  49k|  22 | 0.000000e+00 |      --      |    Inf |  53.99%
 62.9s| 21300 |   115 |651466 |  29.1 |    52M |  22 | 385 |9202 | 394 |2923 |  1 |  49k|  22 | 0.000000e+00 |      --      |    Inf |  54.05%
 63.1s| 21400 |   129 |654163 |  29.1 |    52M |  22 | 385 |9143 |   0 |2929 |  0 |  49k|  22 | 0.000000e+00 |      --      |    Inf |  54.12%
 63.3s| 21500 |   114 |656274 |  29.0 |    52M |  22 | 385 |9310 | 393 |2929 |  1 |  50k|  22 | 0.000000e+00 |      --      |    Inf |  54.20%
 63.6s| 21600 |   110 |659135 |  29.0 |    52M |  22 | 385 |8985 | 397 |2953 |  0 |  50k|  22 | 0.000000e+00 |      --      |    Inf |  54.64%
 63.9s| 21700 |   111 |662481 |  29.0 |    52M |  22 | 385 |8650 | 390 |3006 |  1 |  50k|  22 | 0.000000e+00 |      --      |    Inf |  55.21%
 64.2s| 21800 |   121 |665578 |  29.1 |    52M |  22 | 385 |8670 | 394 |3021 |  1 |  50k|  22 | 0.000000e+00 |      --      |    Inf |  55.25%
 64.4s| 21900 |   123 |667551 |  29.0 |    52M |  22 | 385 |8735 |   0 |3026 |  0 |  51k|  22 | 0.000000e+00 |      --      |    Inf |  55.31%
 64.6s| 22000 |   129 |669660 |  29.0 |    52M |  22 | 385 |8894 | 395 |3043 |  1 |  51k|  22 | 0.000000e+00 |      --      |    Inf |  55.35%
 64.8s| 22100 |   137 |672339 |  29.0 |    52M |  22 | 385 |8964 |   0 |3060 |  0 |  51k|  22 | 0.000000e+00 |      --      |    Inf |  55.47%
 time | node  | left  |LP iter|LP it/n|mem/heur|mdpt |vars |cons |rows |cuts |sepa|confs|strbr|  dualbound   | primalbound  |  gap   | compl. 
 65.0s| 22200 |   129 |674587 |  28.9 |    52M |  22 | 385 |9020 | 396 |3060 |  1 |  51k|  22 | 0.000000e+00 |      --      |    Inf |  55.62%
 65.2s| 22300 |   127 |676575 |  28.9 |    52M |  22 | 385 |9111 |   0 |3060 |  0 |  52k|  22 | 0.000000e+00 |      --      |    Inf |  55.71%
 65.4s| 22400 |   117 |678958 |  28.9 |    52M |  22 | 385 |9095 | 393 |3064 |  1 |  52k|  22 | 0.000000e+00 |      --      |    Inf |  55.86%
 65.6s| 22500 |   116 |680713 |  28.8 |    52M |  22 | 385 |9179 | 395 |3064 |  1 |  52k|  22 | 0.000000e+00 |      --      |    Inf |  55.95%
 65.9s| 22600 |   115 |683463 |  28.8 |    52M |  22 | 385 |9080 | 392 |3086 |  1 |  52k|  22 | 0.000000e+00 |      --      |    Inf |  56.11%
 66.2s| 22700 |   125 |687543 |  28.9 |    52M |  22 | 385 |8941 | 392 |3135 |  1 |  52k|  22 | 0.000000e+00 |      --      |    Inf |  56.70%
 66.6s| 22800 |   120 |692346 |  29.0 |    52M |  22 | 385 |8908 | 396 |3185 |  0 |  52k|  22 | 0.000000e+00 |      --      |    Inf |  57.89%
 67.0s| 22900 |   125 |697324 |  29.0 |    53M |  22 | 385 |8594 | 390 |3249 |  1 |  53k|  22 | 0.000000e+00 |      --      |    Inf |  59.59%
 67.4s| 23000 |   133 |702303 |  29.1 |    53M |  22 | 385 |8621 | 390 |3311 |  1 |  53k|  22 | 0.000000e+00 |      --      |    Inf |  60.66%
 67.7s| 23100 |   138 |706024 |  29.2 |    53M |  22 | 385 |8808 | 394 |3336 |  1 |  53k|  22 | 0.000000e+00 |      --      |    Inf |  60.89%
 67.9s| 23200 |   133 |709019 |  29.2 |    53M |  22 | 385 |8863 |   0 |3380 |  0 |  53k|  22 | 0.000000e+00 |      --      |    Inf |  61.32%
 68.3s| 23300 |   150 |712718 |  29.2 |    53M |  22 | 385 |8686 | 395 |3436 |  1 |  53k|  22 | 0.000000e+00 |      --      |    Inf |  61.77%
 68.5s| 23400 |   132 |714791 |  29.2 |    53M |  22 | 385 |8690 | 395 |3436 |  1 |  54k|  22 | 0.000000e+00 |      --      |    Inf |  61.83%
 68.7s| 23500 |   138 |716726 |  29.1 |    53M |  22 | 385 |8716 | 391 |3449 |  1 |  54k|  22 | 0.000000e+00 |      --      |    Inf |  61.98%
 68.9s| 23600 |   135 |718549 |  29.1 |    53M |  22 | 385 |8759 |   0 |3453 |  0 |  54k|  22 | 0.000000e+00 |      --      |    Inf |  62.16%
 time | node  | left  |LP iter|LP it/n|mem/heur|mdpt |vars |cons |rows |cuts |sepa|confs|strbr|  dualbound   | primalbound  |  gap   | compl. 
 69.1s| 23700 |   135 |720203 |  29.0 |    53M |  22 | 385 |8869 | 395 |3462 |  1 |  54k|  22 | 0.000000e+00 |      --      |    Inf |  62.23%
 69.3s| 23800 |   143 |722290 |  29.0 |    53M |  22 | 385 |8922 | 397 |3480 |  1 |  54k|  22 | 0.000000e+00 |      --      |    Inf |  62.28%
 69.5s| 23900 |   141 |724512 |  29.0 |    53M |  22 | 385 |8962 | 394 |3487 |  1 |  54k|  22 | 0.000000e+00 |      --      |    Inf |  62.35%
 69.8s| 24000 |   151 |728963 |  29.0 |    53M |  22 | 385 |8821 | 396 |3501 |  1 |  55k|  22 | 0.000000e+00 |      --      |    Inf |  62.57%
 70.1s| 24100 |   141 |731710 |  29.0 |    53M |  22 | 385 |8829 | 394 |3501 |  1 |  55k|  22 | 0.000000e+00 |      --      |    Inf |  62.72%
 70.3s| 24200 |   142 |734232 |  29.0 |    53M |  22 | 385 |8848 |   0 |3503 |  0 |  55k|  22 | 0.000000e+00 |      --      |    Inf |  62.75%
 70.5s| 24300 |   134 |736689 |  29.0 |    53M |  22 | 385 |8667 |   0 |3516 |  0 |  55k|  22 | 0.000000e+00 |      --      |    Inf |  63.08%
 70.8s| 24400 |   144 |739590 |  29.0 |    53M |  22 | 385 |8472 |   0 |3546 |  0 |  55k|  22 | 0.000000e+00 |      --      |    Inf |  63.24%
 71.0s| 24500 |   146 |742340 |  29.0 |    53M |  22 | 385 |8450 |   0 |3555 |  0 |  55k|  22 | 0.000000e+00 |      --      |    Inf |  63.28%
 71.3s| 24600 |   149 |745367 |  29.0 |    53M |  22 | 385 |8381 |   0 |3578 |  0 |  55k|  22 | 0.000000e+00 |      --      |    Inf |  63.43%
 71.5s| 24700 |   146 |747618 |  29.0 |    53M |  22 | 385 |8564 |   0 |3593 |  0 |  56k|  22 | 0.000000e+00 |      --      |    Inf |  63.54%
 71.7s| 24800 |   145 |749657 |  28.9 |    53M |  22 | 385 |8686 | 393 |3593 |  1 |  56k|  22 | 0.000000e+00 |      --      |    Inf |  63.61%
 71.9s| 24900 |   139 |752988 |  29.0 |    53M |  22 | 385 |8428 | 399 |3615 |  1 |  56k|  22 | 0.000000e+00 |      --      |    Inf |  63.96%
 72.2s| 25000 |   140 |756057 |  29.0 |    53M |  22 | 385 |8067 |   0 |3638 |  0 |  56k|  22 | 0.000000e+00 |      --      |    Inf |  64.13%
 72.4s| 25100 |   134 |757882 |  28.9 |    53M |  22 | 385 |8103 | 397 |3647 |  1 |  56k|  22 | 0.000000e+00 |      --      |    Inf |  64.24%
 time | node  | left  |LP iter|LP it/n|mem/heur|mdpt |vars |cons |rows |cuts |sepa|confs|strbr|  dualbound   | primalbound  |  gap   | compl. 
 72.7s| 25200 |   140 |761971 |  29.0 |    53M |  22 | 385 |7983 | 394 |3690 |  1 |  57k|  22 | 0.000000e+00 |      --      |    Inf |  64.54%
 73.0s| 25300 |   132 |764499 |  29.0 |    53M |  22 | 385 |7884 | 399 |3715 |  1 |  57k|  22 | 0.000000e+00 |      --      |    Inf |  64.96%
 73.2s| 25400 |   138 |766269 |  28.9 |    53M |  22 | 385 |7938 |   0 |3716 |  0 |  57k|  22 | 0.000000e+00 |      --      |    Inf |  65.06%
 73.4s| 25500 |   136 |767806 |  28.9 |    53M |  22 | 385 |8036 | 392 |3719 |  0 |  57k|  22 | 0.000000e+00 |      --      |    Inf |  65.13%
 73.6s| 25600 |   130 |770015 |  28.8 |    53M |  22 | 385 |7934 | 393 |3730 |  1 |  57k|  22 | 0.000000e+00 |      --      |    Inf |  65.47%
 73.9s| 25700 |   118 |772876 |  28.8 |    53M |  22 | 385 |7661 | 390 |3752 |  1 |  58k|  22 | 0.000000e+00 |      --      |    Inf |  65.91%
 74.2s| 25800 |   120 |776267 |  28.8 |    53M |  22 | 385 |7606 | 396 |3823 |  1 |  58k|  22 | 0.000000e+00 |      --      |    Inf |  66.52%
 74.4s| 25900 |   115 |778091 |  28.8 |    53M |  22 | 385 |7530 | 390 |3837 |  1 |  58k|  22 | 0.000000e+00 |      --      |    Inf |  66.70%
 74.7s| 26000 |   120 |781636 |  28.8 |    54M |  22 | 385 |7507 | 394 |3870 |  1 |  58k|  22 | 0.000000e+00 |      --      |    Inf |  67.30%
 74.9s| 26100 |   117 |783792 |  28.8 |    54M |  22 | 385 |7574 |   0 |3879 |  0 |  58k|  22 | 0.000000e+00 |      --      |    Inf |  67.64%
 75.2s| 26200 |   111 |786559 |  28.8 |    54M |  22 | 385 |7336 | 399 |3892 |  1 |  58k|  22 | 0.000000e+00 |      --      |    Inf |  68.10%
 75.4s| 26300 |   112 |789006 |  28.8 |    54M |  22 | 385 |7235 | 390 |3921 |  1 |  59k|  22 | 0.000000e+00 |      --      |    Inf |  68.41%
 75.7s| 26400 |   113 |791495 |  28.8 |    54M |  22 | 385 |7239 | 394 |3953 |  0 |  59k|  22 | 0.000000e+00 |      --      |    Inf |  69.14%
 75.9s| 26500 |   115 |794327 |  28.8 |    54M |  22 | 385 |7238 | 394 |3957 |  0 |  59k|  22 | 0.000000e+00 |      --      |    Inf |  69.64%
 76.1s| 26600 |   117 |797200 |  28.8 |    54M |  22 | 385 |7318 |   0 |3966 |  0 |  59k|  22 | 0.000000e+00 |      --      |    Inf |  69.75%
 time | node  | left  |LP iter|LP it/n|mem/heur|mdpt |vars |cons |rows |cuts |sepa|confs|strbr|  dualbound   | primalbound  |  gap   | compl. 
 76.4s| 26700 |   127 |799973 |  28.8 |    54M |  22 | 385 |7449 |   0 |3992 |  0 |  59k|  22 | 0.000000e+00 |      --      |    Inf |  69.84%
 76.7s| 26800 |   108 |802858 |  28.8 |    54M |  22 | 385 |7456 | 404 |4006 |  4 |  60k|  22 | 0.000000e+00 |      --      |    Inf |  69.97%
 76.9s| 26900 |   106 |805591 |  28.8 |    54M |  22 | 385 |7290 | 392 |4044 |  1 |  60k|  22 | 0.000000e+00 |      --      |    Inf |  70.47%
 77.2s| 27000 |   105 |808490 |  28.8 |    54M |  22 | 385 |7142 | 390 |4058 |  1 |  60k|  22 | 0.000000e+00 |      --      |    Inf |  71.20%
 77.4s| 27100 |   106 |812180 |  28.8 |    54M |  22 | 385 |7070 | 396 |4072 |  2 |  60k|  22 | 0.000000e+00 |      --      |    Inf |  71.41%
 77.7s| 27200 |   106 |815543 |  28.8 |    54M |  22 | 385 |7107 |   0 |4122 |  0 |  60k|  22 | 0.000000e+00 |      --      |    Inf |  72.13%
 77.9s| 27300 |   104 |817662 |  28.8 |    54M |  22 | 385 |7124 | 400 |4145 |  3 |  60k|  22 | 0.000000e+00 |      --      |    Inf |  72.43%
 78.3s| 27400 |    98 |821108 |  28.8 |    54M |  22 | 385 |7098 | 393 |4208 |  0 |  60k|  22 | 0.000000e+00 |      --      |    Inf |  73.46%
 78.5s| 27500 |   102 |825399 |  28.9 |    54M |  22 | 385 |7148 | 393 |4212 |  0 |  61k|  22 | 0.000000e+00 |      --      |    Inf |  73.70%
 78.8s| 27600 |   107 |830050 |  28.9 |    54M |  22 | 385 |7258 | 395 |4235 |  1 |  61k|  22 | 0.000000e+00 |      --      |    Inf |  73.80%
 79.1s| 27700 |   106 |834081 |  29.0 |    54M |  22 | 385 |7401 | 392 |4264 |  1 |  61k|  22 | 0.000000e+00 |      --      |    Inf |  74.10%
 79.4s| 27800 |   112 |838727 |  29.0 |    54M |  22 | 385 |7466 | 397 |4302 |  1 |  61k|  22 | 0.000000e+00 |      --      |    Inf |  74.51%
 79.7s| 27900 |   120 |842417 |  29.0 |    54M |  22 | 385 |7555 | 397 |4314 |  0 |  61k|  22 | 0.000000e+00 |      --      |    Inf |  74.73%
 79.9s| 28000 |   118 |846319 |  29.1 |    54M |  24 | 385 |7631 | 397 |4320 |  0 |  62k|  22 | 0.000000e+00 |      --      |    Inf |  74.75%
 80.2s| 28100 |   118 |851546 |  29.2 |    54M |  24 | 385 |7698 |   0 |4324 |  0 |  62k|  22 | 0.000000e+00 |      --      |    Inf |  74.79%
 time | node  | left  |LP iter|LP it/n|mem/heur|mdpt |vars |cons |rows |cuts |sepa|confs|strbr|  dualbound   | primalbound  |  gap   | compl. 
 80.5s| 28200 |   131 |856023 |  29.2 |    54M |  24 | 385 |7838 | 393 |4348 |  1 |  62k|  22 | 0.000000e+00 |      --      |    Inf |  75.00%
 80.8s| 28300 |   114 |859482 |  29.2 |    54M |  24 | 385 |7742 | 391 |4352 |  1 |  62k|  22 | 0.000000e+00 |      --      |    Inf |  75.29%
 81.0s| 28400 |   121 |862924 |  29.2 |    54M |  24 | 385 |7863 |   0 |4356 |  0 |  62k|  22 | 0.000000e+00 |      --      |    Inf |  75.30%
 81.2s| 28500 |   114 |866391 |  29.3 |    54M |  24 | 385 |7980 |   0 |4356 |  0 |  63k|  22 | 0.000000e+00 |      --      |    Inf |  75.36%
 81.5s| 28600 |   104 |869483 |  29.3 |    54M |  24 | 385 |8062 |   0 |4368 |  0 |  63k|  22 | 0.000000e+00 |      --      |    Inf |  75.42%
 81.7s| 28700 |   124 |874116 |  29.3 |    54M |  24 | 385 |8206 | 394 |4375 |  0 |  63k|  22 | 0.000000e+00 |      --      |    Inf |  75.47%
 81.9s| 28800 |   129 |876868 |  29.3 |    54M |  24 | 385 |8357 | 394 |4375 |  1 |  63k|  22 | 0.000000e+00 |      --      |    Inf |  75.50%
 82.1s| 28900 |   116 |879896 |  29.3 |    54M |  24 | 385 |8396 | 394 |4375 |  1 |  63k|  22 | 0.000000e+00 |      --      |    Inf |  75.53%
 82.4s| 29000 |   110 |882941 |  29.3 |    54M |  24 | 385 |8579 | 397 |4390 |  0 |  64k|  22 | 0.000000e+00 |      --      |    Inf |  75.59%
 82.6s| 29100 |    97 |885749 |  29.3 |    54M |  24 | 385 |8674 |   0 |4390 |  0 |  64k|  22 | 0.000000e+00 |      --      |    Inf |  75.68%
 82.9s| 29200 |    92 |888475 |  29.3 |    54M |  24 | 385 |8358 | 399 |4403 |  1 |  64k|  22 | 0.000000e+00 |      --      |    Inf |  75.87%
 83.1s| 29300 |    89 |890880 |  29.3 |    54M |  24 | 385 |8231 | 395 |4403 |  1 |  64k|  22 | 0.000000e+00 |      --      |    Inf |  75.99%
 83.3s| 29400 |    87 |893089 |  29.3 |    54M |  24 | 385 |8426 | 395 |4403 |  0 |  65k|  22 | 0.000000e+00 |      --      |    Inf |  76.01%
 83.5s| 29500 |   105 |896252 |  29.3 |    54M |  24 | 385 |8191 | 395 |4431 |  1 |  65k|  22 | 0.000000e+00 |      --      |    Inf |  76.49%
 83.8s| 29600 |   103 |898701 |  29.3 |    54M |  24 | 385 |8235 | 394 |4451 |  1 |  65k|  22 | 0.000000e+00 |      --      |    Inf |  76.58%
 time | node  | left  |LP iter|LP it/n|mem/heur|mdpt |vars |cons |rows |cuts |sepa|confs|strbr|  dualbound   | primalbound  |  gap   | compl. 
 84.0s| 29700 |   112 |901141 |  29.3 |    54M |  24 | 385 |8425 | 394 |4451 |  1 |  65k|  22 | 0.000000e+00 |      --      |    Inf |  76.66%
 84.2s| 29800 |    97 |903273 |  29.2 |    54M |  24 | 385 |8500 | 393 |4489 |  1 |  65k|  22 | 0.000000e+00 |      --      |    Inf |  76.93%
 84.4s| 29900 |    98 |905153 |  29.2 |    54M |  24 | 385 |8579 |   0 |4500 |  0 |  66k|  22 | 0.000000e+00 |      --      |    Inf |  77.01%
 84.6s| 30000 |    88 |907222 |  29.2 |    54M |  24 | 385 |8625 | 393 |4506 |  0 |  66k|  22 | 0.000000e+00 |      --      |    Inf |  77.24%
 84.9s| 30100 |    97 |910929 |  29.2 |    54M |  24 | 385 |8307 | 394 |4521 |  1 |  66k|  22 | 0.000000e+00 |      --      |    Inf |  77.40%
 85.2s| 30200 |   113 |915604 |  29.2 |    54M |  24 | 385 |8175 | 396 |4557 |  0 |  66k|  22 | 0.000000e+00 |      --      |    Inf |  77.50%
 85.5s| 30300 |   137 |919014 |  29.3 |    54M |  24 | 385 |8236 | 393 |4582 |  1 |  66k|  22 | 0.000000e+00 |      --      |    Inf |  77.56%
 85.7s| 30400 |   143 |921945 |  29.3 |    54M |  24 | 385 |8324 | 393 |4582 |  0 |  66k|  22 | 0.000000e+00 |      --      |    Inf |  77.59%
 85.9s| 30500 |   134 |924113 |  29.2 |    54M |  24 | 385 |8408 |   0 |4584 |  0 |  67k|  22 | 0.000000e+00 |      --      |    Inf |  77.62%
 86.1s| 30600 |   137 |926494 |  29.2 |    55M |  24 | 385 |8539 | 395 |4595 |  1 |  67k|  22 | 0.000000e+00 |      --      |    Inf |  77.66%
 86.3s| 30700 |   118 |928451 |  29.2 |    55M |  24 | 385 |8539 |   0 |4595 |  0 |  67k|  22 | 0.000000e+00 |      --      |    Inf |  77.74%
 86.5s| 30800 |   131 |930937 |  29.2 |    55M |  24 | 385 |8601 | 393 |4604 |  1 |  67k|  22 | 0.000000e+00 |      --      |    Inf |  77.85%
 86.8s| 30900 |   133 |933637 |  29.2 |    55M |  24 | 385 |8704 |   0 |4625 |  0 |  68k|  22 | 0.000000e+00 |      --      |    Inf |  78.00%
 87.0s| 31000 |   127 |935765 |  29.1 |    55M |  24 | 385 |8729 | 392 |4629 |  1 |  68k|  22 | 0.000000e+00 |      --      |    Inf |  78.30%
 87.3s| 31100 |   128 |939886 |  29.2 |    55M |  24 | 385 |8701 | 398 |4654 |  1 |  68k|  22 | 0.000000e+00 |      --      |    Inf |  78.53%
 time | node  | left  |LP iter|LP it/n|mem/heur|mdpt |vars |cons |rows |cuts |sepa|confs|strbr|  dualbound   | primalbound  |  gap   | compl. 
 87.6s| 31200 |   135 |943419 |  29.2 |    55M |  24 | 385 |8735 | 393 |4681 |  1 |  68k|  22 | 0.000000e+00 |      --      |    Inf |  78.60%
 87.8s| 31300 |   142 |946402 |  29.2 |    55M |  24 | 385 |8770 | 395 |4691 |  1 |  68k|  22 | 0.000000e+00 |      --      |    Inf |  78.66%
 88.1s| 31400 |   139 |949975 |  29.2 |    55M |  24 | 385 |8838 | 396 |4704 |  1 |  68k|  22 | 0.000000e+00 |      --      |    Inf |  78.75%
 88.4s| 31500 |   157 |953129 |  29.2 |    55M |  24 | 385 |8915 | 394 |4712 |  1 |  69k|  22 | 0.000000e+00 |      --      |    Inf |  78.85%
 88.6s| 31600 |   150 |955578 |  29.2 |    55M |  24 | 385 |9016 | 394 |4712 |  1 |  69k|  22 | 0.000000e+00 |      --      |    Inf |  78.88%
 88.8s| 31700 |   138 |958311 |  29.2 |    55M |  24 | 385 |9100 | 393 |4725 |  1 |  69k|  22 | 0.000000e+00 |      --      |    Inf |  78.94%
 89.1s| 31800 |   149 |961329 |  29.2 |    55M |  24 | 385 |8920 | 394 |4736 |  1 |  69k|  22 | 0.000000e+00 |      --      |    Inf |  79.09%
 89.3s| 31900 |   146 |963475 |  29.2 |    55M |  24 | 385 |9076 |   0 |4736 |  0 |  69k|  22 | 0.000000e+00 |      --      |    Inf |  79.16%
 89.6s| 32000 |   133 |965744 |  29.2 |    55M |  24 | 385 |9109 | 393 |4739 |  1 |  70k|  22 | 0.000000e+00 |      --      |    Inf |  79.18%
 89.9s| 32100 |   147 |969012 |  29.2 |    55M |  24 | 385 |8923 | 393 |4780 |  0 |  70k|  22 | 0.000000e+00 |      --      |    Inf |  79.51%
 90.1s| 32200 |   138 |971444 |  29.2 |    55M |  24 | 385 |8937 | 396 |4780 |  1 |  70k|  22 | 0.000000e+00 |      --      |    Inf |  79.76%
 90.3s| 32300 |   165 |974676 |  29.2 |    55M |  24 | 385 |8959 |   0 |4784 |  0 |  70k|  22 | 0.000000e+00 |      --      |    Inf |  79.78%
 90.6s| 32400 |   175 |977804 |  29.2 |    55M |  24 | 385 |9054 | 397 |4792 |  1 |  70k|  22 | 0.000000e+00 |      --      |    Inf |  79.78%
 90.8s| 32500 |   163 |980244 |  29.2 |    55M |  24 | 385 |9207 | 396 |4795 |  0 |  71k|  22 | 0.000000e+00 |      --      |    Inf |  79.79%
 91.1s| 32600 |   146 |983721 |  29.2 |    55M |  27 | 385 |9318 |   0 |4797 |  0 |  71k|  22 | 0.000000e+00 |      --      |    Inf |  79.79%
 time | node  | left  |LP iter|LP it/n|mem/heur|mdpt |vars |cons |rows |cuts |sepa|confs|strbr|  dualbound   | primalbound  |  gap   | compl. 
 91.4s| 32700 |   142 |987556 |  29.2 |    55M |  27 | 385 |9051 | 394 |4821 |  0 |  71k|  22 | 0.000000e+00 |      --      |    Inf |  80.55%
 91.7s| 32800 |   139 |990205 |  29.2 |    56M |  27 | 385 |8800 |   0 |4826 |  0 |  71k|  22 | 0.000000e+00 |      --      |    Inf |  80.79%
 91.9s| 32900 |   138 |993223 |  29.2 |    56M |  27 | 385 |8735 |   0 |4829 |  0 |  71k|  22 | 0.000000e+00 |      --      |    Inf |  80.87%
 92.1s| 33000 |   130 |995611 |  29.2 |    56M |  27 | 385 |8499 | 390 |4836 |  1 |  72k|  22 | 0.000000e+00 |      --      |    Inf |  81.04%
 92.4s| 33100 |   131 |998697 |  29.2 |    56M |  27 | 385 |8476 |   0 |4868 |  0 |  72k|  22 | 0.000000e+00 |      --      |    Inf |  81.39%
 92.6s| 33200 |   135 |  1001k|  29.2 |    56M |  27 | 385 |8218 | 390 |4868 |  1 |  72k|  22 | 0.000000e+00 |      --      |    Inf |  81.52%
 93.0s| 33300 |   152 |  1005k|  29.2 |    56M |  27 | 385 |8213 | 392 |4929 |  1 |  72k|  22 | 0.000000e+00 |      --      |    Inf |  82.04%
 93.2s| 33400 |   149 |  1008k|  29.2 |    56M |  27 | 385 |8265 | 394 |4946 |  0 |  72k|  22 | 0.000000e+00 |      --      |    Inf |  82.39%
 93.4s| 33500 |   145 |  1011k|  29.2 |    56M |  27 | 385 |8368 |   0 |4950 |  0 |  72k|  22 | 0.000000e+00 |      --      |    Inf |  82.83%
 93.7s| 33600 |   155 |  1015k|  29.2 |    56M |  27 | 385 |8447 | 394 |4966 |  1 |  73k|  22 | 0.000000e+00 |      --      |    Inf |  82.96%
 94.0s| 33700 |   157 |  1019k|  29.3 |    56M |  27 | 385 |8512 | 392 |4975 |  0 |  73k|  22 | 0.000000e+00 |      --      |    Inf |  83.11%
 94.2s| 33800 |   155 |  1022k|  29.3 |    56M |  27 | 385 |8608 |   0 |4995 |  0 |  73k|  22 | 0.000000e+00 |      --      |    Inf |  83.51%
 94.6s| 33900 |   161 |  1026k|  29.3 |    56M |  27 | 385 |8624 |   0 |5071 |  0 |  73k|  22 | 0.000000e+00 |      --      |    Inf |  84.29%
 94.9s| 34000 |   152 |  1029k|  29.3 |    56M |  27 | 385 |8698 |   0 |5101 |  0 |  73k|  22 | 0.000000e+00 |      --      |    Inf |  84.70%
 95.2s| 34100 |   143 |  1032k|  29.3 |    56M |  27 | 385 |8712 | 396 |5140 |  0 |  73k|  22 | 0.000000e+00 |      --      |    Inf |  85.15%
 time | node  | left  |LP iter|LP it/n|mem/heur|mdpt |vars |cons |rows |cuts |sepa|confs|strbr|  dualbound   | primalbound  |  gap   | compl. 
 95.6s| 34200 |   143 |  1036k|  29.4 |    56M |  27 | 385 |8720 |   0 |5243 |  0 |  74k|  22 | 0.000000e+00 |      --      |    Inf |  86.05%
 95.9s| 34300 |   140 |  1039k|  29.4 |    56M |  27 | 385 |8720 | 398 |5322 |  1 |  74k|  22 | 0.000000e+00 |      --      |    Inf |  86.93%
 96.1s| 34400 |   128 |  1042k|  29.4 |    56M |  27 | 385 |8739 | 395 |5336 |  1 |  74k|  22 | 0.000000e+00 |      --      |    Inf |  87.32%
 96.4s| 34500 |   133 |  1045k|  29.4 |    56M |  27 | 385 |8746 | 394 |5358 |  0 |  74k|  22 | 0.000000e+00 |      --      |    Inf |  87.40%
 96.6s| 34600 |   134 |  1048k|  29.4 |    56M |  27 | 385 |8796 | 393 |5358 |  0 |  74k|  22 | 0.000000e+00 |      --      |    Inf |  87.47%
 96.8s| 34700 |   130 |  1051k|  29.4 |    56M |  27 | 385 |8719 | 396 |5370 |  1 |  74k|  22 | 0.000000e+00 |      --      |    Inf |  87.61%
 97.1s| 34800 |   124 |  1053k|  29.4 |    56M |  27 | 385 |8665 | 395 |5386 |  1 |  75k|  22 | 0.000000e+00 |      --      |    Inf |  87.78%
 97.3s| 34900 |   126 |  1056k|  29.3 |    56M |  27 | 385 |8706 | 396 |5416 |  1 |  75k|  22 | 0.000000e+00 |      --      |    Inf |  88.00%
 97.6s| 35000 |   122 |  1059k|  29.3 |    56M |  27 | 385 |8565 | 395 |5440 |  1 |  75k|  22 | 0.000000e+00 |      --      |    Inf |  88.37%
 97.9s| 35100 |   146 |  1062k|  29.4 |    56M |  27 | 385 |8578 |   0 |5453 |  0 |  75k|  22 | 0.000000e+00 |      --      |    Inf |  88.48%
 98.1s| 35200 |   123 |  1064k|  29.3 |    56M |  27 | 385 |8568 |   0 |5460 |  0 |  75k|  22 | 0.000000e+00 |      --      |    Inf |  88.66%
 98.4s| 35300 |   118 |  1068k|  29.3 |    56M |  27 | 385 |8468 |   0 |5517 |  0 |  75k|  22 | 0.000000e+00 |      --      |    Inf |  89.25%
 98.7s| 35400 |   120 |  1073k|  29.4 |    56M |  27 | 385 |8494 | 394 |5527 |  0 |  76k|  22 | 0.000000e+00 |      --      |    Inf |  89.37%
 99.0s| 35500 |   114 |  1076k|  29.4 |    56M |  27 | 385 |8330 | 395 |5550 |  0 |  76k|  22 | 0.000000e+00 |      --      |    Inf |  89.62%
 99.2s| 35600 |   111 |  1079k|  29.4 |    56M |  27 | 385 |8280 |   0 |5576 |  0 |  76k|  22 | 0.000000e+00 |      --      |    Inf |  90.27%
 time | node  | left  |LP iter|LP it/n|mem/heur|mdpt |vars |cons |rows |cuts |sepa|confs|strbr|  dualbound   | primalbound  |  gap   | compl. 
 99.5s| 35700 |   109 |  1083k|  29.4 |    56M |  27 | 385 |8189 | 390 |5626 |  1 |  76k|  22 | 0.000000e+00 |      --      |    Inf |  91.19%
 99.8s| 35800 |   111 |  1085k|  29.4 |    56M |  27 | 385 |8134 |   0 |5696 |  0 |  76k|  22 | 0.000000e+00 |      --      |    Inf |  92.29%
  100s| 35900 |   109 |  1088k|  29.4 |    56M |  27 | 385 |8071 | 399 |5711 |  1 |  76k|  22 | 0.000000e+00 |      --      |    Inf |  92.85%
  100s| 36000 |   104 |  1091k|  29.4 |    56M |  27 | 385 |8044 | 394 |5726 |  1 |  77k|  22 | 0.000000e+00 |      --      |    Inf |  93.39%
  101s| 36100 |   105 |  1095k|  29.4 |    56M |  27 | 385 |7849 | 396 |5764 |  1 |  77k|  22 | 0.000000e+00 |      --      |    Inf |  93.75%
  101s| 36200 |    96 |  1099k|  29.5 |    56M |  27 | 385 |7682 | 402 |5787 |  2 |  77k|  22 | 0.000000e+00 |      --      |    Inf |  93.91%
  101s| 36300 |    93 |  1102k|  29.5 |    56M |  27 | 385 |7606 | 395 |5800 |  1 |  77k|  22 | 0.000000e+00 |      --      |    Inf |  94.07%
  101s| 36400 |    94 |  1105k|  29.5 |    57M |  27 | 385 |7536 | 398 |5800 |  1 |  77k|  22 | 0.000000e+00 |      --      |    Inf |  94.34%
  102s| 36500 |    87 |  1108k|  29.5 |    57M |  27 | 385 |7393 | 394 |5825 |  1 |  77k|  22 | 0.000000e+00 |      --      |    Inf |  94.58%
  102s| 36600 |    92 |  1111k|  29.5 |    57M |  27 | 385 |7381 | 395 |5883 |  1 |  78k|  22 | 0.000000e+00 |      --      |    Inf |  94.91%
  102s| 36700 |    85 |  1114k|  29.5 |    57M |  27 | 385 |7377 | 397 |5914 |  1 |  78k|  22 | 0.000000e+00 |      --      |    Inf |  95.28%
  103s| 36800 |    73 |  1117k|  29.5 |    57M |  27 | 385 |7194 | 411 |5960 |  3 |  78k|  22 | 0.000000e+00 |      --      |    Inf |  96.02%
  103s| 36900 |    72 |  1120k|  29.5 |    57M |  27 | 385 |7146 | 393 |5976 |  1 |  78k|  22 | 0.000000e+00 |      --      |    Inf |  96.30%
  103s| 37000 |    70 |  1123k|  29.5 |    57M |  27 | 385 |7177 | 395 |5987 |  1 |  78k|  22 | 0.000000e+00 |      --      |    Inf |  96.41%
  103s| 37100 |    69 |  1126k|  29.5 |    57M |  27 | 385 |7168 | 391 |5990 |  1 |  78k|  22 | 0.000000e+00 |      --      |    Inf |  96.52%
 time | node  | left  |LP iter|LP it/n|mem/heur|mdpt |vars |cons |rows |cuts |sepa|confs|strbr|  dualbound   | primalbound  |  gap   | compl. 
  104s| 37200 |    69 |  1130k|  29.5 |    57M |  27 | 385 |7227 | 396 |5990 |  1 |  79k|  22 | 0.000000e+00 |      --      |    Inf |  96.59%
  104s| 37300 |    64 |  1133k|  29.5 |    57M |  27 | 385 |7285 | 396 |5992 |  1 |  79k|  22 | 0.000000e+00 |      --      |    Inf |  96.62%
  104s| 37400 |    66 |  1136k|  29.5 |    57M |  27 | 385 |7354 | 394 |5992 |  1 |  79k|  22 | 0.000000e+00 |      --      |    Inf |  96.66%
  104s| 37500 |    60 |  1140k|  29.5 |    57M |  27 | 385 |7324 | 393 |6009 |  1 |  79k|  22 | 0.000000e+00 |      --      |    Inf |  96.80%
  105s| 37600 |    51 |  1142k|  29.5 |    57M |  27 | 385 |7254 | 395 |6051 |  1 |  79k|  22 | 0.000000e+00 |      --      |    Inf |  97.55%
  105s| 37700 |    53 |  1146k|  29.5 |    57M |  27 | 385 |7260 | 397 |6074 |  1 |  79k|  22 | 0.000000e+00 |      --      |    Inf |  97.79%
  105s| 37800 |    45 |  1149k|  29.5 |    57M |  27 | 385 |7117 | 394 |6088 |  0 |  80k|  22 | 0.000000e+00 |      --      |    Inf |  98.45%
  105s| 37900 |    42 |  1153k|  29.6 |    57M |  27 | 385 |7204 |   0 |6088 |  0 |  80k|  22 | 0.000000e+00 |      --      |    Inf |  98.49%
  106s| 38000 |    41 |  1157k|  29.6 |    57M |  27 | 385 |7193 | 394 |6099 |  0 |  80k|  22 | 0.000000e+00 |      --      |    Inf |  98.63%
  106s| 38100 |    38 |  1161k|  29.6 |    57M |  27 | 385 |7291 | 394 |6099 |  1 |  80k|  22 | 0.000000e+00 |      --      |    Inf |  98.72%
  106s| 38200 |    36 |  1165k|  29.7 |    57M |  27 | 385 |7376 |   0 |6099 |  0 |  80k|  22 | 0.000000e+00 |      --      |    Inf |  98.73%
  106s| 38300 |    29 |  1168k|  29.6 |    57M |  27 | 385 |7394 | 395 |6099 |  0 |  80k|  22 | 0.000000e+00 |      --      |    Inf |  98.88%
  106s| 38400 |    26 |  1170k|  29.6 |    57M |  27 | 385 |7381 | 395 |6125 |  1 |  81k|  22 | 0.000000e+00 |      --      |    Inf |  99.10%
  107s| 38500 |    24 |  1173k|  29.6 |    57M |  27 | 385 |7433 | 397 |6148 |  1 |  81k|  22 | 0.000000e+00 |      --      |    Inf |  99.24%
  107s| 38600 |    21 |  1176k|  29.6 |    57M |  27 | 385 |7517 | 399 |6150 |  1 |  81k|  22 | 0.000000e+00 |      --      |    Inf |  99.33%
 time | node  | left  |LP iter|LP it/n|mem/heur|mdpt |vars |cons |rows |cuts |sepa|confs|strbr|  dualbound   | primalbound  |  gap   | compl. 
  107s| 38700 |    21 |  1179k|  29.6 |    57M |  27 | 385 |7590 |   0 |6150 |  0 |  81k|  22 | 0.000000e+00 |      --      |    Inf |  99.40%
  107s| 38800 |    18 |  1182k|  29.6 |    57M |  27 | 385 |7672 | 395 |6150 |  1 |  81k|  22 | 0.000000e+00 |      --      |    Inf |  99.52%
  108s| 38900 |    12 |  1185k|  29.6 |    57M |  27 | 385 |7802 | 394 |6150 |  1 |  81k|  22 | 0.000000e+00 |      --      |    Inf |  99.57%
  108s| 39000 |    10 |  1188k|  29.6 |    57M |  27 | 385 |7745 |   0 |6158 |  0 |  82k|  22 | 0.000000e+00 |      --      |    Inf |  99.83%
  108s| 39100 |     6 |  1191k|  29.6 |    57M |  27 | 385 |7683 | 394 |6158 |  1 |  82k|  22 | 0.000000e+00 |      --      |    Inf |  99.96%
  108s| 39200 |     1 |  1195k|  29.7 |    57M |  27 | 385 |7717 | 394 |6158 |  0 |  82k|  22 | 0.000000e+00 |      --      |    Inf | 100.00%

SCIP Status        : problem is solved [infeasible]
Solving Time (sec) : 108.41
Solving Nodes      : 39209 (total of 40232 nodes in 2 runs)
Primal Bound       : +1.00000000000000e+20 (0 solutions)
Dual Bound         : +1.00000000000000e+20
Gap                : 0.00 %
SCIP Status        : problem is solved [infeasible]
Total Time         :     108.41
  solving          :     108.41
  presolving       :       0.11 (included in solving)
  reading          :       0.00
  copying          :       2.11 (104 #copies) (minimal 0.00, maximal 0.04, average 0.02)
Original Problem   :
  Problem name     : model
  Variables        : 414 (414 binary, 0 integer, 0 implicit integer, 0 continuous)
  Constraints      : 414 initial, 414 maximal
  Objective        : minimize, 0 non-zeros (abs.min = 1e+20, abs.max = -1e+20)
Presolved Problem  :
  Problem name     : t_model
  Variables        : 385 (385 binary, 0 integer, 0 implicit integer, 0 continuous)
  Constraints      : 2818 initial, 10098 maximal
  Objective        : minimize, 0 non-zeros (abs.min = 1e+20, abs.max = -1e+20)
  Nonzeros         : 46500 constraint, 1221 clique table
Presolvers         :   ExecTime  SetupTime  Calls  FixedVars   AggrVars   ChgTypes  ChgBounds   AddHoles    DelCons    AddCons   ChgSides   ChgCoefs
  boundshift       :       0.00       0.00      0          0          0          0          0          0          0          0          0          0
  convertinttobin  :       0.00       0.00      0          0          0          0          0          0          0          0          0          0
  domcol           :       0.00       0.00      3          0          0          0          0          0          0          0          0          0
  dualagg          :       0.00       0.00      0          0          0          0          0          0          0          0          0          0
  dualcomp         :       0.00       0.00      0          0          0          0          0          0          0          0          0          0
  dualinfer        :       0.00       0.00      0          0          0          0          0          0          0          0          0          0
  dualsparsify     :       0.00       0.00      1          0          0          0          0          0          0          0          0          0
  gateextraction   :       0.01       0.00     10          0          0          0          0          0         36         17          0          0
  implics          :       0.00       0.00     15          0          0          0          0          0          0          0          0          0
  inttobinary      :       0.00       0.00      0          0          0          0          0          0          0          0          0          0
  qpkktref         :       0.00       0.00      0          0          0          0          0          0          0          0          0          0
  redvub           :       0.00       0.00      0          0          0          0          0          0          0          0          0          0
  sparsify         :       0.00       0.00      1          0          0          0          0          0          0          0          0          0
  stuffing         :       0.00       0.00      0          0          0          0          0          0          0          0          0          0
  trivial          :       0.00       0.00     19         11          0          0          0          0          0          0          0          0
  tworowbnd        :       0.00       0.00      0          0          0          0          0          0          0          0          0          0
  dualfix          :       0.00       0.00     19          0          0          0          0          0          0          0          0          0
  genvbounds       :       0.00       0.00      0          0          0          0          0          0          0          0          0          0
  probing          :       0.00       0.00      2          0          0          0          0          0          0          0          0          0
  pseudoobj        :       0.00       0.00      1          0          0          0          0          0          0          0          0          0
  symmetry         :       0.00       0.00      1          2          0          0          0          0          0          5          0          0
  vbounds          :       0.00       0.00      2          0          6          0          0          0          0          0          0          0
  knapsack         :       0.00       0.00     32          0          0          0          0          0          0          0          0          0
  setppc           :       0.00       0.00     42          0          9          0          0          0         38          0          1          0
  linear           :       0.00       0.00     22          0          0          0          0          0          8          0          8          0
  orbisack         :       0.00       0.00      6          0          0          0          0          0          0          0          0          0
  orbitope         :       0.00       0.00     13          1          0          0          0          0          0          0          0          0
  symresack        :       0.00       0.00      6          0          0          0          0          0          0          0          0          0
  logicor          :       0.06       0.01     29          0          0          0          0          0        230          0          0        881
  benders          :       0.00       0.00      0          0          0          0          0          0          0          0          0          0
  components       :       0.00       0.00      2          0          0          0          0          0          0          0          0          0
  root node        :          -          -      -          7          -          -          7          -          -          -          -          -
Constraints        :     Number  MaxNumber  #Separate #Propagate    #EnfoLP    #EnfoRelax  #EnfoPS    #Check   #ResProp    Cutoffs    DomReds       Cuts    Applied      Conss   Children
  benderslp        :          0          0          0          0      24222          0          0        321          0          0          0          0          0          0          0
  integral         :          0          0          0          0      24222          0          0        321          0          0          0          0          0          0      48444
  knapsack         :         84+       101          3     337510          0          0          0          0     240554       3060     193960          0          0          0          0
  setppc           :        393+       418         15     335298          0          0          0        316    1228874       9990    1032207          0          0          0          0
  linear           :         12+       223         14     324736          0          0          0          0       6423        518      12663          0          0          0          0
  orbisack         :          2          2          0        416          0          0          0          0       8393         34        548          0          0          0          0
  orbitope         :          2          2          0     324656          0          0          0          0      11591         24       1798          0          0          0          0
  symresack        :          1          1          0      65588          0          0          0          0        438         25        182          0          0          0          0
  logicor          :       2324+      9475         15     249277          0          0          0          0     417605       6322     306656          2          2          0          0
  benders          :          0          0          0          0          0          0          0          0          0          0          0          0          0          0          0
  countsols        :          0          0          0          0          0          0          0          0          0          0          0          0          0          0          0
  components       :          0          0          0          0          0          0          0          0          0          0          0          0          0          0          0
Constraint Timings :  TotalTime  SetupTime   Separate  Propagate     EnfoLP     EnfoPS     EnfoRelax   Check    ResProp    SB-Prop
  benderslp        :       0.01       0.00       0.00       0.00       0.01       0.00       0.00       0.00       0.00       0.00
  integral         :       0.89       0.00       0.00       0.00       0.89       0.00       0.00       0.00       0.00       0.00
  knapsack         :       5.95       0.00       0.01       5.73       0.00       0.00       0.00       0.00       0.22       0.00
  setppc           :       7.62       0.00       0.00       7.19       0.00       0.00       0.00       0.00       0.43       0.00
  linear           :       0.29       0.00       0.00       0.27       0.00       0.00       0.00       0.00       0.02       0.00
  orbisack         :       0.03       0.00       0.00       0.02       0.00       0.00       0.00       0.00       0.00       0.00
  orbitope         :       1.26       0.00       0.00       1.10       0.00       0.00       0.00       0.00       0.16       0.00
  symresack        :       0.02       0.00       0.00       0.02       0.00       0.00       0.00       0.00       0.00       0.00
  logicor          :       9.94       0.01       0.00       9.57       0.00       0.00       0.00       0.00       0.36       0.00
  benders          :       0.00       0.00       0.00       0.00       0.00       0.00       0.00       0.00       0.00       0.00
  countsols        :       0.00       0.00       0.00       0.00       0.00       0.00       0.00       0.00       0.00       0.00
  components       :       0.01       0.00       0.00       0.01       0.00       0.00       0.00       0.00       0.00       0.00
Propagators        : #Propagate   #ResProp    Cutoffs    DomReds
  dualfix          :          3          0          0          0
  genvbounds       :          0          0          0          0
  nlobbt           :          0          0          0          0
  obbt             :          0          0          0          0
  probing          :          0          0          0          0
  pseudoobj        :          0          0          0          0
  redcost          :          0          0          0          0
  rootredcost      :          0          0          0          0
  symmetry         :          0          0          0          0
  vbounds          :     274425          0          0          0
Propagator Timings :  TotalTime  SetupTime   Presolve  Propagate    ResProp    SB-Prop
  dualfix          :       0.00       0.00       0.00       0.00       0.00       0.00
  genvbounds       :       0.03       0.00       0.00       0.03       0.00       0.00
  nlobbt           :       0.00       0.00       0.00       0.00       0.00       0.00
  obbt             :       0.00       0.00       0.00       0.00       0.00       0.00
  probing          :       0.00       0.00       0.00       0.00       0.00       0.00
  pseudoobj        :       0.03       0.00       0.00       0.03       0.00       0.00
  redcost          :       0.02       0.00       0.00       0.02       0.00       0.00
  rootredcost      :       0.02       0.00       0.00       0.02       0.00       0.00
  symmetry         :       0.03       0.00       0.00       0.02       0.00       0.00
  vbounds          :       0.73       0.00       0.00       0.73       0.00       0.00
Orbital fixing     :
  vars fixed to 0  :          0
  vars fixed to 1  :          0
Conflict Analysis  :       Time      Calls    Success    DomReds  Conflicts   Literals    Reconvs ReconvLits   Dualrays   Nonzeros   LP Iters   (pool size: [10000,10000])
  propagation      :       1.71      19614      17311          -     125132       28.3       1644       14.6          -          -          -
  infeasible LP    :       2.54       7172       6560          -      56896       27.5        346       13.0       4219       35.9          0
  bound exceed. LP :       0.00          0          0          -          0        0.0          0        0.0          0        0.0          0
  strong branching :       0.00          0          0          -          0        0.0          0        0.0          -          -          0
  pseudo solution  :       0.00          0          0          -          0        0.0          0        0.0          -          -          -
  applied globally :       0.47          -          -          0      77356       20.5          -          -       3744          -          -
  applied locally  :          -          -          -          0        811       31.5          -          -        475          -          -
Separators         :   ExecTime  SetupTime      Calls  RootCalls    Cutoffs    DomReds  FoundCuts ViaPoolAdd  DirectAdd    Applied ViaPoolApp  DirectApp      Conss
  cut pool         :       3.44          -       3891         26          -          -      60767      35860          -          -          -          -          -    (maximal pool size:       3111)
  aggregation      :       0.29       0.00       1881         14          0          0          5          0          3          1          0          1          0
  > cmir           :          -          -          -          -          -          -          -          0          1          0          0          0          -
  > flowcover      :          -          -          -          -          -          -          -          0          0          0          0          0          -
  > knapsackcover  :          -          -          -          -          -          -          -          0          2          1          0          1          -
  cgmip            :       0.00       0.00          0          0          0          0          0          0          0          0          0          0          0
  clique           :       0.01       0.00         14         14          0          0          0          0          0          0          0          0          0
  closecuts        :       0.00       0.00          0          0          0          0          0          0          0          0          0          0          0
  convexproj       :       0.00       0.00          0          0          0          0          0          0          0          0          0          0          0
  disjunctive      :       0.00       0.00          0          0          0          0          0          0          0          0          0          0          0
  eccuts           :       0.00       0.00          0          0          0          0          0          0          0          0          0          0          0
  gauge            :       0.00       0.00          0          0          0          0          0          0          0          0          0          0          0
  gomory           :       5.90       0.00       1880         13          0          0      83246      33892      23328       3757       3119        638          0
  > gomorymi       :          -          -          -          -          -          -          -       4224      11664        658        292        366          -
  > strongcg       :          -          -          -          -          -          -          -      29668      11664       3099       2827        272          -
  impliedbounds    :       0.03       0.00       1881         14          0          5          4          5          0          5          5          0          0
  interminor       :       0.00       0.00          0          0          0          0          0          0          0          0          0          0          0
  intobj           :       0.00       0.00          0          0          0          0          0          0          0          0          0          0          0
  mcf              :       0.00       0.00          2          2          0          0          0          0          0          0          0          0          0
  minor            :       0.00       0.00          0          0          0          0          0          0          0          0          0          0          0
  mixing           :       0.00       0.00          0          0          0          0          0          0          0          0          0          0          0
  oddcycle         :       0.00       0.00          0          0          0          0          0          0          0          0          0          0          0
  rapidlearning    :       8.98       0.00        100          2          0      13475          0          0          0          0          0          0        621
  rlt              :       0.00       0.00         13         13          0          0          0          0          0          0          0          0          0
  zerohalf         :       1.20       0.00       1881         14          0          0       3672       1963       2829       2545        705       1840          0
Cutselectors       :   ExecTime  SetupTime      Calls  RootCalls   Selected     Forced   Filtered  RootSelec   RootForc   RootFilt 
  hybrid           :       0.05       0.00       1929         13       6310          0      55637         42          0        717
Pricers            :   ExecTime  SetupTime      Calls       Vars
  problem variables:       0.00          -          0          0
Branching Rules    :   ExecTime  SetupTime   BranchLP  BranchExt   BranchPS    Cutoffs    DomReds       Cuts      Conss   Children
  allfullstrong    :       0.00       0.00          0          0          0          0          0          0          0          0
  cloud            :       0.00       0.00          0          0          0          0          0          0          0          0
  distribution     :       0.00       0.00          0          0          0          0          0          0          0          0
  fullstrong       :       0.00       0.00          0          0          0          0          0          0          0          0
  inference        :       0.00       0.00          0          0          0          0          0          0          0          0
  leastinf         :       0.00       0.00          0          0          0          0          0          0          0          0
  lookahead        :       0.00       0.00          0          0          0          0          0          0          0          0
  mostinf          :       0.00       0.00          0          0          0          0          0          0          0          0
  multaggr         :       0.00       0.00          0          0          0          0          0          0          0          0
  nodereopt        :       0.00       0.00          0          0          0          0          0          0          0          0
  pscost           :       0.00       0.00          0          0          0          0          0          0          0          0
  random           :       0.00       0.00          0          0          0          0          0          0          0          0
  relpscost        :       0.87       0.00      24222          0          0          0          0          0          0      48444
  vanillafullstrong:       0.00       0.00          0          0          0          0          0          0          0          0
Primal Heuristics  :   ExecTime  SetupTime      Calls      Found       Best
  LP solutions     :       0.00          -          -          0          0
  relax solutions  :       0.00          -          -          0          0
  pseudo solutions :       0.00          -          -          0          0
  strong branching :       0.00          -          -          0          0
  actconsdiving    :       0.00       0.00          0          0          0
  adaptivediving   :       0.38       0.00        100          0          0
  alns             :       0.18       0.00          9          0          0
  bound            :       0.00       0.00          0          0          0
  clique           :       0.00       0.00          1          0          0
  coefdiving       :       0.00       0.00          0          0          0
  completesol      :       0.00       0.00          0          0          0
  conflictdiving   :       1.00       0.00        296          0          0
  crossover        :       0.01       0.00          0          0          0
  dins             :       0.00       0.00          0          0          0
  distributiondivin:       1.25       0.00        295          0          0
  dps              :       0.00       0.00          0          0          0
  dualval          :       0.00       0.00          0          0          0
  farkasdiving     :       0.00       0.00          0          0          0
  feaspump         :       0.89       0.00         91          0          0
  fixandinfer      :       0.00       0.00          0          0          0
  fracdiving       :       0.60       0.00        296          0          0
  gins             :       0.01       0.00          0          0          0
  guideddiving     :       0.00       0.00          0          0          0
  indicator        :       0.01       0.00          0          0          0
  intdiving        :       0.00       0.00          0          0          0
  intshifting      :       0.00       0.00          0          0          0
  linesearchdiving :       0.60       0.00        296          0          0
  localbranching   :       0.00       0.00          0          0          0
  locks            :       0.00       0.00          1          0          0
  lpface           :       0.04       0.00          0          0          0
  mpec             :       0.00       0.00          0          0          0
  multistart       :       0.00       0.00          0          0          0
  mutation         :       0.00       0.00          0          0          0
  nlpdiving        :       0.00       0.00          0          0          0
  objpscostdiving  :       0.25       0.00         21          0          0
  octane           :       0.00       0.00          0          0          0
  ofins            :       0.01       0.00          0          0          0
  oneopt           :       0.01       0.00          0          0          0
  padm             :       0.00       0.00          0          0          0
  proximity        :       0.00       0.00          0          0          0
  pscostdiving     :       0.78       0.00        296          0          0
  randrounding     :       0.02       0.00        328          0          0
  rens             :       0.00       0.00          0          0          0
  reoptsols        :       0.00       0.00          0          0          0
  repair           :       0.00       0.00          0          0          0
  rins             :       0.01       0.00          0          0          0
  rootsoldiving    :       0.39       0.00         34          0          0
  rounding         :       0.09       0.00       2256          0          0
  shiftandpropagate:       0.01       0.00          2          0          0
  shifting         :       0.07       0.00        705          0          0
  simplerounding   :       0.01       0.00          0          0          0
  subnlp           :       0.01       0.00          0          0          0
  trivial          :       0.00       0.00          2          0          0
  trivialnegation  :       0.00       0.00          0          0          0
  trustregion      :       0.00       0.00          0          0          0
  trysol           :       0.01       0.00          0          0          0
  twoopt           :       0.00       0.00          0          0          0
  undercover       :       0.00       0.00          0          0          0
  vbounds          :       0.00       0.00          2          0          0
  veclendiving     :       0.62       0.00        296          0          0
  zeroobj          :       0.00       0.00          0          0          0
  zirounding       :       0.02       0.00       1000          0          0
  other solutions  :          -          -          -          0          -
LP                 :       Time      Calls Iterations  Iter/call   Iter/sec  Time-0-It Calls-0-It    ItLimit
  primal LP        :       0.97        908          0       0.00       0.00       0.97        908
  dual LP          :      34.76      33075    1146693      34.92   32988.74       0.07        240
  lex dual LP      :       0.00          0          0       0.00          -
  barrier LP       :       0.00          0          0       0.00          -       0.00          0
  resolve instable :       0.00          0          0       0.00          -
  diving/probing LP:       2.12       2330      48773      20.93   22974.59
  strong branching :       0.18         22       4556     207.09   25780.60          -          -          0
    (at root node) :          -         22       4556     207.09          -
  conflict analysis:       0.00          0          0       0.00          -
B&B Tree           :
  number of runs   :          2
  nodes            :      39209 (23506 internal, 15703 leaves)
  feasible leaves  :          0
  infeas. leaves   :      15703
  objective leaves :          0
  nodes (total)    :      40232 (24222 internal, 16010 leaves)
  nodes left       :          0
  max depth        :         27
  max depth (total):         27
  backtracks       :      13200 (33.7%)
  early backtracks :          0 (0.0%)
  nodes exc. ref.  :          0 (0.0%)
  delayed cutoffs  :       7804
  repropagations   :      25835 (558094 domain reductions, 6724 cutoffs)
  avg switch length:       3.78
  switching time   :      12.30
Root Node          :
  First LP value   : +0.00000000000000e+00
  First LP Iters   :        249 (57465.96 Iter/sec)
  First LP Time    :       0.00
  Final Dual Bound : +0.00000000000000e+00
  Final Root Iters :       2466
  Root LP Estimate : +1.25173635568129e-02
Solution           :
  Solutions found  :          0 (0 improvements)
  Primal Bound     : infeasible
  Dual Bound       :          -
  Gap              :       0.00 %
Integrals          :      Total       Avg%
  primal-dual      :          -          - (problem infeasible)
  primal-ref       :          -          - (problem infeasible)
  dual-ref         :          -          - (problem infeasible)
written solution information to file <results/final_flowersnark__settings_final_nosymretope_relabel_min__1__flowersnark23_3.cip.sol>
@04 1667947191
