FILENAME:   ../instances_new/flowersnark/flowersnark17_3.cip
SETTINGS:   settings_final_peek_relabel
TIMELIMIT:  7200
OUTPUTNAME: final_flowersnark__settings_final_peek_relabel__1__
BINNAME:    bin/sbcs.linux.x86_64.gnu.opt.cpx
BASENAME:   flowersnark17_3.cip
SEED:       1
@01 ../instances_new/flowersnark/flowersnark17_3.cip ===========
@02 flowersnark17_3.cip
@03 1667946973
SCIP version 8.0.2 [precision: 8 byte] [memory: block] [mode: optimized] [LP solver: CPLEX 20.1.0.0] [GitHash: 5f0473c]
Copyright (C) 2002-2022 Konrad-Zuse-Zentrum fuer Informationstechnik Berlin (ZIB)

Symretope propagation methods - (c) Jasper van Doornmalen, Christopher Hojny.
[GitHash: 2fd0484]

reading parameter file <../settings/settings_final_peek_relabel.set> ...

Changed settings:
limits/time = 7200
misc/usesymmetry = 1
randomization/randomseedshift = 1
constraints/orbisack/sepafreq = -1
constraints/symresack/sepafreq = -1
propagating/symmetry/addsymresacks = TRUE
propagating/symmetry/detectsubgroups = FALSE
propagating/symmetry/ofsymcomptiming = 0
constraints/symretope/sepafreq = -1


solving problem ...

original problem has 306 variables (306 bin, 0 int, 0 impl, 0 cont) and 306 constraints
presolving:
(round 1, exhaustive) 0 del vars, 0 del conss, 0 add conss, 0 chg bounds, 0 chg sides, 0 chg coeffs, 306 upgd conss, 0 impls, 306 clqs
   (0.0s) probing: 51/306 (16.7%) - 0 fixings, 0 aggregations, 0 implications, 0 bound changes
   (0.0s) probing aborted: 50/50 successive totally useless probings
   (0.0s) symmetry computation started: requiring (bin +, int +, cont +), (fixed: bin -, int -, cont -)
   (0.0s) symmetry computation finished: 5 generators found (max: 1500, log10 of symmetry group size: 2.6)
(round 2, exhaustive) 1 del vars, 0 del conss, 5 add conss, 0 chg bounds, 0 chg sides, 0 chg coeffs, 306 upgd conss, 0 impls, 306 clqs
(round 3, fast)       2 del vars, 1 del conss, 5 add conss, 0 chg bounds, 0 chg sides, 0 chg coeffs, 306 upgd conss, 0 impls, 305 clqs
   (0.0s) probing: 56/306 (18.3%) - 0 fixings, 0 aggregations, 0 implications, 0 bound changes
   (0.0s) probing aborted: 50/50 successive totally useless probings
presolving (4 rounds: 4 fast, 3 medium, 3 exhaustive):
 2 deleted vars, 1 deleted constraints, 5 added constraints, 0 tightened bounds, 0 added holes, 0 changed sides, 0 changed coefficients
 0 implications, 305 cliques
presolved problem has 304 variables (304 bin, 0 int, 0 impl, 0 cont) and 310 constraints
    305 constraints of type <setppc>
      2 constraints of type <orbisack>
      2 constraints of type <orbitope>
      1 constraints of type <symretope>
transformed objective value is always integral (scale: 1)
Presolving Time: 0.01

 time | node  | left  |LP iter|LP it/n|mem/heur|mdpt |vars |cons |rows |cuts |sepa|confs|strbr|  dualbound   | primalbound  |  gap   | compl. 
  0.0s|     1 |     0 |   261 |     - |  5082k |   0 | 304 | 377 | 340 |   0 |  0 |  68 |   0 | 0.000000e+00 |      --      |    Inf | unknown
  0.1s|     1 |     0 |   502 |     - |  5451k |   0 | 304 | 578 | 342 |   2 |  1 |  69 |   0 | 0.000000e+00 |      --      |    Inf | unknown
  0.1s|     1 |     0 |   559 |     - |  5900k |   0 | 304 | 580 | 343 |   3 |  2 |  71 |   0 | 0.000000e+00 |      --      |    Inf | unknown
  0.1s|     1 |     0 |   648 |     - |  6090k |   0 | 304 | 582 | 345 |   5 |  3 |  73 |   0 | 0.000000e+00 |      --      |    Inf | unknown
  0.1s|     1 |     0 |   671 |     - |  7750k |   0 | 304 | 585 | 347 |   7 |  4 |  76 |   0 | 0.000000e+00 |      --      |    Inf | unknown
  0.1s|     1 |     0 |   679 |     - |  7815k |   0 | 304 | 587 | 349 |   9 |  5 |  78 |   0 | 0.000000e+00 |      --      |    Inf | unknown
  0.1s|     1 |     0 |   741 |     - |  8244k |   0 | 304 | 588 | 351 |  11 |  6 |  79 |   0 | 0.000000e+00 |      --      |    Inf | unknown
  0.2s|     1 |     0 |   810 |     - |  8330k |   0 | 304 | 589 | 352 |  12 |  7 |  80 |   0 | 0.000000e+00 |      --      |    Inf | unknown
  0.2s|     1 |     0 |   925 |     - |  8634k |   0 | 304 | 590 | 355 |  15 |  8 |  81 |   0 | 0.000000e+00 |      --      |    Inf | unknown
  0.2s|     1 |     0 |   935 |     - |  9066k |   0 | 304 | 592 | 356 |  16 |  9 |  83 |   0 | 0.000000e+00 |      --      |    Inf | unknown
  0.2s|     1 |     0 |  1016 |     - |    10M |   0 | 304 | 593 | 359 |  19 | 10 |  84 |   0 | 0.000000e+00 |      --      |    Inf | unknown
  0.2s|     1 |     0 |  1069 |     - |    10M |   0 | 304 | 594 | 323 |  20 | 11 |  85 |   0 | 0.000000e+00 |      --      |    Inf | unknown
  0.2s|     1 |     0 |  1098 |     - |    10M |   0 | 304 | 595 | 324 |  21 | 12 |  86 |   0 | 0.000000e+00 |      --      |    Inf | unknown
  0.2s|     1 |     0 |  1158 |     - |    10M |   0 | 304 | 597 | 326 |  23 | 13 |  88 |   0 | 0.000000e+00 |      --      |    Inf | unknown
  0.2s|     1 |     0 |  1216 |     - |    10M |   0 | 304 | 599 | 328 |  25 | 14 |  90 |   0 | 0.000000e+00 |      --      |    Inf | unknown
 time | node  | left  |LP iter|LP it/n|mem/heur|mdpt |vars |cons |rows |cuts |sepa|confs|strbr|  dualbound   | primalbound  |  gap   | compl. 
  0.3s|     1 |     2 |  1368 |     - |    10M |   0 | 304 | 606 | 328 |  25 | 14 |  97 |  11 | 0.000000e+00 |      --      |    Inf | unknown
  1.5s|   100 |    41 |  7645 |  65.6 |    13M |  13 | 304 | 854 | 311 |  45 |  0 | 348 |  11 | 0.000000e+00 |      --      |    Inf |  31.25%
  1.9s|   200 |    70 | 13636 |  62.7 |    17M |  18 | 304 |1271 | 310 |  91 |  1 | 770 |  11 | 0.000000e+00 |      --      |    Inf |  35.05%
  2.4s|   300 |    74 | 17596 |  55.0 |    18M |  20 | 304 |1541 | 310 | 115 |  0 |1040 |  11 | 0.000000e+00 |      --      |    Inf |  47.60%
  2.9s|   400 |    97 | 22679 |  54.0 |    20M |  20 | 304 |1731 |   0 | 168 |  0 |1232 |  11 | 0.000000e+00 |      --      |    Inf |  49.31%
  3.3s|   500 |   115 | 28353 |  54.5 |    20M |  20 | 304 |1938 | 310 | 203 |  2 |1439 |  11 | 0.000000e+00 |      --      |    Inf |  56.47%
  3.8s|   600 |   122 | 34653 |  55.9 |    21M |  20 | 304 |2099 | 310 | 297 |  1 |1605 |  11 | 0.000000e+00 |      --      |    Inf |  59.35%
  4.3s|   700 |   151 | 41153 |  57.2 |    21M |  20 | 304 |2367 | 312 | 364 |  0 |1878 |  11 | 0.000000e+00 |      --      |    Inf |  63.25%
  4.8s|   800 |   172 | 47916 |  58.5 |    22M |  20 | 304 |2553 | 315 | 427 |  3 |2093 |  11 | 0.000000e+00 |      --      |    Inf |  70.52%
  5.0s|   900 |   185 | 52396 |  57.0 |    22M |  20 | 304 |2694 | 309 | 438 |  1 |2285 |  11 | 0.000000e+00 |      --      |    Inf |  70.91%
  5.3s|  1000 |   197 | 57372 |  56.3 |    22M |  20 | 304 |2803 |   0 | 475 |  0 |2505 |  11 | 0.000000e+00 |      --      |    Inf |  71.45%
  5.6s|  1100 |   196 | 60996 |  54.5 |    23M |  20 | 304 |2855 | 311 | 513 |  1 |2709 |  11 | 0.000000e+00 |      --      |    Inf |  72.63%
  5.9s|  1200 |   195 | 65286 |  53.5 |    24M |  20 | 304 |2781 | 311 | 552 |  1 |2920 |  11 | 0.000000e+00 |      --      |    Inf |  74.92%
  6.2s|  1300 |   200 | 68788 |  52.1 |    24M |  20 | 304 |2596 |   0 | 612 |  0 |3097 |  11 | 0.000000e+00 |      --      |    Inf |  75.79%
  6.4s|  1400 |   201 | 71610 |  50.4 |    24M |  20 | 304 |2547 |   0 | 628 |  0 |3284 |  11 | 0.000000e+00 |      --      |    Inf |  76.20%
 time | node  | left  |LP iter|LP it/n|mem/heur|mdpt |vars |cons |rows |cuts |sepa|confs|strbr|  dualbound   | primalbound  |  gap   | compl. 
  6.6s|  1500 |   209 | 74537 |  49.0 |    25M |  20 | 304 |2591 | 311 | 644 |  1 |3486 |  11 | 0.000000e+00 |      --      |    Inf |  76.70%
  6.9s|  1600 |   207 | 78400 |  48.3 |    25M |  20 | 304 |2662 |   0 | 670 |  0 |3666 |  11 | 0.000000e+00 |      --      |    Inf |  77.39%
  7.1s|  1700 |   202 | 82042 |  47.6 |    25M |  20 | 304 |2697 | 311 | 685 |  0 |3832 |  11 | 0.000000e+00 |      --      |    Inf |  77.99%
  7.4s|  1800 |   188 | 86140 |  47.2 |    25M |  20 | 304 |2779 | 311 | 714 |  1 |4120 |  11 | 0.000000e+00 |      --      |    Inf |  78.87%
  7.6s|  1900 |   189 | 90691 |  47.2 |    25M |  20 | 304 |2836 |   0 | 732 |  0 |4334 |  11 | 0.000000e+00 |      --      |    Inf |  79.35%
  7.9s|  2000 |   179 | 95000 |  46.9 |    25M |  20 | 304 |2799 | 313 | 768 |  0 |4500 |  11 | 0.000000e+00 |      --      |    Inf |  79.88%
  8.2s|  2100 |   174 | 98877 |  46.6 |    25M |  20 | 304 |2828 | 311 | 801 |  1 |4684 |  11 | 0.000000e+00 |      --      |    Inf |  81.03%
  8.4s|  2200 |   173 |102898 |  46.3 |    25M |  20 | 304 |2882 |   0 | 816 |  0 |4914 |  11 | 0.000000e+00 |      --      |    Inf |  81.65%
  8.7s|  2300 |   172 |106782 |  45.9 |    27M |  20 | 304 |2950 | 313 | 838 |  1 |5145 |  11 | 0.000000e+00 |      --      |    Inf |  82.88%
  8.9s|  2400 |   165 |109587 |  45.2 |    27M |  20 | 304 |2967 | 314 | 864 |  0 |5277 |  11 | 0.000000e+00 |      --      |    Inf |  83.33%
  9.1s|  2500 |   161 |113154 |  44.8 |    27M |  20 | 304 |3035 | 312 | 868 |  1 |5494 |  11 | 0.000000e+00 |      --      |    Inf |  83.66%
  9.6s|  2600 |   157 |117272 |  44.7 |    27M |  20 | 304 |2991 | 310 | 883 |  1 |5650 |  11 | 0.000000e+00 |      --      |    Inf |  84.21%
 10.0s|  2700 |   164 |122139 |  44.8 |    27M |  20 | 304 |3100 | 310 | 944 |  1 |5816 |  11 | 0.000000e+00 |      --      |    Inf |  85.53%
 10.3s|  2800 |   157 |126288 |  44.7 |    27M |  20 | 304 |3295 | 312 | 967 |  1 |6060 |  11 | 0.000000e+00 |      --      |    Inf |  86.18%
 10.5s|  2900 |   158 |129951 |  44.4 |    28M |  20 | 304 |3543 | 311 | 999 |  1 |6369 |  11 | 0.000000e+00 |      --      |    Inf |  86.71%
 time | node  | left  |LP iter|LP it/n|mem/heur|mdpt |vars |cons |rows |cuts |sepa|confs|strbr|  dualbound   | primalbound  |  gap   | compl. 
 10.9s|  3000 |   157 |134559 |  44.5 |    28M |  20 | 304 |3512 | 310 |1027 |  1 |6529 |  11 | 0.000000e+00 |      --      |    Inf |  87.62%
 11.2s|  3100 |   142 |137600 |  44.0 |    28M |  20 | 304 |3546 | 310 |1042 |  1 |6725 |  11 | 0.000000e+00 |      --      |    Inf |  88.31%
 11.4s|  3200 |   140 |140898 |  43.7 |    28M |  20 | 304 |3505 | 311 |1066 |  1 |6844 |  11 | 0.000000e+00 |      --      |    Inf |  88.93%
 11.6s|  3300 |   114 |144176 |  43.4 |    28M |  20 | 304 |3452 | 311 |1070 |  0 |7047 |  11 | 0.000000e+00 |      --      |    Inf |  89.61%
 12.0s|  3400 |   100 |147979 |  43.2 |    28M |  20 | 304 |3408 | 311 |1089 |  1 |7185 |  11 | 0.000000e+00 |      --      |    Inf |  90.49%
 12.3s|  3500 |    81 |151554 |  43.0 |    28M |  20 | 304 |3412 | 312 |1115 |  0 |7352 |  11 | 0.000000e+00 |      --      |    Inf |  91.27%
 12.6s|  3600 |    73 |155810 |  43.0 |    28M |  20 | 304 |3418 | 312 |1155 |  0 |7562 |  11 | 0.000000e+00 |      --      |    Inf |  92.25%
 12.8s|  3700 |    76 |159488 |  42.8 |    28M |  20 | 304 |3465 | 312 |1170 |  0 |7685 |  11 | 0.000000e+00 |      --      |    Inf |  92.58%
 13.0s|  3800 |    69 |163061 |  42.6 |    28M |  20 | 304 |3605 |   0 |1170 |  0 |7919 |  11 | 0.000000e+00 |      --      |    Inf |  92.86%
 13.2s|  3900 |    59 |165954 |  42.3 |    28M |  20 | 304 |3592 |   0 |1186 |  0 |8077 |  11 | 0.000000e+00 |      --      |    Inf |  93.25%
 13.4s|  4000 |    46 |169578 |  42.1 |    28M |  20 | 304 |3645 | 309 |1190 |  1 |8264 |  11 | 0.000000e+00 |      --      |    Inf |  93.56%
 13.7s|  4100 |    50 |174259 |  42.2 |    29M |  20 | 304 |3682 | 311 |1235 |  0 |8437 |  11 | 0.000000e+00 |      --      |    Inf |  94.21%
 14.0s|  4200 |    38 |178971 |  42.3 |    29M |  20 | 304 |3723 | 313 |1282 |  2 |8586 |  11 | 0.000000e+00 |      --      |    Inf |  95.06%
 14.3s|  4300 |    26 |182578 |  42.2 |    29M |  20 | 304 |3754 | 310 |1302 |  1 |8752 |  11 | 0.000000e+00 |      --      |    Inf |  96.30%
 14.5s|  4400 |    23 |185758 |  42.0 |    29M |  20 | 304 |3784 |   0 |1329 |  0 |8900 |  11 | 0.000000e+00 |      --      |    Inf |  96.82%
 time | node  | left  |LP iter|LP it/n|mem/heur|mdpt |vars |cons |rows |cuts |sepa|confs|strbr|  dualbound   | primalbound  |  gap   | compl. 
 14.7s|  4500 |    25 |189456 |  41.9 |    29M |  20 | 304 |3833 | 312 |1345 |  1 |9109 |  11 | 0.000000e+00 |      --      |    Inf |  97.07%
 15.0s|  4600 |    15 |194623 |  42.1 |    29M |  20 | 304 |3872 | 314 |1385 |  2 |9282 |  11 | 0.000000e+00 |      --      |    Inf |  97.71%
 15.2s|  4700 |    11 |198129 |  41.9 |    29M |  20 | 304 |3841 | 313 |1422 |  1 |9413 |  11 | 0.000000e+00 |      --      |    Inf |  98.41%
 15.4s|  4800 |     6 |201105 |  41.7 |    29M |  20 | 304 |3857 | 309 |1443 |  1 |9549 |  11 | 0.000000e+00 |      --      |    Inf |  98.78%
 15.7s|  4900 |    12 |205421 |  41.7 |    29M |  20 | 304 |3909 | 313 |1470 |  0 |9673 |  11 | 0.000000e+00 |      --      |    Inf |  99.14%
 15.9s|  5000 |     6 |209160 |  41.6 |    29M |  20 | 304 |3973 | 315 |1489 |  1 |9816 |  11 | 0.000000e+00 |      --      |    Inf |  99.46%
 16.1s|  5100 |     8 |212626 |  41.5 |    30M |  20 | 304 |4107 |   0 |1499 |  0 |  10k|  11 | 0.000000e+00 |      --      |    Inf |  99.59%
 16.3s|  5200 |    13 |215981 |  41.3 |    30M |  20 | 304 |4198 | 311 |1523 |  0 |  10k|  11 | 0.000000e+00 |      --      |    Inf |  99.78%

SCIP Status        : problem is solved [infeasible]
Solving Time (sec) : 16.46
Solving Nodes      : 5293
Primal Bound       : +1.00000000000000e+20 (0 solutions)
Dual Bound         : +1.00000000000000e+20
Gap                : 0.00 %
SCIP Status        : problem is solved [infeasible]
Total Time         :      16.46
  solving          :      16.46
  presolving       :       0.01 (included in solving)
  reading          :       0.00
  copying          :       0.15 (33 #copies) (minimal 0.00, maximal 0.01, average 0.00)
Original Problem   :
  Problem name     : model
  Variables        : 306 (306 binary, 0 integer, 0 implicit integer, 0 continuous)
  Constraints      : 306 initial, 306 maximal
  Objective        : minimize, 0 non-zeros (abs.min = 1e+20, abs.max = -1e+20)
Presolved Problem  :
  Problem name     : t_model
  Variables        : 304 (304 binary, 0 integer, 0 implicit integer, 0 continuous)
  Constraints      : 310 initial, 4317 maximal
  Objective        : minimize, 0 non-zeros (abs.min = 1e+20, abs.max = -1e+20)
  Nonzeros         : 2125 constraint, 926 clique table
Presolvers         :   ExecTime  SetupTime  Calls  FixedVars   AggrVars   ChgTypes  ChgBounds   AddHoles    DelCons    AddCons   ChgSides   ChgCoefs
  boundshift       :       0.00       0.00      0          0          0          0          0          0          0          0          0          0
  convertinttobin  :       0.00       0.00      0          0          0          0          0          0          0          0          0          0
  domcol           :       0.00       0.00      2          0          0          0          0          0          0          0          0          0
  dualagg          :       0.00       0.00      0          0          0          0          0          0          0          0          0          0
  dualcomp         :       0.00       0.00      0          0          0          0          0          0          0          0          0          0
  dualinfer        :       0.00       0.00      0          0          0          0          0          0          0          0          0          0
  dualsparsify     :       0.00       0.00      1          0          0          0          0          0          0          0          0          0
  gateextraction   :       0.00       0.00      0          0          0          0          0          0          0          0          0          0
  implics          :       0.00       0.00      3          0          0          0          0          0          0          0          0          0
  inttobinary      :       0.00       0.00      0          0          0          0          0          0          0          0          0          0
  qpkktref         :       0.00       0.00      0          0          0          0          0          0          0          0          0          0
  redvub           :       0.00       0.00      0          0          0          0          0          0          0          0          0          0
  sparsify         :       0.00       0.00      1          0          0          0          0          0          0          0          0          0
  stuffing         :       0.00       0.00      0          0          0          0          0          0          0          0          0          0
  trivial          :       0.00       0.00      4          0          0          0          0          0          0          0          0          0
  tworowbnd        :       0.00       0.00      0          0          0          0          0          0          0          0          0          0
  dualfix          :       0.00       0.00      4          0          0          0          0          0          0          0          0          0
  genvbounds       :       0.00       0.00      0          0          0          0          0          0          0          0          0          0
  probing          :       0.00       0.00      2          0          0          0          0          0          0          0          0          0
  pseudoobj        :       0.00       0.00      0          0          0          0          0          0          0          0          0          0
  symmetry         :       0.00       0.00      1          1          0          0          0          0          0          5          0          0
  vbounds          :       0.00       0.00      1          0          0          0          0          0          0          0          0          0
  knapsack         :       0.00       0.00      0          0          0          0          0          0          0          0          0          0
  setppc           :       0.00       0.00      7          0          1          0          0          0          1          0          0          0
  linear           :       0.00       0.00      2          0          0          0          0          0          0          0          0          0
  orbisack         :       0.00       0.00      1          0          0          0          0          0          0          0          0          0
  orbitope         :       0.00       0.00      1          0          0          0          0          0          0          0          0          0
  symretope        :       0.00       0.00      1          0          0          0          0          0          0          0          0          0
  logicor          :       0.00       0.00      0          0          0          0          0          0          0          0          0          0
  benders          :       0.00       0.00      0          0          0          0          0          0          0          0          0          0
  components       :       0.00       0.00      1          0          0          0          0          0          0          0          0          0
  root node        :          -          -      -          5          -          -          5          -          -          -          -          -
Constraints        :     Number  MaxNumber  #Separate #Propagate    #EnfoLP    #EnfoRelax  #EnfoPS    #Check   #ResProp    Cutoffs    DomReds       Cuts    Applied      Conss   Children
  benderslp        :          0          0          0          0       2901          0          0          7          0          0          0          0          0          0          0
  integral         :          0          0          0          0       2901          0          0          7          0          0          0          0          0          0       5802
  knapsack         :          0+        78          0      51532          0          0          0          0      13531        366      21302          0          0          0          0
  setppc           :        305+       338         14      51458          0          0          0          3     181418       1021     145949          0          0          0          0
  linear           :          0+       217         14      50038          0          0          0          0       7489        137       9748          1          1          0          0
  orbisack         :          2          2          0          5          0          0          0          0          1          1          2          0          0          0          0
  orbitope         :          2          2          0      50199          0          0          0          0       2236          4        414          0          0          0          0
  symretope        :          1          1          0       4224          0          0          0          0       1588         91        898          0          0          0          0
  logicor          :          0+      3849         14      37739          0          0          0          0      33295        324      23418          1          1          0          0
  benders          :          0          0          0          0          0          0          0          0          0          0          0          0          0          0          0
  countsols        :          0          0          0          0          0          0          0          0          0          0          0          0          0          0          0
  components       :          0          0          0          0          0          0          0          0          0          0          0          0          0          0          0
Constraint Timings :  TotalTime  SetupTime   Separate  Propagate     EnfoLP     EnfoPS     EnfoRelax   Check    ResProp    SB-Prop
  benderslp        :       0.00       0.00       0.00       0.00       0.00       0.00       0.00       0.00       0.00       0.00
  integral         :       0.12       0.00       0.00       0.00       0.12       0.00       0.00       0.00       0.00       0.00
  knapsack         :       0.27       0.00       0.00       0.25       0.00       0.00       0.00       0.00       0.02       0.00
  setppc           :       0.71       0.00       0.00       0.65       0.00       0.00       0.00       0.00       0.06       0.00
  linear           :       0.13       0.00       0.00       0.12       0.00       0.00       0.00       0.00       0.01       0.00
  orbisack         :       0.00       0.00       0.00       0.00       0.00       0.00       0.00       0.00       0.00       0.00
  orbitope         :       0.15       0.00       0.00       0.13       0.00       0.00       0.00       0.00       0.02       0.00
  symretope        :       0.43       0.00       0.00       0.22       0.00       0.00       0.00       0.00       0.21       0.00
  logicor          :       0.64       0.00       0.00       0.61       0.00       0.00       0.00       0.00       0.02       0.00
  benders          :       0.00       0.00       0.00       0.00       0.00       0.00       0.00       0.00       0.00       0.00
  countsols        :       0.00       0.00       0.00       0.00       0.00       0.00       0.00       0.00       0.00       0.00
  components       :       0.00       0.00       0.00       0.00       0.00       0.00       0.00       0.00       0.00       0.00
Propagators        : #Propagate   #ResProp    Cutoffs    DomReds
  dualfix          :          1          0          0          0
  genvbounds       :          0          0          0          0
  nlobbt           :          0          0          0          0
  obbt             :          0          0          0          0
  probing          :          0          0          0          0
  pseudoobj        :          0          0          0          0
  redcost          :          0          0          0          0
  rootredcost      :          0          0          0          0
  symmetry         :          0          0          0          0
  vbounds          :      39795          0          0          0
Propagator Timings :  TotalTime  SetupTime   Presolve  Propagate    ResProp    SB-Prop
  dualfix          :       0.00       0.00       0.00       0.00       0.00       0.00
  genvbounds       :       0.00       0.00       0.00       0.00       0.00       0.00
  nlobbt           :       0.00       0.00       0.00       0.00       0.00       0.00
  obbt             :       0.00       0.00       0.00       0.00       0.00       0.00
  probing          :       0.00       0.00       0.00       0.00       0.00       0.00
  pseudoobj        :       0.00       0.00       0.00       0.00       0.00       0.00
  redcost          :       0.00       0.00       0.00       0.00       0.00       0.00
  rootredcost      :       0.00       0.00       0.00       0.00       0.00       0.00
  symmetry         :       0.01       0.00       0.00       0.00       0.00       0.00
  vbounds          :       0.07       0.00       0.00       0.07       0.00       0.00
Orbital fixing     :
  vars fixed to 0  :          0
  vars fixed to 1  :          0
Conflict Analysis  :       Time      Calls    Success    DomReds  Conflicts   Literals    Reconvs ReconvLits   Dualrays   Nonzeros   LP Iters   (pool size: [10000,10000])
  propagation      :       0.28       1885       1663          -      10030       26.4        180        9.0          -          -          -
  infeasible LP    :       0.38       1531       1282          -       9451       22.9         53        8.0        402       31.6          0
  bound exceed. LP :       0.00          0          0          -          0        0.0          0        0.0          0        0.0          0
  strong branching :       0.00          0          0          -          0        0.0          0        0.0          -          -          0
  pseudo solution  :       0.00          0          0          -          0        0.0          0        0.0          -          -          -
  applied globally :       0.05          -          -          0       9831       18.4          -          -        348          -          -
  applied locally  :          -          -          -          0        106       33.9          -          -         54          -          -
Separators         :   ExecTime  SetupTime      Calls  RootCalls    Cutoffs    DomReds  FoundCuts ViaPoolAdd  DirectAdd    Applied ViaPoolApp  DirectApp      Conss
  cut pool         :       0.90          -       1187         27          -          -      16513       6133          -          -          -          -          -    (maximal pool size:       2468)
  aggregation      :       0.10       0.00        659         14          0          0          4          1          2          1          0          1          0
  > cmir           :          -          -          -          -          -          -          -          1          0          0          0          0          -
  > flowcover      :          -          -          -          -          -          -          -          0          0          0          0          0          -
  > knapsackcover  :          -          -          -          -          -          -          -          0          2          1          0          1          -
  cgmip            :       0.00       0.00          0          0          0          0          0          0          0          0          0          0          0
  clique           :       0.00       0.00         14         14          0          0          0          0          0          0          0          0          0
  closecuts        :       0.00       0.00          0          0          0          0          0          0          0          0          0          0          0
  convexproj       :       0.00       0.00          0          0          0          0          0          0          0          0          0          0          0
  disjunctive      :       0.00       0.00          0          0          0          0          0          0          0          0          0          0          0
  eccuts           :       0.00       0.00          0          0          0          0          0          0          0          0          0          0          0
  gauge            :       0.00       0.00          0          0          0          0          0          0          0          0          0          0          0
  gomory           :       2.09       0.00        655         10          0          0      26519       5981      10102        767        524        243          0
  > gomorymi       :          -          -          -          -          -          -          -        821       5051        176         47        129          -
  > strongcg       :          -          -          -          -          -          -          -       5160       5051        591        477        114          -
  impliedbounds    :       0.01       0.00        659         14          0          0          0          0          0          0          0          0          0
  interminor       :       0.00       0.00          0          0          0          0          0          0          0          0          0          0          0
  intobj           :       0.00       0.00          0          0          0          0          0          0          0          0          0          0          0
  mcf              :       0.00       0.00          1          1          0          0          0          0          0          0          0          0          0
  minor            :       0.00       0.00          0          0          0          0          0          0          0          0          0          0          0
  mixing           :       0.00       0.00          0          0          0          0          0          0          0          0          0          0          0
  oddcycle         :       0.00       0.00          0          0          0          0          0          0          0          0          0          0          0
  rapidlearning    :       2.29       0.00         31          1          0       3304          0          0          0          0          0          0        424
  rlt              :       0.00       0.00         10         10          0          0          0          0          0          0          0          0          0
  zerohalf         :       0.33       0.00        659         14          0          0        946        151        852        753        101        652          0
Cutselectors       :   ExecTime  SetupTime      Calls  RootCalls   Selected     Forced   Filtered  RootSelec   RootForc   RootFilt 
  hybrid           :       0.02       0.00        658         14       1523          0      15568         25          0        537
Pricers            :   ExecTime  SetupTime      Calls       Vars
  problem variables:       0.00          -          0          0
Branching Rules    :   ExecTime  SetupTime   BranchLP  BranchExt   BranchPS    Cutoffs    DomReds       Cuts      Conss   Children
  allfullstrong    :       0.00       0.00          0          0          0          0          0          0          0          0
  cloud            :       0.00       0.00          0          0          0          0          0          0          0          0
  distribution     :       0.00       0.00          0          0          0          0          0          0          0          0
  fullstrong       :       0.00       0.00          0          0          0          0          0          0          0          0
  inference        :       0.00       0.00          0          0          0          0          0          0          0          0
  leastinf         :       0.00       0.00          0          0          0          0          0          0          0          0
  lookahead        :       0.00       0.00          0          0          0          0          0          0          0          0
  mostinf          :       0.00       0.00          0          0          0          0          0          0          0          0
  multaggr         :       0.00       0.00          0          0          0          0          0          0          0          0
  nodereopt        :       0.00       0.00          0          0          0          0          0          0          0          0
  pscost           :       0.00       0.00          0          0          0          0          0          0          0          0
  random           :       0.00       0.00          0          0          0          0          0          0          0          0
  relpscost        :       0.12       0.00       2901          0          0          0          0          0          0       5802
  vanillafullstrong:       0.00       0.00          0          0          0          0          0          0          0          0
Primal Heuristics  :   ExecTime  SetupTime      Calls      Found       Best
  LP solutions     :       0.00          -          -          0          0
  relax solutions  :       0.00          -          -          0          0
  pseudo solutions :       0.00          -          -          0          0
  strong branching :       0.00          -          -          0          0
  actconsdiving    :       0.00       0.00          0          0          0
  adaptivediving   :       0.16       0.00         60          0          0
  alns             :       0.01       0.00          1          0          0
  bound            :       0.00       0.00          0          0          0
  clique           :       0.00       0.00          1          0          0
  coefdiving       :       0.00       0.00          0          0          0
  completesol      :       0.00       0.00          0          0          0
  conflictdiving   :       0.04       0.00         30          0          0
  crossover        :       0.00       0.00          0          0          0
  dins             :       0.00       0.00          0          0          0
  distributiondivin:       0.09       0.00         30          0          0
  dps              :       0.00       0.00          0          0          0
  dualval          :       0.00       0.00          0          0          0
  farkasdiving     :       0.00       0.00          0          0          0
  feaspump         :       0.03       0.00          4          0          0
  fixandinfer      :       0.00       0.00          0          0          0
  fracdiving       :       0.04       0.00         31          0          0
  gins             :       0.00       0.00          0          0          0
  guideddiving     :       0.00       0.00          0          0          0
  indicator        :       0.00       0.00          0          0          0
  intdiving        :       0.00       0.00          0          0          0
  intshifting      :       0.00       0.00          0          0          0
  linesearchdiving :       0.06       0.00         30          0          0
  localbranching   :       0.00       0.00          0          0          0
  locks            :       0.00       0.00          1          0          0
  lpface           :       0.00       0.00          0          0          0
  mpec             :       0.00       0.00          0          0          0
  multistart       :       0.00       0.00          0          0          0
  mutation         :       0.00       0.00          0          0          0
  nlpdiving        :       0.00       0.00          0          0          0
  objpscostdiving  :       0.08       0.00          9          0          0
  octane           :       0.00       0.00          0          0          0
  ofins            :       0.00       0.00          0          0          0
  oneopt           :       0.00       0.00          0          0          0
  padm             :       0.00       0.00          0          0          0
  proximity        :       0.00       0.00          0          0          0
  pscostdiving     :       0.05       0.00         31          0          0
  randrounding     :       0.01       0.00         15          0          0
  rens             :       0.01       0.00          1          0          0
  reoptsols        :       0.00       0.00          0          0          0
  repair           :       0.00       0.00          0          0          0
  rins             :       0.00       0.00          0          0          0
  rootsoldiving    :       0.09       0.00         10          0          0
  rounding         :       0.03       0.00        804          0          0
  shiftandpropagate:       0.00       0.00          1          0          0
  shifting         :       0.03       0.00        378          0          0
  simplerounding   :       0.00       0.00          0          0          0
  subnlp           :       0.00       0.00          0          0          0
  trivial          :       0.00       0.00          2          0          0
  trivialnegation  :       0.00       0.00          0          0          0
  trustregion      :       0.00       0.00          0          0          0
  trysol           :       0.00       0.00          0          0          0
  twoopt           :       0.00       0.00          0          0          0
  undercover       :       0.00       0.00          0          0          0
  vbounds          :       0.00       0.00          1          0          0
  veclendiving     :       0.04       0.00         30          0          0
  zeroobj          :       0.00       0.00          0          0          0
  zirounding       :       0.01       0.00       1000          0          0
  other solutions  :          -          -          -          0          -
LP                 :       Time      Calls Iterations  Iter/call   Iter/sec  Time-0-It Calls-0-It    ItLimit
  primal LP        :       0.26        290          0       0.00       0.00       0.26        290
  dual LP          :       5.72       5076     211126      41.90   36923.46       0.01         37
  lex dual LP      :       0.00          0          0       0.00          -
  barrier LP       :       0.00          0          0       0.00          -       0.00          0
  resolve instable :       0.00          0          0       0.00          -
  diving/probing LP:       0.29        299       7516      25.14   25900.45
  strong branching :       0.04         11       1235     112.27   34905.74          -          -          0
    (at root node) :          -         11       1235     112.27          -
  conflict analysis:       0.00          0          0       0.00          -
B&B Tree           :
  number of runs   :          1
  nodes            :       5293 (2901 internal, 2392 leaves)
  feasible leaves  :          0
  infeas. leaves   :       2392
  objective leaves :          0
  nodes (total)    :       5293 (2901 internal, 2392 leaves)
  nodes left       :          0
  max depth        :         20
  max depth (total):         20
  backtracks       :       1687 (31.9%)
  early backtracks :          0 (0.0%)
  nodes exc. ref.  :          0 (0.0%)
  delayed cutoffs  :        510
  repropagations   :       2611 (58744 domain reductions, 461 cutoffs)
  avg switch length:       4.61
  switching time   :       1.00
Root Node          :
  First LP value   : +0.00000000000000e+00
  First LP Iters   :        197 (55027.93 Iter/sec)
  First LP Time    :       0.00
  Final Dual Bound : +0.00000000000000e+00
  Final Root Iters :       1152
  Root LP Estimate : +4.31958201871368e-03
Solution           :
  Solutions found  :          0 (0 improvements)
  Primal Bound     : infeasible
  Dual Bound       :          -
  Gap              :       0.00 %
Integrals          :      Total       Avg%
  primal-dual      :          -          - (problem infeasible)
  primal-ref       :          -          - (problem infeasible)
  dual-ref         :          -          - (problem infeasible)
written solution information to file <results/final_flowersnark__settings_final_peek_relabel__1__flowersnark17_3.cip.sol>
@04 1667946989
