FILENAME:   ../instances_new/flowersnark/flowersnark13_3.cip
SETTINGS:   settings_final_moresymresack_relabel_respect
TIMELIMIT:  7200
OUTPUTNAME: final_flowersnark__settings_final_moresymresack_relabel_respect__1__
BINNAME:    bin/sbcs.linux.x86_64.gnu.opt.cpx
BASENAME:   flowersnark13_3.cip
SEED:       1
@01 ../instances_new/flowersnark/flowersnark13_3.cip ===========
@02 flowersnark13_3.cip
@03 1668037976
SCIP version 8.0.2 [precision: 8 byte] [memory: block] [mode: optimized] [LP solver: CPLEX 20.1.0.0] [GitHash: 5f0473c]
Copyright (C) 2002-2022 Konrad-Zuse-Zentrum fuer Informationstechnik Berlin (ZIB)

Symretope propagation methods - (c) Jasper van Doornmalen, Christopher Hojny.
[GitHash: 8113d1c]

reading parameter file <../settings/settings_final_moresymresack_relabel_respect.set> ...

Changed settings:
limits/time = 7200
misc/usesymmetry = 1
randomization/randomseedshift = 1
constraints/orbisack/sepafreq = -1
constraints/symresack/sepafreq = -1
propagating/symmetry/addsymresacks = TRUE
propagating/symmetry/detectsubgroups = FALSE
propagating/symmetry/usesymretopes = FALSE
propagating/symmetry/relabelsymretopes = 3
propagating/symmetry/addmoresymresacks = TRUE
propagating/symmetry/ofsymcomptiming = 0
constraints/symretope/sepafreq = -1
constraints/symretope/peek = FALSE


solving problem ...

original problem has 234 variables (234 bin, 0 int, 0 impl, 0 cont) and 234 constraints
presolving:
(round 1, exhaustive) 0 del vars, 0 del conss, 0 add conss, 0 chg bounds, 0 chg sides, 0 chg coeffs, 234 upgd conss, 0 impls, 234 clqs
   (0.0s) probing: 51/234 (21.8%) - 0 fixings, 0 aggregations, 0 implications, 0 bound changes
   (0.0s) probing aborted: 50/50 successive totally useless probings
   (0.0s) symmetry computation started: requiring (bin +, int +, cont +), (fixed: bin -, int -, cont -)
   (0.0s) symmetry computation finished: 5 generators found (max: 1500, log10 of symmetry group size: 2.5)
(round 2, exhaustive) 7 del vars, 0 del conss, 29 add conss, 0 chg bounds, 0 chg sides, 0 chg coeffs, 234 upgd conss, 0 impls, 231 clqs
(round 3, fast)       16 del vars, 7 del conss, 29 add conss, 0 chg bounds, 0 chg sides, 0 chg coeffs, 234 upgd conss, 0 impls, 227 clqs
(round 4, medium)     17 del vars, 7 del conss, 29 add conss, 0 chg bounds, 0 chg sides, 0 chg coeffs, 234 upgd conss, 0 impls, 227 clqs
(round 5, fast)       18 del vars, 8 del conss, 29 add conss, 0 chg bounds, 0 chg sides, 0 chg coeffs, 234 upgd conss, 0 impls, 226 clqs
   (0.0s) probing cycle finished: starting next cycle
(round 6, exhaustive) 26 del vars, 8 del conss, 29 add conss, 0 chg bounds, 0 chg sides, 0 chg coeffs, 234 upgd conss, 0 impls, 338 clqs
(round 7, fast)       26 del vars, 19 del conss, 29 add conss, 0 chg bounds, 1 chg sides, 0 chg coeffs, 234 upgd conss, 0 impls, 338 clqs
   (0.0s) probing: 92/214 (43.0%) - 0 fixings, 8 aggregations, 125 implications, 0 bound changes
   (0.0s) probing aborted: 50/50 successive totally useless probings
presolving (8 rounds: 8 fast, 5 medium, 4 exhaustive):
 26 deleted vars, 19 deleted constraints, 29 added constraints, 0 tightened bounds, 0 added holes, 1 changed sides, 0 changed coefficients
 0 implications, 338 cliques
presolved problem has 213 variables (213 bin, 0 int, 0 impl, 0 cont) and 244 constraints
    215 constraints of type <setppc>
      3 constraints of type <orbisack>
      2 constraints of type <orbitope>
     24 constraints of type <symresack>
transformed objective value is always integral (scale: 1)
Presolving Time: 0.02

 time | node  | left  |LP iter|LP it/n|mem/heur|mdpt |vars |cons |rows |cuts |sepa|confs|strbr|  dualbound   | primalbound  |  gap   | compl. 
  0.0s|     1 |     0 |   170 |     - |  4232k |   0 | 213 | 302 | 216 |   0 |  0 |  58 |   0 | 0.000000e+00 |      --      |    Inf | unknown
  0.1s|     1 |     0 |   437 |     - |  4562k |   0 | 213 | 503 | 218 |   2 |  1 |  59 |   0 | 0.000000e+00 |      --      |    Inf | unknown
  0.1s|     1 |     0 |   490 |     - |  5185k |   0 | 213 | 505 | 220 |   4 |  2 |  61 |   0 | 0.000000e+00 |      --      |    Inf | unknown
  0.1s|     1 |     0 |   550 |     - |  5862k |   0 | 213 | 507 | 222 |   6 |  3 |  63 |   0 | 0.000000e+00 |      --      |    Inf | unknown
  0.2s|     1 |     0 |   621 |     - |  6607k |   0 | 213 | 508 | 225 |   9 |  4 |  64 |   0 | 0.000000e+00 |      --      |    Inf | unknown
  0.2s|     1 |     0 |   685 |     - |  7672k |   0 | 213 | 510 | 230 |  14 |  5 |  66 |   0 | 0.000000e+00 |      --      |    Inf | unknown
  0.2s|     1 |     0 |   749 |     - |  9516k |   0 | 213 | 511 | 233 |  17 |  6 |  67 |   0 | 0.000000e+00 |      --      |    Inf | unknown
  0.2s|     1 |     0 |   819 |     - |  9542k |   0 | 213 | 513 | 236 |  20 |  7 |  69 |   0 | 0.000000e+00 |      --      |    Inf | unknown
  0.2s|     1 |     0 |   886 |     - |    10M |   0 | 213 | 515 | 239 |  23 |  8 |  71 |   0 | 0.000000e+00 |      --      |    Inf | unknown
  0.3s|     1 |     0 |   944 |     - |    11M |   0 | 213 | 516 | 240 |  24 |  9 |  72 |   0 | 0.000000e+00 |      --      |    Inf | unknown
  0.3s|     1 |     0 |  1052 |     - |    14M |   0 | 213 | 518 | 242 |  26 | 10 |  74 |   0 | 0.000000e+00 |      --      |    Inf | unknown
  0.3s|     1 |     0 |  1105 |     - |    14M |   0 | 213 | 519 | 244 |  28 | 11 |  75 |   0 | 0.000000e+00 |      --      |    Inf | unknown
  0.3s|     1 |     0 |  1241 |     - |    14M |   0 | 213 | 522 | 246 |  30 | 12 |  78 |   0 | 0.000000e+00 |      --      |    Inf | unknown
  0.3s|     1 |     0 |  1310 |     - |    14M |   0 | 213 | 523 | 247 |  31 | 13 |  79 |   0 | 0.000000e+00 |      --      |    Inf | unknown
  0.3s|     1 |     0 |  1363 |     - |    14M |   0 | 213 | 524 | 248 |  32 | 14 |  80 |   0 | 0.000000e+00 |      --      |    Inf | unknown
 time | node  | left  |LP iter|LP it/n|mem/heur|mdpt |vars |cons |rows |cuts |sepa|confs|strbr|  dualbound   | primalbound  |  gap   | compl. 
  0.3s|     1 |     0 |  1375 |     - |    14M |   0 | 213 | 525 | 237 |  33 | 15 |  81 |   0 | 0.000000e+00 |      --      |    Inf | unknown
  0.3s|     1 |     0 |  1428 |     - |    14M |   0 | 213 | 526 | 238 |  34 | 16 |  82 |   0 | 0.000000e+00 |      --      |    Inf | unknown
  0.4s|     1 |     2 |  1428 |     - |    14M |   0 | 213 | 529 | 238 |  34 | 16 |  85 |  10 | 0.000000e+00 |      --      |    Inf | unknown
  1.4s|   100 |    22 |  8444 |  70.9 |    16M |  13 | 213 | 801 | 228 |  86 |  0 | 358 |  10 | 0.000000e+00 |      --      |    Inf |  63.79%
  1.9s|   200 |     3 | 12813 |  57.2 |    18M |  16 | 213 |1016 |   0 | 119 |  0 | 573 |  10 | 0.000000e+00 |      --      |    Inf |  93.60%

SCIP Status        : problem is solved [infeasible]
Solving Time (sec) : 2.01
Solving Nodes      : 218
Primal Bound       : +1.00000000000000e+20 (0 solutions)
Dual Bound         : +1.00000000000000e+20
Gap                : 0.00 %
SCIP Status        : problem is solved [infeasible]
Total Time         :       2.01
  solving          :       2.01
  presolving       :       0.02 (included in solving)
  reading          :       0.00
  copying          :       0.09 (34 #copies) (minimal 0.00, maximal 0.00, average 0.00)
Original Problem   :
  Problem name     : model
  Variables        : 234 (234 binary, 0 integer, 0 implicit integer, 0 continuous)
  Constraints      : 234 initial, 234 maximal
  Objective        : minimize, 0 non-zeros (abs.min = 1e+20, abs.max = -1e+20)
Presolved Problem  :
  Problem name     : t_model
  Variables        : 213 (213 binary, 0 integer, 0 implicit integer, 0 continuous)
  Constraints      : 244 initial, 1057 maximal
  Objective        : minimize, 0 non-zeros (abs.min = 1e+20, abs.max = -1e+20)
  Nonzeros         : 7107 constraint, 878 clique table
Presolvers         :   ExecTime  SetupTime  Calls  FixedVars   AggrVars   ChgTypes  ChgBounds   AddHoles    DelCons    AddCons   ChgSides   ChgCoefs
  boundshift       :       0.00       0.00      0          0          0          0          0          0          0          0          0          0
  convertinttobin  :       0.00       0.00      0          0          0          0          0          0          0          0          0          0
  domcol           :       0.00       0.00      3          0          0          0          0          0          0          0          0          0
  dualagg          :       0.00       0.00      0          0          0          0          0          0          0          0          0          0
  dualcomp         :       0.00       0.00      0          0          0          0          0          0          0          0          0          0
  dualinfer        :       0.00       0.00      0          0          0          0          0          0          0          0          0          0
  dualsparsify     :       0.00       0.00      1          0          0          0          0          0          0          0          0          0
  gateextraction   :       0.00       0.00      0          0          0          0          0          0          0          0          0          0
  implics          :       0.00       0.00      5          0          0          0          0          0          0          0          0          0
  inttobinary      :       0.00       0.00      0          0          0          0          0          0          0          0          0          0
  qpkktref         :       0.00       0.00      0          0          0          0          0          0          0          0          0          0
  redvub           :       0.00       0.00      0          0          0          0          0          0          0          0          0          0
  sparsify         :       0.00       0.00      1          0          0          0          0          0          0          0          0          0
  stuffing         :       0.00       0.00      0          0          0          0          0          0          0          0          0          0
  trivial          :       0.00       0.00      8          5          0          0          0          0          0          0          0          0
  tworowbnd        :       0.00       0.00      0          0          0          0          0          0          0          0          0          0
  dualfix          :       0.00       0.00      8          0          0          0          0          0          0          0          0          0
  genvbounds       :       0.00       0.00      0          0          0          0          0          0          0          0          0          0
  probing          :       0.01       0.00      3          0          8          0          0          0          0          0          0          0
  pseudoobj        :       0.00       0.00      0          0          0          0          0          0          0          0          0          0
  symmetry         :       0.00       0.00      1          2          0          0          0          0          0         29          0          0
  vbounds          :       0.00       0.00      2          0          0          0          0          0          0          0          0          0
  knapsack         :       0.00       0.00      0          0          0          0          0          0          0          0          0          0
  setppc           :       0.00       0.00     14          0          5          0          0          0         19          0          1          0
  linear           :       0.00       0.00      2          0          0          0          0          0          0          0          0          0
  orbisack         :       0.00       0.00      2          0          0          0          0          0          0          0          0          0
  orbitope         :       0.00       0.00      3          1          0          0          0          0          0          0          0          0
  symresack        :       0.00       0.00      2          0          0          0          0          0          0          0          0          0
  logicor          :       0.00       0.00      0          0          0          0          0          0          0          0          0          0
  benders          :       0.00       0.00      0          0          0          0          0          0          0          0          0          0
  components       :       0.00       0.00      1          0          0          0          0          0          0          0          0          0
  root node        :          -          -      -          2          -          -          2          -          -          -          -          -
Constraints        :     Number  MaxNumber  #Separate #Propagate    #EnfoLP    #EnfoRelax  #EnfoPS    #Check   #ResProp    Cutoffs    DomReds       Cuts    Applied      Conss   Children
  benderslp        :          0          0          0          0        113          0          0          7          0          0          0          0          0          0          0
  integral         :          0          0          0          0        113          0          0          7          0          0          0          0          0          0        226
  knapsack         :          0+        29          0       1804          0          0          0          0        157          4        208          0          0          0          0
  setppc           :        215+       232         16       3118          0          0          0          3       4445         99       3095          1          0          0          0
  linear           :          0+       212         16       2034          0          0          0          0        217          4        278          1          0          0          0
  orbisack         :          3          3          0         34          0          0          0          0         14         12          5          0          0          0          0
  orbitope         :          2          2          0       2903          0          0          0          0         28          1         21          0          0          0          0
  symresack        :         24         24          0        598          0          0          0          0         58          3         28          0          0          0          0
  logicor          :          0+       569         16       1446          0          0          0          0        565          9        344          2          1          0          0
  benders          :          0          0          0          0          0          0          0          0          0          0          0          0          0          0          0
  countsols        :          0          0          0          0          0          0          0          0          0          0          0          0          0          0          0
  components       :          0          0          0          0          0          0          0          0          0          0          0          0          0          0          0
Constraint Timings :  TotalTime  SetupTime   Separate  Propagate     EnfoLP     EnfoPS     EnfoRelax   Check    ResProp    SB-Prop
  benderslp        :       0.00       0.00       0.00       0.00       0.00       0.00       0.00       0.00       0.00       0.00
  integral         :       0.05       0.00       0.00       0.00       0.05       0.00       0.00       0.00       0.00       0.00
  knapsack         :       0.00       0.00       0.00       0.00       0.00       0.00       0.00       0.00       0.00       0.00
  setppc           :       0.02       0.00       0.00       0.02       0.00       0.00       0.00       0.00       0.00       0.00
  linear           :       0.01       0.00       0.00       0.01       0.00       0.00       0.00       0.00       0.00       0.00
  orbisack         :       0.00       0.00       0.00       0.00       0.00       0.00       0.00       0.00       0.00       0.00
  orbitope         :       0.01       0.00       0.00       0.01       0.00       0.00       0.00       0.00       0.00       0.00
  symresack        :       0.00       0.00       0.00       0.00       0.00       0.00       0.00       0.00       0.00       0.00
  logicor          :       0.01       0.00       0.00       0.01       0.00       0.00       0.00       0.00       0.00       0.00
  benders          :       0.00       0.00       0.00       0.00       0.00       0.00       0.00       0.00       0.00       0.00
  countsols        :       0.00       0.00       0.00       0.00       0.00       0.00       0.00       0.00       0.00       0.00
  components       :       0.00       0.00       0.00       0.00       0.00       0.00       0.00       0.00       0.00       0.00
Propagators        : #Propagate   #ResProp    Cutoffs    DomReds
  dualfix          :          1          0          0          0
  genvbounds       :          0          0          0          0
  nlobbt           :          0          0          0          0
  obbt             :          0          0          0          0
  probing          :          0          0          0          0
  pseudoobj        :          0          0          0          0
  redcost          :          0          0          0          0
  rootredcost      :          0          0          0          0
  symmetry         :          0          0          0          0
  vbounds          :       1715          0          0          0
Propagator Timings :  TotalTime  SetupTime   Presolve  Propagate    ResProp    SB-Prop
  dualfix          :       0.00       0.00       0.00       0.00       0.00       0.00
  genvbounds       :       0.00       0.00       0.00       0.00       0.00       0.00
  nlobbt           :       0.00       0.00       0.00       0.00       0.00       0.00
  obbt             :       0.00       0.00       0.00       0.00       0.00       0.00
  probing          :       0.01       0.00       0.01       0.00       0.00       0.00
  pseudoobj        :       0.00       0.00       0.00       0.00       0.00       0.00
  redcost          :       0.00       0.00       0.00       0.00       0.00       0.00
  rootredcost      :       0.00       0.00       0.00       0.00       0.00       0.00
  symmetry         :       0.00       0.00       0.00       0.00       0.00       0.00
  vbounds          :       0.00       0.00       0.00       0.00       0.00       0.00
Orbital fixing     :
  vars fixed to 0  :          0
  vars fixed to 1  :          0
Conflict Analysis  :       Time      Calls    Success    DomReds  Conflicts   Literals    Reconvs ReconvLits   Dualrays   Nonzeros   LP Iters   (pool size: [10000,10000])
  propagation      :       0.00        120        117          -        352       14.6         10        4.1          -          -          -
  infeasible LP    :       0.01         94         83          -        333       15.3          1        3.0         45       11.6          0
  bound exceed. LP :       0.00          0          0          -          0        0.0          0        0.0          0        0.0          0
  strong branching :       0.00          0          0          -          0        0.0          0        0.0          -          -          0
  pseudo solution  :       0.00          0          0          -          0        0.0          0        0.0          -          -          -
  applied globally :       0.00          -          -          0        573       11.8          -          -         45          -          -
  applied locally  :          -          -          -          0          0        0.0          -          -          0          -          -
Separators         :   ExecTime  SetupTime      Calls  RootCalls    Cutoffs    DomReds  FoundCuts ViaPoolAdd  DirectAdd    Applied ViaPoolApp  DirectApp      Conss
  cut pool         :       0.06          -        102         31          -          -       2394       1475          -          -          -          -          -    (maximal pool size:       2394)
  aggregation      :       0.03       0.00         52         16          0          0          0          0          0          0          0          0          0
  > cmir           :          -          -          -          -          -          -          -          0          0          0          0          0          -
  > flowcover      :          -          -          -          -          -          -          -          0          0          0          0          0          -
  > knapsackcover  :          -          -          -          -          -          -          -          0          0          0          0          0          -
  cgmip            :       0.00       0.00          0          0          0          0          0          0          0          0          0          0          0
  clique           :       0.01       0.00         16         16          0          0          2          1          0          0          0          0          0
  closecuts        :       0.00       0.00          0          0          0          0          0          0          0          0          0          0          0
  convexproj       :       0.00       0.00          0          0          0          0          0          0          0          0          0          0          0
  disjunctive      :       0.00       0.00          0          0          0          0          0          0          0          0          0          0          0
  eccuts           :       0.00       0.00          0          0          0          0          0          0          0          0          0          0          0
  gauge            :       0.00       0.00          0          0          0          0          0          0          0          0          0          0          0
  gomory           :       0.25       0.00         46         10          0          0       2586       1408        246         45         38          7          0
  > gomorymi       :          -          -          -          -          -          -          -        435        123          5          4          1          -
  > strongcg       :          -          -          -          -          -          -          -        973        123         40         34          6          -
  impliedbounds    :       0.00       0.00         52         16          0          0          4          4          0          4          4          0          0
  interminor       :       0.00       0.00          0          0          0          0          0          0          0          0          0          0          0
  intobj           :       0.00       0.00          0          0          0          0          0          0          0          0          0          0          0
  mcf              :       0.00       0.00          1          1          0          0          0          0          0          0          0          0          0
  minor            :       0.00       0.00          0          0          0          0          0          0          0          0          0          0          0
  mixing           :       0.00       0.00          0          0          0          0          0          0          0          0          0          0          0
  oddcycle         :       0.00       0.00          0          0          0          0          0          0          0          0          0          0          0
  rapidlearning    :       1.00       0.00         32          1          0       3517          0          0          0          0          0          0        368
  rlt              :       0.00       0.00         10         10          0          0          0          0          0          0          0          0          0
  zerohalf         :       0.03       0.00         52         16          0          0         81         62         33         69         42         27          0
Cutselectors       :   ExecTime  SetupTime      Calls  RootCalls   Selected     Forced   Filtered  RootSelec   RootForc   RootFilt 
  hybrid           :       0.00       0.00         52         16        119          0       1639         34          0        892
Pricers            :   ExecTime  SetupTime      Calls       Vars
  problem variables:       0.00          -          0          0
Branching Rules    :   ExecTime  SetupTime   BranchLP  BranchExt   BranchPS    Cutoffs    DomReds       Cuts      Conss   Children
  allfullstrong    :       0.00       0.00          0          0          0          0          0          0          0          0
  cloud            :       0.00       0.00          0          0          0          0          0          0          0          0
  distribution     :       0.00       0.00          0          0          0          0          0          0          0          0
  fullstrong       :       0.00       0.00          0          0          0          0          0          0          0          0
  inference        :       0.00       0.00          0          0          0          0          0          0          0          0
  leastinf         :       0.00       0.00          0          0          0          0          0          0          0          0
  lookahead        :       0.00       0.00          0          0          0          0          0          0          0          0
  mostinf          :       0.00       0.00          0          0          0          0          0          0          0          0
  multaggr         :       0.00       0.00          0          0          0          0          0          0          0          0
  nodereopt        :       0.00       0.00          0          0          0          0          0          0          0          0
  pscost           :       0.00       0.00          0          0          0          0          0          0          0          0
  random           :       0.00       0.00          0          0          0          0          0          0          0          0
  relpscost        :       0.05       0.00        113          0          0          0          0          0          0        226
  vanillafullstrong:       0.00       0.00          0          0          0          0          0          0          0          0
Primal Heuristics  :   ExecTime  SetupTime      Calls      Found       Best
  LP solutions     :       0.00          -          -          0          0
  relax solutions  :       0.00          -          -          0          0
  pseudo solutions :       0.00          -          -          0          0
  strong branching :       0.00          -          -          0          0
  actconsdiving    :       0.00       0.00          0          0          0
  adaptivediving   :       0.01       0.00          4          0          0
  alns             :       0.00       0.00          1          0          0
  bound            :       0.00       0.00          0          0          0
  clique           :       0.00       0.00          1          0          0
  coefdiving       :       0.00       0.00          0          0          0
  completesol      :       0.00       0.00          0          0          0
  conflictdiving   :       0.00       0.00          2          0          0
  crossover        :       0.00       0.00          0          0          0
  dins             :       0.00       0.00          0          0          0
  distributiondivin:       0.01       0.00          2          0          0
  dps              :       0.00       0.00          0          0          0
  dualval          :       0.00       0.00          0          0          0
  farkasdiving     :       0.00       0.00          0          0          0
  feaspump         :       0.01       0.00          1          0          0
  fixandinfer      :       0.00       0.00          0          0          0
  fracdiving       :       0.01       0.00          2          0          0
  gins             :       0.00       0.00          0          0          0
  guideddiving     :       0.00       0.00          0          0          0
  indicator        :       0.00       0.00          0          0          0
  intdiving        :       0.00       0.00          0          0          0
  intshifting      :       0.00       0.00          0          0          0
  linesearchdiving :       0.01       0.00          2          0          0
  localbranching   :       0.00       0.00          0          0          0
  locks            :       0.00       0.00          1          0          0
  lpface           :       0.00       0.00          0          0          0
  mpec             :       0.00       0.00          0          0          0
  multistart       :       0.00       0.00          0          0          0
  mutation         :       0.00       0.00          0          0          0
  nlpdiving        :       0.00       0.00          0          0          0
  objpscostdiving  :       0.01       0.00          2          0          0
  octane           :       0.00       0.00          0          0          0
  ofins            :       0.00       0.00          0          0          0
  oneopt           :       0.00       0.00          0          0          0
  padm             :       0.00       0.00          0          0          0
  proximity        :       0.00       0.00          0          0          0
  pscostdiving     :       0.01       0.00          2          0          0
  randrounding     :       0.01       0.00         17          0          0
  rens             :       0.01       0.00          1          0          0
  reoptsols        :       0.00       0.00          0          0          0
  repair           :       0.00       0.00          0          0          0
  rins             :       0.00       0.00          0          0          0
  rootsoldiving    :       0.02       0.00          2          0          0
  rounding         :       0.01       0.00        141          0          0
  shiftandpropagate:       0.00       0.00          1          0          0
  shifting         :       0.01       0.00         64          0          0
  simplerounding   :       0.00       0.00          0          0          0
  subnlp           :       0.00       0.00          0          0          0
  trivial          :       0.00       0.00          2          0          0
  trivialnegation  :       0.00       0.00          0          0          0
  trustregion      :       0.00       0.00          0          0          0
  trysol           :       0.00       0.00          0          0          0
  twoopt           :       0.00       0.00          0          0          0
  undercover       :       0.00       0.00          0          0          0
  vbounds          :       0.00       0.00          1          0          0
  veclendiving     :       0.01       0.00          2          0          0
  zeroobj          :       0.00       0.00          0          0          0
  zirounding       :       0.00       0.00        112          0          0
  other solutions  :          -          -          -          0          -
LP                 :       Time      Calls Iterations  Iter/call   Iter/sec  Time-0-It Calls-0-It    ItLimit
  primal LP        :       0.01         18          0       0.00       0.00       0.01         18
  dual LP          :       0.31        280      11316      41.45   36047.86       0.00          7
  lex dual LP      :       0.00          0          0       0.00          -
  barrier LP       :       0.00          0          0       0.00          -       0.00          0
  resolve instable :       0.00          0          0       0.00          -
  diving/probing LP:       0.07         70       2126      30.37   32067.33
  strong branching :       0.04         10       1614     161.40   37292.91          -          -          0
    (at root node) :          -         10       1614     161.40          -
  conflict analysis:       0.00          0          0       0.00          -
B&B Tree           :
  number of runs   :          1
  nodes            :        218 (113 internal, 105 leaves)
  feasible leaves  :          0
  infeas. leaves   :        105
  objective leaves :          0
  nodes (total)    :        218 (113 internal, 105 leaves)
  nodes left       :          0
  max depth        :         16
  max depth (total):         16
  backtracks       :         89 (40.8%)
  early backtracks :          0 (0.0%)
  nodes exc. ref.  :          0 (0.0%)
  delayed cutoffs  :          9
  repropagations   :         54 (746 domain reductions, 8 cutoffs)
  avg switch length:       4.04
  switching time   :       0.03
Root Node          :
  First LP value   : +0.00000000000000e+00
  First LP Iters   :        170 (57451.84 Iter/sec)
  First LP Time    :       0.00
  Final Dual Bound : +0.00000000000000e+00
  Final Root Iters :       1428
  Root LP Estimate : +5.80717285525321e-03
Solution           :
  Solutions found  :          0 (0 improvements)
  Primal Bound     : infeasible
  Dual Bound       :          -
  Gap              :       0.00 %
Integrals          :      Total       Avg%
  primal-dual      :          -          - (problem infeasible)
  primal-ref       :          -          - (problem infeasible)
  dual-ref         :          -          - (problem infeasible)
written solution information to file <results/final_flowersnark__settings_final_moresymresack_relabel_respect__1__flowersnark13_3.cip.sol>
@04 1668037978
