FILENAME:   ../instances_new/flowersnark/flowersnark19_3.cip
SETTINGS:   settings_final_nosymretope_relabel_respect
TIMELIMIT:  7200
OUTPUTNAME: final_flowersnark__settings_final_nosymretope_relabel_respect__1__
BINNAME:    bin/sbcs.linux.x86_64.gnu.opt.cpx
BASENAME:   flowersnark19_3.cip
SEED:       1
@01 ../instances_new/flowersnark/flowersnark19_3.cip ===========
@02 flowersnark19_3.cip
@03 1667947398
SCIP version 8.0.2 [precision: 8 byte] [memory: block] [mode: optimized] [LP solver: CPLEX 20.1.0.0] [GitHash: 5f0473c]
Copyright (C) 2002-2022 Konrad-Zuse-Zentrum fuer Informationstechnik Berlin (ZIB)

Symretope propagation methods - (c) Jasper van Doornmalen, Christopher Hojny.
[GitHash: 2fd0484]

reading parameter file <../settings/settings_final_nosymretope_relabel_respect.set> ...

Changed settings:
limits/time = 7200
misc/usesymmetry = 1
randomization/randomseedshift = 1
constraints/orbisack/sepafreq = -1
constraints/symresack/sepafreq = -1
propagating/symmetry/addsymresacks = TRUE
propagating/symmetry/detectsubgroups = FALSE
propagating/symmetry/usesymretopes = FALSE
propagating/symmetry/relabelsymretopes = 3
propagating/symmetry/ofsymcomptiming = 0
constraints/symretope/sepafreq = -1
constraints/symretope/peek = FALSE


solving problem ...

original problem has 342 variables (342 bin, 0 int, 0 impl, 0 cont) and 342 constraints
presolving:
(round 1, exhaustive) 0 del vars, 0 del conss, 0 add conss, 0 chg bounds, 0 chg sides, 0 chg coeffs, 342 upgd conss, 0 impls, 342 clqs
   (0.0s) probing: 51/342 (14.9%) - 0 fixings, 0 aggregations, 0 implications, 0 bound changes
   (0.0s) probing aborted: 50/50 successive totally useless probings
   (0.0s) symmetry computation started: requiring (bin +, int +, cont +), (fixed: bin -, int -, cont -)
   (0.0s) symmetry computation finished: 5 generators found (max: 1500, log10 of symmetry group size: 2.7)
(round 2, exhaustive) 7 del vars, 0 del conss, 5 add conss, 0 chg bounds, 0 chg sides, 0 chg coeffs, 342 upgd conss, 0 impls, 339 clqs
(round 3, fast)       16 del vars, 7 del conss, 5 add conss, 0 chg bounds, 0 chg sides, 0 chg coeffs, 342 upgd conss, 0 impls, 335 clqs
(round 4, medium)     17 del vars, 7 del conss, 5 add conss, 0 chg bounds, 0 chg sides, 0 chg coeffs, 342 upgd conss, 0 impls, 335 clqs
(round 5, fast)       18 del vars, 8 del conss, 5 add conss, 0 chg bounds, 0 chg sides, 0 chg coeffs, 342 upgd conss, 0 impls, 334 clqs
   (0.0s) probing: 57/342 (16.7%) - 0 fixings, 0 aggregations, 0 implications, 0 bound changes
   (0.0s) probing aborted: 50/50 successive totally useless probings
presolving (6 rounds: 6 fast, 4 medium, 3 exhaustive):
 18 deleted vars, 8 deleted constraints, 5 added constraints, 0 tightened bounds, 0 added holes, 0 changed sides, 0 changed coefficients
 0 implications, 334 cliques
presolved problem has 329 variables (329 bin, 0 int, 0 impl, 0 cont) and 339 constraints
    334 constraints of type <setppc>
      2 constraints of type <orbisack>
      2 constraints of type <orbitope>
      1 constraints of type <symresack>
transformed objective value is always integral (scale: 1)
Presolving Time: 0.01

 time | node  | left  |LP iter|LP it/n|mem/heur|mdpt |vars |cons |rows |cuts |sepa|confs|strbr|  dualbound   | primalbound  |  gap   | compl. 
  0.0s|     1 |     0 |   243 |     - |  4634k |   0 | 329 | 392 | 335 |   0 |  0 |  52 |   0 | 0.000000e+00 |      --      |    Inf | unknown
  0.1s|     1 |     0 |   504 |     - |  5252k |   0 | 329 | 593 | 339 |   4 |  1 |  53 |   0 | 0.000000e+00 |      --      |    Inf | unknown
  0.1s|     1 |     0 |   587 |     - |  7193k |   0 | 329 | 594 | 340 |   5 |  2 |  54 |   0 | 0.000000e+00 |      --      |    Inf | unknown
  0.2s|     1 |     0 |   717 |     - |  7261k |   0 | 329 | 595 | 342 |   7 |  3 |  55 |   0 | 0.000000e+00 |      --      |    Inf | unknown
  0.2s|     1 |     0 |   848 |     - |  9488k |   0 | 329 | 597 | 344 |   9 |  4 |  57 |   0 | 0.000000e+00 |      --      |    Inf | unknown
  0.2s|     1 |     0 |   910 |     - |    11M |   0 | 329 | 599 | 345 |  10 |  5 |  59 |   0 | 0.000000e+00 |      --      |    Inf | unknown
  0.3s|     1 |     0 |  1057 |     - |    13M |   0 | 329 | 601 | 348 |  13 |  6 |  61 |   0 | 0.000000e+00 |      --      |    Inf | unknown
  0.3s|     1 |     0 |  1185 |     - |    15M |   0 | 329 | 602 | 350 |  15 |  7 |  62 |   0 | 0.000000e+00 |      --      |    Inf | unknown
  0.3s|     1 |     0 |  1253 |     - |    17M |   0 | 329 | 603 | 351 |  16 |  8 |  63 |   0 | 0.000000e+00 |      --      |    Inf | unknown
  0.4s|     1 |     0 |  1395 |     - |    19M |   0 | 329 | 604 | 354 |  19 |  9 |  64 |   0 | 0.000000e+00 |      --      |    Inf | unknown
  0.4s|     1 |     0 |  1596 |     - |    21M |   0 | 329 | 605 | 357 |  22 | 10 |  65 |   0 | 0.000000e+00 |      --      |    Inf | unknown
  0.4s|     1 |     0 |  1670 |     - |    21M |   0 | 329 | 606 | 359 |  24 | 11 |  66 |   0 | 0.000000e+00 |      --      |    Inf | unknown
  0.5s|     1 |     0 |  1823 |     - |    21M |   0 | 329 | 607 | 356 |  26 | 12 |  67 |   0 | 0.000000e+00 |      --      |    Inf | unknown
  0.6s|     1 |     2 |  2140 |     - |    21M |   0 | 329 | 613 | 356 |  26 | 12 |  73 |  10 | 0.000000e+00 |      --      |    Inf | unknown
  1.3s|   100 |    45 | 11109 |  93.8 |    22M |  15 | 329 | 866 |   0 |  69 |  0 | 326 |  10 | 0.000000e+00 |      --      |    Inf |   6.44%
 time | node  | left  |LP iter|LP it/n|mem/heur|mdpt |vars |cons |rows |cuts |sepa|confs|strbr|  dualbound   | primalbound  |  gap   | compl. 
  1.5s|   200 |    36 | 14464 |  63.5 |    23M |  17 | 329 |1190 | 342 |  78 |  0 | 652 |  10 | 0.000000e+00 |      --      |    Inf |  25.57%
  1.7s|   300 |    33 | 17938 |  53.9 |    23M |  17 | 329 |1630 | 341 |  89 |  0 |1092 |  10 | 0.000000e+00 |      --      |    Inf |  26.03%
  2.3s|   400 |    38 | 22059 |  50.7 |    25M |  18 | 329 |1938 | 342 | 120 |  1 |1406 |  10 | 0.000000e+00 |      --      |    Inf |  26.42%
  2.6s|   500 |    34 | 25994 |  48.4 |    29M |  18 | 329 |2222 | 343 | 157 |  1 |1692 |  10 | 0.000000e+00 |      --      |    Inf |  28.45%
  3.0s|   600 |    24 | 30564 |  48.0 |    26M |  18 | 329 |2538 | 344 | 201 |  0 |2009 |  10 | 0.000000e+00 |      --      |    Inf |  29.48%
  3.2s|   700 |    67 | 35469 |  48.1 |    26M |  19 | 329 |3007 | 342 | 211 |  1 |2492 |  10 | 0.000000e+00 |      --      |    Inf |  29.57%
  3.5s|   800 |    45 | 39255 |  46.8 |    26M |  19 | 329 |3343 | 342 | 211 |  1 |2842 |  10 | 0.000000e+00 |      --      |    Inf |  29.71%
  4.2s|   900 |    46 | 45377 |  48.4 |    26M |  19 | 329 |3493 |   0 | 252 |  0 |3017 |  10 | 0.000000e+00 |      --      |    Inf |  30.31%
  4.7s|  1000 |    45 | 48612 |  46.8 |    27M |  19 | 329 |3725 | 346 | 311 |  2 |3284 |  10 | 0.000000e+00 |      --      |    Inf |  31.41%
  5.0s|  1100 |    48 | 52838 |  46.4 |    28M |  19 | 329 |3899 | 343 | 372 |  0 |3605 |  10 | 0.000000e+00 |      --      |    Inf |  33.20%
  5.4s|  1200 |    41 | 57470 |  46.4 |    29M |  19 | 329 |4003 | 345 | 407 |  1 |3897 |  10 | 0.000000e+00 |      --      |    Inf |  46.47%
  5.8s|  1300 |    46 | 62593 |  46.8 |    30M |  19 | 329 |4315 | 343 | 462 |  0 |4401 |  10 | 0.000000e+00 |      --      |    Inf |  47.86%
  6.1s|  1400 |    45 | 67017 |  46.6 |    32M |  19 | 329 |4444 | 346 | 508 |  0 |4747 |  10 | 0.000000e+00 |      --      |    Inf |  48.69%
  6.6s|  1500 |    50 | 71464 |  46.5 |    32M |  19 | 329 |4447 | 341 | 517 |  0 |5047 |  10 | 0.000000e+00 |      --      |    Inf |  49.07%
  6.8s|  1600 |    52 | 74937 |  45.7 |    32M |  19 | 329 |4615 | 341 | 544 |  1 |5278 |  10 | 0.000000e+00 |      --      |    Inf |  49.66%
 time | node  | left  |LP iter|LP it/n|mem/heur|mdpt |vars |cons |rows |cuts |sepa|confs|strbr|  dualbound   | primalbound  |  gap   | compl. 
  7.0s|  1700 |    57 | 79184 |  45.5 |    32M |  19 | 329 |4794 | 342 | 565 |  0 |5525 |  10 | 0.000000e+00 |      --      |    Inf |  49.95%
  7.3s|  1800 |    49 | 83055 |  45.2 |    33M |  19 | 329 |4936 | 341 | 583 |  0 |5775 |  10 | 0.000000e+00 |      --      |    Inf |  50.45%
  7.6s|  1900 |    34 | 87173 |  44.9 |    33M |  19 | 329 |4545 | 340 | 610 |  1 |6032 |  10 | 0.000000e+00 |      --      |    Inf |  51.03%
  7.9s|  2000 |    34 | 92179 |  45.2 |    33M |  19 | 329 |4599 | 342 | 647 |  0 |6294 |  10 | 0.000000e+00 |      --      |    Inf |  51.84%
  8.1s|  2100 |    30 | 96297 |  45.0 |    33M |  19 | 329 |4663 |   0 | 656 |  0 |6516 |  10 | 0.000000e+00 |      --      |    Inf |  51.99%
  8.4s|  2200 |    44 | 99836 |  44.6 |    33M |  19 | 329 |4552 | 342 | 679 |  0 |6718 |  10 | 0.000000e+00 |      --      |    Inf |  52.18%
  8.7s|  2300 |    51 |103988 |  44.4 |    33M |  19 | 329 |4524 | 347 | 729 |  2 |7016 |  10 | 0.000000e+00 |      --      |    Inf |  53.21%
  9.2s|  2400 |    45 |109010 |  44.7 |    33M |  19 | 329 |4456 | 342 | 832 |  1 |7273 |  10 | 0.000000e+00 |      --      |    Inf |  55.38%
  9.6s|  2500 |    41 |113528 |  44.7 |    34M |  19 | 329 |4480 | 342 | 891 |  0 |7610 |  10 | 0.000000e+00 |      --      |    Inf |  69.19%
  9.9s|  2600 |    48 |118314 |  44.8 |    34M |  19 | 329 |4451 | 342 | 922 |  0 |8007 |  10 | 0.000000e+00 |      --      |    Inf |  69.36%
 10.2s|  2700 |    44 |122927 |  44.9 |    34M |  19 | 329 |4506 | 344 | 958 |  1 |8259 |  10 | 0.000000e+00 |      --      |    Inf |  69.68%
 10.4s|  2800 |    38 |126795 |  44.6 |    34M |  19 | 329 |4480 | 346 | 964 |  1 |8462 |  10 | 0.000000e+00 |      --      |    Inf |  69.99%
 10.6s|  2900 |    27 |130447 |  44.4 |    34M |  19 | 329 |4610 | 343 | 970 |  1 |8881 |  10 | 0.000000e+00 |      --      |    Inf |  70.28%
 11.0s|  3000 |    29 |134019 |  44.1 |    34M |  19 | 329 |4639 | 342 |1005 |  0 |9154 |  10 | 0.000000e+00 |      --      |    Inf |  70.64%
 11.4s|  3100 |    21 |138756 |  44.2 |    34M |  19 | 329 |4484 | 340 |1087 |  1 |9354 |  10 | 0.000000e+00 |      --      |    Inf |  72.21%
 time | node  | left  |LP iter|LP it/n|mem/heur|mdpt |vars |cons |rows |cuts |sepa|confs|strbr|  dualbound   | primalbound  |  gap   | compl. 
 11.8s|  3200 |    15 |143177 |  44.2 |    34M |  19 | 329 |4557 | 345 |1144 |  0 |9657 |  10 | 0.000000e+00 |      --      |    Inf |  73.73%
 12.7s|  3300 |    41 |150780 |  45.2 |    35M |  19 | 329 |4426 | 342 |1216 |  1 |9893 |  10 | 0.000000e+00 |      --      |    Inf |  75.10%
 13.0s|  3400 |    73 |155780 |  45.3 |    35M |  19 | 329 |4579 | 343 |1242 |  0 |  10k|  10 | 0.000000e+00 |      --      |    Inf |  75.67%
 13.7s|  3500 |   102 |161114 |  45.5 |    35M |  19 | 329 |4716 | 340 |1285 |  1 |  10k|  10 | 0.000000e+00 |      --      |    Inf |  75.94%
 14.0s|  3600 |   122 |164108 |  45.1 |    35M |  20 | 329 |4736 | 342 |1297 |  1 |  10k|  10 | 0.000000e+00 |      --      |    Inf |  76.06%
 14.3s|  3700 |   148 |167648 |  44.8 |    35M |  20 | 329 |4697 | 340 |1320 |  1 |  11k|  10 | 0.000000e+00 |      --      |    Inf |  76.19%
 14.8s|  3800 |   163 |171470 |  44.7 |    35M |  20 | 329 |4649 | 342 |1333 |  2 |  11k|  10 | 0.000000e+00 |      --      |    Inf |  76.46%
 15.2s|  3900 |   194 |175873 |  44.6 |    35M |  20 | 329 |4822 |   0 |1366 |  0 |  11k|  10 | 0.000000e+00 |      --      |    Inf |  76.74%
 15.4s|  4000 |   205 |179274 |  44.4 |    35M |  20 | 329 |4925 | 340 |1377 |  1 |  11k|  10 | 0.000000e+00 |      --      |    Inf |  76.91%
 15.7s|  4100 |   213 |182575 |  44.1 |    35M |  20 | 329 |4994 | 344 |1402 |  0 |  11k|  10 | 0.000000e+00 |      --      |    Inf |  77.11%
 15.9s|  4200 |   211 |186077 |  43.9 |    35M |  20 | 329 |4989 |   0 |1421 |  0 |  12k|  10 | 0.000000e+00 |      --      |    Inf |  77.45%
 16.1s|  4300 |   221 |188770 |  43.5 |    36M |  20 | 329 |5007 | 342 |1424 |  0 |  12k|  10 | 0.000000e+00 |      --      |    Inf |  77.58%
 16.4s|  4400 |   235 |192495 |  43.3 |    36M |  20 | 329 |5117 | 342 |1435 |  0 |  12k|  10 | 0.000000e+00 |      --      |    Inf |  77.71%
 16.6s|  4500 |   246 |195637 |  43.1 |    36M |  20 | 329 |5184 | 343 |1445 |  0 |  12k|  10 | 0.000000e+00 |      --      |    Inf |  77.83%
 16.8s|  4600 |   242 |198254 |  42.7 |    36M |  20 | 329 |5260 | 345 |1457 |  0 |  13k|  10 | 0.000000e+00 |      --      |    Inf |  78.00%
 time | node  | left  |LP iter|LP it/n|mem/heur|mdpt |vars |cons |rows |cuts |sepa|confs|strbr|  dualbound   | primalbound  |  gap   | compl. 
 17.0s|  4700 |   250 |201695 |  42.5 |    36M |  20 | 329 |5267 | 342 |1466 |  0 |  13k|  10 | 0.000000e+00 |      --      |    Inf |  78.13%
 17.2s|  4800 |   255 |204178 |  42.2 |    36M |  20 | 329 |5367 |   0 |1466 |  0 |  13k|  10 | 0.000000e+00 |      --      |    Inf |  78.24%
 17.3s|  4900 |   263 |206918 |  41.9 |    36M |  20 | 329 |5335 | 342 |1466 |  1 |  13k|  10 | 0.000000e+00 |      --      |    Inf |  78.39%
 17.5s|  5000 |   270 |209721 |  41.6 |    36M |  20 | 329 |5338 | 341 |1475 |  1 |  13k|  10 | 0.000000e+00 |      --      |    Inf |  78.49%
 17.7s|  5100 |   272 |212362 |  41.3 |    36M |  20 | 329 |5369 | 341 |1475 |  0 |  13k|  10 | 0.000000e+00 |      --      |    Inf |  78.59%
 17.9s|  5200 |   260 |214804 |  41.0 |    36M |  20 | 329 |5391 | 342 |1475 |  1 |  14k|  10 | 0.000000e+00 |      --      |    Inf |  78.76%
 18.5s|  5300 |   264 |219186 |  41.0 |    36M |  20 | 329 |5410 | 340 |1478 |  1 |  14k|  10 | 0.000000e+00 |      --      |    Inf |  78.85%
 18.8s|  5400 |   283 |222869 |  40.9 |    36M |  20 | 329 |5633 | 345 |1495 |  0 |  14k|  10 | 0.000000e+00 |      --      |    Inf |  78.95%
 19.4s|  5500 |   305 |229458 |  41.4 |    36M |  20 | 329 |5774 | 346 |1542 |  3 |  14k|  10 | 0.000000e+00 |      --      |    Inf |  79.70%
 19.7s|  5600 |   321 |234414 |  41.5 |    36M |  20 | 329 |5971 | 345 |1566 |  1 |  15k|  10 | 0.000000e+00 |      --      |    Inf |  79.96%
 19.9s|  5700 |   322 |238627 |  41.6 |    36M |  20 | 329 |6122 | 344 |1572 |  1 |  15k|  10 | 0.000000e+00 |      --      |    Inf |  80.23%
 20.1s|  5800 |   314 |241826 |  41.4 |    36M |  20 | 329 |6310 | 342 |1577 |  0 |  15k|  10 | 0.000000e+00 |      --      |    Inf |  80.54%
 20.3s|  5900 |   309 |244072 |  41.1 |    37M |  20 | 329 |6383 | 343 |1577 |  1 |  16k|  10 | 0.000000e+00 |      --      |    Inf |  80.68%
 20.5s|  6000 |   301 |247061 |  40.9 |    37M |  20 | 329 |6361 | 343 |1589 |  1 |  16k|  10 | 0.000000e+00 |      --      |    Inf |  80.90%
 20.7s|  6100 |   303 |250377 |  40.8 |    37M |  20 | 329 |6408 |   0 |1602 |  0 |  16k|  10 | 0.000000e+00 |      --      |    Inf |  81.11%
 time | node  | left  |LP iter|LP it/n|mem/heur|mdpt |vars |cons |rows |cuts |sepa|confs|strbr|  dualbound   | primalbound  |  gap   | compl. 
 20.9s|  6200 |   302 |253312 |  40.6 |    37M |  20 | 329 |6387 | 343 |1614 |  1 |  16k|  10 | 0.000000e+00 |      --      |    Inf |  81.23%
 21.1s|  6300 |   295 |255779 |  40.3 |    37M |  20 | 329 |6339 | 342 |1614 |  0 |  16k|  10 | 0.000000e+00 |      --      |    Inf |  81.41%
 21.4s|  6400 |   295 |259483 |  40.3 |    37M |  20 | 329 |6282 | 344 |1629 |  1 |  17k|  10 | 0.000000e+00 |      --      |    Inf |  81.71%
 21.6s|  6500 |   290 |263257 |  40.2 |    37M |  20 | 329 |6392 | 342 |1636 |  1 |  17k|  10 | 0.000000e+00 |      --      |    Inf |  81.95%
 21.8s|  6600 |   287 |267001 |  40.2 |    37M |  20 | 329 |6522 |   0 |1643 |  0 |  17k|  10 | 0.000000e+00 |      --      |    Inf |  82.09%
 22.0s|  6700 |   276 |269389 |  39.9 |    37M |  20 | 329 |6428 | 344 |1646 |  0 |  17k|  10 | 0.000000e+00 |      --      |    Inf |  82.36%
 22.2s|  6800 |   275 |272610 |  39.8 |    37M |  20 | 329 |6374 | 347 |1655 |  2 |  18k|  10 | 0.000000e+00 |      --      |    Inf |  82.56%
 22.4s|  6900 |   272 |275353 |  39.6 |    37M |  20 | 329 |6418 | 342 |1655 |  1 |  18k|  10 | 0.000000e+00 |      --      |    Inf |  82.74%
 22.6s|  7000 |   256 |277308 |  39.4 |    37M |  20 | 329 |6426 |   0 |1655 |  0 |  18k|  10 | 0.000000e+00 |      --      |    Inf |  83.00%
 22.8s|  7100 |   266 |281691 |  39.4 |    37M |  20 | 329 |6401 | 344 |1660 |  1 |  18k|  10 | 0.000000e+00 |      --      |    Inf |  83.12%
 23.0s|  7200 |   250 |284697 |  39.3 |    37M |  20 | 329 |6432 |   0 |1660 |  0 |  18k|  10 | 0.000000e+00 |      --      |    Inf |  83.26%
 23.3s|  7300 |   236 |288039 |  39.2 |    37M |  20 | 329 |6348 | 342 |1663 |  1 |  19k|  10 | 0.000000e+00 |      --      |    Inf |  83.54%
 23.5s|  7400 |   226 |291040 |  39.1 |    37M |  20 | 329 |6305 | 342 |1674 |  1 |  19k|  10 | 0.000000e+00 |      --      |    Inf |  83.87%
 23.8s|  7500 |   215 |293901 |  38.9 |    37M |  20 | 329 |6181 | 342 |1696 |  1 |  19k|  10 | 0.000000e+00 |      --      |    Inf |  84.99%
 24.0s|  7600 |   218 |297824 |  39.0 |    37M |  20 | 329 |6252 | 345 |1721 |  1 |  19k|  10 | 0.000000e+00 |      --      |    Inf |  85.27%
 time | node  | left  |LP iter|LP it/n|mem/heur|mdpt |vars |cons |rows |cuts |sepa|confs|strbr|  dualbound   | primalbound  |  gap   | compl. 
 24.3s|  7700 |   212 |300909 |  38.8 |    37M |  20 | 329 |6478 | 343 |1733 |  0 |  20k|  10 | 0.000000e+00 |      --      |    Inf |  85.58%
 24.4s|  7800 |   211 |303340 |  38.7 |    37M |  20 | 329 |6409 | 341 |1733 |  1 |  20k|  10 | 0.000000e+00 |      --      |    Inf |  85.76%
 24.6s|  7900 |   204 |305785 |  38.5 |    37M |  20 | 329 |6406 | 342 |1733 |  1 |  20k|  10 | 0.000000e+00 |      --      |    Inf |  85.96%
 24.9s|  8000 |   204 |309655 |  38.5 |    37M |  20 | 329 |6484 | 343 |1749 |  1 |  20k|  10 | 0.000000e+00 |      --      |    Inf |  86.10%
 25.0s|  8100 |   194 |312218 |  38.3 |    37M |  20 | 329 |6626 | 342 |1756 |  1 |  21k|  10 | 0.000000e+00 |      --      |    Inf |  86.31%
 25.3s|  8200 |   198 |315230 |  38.2 |    37M |  20 | 329 |6714 | 343 |1770 |  1 |  21k|  10 | 0.000000e+00 |      --      |    Inf |  86.45%
 25.4s|  8300 |   197 |317574 |  38.0 |    37M |  20 | 329 |6842 |   0 |1770 |  0 |  21k|  10 | 0.000000e+00 |      --      |    Inf |  86.57%
 25.6s|  8400 |   195 |320929 |  38.0 |    37M |  20 | 329 |6888 |   0 |1770 |  0 |  22k|  10 | 0.000000e+00 |      --      |    Inf |  86.62%
 25.8s|  8500 |   191 |324140 |  37.9 |    37M |  20 | 329 |6946 | 346 |1782 |  1 |  22k|  10 | 0.000000e+00 |      --      |    Inf |  86.70%
 26.0s|  8600 |   184 |326372 |  37.7 |    37M |  20 | 329 |6907 | 340 |1782 |  1 |  22k|  10 | 0.000000e+00 |      --      |    Inf |  86.87%
 26.2s|  8700 |   191 |330430 |  37.8 |    37M |  20 | 329 |6824 | 344 |1787 |  0 |  22k|  10 | 0.000000e+00 |      --      |    Inf |  86.99%
 26.4s|  8800 |   196 |334509 |  37.8 |    37M |  20 | 329 |6943 | 342 |1793 |  0 |  22k|  10 | 0.000000e+00 |      --      |    Inf |  87.18%
 26.7s|  8900 |   176 |337086 |  37.7 |    38M |  20 | 329 |6864 |   0 |1797 |  0 |  22k|  10 | 0.000000e+00 |      --      |    Inf |  87.73%
 26.8s|  9000 |   164 |339382 |  37.5 |    38M |  20 | 329 |6827 |   0 |1797 |  0 |  23k|  10 | 0.000000e+00 |      --      |    Inf |  87.93%
 27.0s|  9100 |   155 |341188 |  37.3 |    38M |  20 | 329 |6765 | 344 |1797 |  1 |  23k|  10 | 0.000000e+00 |      --      |    Inf |  88.07%
 time | node  | left  |LP iter|LP it/n|mem/heur|mdpt |vars |cons |rows |cuts |sepa|confs|strbr|  dualbound   | primalbound  |  gap   | compl. 
 27.3s|  9200 |   148 |343600 |  37.2 |    38M |  20 | 329 |6761 | 343 |1801 |  1 |  23k|  10 | 0.000000e+00 |      --      |    Inf |  88.25%
 27.5s|  9300 |   145 |346225 |  37.0 |    38M |  20 | 329 |6837 | 345 |1811 |  1 |  23k|  10 | 0.000000e+00 |      --      |    Inf |  88.33%
 27.6s|  9400 |   141 |348673 |  36.9 |    38M |  20 | 329 |6922 | 341 |1811 |  0 |  24k|  10 | 0.000000e+00 |      --      |    Inf |  88.42%
 27.9s|  9500 |   136 |352191 |  36.9 |    38M |  20 | 329 |6904 | 342 |1825 |  1 |  24k|  10 | 0.000000e+00 |      --      |    Inf |  88.63%
 28.1s|  9600 |   128 |354649 |  36.8 |    38M |  20 | 329 |6952 | 344 |1840 |  0 |  24k|  10 | 0.000000e+00 |      --      |    Inf |  88.86%
 28.4s|  9700 |   156 |359253 |  36.9 |    38M |  20 | 329 |7103 | 342 |1869 |  1 |  24k|  10 | 0.000000e+00 |      --      |    Inf |  88.92%
 28.6s|  9800 |   153 |362884 |  36.8 |    38M |  20 | 329 |7297 | 342 |1869 |  1 |  24k|  10 | 0.000000e+00 |      --      |    Inf |  88.96%
 28.7s|  9900 |   155 |366173 |  36.8 |    38M |  20 | 329 |7434 | 344 |1869 |  0 |  25k|  10 | 0.000000e+00 |      --      |    Inf |  89.00%
 28.9s| 10000 |   160 |370130 |  36.8 |    38M |  20 | 329 |7561 | 342 |1869 |  1 |  25k|  10 | 0.000000e+00 |      --      |    Inf |  89.03%
 29.1s| 10100 |   159 |373336 |  36.8 |    39M |  20 | 329 |7707 | 342 |1869 |  1 |  25k|  10 | 0.000000e+00 |      --      |    Inf |  89.09%
 29.3s| 10200 |   164 |376455 |  36.7 |    39M |  20 | 329 |7784 | 342 |1869 |  1 |  25k|  10 | 0.000000e+00 |      --      |    Inf |  89.14%
 29.5s| 10300 |   162 |379581 |  36.7 |    39M |  20 | 329 |7981 |   0 |1869 |  0 |  26k|  10 | 0.000000e+00 |      --      |    Inf |  89.19%
 29.8s| 10400 |   139 |382336 |  36.6 |    39M |  20 | 329 |8051 |   0 |1869 |  0 |  26k|  10 | 0.000000e+00 |      --      |    Inf |  89.26%
 30.1s| 10500 |   140 |386720 |  36.7 |    39M |  20 | 329 |8031 | 345 |1886 |  0 |  26k|  10 | 0.000000e+00 |      --      |    Inf |  89.46%
 30.3s| 10600 |   140 |390463 |  36.7 |    39M |  20 | 329 |8179 | 342 |1886 |  0 |  26k|  10 | 0.000000e+00 |      --      |    Inf |  89.57%
 time | node  | left  |LP iter|LP it/n|mem/heur|mdpt |vars |cons |rows |cuts |sepa|confs|strbr|  dualbound   | primalbound  |  gap   | compl. 
 30.6s| 10700 |   130 |393611 |  36.6 |    39M |  20 | 329 |8238 | 340 |1909 |  1 |  27k|  10 | 0.000000e+00 |      --      |    Inf |  89.91%
 30.8s| 10800 |   144 |396580 |  36.6 |    40M |  20 | 329 |8343 |   0 |1937 |  0 |  27k|  10 | 0.000000e+00 |      --      |    Inf |  90.43%
 31.1s| 10900 |   117 |399687 |  36.5 |    40M |  20 | 329 |8220 | 342 |1956 |  1 |  27k|  10 | 0.000000e+00 |      --      |    Inf |  90.93%
 31.4s| 11000 |   104 |402464 |  36.4 |    40M |  20 | 329 |8165 | 342 |1989 |  1 |  27k|  10 | 0.000000e+00 |      --      |    Inf |  91.41%
 31.6s| 11100 |    92 |404830 |  36.3 |    40M |  20 | 329 |8081 | 346 |1995 |  1 |  28k|  10 | 0.000000e+00 |      --      |    Inf |  91.83%
 31.7s| 11200 |    98 |407010 |  36.2 |    40M |  20 | 329 |8197 |   0 |1995 |  0 |  28k|  10 | 0.000000e+00 |      --      |    Inf |  91.91%
 32.0s| 11300 |    86 |410728 |  36.2 |    40M |  20 | 329 |8243 | 342 |2005 |  0 |  28k|  10 | 0.000000e+00 |      --      |    Inf |  92.11%
 32.2s| 11400 |    69 |413190 |  36.1 |    40M |  20 | 329 |8127 | 345 |2014 |  0 |  28k|  10 | 0.000000e+00 |      --      |    Inf |  92.44%
 32.4s| 11500 |    70 |416174 |  36.0 |    40M |  20 | 329 |8218 | 345 |2026 |  0 |  29k|  10 | 0.000000e+00 |      --      |    Inf |  92.62%
 32.7s| 11600 |    80 |420327 |  36.1 |    40M |  20 | 329 |8236 | 340 |2042 |  1 |  29k|  10 | 0.000000e+00 |      --      |    Inf |  92.90%
 32.9s| 11700 |    85 |423897 |  36.1 |    40M |  20 | 329 |8354 | 342 |2057 |  0 |  29k|  10 | 0.000000e+00 |      --      |    Inf |  93.30%
 33.2s| 11800 |    82 |427846 |  36.1 |    41M |  20 | 329 |8604 | 344 |2093 |  1 |  29k|  10 | 0.000000e+00 |      --      |    Inf |  93.79%
 33.5s| 11900 |    62 |431030 |  36.1 |    41M |  20 | 329 |8615 |   0 |2106 |  0 |  30k|  10 | 0.000000e+00 |      --      |    Inf |  94.26%
 33.8s| 12000 |    61 |433671 |  36.0 |    41M |  20 | 329 |8805 | 345 |2127 |  1 |  30k|  10 | 0.000000e+00 |      --      |    Inf |  94.52%
 34.0s| 12100 |    56 |435670 |  35.9 |    41M |  20 | 329 |8844 |   0 |2134 |  0 |  30k|  10 | 0.000000e+00 |      --      |    Inf |  94.69%
 time | node  | left  |LP iter|LP it/n|mem/heur|mdpt |vars |cons |rows |cuts |sepa|confs|strbr|  dualbound   | primalbound  |  gap   | compl. 
 34.3s| 12200 |    51 |439813 |  35.9 |    41M |  20 | 329 |8707 | 346 |2156 |  0 |  30k|  10 | 0.000000e+00 |      --      |    Inf |  95.02%
 34.5s| 12300 |    46 |443223 |  35.9 |    41M |  20 | 329 |8790 | 343 |2162 |  1 |  31k|  10 | 0.000000e+00 |      --      |    Inf |  95.15%
 34.6s| 12400 |    44 |445613 |  35.8 |    41M |  20 | 329 |8818 |   0 |2162 |  0 |  31k|  10 | 0.000000e+00 |      --      |    Inf |  95.31%
 35.2s| 12500 |    50 |449210 |  35.8 |    41M |  20 | 329 |8778 | 344 |2201 |  2 |  31k|  10 | 0.000000e+00 |      --      |    Inf |  95.98%
 35.5s| 12600 |    45 |452002 |  35.7 |    41M |  20 | 329 |8944 | 342 |2238 |  1 |  31k|  10 | 0.000000e+00 |      --      |    Inf |  97.07%
 35.8s| 12700 |    39 |455268 |  35.7 |    41M |  20 | 329 |9128 | 342 |2280 |  1 |  32k|  10 | 0.000000e+00 |      --      |    Inf |  98.22%
 36.1s| 12800 |    18 |458278 |  35.7 |    41M |  20 | 329 |9094 | 342 |2297 |  1 |  32k|  10 | 0.000000e+00 |      --      |    Inf |  99.16%
 36.4s| 12900 |    10 |460907 |  35.6 |    42M |  20 | 329 |9063 | 342 |2305 |  0 |  32k|  10 | 0.000000e+00 |      --      |    Inf |  99.59%
 36.7s| 13000 |     7 |464897 |  35.6 |    42M |  20 | 329 |9090 | 344 |2336 |  0 |  32k|  10 | 0.000000e+00 |      --      |    Inf |  99.80%

SCIP Status        : problem is solved [infeasible]
Solving Time (sec) : 36.79
Solving Nodes      : 13048
Primal Bound       : +1.00000000000000e+20 (0 solutions)
Dual Bound         : +1.00000000000000e+20
Gap                : 0.00 %
SCIP Status        : problem is solved [infeasible]
Total Time         :      36.80
  solving          :      36.79
  presolving       :       0.01 (included in solving)
  reading          :       0.00
  copying          :       0.43 (27 #copies) (minimal 0.00, maximal 0.03, average 0.02)
Original Problem   :
  Problem name     : model
  Variables        : 342 (342 binary, 0 integer, 0 implicit integer, 0 continuous)
  Constraints      : 342 initial, 342 maximal
  Objective        : minimize, 0 non-zeros (abs.min = 1e+20, abs.max = -1e+20)
Presolved Problem  :
  Problem name     : t_model
  Variables        : 329 (329 binary, 0 integer, 0 implicit integer, 0 continuous)
  Constraints      : 339 initial, 9223 maximal
  Objective        : minimize, 0 non-zeros (abs.min = 1e+20, abs.max = -1e+20)
  Nonzeros         : 2348 constraint, 1019 clique table
Presolvers         :   ExecTime  SetupTime  Calls  FixedVars   AggrVars   ChgTypes  ChgBounds   AddHoles    DelCons    AddCons   ChgSides   ChgCoefs
  boundshift       :       0.00       0.00      0          0          0          0          0          0          0          0          0          0
  convertinttobin  :       0.00       0.00      0          0          0          0          0          0          0          0          0          0
  domcol           :       0.00       0.00      2          0          0          0          0          0          0          0          0          0
  dualagg          :       0.00       0.00      0          0          0          0          0          0          0          0          0          0
  dualcomp         :       0.00       0.00      0          0          0          0          0          0          0          0          0          0
  dualinfer        :       0.00       0.00      0          0          0          0          0          0          0          0          0          0
  dualsparsify     :       0.00       0.00      1          0          0          0          0          0          0          0          0          0
  gateextraction   :       0.00       0.00      0          0          0          0          0          0          0          0          0          0
  implics          :       0.00       0.00      4          0          0          0          0          0          0          0          0          0
  inttobinary      :       0.00       0.00      0          0          0          0          0          0          0          0          0          0
  qpkktref         :       0.00       0.00      0          0          0          0          0          0          0          0          0          0
  redvub           :       0.00       0.00      0          0          0          0          0          0          0          0          0          0
  sparsify         :       0.00       0.00      1          0          0          0          0          0          0          0          0          0
  stuffing         :       0.00       0.00      0          0          0          0          0          0          0          0          0          0
  trivial          :       0.00       0.00      6          5          0          0          0          0          0          0          0          0
  tworowbnd        :       0.00       0.00      0          0          0          0          0          0          0          0          0          0
  dualfix          :       0.00       0.00      6          0          0          0          0          0          0          0          0          0
  genvbounds       :       0.00       0.00      0          0          0          0          0          0          0          0          0          0
  probing          :       0.00       0.00      2          0          0          0          0          0          0          0          0          0
  pseudoobj        :       0.00       0.00      0          0          0          0          0          0          0          0          0          0
  symmetry         :       0.00       0.00      1          2          0          0          0          0          0          5          0          0
  vbounds          :       0.00       0.00      1          0          0          0          0          0          0          0          0          0
  knapsack         :       0.00       0.00      0          0          0          0          0          0          0          0          0          0
  setppc           :       0.00       0.00     10          0          5          0          0          0          8          0          0          0
  linear           :       0.00       0.00      2          0          0          0          0          0          0          0          0          0
  orbisack         :       0.00       0.00      1          0          0          0          0          0          0          0          0          0
  orbitope         :       0.00       0.00      2          1          0          0          0          0          0          0          0          0
  symresack        :       0.00       0.00      1          0          0          0          0          0          0          0          0          0
  logicor          :       0.00       0.00      0          0          0          0          0          0          0          0          0          0
  benders          :       0.00       0.00      0          0          0          0          0          0          0          0          0          0
  components       :       0.00       0.00      1          0          0          0          0          0          0          0          0          0
  root node        :          -          -      -          2          -          -          2          -          -          -          -          -
Constraints        :     Number  MaxNumber  #Separate #Propagate    #EnfoLP    #EnfoRelax  #EnfoPS    #Check   #ResProp    Cutoffs    DomReds       Cuts    Applied      Conss   Children
  benderslp        :          0          0          0          0       7451          0          0         16          0          0          0          0          0          0          0
  integral         :          0          0          0          0       7451          0          0         16          0          0          0          0          0          0      14902
  knapsack         :          0+        83          0     115176          0          0          0          0      28571        697      36939          0          0          0          0
  setppc           :        334+       355         12     115748          0          0          0         12     463323       3020     309983          1          0          0          0
  linear           :          0+       226         12     112258          0          0          0          0      12770        257      11885          0          0          0          0
  orbisack         :          2          2          0        273          0          0          0          0        532         28        242          0          0          0          0
  orbitope         :          2          2          0     112343          0          0          0          0       1119          1        325          0          0          0          0
  symresack        :          1          1          0      24087          0          0          0          0        142         25         19          0          0          0          0
  logicor          :          0+      8815         12      80925          0          0          0          0     104929       1334      73492          2          1          0          0
  benders          :          0          0          0          0          0          0          0          0          0          0          0          0          0          0          0
  countsols        :          0          0          0          0          0          0          0          0          0          0          0          0          0          0          0
  components       :          0          0          0          0          0          0          0          0          0          0          0          0          0          0          0
Constraint Timings :  TotalTime  SetupTime   Separate  Propagate     EnfoLP     EnfoPS     EnfoRelax   Check    ResProp    SB-Prop
  benderslp        :       0.00       0.00       0.00       0.00       0.00       0.00       0.00       0.00       0.00       0.00
  integral         :       0.33       0.00       0.00       0.00       0.33       0.00       0.00       0.00       0.00       0.00
  knapsack         :       0.53       0.00       0.00       0.48       0.00       0.00       0.00       0.00       0.05       0.00
  setppc           :       1.76       0.00       0.00       1.60       0.00       0.00       0.00       0.00       0.16       0.00
  linear           :       0.22       0.00       0.00       0.20       0.00       0.00       0.00       0.00       0.02       0.00
  orbisack         :       0.01       0.00       0.00       0.01       0.00       0.00       0.00       0.00       0.00       0.00
  orbitope         :       0.31       0.00       0.00       0.30       0.00       0.00       0.00       0.00       0.01       0.00
  symresack        :       0.01       0.00       0.00       0.01       0.00       0.00       0.00       0.00       0.00       0.00
  logicor          :       2.76       0.00       0.00       2.68       0.00       0.00       0.00       0.00       0.09       0.00
  benders          :       0.00       0.00       0.00       0.00       0.00       0.00       0.00       0.00       0.00       0.00
  countsols        :       0.00       0.00       0.00       0.00       0.00       0.00       0.00       0.00       0.00       0.00
  components       :       0.00       0.00       0.00       0.00       0.00       0.00       0.00       0.00       0.00       0.00
Propagators        : #Propagate   #ResProp    Cutoffs    DomReds
  dualfix          :          1          0          0          0
  genvbounds       :          0          0          0          0
  nlobbt           :          0          0          0          0
  obbt             :          0          0          0          0
  probing          :          0          0          0          0
  pseudoobj        :          0          0          0          0
  redcost          :          0          0          0          0
  rootredcost      :          0          0          0          0
  symmetry         :          0          0          0          0
  vbounds          :      91524          0          0          0
Propagator Timings :  TotalTime  SetupTime   Presolve  Propagate    ResProp    SB-Prop
  dualfix          :       0.00       0.00       0.00       0.00       0.00       0.00
  genvbounds       :       0.01       0.00       0.00       0.01       0.00       0.00
  nlobbt           :       0.00       0.00       0.00       0.00       0.00       0.00
  obbt             :       0.00       0.00       0.00       0.00       0.00       0.00
  probing          :       0.00       0.00       0.00       0.00       0.00       0.00
  pseudoobj        :       0.01       0.00       0.00       0.01       0.00       0.00
  redcost          :       0.01       0.00       0.00       0.01       0.00       0.00
  rootredcost      :       0.01       0.00       0.00       0.01       0.00       0.00
  symmetry         :       0.01       0.00       0.00       0.01       0.00       0.00
  vbounds          :       0.19       0.00       0.00       0.19       0.00       0.00
Orbital fixing     :
  vars fixed to 0  :          0
  vars fixed to 1  :          0
Conflict Analysis  :       Time      Calls    Success    DomReds  Conflicts   Literals    Reconvs ReconvLits   Dualrays   Nonzeros   LP Iters   (pool size: [10000,10000])
  propagation      :       0.43       5210       4608          -      33885       26.4        427       13.2          -          -          -
  infeasible LP    :       0.95       3531       3100          -      27098       24.8        168       11.1       1315       33.5          0
  bound exceed. LP :       0.00          0          0          -          0        0.0          0        0.0          0        0.0          0
  strong branching :       0.00          0          0          -          0        0.0          0        0.0          -          -          0
  pseudo solution  :       0.00          0          0          -          0        0.0          0        0.0          -          -          -
  applied globally :       0.18          -          -          0      31596       19.4          -          -       1199          -          -
  applied locally  :          -          -          -          0        113       36.6          -          -        116          -          -
Separators         :   ExecTime  SetupTime      Calls  RootCalls    Cutoffs    DomReds  FoundCuts ViaPoolAdd  DirectAdd    Applied ViaPoolApp  DirectApp      Conss
  cut pool         :       1.87          -       1903         23          -          -      28901      10236          -          -          -          -          -    (maximal pool size:       2775)
  aggregation      :       0.70       0.00       1016         12          0          0          1          0          0          0          0          0          0
  > cmir           :          -          -          -          -          -          -          -          0          0          0          0          0          -
  > flowcover      :          -          -          -          -          -          -          -          0          0          0          0          0          -
  > knapsackcover  :          -          -          -          -          -          -          -          0          0          0          0          0          -
  cgmip            :       0.00       0.00          0          0          0          0          0          0          0          0          0          0          0
  clique           :       0.01       0.00         12         12          0          0          0          0          0          0          0          0          0
  closecuts        :       0.00       0.00          0          0          0          0          0          0          0          0          0          0          0
  convexproj       :       0.00       0.00          0          0          0          0          0          0          0          0          0          0          0
  disjunctive      :       0.00       0.00          0          0          0          0          0          0          0          0          0          0          0
  eccuts           :       0.00       0.00          0          0          0          0          0          0          0          0          0          0          0
  gauge            :       0.00       0.00          0          0          0          0          0          0          0          0          0          0          0
  gomory           :       3.35       0.00       1014         10          0          0      40938       9756      12288       1291        977        314          0
  > gomorymi       :          -          -          -          -          -          -          -       1631       6144        261         81        180          -
  > strongcg       :          -          -          -          -          -          -          -       8125       6144       1030        896        134          -
  impliedbounds    :       0.02       0.00       1016         12          0          0          1          1          0          1          1          0          0
  interminor       :       0.00       0.00          0          0          0          0          0          0          0          0          0          0          0
  intobj           :       0.00       0.00          0          0          0          0          0          0          0          0          0          0          0
  mcf              :       0.00       0.00          1          1          0          0          0          0          0          0          0          0          0
  minor            :       0.00       0.00          0          0          0          0          0          0          0          0          0          0          0
  mixing           :       0.00       0.00          0          0          0          0          0          0          0          0          0          0          0
  oddcycle         :       0.00       0.00          0          0          0          0          0          0          0          0          0          0          0
  rapidlearning    :       3.41       0.00         26          1          0        903          0          0          0          0          0          0        360
  rlt              :       0.00       0.00         10         10          0          0          0          0          0          0          0          0          0
  zerohalf         :       0.50       0.00       1016         12          0          0       1365        479       1116       1043        278        765          0
Cutselectors       :   ExecTime  SetupTime      Calls  RootCalls   Selected     Forced   Filtered  RootSelec   RootForc   RootFilt 
  hybrid           :       0.03       0.00       1000         12       2336          0      21273         26          0        858
Pricers            :   ExecTime  SetupTime      Calls       Vars
  problem variables:       0.00          -          0          0
Branching Rules    :   ExecTime  SetupTime   BranchLP  BranchExt   BranchPS    Cutoffs    DomReds       Cuts      Conss   Children
  allfullstrong    :       0.00       0.00          0          0          0          0          0          0          0          0
  cloud            :       0.00       0.00          0          0          0          0          0          0          0          0
  distribution     :       0.00       0.00          0          0          0          0          0          0          0          0
  fullstrong       :       0.00       0.00          0          0          0          0          0          0          0          0
  inference        :       0.00       0.00          0          0          0          0          0          0          0          0
  leastinf         :       0.00       0.00          0          0          0          0          0          0          0          0
  lookahead        :       0.00       0.00          0          0          0          0          0          0          0          0
  mostinf          :       0.00       0.00          0          0          0          0          0          0          0          0
  multaggr         :       0.00       0.00          0          0          0          0          0          0          0          0
  nodereopt        :       0.00       0.00          0          0          0          0          0          0          0          0
  pscost           :       0.00       0.00          0          0          0          0          0          0          0          0
  random           :       0.00       0.00          0          0          0          0          0          0          0          0
  relpscost        :       0.32       0.00       7451          0          0          0          0          0          0      14902
  vanillafullstrong:       0.00       0.00          0          0          0          0          0          0          0          0
Primal Heuristics  :   ExecTime  SetupTime      Calls      Found       Best
  LP solutions     :       0.00          -          -          0          0
  relax solutions  :       0.00          -          -          0          0
  pseudo solutions :       0.00          -          -          0          0
  strong branching :       0.00          -          -          0          0
  actconsdiving    :       0.00       0.00          0          0          0
  adaptivediving   :       0.23       0.00         83          0          0
  alns             :       0.01       0.00          5          0          0
  bound            :       0.00       0.00          0          0          0
  clique           :       0.00       0.00          1          0          0
  coefdiving       :       0.00       0.00          0          0          0
  completesol      :       0.00       0.00          0          0          0
  conflictdiving   :       0.18       0.00        102          0          0
  crossover        :       0.00       0.00          0          0          0
  dins             :       0.00       0.00          0          0          0
  distributiondivin:       0.36       0.00        102          0          0
  dps              :       0.00       0.00          0          0          0
  dualval          :       0.00       0.00          0          0          0
  farkasdiving     :       0.00       0.00          0          0          0
  feaspump         :       0.17       0.00         17          0          0
  fixandinfer      :       0.00       0.00          0          0          0
  fracdiving       :       0.16       0.00        102          0          0
  gins             :       0.00       0.00          0          0          0
  guideddiving     :       0.00       0.00          0          0          0
  indicator        :       0.00       0.00          0          0          0
  intdiving        :       0.00       0.00          0          0          0
  intshifting      :       0.00       0.00          0          0          0
  linesearchdiving :       0.24       0.00        102          0          0
  localbranching   :       0.00       0.00          0          0          0
  locks            :       0.00       0.00          1          0          0
  lpface           :       0.02       0.00          0          0          0
  mpec             :       0.00       0.00          0          0          0
  multistart       :       0.00       0.00          0          0          0
  mutation         :       0.00       0.00          0          0          0
  nlpdiving        :       0.00       0.00          0          0          0
  objpscostdiving  :       0.22       0.00          5          0          0
  octane           :       0.00       0.00          0          0          0
  ofins            :       0.00       0.00          0          0          0
  oneopt           :       0.00       0.00          0          0          0
  padm             :       0.00       0.00          0          0          0
  proximity        :       0.00       0.00          0          0          0
  pscostdiving     :       0.15       0.00        102          0          0
  randrounding     :       0.01       0.00         22          0          0
  rens             :       0.00       0.00          0          0          0
  reoptsols        :       0.00       0.00          0          0          0
  repair           :       0.00       0.00          0          0          0
  rins             :       0.00       0.00          0          0          0
  rootsoldiving    :       0.18       0.00         14          0          0
  rounding         :       0.05       0.00       1248          0          0
  shiftandpropagate:       0.00       0.00          1          0          0
  shifting         :       0.04       0.00        505          0          0
  simplerounding   :       0.00       0.00          0          0          0
  subnlp           :       0.00       0.00          0          0          0
  trivial          :       0.00       0.00          2          0          0
  trivialnegation  :       0.00       0.00          0          0          0
  trustregion      :       0.00       0.00          0          0          0
  trysol           :       0.00       0.00          0          0          0
  twoopt           :       0.00       0.00          0          0          0
  undercover       :       0.00       0.00          0          0          0
  vbounds          :       0.00       0.00          1          0          0
  veclendiving     :       0.16       0.00        102          0          0
  zeroobj          :       0.00       0.00          0          0          0
  zirounding       :       0.01       0.00       1000          0          0
  other solutions  :          -          -          -          0          -
LP                 :       Time      Calls Iterations  Iter/call   Iter/sec  Time-0-It Calls-0-It    ItLimit
  primal LP        :       0.48        479          0       0.00       0.00       0.48        479
  dual LP          :      12.87      11830     441627      37.67   34306.20       0.04        105
  lex dual LP      :       0.00          0          0       0.00          -
  barrier LP       :       0.00          0          0       0.00          -       0.00          0
  resolve instable :       0.00          0          0       0.00          -
  diving/probing LP:       0.87        760      24828      32.67   28479.04
  strong branching :       0.12         10       3563     356.30   30689.85          -          -          0
    (at root node) :          -         10       3563     356.30          -
  conflict analysis:       0.00          0          0       0.00          -
B&B Tree           :
  number of runs   :          1
  nodes            :      13048 (7451 internal, 5597 leaves)
  feasible leaves  :          0
  infeas. leaves   :       5597
  objective leaves :          0
  nodes (total)    :      13048 (7451 internal, 5597 leaves)
  nodes left       :          0
  max depth        :         20
  max depth (total):         20
  backtracks       :       4490 (34.4%)
  early backtracks :          0 (0.0%)
  nodes exc. ref.  :          0 (0.0%)
  delayed cutoffs  :       1855
  repropagations   :       8149 (144298 domain reductions, 1657 cutoffs)
  avg switch length:       4.25
  switching time   :       3.06
Root Node          :
  First LP value   : +0.00000000000000e+00
  First LP Iters   :        243 (50154.80 Iter/sec)
  First LP Time    :       0.00
  Final Dual Bound : +0.00000000000000e+00
  Final Root Iters :       1823
  Root LP Estimate : +1.05593390203693e-02
Solution           :
  Solutions found  :          0 (0 improvements)
  Primal Bound     : infeasible
  Dual Bound       :          -
  Gap              :       0.00 %
Integrals          :      Total       Avg%
  primal-dual      :          -          - (problem infeasible)
  primal-ref       :          -          - (problem infeasible)
  dual-ref         :          -          - (problem infeasible)
written solution information to file <results/final_flowersnark__settings_final_nosymretope_relabel_respect__1__flowersnark19_3.cip.sol>
@04 1667947435
