FILENAME:   ../instances_new/flowersnark/flowersnark19_3.cip
SETTINGS:   settings_final_peek_norelabel
TIMELIMIT:  7200
OUTPUTNAME: final_flowersnark__settings_final_peek_norelabel__1__
BINNAME:    bin/sbcs.linux.x86_64.gnu.opt.cpx
BASENAME:   flowersnark19_3.cip
SEED:       1
@01 ../instances_new/flowersnark/flowersnark19_3.cip ===========
@02 flowersnark19_3.cip
@03 1667946801
SCIP version 8.0.2 [precision: 8 byte] [memory: block] [mode: optimized] [LP solver: CPLEX 20.1.0.0] [GitHash: 5f0473c]
Copyright (C) 2002-2022 Konrad-Zuse-Zentrum fuer Informationstechnik Berlin (ZIB)

Symretope propagation methods - (c) Jasper van Doornmalen, Christopher Hojny.
[GitHash: 2fd0484]

reading parameter file <../settings/settings_final_peek_norelabel.set> ...

Changed settings:
limits/time = 7200
misc/usesymmetry = 1
randomization/randomseedshift = 1
constraints/orbisack/sepafreq = -1
constraints/symresack/sepafreq = -1
propagating/symmetry/addsymresacks = TRUE
propagating/symmetry/detectsubgroups = FALSE
propagating/symmetry/relabelsymretopes = 0
propagating/symmetry/ofsymcomptiming = 0
constraints/symretope/sepafreq = -1


solving problem ...

original problem has 342 variables (342 bin, 0 int, 0 impl, 0 cont) and 342 constraints
presolving:
(round 1, exhaustive) 0 del vars, 0 del conss, 0 add conss, 0 chg bounds, 0 chg sides, 0 chg coeffs, 342 upgd conss, 0 impls, 342 clqs
   (0.0s) probing: 51/342 (14.9%) - 0 fixings, 0 aggregations, 0 implications, 0 bound changes
   (0.0s) probing aborted: 50/50 successive totally useless probings
   (0.0s) symmetry computation started: requiring (bin +, int +, cont +), (fixed: bin -, int -, cont -)
   (0.0s) symmetry computation finished: 5 generators found (max: 1500, log10 of symmetry group size: 2.7)
(round 2, exhaustive) 7 del vars, 0 del conss, 5 add conss, 0 chg bounds, 0 chg sides, 0 chg coeffs, 342 upgd conss, 0 impls, 339 clqs
(round 3, fast)       16 del vars, 7 del conss, 5 add conss, 0 chg bounds, 0 chg sides, 0 chg coeffs, 342 upgd conss, 0 impls, 335 clqs
(round 4, medium)     22 del vars, 7 del conss, 5 add conss, 0 chg bounds, 0 chg sides, 0 chg coeffs, 342 upgd conss, 0 impls, 331 clqs
(round 5, fast)       31 del vars, 15 del conss, 5 add conss, 0 chg bounds, 0 chg sides, 0 chg coeffs, 342 upgd conss, 0 impls, 327 clqs
   (0.0s) probing: 57/342 (16.7%) - 0 fixings, 0 aggregations, 0 implications, 0 bound changes
   (0.0s) probing aborted: 50/50 successive totally useless probings
presolving (6 rounds: 6 fast, 4 medium, 3 exhaustive):
 31 deleted vars, 15 deleted constraints, 5 added constraints, 0 tightened bounds, 0 added holes, 0 changed sides, 0 changed coefficients
 0 implications, 327 cliques
presolved problem has 321 variables (321 bin, 0 int, 0 impl, 0 cont) and 332 constraints
    327 constraints of type <setppc>
      2 constraints of type <orbisack>
      2 constraints of type <orbitope>
      1 constraints of type <symretope>
transformed objective value is always integral (scale: 1)
Presolving Time: 0.01

 time | node  | left  |LP iter|LP it/n|mem/heur|mdpt |vars |cons |rows |cuts |sepa|confs|strbr|  dualbound   | primalbound  |  gap   | compl. 
  0.0s|     1 |     0 |   104 |     - |  5561k |   0 | 321 | 356 | 327 |   0 |  0 |  24 |   0 | 0.000000e+00 |      --      |    Inf | unknown
  0.1s|     1 |     0 |   888 |     - |  5900k |   0 | 321 | 557 | 329 |   2 |  1 |  25 |   0 | 0.000000e+00 |      --      |    Inf | unknown
  0.1s|     1 |     0 |   979 |     - |  6549k |   0 | 321 | 558 | 333 |   6 |  2 |  26 |   0 | 0.000000e+00 |      --      |    Inf | unknown
  0.1s|     1 |     0 |  1068 |     - |  7268k |   0 | 321 | 560 | 335 |   8 |  3 |  28 |   0 | 0.000000e+00 |      --      |    Inf | unknown
  0.2s|     1 |     0 |  1184 |     - |  8707k |   0 | 321 | 561 | 338 |  11 |  4 |  29 |   0 | 0.000000e+00 |      --      |    Inf | unknown
  0.2s|     1 |     0 |  1276 |     - |  9784k |   0 | 321 | 563 | 341 |  14 |  5 |  31 |   0 | 0.000000e+00 |      --      |    Inf | unknown
  0.2s|     1 |     0 |  1365 |     - |    12M |   0 | 321 | 565 | 344 |  17 |  6 |  33 |   0 | 0.000000e+00 |      --      |    Inf | unknown
  0.3s|     1 |     0 |  1457 |     - |    14M |   0 | 321 | 567 | 347 |  20 |  7 |  35 |   0 | 0.000000e+00 |      --      |    Inf | unknown
  0.3s|     1 |     0 |  1586 |     - |    17M |   0 | 321 | 568 | 351 |  24 |  8 |  36 |   0 | 0.000000e+00 |      --      |    Inf | unknown
  0.3s|     1 |     0 |  1669 |     - |    17M |   0 | 321 | 574 | 353 |  26 |  9 |  42 |   0 | 0.000000e+00 |      --      |    Inf | unknown
  0.4s|     1 |     0 |  1790 |     - |    21M |   0 | 321 | 579 | 355 |  28 | 10 |  47 |   0 | 0.000000e+00 |      --      |    Inf | unknown
  0.4s|     1 |     0 |  1853 |     - |    21M |   0 | 321 | 580 | 357 |  30 | 11 |  48 |   0 | 0.000000e+00 |      --      |    Inf | unknown
  0.5s|     1 |     2 |  1853 |     - |    21M |   0 | 321 | 586 | 357 |  30 | 11 |  54 |  10 | 0.000000e+00 |      --      |    Inf | unknown
  1.3s|   100 |    30 | 10339 |  85.7 |    23M |  16 | 321 | 814 | 342 |  55 |  1 | 283 |  10 | 0.000000e+00 |      --      |    Inf |   0.92%
  1.6s|   200 |    30 | 14733 |  64.7 |    24M |  17 | 321 |1013 | 340 |  55 |  1 | 482 |  10 | 0.000000e+00 |      --      |    Inf |   1.07%
 time | node  | left  |LP iter|LP it/n|mem/heur|mdpt |vars |cons |rows |cuts |sepa|confs|strbr|  dualbound   | primalbound  |  gap   | compl. 
  1.9s|   300 |    34 | 20058 |  60.9 |    24M |  17 | 321 |1191 |   0 |  55 |  0 | 660 |  10 | 0.000000e+00 |      --      |    Inf |   1.32%
  2.8s|   400 |    39 | 26659 |  62.2 |    25M |  18 | 321 |1450 | 338 |  98 |  1 | 921 |  10 | 0.000000e+00 |      --      |    Inf |   5.37%
  3.3s|   500 |   106 | 33277 |  63.0 |    30M |  18 | 321 |2079 | 340 | 154 |  1 |1561 |  10 | 0.000000e+00 |      --      |    Inf |   5.79%
  3.5s|   600 |   101 | 37285 |  59.2 |    32M |  18 | 321 |2373 | 340 | 174 |  1 |1872 |  10 | 0.000000e+00 |      --      |    Inf |   6.51%
  3.8s|   700 |    68 | 41349 |  56.5 |    32M |  18 | 321 |2613 | 341 | 198 |  0 |2128 |  10 | 0.000000e+00 |      --      |    Inf |   7.34%
  4.2s|   800 |    90 | 46757 |  56.2 |    32M |  18 | 321 |2864 | 340 | 234 |  1 |2454 |  10 | 0.000000e+00 |      --      |    Inf |   7.98%
  4.6s|   900 |    95 | 52694 |  56.6 |    32M |  19 | 321 |3134 | 340 | 255 |  1 |2795 |  10 | 0.000000e+00 |      --      |    Inf |   8.37%
  4.8s|  1000 |    81 | 56774 |  55.0 |    32M |  19 | 321 |3204 | 339 | 255 |  0 |2964 |  10 | 0.000000e+00 |      --      |    Inf |   8.72%
  5.2s|  1100 |   110 | 62475 |  55.2 |    33M |  19 | 321 |3263 | 339 | 317 |  1 |3374 |  10 | 0.000000e+00 |      --      |    Inf |  10.16%
  5.5s|  1200 |    88 | 65261 |  52.9 |    34M |  19 | 321 |3306 | 346 | 344 |  2 |3607 |  10 | 0.000000e+00 |      --      |    Inf |  11.00%
  5.8s|  1300 |   107 | 69600 |  52.2 |    34M |  19 | 321 |3153 | 342 | 382 |  0 |3987 |  10 | 0.000000e+00 |      --      |    Inf |  12.73%
  6.1s|  1400 |   156 | 76637 |  53.5 |    34M |  20 | 321 |3547 | 342 | 382 |  0 |4493 |  10 | 0.000000e+00 |      --      |    Inf |  12.77%
Restart triggered after 50 consecutive estimations that the remaining tree will be large
(run 1, node 1425) performing user restart

(restart) converted 11 cuts from the global cut pool into linear constraints

presolving:
(round 1, fast)       0 del vars, 209 del conss, 0 add conss, 0 chg bounds, 0 chg sides, 0 chg coeffs, 0 upgd conss, 0 impls, 336 clqs
(round 2, medium)     4 del vars, 209 del conss, 0 add conss, 0 chg bounds, 0 chg sides, 0 chg coeffs, 0 upgd conss, 0 impls, 329 clqs
(round 3, fast)       4 del vars, 219 del conss, 0 add conss, 0 chg bounds, 0 chg sides, 0 chg coeffs, 0 upgd conss, 0 impls, 329 clqs
(round 4, exhaustive) 4 del vars, 239 del conss, 10 add conss, 0 chg bounds, 0 chg sides, 0 chg coeffs, 0 upgd conss, 0 impls, 329 clqs
(round 5, exhaustive) 4 del vars, 246 del conss, 10 add conss, 0 chg bounds, 6 chg sides, 0 chg coeffs, 0 upgd conss, 0 impls, 329 clqs
(round 6, exhaustive) 4 del vars, 246 del conss, 10 add conss, 0 chg bounds, 6 chg sides, 0 chg coeffs, 203 upgd conss, 0 impls, 329 clqs
(round 7, exhaustive) 4 del vars, 253 del conss, 13 add conss, 0 chg bounds, 6 chg sides, 0 chg coeffs, 203 upgd conss, 0 impls, 329 clqs
(round 8, exhaustive) 4 del vars, 671 del conss, 13 add conss, 0 chg bounds, 6 chg sides, 384 chg coeffs, 203 upgd conss, 0 impls, 329 clqs
(round 9, exhaustive) 4 del vars, 682 del conss, 13 add conss, 0 chg bounds, 6 chg sides, 384 chg coeffs, 203 upgd conss, 0 impls, 329 clqs
(round 10, exhaustive) 4 del vars, 682 del conss, 13 add conss, 0 chg bounds, 6 chg sides, 921 chg coeffs, 203 upgd conss, 0 impls, 329 clqs
(round 11, exhaustive) 4 del vars, 712 del conss, 13 add conss, 0 chg bounds, 6 chg sides, 929 chg coeffs, 203 upgd conss, 0 impls, 329 clqs
presolving (12 rounds: 12 fast, 10 medium, 9 exhaustive):
 4 deleted vars, 712 deleted constraints, 13 added constraints, 0 tightened bounds, 0 added holes, 6 changed sides, 929 changed coefficients
 0 implications, 329 cliques
presolved problem has 317 variables (317 bin, 0 int, 0 impl, 0 cont) and 2863 constraints
     69 constraints of type <knapsack>
    325 constraints of type <setppc>
      8 constraints of type <linear>
      2 constraints of type <orbisack>
      2 constraints of type <orbitope>
      1 constraints of type <symretope>
   2456 constraints of type <logicor>
transformed objective value is always integral (scale: 1)
Presolving Time: 0.14

 time | node  | left  |LP iter|LP it/n|mem/heur|mdpt |vars |cons |rows |cuts |sepa|confs|strbr|  dualbound   | primalbound  |  gap   | compl. 
  6.3s|     1 |     0 | 78475 |     - |    38M |   0 | 317 |2882 | 331 |   0 |  0 |4529 |  10 | 0.000000e+00 |      --      |    Inf | unknown
  6.6s|     1 |     2 | 78507 |     - |    38M |   0 | 317 |3091 | 331 |   0 |  2 |4538 |  21 | 0.000000e+00 |      --      |    Inf | unknown
  7.3s|   100 |    30 | 83601 |  53.4 |    39M |  17 | 317 |3248 | 325 |  20 |  0 |4711 |  21 | 0.000000e+00 |      --      |    Inf |   0.53%
  7.7s|   200 |    32 | 88908 |  53.4 |    39M |  17 | 317 |3447 | 323 |  46 |  0 |4996 |  21 | 0.000000e+00 |      --      |    Inf |   0.74%
  8.0s|   300 |    37 | 93274 |  52.9 |    39M |  20 | 317 |3640 | 329 |  61 |  1 |5338 |  21 | 0.000000e+00 |      --      |    Inf |   0.85%
  8.2s|   400 |    35 | 95662 |  51.3 |    39M |  20 | 317 |3656 | 329 |  61 |  0 |5516 |  21 | 0.000000e+00 |      --      |    Inf |   0.88%
  8.7s|   500 |    43 |100189 |  51.0 |    40M |  20 | 317 |3681 | 323 |  91 |  1 |5691 |  21 | 0.000000e+00 |      --      |    Inf |   1.19%
  9.0s|   600 |    32 |104046 |  50.3 |    40M |  20 | 317 |3832 | 322 |  93 |  1 |5912 |  21 | 0.000000e+00 |      --      |    Inf |   1.50%
  9.2s|   700 |    33 |107857 |  49.8 |    40M |  20 | 317 |3960 | 323 | 118 |  0 |6136 |  21 | 0.000000e+00 |      --      |    Inf |   1.79%
  9.6s|   800 |    29 |113313 |  50.0 |    40M |  20 | 317 |4113 | 324 | 140 |  0 |6365 |  21 | 0.000000e+00 |      --      |    Inf |   2.26%
  9.8s|   900 |    34 |117482 |  49.6 |    40M |  20 | 317 |4274 |   0 | 146 |  0 |6613 |  21 | 0.000000e+00 |      --      |    Inf |   2.43%
 10.1s|  1000 |    41 |122044 |  49.5 |    40M |  20 | 317 |4421 | 324 | 172 |  1 |6857 |  21 | 0.000000e+00 |      --      |    Inf |   2.80%
 10.3s|  1100 |    32 |125848 |  49.0 |    40M |  20 | 317 |4559 | 322 | 180 |  1 |7090 |  21 | 0.000000e+00 |      --      |    Inf |   3.10%
 10.9s|  1200 |    54 |130282 |  48.8 |    42M |  20 | 317 |4608 | 320 | 225 |  1 |7284 |  21 | 0.000000e+00 |      --      |    Inf |   3.55%
 11.2s|  1300 |    44 |133328 |  48.2 |    42M |  20 | 317 |4741 | 321 | 275 |  1 |7501 |  21 | 0.000000e+00 |      --      |    Inf |   5.18%
 time | node  | left  |LP iter|LP it/n|mem/heur|mdpt |vars |cons |rows |cuts |sepa|confs|strbr|  dualbound   | primalbound  |  gap   | compl. 
 11.5s|  1400 |    29 |136866 |  47.7 |    42M |  20 | 317 |4779 | 322 | 325 |  1 |7659 |  21 | 0.000000e+00 |      --      |    Inf |   6.66%
 11.8s|  1500 |    33 |139872 |  47.1 |    42M |  20 | 317 |5001 | 323 | 337 |  1 |7972 |  21 | 0.000000e+00 |      --      |    Inf |   6.83%
 12.0s|  1600 |    31 |142945 |  46.6 |    42M |  20 | 317 |5129 | 320 | 337 |  1 |8230 |  21 | 0.000000e+00 |      --      |    Inf |   6.98%
 12.3s|  1700 |    34 |146412 |  46.2 |    42M |  20 | 317 |5145 | 325 | 368 |  1 |8462 |  21 | 0.000000e+00 |      --      |    Inf |   7.18%
 12.5s|  1800 |    28 |149692 |  45.8 |    42M |  20 | 317 |5179 |   0 | 376 |  0 |8615 |  21 | 0.000000e+00 |      --      |    Inf |   7.31%
 12.8s|  1900 |    25 |153519 |  45.5 |    42M |  20 | 317 |5129 | 327 | 383 |  1 |8778 |  21 | 0.000000e+00 |      --      |    Inf |   7.48%
 13.0s|  2000 |    23 |156885 |  45.2 |    42M |  20 | 317 |5120 | 320 | 396 |  1 |8943 |  21 | 0.000000e+00 |      --      |    Inf |   7.59%
 13.3s|  2100 |    22 |160570 |  45.0 |    42M |  20 | 317 |5059 | 324 | 423 |  0 |9080 |  21 | 0.000000e+00 |      --      |    Inf |   8.05%
 13.6s|  2200 |    31 |164655 |  44.8 |    42M |  20 | 317 |5045 | 323 | 469 |  1 |9277 |  21 | 0.000000e+00 |      --      |    Inf |   8.50%
 14.2s|  2300 |    33 |168044 |  44.5 |    43M |  20 | 317 |5089 | 323 | 500 |  0 |9524 |  21 | 0.000000e+00 |      --      |    Inf |   8.95%
 14.5s|  2400 |    42 |172703 |  44.6 |    43M |  20 | 317 |5112 | 320 | 534 |  1 |9703 |  21 | 0.000000e+00 |      --      |    Inf |   9.25%
 14.7s|  2500 |    43 |177403 |  44.7 |    43M |  20 | 317 |5241 | 324 | 548 |  0 |9886 |  21 | 0.000000e+00 |      --      |    Inf |   9.39%
 15.0s|  2600 |    34 |180921 |  44.4 |    43M |  20 | 317 |5241 | 323 | 573 |  1 |  10k|  21 | 0.000000e+00 |      --      |    Inf |  10.29%
 15.3s|  2700 |    27 |184186 |  44.1 |    43M |  20 | 317 |5217 | 323 | 597 |  1 |  10k|  21 | 0.000000e+00 |      --      |    Inf |  11.29%
 15.6s|  2800 |    18 |188632 |  44.1 |    43M |  20 | 317 |5220 | 324 | 650 |  0 |  10k|  21 | 0.000000e+00 |      --      |    Inf |  13.05%
 time | node  | left  |LP iter|LP it/n|mem/heur|mdpt |vars |cons |rows |cuts |sepa|confs|strbr|  dualbound   | primalbound  |  gap   | compl. 
 16.1s|  2900 |    22 |192606 |  44.0 |    43M |  20 | 317 |5217 | 324 | 675 |  1 |  10k|  21 | 0.000000e+00 |      --      |    Inf |  13.26%
 16.3s|  3000 |    20 |195083 |  43.6 |    43M |  20 | 317 |5256 | 325 | 685 |  2 |  10k|  21 | 0.000000e+00 |      --      |    Inf |  13.48%
 16.5s|  3100 |    18 |197725 |  43.2 |    43M |  20 | 317 |5332 | 324 | 701 |  1 |  10k|  21 | 0.000000e+00 |      --      |    Inf |  13.85%
 16.8s|  3200 |    21 |202216 |  43.3 |    43M |  20 | 317 |5403 | 323 | 763 |  0 |  11k|  21 | 0.000000e+00 |      --      |    Inf |  14.82%
 17.2s|  3300 |    32 |205999 |  43.2 |    43M |  20 | 317 |5513 | 322 | 821 |  0 |  11k|  21 | 0.000000e+00 |      --      |    Inf |  15.49%
 17.5s|  3400 |    19 |209783 |  43.0 |    43M |  20 | 317 |5591 | 323 | 846 |  1 |  11k|  21 | 0.000000e+00 |      --      |    Inf |  16.25%
 17.9s|  3500 |    18 |213634 |  42.9 |    43M |  20 | 317 |5672 | 325 | 863 |  0 |  11k|  21 | 0.000000e+00 |      --      |    Inf |  16.70%
 18.4s|  3600 |    32 |217346 |  42.8 |    43M |  20 | 317 |5765 | 323 | 907 |  1 |  11k|  21 | 0.000000e+00 |      --      |    Inf |  17.47%
 18.6s|  3700 |    23 |220587 |  42.6 |    43M |  20 | 317 |5897 |   0 | 919 |  0 |  12k|  21 | 0.000000e+00 |      --      |    Inf |  17.87%
 18.9s|  3800 |    16 |224507 |  42.6 |    44M |  20 | 317 |5994 | 323 | 960 |  0 |  12k|  21 | 0.000000e+00 |      --      |    Inf |  18.45%
 19.3s|  3900 |    21 |228973 |  42.6 |    44M |  20 | 317 |6048 |   0 |1042 |  0 |  12k|  21 | 0.000000e+00 |      --      |    Inf |  20.25%
 19.7s|  4000 |    18 |233356 |  42.6 |    44M |  20 | 317 |6169 |   0 |1127 |  0 |  12k|  21 | 0.000000e+00 |      --      |    Inf |  21.92%
 20.0s|  4100 |    13 |238134 |  42.7 |    44M |  20 | 317 |6228 | 323 |1187 |  0 |  12k|  21 | 0.000000e+00 |      --      |    Inf |  22.84%
 20.5s|  4200 |    20 |241958 |  42.6 |    44M |  20 | 317 |6304 | 323 |1229 |  1 |  13k|  21 | 0.000000e+00 |      --      |    Inf |  23.29%
 20.8s|  4300 |    15 |246078 |  42.6 |    44M |  20 | 317 |6392 | 330 |1265 |  2 |  13k|  21 | 0.000000e+00 |      --      |    Inf |  23.93%
 time | node  | left  |LP iter|LP it/n|mem/heur|mdpt |vars |cons |rows |cuts |sepa|confs|strbr|  dualbound   | primalbound  |  gap   | compl. 
 21.2s|  4400 |    17 |251115 |  42.7 |    44M |  20 | 317 |6406 | 324 |1340 |  0 |  13k|  21 | 0.000000e+00 |      --      |    Inf |  25.71%
 21.5s|  4500 |    15 |255570 |  42.8 |    44M |  20 | 317 |6410 | 327 |1388 |  0 |  13k|  21 | 0.000000e+00 |      --      |    Inf |  26.27%
 21.8s|  4600 |    15 |258990 |  42.6 |    44M |  20 | 317 |6379 |   0 |1425 |  0 |  13k|  21 | 0.000000e+00 |      --      |    Inf |  26.78%
 22.8s|  4700 |    32 |263628 |  42.7 |    44M |  20 | 317 |6295 | 321 |1489 |  1 |  13k|  21 | 0.000000e+00 |      --      |    Inf |  34.47%
 23.0s|  4800 |    28 |265126 |  42.3 |    46M |  20 | 317 |6372 |   0 |1489 |  0 |  14k|  21 | 0.000000e+00 |      --      |    Inf |  34.67%
 23.3s|  4900 |    52 |268528 |  42.1 |    46M |  20 | 317 |6389 | 322 |1520 |  0 |  14k|  21 | 0.000000e+00 |      --      |    Inf |  34.82%
 23.6s|  5000 |    49 |271432 |  41.9 |    46M |  20 | 317 |6394 |   0 |1527 |  0 |  14k|  21 | 0.000000e+00 |      --      |    Inf |  35.01%
 24.0s|  5100 |    39 |274647 |  41.8 |    46M |  20 | 317 |6368 |   0 |1554 |  0 |  14k|  21 | 0.000000e+00 |      --      |    Inf |  35.52%
 24.2s|  5200 |    24 |277309 |  41.5 |    46M |  20 | 317 |6344 | 321 |1562 |  1 |  15k|  21 | 0.000000e+00 |      --      |    Inf |  36.26%
 24.5s|  5300 |    21 |280487 |  41.4 |    46M |  20 | 317 |6267 | 323 |1584 |  1 |  15k|  21 | 0.000000e+00 |      --      |    Inf |  36.74%
 24.8s|  5400 |    39 |282890 |  41.1 |    46M |  20 | 317 |6269 | 321 |1606 |  1 |  15k|  21 | 0.000000e+00 |      --      |    Inf |  37.09%
 25.0s|  5500 |    35 |285443 |  40.9 |    46M |  20 | 317 |6443 | 321 |1613 |  1 |  15k|  21 | 0.000000e+00 |      --      |    Inf |  37.25%
 25.2s|  5600 |    17 |288170 |  40.7 |    46M |  20 | 317 |6499 | 323 |1628 |  1 |  15k|  21 | 0.000000e+00 |      --      |    Inf |  37.62%
 25.5s|  5700 |    19 |290257 |  40.4 |    46M |  20 | 317 |6600 | 323 |1657 |  1 |  16k|  21 | 0.000000e+00 |      --      |    Inf |  38.00%
 25.7s|  5800 |    19 |292511 |  40.2 |    46M |  20 | 317 |6627 | 323 |1677 |  1 |  16k|  21 | 0.000000e+00 |      --      |    Inf |  38.32%
 time | node  | left  |LP iter|LP it/n|mem/heur|mdpt |vars |cons |rows |cuts |sepa|confs|strbr|  dualbound   | primalbound  |  gap   | compl. 
 26.1s|  5900 |    10 |295731 |  40.1 |    46M |  20 | 317 |6686 | 322 |1721 |  1 |  16k|  21 | 0.000000e+00 |      --      |    Inf |  39.31%
 26.6s|  6000 |    12 |298742 |  39.9 |    46M |  20 | 317 |6733 |   0 |1775 |  0 |  16k|  21 | 0.000000e+00 |      --      |    Inf |  40.67%
 27.0s|  6100 |     9 |301868 |  39.8 |    47M |  20 | 317 |6873 | 320 |1863 |  1 |  16k|  21 | 0.000000e+00 |      --      |    Inf |  44.85%
 27.5s|  6200 |    25 |304976 |  39.7 |    47M |  20 | 317 |7022 | 324 |1945 |  1 |  17k|  21 | 0.000000e+00 |      --      |    Inf |  45.64%
 27.8s|  6300 |    14 |307253 |  39.5 |    47M |  20 | 317 |7163 |   0 |2007 |  0 |  17k|  21 | 0.000000e+00 |      --      |    Inf |  48.51%
 28.9s|  6400 |    12 |310377 |  39.4 |    47M |  20 | 317 |7134 |   0 |2069 |  0 |  17k|  21 | 0.000000e+00 |      --      |    Inf |  60.06%
 30.1s|  6500 |    17 |313417 |  39.3 |    48M |  20 | 317 |6973 | 322 |2129 |  1 |  17k|  21 | 0.000000e+00 |      --      |    Inf |  75.39%
 30.4s|  6600 |    30 |316393 |  39.2 |    48M |  20 | 317 |6901 | 323 |2185 |  1 |  17k|  21 | 0.000000e+00 |      --      |    Inf |  76.51%
 30.7s|  6700 |    18 |318525 |  38.9 |    48M |  20 | 317 |6820 | 322 |2209 |  1 |  18k|  21 | 0.000000e+00 |      --      |    Inf |  77.19%
 31.0s|  6800 |    18 |322266 |  38.9 |    48M |  20 | 317 |6834 | 322 |2292 |  0 |  18k|  21 | 0.000000e+00 |      --      |    Inf |  78.84%
 31.5s|  6900 |    21 |325797 |  38.9 |    48M |  20 | 317 |6726 | 326 |2332 |  1 |  18k|  21 | 0.000000e+00 |      --      |    Inf |  79.49%
 31.8s|  7000 |    20 |328859 |  38.8 |    48M |  20 | 317 |6687 | 320 |2372 |  1 |  18k|  21 | 0.000000e+00 |      --      |    Inf |  80.20%
 32.1s|  7100 |    23 |331891 |  38.7 |    48M |  20 | 317 |6803 | 321 |2394 |  1 |  18k|  21 | 0.000000e+00 |      --      |    Inf |  80.99%
 32.5s|  7200 |    17 |333971 |  38.5 |    48M |  20 | 317 |6825 |   0 |2427 |  0 |  18k|  21 | 0.000000e+00 |      --      |    Inf |  82.20%
 32.8s|  7300 |     9 |336854 |  38.4 |    48M |  20 | 317 |6848 | 320 |2469 |  1 |  19k|  21 | 0.000000e+00 |      --      |    Inf |  84.56%
 time | node  | left  |LP iter|LP it/n|mem/heur|mdpt |vars |cons |rows |cuts |sepa|confs|strbr|  dualbound   | primalbound  |  gap   | compl. 
 33.2s|  7400 |    11 |340042 |  38.3 |    48M |  20 | 317 |6881 | 326 |2528 |  0 |  19k|  21 | 0.000000e+00 |      --      |    Inf |  85.88%
 33.5s|  7500 |    15 |343631 |  38.3 |    48M |  20 | 317 |7039 |   0 |2569 |  0 |  19k|  21 | 0.000000e+00 |      --      |    Inf |  86.65%
 33.7s|  7600 |     5 |346864 |  38.2 |    48M |  20 | 317 |7105 |   0 |2609 |  0 |  19k|  21 | 0.000000e+00 |      --      |    Inf |  87.46%
 34.4s|  7700 |    14 |349647 |  38.1 |    48M |  20 | 317 |7086 | 325 |2652 |  1 |  19k|  21 | 0.000000e+00 |      --      |    Inf |  88.39%
 34.7s|  7800 |    14 |353296 |  38.1 |    48M |  20 | 317 |7041 | 327 |2708 |  1 |  20k|  21 | 0.000000e+00 |      --      |    Inf |  89.08%
 35.0s|  7900 |    13 |357175 |  38.1 |    48M |  20 | 317 |7018 | 323 |2774 |  0 |  20k|  21 | 0.000000e+00 |      --      |    Inf |  90.69%
 35.4s|  8000 |    12 |361196 |  38.1 |    49M |  20 | 317 |6971 | 329 |2845 |  1 |  20k|  21 | 0.000000e+00 |      --      |    Inf |  91.60%
 35.8s|  8100 |    13 |365170 |  38.1 |    49M |  20 | 317 |6960 | 326 |2899 |  1 |  20k|  21 | 0.000000e+00 |      --      |    Inf |  92.33%
 36.1s|  8200 |     5 |368806 |  38.1 |    49M |  20 | 317 |6974 | 324 |2962 |  0 |  20k|  21 | 0.000000e+00 |      --      |    Inf |  93.59%
 36.8s|  8300 |    33 |372702 |  38.1 |    49M |  20 | 317 |6961 | 323 |2988 |  1 |  20k|  21 | 0.000000e+00 |      --      |    Inf |  94.52%
 37.1s|  8400 |    24 |375760 |  38.0 |    49M |  20 | 317 |7072 | 325 |3020 |  0 |  21k|  21 | 0.000000e+00 |      --      |    Inf |  95.17%
 37.3s|  8500 |    13 |378579 |  37.9 |    49M |  20 | 317 |7148 |   0 |3042 |  0 |  21k|  21 | 0.000000e+00 |      --      |    Inf |  96.57%
 37.7s|  8600 |    19 |381999 |  37.9 |    49M |  20 | 317 |7277 | 321 |3074 |  1 |  21k|  21 | 0.000000e+00 |      --      |    Inf |  97.28%
 38.0s|  8700 |     9 |386138 |  37.9 |    49M |  20 | 317 |7336 | 321 |3125 |  1 |  21k|  21 | 0.000000e+00 |      --      |    Inf |  99.02%

SCIP Status        : problem is solved [infeasible]
Solving Time (sec) : 38.31
Solving Nodes      : 8782 (total of 10207 nodes in 2 runs)
Primal Bound       : +1.00000000000000e+20 (0 solutions)
Dual Bound         : +1.00000000000000e+20
Gap                : 0.00 %
SCIP Status        : problem is solved [infeasible]
Total Time         :      38.31
  solving          :      38.31
  presolving       :       0.14 (included in solving)
  reading          :       0.00
  copying          :       0.70 (47 #copies) (minimal 0.00, maximal 0.02, average 0.01)
Original Problem   :
  Problem name     : model
  Variables        : 342 (342 binary, 0 integer, 0 implicit integer, 0 continuous)
  Constraints      : 342 initial, 342 maximal
  Objective        : minimize, 0 non-zeros (abs.min = 1e+20, abs.max = -1e+20)
Presolved Problem  :
  Problem name     : t_model
  Variables        : 317 (317 binary, 0 integer, 0 implicit integer, 0 continuous)
  Constraints      : 2863 initial, 7409 maximal
  Objective        : minimize, 0 non-zeros (abs.min = 1e+20, abs.max = -1e+20)
  Nonzeros         : 45560 constraint, 991 clique table
Presolvers         :   ExecTime  SetupTime  Calls  FixedVars   AggrVars   ChgTypes  ChgBounds   AddHoles    DelCons    AddCons   ChgSides   ChgCoefs
  boundshift       :       0.00       0.00      0          0          0          0          0          0          0          0          0          0
  convertinttobin  :       0.00       0.00      0          0          0          0          0          0          0          0          0          0
  domcol           :       0.00       0.00      3          0          0          0          0          0          0          0          0          0
  dualagg          :       0.00       0.00      0          0          0          0          0          0          0          0          0          0
  dualcomp         :       0.00       0.00      0          0          0          0          0          0          0          0          0          0
  dualinfer        :       0.00       0.00      0          0          0          0          0          0          0          0          0          0
  dualsparsify     :       0.00       0.00      1          0          0          0          0          0          0          0          0          0
  gateextraction   :       0.01       0.00      9          0          0          0          0          0         26         13          0          0
  implics          :       0.00       0.00     14          0          0          0          0          0          0          0          0          0
  inttobinary      :       0.00       0.00      0          0          0          0          0          0          0          0          0          0
  qpkktref         :       0.00       0.00      0          0          0          0          0          0          0          0          0          0
  redvub           :       0.00       0.00      0          0          0          0          0          0          0          0          0          0
  sparsify         :       0.00       0.00      1          0          0          0          0          0          0          0          0          0
  stuffing         :       0.00       0.00      0          0          0          0          0          0          0          0          0          0
  trivial          :       0.00       0.00     18         10          0          0          0          0          0          0          0          0
  tworowbnd        :       0.00       0.00      0          0          0          0          0          0          0          0          0          0
  dualfix          :       0.00       0.00     18          0          0          0          0          0          0          0          0          0
  genvbounds       :       0.00       0.00      0          0          0          0          0          0          0          0          0          0
  probing          :       0.00       0.00      2          0          0          0          0          0          0          0          0          0
  pseudoobj        :       0.00       0.00      1          0          0          0          0          0          0          0          0          0
  symmetry         :       0.00       0.00      1          2          0          0          0          0          0          5          0          0
  vbounds          :       0.00       0.00      2          0          4          0          0          0          0          0          0          0
  knapsack         :       0.00       0.00     29          0          0          0          0          0          0          0          0          0
  setppc           :       0.00       0.00     39          0          8          0          0          0        128          0          0          0
  linear           :       0.00       0.00     21          0          0          0          0          0          6          0          6          0
  orbisack         :       0.00       0.00      6          0          0          0          0          0          0          0          0          0
  orbitope         :       0.00       0.00     12          1          0          0          0          0          0          0          0          0
  symretope        :       0.00       0.00      6          0          0          0          0          0          0          0          0          0
  logicor          :       0.09       0.01     27          0          0          0          0          0        567          0          0        929
  benders          :       0.00       0.00      0          0          0          0          0          0          0          0          0          0
  components       :       0.00       0.00      2          0          0          0          0          0          0          0          0          0
  root node        :          -          -      -          1          -          -          1          -          -          -          -          -
Constraints        :     Number  MaxNumber  #Separate #Propagate    #EnfoLP    #EnfoRelax  #EnfoPS    #Check   #ResProp    Cutoffs    DomReds       Cuts    Applied      Conss   Children
  benderslp        :          0          0          0          0       5952          0          0          9          0          0          0          0          0          0          0
  integral         :          0          0          0          0       5952          0          0          9          0          0          0          0          0          0      11904
  knapsack         :         69+        86          1      90275          0          0          0          0      70878        884      53345          0          0          0          0
  setppc           :        325+       343         12      90272          0          0          0          4     275367       2488     229710          0          0          0          0
  linear           :          8+       221         13      87244          0          0          0          0       3241        127       4656          1          1          0          0
  orbisack         :          2          2          0          0          0          0          0          0          0          0          0          0          0          0          0
  orbitope         :          2          2          0      87557          0          0          0          0          0          0          0          0          0          0          0
  symretope        :          1          1          0      11578          0          0          0          0       2849        115       2638          0          0          0          0
  logicor          :       2456+      6887         12      64329          0          0          0          0      54609       1149      42865          3          2          0          0
  benders          :          0          0          0          0          0          0          0          0          0          0          0          0          0          0          0
  countsols        :          0          0          0          0          0          0          0          0          0          0          0          0          0          0          0
  components       :          0          0          0          0          0          0          0          0          0          0          0          0          0          0          0
Constraint Timings :  TotalTime  SetupTime   Separate  Propagate     EnfoLP     EnfoPS     EnfoRelax   Check    ResProp    SB-Prop
  benderslp        :       0.00       0.00       0.00       0.00       0.00       0.00       0.00       0.00       0.00       0.00
  integral         :       0.29       0.00       0.00       0.00       0.29       0.00       0.00       0.00       0.00       0.00
  knapsack         :       1.53       0.00       0.00       1.47       0.00       0.00       0.00       0.00       0.06       0.00
  setppc           :       1.87       0.00       0.00       1.78       0.00       0.00       0.00       0.00       0.09       0.00
  linear           :       0.14       0.00       0.00       0.14       0.00       0.00       0.00       0.00       0.00       0.00
  orbisack         :       0.01       0.00       0.00       0.01       0.00       0.00       0.00       0.00       0.00       0.00
  orbitope         :       0.21       0.00       0.00       0.21       0.00       0.00       0.00       0.00       0.00       0.00
  symretope        :       1.66       0.00       0.00       1.65       0.00       0.00       0.00       0.00       0.01       0.00
  logicor          :       1.66       0.01       0.00       1.60       0.00       0.00       0.00       0.00       0.05       0.00
  benders          :       0.00       0.00       0.00       0.00       0.00       0.00       0.00       0.00       0.00       0.00
  countsols        :       0.00       0.00       0.00       0.00       0.00       0.00       0.00       0.00       0.00       0.00
  components       :       0.00       0.00       0.00       0.00       0.00       0.00       0.00       0.00       0.00       0.00
Propagators        : #Propagate   #ResProp    Cutoffs    DomReds
  dualfix          :          2          0          0          0
  genvbounds       :          0          0          0          0
  nlobbt           :          0          0          0          0
  obbt             :          0          0          0          0
  probing          :          0          0          0          0
  pseudoobj        :          0          0          0          0
  redcost          :          0          0          0          0
  rootredcost      :          0          0          0          0
  symmetry         :          0          0          0          0
  vbounds          :      71426          0          0          0
Propagator Timings :  TotalTime  SetupTime   Presolve  Propagate    ResProp    SB-Prop
  dualfix          :       0.00       0.00       0.00       0.00       0.00       0.00
  genvbounds       :       0.01       0.00       0.00       0.01       0.00       0.00
  nlobbt           :       0.00       0.00       0.00       0.00       0.00       0.00
  obbt             :       0.00       0.00       0.00       0.00       0.00       0.00
  probing          :       0.00       0.00       0.00       0.00       0.00       0.00
  pseudoobj        :       0.01       0.00       0.00       0.01       0.00       0.00
  redcost          :       0.00       0.00       0.00       0.00       0.00       0.00
  rootredcost      :       0.00       0.00       0.00       0.00       0.00       0.00
  symmetry         :       0.01       0.00       0.00       0.01       0.00       0.00
  vbounds          :       0.13       0.00       0.00       0.13       0.00       0.00
Orbital fixing     :
  vars fixed to 0  :          0
  vars fixed to 1  :          0
Conflict Analysis  :       Time      Calls    Success    DomReds  Conflicts   Literals    Reconvs ReconvLits   Dualrays   Nonzeros   LP Iters   (pool size: [10000,10000])
  propagation      :       0.31       4703       4232          -      26427       25.4        455       10.2          -          -          -
  infeasible LP    :       0.52       2409       2094          -      16087       22.3        102        8.7       1085       32.0          0
  bound exceed. LP :       0.00          0          0          -          0        0.0          0        0.0          0        0.0          0
  strong branching :       0.00          0          0          -          0        0.0          0        0.0          -          -          0
  pseudo solution  :       0.00          0          0          -          0        0.0          0        0.0          -          -          -
  applied globally :       0.11          -          -          0      20680       17.3          -          -        965          -          -
  applied locally  :          -          -          -          0        196       29.3          -          -        120          -          -
Separators         :   ExecTime  SetupTime      Calls  RootCalls    Cutoffs    DomReds  FoundCuts ViaPoolAdd  DirectAdd    Applied ViaPoolApp  DirectApp      Conss
  cut pool         :       1.90          -       2374         22          -          -      36381      14988          -          -          -          -          -    (maximal pool size:       3385)
  aggregation      :       0.34       0.00       1306         12          0          0          0          0          0          0          0          0          0
  > cmir           :          -          -          -          -          -          -          -          0          0          0          0          0          -
  > flowcover      :          -          -          -          -          -          -          -          0          0          0          0          0          -
  > knapsackcover  :          -          -          -          -          -          -          -          0          0          0          0          0          -
  cgmip            :       0.00       0.00          0          0          0          0          0          0          0          0          0          0          0
  clique           :       0.01       0.00         12         12          0          0          0          0          0          0          0          0          0
  closecuts        :       0.00       0.00          0          0          0          0          0          0          0          0          0          0          0
  convexproj       :       0.00       0.00          0          0          0          0          0          0          0          0          0          0          0
  disjunctive      :       0.00       0.00          0          0          0          0          0          0          0          0          0          0          0
  eccuts           :       0.00       0.00          0          0          0          0          0          0          0          0          0          0          0
  gauge            :       0.00       0.00          0          0          0          0          0          0          0          0          0          0          0
  gomory           :       3.76       0.00       1305         11          0          0      54566      14600      18406       1951       1469        482          0
  > gomorymi       :          -          -          -          -          -          -          -       2166       9203        354        109        245          -
  > strongcg       :          -          -          -          -          -          -          -      12434       9203       1597       1360        237          -
  impliedbounds    :       0.02       0.00       1306         12          0          0          4         41          0         41         41          0          0
  interminor       :       0.00       0.00          0          0          0          0          0          0          0          0          0          0          0
  intobj           :       0.00       0.00          0          0          0          0          0          0          0          0          0          0          0
  mcf              :       0.00       0.00          2          2          0          0          0          0          0          0          0          0          0
  minor            :       0.00       0.00          0          0          0          0          0          0          0          0          0          0          0
  mixing           :       0.00       0.00          0          0          0          0          0          0          0          0          0          0          0
  oddcycle         :       0.00       0.00          0          0          0          0          0          0          0          0          0          0          0
  rapidlearning    :       7.02       0.00         45          2          0       1874          0          0          0          0          0          0        778
  rlt              :       0.00       0.00         11         11          0          0          0          0          0          0          0          0          0
  zerohalf         :       0.67       0.00       1306         12          0          0       2126        347       1909       1555        205       1350          0
Cutselectors       :   ExecTime  SetupTime      Calls  RootCalls   Selected     Forced   Filtered  RootSelec   RootForc   RootFilt 
  hybrid           :       0.04       0.00       1301         11       3550          0      31757         30          0       1448
Pricers            :   ExecTime  SetupTime      Calls       Vars
  problem variables:       0.00          -          0          0
Branching Rules    :   ExecTime  SetupTime   BranchLP  BranchExt   BranchPS    Cutoffs    DomReds       Cuts      Conss   Children
  allfullstrong    :       0.00       0.00          0          0          0          0          0          0          0          0
  cloud            :       0.00       0.00          0          0          0          0          0          0          0          0
  distribution     :       0.00       0.00          0          0          0          0          0          0          0          0
  fullstrong       :       0.00       0.00          0          0          0          0          0          0          0          0
  inference        :       0.00       0.00          0          0          0          0          0          0          0          0
  leastinf         :       0.00       0.00          0          0          0          0          0          0          0          0
  lookahead        :       0.00       0.00          0          0          0          0          0          0          0          0
  mostinf          :       0.00       0.00          0          0          0          0          0          0          0          0
  multaggr         :       0.00       0.00          0          0          0          0          0          0          0          0
  nodereopt        :       0.00       0.00          0          0          0          0          0          0          0          0
  pscost           :       0.00       0.00          0          0          0          0          0          0          0          0
  random           :       0.00       0.00          0          0          0          0          0          0          0          0
  relpscost        :       0.29       0.00       5952          0          0          0          0          0          0      11904
  vanillafullstrong:       0.00       0.00          0          0          0          0          0          0          0          0
Primal Heuristics  :   ExecTime  SetupTime      Calls      Found       Best
  LP solutions     :       0.00          -          -          0          0
  relax solutions  :       0.00          -          -          0          0
  pseudo solutions :       0.00          -          -          0          0
  strong branching :       0.00          -          -          0          0
  actconsdiving    :       0.00       0.00          0          0          0
  adaptivediving   :       0.19       0.00         69          0          0
  alns             :       0.02       0.00          2          0          0
  bound            :       0.00       0.00          0          0          0
  clique           :       0.00       0.00          1          0          0
  coefdiving       :       0.00       0.00          0          0          0
  completesol      :       0.00       0.00          0          0          0
  conflictdiving   :       0.21       0.00        100          0          0
  crossover        :       0.00       0.00          0          0          0
  dins             :       0.00       0.00          0          0          0
  distributiondivin:       0.31       0.00         99          0          0
  dps              :       0.00       0.00          0          0          0
  dualval          :       0.00       0.00          0          0          0
  farkasdiving     :       0.00       0.00          0          0          0
  feaspump         :       0.05       0.00          4          0          0
  fixandinfer      :       0.00       0.00          0          0          0
  fracdiving       :       0.16       0.00         99          0          0
  gins             :       0.00       0.00          0          0          0
  guideddiving     :       0.00       0.00          0          0          0
  indicator        :       0.00       0.00          0          0          0
  intdiving        :       0.00       0.00          0          0          0
  intshifting      :       0.00       0.00          0          0          0
  linesearchdiving :       0.32       0.00         97          0          0
  localbranching   :       0.00       0.00          0          0          0
  locks            :       0.00       0.00          1          0          0
  lpface           :       0.01       0.00          0          0          0
  mpec             :       0.00       0.00          0          0          0
  multistart       :       0.00       0.00          0          0          0
  mutation         :       0.00       0.00          0          0          0
  nlpdiving        :       0.00       0.00          0          0          0
  objpscostdiving  :       0.14       0.00         13          0          0
  octane           :       0.00       0.00          0          0          0
  ofins            :       0.00       0.00          0          0          0
  oneopt           :       0.00       0.00          0          0          0
  padm             :       0.00       0.00          0          0          0
  proximity        :       0.00       0.00          0          0          0
  pscostdiving     :       0.17       0.00        100          0          0
  randrounding     :       0.01       0.00         14          0          0
  rens             :       0.00       0.00          0          0          0
  reoptsols        :       0.00       0.00          0          0          0
  repair           :       0.00       0.00          0          0          0
  rins             :       0.00       0.00          0          0          0
  rootsoldiving    :       0.20       0.00         21          0          0
  rounding         :       0.05       0.00       1147          0          0
  shiftandpropagate:       0.01       0.00          2          0          0
  shifting         :       0.05       0.00        570          0          0
  simplerounding   :       0.00       0.00          0          0          0
  subnlp           :       0.00       0.00          0          0          0
  trivial          :       0.00       0.00          2          0          0
  trivialnegation  :       0.00       0.00          0          0          0
  trustregion      :       0.00       0.00          0          0          0
  trysol           :       0.00       0.00          0          0          0
  twoopt           :       0.00       0.00          0          0          0
  undercover       :       0.00       0.00          0          0          0
  vbounds          :       0.00       0.00          2          0          0
  veclendiving     :       0.22       0.00         99          0          0
  zeroobj          :       0.00       0.00          0          0          0
  zirounding       :       0.01       0.00       1000          0          0
  other solutions  :          -          -          -          0          -
LP                 :       Time      Calls Iterations  Iter/call   Iter/sec  Time-0-It Calls-0-It    ItLimit
  primal LP        :       0.49        562          0       0.00       0.00       0.49        562
  dual LP          :      10.36       9544     370737      39.05   35784.24       0.01         49
  lex dual LP      :       0.00          0          0       0.00          -
  barrier LP       :       0.00          0          0       0.00          -       0.00          0
  resolve instable :       0.00          0          0       0.00          -
  diving/probing LP:       0.67        630      18700      29.68   27771.14
  strong branching :       0.11         21       3184     151.62   28241.72          -          -          0
    (at root node) :          -         21       3184     151.62          -
  conflict analysis:       0.00          0          0       0.00          -
B&B Tree           :
  number of runs   :          2
  nodes            :       8782 (5090 internal, 3692 leaves)
  feasible leaves  :          0
  infeas. leaves   :       3692
  objective leaves :          0
  nodes (total)    :      10207 (5952 internal, 4255 leaves)
  nodes left       :          0
  max depth        :         20
  max depth (total):         20
  backtracks       :       2871 (32.7%)
  early backtracks :          0 (0.0%)
  nodes exc. ref.  :          0 (0.0%)
  delayed cutoffs  :       1399
  repropagations   :       5253 (99069 domain reductions, 1207 cutoffs)
  avg switch length:       3.45
  switching time   :       2.98
Root Node          :
  First LP value   : +0.00000000000000e+00
  First LP Iters   :        104 (30136.19 Iter/sec)
  First LP Time    :       0.00
  Final Dual Bound : +0.00000000000000e+00
  Final Root Iters :       2156
  Root LP Estimate : +1.16979449611840e-02
Solution           :
  Solutions found  :          0 (0 improvements)
  Primal Bound     : infeasible
  Dual Bound       :          -
  Gap              :       0.00 %
Integrals          :      Total       Avg%
  primal-dual      :          -          - (problem infeasible)
  primal-ref       :          -          - (problem infeasible)
  dual-ref         :          -          - (problem infeasible)
written solution information to file <results/final_flowersnark__settings_final_peek_norelabel__1__flowersnark19_3.cip.sol>
@04 1667946840
