FILENAME:   ../instances_new/flowersnark/flowersnark9_3.cip
SETTINGS:   settings_final_nopeek_relabel_respect
TIMELIMIT:  7200
OUTPUTNAME: final_flowersnark__settings_final_nopeek_relabel_respect__3__
BINNAME:    bin/sbcs.linux.x86_64.gnu.opt.cpx
BASENAME:   flowersnark9_3.cip
SEED:       3
@01 ../instances_new/flowersnark/flowersnark9_3.cip ===========
@02 flowersnark9_3.cip
@03 1668003901
SCIP version 8.0.2 [precision: 8 byte] [memory: block] [mode: optimized] [LP solver: CPLEX 20.1.0.0] [GitHash: 5f0473c]
Copyright (C) 2002-2022 Konrad-Zuse-Zentrum fuer Informationstechnik Berlin (ZIB)

Symretope propagation methods - (c) Jasper van Doornmalen, Christopher Hojny.
[GitHash: 2fd0484]

reading parameter file <../settings/settings_final_nopeek_relabel_respect.set> ...

Changed settings:
limits/time = 7200
misc/usesymmetry = 1
randomization/randomseedshift = 3
constraints/orbisack/sepafreq = -1
constraints/symresack/sepafreq = -1
propagating/symmetry/addsymresacks = TRUE
propagating/symmetry/detectsubgroups = FALSE
propagating/symmetry/relabelsymretopes = 3
propagating/symmetry/ofsymcomptiming = 0
constraints/symretope/sepafreq = -1
constraints/symretope/peek = FALSE


solving problem ...

original problem has 162 variables (162 bin, 0 int, 0 impl, 0 cont) and 162 constraints
presolving:
(round 1, exhaustive) 0 del vars, 0 del conss, 0 add conss, 0 chg bounds, 0 chg sides, 0 chg coeffs, 162 upgd conss, 0 impls, 162 clqs
   (0.0s) probing: 51/162 (31.5%) - 0 fixings, 0 aggregations, 0 implications, 0 bound changes
   (0.0s) probing aborted: 50/50 successive totally useless probings
   (0.0s) symmetry computation started: requiring (bin +, int +, cont +), (fixed: bin -, int -, cont -)
   (0.0s) symmetry computation finished: 5 generators found (max: 1500, log10 of symmetry group size: 2.3)
(round 2, exhaustive) 7 del vars, 0 del conss, 5 add conss, 0 chg bounds, 0 chg sides, 0 chg coeffs, 162 upgd conss, 0 impls, 159 clqs
(round 3, fast)       16 del vars, 7 del conss, 5 add conss, 0 chg bounds, 0 chg sides, 0 chg coeffs, 162 upgd conss, 0 impls, 155 clqs
(round 4, medium)     17 del vars, 7 del conss, 5 add conss, 0 chg bounds, 0 chg sides, 0 chg coeffs, 162 upgd conss, 0 impls, 155 clqs
(round 5, fast)       18 del vars, 8 del conss, 5 add conss, 0 chg bounds, 0 chg sides, 0 chg coeffs, 162 upgd conss, 0 impls, 154 clqs
   (0.0s) probing cycle finished: starting next cycle
(round 6, exhaustive) 25 del vars, 8 del conss, 5 add conss, 0 chg bounds, 0 chg sides, 0 chg coeffs, 162 upgd conss, 0 impls, 276 clqs
(round 7, fast)       25 del vars, 18 del conss, 5 add conss, 0 chg bounds, 1 chg sides, 0 chg coeffs, 162 upgd conss, 0 impls, 276 clqs
   (0.0s) probing cycle finished: starting next cycle
(round 8, exhaustive) 26 del vars, 18 del conss, 5 add conss, 0 chg bounds, 1 chg sides, 0 chg coeffs, 162 upgd conss, 0 impls, 285 clqs
(round 9, fast)       26 del vars, 19 del conss, 5 add conss, 0 chg bounds, 1 chg sides, 0 chg coeffs, 162 upgd conss, 0 impls, 285 clqs
   (0.0s) probing: 60/142 (42.3%) - 0 fixings, 8 aggregations, 152 implications, 0 bound changes
   (0.0s) probing aborted: 50/50 successive totally useless probings
presolving (10 rounds: 10 fast, 6 medium, 5 exhaustive):
 26 deleted vars, 19 deleted constraints, 5 added constraints, 0 tightened bounds, 0 added holes, 1 changed sides, 0 changed coefficients
 0 implications, 285 cliques
presolved problem has 141 variables (141 bin, 0 int, 0 impl, 0 cont) and 148 constraints
    143 constraints of type <setppc>
      2 constraints of type <orbisack>
      2 constraints of type <orbitope>
      1 constraints of type <symretope>
transformed objective value is always integral (scale: 1)
Presolving Time: 0.01

 time | node  | left  |LP iter|LP it/n|mem/heur|mdpt |vars |cons |rows |cuts |sepa|confs|strbr|  dualbound   | primalbound  |  gap   | compl. 
  0.0s|     1 |     0 |   116 |     - |  2956k |   0 | 141 | 188 | 144 |   0 |  0 |  39 |   0 | 0.000000e+00 |      --      |    Inf | unknown
  0.1s|     1 |     0 |   377 |     - |  3606k |   0 | 141 | 386 | 143 |   1 |  1 |  40 |   0 | 0.000000e+00 |      --      |    Inf | unknown
  0.1s|     1 |     0 |   412 |     - |  4125k |   0 | 141 | 387 | 145 |   3 |  2 |  42 |   0 | 0.000000e+00 |      --      |    Inf | unknown
  0.1s|     1 |     0 |   472 |     - |  4330k |   0 | 141 | 386 | 147 |   5 |  3 |  43 |   0 | 0.000000e+00 |      --      |    Inf | unknown
  0.1s|     1 |     0 |   523 |     - |  4656k |   0 | 141 | 388 | 149 |   7 |  4 |  46 |   0 | 0.000000e+00 |      --      |    Inf | unknown
  0.1s|     1 |     0 |   554 |     - |  5643k |   0 | 141 | 389 | 151 |   9 |  5 |  47 |   0 | 0.000000e+00 |      --      |    Inf | unknown
  0.1s|     1 |     0 |   607 |     - |  5850k |   0 | 141 | 391 | 153 |  11 |  6 |  49 |   0 | 0.000000e+00 |      --      |    Inf | unknown
  0.1s|     1 |     0 |   678 |     - |  6287k |   0 | 141 | 394 | 155 |  13 |  7 |  52 |   0 | 0.000000e+00 |      --      |    Inf | unknown
  0.1s|     1 |     0 |   771 |     - |  7503k |   0 | 141 | 400 | 158 |  16 |  8 |  59 |   0 | 0.000000e+00 |      --      |    Inf | unknown
  0.2s|     1 |     0 |   833 |     - |  7953k |   0 | 141 | 401 | 160 |  18 |  9 |  60 |   0 | 0.000000e+00 |      --      |    Inf | unknown
  0.2s|     1 |     0 |   889 |     - |  8832k |   0 | 141 | 402 | 163 |  21 | 10 |  61 |   0 | 0.000000e+00 |      --      |    Inf | unknown
  0.2s|     1 |     0 |   941 |     - |  8851k |   0 | 141 | 404 | 164 |  22 | 11 |  63 |   0 | 0.000000e+00 |      --      |    Inf | unknown
  0.2s|     1 |     0 |  1006 |     - |  8898k |   0 | 141 | 406 | 163 |  24 | 12 |  65 |   0 | 0.000000e+00 |      --      |    Inf | unknown
  0.2s|     1 |     0 |  1049 |     - |  8898k |   0 | 141 | 407 | 165 |  26 | 13 |  66 |   0 | 0.000000e+00 |      --      |    Inf | unknown
  0.2s|     1 |     0 |  1115 |     - |  8916k |   0 | 141 | 410 | 167 |  28 | 14 |  69 |   0 | 0.000000e+00 |      --      |    Inf | unknown
 time | node  | left  |LP iter|LP it/n|mem/heur|mdpt |vars |cons |rows |cuts |sepa|confs|strbr|  dualbound   | primalbound  |  gap   | compl. 
  0.2s|     1 |     0 |  1171 |     - |  8961k |   0 | 141 | 414 | 169 |  30 | 15 |  73 |   0 | 0.000000e+00 |      --      |    Inf | unknown
  0.2s|     1 |     2 |  1274 |     - |  8987k |   0 | 141 | 416 | 169 |  30 | 15 |  81 |  10 | 0.000000e+00 |      --      |    Inf | unknown
(run 1, node 1) restarting after 5 global fixings of integer variables

(restart) converted 24 cuts from the global cut pool into linear constraints

presolving:
(round 1, fast)       10 del vars, 47 del conss, 0 add conss, 0 chg bounds, 0 chg sides, 15 chg coeffs, 0 upgd conss, 0 impls, 229 clqs
(round 2, fast)       10 del vars, 48 del conss, 0 add conss, 0 chg bounds, 0 chg sides, 15 chg coeffs, 0 upgd conss, 0 impls, 229 clqs
(round 3, medium)     11 del vars, 48 del conss, 0 add conss, 0 chg bounds, 0 chg sides, 15 chg coeffs, 0 upgd conss, 0 impls, 225 clqs
(round 4, fast)       11 del vars, 49 del conss, 0 add conss, 0 chg bounds, 0 chg sides, 15 chg coeffs, 0 upgd conss, 0 impls, 225 clqs
(round 5, exhaustive) 11 del vars, 51 del conss, 1 add conss, 0 chg bounds, 0 chg sides, 15 chg coeffs, 0 upgd conss, 0 impls, 225 clqs
(round 6, exhaustive) 11 del vars, 54 del conss, 1 add conss, 0 chg bounds, 0 chg sides, 15 chg coeffs, 0 upgd conss, 0 impls, 225 clqs
(round 7, exhaustive) 11 del vars, 56 del conss, 1 add conss, 0 chg bounds, 2 chg sides, 15 chg coeffs, 0 upgd conss, 0 impls, 225 clqs
(round 8, exhaustive) 11 del vars, 56 del conss, 1 add conss, 0 chg bounds, 2 chg sides, 15 chg coeffs, 175 upgd conss, 0 impls, 225 clqs
(round 9, exhaustive) 11 del vars, 58 del conss, 2 add conss, 0 chg bounds, 2 chg sides, 15 chg coeffs, 175 upgd conss, 0 impls, 225 clqs
(round 10, exhaustive) 11 del vars, 58 del conss, 2 add conss, 0 chg bounds, 2 chg sides, 18 chg coeffs, 175 upgd conss, 0 impls, 225 clqs
(round 11, exhaustive) 11 del vars, 58 del conss, 2 add conss, 0 chg bounds, 2 chg sides, 19 chg coeffs, 175 upgd conss, 0 impls, 225 clqs
(round 12, exhaustive) 11 del vars, 63 del conss, 2 add conss, 0 chg bounds, 2 chg sides, 23 chg coeffs, 175 upgd conss, 0 impls, 225 clqs
(round 13, exhaustive) 11 del vars, 63 del conss, 2 add conss, 0 chg bounds, 2 chg sides, 114 chg coeffs, 175 upgd conss, 0 impls, 225 clqs
presolving (14 rounds: 14 fast, 11 medium, 10 exhaustive):
 11 deleted vars, 63 deleted constraints, 2 added constraints, 0 tightened bounds, 0 added holes, 2 changed sides, 114 changed coefficients
 0 implications, 225 cliques
presolved problem has 130 variables (130 bin, 0 int, 0 impl, 0 cont) and 379 constraints
     21 constraints of type <knapsack>
    138 constraints of type <setppc>
      3 constraints of type <linear>
      2 constraints of type <orbisack>
      2 constraints of type <orbitope>
      1 constraints of type <symretope>
    212 constraints of type <logicor>
transformed objective value is always integral (scale: 1)
Presolving Time: 0.02

 time | node  | left  |LP iter|LP it/n|mem/heur|mdpt |vars |cons |rows |cuts |sepa|confs|strbr|  dualbound   | primalbound  |  gap   | compl. 
  0.3s|     1 |     0 |  1396 |     - |  9200k |   0 | 130 | 386 | 159 |   0 |  0 |  88 |  10 | 0.000000e+00 |      --      |    Inf | unknown
  0.3s|     1 |     0 |  1400 |     - |  9265k |   0 | 130 | 472 | 159 |   0 |  1 |  90 |  10 |    cutoff    |      --      |   0.00%| unknown
  0.3s|     1 |     0 |  1400 |     - |  9265k |   0 | 130 | 472 | 159 |   0 |  1 |  90 |  10 |    cutoff    |      --      |   0.00%| unknown

SCIP Status        : problem is solved [infeasible]
Solving Time (sec) : 0.31
Solving Nodes      : 1 (total of 2 nodes in 2 runs)
Primal Bound       : +1.00000000000000e+20 (0 solutions)
Dual Bound         : +1.00000000000000e+20
Gap                : 0.00 %
SCIP Status        : problem is solved [infeasible]
Total Time         :       0.31
  solving          :       0.31
  presolving       :       0.02 (included in solving)
  reading          :       0.00
  copying          :       0.01 (3 #copies) (minimal 0.00, maximal 0.00, average 0.00)
Original Problem   :
  Problem name     : model
  Variables        : 162 (162 binary, 0 integer, 0 implicit integer, 0 continuous)
  Constraints      : 162 initial, 162 maximal
  Objective        : minimize, 0 non-zeros (abs.min = 1e+20, abs.max = -1e+20)
Presolved Problem  :
  Problem name     : t_model
  Variables        : 130 (130 binary, 0 integer, 0 implicit integer, 0 continuous)
  Constraints      : 379 initial, 472 maximal
  Objective        : minimize, 0 non-zeros (abs.min = 1e+20, abs.max = -1e+20)
  Nonzeros         : 3659 constraint, 579 clique table
Presolvers         :   ExecTime  SetupTime  Calls  FixedVars   AggrVars   ChgTypes  ChgBounds   AddHoles    DelCons    AddCons   ChgSides   ChgCoefs
  boundshift       :       0.00       0.00      0          0          0          0          0          0          0          0          0          0
  convertinttobin  :       0.00       0.00      0          0          0          0          0          0          0          0          0          0
  domcol           :       0.00       0.00      5          0          0          0          0          0          0          0          0          0
  dualagg          :       0.00       0.00      0          0          0          0          0          0          0          0          0          0
  dualcomp         :       0.00       0.00      0          0          0          0          0          0          0          0          0          0
  dualinfer        :       0.00       0.00      0          0          0          0          0          0          0          0          0          0
  dualsparsify     :       0.00       0.00      1          0          0          0          0          0          0          0          0          0
  gateextraction   :       0.00       0.00     10          0          0          0          0          0          4          2          0          0
  implics          :       0.00       0.00     17          0          0          0          0          0          0          0          0          0
  inttobinary      :       0.00       0.00      0          0          0          0          0          0          0          0          0          0
  qpkktref         :       0.00       0.00      0          0          0          0          0          0          0          0          0          0
  redvub           :       0.00       0.00      0          0          0          0          0          0          0          0          0          0
  sparsify         :       0.00       0.00      2          0          0          0          0          0          0          0          0          0
  stuffing         :       0.00       0.00      0          0          0          0          0          0          0          0          0          0
  trivial          :       0.00       0.00     24         10          0          0          0          0          0          0          0          0
  tworowbnd        :       0.00       0.00      0          0          0          0          0          0          0          0          0          0
  dualfix          :       0.00       0.00     24          0          0          0          0          0          0          0          0          0
  genvbounds       :       0.00       0.00      0          0          0          0          0          0          0          0          0          0
  probing          :       0.01       0.00      4          0          8          0          0          0          0          0          0          0
  pseudoobj        :       0.00       0.00      1          0          0          0          0          0          0          0          0          0
  symmetry         :       0.00       0.00      1          2          0          0          0          0          0          5          0          0
  vbounds          :       0.00       0.00      3          0          1          0          0          0          0          0          0          0
  knapsack         :       0.00       0.00     33          0          0          0          0          0          0          0          0          4
  setppc           :       0.00       0.00     49          0         10          0          0          0         30          0          1          0
  linear           :       0.00       0.00     21          0          0          0          0          0         40          0          2          0
  orbisack         :       0.00       0.00      6          0          0          0          0          0          0          0          0          0
  orbitope         :       0.00       0.00     15          1          0          0          0          0          0          0          0          0
  symretope        :       0.00       0.00      6          0          0          0          0          0          0          0          0          0
  logicor          :       0.00       0.00     28          0          0          0          0          0          8          0          0        110
  benders          :       0.00       0.00      0          0          0          0          0          0          0          0          0          0
  components       :       0.00       0.00      2          0          0          0          0          0          0          0          0          0
  root node        :          -          -      -         73          -          -         73          -          -          -          -          -
Constraints        :     Number  MaxNumber  #Separate #Propagate    #EnfoLP    #EnfoRelax  #EnfoPS    #Check   #ResProp    Cutoffs    DomReds       Cuts    Applied      Conss   Children
  benderslp        :          0          0          0          0          1          0          0          8          0          0          0          0          0          0          0
  integral         :          0          0          0          0          1          0          0          8          0          0          0          0          0          0          2
  knapsack         :         21         21          1         90          0          0          0          0          5          0          0          0          0          0          0
  setppc           :        138        138         17       1287          0          0          0          3        358         39          0          1          1          0          0
  linear           :          3+        87         16        267          0          0          0          0         12          1          0          1          1          0          0
  orbisack         :          2          2          0         11          0          0          0          0          5          2          0          0          0          0          0
  orbitope         :          2          2          0       1145          0          0          0          0         12          0          0          0          0          0          0
  symretope        :          1          1          0         63          0          0          0          0          2          5          0          0          0          0          0
  logicor          :        212+       221         17        244          0          0          0          0         21          8          0          5          2          0          0
  benders          :          0          0          0          0          0          0          0          0          0          0          0          0          0          0          0
  countsols        :          0          0          0          0          0          0          0          0          0          0          0          0          0          0          0
  components       :          0          0          0          0          0          0          0          0          0          0          0          0          0          0          0
Constraint Timings :  TotalTime  SetupTime   Separate  Propagate     EnfoLP     EnfoPS     EnfoRelax   Check    ResProp    SB-Prop
  benderslp        :       0.00       0.00       0.00       0.00       0.00       0.00       0.00       0.00       0.00       0.00
  integral         :       0.03       0.00       0.00       0.00       0.03       0.00       0.00       0.00       0.00       0.00
  knapsack         :       0.00       0.00       0.00       0.00       0.00       0.00       0.00       0.00       0.00       0.00
  setppc           :       0.01       0.00       0.00       0.01       0.00       0.00       0.00       0.00       0.00       0.00
  linear           :       0.00       0.00       0.00       0.00       0.00       0.00       0.00       0.00       0.00       0.00
  orbisack         :       0.00       0.00       0.00       0.00       0.00       0.00       0.00       0.00       0.00       0.00
  orbitope         :       0.00       0.00       0.00       0.00       0.00       0.00       0.00       0.00       0.00       0.00
  symretope        :       0.00       0.00       0.00       0.00       0.00       0.00       0.00       0.00       0.00       0.00
  logicor          :       0.00       0.00       0.00       0.00       0.00       0.00       0.00       0.00       0.00       0.00
  benders          :       0.00       0.00       0.00       0.00       0.00       0.00       0.00       0.00       0.00       0.00
  countsols        :       0.00       0.00       0.00       0.00       0.00       0.00       0.00       0.00       0.00       0.00
  components       :       0.00       0.00       0.00       0.00       0.00       0.00       0.00       0.00       0.00       0.00
Propagators        : #Propagate   #ResProp    Cutoffs    DomReds
  dualfix          :          3          0          0          0
  genvbounds       :          0          0          0          0
  nlobbt           :          0          0          0          0
  obbt             :          0          0          0          0
  probing          :          0          0          0          0
  pseudoobj        :          0          0          0          0
  redcost          :          0          0          0          0
  rootredcost      :          0          0          0          0
  symmetry         :          0          0          0          0
  vbounds          :        366          0          0          0
Propagator Timings :  TotalTime  SetupTime   Presolve  Propagate    ResProp    SB-Prop
  dualfix          :       0.00       0.00       0.00       0.00       0.00       0.00
  genvbounds       :       0.00       0.00       0.00       0.00       0.00       0.00
  nlobbt           :       0.00       0.00       0.00       0.00       0.00       0.00
  obbt             :       0.00       0.00       0.00       0.00       0.00       0.00
  probing          :       0.01       0.00       0.01       0.00       0.00       0.00
  pseudoobj        :       0.00       0.00       0.00       0.00       0.00       0.00
  redcost          :       0.00       0.00       0.00       0.00       0.00       0.00
  rootredcost      :       0.00       0.00       0.00       0.00       0.00       0.00
  symmetry         :       0.00       0.00       0.00       0.00       0.00       0.00
  vbounds          :       0.00       0.00       0.00       0.00       0.00       0.00
Orbital fixing     :
  vars fixed to 0  :          0
  vars fixed to 1  :          0
Conflict Analysis  :       Time      Calls    Success    DomReds  Conflicts   Literals    Reconvs ReconvLits   Dualrays   Nonzeros   LP Iters   (pool size: [10000,10000])
  propagation      :       0.00         48         48          -         88        5.3          2        3.5          -          -          -
  infeasible LP    :       0.00          1          1          -          5        9.4          0        0.0          1       11.0          0
  bound exceed. LP :       0.00          0          0          -          0        0.0          0        0.0          0        0.0          0
  strong branching :       0.00          0          0          -          0        0.0          0        0.0          -          -          0
  pseudo solution  :       0.00          0          0          -          0        0.0          0        0.0          -          -          -
  applied globally :       0.00          -          -          0         89        4.7          -          -          1          -          -
  applied locally  :          -          -          -          0          0        0.0          -          -          0          -          -
Separators         :   ExecTime  SetupTime      Calls  RootCalls    Cutoffs    DomReds  FoundCuts ViaPoolAdd  DirectAdd    Applied ViaPoolApp  DirectApp      Conss
  cut pool         :       0.01          -         29         29          -          -       1358        843          -          -          -          -          -    (maximal pool size:       1314)
  aggregation      :       0.02       0.00         16         16          0          0          3          0          0          0          0          0          0
  > cmir           :          -          -          -          -          -          -          -          0          0          0          0          0          -
  > flowcover      :          -          -          -          -          -          -          -          0          0          0          0          0          -
  > knapsackcover  :          -          -          -          -          -          -          -          0          0          0          0          0          -
  cgmip            :       0.00       0.00          0          0          0          0          0          0          0          0          0          0          0
  clique           :       0.00       0.00         16         16          0          0          0          0          0          0          0          0          0
  closecuts        :       0.00       0.00          0          0          0          0          0          0          0          0          0          0          0
  convexproj       :       0.00       0.00          0          0          0          0          0          0          0          0          0          0          0
  disjunctive      :       0.00       0.00          0          0          0          0          0          0          0          0          0          0          0
  eccuts           :       0.00       0.00          0          0          0          0          0          0          0          0          0          0          0
  gauge            :       0.00       0.00          0          0          0          0          0          0          0          0          0          0          0
  gomory           :       0.07       0.00         11         11          0          0       1335        825          0         15         15          0          0
  > gomorymi       :          -          -          -          -          -          -          -        517          0         13         13          0          -
  > strongcg       :          -          -          -          -          -          -          -        308          0          2          2          0          -
  impliedbounds    :       0.00       0.00         16         16          0          0          2          1          0          1          1          0          0
  interminor       :       0.00       0.00          0          0          0          0          0          0          0          0          0          0          0
  intobj           :       0.00       0.00          0          0          0          0          0          0          0          0          0          0          0
  mcf              :       0.00       0.00          2          2          0          0          0          0          0          0          0          0          0
  minor            :       0.00       0.00          0          0          0          0          0          0          0          0          0          0          0
  mixing           :       0.00       0.00          0          0          0          0          0          0          0          0          0          0          0
  oddcycle         :       0.00       0.00          0          0          0          0          0          0          0          0          0          0          0
  rapidlearning    :       0.09       0.00          2          2          0         73          0          0          0          0          0          0        284
  rlt              :       0.00       0.00         11         11          0          0          0          0          0          0          0          0          0
  zerohalf         :       0.01       0.00         16         16          0          0         18         17          0         10         10          0          0
Cutselectors       :   ExecTime  SetupTime      Calls  RootCalls   Selected     Forced   Filtered  RootSelec   RootForc   RootFilt 
  hybrid           :       0.00       0.00         15         15         30          0        820         30          0        820
Pricers            :   ExecTime  SetupTime      Calls       Vars
  problem variables:       0.00          -          0          0
Branching Rules    :   ExecTime  SetupTime   BranchLP  BranchExt   BranchPS    Cutoffs    DomReds       Cuts      Conss   Children
  allfullstrong    :       0.00       0.00          0          0          0          0          0          0          0          0
  cloud            :       0.00       0.00          0          0          0          0          0          0          0          0
  distribution     :       0.00       0.00          0          0          0          0          0          0          0          0
  fullstrong       :       0.00       0.00          0          0          0          0          0          0          0          0
  inference        :       0.00       0.00          0          0          0          0          0          0          0          0
  leastinf         :       0.00       0.00          0          0          0          0          0          0          0          0
  lookahead        :       0.00       0.00          0          0          0          0          0          0          0          0
  mostinf          :       0.00       0.00          0          0          0          0          0          0          0          0
  multaggr         :       0.00       0.00          0          0          0          0          0          0          0          0
  nodereopt        :       0.00       0.00          0          0          0          0          0          0          0          0
  pscost           :       0.00       0.00          0          0          0          0          0          0          0          0
  random           :       0.00       0.00          0          0          0          0          0          0          0          0
  relpscost        :       0.03       0.00          1          0          0          0          0          0          0          2
  vanillafullstrong:       0.00       0.00          0          0          0          0          0          0          0          0
Primal Heuristics  :   ExecTime  SetupTime      Calls      Found       Best
  LP solutions     :       0.00          -          -          0          0
  relax solutions  :       0.00          -          -          0          0
  pseudo solutions :       0.00          -          -          0          0
  strong branching :       0.00          -          -          0          0
  actconsdiving    :       0.00       0.00          0          0          0
  adaptivediving   :       0.00       0.00          0          0          0
  alns             :       0.00       0.00          1          0          0
  bound            :       0.00       0.00          0          0          0
  clique           :       0.00       0.00          1          0          0
  coefdiving       :       0.00       0.00          0          0          0
  completesol      :       0.00       0.00          0          0          0
  conflictdiving   :       0.00       0.00          1          0          0
  crossover        :       0.00       0.00          0          0          0
  dins             :       0.00       0.00          0          0          0
  distributiondivin:       0.00       0.00          0          0          0
  dps              :       0.00       0.00          0          0          0
  dualval          :       0.00       0.00          0          0          0
  farkasdiving     :       0.00       0.00          0          0          0
  feaspump         :       0.01       0.00          1          0          0
  fixandinfer      :       0.00       0.00          0          0          0
  fracdiving       :       0.00       0.00          0          0          0
  gins             :       0.00       0.00          0          0          0
  guideddiving     :       0.00       0.00          0          0          0
  indicator        :       0.00       0.00          0          0          0
  intdiving        :       0.00       0.00          0          0          0
  intshifting      :       0.00       0.00          0          0          0
  linesearchdiving :       0.00       0.00          0          0          0
  localbranching   :       0.00       0.00          0          0          0
  locks            :       0.00       0.00          1          0          0
  lpface           :       0.00       0.00          0          0          0
  mpec             :       0.00       0.00          0          0          0
  multistart       :       0.00       0.00          0          0          0
  mutation         :       0.00       0.00          0          0          0
  nlpdiving        :       0.00       0.00          0          0          0
  objpscostdiving  :       0.00       0.00          0          0          0
  octane           :       0.00       0.00          0          0          0
  ofins            :       0.00       0.00          0          0          0
  oneopt           :       0.00       0.00          0          0          0
  padm             :       0.00       0.00          0          0          0
  proximity        :       0.00       0.00          0          0          0
  pscostdiving     :       0.00       0.00          0          0          0
  randrounding     :       0.01       0.00         17          0          0
  rens             :       0.00       0.00          0          0          0
  reoptsols        :       0.00       0.00          0          0          0
  repair           :       0.00       0.00          0          0          0
  rins             :       0.00       0.00          0          0          0
  rootsoldiving    :       0.00       0.00          0          0          0
  rounding         :       0.00       0.00         17          0          0
  shiftandpropagate:       0.00       0.00          2          0          0
  shifting         :       0.00       0.00         17          0          0
  simplerounding   :       0.00       0.00          0          0          0
  subnlp           :       0.00       0.00          0          0          0
  trivial          :       0.00       0.00          2          0          0
  trivialnegation  :       0.00       0.00          0          0          0
  trustregion      :       0.00       0.00          0          0          0
  trysol           :       0.00       0.00          0          0          0
  twoopt           :       0.00       0.00          0          0          0
  undercover       :       0.00       0.00          0          0          0
  vbounds          :       0.00       0.00          2          0          0
  veclendiving     :       0.00       0.00          0          0          0
  zeroobj          :       0.00       0.00          0          0          0
  zirounding       :       0.00       0.00          1          0          0
  other solutions  :          -          -          -          0          -
LP                 :       Time      Calls Iterations  Iter/call   Iter/sec  Time-0-It Calls-0-It    ItLimit
  primal LP        :       0.00          1          0       0.00          -       0.00          1
  dual LP          :       0.02         19       1078      56.74   48736.38       0.00          0
  lex dual LP      :       0.00          0          0       0.00          -
  barrier LP       :       0.00          0          0       0.00          -       0.00          0
  resolve instable :       0.00          0          0       0.00          -
  diving/probing LP:       0.01         18        322      17.89          -
  strong branching :       0.03         10       1222     122.20   44520.55          -          -          0
    (at root node) :          -         10       1222     122.20          -
  conflict analysis:       0.00          0          0       0.00          -
B&B Tree           :
  number of runs   :          2
  nodes            :          1 (0 internal, 1 leaves)
  feasible leaves  :          0
  infeas. leaves   :          1
  objective leaves :          0
  nodes (total)    :          2 (1 internal, 1 leaves)
  nodes left       :          0
  max depth        :          0
  max depth (total):          0
  backtracks       :          0 (0.0%)
  early backtracks :          0 (0.0%)
  nodes exc. ref.  :          0 (0.0%)
  delayed cutoffs  :          0
  repropagations   :          0 (0 domain reductions, 0 cutoffs)
  avg switch length:       2.00
  switching time   :       0.00
Root Node          :
  First LP value   : +0.00000000000000e+00
  First LP Iters   :        116 (59979.32 Iter/sec)
  First LP Time    :       0.00
  Final Dual Bound :          -
  Final Root Iters :       1297
  Root LP Estimate :                     -
Solution           :
  Solutions found  :          0 (0 improvements)
  Primal Bound     : infeasible
  Dual Bound       :          -
  Gap              :       0.00 %
Integrals          :      Total       Avg%
  primal-dual      :          -          - (problem infeasible)
  primal-ref       :          -          - (problem infeasible)
  dual-ref         :          -          - (problem infeasible)
written solution information to file <results/final_flowersnark__settings_final_nopeek_relabel_respect__3__flowersnark9_3.cip.sol>
@04 1668003902
