FILENAME:   ../instances_new/flowersnark/flowersnark23_3.cip
SETTINGS:   settings_final_peek_relabel_respect
TIMELIMIT:  7200
OUTPUTNAME: final_flowersnark__settings_final_peek_relabel_respect__4__
BINNAME:    bin/sbcs.linux.x86_64.gnu.opt.cpx
BASENAME:   flowersnark23_3.cip
SEED:       4
@01 ../instances_new/flowersnark/flowersnark23_3.cip ===========
@02 flowersnark23_3.cip
@03 1668021614
SCIP version 8.0.2 [precision: 8 byte] [memory: block] [mode: optimized] [LP solver: CPLEX 20.1.0.0] [GitHash: 5f0473c]
Copyright (C) 2002-2022 Konrad-Zuse-Zentrum fuer Informationstechnik Berlin (ZIB)

Symretope propagation methods - (c) Jasper van Doornmalen, Christopher Hojny.
[GitHash: 2fd0484]

reading parameter file <../settings/settings_final_peek_relabel_respect.set> ...

Changed settings:
limits/time = 7200
misc/usesymmetry = 1
randomization/randomseedshift = 4
constraints/orbisack/sepafreq = -1
constraints/symresack/sepafreq = -1
propagating/symmetry/addsymresacks = TRUE
propagating/symmetry/detectsubgroups = FALSE
propagating/symmetry/relabelsymretopes = 3
propagating/symmetry/ofsymcomptiming = 0
constraints/symretope/sepafreq = -1


solving problem ...

original problem has 414 variables (414 bin, 0 int, 0 impl, 0 cont) and 414 constraints
presolving:
(round 1, exhaustive) 0 del vars, 0 del conss, 0 add conss, 0 chg bounds, 0 chg sides, 0 chg coeffs, 414 upgd conss, 0 impls, 414 clqs
   (0.0s) probing: 51/414 (12.3%) - 0 fixings, 0 aggregations, 0 implications, 0 bound changes
   (0.0s) probing aborted: 50/50 successive totally useless probings
   (0.0s) symmetry computation started: requiring (bin +, int +, cont +), (fixed: bin -, int -, cont -)
   (0.0s) symmetry computation finished: 5 generators found (max: 1500, log10 of symmetry group size: 2.7)
(round 2, exhaustive) 7 del vars, 0 del conss, 5 add conss, 0 chg bounds, 0 chg sides, 0 chg coeffs, 414 upgd conss, 0 impls, 411 clqs
(round 3, fast)       16 del vars, 7 del conss, 5 add conss, 0 chg bounds, 0 chg sides, 0 chg coeffs, 414 upgd conss, 0 impls, 407 clqs
(round 4, medium)     17 del vars, 7 del conss, 5 add conss, 0 chg bounds, 0 chg sides, 0 chg coeffs, 414 upgd conss, 0 impls, 407 clqs
(round 5, fast)       18 del vars, 8 del conss, 5 add conss, 0 chg bounds, 0 chg sides, 0 chg coeffs, 414 upgd conss, 0 impls, 406 clqs
   (0.0s) probing: 56/414 (13.5%) - 0 fixings, 0 aggregations, 0 implications, 0 bound changes
   (0.0s) probing aborted: 50/50 successive totally useless probings
presolving (6 rounds: 6 fast, 4 medium, 3 exhaustive):
 18 deleted vars, 8 deleted constraints, 5 added constraints, 0 tightened bounds, 0 added holes, 0 changed sides, 0 changed coefficients
 0 implications, 406 cliques
presolved problem has 401 variables (401 bin, 0 int, 0 impl, 0 cont) and 411 constraints
    406 constraints of type <setppc>
      2 constraints of type <orbisack>
      2 constraints of type <orbitope>
      1 constraints of type <symretope>
transformed objective value is always integral (scale: 1)
Presolving Time: 0.01

 time | node  | left  |LP iter|LP it/n|mem/heur|mdpt |vars |cons |rows |cuts |sepa|confs|strbr|  dualbound   | primalbound  |  gap   | compl. 
  0.0s|     1 |     0 |   260 |     - |  6652k |   0 | 401 | 469 | 407 |   0 |  0 |  57 |   0 | 0.000000e+00 |      --      |    Inf | unknown
  0.1s|     1 |     0 |   561 |     - |  7415k |   0 | 401 | 670 | 409 |   2 |  1 |  58 |   0 | 0.000000e+00 |      --      |    Inf | unknown
  0.1s|     1 |     0 |   622 |     - |  8485k |   0 | 401 | 672 | 411 |   4 |  2 |  60 |   0 | 0.000000e+00 |      --      |    Inf | unknown
  0.2s|     1 |     0 |   678 |     - |  9370k |   0 | 401 | 674 | 415 |   8 |  3 |  62 |   0 | 0.000000e+00 |      --      |    Inf | unknown
  0.2s|     1 |     0 |   772 |     - |    10M |   0 | 401 | 675 | 417 |  10 |  4 |  63 |   0 | 0.000000e+00 |      --      |    Inf | unknown
  0.2s|     1 |     0 |   873 |     - |    12M |   0 | 401 | 676 | 419 |  12 |  5 |  64 |   0 | 0.000000e+00 |      --      |    Inf | unknown
  0.3s|     1 |     0 |   986 |     - |    13M |   0 | 401 | 678 | 421 |  14 |  6 |  66 |   0 | 0.000000e+00 |      --      |    Inf | unknown
  0.3s|     1 |     0 |  1064 |     - |    15M |   0 | 401 | 679 | 423 |  16 |  7 |  67 |   0 | 0.000000e+00 |      --      |    Inf | unknown
  0.3s|     1 |     0 |  1120 |     - |    16M |   0 | 401 | 680 | 424 |  17 |  8 |  68 |   0 | 0.000000e+00 |      --      |    Inf | unknown
  0.3s|     1 |     0 |  1178 |     - |    17M |   0 | 401 | 681 | 426 |  19 |  9 |  69 |   0 | 0.000000e+00 |      --      |    Inf | unknown
  0.3s|     1 |     0 |  1241 |     - |    18M |   0 | 401 | 682 | 429 |  22 | 10 |  70 |   0 | 0.000000e+00 |      --      |    Inf | unknown
  0.4s|     1 |     0 |  1305 |     - |    18M |   0 | 401 | 683 | 431 |  24 | 11 |  71 |   0 | 0.000000e+00 |      --      |    Inf | unknown
  0.4s|     1 |     0 |  1367 |     - |    18M |   0 | 401 | 685 | 427 |  25 | 12 |  73 |   0 | 0.000000e+00 |      --      |    Inf | unknown
  0.4s|     1 |     0 |  1479 |     - |    19M |   0 | 401 | 688 | 429 |  27 | 13 |  76 |   0 | 0.000000e+00 |      --      |    Inf | unknown
  0.4s|     1 |     0 |  1496 |     - |    19M |   0 | 401 | 689 | 430 |  28 | 14 |  77 |   0 | 0.000000e+00 |      --      |    Inf | unknown
 time | node  | left  |LP iter|LP it/n|mem/heur|mdpt |vars |cons |rows |cuts |sepa|confs|strbr|  dualbound   | primalbound  |  gap   | compl. 
  0.4s|     1 |     0 |  1564 |     - |    19M |   0 | 401 | 691 | 432 |  30 | 15 |  79 |   0 | 0.000000e+00 |      --      |    Inf | unknown
  0.4s|     1 |     0 |  1655 |     - |    19M |   0 | 401 | 695 | 434 |  32 | 16 |  83 |   0 | 0.000000e+00 |      --      |    Inf | unknown
  0.4s|     1 |     0 |  1707 |     - |    19M |   0 | 401 | 696 | 437 |  35 | 17 |  84 |   0 | 0.000000e+00 |      --      |    Inf | unknown
  0.4s|     1 |     0 |  1783 |     - |    19M |   0 | 401 | 699 | 427 |  37 | 18 |  87 |   0 | 0.000000e+00 |      --      |    Inf | unknown
  0.4s|     1 |     0 |  1863 |     - |    19M |   0 | 401 | 701 | 428 |  38 | 19 |  89 |   0 | 0.000000e+00 |      --      |    Inf | unknown
  0.4s|     1 |     0 |  1896 |     - |    19M |   0 | 401 | 703 | 429 |  39 | 20 |  91 |   0 | 0.000000e+00 |      --      |    Inf | unknown
  0.5s|     1 |     2 |  1942 |     - |    19M |   0 | 401 | 709 | 429 |  39 | 22 |  97 |  11 | 0.000000e+00 |      --      |    Inf | unknown
  0.9s|   100 |    42 |  7025 |  51.8 |    21M |  18 | 401 |1037 | 413 |  62 |  1 | 425 |  11 | 0.000000e+00 |      --      |    Inf | unknown
  1.2s|   200 |    60 | 12297 |  52.3 |    21M |  20 | 401 |1294 | 415 |  80 |  1 | 689 |  11 | 0.000000e+00 |      --      |    Inf | unknown
  1.6s|   300 |    71 | 17511 |  52.2 |    22M |  20 | 401 |1639 | 417 |  84 |  1 |1036 |  11 | 0.000000e+00 |      --      |    Inf | unknown
  2.5s|   400 |   102 | 24212 |  55.9 |    25M |  20 | 401 |1903 | 419 | 116 |  1 |1305 |  11 | 0.000000e+00 |      --      |    Inf |   0.60%
  3.5s|   500 |   133 | 29555 |  55.4 |    31M |  20 | 401 |2153 |   0 | 160 |  0 |1557 |  11 | 0.000000e+00 |      --      |    Inf |   1.02%
  3.9s|   600 |   132 | 34365 |  54.2 |    31M |  20 | 401 |2315 | 416 | 191 |  1 |1731 |  11 | 0.000000e+00 |      --      |    Inf |   1.66%
  4.2s|   700 |   152 | 38236 |  52.0 |    32M |  20 | 401 |2530 | 416 | 204 |  1 |2030 |  11 | 0.000000e+00 |      --      |    Inf |   1.81%
  4.6s|   800 |   158 | 42774 |  51.2 |    32M |  20 | 401 |2559 | 415 | 212 |  1 |2371 |  11 | 0.000000e+00 |      --      |    Inf |   2.17%
 time | node  | left  |LP iter|LP it/n|mem/heur|mdpt |vars |cons |rows |cuts |sepa|confs|strbr|  dualbound   | primalbound  |  gap   | compl. 
  4.8s|   900 |   165 | 46397 |  49.5 |    32M |  20 | 401 |2512 | 416 | 230 |  1 |2573 |  11 | 0.000000e+00 |      --      |    Inf |   2.32%
Restart triggered after 50 consecutive estimations that the remaining tree will be large
(run 1, node 951) performing user restart

(restart) converted 8 cuts from the global cut pool into linear constraints

presolving:
(round 1, fast)       2 del vars, 67 del conss, 0 add conss, 0 chg bounds, 0 chg sides, 5 chg coeffs, 0 upgd conss, 0 impls, 414 clqs
(round 2, medium)     6 del vars, 67 del conss, 0 add conss, 0 chg bounds, 0 chg sides, 5 chg coeffs, 0 upgd conss, 0 impls, 407 clqs
(round 3, fast)       6 del vars, 77 del conss, 0 add conss, 0 chg bounds, 0 chg sides, 8 chg coeffs, 0 upgd conss, 0 impls, 407 clqs
(round 4, exhaustive) 6 del vars, 101 del conss, 12 add conss, 0 chg bounds, 0 chg sides, 8 chg coeffs, 0 upgd conss, 0 impls, 407 clqs
(round 5, exhaustive) 6 del vars, 105 del conss, 12 add conss, 0 chg bounds, 0 chg sides, 8 chg coeffs, 0 upgd conss, 0 impls, 407 clqs
(round 6, exhaustive) 6 del vars, 108 del conss, 12 add conss, 0 chg bounds, 3 chg sides, 8 chg coeffs, 0 upgd conss, 0 impls, 407 clqs
(round 7, exhaustive) 6 del vars, 108 del conss, 12 add conss, 0 chg bounds, 3 chg sides, 8 chg coeffs, 205 upgd conss, 0 impls, 407 clqs
(round 8, exhaustive) 6 del vars, 118 del conss, 17 add conss, 0 chg bounds, 3 chg sides, 8 chg coeffs, 205 upgd conss, 0 impls, 407 clqs
(round 9, exhaustive) 6 del vars, 270 del conss, 17 add conss, 0 chg bounds, 3 chg sides, 406 chg coeffs, 205 upgd conss, 0 impls, 407 clqs
(round 10, exhaustive) 6 del vars, 275 del conss, 17 add conss, 0 chg bounds, 3 chg sides, 406 chg coeffs, 205 upgd conss, 0 impls, 407 clqs
(round 11, exhaustive) 6 del vars, 275 del conss, 17 add conss, 0 chg bounds, 3 chg sides, 575 chg coeffs, 205 upgd conss, 0 impls, 407 clqs
(round 12, exhaustive) 6 del vars, 282 del conss, 17 add conss, 0 chg bounds, 3 chg sides, 592 chg coeffs, 205 upgd conss, 0 impls, 408 clqs
presolving (13 rounds: 13 fast, 11 medium, 10 exhaustive):
 6 deleted vars, 282 deleted constraints, 17 added constraints, 0 tightened bounds, 0 added holes, 3 changed sides, 592 changed coefficients
 0 implications, 408 cliques
presolved problem has 395 variables (395 bin, 0 int, 0 impl, 0 cont) and 2156 constraints
     95 constraints of type <knapsack>
    401 constraints of type <setppc>
      5 constraints of type <linear>
      2 constraints of type <orbisack>
      2 constraints of type <orbitope>
      1 constraints of type <symretope>
   1650 constraints of type <logicor>
transformed objective value is always integral (scale: 1)
Presolving Time: 0.10

 time | node  | left  |LP iter|LP it/n|mem/heur|mdpt |vars |cons |rows |cuts |sepa|confs|strbr|  dualbound   | primalbound  |  gap   | compl. 
  5.1s|     1 |     0 | 48844 |     - |    35M |   0 | 395 |2189 | 408 |   0 |  0 |2728 |  11 | 0.000000e+00 |      --      |    Inf | unknown
  5.3s|     1 |     0 | 48911 |     - |    35M |   0 | 395 |2391 | 410 |   2 |  1 |2730 |  11 | 0.000000e+00 |      --      |    Inf | unknown
  5.3s|     1 |     0 | 48990 |     - |    35M |   0 | 395 |2392 | 415 |   7 |  2 |2731 |  11 | 0.000000e+00 |      --      |    Inf | unknown
  5.4s|     1 |     0 | 49060 |     - |    35M |   0 | 395 |2394 | 419 |  11 |  3 |2733 |  11 | 0.000000e+00 |      --      |    Inf | unknown
  5.4s|     1 |     0 | 49139 |     - |    35M |   0 | 395 |2396 | 424 |  16 |  4 |2735 |  11 | 0.000000e+00 |      --      |    Inf | unknown
  5.4s|     1 |     0 | 49197 |     - |    35M |   0 | 395 |2397 | 426 |  18 |  5 |2736 |  11 | 0.000000e+00 |      --      |    Inf | unknown
  5.4s|     1 |     0 | 49265 |     - |    35M |   0 | 395 |2399 | 428 |  20 |  6 |2738 |  11 | 0.000000e+00 |      --      |    Inf | unknown
  5.4s|     1 |     0 | 49362 |     - |    35M |   0 | 395 |2400 | 431 |  23 |  7 |2739 |  11 | 0.000000e+00 |      --      |    Inf | unknown
  5.5s|     1 |     0 | 49394 |     - |    35M |   0 | 395 |2401 | 433 |  25 |  8 |2740 |  11 | 0.000000e+00 |      --      |    Inf | unknown
  5.5s|     1 |     0 | 49452 |     - |    35M |   0 | 395 |2403 | 436 |  28 |  9 |2742 |  11 | 0.000000e+00 |      --      |    Inf | unknown
  5.5s|     1 |     0 | 49535 |     - |    35M |   0 | 395 |2404 | 438 |  30 | 10 |2743 |  11 | 0.000000e+00 |      --      |    Inf | unknown
  5.5s|     1 |     0 | 49590 |     - |    35M |   0 | 395 |2405 | 441 |  33 | 11 |2744 |  11 | 0.000000e+00 |      --      |    Inf | unknown
  5.5s|     1 |     0 | 49691 |     - |    35M |   0 | 395 |2406 | 443 |  35 | 12 |2745 |  11 | 0.000000e+00 |      --      |    Inf | unknown
  5.5s|     1 |     0 | 49765 |     - |    35M |   0 | 395 |2410 | 445 |  37 | 13 |2749 |  11 | 0.000000e+00 |      --      |    Inf | unknown
  5.5s|     1 |     0 | 49817 |     - |    35M |   0 | 395 |2412 | 423 |  39 | 14 |2751 |  11 | 0.000000e+00 |      --      |    Inf | unknown
 time | node  | left  |LP iter|LP it/n|mem/heur|mdpt |vars |cons |rows |cuts |sepa|confs|strbr|  dualbound   | primalbound  |  gap   | compl. 
  5.6s|     1 |     2 | 50031 |     - |    35M |   0 | 395 |2425 | 423 |  39 | 15 |2764 |  21 | 0.000000e+00 |      --      |    Inf | unknown
  6.2s|   100 |    42 | 55408 |  49.7 |    36M |  20 | 395 |2665 |   0 |  48 |  0 |3017 |  21 | 0.000000e+00 |      --      |    Inf | unknown
  6.6s|   200 |    76 | 59631 |  49.0 |    36M |  20 | 395 |2829 | 408 |  62 |  1 |3231 |  21 | 0.000000e+00 |      --      |    Inf | unknown
  7.1s|   300 |    84 | 63974 |  48.6 |    36M |  20 | 395 |2944 | 408 |  62 |  1 |3472 |  21 | 0.000000e+00 |      --      |    Inf | unknown
  7.8s|   400 |   129 | 70277 |  49.6 |    36M |  20 | 395 |3082 | 409 | 126 |  0 |3791 |  21 | 0.000000e+00 |      --      |    Inf | unknown
  8.1s|   500 |   154 | 74475 |  49.1 |    37M |  20 | 395 |3192 | 411 | 136 |  1 |4028 |  21 | 0.000000e+00 |      --      |    Inf | unknown
  8.3s|   600 |   160 | 78252 |  48.4 |    37M |  20 | 395 |3315 | 408 | 136 |  0 |4295 |  21 | 0.000000e+00 |      --      |    Inf | unknown
  8.7s|   700 |   193 | 82644 |  48.1 |    38M |  20 | 395 |3572 | 407 | 164 |  0 |4730 |  21 | 0.000000e+00 |      --      |    Inf |   0.54%
  8.9s|   800 |   204 | 85887 |  47.2 |    38M |  20 | 395 |3672 | 407 | 177 |  1 |4976 |  21 | 0.000000e+00 |      --      |    Inf |   0.60%
  9.2s|   900 |   216 | 89337 |  46.5 |    38M |  20 | 395 |3785 | 407 | 177 |  0 |5276 |  21 | 0.000000e+00 |      --      |    Inf |   0.62%
  9.4s|  1000 |   212 | 93312 |  46.2 |    38M |  20 | 395 |3857 | 409 | 177 |  0 |5536 |  21 | 0.000000e+00 |      --      |    Inf |   0.67%
  9.7s|  1100 |   195 | 96325 |  45.4 |    38M |  20 | 395 |3809 | 408 | 182 |  0 |5787 |  21 | 0.000000e+00 |      --      |    Inf |   1.00%
  9.9s|  1200 |   214 |100391 |  45.2 |    38M |  20 | 395 |3788 |   0 | 191 |  0 |6019 |  21 | 0.000000e+00 |      --      |    Inf |   1.07%
 10.2s|  1300 |   215 |103954 |  44.8 |    38M |  20 | 395 |3829 | 409 | 201 |  1 |6267 |  21 | 0.000000e+00 |      --      |    Inf |   1.17%
 11.0s|  1400 |   242 |108461 |  44.8 |    39M |  20 | 395 |3920 | 408 | 207 |  1 |6459 |  21 | 0.000000e+00 |      --      |    Inf |   1.22%
 time | node  | left  |LP iter|LP it/n|mem/heur|mdpt |vars |cons |rows |cuts |sepa|confs|strbr|  dualbound   | primalbound  |  gap   | compl. 
 12.0s|  1500 |   254 |113562 |  45.0 |    39M |  20 | 395 |4104 | 408 | 207 |  1 |6751 |  21 | 0.000000e+00 |      --      |    Inf |   1.23%
 12.7s|  1600 |   242 |116888 |  44.6 |    39M |  20 | 395 |4117 | 407 | 207 |  1 |6968 |  21 | 0.000000e+00 |      --      |    Inf |   1.36%
 13.4s|  1700 |   259 |120522 |  44.2 |    39M |  20 | 395 |4172 | 407 | 207 |  1 |7183 |  21 | 0.000000e+00 |      --      |    Inf |   1.37%
 13.9s|  1800 |   243 |123384 |  43.7 |    39M |  20 | 395 |4207 |   0 | 213 |  0 |7413 |  21 | 0.000000e+00 |      --      |    Inf |   3.04%
 14.3s|  1900 |   239 |126712 |  43.3 |    39M |  22 | 395 |4143 | 407 | 213 |  0 |7621 |  21 | 0.000000e+00 |      --      |    Inf |   3.13%
 14.6s|  2000 |   260 |130690 |  43.2 |    39M |  23 | 395 |4183 | 407 | 219 |  1 |7906 |  21 | 0.000000e+00 |      --      |    Inf |   3.17%
 14.8s|  2100 |   253 |134678 |  43.1 |    39M |  23 | 395 |4229 | 407 | 219 |  1 |8115 |  21 | 0.000000e+00 |      --      |    Inf |   3.19%
 15.0s|  2200 |   255 |138754 |  43.0 |    39M |  23 | 395 |4177 | 408 | 220 |  1 |8265 |  21 | 0.000000e+00 |      --      |    Inf |   3.23%
 15.2s|  2300 |   273 |142352 |  42.8 |    39M |  23 | 395 |4349 | 408 | 220 |  1 |8515 |  21 | 0.000000e+00 |      --      |    Inf |   3.24%
 15.4s|  2400 |   274 |146485 |  42.8 |    39M |  23 | 395 |4498 | 408 | 220 |  1 |8731 |  21 | 0.000000e+00 |      --      |    Inf |   3.24%
 15.6s|  2500 |   282 |150118 |  42.6 |    39M |  23 | 395 |4682 | 408 | 220 |  0 |8968 |  21 | 0.000000e+00 |      --      |    Inf |   3.25%
 15.8s|  2600 |   273 |152696 |  42.1 |    39M |  23 | 395 |4812 | 408 | 220 |  1 |9170 |  21 | 0.000000e+00 |      --      |    Inf |   3.26%
 16.0s|  2700 |   270 |156254 |  41.9 |    39M |  23 | 395 |4920 | 408 | 220 |  1 |9447 |  21 | 0.000000e+00 |      --      |    Inf |   3.28%
 16.3s|  2800 |   262 |159613 |  41.7 |    39M |  23 | 395 |4897 | 407 | 223 |  0 |9651 |  21 | 0.000000e+00 |      --      |    Inf |   3.33%
 16.5s|  2900 |   273 |163451 |  41.6 |    39M |  23 | 395 |5002 | 407 | 223 |  1 |9895 |  21 | 0.000000e+00 |      --      |    Inf |   3.38%
 time | node  | left  |LP iter|LP it/n|mem/heur|mdpt |vars |cons |rows |cuts |sepa|confs|strbr|  dualbound   | primalbound  |  gap   | compl. 
 16.7s|  3000 |   273 |166920 |  41.4 |    39M |  23 | 395 |5151 | 405 | 223 |  1 |  10k|  21 | 0.000000e+00 |      --      |    Inf |   3.41%
 17.0s|  3100 |   274 |170718 |  41.3 |    39M |  23 | 395 |5094 |   0 | 226 |  0 |  10k|  21 | 0.000000e+00 |      --      |    Inf |   3.52%
 17.3s|  3200 |   293 |174496 |  41.3 |    39M |  23 | 395 |5081 | 410 | 238 |  1 |  10k|  21 | 0.000000e+00 |      --      |    Inf |   3.60%
 17.5s|  3300 |   305 |178762 |  41.3 |    40M |  23 | 395 |5052 | 407 | 238 |  0 |  10k|  21 | 0.000000e+00 |      --      |    Inf |   3.70%
 17.7s|  3400 |   309 |182621 |  41.2 |    40M |  23 | 395 |5031 | 405 | 238 |  1 |  11k|  21 | 0.000000e+00 |      --      |    Inf |   3.73%
 18.1s|  3500 |   309 |186930 |  41.3 |    40M |  23 | 395 |4983 | 408 | 253 |  1 |  11k|  21 | 0.000000e+00 |      --      |    Inf |   3.90%
 18.3s|  3600 |   322 |191648 |  41.4 |    40M |  23 | 395 |5065 | 409 | 266 |  1 |  11k|  21 | 0.000000e+00 |      --      |    Inf |   3.94%
 18.6s|  3700 |   344 |196611 |  41.6 |    40M |  23 | 395 |5399 | 410 | 266 |  1 |  12k|  21 | 0.000000e+00 |      --      |    Inf |   3.97%
 18.9s|  3800 |   343 |200416 |  41.5 |    40M |  23 | 395 |5573 | 407 | 276 |  0 |  12k|  21 | 0.000000e+00 |      --      |    Inf |   4.07%
 19.2s|  3900 |   358 |204355 |  41.5 |    40M |  23 | 395 |5412 | 406 | 287 |  1 |  12k|  21 | 0.000000e+00 |      --      |    Inf |   4.13%
 19.4s|  4000 |   377 |207491 |  41.3 |    40M |  23 | 395 |5415 |   0 | 291 |  0 |  12k|  21 | 0.000000e+00 |      --      |    Inf |   4.14%
 19.7s|  4100 |   396 |211378 |  41.2 |    40M |  23 | 395 |5370 | 407 | 314 |  1 |  13k|  21 | 0.000000e+00 |      --      |    Inf |   4.25%
 20.0s|  4200 |   393 |214748 |  41.1 |    40M |  23 | 395 |5298 | 407 | 314 |  1 |  13k|  21 | 0.000000e+00 |      --      |    Inf |   4.37%
 20.2s|  4300 |   388 |217616 |  40.8 |    40M |  23 | 395 |5050 | 405 | 314 |  1 |  13k|  21 | 0.000000e+00 |      --      |    Inf |   4.44%
 20.6s|  4400 |   422 |223691 |  41.2 |    40M |  23 | 395 |5055 | 408 | 314 |  1 |  13k|  21 | 0.000000e+00 |      --      |    Inf |   4.46%
 time | node  | left  |LP iter|LP it/n|mem/heur|mdpt |vars |cons |rows |cuts |sepa|confs|strbr|  dualbound   | primalbound  |  gap   | compl. 
 20.8s|  4500 |   428 |226785 |  41.0 |    40M |  23 | 395 |5088 | 407 | 314 |  1 |  14k|  21 | 0.000000e+00 |      --      |    Inf |   4.51%
 21.1s|  4600 |   433 |230338 |  40.9 |    40M |  23 | 395 |4960 | 409 | 318 |  1 |  14k|  21 | 0.000000e+00 |      --      |    Inf |   4.59%
 21.3s|  4700 |   426 |233322 |  40.7 |    40M |  23 | 395 |4883 | 407 | 318 |  0 |  14k|  21 | 0.000000e+00 |      --      |    Inf |   4.65%
 21.8s|  4800 |   458 |240061 |  41.2 |    40M |  23 | 395 |4626 | 407 | 343 |  1 |  14k|  21 | 0.000000e+00 |      --      |    Inf |   6.76%
 22.3s|  4900 |   506 |246139 |  41.5 |    41M |  23 | 395 |4636 | 405 | 389 |  1 |  15k|  21 | 0.000000e+00 |      --      |    Inf |   8.82%
 22.7s|  5000 |   554 |250987 |  41.6 |    41M |  23 | 395 |4840 | 409 | 433 |  1 |  15k|  21 | 0.000000e+00 |      --      |    Inf |   9.10%
 23.0s|  5100 |   589 |254555 |  41.5 |    42M |  23 | 395 |4997 |   0 | 454 |  0 |  15k|  21 | 0.000000e+00 |      --      |    Inf |   9.37%
 23.2s|  5200 |   597 |257652 |  41.4 |    42M |  23 | 395 |5106 |   0 | 464 |  0 |  16k|  21 | 0.000000e+00 |      --      |    Inf |   9.55%
 23.4s|  5300 |   615 |260301 |  41.1 |    42M |  23 | 395 |5215 | 406 | 464 |  1 |  16k|  21 | 0.000000e+00 |      --      |    Inf |   9.62%
 23.6s|  5400 |   617 |262476 |  40.8 |    42M |  23 | 395 |5362 |   0 | 464 |  0 |  16k|  21 | 0.000000e+00 |      --      |    Inf |   9.76%
 23.9s|  5500 |   622 |264925 |  40.6 |    42M |  23 | 395 |5394 | 409 | 476 |  0 |  16k|  21 | 0.000000e+00 |      --      |    Inf |   9.91%
 24.1s|  5600 |   635 |267312 |  40.3 |    42M |  23 | 395 |5523 | 409 | 476 |  1 |  17k|  21 | 0.000000e+00 |      --      |    Inf |   9.95%
 24.3s|  5700 |   625 |269719 |  40.1 |    42M |  23 | 395 |5531 | 407 | 476 |  1 |  17k|  21 | 0.000000e+00 |      --      |    Inf |  10.41%
 24.6s|  5800 |   629 |272685 |  39.9 |    42M |  23 | 395 |5569 | 407 | 480 |  1 |  17k|  21 | 0.000000e+00 |      --      |    Inf |  10.54%
 24.9s|  5900 |   636 |275159 |  39.7 |    42M |  23 | 395 |5653 | 408 | 499 |  1 |  17k|  21 | 0.000000e+00 |      --      |    Inf |  10.97%
 time | node  | left  |LP iter|LP it/n|mem/heur|mdpt |vars |cons |rows |cuts |sepa|confs|strbr|  dualbound   | primalbound  |  gap   | compl. 
 25.1s|  6000 |   643 |277531 |  39.5 |    43M |  23 | 395 |5838 | 408 | 510 |  1 |  17k|  21 | 0.000000e+00 |      --      |    Inf |  11.02%
 25.3s|  6100 |   655 |280412 |  39.3 |    43M |  23 | 395 |5919 | 408 | 514 |  1 |  18k|  21 | 0.000000e+00 |      --      |    Inf |  11.08%
 25.5s|  6200 |   649 |282458 |  39.0 |    43M |  23 | 395 |5908 | 408 | 514 |  1 |  18k|  21 | 0.000000e+00 |      --      |    Inf |  11.18%
 25.9s|  6300 |   664 |287046 |  39.1 |    43M |  23 | 395 |6014 | 409 | 565 |  1 |  18k|  21 | 0.000000e+00 |      --      |    Inf |  11.72%
 26.2s|  6400 |   670 |290727 |  39.1 |    43M |  23 | 395 |6137 | 405 | 579 |  0 |  18k|  21 | 0.000000e+00 |      --      |    Inf |  12.32%
 26.5s|  6500 |   680 |294213 |  39.1 |    43M |  23 | 395 |6191 |   0 | 585 |  0 |  19k|  21 | 0.000000e+00 |      --      |    Inf |  12.71%
 26.7s|  6600 |   674 |296374 |  38.8 |    43M |  23 | 395 |6272 |   0 | 597 |  0 |  19k|  21 | 0.000000e+00 |      --      |    Inf |  12.85%
 26.9s|  6700 |   675 |299125 |  38.7 |    43M |  23 | 395 |6343 | 411 | 597 |  1 |  19k|  21 | 0.000000e+00 |      --      |    Inf |  12.97%
 27.2s|  6800 |   674 |302283 |  38.6 |    43M |  23 | 395 |6448 |   0 | 600 |  0 |  19k|  21 | 0.000000e+00 |      --      |    Inf |  13.07%
 27.4s|  6900 |   674 |304158 |  38.3 |    43M |  23 | 395 |6396 | 409 | 600 |  1 |  19k|  21 | 0.000000e+00 |      --      |    Inf |  14.76%
 27.6s|  7000 |   667 |306473 |  38.1 |    43M |  23 | 395 |6447 | 408 | 600 |  0 |  20k|  21 | 0.000000e+00 |      --      |    Inf |  14.85%
 27.8s|  7100 |   662 |308796 |  38.0 |    43M |  23 | 395 |6450 | 408 | 602 |  0 |  20k|  21 | 0.000000e+00 |      --      |    Inf |  14.91%
 28.0s|  7200 |   661 |311021 |  37.8 |    43M |  23 | 395 |6432 | 408 | 602 |  1 |  20k|  21 | 0.000000e+00 |      --      |    Inf |  15.02%
 28.2s|  7300 |   656 |313649 |  37.6 |    43M |  23 | 395 |6386 | 406 | 606 |  1 |  20k|  21 | 0.000000e+00 |      --      |    Inf |  15.13%
 28.5s|  7400 |   652 |316443 |  37.5 |    44M |  23 | 395 |6525 | 407 | 618 |  1 |  21k|  21 | 0.000000e+00 |      --      |    Inf |  15.28%
 time | node  | left  |LP iter|LP it/n|mem/heur|mdpt |vars |cons |rows |cuts |sepa|confs|strbr|  dualbound   | primalbound  |  gap   | compl. 
 28.7s|  7500 |   649 |319088 |  37.4 |    45M |  23 | 395 |6592 | 407 | 618 |  1 |  21k|  21 | 0.000000e+00 |      --      |    Inf |  15.35%
 29.0s|  7600 |   647 |322180 |  37.3 |    45M |  23 | 395 |6588 | 406 | 623 |  1 |  21k|  21 | 0.000000e+00 |      --      |    Inf |  15.51%
 29.3s|  7700 |   648 |324977 |  37.2 |    45M |  23 | 395 |6646 |   0 | 642 |  0 |  21k|  21 | 0.000000e+00 |      --      |    Inf |  16.03%
 29.5s|  7800 |   641 |326936 |  37.0 |    45M |  23 | 395 |6646 | 407 | 648 |  1 |  21k|  21 | 0.000000e+00 |      --      |    Inf |  16.33%
 29.7s|  7900 |   650 |329180 |  36.8 |    45M |  23 | 395 |6703 | 407 | 662 |  0 |  22k|  21 | 0.000000e+00 |      --      |    Inf |  16.44%
 30.0s|  8000 |   643 |331875 |  36.7 |    45M |  23 | 395 |6730 | 408 | 682 |  1 |  22k|  21 | 0.000000e+00 |      --      |    Inf |  16.85%
 30.2s|  8100 |   629 |333814 |  36.5 |    45M |  23 | 395 |6713 | 407 | 688 |  0 |  22k|  21 | 0.000000e+00 |      --      |    Inf |  17.09%
 30.5s|  8200 |   613 |336142 |  36.4 |    45M |  23 | 395 |6351 | 410 | 694 |  1 |  22k|  21 | 0.000000e+00 |      --      |    Inf |  18.68%
 30.9s|  8300 |   635 |340935 |  36.5 |    45M |  23 | 395 |6211 |   0 | 736 |  0 |  22k|  21 | 0.000000e+00 |      --      |    Inf |  20.53%
 31.2s|  8400 |   635 |344431 |  36.5 |    46M |  23 | 395 |6012 | 408 | 751 |  1 |  23k|  21 | 0.000000e+00 |      --      |    Inf |  20.96%
 31.4s|  8500 |   651 |348309 |  36.5 |    46M |  23 | 395 |6192 | 408 | 751 |  0 |  23k|  21 | 0.000000e+00 |      --      |    Inf |  21.02%
 31.7s|  8600 |   657 |352463 |  36.6 |    46M |  23 | 395 |6254 | 407 | 755 |  1 |  23k|  21 | 0.000000e+00 |      --      |    Inf |  21.14%
 31.9s|  8700 |   640 |354943 |  36.4 |    46M |  23 | 395 |6326 | 411 | 755 |  1 |  23k|  21 | 0.000000e+00 |      --      |    Inf |  21.29%
 32.2s|  8800 |   640 |358297 |  36.4 |    46M |  23 | 395 |6417 | 408 | 755 |  0 |  24k|  21 | 0.000000e+00 |      --      |    Inf |  21.38%
 32.5s|  8900 |   631 |361007 |  36.3 |    46M |  23 | 395 |6188 |   0 | 755 |  0 |  24k|  21 | 0.000000e+00 |      --      |    Inf |  21.49%
 time | node  | left  |LP iter|LP it/n|mem/heur|mdpt |vars |cons |rows |cuts |sepa|confs|strbr|  dualbound   | primalbound  |  gap   | compl. 
 32.8s|  9000 |   622 |365128 |  36.4 |    46M |  23 | 395 |6121 | 407 | 772 |  1 |  24k|  21 | 0.000000e+00 |      --      |    Inf |  21.67%
 33.1s|  9100 |   618 |368521 |  36.3 |    46M |  23 | 395 |6099 | 408 | 777 |  0 |  24k|  21 | 0.000000e+00 |      --      |    Inf |  21.81%
 33.4s|  9200 |   652 |372993 |  36.4 |    46M |  23 | 395 |6243 | 408 | 799 |  1 |  25k|  21 | 0.000000e+00 |      --      |    Inf |  21.85%
 33.7s|  9300 |   670 |377382 |  36.5 |    46M |  23 | 395 |6398 | 408 | 807 |  1 |  25k|  21 | 0.000000e+00 |      --      |    Inf |  21.90%
 33.9s|  9400 |   659 |381038 |  36.5 |    46M |  23 | 395 |6544 | 409 | 807 |  0 |  25k|  21 | 0.000000e+00 |      --      |    Inf |  21.99%
 34.3s|  9500 |   633 |384327 |  36.5 |    46M |  23 | 395 |6355 | 406 | 812 |  0 |  26k|  21 | 0.000000e+00 |      --      |    Inf |  22.17%
 34.6s|  9600 |   636 |387979 |  36.5 |    46M |  23 | 395 |6332 |   0 | 818 |  0 |  26k|  21 | 0.000000e+00 |      --      |    Inf |  22.26%
 34.8s|  9700 |   625 |390401 |  36.4 |    46M |  23 | 395 |6201 |   0 | 825 |  0 |  26k|  21 | 0.000000e+00 |      --      |    Inf |  22.45%
 35.2s|  9800 |   654 |395723 |  36.5 |    46M |  23 | 395 |5985 |   0 | 849 |  0 |  26k|  21 | 0.000000e+00 |      --      |    Inf |  22.48%
 35.7s|  9900 |   686 |401228 |  36.7 |    46M |  23 | 395 |5991 | 408 | 883 |  0 |  27k|  21 | 0.000000e+00 |      --      |    Inf |  22.53%
 35.9s| 10000 |   696 |404334 |  36.6 |    46M |  23 | 395 |6153 | 406 | 883 |  1 |  27k|  21 | 0.000000e+00 |      --      |    Inf |  22.56%
 36.2s| 10100 |   708 |407307 |  36.6 |    46M |  23 | 395 |6216 |   0 | 883 |  0 |  27k|  21 | 0.000000e+00 |      --      |    Inf |  22.61%
 36.3s| 10200 |   713 |408896 |  36.4 |    46M |  23 | 395 |6282 | 406 | 883 |  0 |  27k|  21 | 0.000000e+00 |      --      |    Inf |  22.69%
 36.5s| 10300 |   712 |410533 |  36.2 |    46M |  23 | 395 |6308 | 407 | 888 |  1 |  27k|  21 | 0.000000e+00 |      --      |    Inf |  22.79%
 36.9s| 10400 |   745 |415074 |  36.3 |    47M |  23 | 395 |6339 |   0 | 903 |  0 |  28k|  21 | 0.000000e+00 |      --      |    Inf |  23.07%
 time | node  | left  |LP iter|LP it/n|mem/heur|mdpt |vars |cons |rows |cuts |sepa|confs|strbr|  dualbound   | primalbound  |  gap   | compl. 
 37.1s| 10500 |   736 |417320 |  36.2 |    47M |  23 | 395 |6431 | 406 | 914 |  1 |  28k|  21 | 0.000000e+00 |      --      |    Inf |  23.30%
 37.4s| 10600 |   727 |421377 |  36.2 |    47M |  23 | 395 |6527 |   0 | 925 |  0 |  28k|  21 | 0.000000e+00 |      --      |    Inf |  23.53%
 37.6s| 10700 |   741 |425150 |  36.2 |    47M |  23 | 395 |6588 | 406 | 945 |  1 |  28k|  21 | 0.000000e+00 |      --      |    Inf |  23.84%
 37.8s| 10800 |   736 |427429 |  36.1 |    47M |  23 | 395 |6647 | 405 | 945 |  1 |  28k|  21 | 0.000000e+00 |      --      |    Inf |  23.94%
 38.2s| 10900 |   757 |433351 |  36.3 |    47M |  23 | 395 |6748 | 408 | 969 |  1 |  29k|  21 | 0.000000e+00 |      --      |    Inf |  24.12%
 38.5s| 11000 |   759 |436858 |  36.3 |    47M |  23 | 395 |6736 | 407 | 976 |  0 |  29k|  21 | 0.000000e+00 |      --      |    Inf |  24.29%
 38.7s| 11100 |   751 |439159 |  36.2 |    47M |  23 | 395 |6753 | 407 | 982 |  1 |  29k|  21 | 0.000000e+00 |      --      |    Inf |  24.40%
 39.0s| 11200 |   750 |441657 |  36.1 |    47M |  23 | 395 |6713 | 406 | 982 |  1 |  29k|  21 | 0.000000e+00 |      --      |    Inf |  24.53%
 39.2s| 11300 |   758 |444224 |  36.0 |    47M |  23 | 395 |6815 | 407 | 985 |  1 |  30k|  21 | 0.000000e+00 |      --      |    Inf |  24.71%
 39.5s| 11400 |   766 |447409 |  36.0 |    48M |  23 | 395 |6871 | 407 |1004 |  1 |  30k|  21 | 0.000000e+00 |      --      |    Inf |  25.18%
 39.8s| 11500 |   795 |452296 |  36.1 |    48M |  23 | 395 |7033 | 408 |1033 |  1 |  30k|  21 | 0.000000e+00 |      --      |    Inf |  25.32%
 40.1s| 11600 |   779 |454803 |  36.0 |    48M |  23 | 395 |7061 | 413 |1041 |  3 |  30k|  21 | 0.000000e+00 |      --      |    Inf |  25.41%
 40.3s| 11700 |   794 |457239 |  35.9 |    48M |  23 | 395 |7091 | 408 |1046 |  1 |  30k|  21 | 0.000000e+00 |      --      |    Inf |  25.48%
 40.5s| 11800 |   781 |459732 |  35.8 |    48M |  23 | 395 |7182 | 407 |1046 |  1 |  31k|  21 | 0.000000e+00 |      --      |    Inf |  25.55%
 40.7s| 11900 |   771 |461986 |  35.7 |    48M |  24 | 395 |7278 | 407 |1051 |  0 |  31k|  21 | 0.000000e+00 |      --      |    Inf |  25.70%
 time | node  | left  |LP iter|LP it/n|mem/heur|mdpt |vars |cons |rows |cuts |sepa|confs|strbr|  dualbound   | primalbound  |  gap   | compl. 
 41.0s| 12000 |   776 |465042 |  35.7 |    48M |  24 | 395 |7236 | 406 |1057 |  0 |  31k|  21 | 0.000000e+00 |      --      |    Inf |  25.81%
 41.3s| 12100 |   769 |468650 |  35.7 |    48M |  24 | 395 |7151 | 416 |1057 |  1 |  31k|  21 | 0.000000e+00 |      --      |    Inf |  25.91%
 41.6s| 12200 |   762 |472733 |  35.7 |    48M |  24 | 395 |6860 |   0 |1068 |  0 |  31k|  21 | 0.000000e+00 |      --      |    Inf |  26.02%
 41.9s| 12300 |   755 |475786 |  35.7 |    48M |  24 | 395 |6554 | 406 |1074 |  1 |  32k|  21 | 0.000000e+00 |      --      |    Inf |  26.29%
 42.2s| 12400 |   752 |478671 |  35.6 |    48M |  24 | 395 |6445 | 407 |1076 |  0 |  32k|  21 | 0.000000e+00 |      --      |    Inf |  26.40%
 42.4s| 12500 |   750 |481291 |  35.5 |    48M |  24 | 395 |6500 | 409 |1076 |  1 |  32k|  21 | 0.000000e+00 |      --      |    Inf |  26.46%
 42.6s| 12600 |   763 |485150 |  35.6 |    48M |  24 | 395 |6737 | 407 |1076 |  1 |  33k|  21 | 0.000000e+00 |      --      |    Inf |  26.49%
 42.9s| 12700 |   772 |489726 |  35.6 |    48M |  24 | 395 |6777 | 407 |1085 |  1 |  33k|  21 | 0.000000e+00 |      --      |    Inf |  26.51%
 43.2s| 12800 |   759 |492660 |  35.6 |    48M |  24 | 395 |6825 | 409 |1085 |  1 |  33k|  21 | 0.000000e+00 |      --      |    Inf |  26.56%
 43.4s| 12900 |   756 |495679 |  35.6 |    48M |  24 | 395 |6769 | 407 |1085 |  1 |  33k|  21 | 0.000000e+00 |      --      |    Inf |  26.72%
 43.7s| 13000 |   738 |498442 |  35.5 |    48M |  24 | 395 |6694 |   0 |1090 |  0 |  34k|  21 | 0.000000e+00 |      --      |    Inf |  26.84%
 43.9s| 13100 |   748 |501917 |  35.5 |    48M |  24 | 395 |6654 | 407 |1090 |  1 |  34k|  21 | 0.000000e+00 |      --      |    Inf |  26.88%
 44.2s| 13200 |   730 |504429 |  35.4 |    48M |  24 | 395 |6547 |   0 |1090 |  0 |  34k|  21 | 0.000000e+00 |      --      |    Inf |  26.97%
 44.5s| 13300 |   730 |507861 |  35.4 |    48M |  24 | 395 |6328 | 407 |1100 |  1 |  34k|  21 | 0.000000e+00 |      --      |    Inf |  27.24%
 44.7s| 13400 |   722 |510231 |  35.3 |    49M |  24 | 395 |6314 | 408 |1105 |  1 |  34k|  21 | 0.000000e+00 |      --      |    Inf |  27.37%
 time | node  | left  |LP iter|LP it/n|mem/heur|mdpt |vars |cons |rows |cuts |sepa|confs|strbr|  dualbound   | primalbound  |  gap   | compl. 
 45.0s| 13500 |   717 |513948 |  35.3 |    49M |  24 | 395 |6202 | 407 |1112 |  1 |  35k|  21 | 0.000000e+00 |      --      |    Inf |  27.48%
 45.3s| 13600 |   722 |516483 |  35.3 |    49M |  24 | 395 |6237 | 407 |1128 |  1 |  35k|  21 | 0.000000e+00 |      --      |    Inf |  27.63%
 45.6s| 13700 |   711 |519439 |  35.2 |    49M |  24 | 395 |6111 | 409 |1135 |  1 |  35k|  21 | 0.000000e+00 |      --      |    Inf |  27.82%
 45.8s| 13800 |   712 |522508 |  35.2 |    49M |  24 | 395 |6124 | 409 |1135 |  1 |  35k|  21 | 0.000000e+00 |      --      |    Inf |  27.88%
 46.1s| 13900 |   708 |524981 |  35.1 |    49M |  24 | 395 |6035 | 407 |1143 |  0 |  36k|  21 | 0.000000e+00 |      --      |    Inf |  27.97%
 46.3s| 14000 |   701 |527550 |  35.1 |    49M |  24 | 395 |5968 | 406 |1150 |  1 |  36k|  21 | 0.000000e+00 |      --      |    Inf |  28.08%
 46.5s| 14100 |   690 |530007 |  35.0 |    49M |  24 | 395 |5937 | 406 |1150 |  1 |  36k|  21 | 0.000000e+00 |      --      |    Inf |  28.17%
 46.7s| 14200 |   690 |533085 |  35.0 |    49M |  24 | 395 |5981 |   0 |1150 |  0 |  36k|  21 | 0.000000e+00 |      --      |    Inf |  28.21%
 47.0s| 14300 |   709 |538036 |  35.1 |    49M |  24 | 395 |5977 | 410 |1204 |  0 |  36k|  21 | 0.000000e+00 |      --      |    Inf |  28.46%
 47.3s| 14400 |   704 |541325 |  35.1 |    49M |  24 | 395 |5970 | 406 |1219 |  1 |  37k|  21 | 0.000000e+00 |      --      |    Inf |  29.03%
 47.7s| 14500 |   715 |545676 |  35.1 |    49M |  24 | 395 |5984 | 407 |1256 |  0 |  37k|  21 | 0.000000e+00 |      --      |    Inf |  29.44%
 48.0s| 14600 |   712 |549672 |  35.1 |    49M |  24 | 395 |6108 | 406 |1267 |  1 |  37k|  21 | 0.000000e+00 |      --      |    Inf |  29.87%
 48.3s| 14700 |   705 |553933 |  35.2 |    49M |  24 | 395 |6008 | 409 |1282 |  1 |  37k|  21 | 0.000000e+00 |      --      |    Inf |  30.36%
 48.5s| 14800 |   704 |557534 |  35.2 |    49M |  24 | 395 |5924 | 406 |1289 |  1 |  37k|  21 | 0.000000e+00 |      --      |    Inf |  30.48%
 48.7s| 14900 |   692 |559799 |  35.1 |    49M |  24 | 395 |5931 | 407 |1289 |  1 |  38k|  21 | 0.000000e+00 |      --      |    Inf |  30.54%
 time | node  | left  |LP iter|LP it/n|mem/heur|mdpt |vars |cons |rows |cuts |sepa|confs|strbr|  dualbound   | primalbound  |  gap   | compl. 
 49.0s| 15000 |   708 |562434 |  35.1 |    49M |  24 | 395 |5951 | 408 |1298 |  1 |  38k|  21 | 0.000000e+00 |      --      |    Inf |  30.65%
 49.3s| 15100 |   703 |566290 |  35.1 |    49M |  24 | 395 |6021 | 408 |1308 |  1 |  38k|  21 | 0.000000e+00 |      --      |    Inf |  30.72%
 49.6s| 15200 |   687 |569144 |  35.0 |    49M |  24 | 395 |6100 | 409 |1308 |  1 |  38k|  21 | 0.000000e+00 |      --      |    Inf |  31.07%
 49.9s| 15300 |   677 |571927 |  35.0 |    49M |  24 | 395 |6055 | 406 |1315 |  1 |  39k|  21 | 0.000000e+00 |      --      |    Inf |  31.22%
 50.1s| 15400 |   670 |575517 |  35.0 |    49M |  24 | 395 |6033 | 410 |1318 |  1 |  39k|  21 | 0.000000e+00 |      --      |    Inf |  31.56%
 50.4s| 15500 |   678 |579335 |  35.0 |    49M |  24 | 395 |6100 | 408 |1324 |  0 |  39k|  21 | 0.000000e+00 |      --      |    Inf |  31.60%
 50.6s| 15600 |   654 |581923 |  35.0 |    49M |  24 | 395 |6016 | 408 |1331 |  0 |  39k|  21 | 0.000000e+00 |      --      |    Inf |  32.06%
 50.9s| 15700 |   644 |585819 |  35.0 |    49M |  24 | 395 |5870 | 412 |1353 |  2 |  39k|  21 | 0.000000e+00 |      --      |    Inf |  32.40%
 51.2s| 15800 |   662 |589371 |  35.0 |    49M |  24 | 395 |5968 | 407 |1362 |  1 |  40k|  21 | 0.000000e+00 |      --      |    Inf |  32.57%
 51.4s| 15900 |   652 |592402 |  35.0 |    49M |  24 | 395 |5948 |   0 |1367 |  0 |  40k|  21 | 0.000000e+00 |      --      |    Inf |  32.71%
 51.7s| 16000 |   664 |595593 |  34.9 |    49M |  24 | 395 |6113 | 408 |1375 |  1 |  40k|  21 | 0.000000e+00 |      --      |    Inf |  32.75%
 51.9s| 16100 |   659 |597976 |  34.9 |    49M |  24 | 395 |6226 |   0 |1376 |  0 |  40k|  21 | 0.000000e+00 |      --      |    Inf |  32.78%
 52.2s| 16200 |   662 |600996 |  34.9 |    49M |  24 | 395 |6083 | 406 |1381 |  1 |  41k|  21 | 0.000000e+00 |      --      |    Inf |  32.95%
 52.4s| 16300 |   664 |603979 |  34.8 |    49M |  24 | 395 |6021 |   0 |1411 |  0 |  41k|  21 | 0.000000e+00 |      --      |    Inf |  33.28%
 52.7s| 16400 |   656 |607112 |  34.8 |    49M |  24 | 395 |5961 | 407 |1425 |  1 |  41k|  21 | 0.000000e+00 |      --      |    Inf |  33.70%
 time | node  | left  |LP iter|LP it/n|mem/heur|mdpt |vars |cons |rows |cuts |sepa|confs|strbr|  dualbound   | primalbound  |  gap   | compl. 
 53.0s| 16500 |   646 |610513 |  34.8 |    49M |  24 | 395 |5791 | 407 |1434 |  1 |  41k|  21 | 0.000000e+00 |      --      |    Inf |  34.02%
 53.2s| 16600 |   648 |613281 |  34.8 |    49M |  24 | 395 |5702 | 406 |1435 |  1 |  41k|  21 | 0.000000e+00 |      --      |    Inf |  34.07%
 53.5s| 16700 |   648 |616548 |  34.7 |    49M |  24 | 395 |5563 | 407 |1452 |  0 |  42k|  21 | 0.000000e+00 |      --      |    Inf |  34.70%
 53.8s| 16800 |   652 |620416 |  34.8 |    50M |  24 | 395 |5591 | 407 |1476 |  1 |  42k|  21 | 0.000000e+00 |      --      |    Inf |  34.96%
 54.1s| 16900 |   639 |624510 |  34.8 |    50M |  24 | 395 |5573 | 410 |1480 |  0 |  42k|  21 | 0.000000e+00 |      --      |    Inf |  35.14%
 54.3s| 17000 |   643 |627396 |  34.8 |    50M |  24 | 395 |5517 | 407 |1496 |  1 |  42k|  21 | 0.000000e+00 |      --      |    Inf |  35.25%
 54.5s| 17100 |   640 |629377 |  34.7 |    50M |  24 | 395 |5580 | 406 |1502 |  1 |  42k|  21 | 0.000000e+00 |      --      |    Inf |  35.52%
 54.7s| 17200 |   635 |632089 |  34.6 |    50M |  24 | 395 |5579 |   0 |1507 |  0 |  43k|  21 | 0.000000e+00 |      --      |    Inf |  35.65%
 54.9s| 17300 |   644 |633586 |  34.5 |    50M |  24 | 395 |5683 |   0 |1524 |  0 |  43k|  21 | 0.000000e+00 |      --      |    Inf |  35.81%
 55.2s| 17400 |   631 |636343 |  34.5 |    50M |  24 | 395 |5675 | 409 |1524 |  1 |  43k|  21 | 0.000000e+00 |      --      |    Inf |  35.95%
 55.4s| 17500 |   633 |640174 |  34.5 |    50M |  24 | 395 |5650 | 405 |1527 |  1 |  43k|  21 | 0.000000e+00 |      --      |    Inf |  36.14%
 55.7s| 17600 |   621 |643447 |  34.5 |    50M |  24 | 395 |5611 | 407 |1597 |  1 |  43k|  21 | 0.000000e+00 |      --      |    Inf |  42.10%
 56.0s| 17700 |   626 |646349 |  34.5 |    50M |  24 | 395 |5665 | 409 |1603 |  1 |  44k|  21 | 0.000000e+00 |      --      |    Inf |  42.14%
 56.3s| 17800 |   630 |649545 |  34.5 |    50M |  24 | 395 |5625 |   0 |1603 |  0 |  44k|  21 | 0.000000e+00 |      --      |    Inf |  42.22%
 56.5s| 17900 |   621 |652405 |  34.4 |    50M |  24 | 395 |5619 |   0 |1604 |  0 |  44k|  21 | 0.000000e+00 |      --      |    Inf |  42.29%
 time | node  | left  |LP iter|LP it/n|mem/heur|mdpt |vars |cons |rows |cuts |sepa|confs|strbr|  dualbound   | primalbound  |  gap   | compl. 
 56.8s| 18000 |   616 |655707 |  34.4 |    50M |  24 | 395 |5627 |   0 |1605 |  0 |  44k|  21 | 0.000000e+00 |      --      |    Inf |  42.46%
 57.0s| 18100 |   593 |658307 |  34.4 |    50M |  24 | 395 |5552 |   0 |1606 |  0 |  44k|  21 | 0.000000e+00 |      --      |    Inf |  42.72%
 57.3s| 18200 |   608 |662137 |  34.4 |    50M |  24 | 395 |5566 | 409 |1609 |  1 |  45k|  21 | 0.000000e+00 |      --      |    Inf |  42.82%
 57.5s| 18300 |   609 |665133 |  34.4 |    50M |  24 | 395 |5581 | 409 |1609 |  1 |  45k|  21 | 0.000000e+00 |      --      |    Inf |  42.88%
 57.7s| 18400 |   614 |667237 |  34.3 |    50M |  24 | 395 |5605 |   0 |1615 |  0 |  45k|  21 | 0.000000e+00 |      --      |    Inf |  42.94%
 58.0s| 18500 |   611 |669709 |  34.3 |    50M |  24 | 395 |5599 | 408 |1619 |  0 |  45k|  21 | 0.000000e+00 |      --      |    Inf |  43.04%
 58.2s| 18600 |   605 |672582 |  34.2 |    50M |  24 | 395 |5574 | 408 |1619 |  1 |  45k|  21 | 0.000000e+00 |      --      |    Inf |  43.16%
 58.4s| 18700 |   590 |675599 |  34.2 |    50M |  24 | 395 |5607 | 410 |1631 |  1 |  46k|  21 | 0.000000e+00 |      --      |    Inf |  43.22%
 58.7s| 18800 |   587 |679639 |  34.2 |    50M |  24 | 395 |5612 | 409 |1649 |  1 |  46k|  21 | 0.000000e+00 |      --      |    Inf |  43.34%
 59.1s| 18900 |   606 |684338 |  34.3 |    50M |  24 | 395 |5534 | 408 |1678 |  0 |  46k|  21 | 0.000000e+00 |      --      |    Inf |  43.54%
 59.3s| 19000 |   601 |686777 |  34.3 |    50M |  24 | 395 |5686 | 407 |1684 |  0 |  46k|  21 | 0.000000e+00 |      --      |    Inf |  43.70%
 59.5s| 19100 |   607 |689668 |  34.2 |    50M |  24 | 395 |5760 | 407 |1699 |  1 |  47k|  21 | 0.000000e+00 |      --      |    Inf |  43.94%
 59.8s| 19200 |   622 |693017 |  34.2 |    50M |  24 | 395 |5957 | 408 |1711 |  1 |  47k|  21 | 0.000000e+00 |      --      |    Inf |  44.06%
 60.0s| 19300 |   619 |694802 |  34.2 |    50M |  24 | 395 |6180 | 406 |1721 |  1 |  47k|  21 | 0.000000e+00 |      --      |    Inf |  44.35%
 60.1s| 19400 |   614 |697228 |  34.1 |    50M |  24 | 395 |6288 | 407 |1725 |  1 |  47k|  21 | 0.000000e+00 |      --      |    Inf |  44.54%
 time | node  | left  |LP iter|LP it/n|mem/heur|mdpt |vars |cons |rows |cuts |sepa|confs|strbr|  dualbound   | primalbound  |  gap   | compl. 
 60.4s| 19500 |   613 |700578 |  34.1 |    50M |  24 | 395 |6435 | 408 |1730 |  1 |  48k|  21 | 0.000000e+00 |      --      |    Inf |  44.61%
 60.8s| 19600 |   634 |706623 |  34.2 |    50M |  24 | 395 |6499 | 408 |1745 |  1 |  48k|  21 | 0.000000e+00 |      --      |    Inf |  44.68%
 61.1s| 19700 |   656 |710623 |  34.3 |    50M |  24 | 395 |6577 |   0 |1769 |  0 |  48k|  21 | 0.000000e+00 |      --      |    Inf |  45.46%
 61.4s| 19800 |   692 |714286 |  34.3 |    50M |  24 | 395 |6726 | 407 |1777 |  1 |  49k|  21 | 0.000000e+00 |      --      |    Inf |  45.52%
 61.6s| 19900 |   700 |717489 |  34.3 |    50M |  24 | 395 |6847 | 407 |1780 |  1 |  49k|  21 | 0.000000e+00 |      --      |    Inf |  45.59%
 61.8s| 20000 |   711 |719809 |  34.2 |    50M |  24 | 395 |6993 | 408 |1780 |  1 |  49k|  21 | 0.000000e+00 |      --      |    Inf |  45.61%
 62.0s| 20100 |   710 |722320 |  34.2 |    50M |  24 | 395 |7122 |   0 |1780 |  0 |  49k|  21 | 0.000000e+00 |      --      |    Inf |  45.64%
 62.3s| 20200 |   715 |724576 |  34.1 |    50M |  24 | 395 |7293 | 408 |1781 |  1 |  50k|  21 | 0.000000e+00 |      --      |    Inf |  45.65%
 62.5s| 20300 |   706 |727755 |  34.1 |    50M |  24 | 395 |7347 |   0 |1781 |  0 |  50k|  21 | 0.000000e+00 |      --      |    Inf |  45.71%
 62.7s| 20400 |   719 |730908 |  34.1 |    50M |  24 | 395 |7450 | 407 |1781 |  0 |  50k|  21 | 0.000000e+00 |      --      |    Inf |  45.74%
 62.9s| 20500 |   716 |734473 |  34.1 |    50M |  24 | 395 |7593 |   0 |1785 |  0 |  50k|  21 | 0.000000e+00 |      --      |    Inf |  45.77%
 63.2s| 20600 |   707 |737343 |  34.1 |    50M |  24 | 395 |7615 |   0 |1785 |  0 |  50k|  21 | 0.000000e+00 |      --      |    Inf |  45.83%
 63.4s| 20700 |   726 |739986 |  34.0 |    50M |  24 | 395 |7721 | 408 |1785 |  1 |  51k|  21 | 0.000000e+00 |      --      |    Inf |  45.87%
 63.6s| 20800 |   720 |742248 |  34.0 |    50M |  24 | 395 |7888 |   0 |1785 |  0 |  51k|  21 | 0.000000e+00 |      --      |    Inf |  45.89%
 63.8s| 20900 |   726 |744367 |  33.9 |    50M |  24 | 395 |7899 | 408 |1785 |  1 |  51k|  21 | 0.000000e+00 |      --      |    Inf |  45.90%
 time | node  | left  |LP iter|LP it/n|mem/heur|mdpt |vars |cons |rows |cuts |sepa|confs|strbr|  dualbound   | primalbound  |  gap   | compl. 
 64.1s| 21000 |   717 |746858 |  33.9 |    50M |  24 | 395 |7933 | 407 |1785 |  1 |  51k|  21 | 0.000000e+00 |      --      |    Inf |  45.93%
 64.3s| 21100 |   702 |749569 |  33.8 |    50M |  24 | 395 |7767 | 405 |1805 |  1 |  52k|  21 | 0.000000e+00 |      --      |    Inf |  51.09%
 64.6s| 21200 |   695 |751815 |  33.8 |    50M |  24 | 395 |7691 | 408 |1819 |  1 |  52k|  21 | 0.000000e+00 |      --      |    Inf |  52.31%
 64.8s| 21300 |   678 |755007 |  33.8 |    51M |  24 | 395 |7587 | 407 |1825 |  1 |  52k|  21 | 0.000000e+00 |      --      |    Inf |  52.42%
 65.1s| 21400 |   667 |757770 |  33.8 |    51M |  24 | 395 |7461 | 408 |1830 |  0 |  52k|  21 | 0.000000e+00 |      --      |    Inf |  52.58%
 65.5s| 21500 |   671 |762235 |  33.8 |    51M |  24 | 395 |7324 | 407 |1859 |  1 |  52k|  21 | 0.000000e+00 |      --      |    Inf |  52.94%
 65.7s| 21600 |   652 |764650 |  33.8 |    51M |  24 | 395 |7144 | 407 |1863 |  1 |  53k|  21 | 0.000000e+00 |      --      |    Inf |  53.08%
 66.0s| 21700 |   642 |767575 |  33.7 |    51M |  24 | 395 |6976 | 409 |1875 |  1 |  53k|  21 | 0.000000e+00 |      --      |    Inf |  53.57%
 66.2s| 21800 |   649 |771019 |  33.7 |    51M |  24 | 395 |6963 | 410 |1890 |  1 |  53k|  21 | 0.000000e+00 |      --      |    Inf |  53.78%
 66.6s| 21900 |   655 |774709 |  33.8 |    51M |  24 | 395 |6774 | 407 |1915 |  1 |  53k|  21 | 0.000000e+00 |      --      |    Inf |  54.17%
 67.0s| 22000 |   686 |778669 |  33.8 |    52M |  24 | 395 |6778 |   0 |1951 |  0 |  53k|  21 | 0.000000e+00 |      --      |    Inf |  54.28%
 67.2s| 22100 |   710 |781565 |  33.8 |    52M |  24 | 395 |6908 | 407 |1969 |  1 |  54k|  21 | 0.000000e+00 |      --      |    Inf |  54.44%
 67.5s| 22200 |   707 |784086 |  33.7 |    52M |  24 | 395 |6954 | 408 |1982 |  0 |  54k|  21 | 0.000000e+00 |      --      |    Inf |  54.73%
 67.6s| 22300 |   715 |786327 |  33.7 |    52M |  24 | 395 |7077 | 406 |1982 |  1 |  54k|  21 | 0.000000e+00 |      --      |    Inf |  54.84%
 67.9s| 22400 |   703 |789686 |  33.7 |    52M |  24 | 395 |7030 | 408 |1990 |  1 |  54k|  21 | 0.000000e+00 |      --      |    Inf |  55.07%
 time | node  | left  |LP iter|LP it/n|mem/heur|mdpt |vars |cons |rows |cuts |sepa|confs|strbr|  dualbound   | primalbound  |  gap   | compl. 
 68.2s| 22500 |   695 |792621 |  33.7 |    52M |  24 | 395 |7040 | 408 |1999 |  0 |  54k|  21 | 0.000000e+00 |      --      |    Inf |  55.17%
 68.5s| 22600 |   686 |796004 |  33.7 |    52M |  24 | 395 |6947 | 408 |2004 |  1 |  55k|  21 | 0.000000e+00 |      --      |    Inf |  55.26%
 68.7s| 22700 |   678 |798999 |  33.6 |    52M |  24 | 395 |6954 | 405 |2007 |  1 |  55k|  21 | 0.000000e+00 |      --      |    Inf |  55.30%
 69.0s| 22800 |   695 |802815 |  33.7 |    52M |  24 | 395 |6902 |   0 |2023 |  0 |  55k|  21 | 0.000000e+00 |      --      |    Inf |  55.50%
 69.2s| 22900 |   714 |806272 |  33.7 |    52M |  24 | 395 |6991 |   0 |2023 |  0 |  55k|  21 | 0.000000e+00 |      --      |    Inf |  55.55%
 69.5s| 23000 |   709 |810754 |  33.7 |    52M |  24 | 395 |7005 |   0 |2037 |  0 |  55k|  21 | 0.000000e+00 |      --      |    Inf |  55.70%
 69.8s| 23100 |   711 |814242 |  33.7 |    52M |  24 | 395 |7087 | 408 |2045 |  0 |  56k|  21 | 0.000000e+00 |      --      |    Inf |  55.79%
 70.0s| 23200 |   716 |817011 |  33.7 |    52M |  24 | 395 |7201 | 409 |2053 |  0 |  56k|  21 | 0.000000e+00 |      --      |    Inf |  55.83%
 70.3s| 23300 |   709 |820866 |  33.7 |    52M |  24 | 395 |7269 | 408 |2053 |  0 |  56k|  21 | 0.000000e+00 |      --      |    Inf |  55.88%
 70.5s| 23400 |   713 |824486 |  33.7 |    52M |  24 | 395 |7332 | 407 |2053 |  1 |  56k|  21 | 0.000000e+00 |      --      |    Inf |  55.92%
 70.7s| 23500 |   702 |826692 |  33.7 |    52M |  24 | 395 |7350 | 416 |2053 |  1 |  56k|  21 | 0.000000e+00 |      --      |    Inf |  55.99%
 71.0s| 23600 |   679 |830051 |  33.7 |    52M |  24 | 395 |7154 | 406 |2054 |  1 |  57k|  21 | 0.000000e+00 |      --      |    Inf |  56.15%
 71.3s| 23700 |   676 |833156 |  33.7 |    52M |  24 | 395 |7119 | 407 |2060 |  1 |  57k|  21 | 0.000000e+00 |      --      |    Inf |  56.30%
 71.5s| 23800 |   681 |836315 |  33.7 |    52M |  24 | 395 |7164 |   0 |2063 |  0 |  57k|  21 | 0.000000e+00 |      --      |    Inf |  56.41%
 71.8s| 23900 |   660 |840063 |  33.7 |    52M |  24 | 395 |7032 |   0 |2069 |  0 |  57k|  21 | 0.000000e+00 |      --      |    Inf |  56.63%
 time | node  | left  |LP iter|LP it/n|mem/heur|mdpt |vars |cons |rows |cuts |sepa|confs|strbr|  dualbound   | primalbound  |  gap   | compl. 
 72.1s| 24000 |   642 |842551 |  33.6 |    52M |  24 | 395 |6821 | 409 |2069 |  1 |  58k|  21 | 0.000000e+00 |      --      |    Inf |  56.84%
 72.4s| 24100 |   638 |845751 |  33.6 |    52M |  24 | 395 |6909 | 409 |2070 |  1 |  58k|  21 | 0.000000e+00 |      --      |    Inf |  56.90%
 72.7s| 24200 |   650 |849743 |  33.7 |    52M |  24 | 395 |6983 | 408 |2080 |  1 |  58k|  21 | 0.000000e+00 |      --      |    Inf |  57.05%
 72.9s| 24300 |   645 |852981 |  33.7 |    52M |  24 | 395 |7028 | 407 |2086 |  1 |  58k|  21 | 0.000000e+00 |      --      |    Inf |  57.19%
 73.2s| 24400 |   639 |856737 |  33.7 |    52M |  24 | 395 |6953 | 412 |2095 |  1 |  58k|  21 | 0.000000e+00 |      --      |    Inf |  57.26%
 73.4s| 24500 |   641 |859585 |  33.6 |    52M |  24 | 395 |6994 | 409 |2095 |  1 |  59k|  21 | 0.000000e+00 |      --      |    Inf |  57.38%
 73.7s| 24600 |   619 |862411 |  33.6 |    52M |  24 | 395 |6838 |   0 |2107 |  0 |  59k|  21 | 0.000000e+00 |      --      |    Inf |  58.05%
 74.0s| 24700 |   604 |864948 |  33.6 |    52M |  24 | 395 |6722 | 409 |2115 |  1 |  59k|  21 | 0.000000e+00 |      --      |    Inf |  58.15%
 74.3s| 24800 |   584 |868997 |  33.6 |    52M |  24 | 395 |6629 | 409 |2122 |  0 |  59k|  21 | 0.000000e+00 |      --      |    Inf |  58.28%
 74.6s| 24900 |   582 |872840 |  33.6 |    52M |  24 | 395 |6578 | 409 |2146 |  0 |  60k|  21 | 0.000000e+00 |      --      |    Inf |  58.46%
 74.8s| 25000 |   586 |874989 |  33.6 |    52M |  24 | 395 |6541 | 408 |2146 |  1 |  60k|  21 | 0.000000e+00 |      --      |    Inf |  58.57%
 75.0s| 25100 |   581 |878302 |  33.6 |    52M |  24 | 395 |6726 | 407 |2146 |  1 |  60k|  21 | 0.000000e+00 |      --      |    Inf |  58.61%
 75.3s| 25200 |   570 |881884 |  33.6 |    52M |  24 | 395 |6739 | 405 |2148 |  1 |  60k|  21 | 0.000000e+00 |      --      |    Inf |  58.81%
 75.6s| 25300 |   569 |886499 |  33.6 |    52M |  24 | 395 |6692 |   0 |2171 |  0 |  60k|  21 | 0.000000e+00 |      --      |    Inf |  59.03%
 75.9s| 25400 |   610 |889717 |  33.6 |    52M |  24 | 395 |6818 | 409 |2202 |  1 |  61k|  21 | 0.000000e+00 |      --      |    Inf |  59.47%
 time | node  | left  |LP iter|LP it/n|mem/heur|mdpt |vars |cons |rows |cuts |sepa|confs|strbr|  dualbound   | primalbound  |  gap   | compl. 
 76.1s| 25500 |   616 |893957 |  33.7 |    52M |  24 | 395 |6859 | 409 |2214 |  1 |  61k|  21 | 0.000000e+00 |      --      |    Inf |  59.60%
 76.3s| 25600 |   584 |896705 |  33.7 |    52M |  24 | 395 |6940 | 406 |2219 |  1 |  61k|  21 | 0.000000e+00 |      --      |    Inf |  59.74%
 76.6s| 25700 |   580 |899013 |  33.6 |    52M |  24 | 395 |6802 | 409 |2226 |  0 |  61k|  21 | 0.000000e+00 |      --      |    Inf |  59.97%
 76.9s| 25800 |   563 |901970 |  33.6 |    52M |  24 | 395 |6634 | 409 |2236 |  1 |  61k|  21 | 0.000000e+00 |      --      |    Inf |  60.19%
 77.2s| 25900 |   595 |907088 |  33.7 |    52M |  24 | 395 |6645 | 408 |2269 |  1 |  62k|  21 | 0.000000e+00 |      --      |    Inf |  60.26%
 77.4s| 26000 |   596 |910624 |  33.7 |    52M |  24 | 395 |6788 | 408 |2269 |  1 |  62k|  21 | 0.000000e+00 |      --      |    Inf |  60.41%
 77.7s| 26100 |   582 |914127 |  33.7 |    52M |  24 | 395 |6767 | 407 |2299 |  1 |  62k|  21 | 0.000000e+00 |      --      |    Inf |  60.93%
 78.0s| 26200 |   563 |916709 |  33.6 |    52M |  24 | 395 |6679 |   0 |2314 |  0 |  62k|  21 | 0.000000e+00 |      --      |    Inf |  61.48%
 78.4s| 26300 |   563 |921356 |  33.7 |    52M |  24 | 395 |6493 | 408 |2381 |  0 |  62k|  21 | 0.000000e+00 |      --      |    Inf |  70.78%
 78.8s| 26400 |   560 |925935 |  33.7 |    52M |  24 | 395 |6478 | 408 |2464 |  1 |  63k|  21 | 0.000000e+00 |      --      |    Inf |  73.09%
 79.2s| 26500 |   540 |928935 |  33.7 |    52M |  24 | 395 |6307 | 406 |2520 |  1 |  63k|  21 | 0.000000e+00 |      --      |    Inf |  74.19%
 79.4s| 26600 |   553 |932363 |  33.7 |    52M |  24 | 395 |6223 | 409 |2540 |  1 |  63k|  21 | 0.000000e+00 |      --      |    Inf |  74.29%
 79.6s| 26700 |   545 |934922 |  33.7 |    53M |  24 | 395 |6354 | 408 |2542 |  1 |  63k|  21 | 0.000000e+00 |      --      |    Inf |  74.34%
 79.9s| 26800 |   562 |938297 |  33.7 |    53M |  24 | 395 |6415 | 407 |2554 |  1 |  63k|  21 | 0.000000e+00 |      --      |    Inf |  74.49%
 80.1s| 26900 |   554 |940536 |  33.7 |    53M |  24 | 395 |6553 |   0 |2554 |  0 |  63k|  21 | 0.000000e+00 |      --      |    Inf |  74.62%
 time | node  | left  |LP iter|LP it/n|mem/heur|mdpt |vars |cons |rows |cuts |sepa|confs|strbr|  dualbound   | primalbound  |  gap   | compl. 
 80.3s| 27000 |   554 |943958 |  33.7 |    53M |  24 | 395 |6676 | 410 |2563 |  1 |  64k|  21 | 0.000000e+00 |      --      |    Inf |  74.74%
 80.5s| 27100 |   559 |947381 |  33.7 |    53M |  24 | 395 |6748 | 408 |2570 |  1 |  64k|  21 | 0.000000e+00 |      --      |    Inf |  74.89%
 80.7s| 27200 |   550 |949875 |  33.6 |    53M |  24 | 395 |6749 | 410 |2570 |  1 |  64k|  21 | 0.000000e+00 |      --      |    Inf |  74.93%
 81.0s| 27300 |   544 |953317 |  33.6 |    53M |  24 | 395 |6601 | 408 |2587 |  1 |  64k|  21 | 0.000000e+00 |      --      |    Inf |  75.13%
 81.3s| 27400 |   536 |956923 |  33.6 |    53M |  24 | 395 |6600 | 406 |2591 |  0 |  64k|  21 | 0.000000e+00 |      --      |    Inf |  75.25%
 81.5s| 27500 |   521 |959344 |  33.6 |    53M |  24 | 395 |6492 | 408 |2597 |  1 |  65k|  21 | 0.000000e+00 |      --      |    Inf |  75.45%
 81.7s| 27600 |   525 |961394 |  33.6 |    53M |  24 | 395 |6501 |   0 |2597 |  0 |  65k|  21 | 0.000000e+00 |      --      |    Inf |  75.50%
 82.0s| 27700 |   514 |963139 |  33.5 |    53M |  24 | 395 |6528 | 409 |2603 |  1 |  65k|  21 | 0.000000e+00 |      --      |    Inf |  75.56%
 82.2s| 27800 |   508 |965239 |  33.5 |    53M |  24 | 395 |6528 | 409 |2612 |  1 |  65k|  21 | 0.000000e+00 |      --      |    Inf |  75.78%
 82.4s| 27900 |   523 |968462 |  33.5 |    53M |  24 | 395 |6671 | 408 |2612 |  0 |  65k|  21 | 0.000000e+00 |      --      |    Inf |  75.82%
 82.6s| 28000 |   524 |971830 |  33.5 |    53M |  24 | 395 |6828 | 408 |2612 |  0 |  66k|  21 | 0.000000e+00 |      --      |    Inf |  75.86%
 82.9s| 28100 |   506 |974259 |  33.4 |    53M |  24 | 395 |6793 | 408 |2613 |  1 |  66k|  21 | 0.000000e+00 |      --      |    Inf |  75.98%
 83.3s| 28200 |   503 |979034 |  33.5 |    53M |  24 | 395 |6460 | 407 |2642 |  0 |  66k|  21 | 0.000000e+00 |      --      |    Inf |  76.30%
 83.5s| 28300 |   510 |982216 |  33.5 |    53M |  24 | 395 |6425 | 406 |2676 |  1 |  66k|  21 | 0.000000e+00 |      --      |    Inf |  76.88%
 83.8s| 28400 |   511 |984840 |  33.4 |    53M |  24 | 395 |6428 | 407 |2712 |  1 |  66k|  21 | 0.000000e+00 |      --      |    Inf |  77.61%
 time | node  | left  |LP iter|LP it/n|mem/heur|mdpt |vars |cons |rows |cuts |sepa|confs|strbr|  dualbound   | primalbound  |  gap   | compl. 
 84.0s| 28500 |   510 |987146 |  33.4 |    53M |  24 | 395 |6465 | 407 |2730 |  1 |  66k|  21 | 0.000000e+00 |      --      |    Inf |  78.09%
 84.3s| 28600 |   516 |989942 |  33.4 |    53M |  24 | 395 |6542 | 409 |2761 |  1 |  67k|  21 | 0.000000e+00 |      --      |    Inf |  78.51%
 84.5s| 28700 |   515 |992650 |  33.4 |    53M |  24 | 395 |6641 | 408 |2783 |  1 |  67k|  21 | 0.000000e+00 |      --      |    Inf |  78.87%
 84.8s| 28800 |   500 |994613 |  33.3 |    53M |  24 | 395 |6675 | 408 |2795 |  1 |  67k|  21 | 0.000000e+00 |      --      |    Inf |  79.24%
 85.0s| 28900 |   493 |997541 |  33.3 |    53M |  24 | 395 |6690 | 409 |2795 |  1 |  67k|  21 | 0.000000e+00 |      --      |    Inf |  79.40%
 85.2s| 29000 |   491 |  1000k|  33.3 |    53M |  24 | 395 |6756 |   0 |2799 |  0 |  67k|  21 | 0.000000e+00 |      --      |    Inf |  79.52%
 85.5s| 29100 |   478 |  1003k|  33.3 |    53M |  24 | 395 |6659 | 408 |2810 |  1 |  68k|  21 | 0.000000e+00 |      --      |    Inf |  79.62%
 85.7s| 29200 |   470 |  1007k|  33.3 |    53M |  24 | 395 |6739 |   0 |2810 |  0 |  68k|  21 | 0.000000e+00 |      --      |    Inf |  79.75%
 86.0s| 29300 |   470 |  1011k|  33.3 |    53M |  24 | 395 |6717 |   0 |2822 |  0 |  68k|  21 | 0.000000e+00 |      --      |    Inf |  79.84%
 86.2s| 29400 |   458 |  1014k|  33.3 |    53M |  24 | 395 |6686 |   0 |2828 |  0 |  68k|  21 | 0.000000e+00 |      --      |    Inf |  80.06%
 86.5s| 29500 |   444 |  1017k|  33.3 |    53M |  24 | 395 |6312 |   0 |2846 |  0 |  68k|  21 | 0.000000e+00 |      --      |    Inf |  80.30%
 86.8s| 29600 |   430 |  1020k|  33.3 |    53M |  24 | 395 |6209 | 409 |2877 |  1 |  68k|  21 | 0.000000e+00 |      --      |    Inf |  80.86%
 87.1s| 29700 |   428 |  1024k|  33.3 |    53M |  24 | 395 |6106 | 409 |2882 |  1 |  69k|  21 | 0.000000e+00 |      --      |    Inf |  81.00%
 87.3s| 29800 |   422 |  1027k|  33.3 |    53M |  24 | 395 |6210 |   0 |2884 |  0 |  69k|  21 | 0.000000e+00 |      --      |    Inf |  81.04%
 87.5s| 29900 |   427 |  1031k|  33.3 |    53M |  24 | 395 |6276 | 410 |2894 |  0 |  69k|  21 | 0.000000e+00 |      --      |    Inf |  81.12%
 time | node  | left  |LP iter|LP it/n|mem/heur|mdpt |vars |cons |rows |cuts |sepa|confs|strbr|  dualbound   | primalbound  |  gap   | compl. 
 87.7s| 30000 |   430 |  1034k|  33.3 |    53M |  24 | 395 |6423 | 410 |2894 |  0 |  69k|  21 | 0.000000e+00 |      --      |    Inf |  81.17%
 88.0s| 30100 |   426 |  1037k|  33.3 |    54M |  24 | 395 |6479 | 410 |2905 |  1 |  70k|  21 | 0.000000e+00 |      --      |    Inf |  81.28%
 88.2s| 30200 |   431 |  1040k|  33.3 |    54M |  24 | 395 |6535 | 410 |2910 |  1 |  70k|  21 | 0.000000e+00 |      --      |    Inf |  81.41%
 88.4s| 30300 |   427 |  1044k|  33.3 |    54M |  24 | 395 |6620 | 406 |2924 |  1 |  70k|  21 | 0.000000e+00 |      --      |    Inf |  81.55%
 88.7s| 30400 |   429 |  1047k|  33.3 |    54M |  24 | 395 |6574 | 407 |2938 |  1 |  70k|  21 | 0.000000e+00 |      --      |    Inf |  81.63%
 88.9s| 30500 |   432 |  1051k|  33.3 |    54M |  24 | 395 |6788 | 408 |2940 |  0 |  70k|  21 | 0.000000e+00 |      --      |    Inf |  81.67%
 89.2s| 30600 |   439 |  1054k|  33.3 |    54M |  24 | 395 |6952 | 407 |2946 |  1 |  71k|  21 | 0.000000e+00 |      --      |    Inf |  81.70%
 89.4s| 30700 |   438 |  1058k|  33.3 |    54M |  24 | 395 |7047 | 407 |2946 |  0 |  71k|  21 | 0.000000e+00 |      --      |    Inf |  81.74%
 89.6s| 30800 |   423 |  1061k|  33.3 |    54M |  24 | 395 |7078 | 411 |2948 |  1 |  71k|  21 | 0.000000e+00 |      --      |    Inf |  81.80%
 89.9s| 30900 |   421 |  1063k|  33.3 |    54M |  24 | 395 |6965 | 410 |2971 |  1 |  72k|  21 | 0.000000e+00 |      --      |    Inf |  81.88%
 90.1s| 31000 |   415 |  1066k|  33.3 |    54M |  24 | 395 |6930 | 410 |2971 |  1 |  72k|  21 | 0.000000e+00 |      --      |    Inf |  81.98%
 90.4s| 31100 |   426 |  1069k|  33.3 |    54M |  24 | 395 |6951 | 408 |2985 |  1 |  72k|  21 | 0.000000e+00 |      --      |    Inf |  82.12%
 90.7s| 31200 |   453 |  1073k|  33.3 |    54M |  24 | 395 |6986 | 406 |2999 |  1 |  72k|  21 | 0.000000e+00 |      --      |    Inf |  82.36%
 90.9s| 31300 |   454 |  1076k|  33.3 |    54M |  24 | 395 |7156 | 408 |3012 |  0 |  72k|  21 | 0.000000e+00 |      --      |    Inf |  82.77%
 91.3s| 31400 |   446 |  1080k|  33.3 |    54M |  24 | 395 |7281 | 414 |3042 |  2 |  73k|  21 | 0.000000e+00 |      --      |    Inf |  83.13%
 time | node  | left  |LP iter|LP it/n|mem/heur|mdpt |vars |cons |rows |cuts |sepa|confs|strbr|  dualbound   | primalbound  |  gap   | compl. 
 91.5s| 31500 |   445 |  1083k|  33.3 |    54M |  24 | 395 |7332 |   0 |3042 |  0 |  73k|  21 | 0.000000e+00 |      --      |    Inf |  83.26%
 91.8s| 31600 |   410 |  1086k|  33.3 |    54M |  24 | 395 |7234 | 408 |3048 |  1 |  73k|  21 | 0.000000e+00 |      --      |    Inf |  83.61%
 92.1s| 31700 |   390 |  1091k|  33.3 |    54M |  24 | 395 |7119 | 410 |3068 |  0 |  73k|  21 | 0.000000e+00 |      --      |    Inf |  83.88%
 92.5s| 31800 |   382 |  1094k|  33.3 |    54M |  24 | 395 |6797 | 408 |3075 |  0 |  73k|  21 | 0.000000e+00 |      --      |    Inf |  84.16%
 92.7s| 31900 |   386 |  1098k|  33.3 |    54M |  24 | 395 |6840 |   0 |3096 |  0 |  74k|  21 | 0.000000e+00 |      --      |    Inf |  84.48%
 92.9s| 32000 |   384 |  1101k|  33.3 |    54M |  24 | 395 |6791 | 408 |3106 |  1 |  74k|  21 | 0.000000e+00 |      --      |    Inf |  84.64%
 93.2s| 32100 |   393 |  1104k|  33.3 |    54M |  24 | 395 |6805 |   0 |3116 |  0 |  74k|  21 | 0.000000e+00 |      --      |    Inf |  84.77%
 93.5s| 32200 |   403 |  1108k|  33.3 |    54M |  24 | 395 |6806 | 412 |3148 |  1 |  74k|  21 | 0.000000e+00 |      --      |    Inf |  85.10%
 93.8s| 32300 |   395 |  1112k|  33.3 |    54M |  24 | 395 |6754 | 409 |3159 |  1 |  74k|  21 | 0.000000e+00 |      --      |    Inf |  85.18%
 94.1s| 32400 |   420 |  1116k|  33.4 |    54M |  24 | 395 |6744 | 406 |3190 |  1 |  75k|  21 | 0.000000e+00 |      --      |    Inf |  85.41%
 94.3s| 32500 |   424 |  1119k|  33.4 |    54M |  24 | 395 |6733 |   0 |3193 |  0 |  75k|  21 | 0.000000e+00 |      --      |    Inf |  85.67%
 94.5s| 32600 |   389 |  1122k|  33.4 |    54M |  24 | 395 |6702 | 408 |3193 |  1 |  75k|  21 | 0.000000e+00 |      --      |    Inf |  86.01%
 94.8s| 32700 |   358 |  1125k|  33.3 |    54M |  24 | 395 |6570 | 407 |3204 |  1 |  75k|  21 | 0.000000e+00 |      --      |    Inf |  86.40%
 95.1s| 32800 |   365 |  1127k|  33.3 |    54M |  24 | 395 |6589 |   0 |3228 |  0 |  75k|  21 | 0.000000e+00 |      --      |    Inf |  86.61%
 95.3s| 32900 |   370 |  1130k|  33.3 |    54M |  24 | 395 |6691 | 408 |3237 |  1 |  76k|  21 | 0.000000e+00 |      --      |    Inf |  86.75%
 time | node  | left  |LP iter|LP it/n|mem/heur|mdpt |vars |cons |rows |cuts |sepa|confs|strbr|  dualbound   | primalbound  |  gap   | compl. 
 95.5s| 33000 |   363 |  1133k|  33.3 |    54M |  24 | 395 |6805 | 411 |3237 |  1 |  76k|  21 | 0.000000e+00 |      --      |    Inf |  86.82%
 95.8s| 33100 |   347 |  1136k|  33.3 |    54M |  24 | 395 |6769 | 409 |3239 |  1 |  76k|  21 | 0.000000e+00 |      --      |    Inf |  86.99%
 96.0s| 33200 |   346 |  1139k|  33.3 |    54M |  24 | 395 |6791 |   0 |3257 |  0 |  76k|  21 | 0.000000e+00 |      --      |    Inf |  87.19%
 96.3s| 33300 |   319 |  1142k|  33.3 |    54M |  24 | 395 |6675 | 408 |3257 |  1 |  76k|  21 | 0.000000e+00 |      --      |    Inf |  87.63%
 96.6s| 33400 |   317 |  1146k|  33.3 |    54M |  24 | 395 |6656 | 406 |3273 |  0 |  77k|  21 | 0.000000e+00 |      --      |    Inf |  88.15%
 96.9s| 33500 |   313 |  1150k|  33.3 |    54M |  24 | 395 |6732 | 409 |3305 |  1 |  77k|  21 | 0.000000e+00 |      --      |    Inf |  88.56%
 97.1s| 33600 |   310 |  1153k|  33.3 |    54M |  24 | 395 |6815 | 408 |3313 |  1 |  77k|  21 | 0.000000e+00 |      --      |    Inf |  88.79%
 97.4s| 33700 |   311 |  1157k|  33.3 |    54M |  24 | 395 |6798 | 408 |3325 |  1 |  77k|  21 | 0.000000e+00 |      --      |    Inf |  88.86%
 97.6s| 33800 |   292 |  1159k|  33.3 |    54M |  24 | 395 |6887 | 409 |3325 |  0 |  78k|  21 | 0.000000e+00 |      --      |    Inf |  88.95%
 97.9s| 33900 |   276 |  1162k|  33.3 |    54M |  24 | 395 |6726 | 407 |3326 |  1 |  78k|  21 | 0.000000e+00 |      --      |    Inf |  89.10%
 98.1s| 34000 |   266 |  1165k|  33.3 |    54M |  24 | 395 |6694 | 407 |3331 |  1 |  78k|  21 | 0.000000e+00 |      --      |    Inf |  89.24%
 98.3s| 34100 |   263 |  1169k|  33.3 |    54M |  24 | 395 |6746 | 411 |3331 |  1 |  78k|  21 | 0.000000e+00 |      --      |    Inf |  89.31%
 98.5s| 34200 |   243 |  1172k|  33.3 |    54M |  24 | 395 |6548 |   0 |3338 |  0 |  78k|  21 | 0.000000e+00 |      --      |    Inf |  89.71%
 98.8s| 34300 |   241 |  1174k|  33.2 |    54M |  24 | 395 |6557 | 409 |3354 |  1 |  78k|  21 | 0.000000e+00 |      --      |    Inf |  89.94%
 99.0s| 34400 |   238 |  1178k|  33.2 |    54M |  24 | 395 |6500 | 410 |3363 |  0 |  79k|  21 | 0.000000e+00 |      --      |    Inf |  90.03%
 time | node  | left  |LP iter|LP it/n|mem/heur|mdpt |vars |cons |rows |cuts |sepa|confs|strbr|  dualbound   | primalbound  |  gap   | compl. 
 99.3s| 34500 |   234 |  1181k|  33.2 |    54M |  24 | 395 |6437 | 408 |3369 |  1 |  79k|  21 | 0.000000e+00 |      --      |    Inf |  90.27%
 99.5s| 34600 |   220 |  1185k|  33.3 |    54M |  24 | 395 |6416 | 411 |3373 |  1 |  79k|  21 | 0.000000e+00 |      --      |    Inf |  90.39%
 99.8s| 34700 |   232 |  1190k|  33.3 |    54M |  24 | 395 |6456 | 406 |3393 |  1 |  79k|  21 | 0.000000e+00 |      --      |    Inf |  90.49%
  100s| 34800 |   216 |  1192k|  33.3 |    54M |  24 | 395 |6543 |   0 |3404 |  0 |  79k|  21 | 0.000000e+00 |      --      |    Inf |  90.63%
  100s| 34900 |   217 |  1196k|  33.3 |    54M |  24 | 395 |6455 | 408 |3425 |  1 |  79k|  21 | 0.000000e+00 |      --      |    Inf |  90.89%
  101s| 35000 |   217 |  1199k|  33.3 |    54M |  24 | 395 |6455 | 408 |3425 |  1 |  80k|  21 | 0.000000e+00 |      --      |    Inf |  90.98%
  101s| 35100 |   220 |  1202k|  33.3 |    54M |  24 | 395 |6473 |   0 |3435 |  0 |  80k|  21 | 0.000000e+00 |      --      |    Inf |  91.10%
  101s| 35200 |   218 |  1204k|  33.2 |    54M |  24 | 395 |6517 | 407 |3450 |  1 |  80k|  21 | 0.000000e+00 |      --      |    Inf |  91.38%
  101s| 35300 |   217 |  1207k|  33.2 |    54M |  24 | 395 |6599 | 409 |3491 |  1 |  80k|  21 | 0.000000e+00 |      --      |    Inf |  92.49%
  101s| 35400 |   219 |  1210k|  33.2 |    54M |  24 | 395 |6654 | 407 |3504 |  1 |  80k|  21 | 0.000000e+00 |      --      |    Inf |  92.80%
  102s| 35500 |   211 |  1213k|  33.2 |    54M |  24 | 395 |6660 | 408 |3525 |  1 |  80k|  21 | 0.000000e+00 |      --      |    Inf |  93.10%
  102s| 35600 |   200 |  1215k|  33.2 |    54M |  24 | 395 |6786 | 409 |3525 |  0 |  81k|  21 | 0.000000e+00 |      --      |    Inf |  93.27%
  102s| 35700 |   184 |  1219k|  33.2 |    54M |  24 | 395 |6686 |   0 |3525 |  0 |  81k|  21 | 0.000000e+00 |      --      |    Inf |  93.45%
  103s| 35800 |   163 |  1222k|  33.2 |    54M |  24 | 395 |6486 | 409 |3557 |  1 |  81k|  21 | 0.000000e+00 |      --      |    Inf |  94.61%
  103s| 35900 |   173 |  1226k|  33.2 |    55M |  24 | 395 |6515 | 411 |3573 |  1 |  81k|  21 | 0.000000e+00 |      --      |    Inf |  94.70%
 time | node  | left  |LP iter|LP it/n|mem/heur|mdpt |vars |cons |rows |cuts |sepa|confs|strbr|  dualbound   | primalbound  |  gap   | compl. 
  103s| 36000 |   179 |  1229k|  33.2 |    55M |  24 | 395 |6557 | 408 |3592 |  1 |  81k|  21 | 0.000000e+00 |      --      |    Inf |  94.86%
  103s| 36100 |   168 |  1232k|  33.2 |    55M |  24 | 395 |6573 |   0 |3601 |  0 |  82k|  21 | 0.000000e+00 |      --      |    Inf |  95.02%
  104s| 36200 |   160 |  1234k|  33.2 |    55M |  24 | 395 |6568 |   0 |3607 |  0 |  82k|  21 | 0.000000e+00 |      --      |    Inf |  95.20%
  104s| 36300 |   153 |  1237k|  33.1 |    55M |  24 | 395 |6603 | 413 |3608 |  1 |  82k|  21 | 0.000000e+00 |      --      |    Inf |  95.28%
  104s| 36400 |   150 |  1240k|  33.1 |    55M |  24 | 395 |6664 |   0 |3609 |  0 |  82k|  21 | 0.000000e+00 |      --      |    Inf |  95.33%
  104s| 36500 |   148 |  1243k|  33.1 |    55M |  24 | 395 |6725 |   0 |3613 |  0 |  82k|  21 | 0.000000e+00 |      --      |    Inf |  95.44%
  104s| 36600 |   138 |  1247k|  33.1 |    55M |  24 | 395 |6695 | 409 |3630 |  0 |  83k|  21 | 0.000000e+00 |      --      |    Inf |  95.62%
  105s| 36700 |   139 |  1251k|  33.1 |    55M |  24 | 395 |6629 |   0 |3640 |  0 |  83k|  21 | 0.000000e+00 |      --      |    Inf |  95.78%
  105s| 36800 |   134 |  1254k|  33.1 |    55M |  24 | 395 |6667 |   0 |3658 |  0 |  83k|  21 | 0.000000e+00 |      --      |    Inf |  96.01%
  105s| 36900 |   145 |  1258k|  33.2 |    55M |  24 | 395 |6614 |   0 |3679 |  0 |  83k|  21 | 0.000000e+00 |      --      |    Inf |  96.17%
  106s| 37000 |   153 |  1261k|  33.2 |    55M |  24 | 395 |6604 | 409 |3693 |  0 |  83k|  21 | 0.000000e+00 |      --      |    Inf |  96.22%
  106s| 37100 |   130 |  1264k|  33.2 |    55M |  24 | 395 |6602 |   0 |3695 |  0 |  84k|  21 | 0.000000e+00 |      --      |    Inf |  96.37%
  106s| 37200 |   121 |  1268k|  33.2 |    55M |  24 | 395 |6534 | 410 |3707 |  0 |  84k|  21 | 0.000000e+00 |      --      |    Inf |  96.55%
  106s| 37300 |    99 |  1271k|  33.2 |    55M |  24 | 395 |6511 | 411 |3707 |  0 |  84k|  21 | 0.000000e+00 |      --      |    Inf |  96.77%
  107s| 37400 |   107 |  1275k|  33.2 |    55M |  24 | 395 |6601 | 409 |3715 |  1 |  84k|  21 | 0.000000e+00 |      --      |    Inf |  96.89%
 time | node  | left  |LP iter|LP it/n|mem/heur|mdpt |vars |cons |rows |cuts |sepa|confs|strbr|  dualbound   | primalbound  |  gap   | compl. 
  107s| 37500 |   100 |  1279k|  33.2 |    55M |  24 | 395 |6640 | 414 |3744 |  1 |  84k|  21 | 0.000000e+00 |      --      |    Inf |  97.03%
  107s| 37600 |   103 |  1283k|  33.2 |    55M |  24 | 395 |6733 | 408 |3744 |  1 |  85k|  21 | 0.000000e+00 |      --      |    Inf |  97.13%
  107s| 37700 |    97 |  1286k|  33.2 |    55M |  24 | 395 |6779 |   0 |3750 |  0 |  85k|  21 | 0.000000e+00 |      --      |    Inf |  97.25%
  108s| 37800 |    92 |  1289k|  33.2 |    55M |  24 | 395 |6793 | 409 |3768 |  1 |  85k|  21 | 0.000000e+00 |      --      |    Inf |  97.51%
  108s| 37900 |    82 |  1292k|  33.2 |    55M |  24 | 395 |6777 | 411 |3769 |  1 |  85k|  21 | 0.000000e+00 |      --      |    Inf |  97.64%
  108s| 38000 |    52 |  1295k|  33.2 |    55M |  24 | 395 |6618 | 408 |3777 |  1 |  85k|  21 | 0.000000e+00 |      --      |    Inf |  98.08%
  108s| 38100 |    56 |  1299k|  33.2 |    55M |  24 | 395 |6552 | 409 |3786 |  1 |  86k|  21 | 0.000000e+00 |      --      |    Inf |  98.24%
  109s| 38200 |    34 |  1302k|  33.2 |    55M |  24 | 395 |6574 | 410 |3817 |  1 |  86k|  21 | 0.000000e+00 |      --      |    Inf |  98.59%
  109s| 38300 |    32 |  1306k|  33.2 |    55M |  24 | 395 |6539 | 406 |3829 |  1 |  86k|  21 | 0.000000e+00 |      --      |    Inf |  98.78%
  109s| 38400 |    17 |  1309k|  33.2 |    55M |  24 | 395 |6451 | 412 |3836 |  1 |  86k|  21 | 0.000000e+00 |      --      |    Inf |  99.09%
  109s| 38500 |    12 |  1312k|  33.2 |    55M |  24 | 395 |6410 |   0 |3845 |  0 |  86k|  21 | 0.000000e+00 |      --      |    Inf |  99.34%
  110s| 38600 |     6 |  1316k|  33.2 |    55M |  24 | 395 |6370 | 409 |3874 |  1 |  86k|  21 | 0.000000e+00 |      --      |    Inf |  99.73%

SCIP Status        : problem is solved [infeasible]
Solving Time (sec) : 109.88
Solving Nodes      : 38647 (total of 39598 nodes in 2 runs)
Primal Bound       : +1.00000000000000e+20 (0 solutions)
Dual Bound         : +1.00000000000000e+20
Gap                : 0.00 %
SCIP Status        : problem is solved [infeasible]
Total Time         :     109.88
  solving          :     109.88
  presolving       :       0.10 (included in solving)
  reading          :       0.00
  copying          :       1.25 (106 #copies) (minimal 0.00, maximal 0.02, average 0.01)
Original Problem   :
  Problem name     : model
  Variables        : 414 (414 binary, 0 integer, 0 implicit integer, 0 continuous)
  Constraints      : 414 initial, 414 maximal
  Objective        : minimize, 0 non-zeros (abs.min = 1e+20, abs.max = -1e+20)
Presolved Problem  :
  Problem name     : t_model
  Variables        : 395 (395 binary, 0 integer, 0 implicit integer, 0 continuous)
  Constraints      : 2156 initial, 7946 maximal
  Objective        : minimize, 0 non-zeros (abs.min = 1e+20, abs.max = -1e+20)
  Nonzeros         : 31570 constraint, 1275 clique table
Presolvers         :   ExecTime  SetupTime  Calls  FixedVars   AggrVars   ChgTypes  ChgBounds   AddHoles    DelCons    AddCons   ChgSides   ChgCoefs
  boundshift       :       0.00       0.00      0          0          0          0          0          0          0          0          0          0
  convertinttobin  :       0.00       0.00      0          0          0          0          0          0          0          0          0          0
  domcol           :       0.00       0.00      3          0          0          0          0          0          0          0          0          0
  dualagg          :       0.00       0.00      0          0          0          0          0          0          0          0          0          0
  dualcomp         :       0.00       0.00      0          0          0          0          0          0          0          0          0          0
  dualinfer        :       0.00       0.00      0          0          0          0          0          0          0          0          0          0
  dualsparsify     :       0.00       0.00      1          0          0          0          0          0          0          0          0          0
  gateextraction   :       0.01       0.00     10          0          0          0          0          0         34         17          0          0
  implics          :       0.00       0.00     15          0          0          0          0          0          0          0          0          0
  inttobinary      :       0.00       0.00      0          0          0          0          0          0          0          0          0          0
  qpkktref         :       0.00       0.00      0          0          0          0          0          0          0          0          0          0
  redvub           :       0.00       0.00      0          0          0          0          0          0          0          0          0          0
  sparsify         :       0.00       0.00      1          0          0          0          0          0          0          0          0          0
  stuffing         :       0.00       0.00      0          0          0          0          0          0          0          0          0          0
  trivial          :       0.00       0.00     19          6          0          0          0          0          0          0          0          0
  tworowbnd        :       0.00       0.00      0          0          0          0          0          0          0          0          0          0
  dualfix          :       0.00       0.00     19          0          0          0          0          0          0          0          0          0
  genvbounds       :       0.00       0.00      0          0          0          0          0          0          0          0          0          0
  probing          :       0.00       0.00      2          0          0          0          0          0          0          0          0          0
  pseudoobj        :       0.00       0.00      1          0          0          0          0          0          0          0          0          0
  symmetry         :       0.00       0.00      1          2          0          0          0          0          0          5          0          0
  vbounds          :       0.00       0.00      2          0          4          0          0          0          0          0          0          0
  knapsack         :       0.00       0.00     32          0          0          0          0          0          0          0          0          0
  setppc           :       0.00       0.00     42          0          6          0          0          0         24          0          0          0
  linear           :       0.00       0.00     22          0          0          0          0          0          3          0          3          0
  orbisack         :       0.00       0.00      6          0          0          0          0          0          0          0          0          0
  orbitope         :       0.00       0.00     13          1          0          0          0          0          0          0          0          0
  symretope        :       0.00       0.00      6          0          0          0          0          0          0          0          0          0
  logicor          :       0.05       0.01     29          0          0          0          0          0        229          0          0        592
  benders          :       0.00       0.00      0          0          0          0          0          0          0          0          0          0
  components       :       0.00       0.00      2          0          0          0          0          0          0          0          0          0
  root node        :          -          -      -          8          -          -          8          -          -          -          -          -
Constraints        :     Number  MaxNumber  #Separate #Propagate    #EnfoLP    #EnfoRelax  #EnfoPS    #Check   #ResProp    Cutoffs    DomReds       Cuts    Applied      Conss   Children
  benderslp        :          0          0          0          0      23446          0          0        587          0          0          0          0          0          0          0
  integral         :          0          0          0          0      23446          0          0        587          0          0          0          0          0          0      46892
  knapsack         :         95+       106         15     368171          0          0          0          0     178873       3001     168007          0          0          0          0
  setppc           :        401+       458         36     366146          0          0          0        582    1383694       9137    1201939          0          0          0          0
  linear           :          5+       218         36     356163          0          0          0          0       7141        386      13083          0          0          0          0
  orbisack         :          2          2          0        945          0          0          0          0       1574         51       1030          0          0          0          0
  orbitope         :          2          2          0     356472          0          0          0          0      15263         28       3409          0          0          0          0
  symretope        :          1          1          0      31851          0          0          0          0      23591        207       3610          0          0          0          0
  logicor          :       1650+      7363         36     280938          0          0          0          0     537731       6104     384746         22          9          0          0
  benders          :          0          0          0          0          0          0          0          0          0          0          0          0          0          0          0
  countsols        :          0          0          0          0          0          0          0          0          0          0          0          0          0          0          0
  components       :          0          0          0          0          0          0          0          0          0          0          0          0          0          0          0
Constraint Timings :  TotalTime  SetupTime   Separate  Propagate     EnfoLP     EnfoPS     EnfoRelax   Check    ResProp    SB-Prop
  benderslp        :       0.01       0.00       0.00       0.00       0.01       0.00       0.00       0.00       0.00       0.00
  integral         :       0.80       0.00       0.00       0.00       0.80       0.00       0.00       0.00       0.00       0.00
  knapsack         :       3.34       0.00       0.00       3.12       0.00       0.00       0.00       0.00       0.21       0.00
  setppc           :       8.39       0.00       0.00       7.87       0.00       0.00       0.00       0.00       0.52       0.00
  linear           :       0.30       0.00       0.00       0.28       0.00       0.00       0.00       0.00       0.02       0.00
  orbisack         :       0.04       0.00       0.00       0.04       0.00       0.00       0.00       0.00       0.00       0.00
  orbitope         :       1.46       0.00       0.00       1.23       0.00       0.00       0.00       0.00       0.23       0.00
  symretope        :       1.30       0.00       0.00       1.08       0.00       0.00       0.00       0.00       0.22       0.00
  logicor          :      10.96       0.01       0.01      10.52       0.00       0.00       0.00       0.00       0.43       0.00
  benders          :       0.00       0.00       0.00       0.00       0.00       0.00       0.00       0.00       0.00       0.00
  countsols        :       0.00       0.00       0.00       0.00       0.00       0.00       0.00       0.00       0.00       0.00
  components       :       0.01       0.00       0.00       0.01       0.00       0.00       0.00       0.00       0.00       0.00
Propagators        : #Propagate   #ResProp    Cutoffs    DomReds
  dualfix          :          2          0          0          0
  genvbounds       :          0          0          0          0
  nlobbt           :          0          0          0          0
  obbt             :          0          0          0          0
  probing          :          0          0          0          0
  pseudoobj        :          0          0          0          0
  redcost          :          0          0          0          0
  rootredcost      :          0          0          0          0
  symmetry         :          0          0          0          0
  vbounds          :     301060          0          0          0
Propagator Timings :  TotalTime  SetupTime   Presolve  Propagate    ResProp    SB-Prop
  dualfix          :       0.00       0.00       0.00       0.00       0.00       0.00
  genvbounds       :       0.03       0.00       0.00       0.03       0.00       0.00
  nlobbt           :       0.00       0.00       0.00       0.00       0.00       0.00
  obbt             :       0.00       0.00       0.00       0.00       0.00       0.00
  probing          :       0.00       0.00       0.00       0.00       0.00       0.00
  pseudoobj        :       0.03       0.00       0.00       0.03       0.00       0.00
  redcost          :       0.02       0.00       0.00       0.02       0.00       0.00
  rootredcost      :       0.02       0.00       0.00       0.02       0.00       0.00
  symmetry         :       0.03       0.00       0.00       0.03       0.00       0.00
  vbounds          :       0.79       0.00       0.00       0.79       0.00       0.00
Orbital fixing     :
  vars fixed to 0  :          0
  vars fixed to 1  :          0
Conflict Analysis  :       Time      Calls    Success    DomReds  Conflicts   Literals    Reconvs ReconvLits   Dualrays   Nonzeros   LP Iters   (pool size: [10000,10000])
  propagation      :       1.99      18602      16678          -     128147       27.1       1417       13.9          -          -          -
  infeasible LP    :       2.67       8236       7634          -      67415       26.3        437       11.9       5062       38.0          0
  bound exceed. LP :       0.00          0          0          -          0        0.0          0        0.0          0        0.0          0
  strong branching :       0.00          0          0          -          0        0.0          0        0.0          -          -          0
  pseudo solution  :       0.00          0          0          -          0        0.0          0        0.0          -          -          -
  applied globally :       0.50          -          -          0      81513       20.2          -          -       4563          -          -
  applied locally  :          -          -          -          0        380       36.6          -          -        499          -          -
Separators         :   ExecTime  SetupTime      Calls  RootCalls    Cutoffs    DomReds  FoundCuts ViaPoolAdd  DirectAdd    Applied ViaPoolApp  DirectApp      Conss
  cut pool         :       2.74          -       3589         69          -          -      47343      16123          -          -          -          -          -    (maximal pool size:       2840)
  aggregation      :       0.37       0.00       1618         36          0          0          4          0          1          0          0          0          0
  > cmir           :          -          -          -          -          -          -          -          0          0          0          0          0          -
  > flowcover      :          -          -          -          -          -          -          -          0          0          0          0          0          -
  > knapsackcover  :          -          -          -          -          -          -          -          0          1          0          0          0          -
  cgmip            :       0.00       0.00          0          0          0          0          0          0          0          0          0          0          0
  clique           :       0.02       0.00         36         36          0          0          1         35          0         11         11          0          0
  closecuts        :       0.00       0.00          0          0          0          0          0          0          0          0          0          0          0
  convexproj       :       0.00       0.00          0          0          0          0          0          0          0          0          0          0          0
  disjunctive      :       0.00       0.00          0          0          0          0          0          0          0          0          0          0          0
  eccuts           :       0.00       0.00          0          0          0          0          0          0          0          0          0          0          0
  gauge            :       0.00       0.00          0          0          0          0          0          0          0          0          0          0          0
  gomory           :       5.56       0.00       1601         20          0          0      70140      15347      23346       2205       1588        617          0
  > gomorymi       :          -          -          -          -          -          -          -       2429      11673        468        135        333          -
  > strongcg       :          -          -          -          -          -          -          -      12918      11673       1737       1453        284          -
  impliedbounds    :       0.03       0.00       1618         36          0          0         20         32          0         32         32          0          0
  interminor       :       0.00       0.00          0          0          0          0          0          0          0          0          0          0          0
  intobj           :       0.00       0.00          0          0          0          0          0          0          0          0          0          0          0
  mcf              :       0.00       0.00          2          2          0          0          0          0          0          0          0          0          0
  minor            :       0.00       0.00          0          0          0          0          0          0          0          0          0          0          0
  mixing           :       0.00       0.00          0          0          0          0          0          0          0          0          0          0          0
  oddcycle         :       0.00       0.00          0          0          0          0          0          0          0          0          0          0          0
  rapidlearning    :       5.12       0.00        100          2          0      15424          0          0          0          0          0          0        512
  rlt              :       0.00       0.00         20         20          0          0          0          0          0          0          0          0          0
  zerohalf         :       1.03       0.00       1616         35          0          0       2529        709       2004       1877        438       1439          0
Cutselectors       :   ExecTime  SetupTime      Calls  RootCalls   Selected     Forced   Filtered  RootSelec   RootForc   RootFilt 
  hybrid           :       0.05       0.00       1664         34       4134          0      37305         78          0       1541
Pricers            :   ExecTime  SetupTime      Calls       Vars
  problem variables:       0.00          -          0          0
Branching Rules    :   ExecTime  SetupTime   BranchLP  BranchExt   BranchPS    Cutoffs    DomReds       Cuts      Conss   Children
  allfullstrong    :       0.00       0.00          0          0          0          0          0          0          0          0
  cloud            :       0.00       0.00          0          0          0          0          0          0          0          0
  distribution     :       0.00       0.00          0          0          0          0          0          0          0          0
  fullstrong       :       0.00       0.00          0          0          0          0          0          0          0          0
  inference        :       0.00       0.00          0          0          0          0          0          0          0          0
  leastinf         :       0.00       0.00          0          0          0          0          0          0          0          0
  lookahead        :       0.00       0.00          0          0          0          0          0          0          0          0
  mostinf          :       0.00       0.00          0          0          0          0          0          0          0          0
  multaggr         :       0.00       0.00          0          0          0          0          0          0          0          0
  nodereopt        :       0.00       0.00          0          0          0          0          0          0          0          0
  pscost           :       0.00       0.00          0          0          0          0          0          0          0          0
  random           :       0.00       0.00          0          0          0          0          0          0          0          0
  relpscost        :       0.78       0.00      23446          0          0          0          0          0          0      46892
  vanillafullstrong:       0.00       0.00          0          0          0          0          0          0          0          0
Primal Heuristics  :   ExecTime  SetupTime      Calls      Found       Best
  LP solutions     :       0.00          -          -          0          0
  relax solutions  :       0.00          -          -          0          0
  pseudo solutions :       0.00          -          -          0          0
  strong branching :       0.00          -          -          0          0
  actconsdiving    :       0.00       0.00          0          0          0
  adaptivediving   :       0.35       0.00         76          0          0
  alns             :       0.16       0.00          7          0          0
  bound            :       0.00       0.00          0          0          0
  clique           :       0.00       0.00          1          0          0
  coefdiving       :       0.00       0.00          0          0          0
  completesol      :       0.00       0.00          0          0          0
  conflictdiving   :       0.97       0.00        328          0          0
  crossover        :       0.01       0.00          0          0          0
  dins             :       0.00       0.00          0          0          0
  distributiondivin:       1.41       0.00        328          0          0
  dps              :       0.00       0.00          0          0          0
  dualval          :       0.00       0.00          0          0          0
  farkasdiving     :       0.00       0.00          0          0          0
  feaspump         :       1.03       0.00        104          0          0
  fixandinfer      :       0.00       0.00          0          0          0
  fracdiving       :       0.68       0.00        328          0          0
  gins             :       0.01       0.00          0          0          0
  guideddiving     :       0.00       0.00          0          0          0
  indicator        :       0.01       0.00          0          0          0
  intdiving        :       0.00       0.00          0          0          0
  intshifting      :       0.00       0.00          0          0          0
  linesearchdiving :       0.63       0.00        328          0          0
  localbranching   :       0.00       0.00          0          0          0
  locks            :       0.00       0.00          1          0          0
  lpface           :       0.04       0.00          0          0          0
  mpec             :       0.00       0.00          0          0          0
  multistart       :       0.00       0.00          0          0          0
  mutation         :       0.00       0.00          0          0          0
  nlpdiving        :       0.00       0.00          0          0          0
  objpscostdiving  :       0.37       0.00         22          0          0
  octane           :       0.00       0.00          0          0          0
  ofins            :       0.01       0.00          0          0          0
  oneopt           :       0.01       0.00          0          0          0
  padm             :       0.00       0.00          0          0          0
  proximity        :       0.00       0.00          0          0          0
  pscostdiving     :       0.81       0.00        328          0          0
  randrounding     :       0.05       0.00        615          0          0
  rens             :       0.01       0.00          1          0          0
  reoptsols        :       0.00       0.00          0          0          0
  repair           :       0.00       0.00          0          0          0
  rins             :       0.01       0.00          0          0          0
  rootsoldiving    :       0.38       0.00         28          0          0
  rounding         :       0.09       0.00       2201          0          0
  shiftandpropagate:       0.01       0.00          2          0          0
  shifting         :       0.07       0.00        735          0          0
  simplerounding   :       0.01       0.00          0          0          0
  subnlp           :       0.01       0.00          0          0          0
  trivial          :       0.00       0.00          2          0          0
  trivialnegation  :       0.00       0.00          0          0          0
  trustregion      :       0.00       0.00          0          0          0
  trysol           :       0.01       0.00          0          0          0
  twoopt           :       0.00       0.00          0          0          0
  undercover       :       0.00       0.00          0          0          0
  vbounds          :       0.00       0.00          2          0          0
  veclendiving     :       0.67       0.00        329          0          0
  zeroobj          :       0.00       0.00          0          0          0
  zirounding       :       0.02       0.00       1000          0          0
  other solutions  :          -          -          -          0          -
LP                 :       Time      Calls Iterations  Iter/call   Iter/sec  Time-0-It Calls-0-It    ItLimit
  primal LP        :       1.08        882          0       0.00       0.00       1.08        882
  dual LP          :      39.47      33018    1259779      38.45   31919.74       0.09        258
  lex dual LP      :       0.00          0          0       0.00          -
  barrier LP       :       0.00          0          0       0.00          -       0.00          0
  resolve instable :       0.00          0          0       0.00          -
  diving/probing LP:       2.58       2590      58349      22.53   22652.41
  strong branching :       0.08         21       2429     115.67   29857.17          -          -          0
    (at root node) :          -         21       2429     115.67          -
  conflict analysis:       0.00          0          0       0.00          -
B&B Tree           :
  number of runs   :          2
  nodes            :      38647 (22829 internal, 15818 leaves)
  feasible leaves  :          0
  infeas. leaves   :      15818
  objective leaves :          0
  nodes (total)    :      39598 (23446 internal, 16152 leaves)
  nodes left       :          0
  max depth        :         24
  max depth (total):         24
  backtracks       :      13564 (35.1%)
  early backtracks :          0 (0.0%)
  nodes exc. ref.  :          0 (0.0%)
  delayed cutoffs  :       7012
  repropagations   :      27559 (627659 domain reductions, 6132 cutoffs)
  avg switch length:       4.95
  switching time   :      13.43
Root Node          :
  First LP value   : +0.00000000000000e+00
  First LP Iters   :        260 (54979.91 Iter/sec)
  First LP Time    :       0.00
  Final Dual Bound : +0.00000000000000e+00
  Final Root Iters :       3261
  Root LP Estimate : +8.58522286622026e-03
Solution           :
  Solutions found  :          0 (0 improvements)
  Primal Bound     : infeasible
  Dual Bound       :          -
  Gap              :       0.00 %
Integrals          :      Total       Avg%
  primal-dual      :          -          - (problem infeasible)
  primal-ref       :          -          - (problem infeasible)
  dual-ref         :          -          - (problem infeasible)
written solution information to file <results/final_flowersnark__settings_final_peek_relabel_respect__4__flowersnark23_3.cip.sol>
@04 1668021724
