FILENAME:   ../instances_new/flowersnark/flowersnark11_3.cip
SETTINGS:   settings_final_moresymresack_norelabel
TIMELIMIT:  7200
OUTPUTNAME: final_flowersnark__settings_final_moresymresack_norelabel__3__
BINNAME:    bin/sbcs.linux.x86_64.gnu.opt.cpx
BASENAME:   flowersnark11_3.cip
SEED:       3
@01 ../instances_new/flowersnark/flowersnark11_3.cip ===========
@02 flowersnark11_3.cip
@03 1668048369
SCIP version 8.0.2 [precision: 8 byte] [memory: block] [mode: optimized] [LP solver: CPLEX 20.1.0.0] [GitHash: 5f0473c]
Copyright (C) 2002-2022 Konrad-Zuse-Zentrum fuer Informationstechnik Berlin (ZIB)

Symretope propagation methods - (c) Jasper van Doornmalen, Christopher Hojny.
[GitHash: 8113d1c]

reading parameter file <../settings/settings_final_moresymresack_norelabel.set> ...

Changed settings:
limits/time = 7200
misc/usesymmetry = 1
randomization/randomseedshift = 3
constraints/orbisack/sepafreq = -1
constraints/symresack/sepafreq = -1
propagating/symmetry/addsymresacks = TRUE
propagating/symmetry/detectsubgroups = FALSE
propagating/symmetry/usesymretopes = FALSE
propagating/symmetry/relabelsymretopes = 0
propagating/symmetry/addmoresymresacks = TRUE
propagating/symmetry/ofsymcomptiming = 0
constraints/symretope/sepafreq = -1
constraints/symretope/peek = FALSE


solving problem ...

original problem has 198 variables (198 bin, 0 int, 0 impl, 0 cont) and 198 constraints
presolving:
(round 1, exhaustive) 0 del vars, 0 del conss, 0 add conss, 0 chg bounds, 0 chg sides, 0 chg coeffs, 198 upgd conss, 0 impls, 198 clqs
   (0.0s) probing: 51/198 (25.8%) - 0 fixings, 0 aggregations, 0 implications, 0 bound changes
   (0.0s) probing aborted: 50/50 successive totally useless probings
   (0.0s) symmetry computation started: requiring (bin +, int +, cont +), (fixed: bin -, int -, cont -)
   (0.0s) symmetry computation finished: 5 generators found (max: 1500, log10 of symmetry group size: 2.4)
(round 2, exhaustive) 7 del vars, 0 del conss, 25 add conss, 0 chg bounds, 0 chg sides, 0 chg coeffs, 198 upgd conss, 0 impls, 195 clqs
(round 3, fast)       16 del vars, 7 del conss, 25 add conss, 0 chg bounds, 0 chg sides, 0 chg coeffs, 198 upgd conss, 0 impls, 191 clqs
(round 4, medium)     22 del vars, 7 del conss, 25 add conss, 0 chg bounds, 0 chg sides, 0 chg coeffs, 198 upgd conss, 0 impls, 187 clqs
(round 5, fast)       31 del vars, 15 del conss, 25 add conss, 0 chg bounds, 0 chg sides, 0 chg coeffs, 198 upgd conss, 0 impls, 183 clqs
   (0.0s) probing cycle finished: starting next cycle
(round 6, exhaustive) 40 del vars, 15 del conss, 25 add conss, 0 chg bounds, 0 chg sides, 0 chg coeffs, 198 upgd conss, 0 impls, 310 clqs
(round 7, fast)       40 del vars, 27 del conss, 25 add conss, 0 chg bounds, 0 chg sides, 0 chg coeffs, 198 upgd conss, 0 impls, 310 clqs
   (0.0s) probing cycle finished: starting next cycle
   (0.0s) probing: 48/168 (28.6%) - 0 fixings, 9 aggregations, 166 implications, 0 bound changes
   (0.0s) probing aborted: 50/50 successive totally useless probings
presolving (8 rounds: 8 fast, 5 medium, 4 exhaustive):
 40 deleted vars, 27 deleted constraints, 25 added constraints, 0 tightened bounds, 0 added holes, 0 changed sides, 0 changed coefficients
 0 implications, 327 cliques
presolved problem has 168 variables (168 bin, 0 int, 0 impl, 0 cont) and 196 constraints
    171 constraints of type <setppc>
      3 constraints of type <orbisack>
      2 constraints of type <orbitope>
     20 constraints of type <symresack>
transformed objective value is always integral (scale: 1)
Presolving Time: 0.01

 time | node  | left  |LP iter|LP it/n|mem/heur|mdpt |vars |cons |rows |cuts |sepa|confs|strbr|  dualbound   | primalbound  |  gap   | compl. 
  0.0s|     1 |     0 |   113 |     - |  3609k |   0 | 168 | 247 | 171 |   0 |  0 |  50 |   0 | 0.000000e+00 |      --      |    Inf | unknown
  0.1s|     1 |     0 |   480 |     - |  3810k |   0 | 168 | 448 | 173 |   2 |  1 |  51 |   0 | 0.000000e+00 |      --      |    Inf | unknown
  0.1s|     1 |     0 |   554 |     - |  4277k |   0 | 168 | 451 | 177 |   6 |  2 |  54 |   0 | 0.000000e+00 |      --      |    Inf | unknown
  0.1s|     1 |     0 |   595 |     - |  4420k |   0 | 168 | 453 | 179 |   8 |  3 |  56 |   0 | 0.000000e+00 |      --      |    Inf | unknown
  0.1s|     1 |     0 |   632 |     - |  5615k |   0 | 168 | 456 | 181 |  10 |  4 |  59 |   0 | 0.000000e+00 |      --      |    Inf | unknown
  0.1s|     1 |     0 |   666 |     - |  6053k |   0 | 168 | 459 | 182 |  11 |  5 |  62 |   0 | 0.000000e+00 |      --      |    Inf | unknown
  0.1s|     1 |     0 |   730 |     - |  6781k |   0 | 168 | 461 | 184 |  13 |  6 |  64 |   0 | 0.000000e+00 |      --      |    Inf | unknown
  0.1s|     1 |     0 |   816 |     - |  7325k |   0 | 168 | 464 | 186 |  15 |  7 |  67 |   0 | 0.000000e+00 |      --      |    Inf | unknown
  0.2s|     1 |     0 |   844 |     - |  7907k |   0 | 168 | 465 | 188 |  17 |  8 |  68 |   0 | 0.000000e+00 |      --      |    Inf | unknown
  0.2s|     1 |     0 |   907 |     - |  8573k |   0 | 168 | 466 | 192 |  21 |  9 |  69 |   0 | 0.000000e+00 |      --      |    Inf | unknown
  0.2s|     1 |     0 |   976 |     - |  9454k |   0 | 168 | 468 | 194 |  23 | 10 |  71 |   0 | 0.000000e+00 |      --      |    Inf | unknown
  0.2s|     1 |     0 |  1021 |     - |  9477k |   0 | 168 | 470 | 195 |  26 | 11 |  73 |   0 | 0.000000e+00 |      --      |    Inf | unknown
  0.2s|     1 |     0 |  1046 |     - |  9499k |   0 | 168 | 471 | 196 |  27 | 12 |  74 |   0 | 0.000000e+00 |      --      |    Inf | unknown
  0.2s|     1 |     2 |  1126 |     - |  9529k |   0 | 168 | 476 | 196 |  27 | 12 |  79 |  10 | 0.000000e+00 |      --      |    Inf | unknown

SCIP Status        : problem is solved [infeasible]
Solving Time (sec) : 0.74
Solving Nodes      : 63
Primal Bound       : +1.00000000000000e+20 (0 solutions)
Dual Bound         : +1.00000000000000e+20
Gap                : 0.00 %
SCIP Status        : problem is solved [infeasible]
Total Time         :       0.74
  solving          :       0.74
  presolving       :       0.01 (included in solving)
  reading          :       0.00
  copying          :       0.07 (29 #copies) (minimal 0.00, maximal 0.00, average 0.00)
Original Problem   :
  Problem name     : model
  Variables        : 198 (198 binary, 0 integer, 0 implicit integer, 0 continuous)
  Constraints      : 198 initial, 198 maximal
  Objective        : minimize, 0 non-zeros (abs.min = 1e+20, abs.max = -1e+20)
Presolved Problem  :
  Problem name     : t_model
  Variables        : 168 (168 binary, 0 integer, 0 implicit integer, 0 continuous)
  Constraints      : 196 initial, 614 maximal
  Objective        : minimize, 0 non-zeros (abs.min = 1e+20, abs.max = -1e+20)
  Nonzeros         : 5187 constraint, 833 clique table
Presolvers         :   ExecTime  SetupTime  Calls  FixedVars   AggrVars   ChgTypes  ChgBounds   AddHoles    DelCons    AddCons   ChgSides   ChgCoefs
  boundshift       :       0.00       0.00      0          0          0          0          0          0          0          0          0          0
  convertinttobin  :       0.00       0.00      0          0          0          0          0          0          0          0          0          0
  domcol           :       0.00       0.00      3          0          0          0          0          0          0          0          0          0
  dualagg          :       0.00       0.00      0          0          0          0          0          0          0          0          0          0
  dualcomp         :       0.00       0.00      0          0          0          0          0          0          0          0          0          0
  dualinfer        :       0.00       0.00      0          0          0          0          0          0          0          0          0          0
  dualsparsify     :       0.00       0.00      1          0          0          0          0          0          0          0          0          0
  gateextraction   :       0.00       0.00      0          0          0          0          0          0          0          0          0          0
  implics          :       0.00       0.00      5          0          0          0          0          0          0          0          0          0
  inttobinary      :       0.00       0.00      0          0          0          0          0          0          0          0          0          0
  qpkktref         :       0.00       0.00      0          0          0          0          0          0          0          0          0          0
  redvub           :       0.00       0.00      0          0          0          0          0          0          0          0          0          0
  sparsify         :       0.00       0.00      1          0          0          0          0          0          0          0          0          0
  stuffing         :       0.00       0.00      0          0          0          0          0          0          0          0          0          0
  trivial          :       0.00       0.00      8         10          0          0          0          0          0          0          0          0
  tworowbnd        :       0.00       0.00      0          0          0          0          0          0          0          0          0          0
  dualfix          :       0.00       0.00      8          0          0          0          0          0          0          0          0          0
  genvbounds       :       0.00       0.00      0          0          0          0          0          0          0          0          0          0
  probing          :       0.01       0.00      3          0          9          0          0          0          0          0          0          0
  pseudoobj        :       0.00       0.00      0          0          0          0          0          0          0          0          0          0
  symmetry         :       0.00       0.00      1          2          0          0          0          0          0         25          0          0
  vbounds          :       0.00       0.00      2          0          0          0          0          0          0          0          0          0
  knapsack         :       0.00       0.00      0          0          0          0          0          0          0          0          0          0
  setppc           :       0.00       0.00     14          0          8          0          0          0         27          0          0          0
  linear           :       0.00       0.00      2          0          0          0          0          0          0          0          0          0
  orbisack         :       0.00       0.00      2          0          0          0          0          0          0          0          0          0
  orbitope         :       0.00       0.00      3          1          0          0          0          0          0          0          0          0
  symresack        :       0.00       0.00      2          0          0          0          0          0          0          0          0          0
  logicor          :       0.00       0.00      0          0          0          0          0          0          0          0          0          0
  benders          :       0.00       0.00      0          0          0          0          0          0          0          0          0          0
  components       :       0.00       0.00      1          0          0          0          0          0          0          0          0          0
  root node        :          -          -      -          1          -          -          1          -          -          -          -          -
Constraints        :     Number  MaxNumber  #Separate #Propagate    #EnfoLP    #EnfoRelax  #EnfoPS    #Check   #ResProp    Cutoffs    DomReds       Cuts    Applied      Conss   Children
  benderslp        :          0          0          0          0         31          0          0          7          0          0          0          0          0          0          0
  integral         :          0          0          0          0         31          0          0          7          0          0          0          0          0          0         62
  knapsack         :          0+        23          0        565          0          0          0          0         19          0          2          0          0          0          0
  setppc           :        171+       183         12       1903          0          0          0          3       1210         45        432          0          0          0          0
  linear           :          0+       210         12        784          0          0          0          0         65          7         18          2          1          0          0
  orbisack         :          3          3          0          0          0          0          0          0          0          0          0          0          0          0          0
  orbitope         :          2          2          0       1751          0          0          0          0          0          0          0          0          0          0          0
  symresack        :         20         20          0        246          0          0          0          0         20          6         14          0          0          0          0
  logicor          :          0+       191         12        505          0          0          0          0         54          5         24          4          2          0          0
  benders          :          0          0          0          0          0          0          0          0          0          0          0          0          0          0          0
  countsols        :          0          0          0          0          0          0          0          0          0          0          0          0          0          0          0
  components       :          0          0          0          0          0          0          0          0          0          0          0          0          0          0          0
Constraint Timings :  TotalTime  SetupTime   Separate  Propagate     EnfoLP     EnfoPS     EnfoRelax   Check    ResProp    SB-Prop
  benderslp        :       0.00       0.00       0.00       0.00       0.00       0.00       0.00       0.00       0.00       0.00
  integral         :       0.02       0.00       0.00       0.00       0.02       0.00       0.00       0.00       0.00       0.00
  knapsack         :       0.00       0.00       0.00       0.00       0.00       0.00       0.00       0.00       0.00       0.00
  setppc           :       0.01       0.00       0.00       0.01       0.00       0.00       0.00       0.00       0.00       0.00
  linear           :       0.00       0.00       0.00       0.00       0.00       0.00       0.00       0.00       0.00       0.00
  orbisack         :       0.00       0.00       0.00       0.00       0.00       0.00       0.00       0.00       0.00       0.00
  orbitope         :       0.00       0.00       0.00       0.00       0.00       0.00       0.00       0.00       0.00       0.00
  symresack        :       0.00       0.00       0.00       0.00       0.00       0.00       0.00       0.00       0.00       0.00
  logicor          :       0.00       0.00       0.00       0.00       0.00       0.00       0.00       0.00       0.00       0.00
  benders          :       0.00       0.00       0.00       0.00       0.00       0.00       0.00       0.00       0.00       0.00
  countsols        :       0.00       0.00       0.00       0.00       0.00       0.00       0.00       0.00       0.00       0.00
  components       :       0.00       0.00       0.00       0.00       0.00       0.00       0.00       0.00       0.00       0.00
Propagators        : #Propagate   #ResProp    Cutoffs    DomReds
  dualfix          :          1          0          0          0
  genvbounds       :          0          0          0          0
  nlobbt           :          0          0          0          0
  obbt             :          0          0          0          0
  probing          :          0          0          0          0
  pseudoobj        :          0          0          0          0
  redcost          :          0          0          0          0
  rootredcost      :          0          0          0          0
  symmetry         :          0          0          0          0
  vbounds          :        685          0          0          0
Propagator Timings :  TotalTime  SetupTime   Presolve  Propagate    ResProp    SB-Prop
  dualfix          :       0.00       0.00       0.00       0.00       0.00       0.00
  genvbounds       :       0.00       0.00       0.00       0.00       0.00       0.00
  nlobbt           :       0.00       0.00       0.00       0.00       0.00       0.00
  obbt             :       0.00       0.00       0.00       0.00       0.00       0.00
  probing          :       0.01       0.00       0.01       0.00       0.00       0.00
  pseudoobj        :       0.00       0.00       0.00       0.00       0.00       0.00
  redcost          :       0.00       0.00       0.00       0.00       0.00       0.00
  rootredcost      :       0.00       0.00       0.00       0.00       0.00       0.00
  symmetry         :       0.00       0.00       0.00       0.00       0.00       0.00
  vbounds          :       0.00       0.00       0.00       0.00       0.00       0.00
Orbital fixing     :
  vars fixed to 0  :          0
  vars fixed to 1  :          0
Conflict Analysis  :       Time      Calls    Success    DomReds  Conflicts   Literals    Reconvs ReconvLits   Dualrays   Nonzeros   LP Iters   (pool size: [10000,10000])
  propagation      :       0.00         60         59          -        164        8.2          3       12.3          -          -          -
  infeasible LP    :       0.00         34         34          -         63        7.4          2        3.5         33        8.2          0
  bound exceed. LP :       0.00          0          0          -          0        0.0          0        0.0          0        0.0          0
  strong branching :       0.00          0          0          -          0        0.0          0        0.0          -          -          0
  pseudo solution  :       0.00          0          0          -          0        0.0          0        0.0          -          -          -
  applied globally :       0.00          -          -          0        192        6.8          -          -         33          -          -
  applied locally  :          -          -          -          0          0        0.0          -          -          0          -          -
Separators         :   ExecTime  SetupTime      Calls  RootCalls    Cutoffs    DomReds  FoundCuts ViaPoolAdd  DirectAdd    Applied ViaPoolApp  DirectApp      Conss
  cut pool         :       0.00          -         23         23          -          -       1115        757          -          -          -          -          -    (maximal pool size:       1115)
  aggregation      :       0.01       0.00         12         12          0          0          0          0          0          0          0          0          0
  > cmir           :          -          -          -          -          -          -          -          0          0          0          0          0          -
  > flowcover      :          -          -          -          -          -          -          -          0          0          0          0          0          -
  > knapsackcover  :          -          -          -          -          -          -          -          0          0          0          0          0          -
  cgmip            :       0.00       0.00          0          0          0          0          0          0          0          0          0          0          0
  clique           :       0.00       0.00         12         12          0          0          0          0          0          0          0          0          0
  closecuts        :       0.00       0.00          0          0          0          0          0          0          0          0          0          0          0
  convexproj       :       0.00       0.00          0          0          0          0          0          0          0          0          0          0          0
  disjunctive      :       0.00       0.00          0          0          0          0          0          0          0          0          0          0          0
  eccuts           :       0.00       0.00          0          0          0          0          0          0          0          0          0          0          0
  gauge            :       0.00       0.00          0          0          0          0          0          0          0          0          0          0          0
  gomory           :       0.07       0.00         10         10          0          0       1099        743          0         12         12          0          0
  > gomorymi       :          -          -          -          -          -          -          -        314          0          2          2          0          -
  > strongcg       :          -          -          -          -          -          -          -        429          0         10         10          0          -
  impliedbounds    :       0.00       0.00         12         12          0          0          0          0          0          0          0          0          0
  interminor       :       0.00       0.00          0          0          0          0          0          0          0          0          0          0          0
  intobj           :       0.00       0.00          0          0          0          0          0          0          0          0          0          0          0
  mcf              :       0.00       0.00          1          1          0          0          0          0          0          0          0          0          0
  minor            :       0.00       0.00          0          0          0          0          0          0          0          0          0          0          0
  mixing           :       0.00       0.00          0          0          0          0          0          0          0          0          0          0          0
  oddcycle         :       0.00       0.00          0          0          0          0          0          0          0          0          0          0          0
  rapidlearning    :       0.43       0.00         28          1          0       2641          0          0          0          0          0          0        257
  rlt              :       0.00       0.00         10         10          0          0          0          0          0          0          0          0          0
  zerohalf         :       0.01       0.00         12         12          0          0         16         14          0         12         12          0          0
Cutselectors       :   ExecTime  SetupTime      Calls  RootCalls   Selected     Forced   Filtered  RootSelec   RootForc   RootFilt 
  hybrid           :       0.00       0.00         12         12         27          0        736         27          0        736
Pricers            :   ExecTime  SetupTime      Calls       Vars
  problem variables:       0.00          -          0          0
Branching Rules    :   ExecTime  SetupTime   BranchLP  BranchExt   BranchPS    Cutoffs    DomReds       Cuts      Conss   Children
  allfullstrong    :       0.00       0.00          0          0          0          0          0          0          0          0
  cloud            :       0.00       0.00          0          0          0          0          0          0          0          0
  distribution     :       0.00       0.00          0          0          0          0          0          0          0          0
  fullstrong       :       0.00       0.00          0          0          0          0          0          0          0          0
  inference        :       0.00       0.00          0          0          0          0          0          0          0          0
  leastinf         :       0.00       0.00          0          0          0          0          0          0          0          0
  lookahead        :       0.00       0.00          0          0          0          0          0          0          0          0
  mostinf          :       0.00       0.00          0          0          0          0          0          0          0          0
  multaggr         :       0.00       0.00          0          0          0          0          0          0          0          0
  nodereopt        :       0.00       0.00          0          0          0          0          0          0          0          0
  pscost           :       0.00       0.00          0          0          0          0          0          0          0          0
  random           :       0.00       0.00          0          0          0          0          0          0          0          0
  relpscost        :       0.02       0.00         31          0          0          0          0          0          0         62
  vanillafullstrong:       0.00       0.00          0          0          0          0          0          0          0          0
Primal Heuristics  :   ExecTime  SetupTime      Calls      Found       Best
  LP solutions     :       0.00          -          -          0          0
  relax solutions  :       0.00          -          -          0          0
  pseudo solutions :       0.00          -          -          0          0
  strong branching :       0.00          -          -          0          0
  actconsdiving    :       0.00       0.00          0          0          0
  adaptivediving   :       0.01       0.00          2          0          0
  alns             :       0.01       0.00          1          0          0
  bound            :       0.00       0.00          0          0          0
  clique           :       0.00       0.00          1          0          0
  coefdiving       :       0.00       0.00          0          0          0
  completesol      :       0.00       0.00          0          0          0
  conflictdiving   :       0.00       0.00          1          0          0
  crossover        :       0.00       0.00          0          0          0
  dins             :       0.00       0.00          0          0          0
  distributiondivin:       0.00       0.00          1          0          0
  dps              :       0.00       0.00          0          0          0
  dualval          :       0.00       0.00          0          0          0
  farkasdiving     :       0.00       0.00          0          0          0
  feaspump         :       0.01       0.00          1          0          0
  fixandinfer      :       0.00       0.00          0          0          0
  fracdiving       :       0.01       0.00          2          0          0
  gins             :       0.00       0.00          0          0          0
  guideddiving     :       0.00       0.00          0          0          0
  indicator        :       0.00       0.00          0          0          0
  intdiving        :       0.00       0.00          0          0          0
  intshifting      :       0.00       0.00          0          0          0
  linesearchdiving :       0.00       0.00          0          0          0
  localbranching   :       0.00       0.00          0          0          0
  locks            :       0.00       0.00          1          0          0
  lpface           :       0.00       0.00          0          0          0
  mpec             :       0.00       0.00          0          0          0
  multistart       :       0.00       0.00          0          0          0
  mutation         :       0.00       0.00          0          0          0
  nlpdiving        :       0.00       0.00          0          0          0
  objpscostdiving  :       0.01       0.00          1          0          0
  octane           :       0.00       0.00          0          0          0
  ofins            :       0.00       0.00          0          0          0
  oneopt           :       0.00       0.00          0          0          0
  padm             :       0.00       0.00          0          0          0
  proximity        :       0.00       0.00          0          0          0
  pscostdiving     :       0.00       0.00          1          0          0
  randrounding     :       0.01       0.00         13          0          0
  rens             :       0.00       0.00          0          0          0
  reoptsols        :       0.00       0.00          0          0          0
  repair           :       0.00       0.00          0          0          0
  rins             :       0.00       0.00          0          0          0
  rootsoldiving    :       0.01       0.00          1          0          0
  rounding         :       0.00       0.00         71          0          0
  shiftandpropagate:       0.00       0.00          1          0          0
  shifting         :       0.00       0.00         13          0          0
  simplerounding   :       0.00       0.00          0          0          0
  subnlp           :       0.00       0.00          0          0          0
  trivial          :       0.00       0.00          2          0          0
  trivialnegation  :       0.00       0.00          0          0          0
  trustregion      :       0.00       0.00          0          0          0
  trysol           :       0.00       0.00          0          0          0
  twoopt           :       0.00       0.00          0          0          0
  undercover       :       0.00       0.00          0          0          0
  vbounds          :       0.00       0.00          1          0          0
  veclendiving     :       0.01       0.00          2          0          0
  zeroobj          :       0.00       0.00          0          0          0
  zirounding       :       0.00       0.00         31          0          0
  other solutions  :          -          -          -          0          -
LP                 :       Time      Calls Iterations  Iter/call   Iter/sec  Time-0-It Calls-0-It    ItLimit
  primal LP        :       0.00          2          0       0.00          -       0.00          2
  dual LP          :       0.07        100       2825      29.12   42238.57       0.00          3
  lex dual LP      :       0.00          0          0       0.00          -
  barrier LP       :       0.00          0          0       0.00          -       0.00          0
  resolve instable :       0.00          0          0       0.00          -
  diving/probing LP:       0.04         64       1496      23.38   38709.34
  strong branching :       0.02         10        895      89.50   42665.78          -          -          0
    (at root node) :          -         10        895      89.50          -
  conflict analysis:       0.00          0          0       0.00          -
B&B Tree           :
  number of runs   :          1
  nodes            :         63 (31 internal, 32 leaves)
  feasible leaves  :          0
  infeas. leaves   :         32
  objective leaves :          0
  nodes (total)    :         63 (31 internal, 32 leaves)
  nodes left       :          0
  max depth        :          5
  max depth (total):          5
  backtracks       :         29 (46.0%)
  early backtracks :          0 (0.0%)
  nodes exc. ref.  :          0 (0.0%)
  delayed cutoffs  :          0
  repropagations   :          1 (5 domain reductions, 0 cutoffs)
  avg switch length:       3.02
  switching time   :       0.01
Root Node          :
  First LP value   : +0.00000000000000e+00
  First LP Iters   :        113 (66236.81 Iter/sec)
  First LP Time    :       0.00
  Final Dual Bound : +0.00000000000000e+00
  Final Root Iters :       1046
  Root LP Estimate : +3.94965079365080e-03
Solution           :
  Solutions found  :          0 (0 improvements)
  Primal Bound     : infeasible
  Dual Bound       :          -
  Gap              :       0.00 %
Integrals          :      Total       Avg%
  primal-dual      :          -          - (problem infeasible)
  primal-ref       :          -          - (problem infeasible)
  dual-ref         :          -          - (problem infeasible)
written solution information to file <results/final_flowersnark__settings_final_moresymresack_norelabel__3__flowersnark11_3.cip.sol>
@04 1668048370
