FILENAME:   ../instances_new/flowersnark/flowersnark17_3.cip
SETTINGS:   settings_final_nosymretope_relabel_respect
TIMELIMIT:  7200
OUTPUTNAME: final_flowersnark__settings_final_nosymretope_relabel_respect__4__
BINNAME:    bin/sbcs.linux.x86_64.gnu.opt.cpx
BASENAME:   flowersnark17_3.cip
SEED:       4
@01 ../instances_new/flowersnark/flowersnark17_3.cip ===========
@02 flowersnark17_3.cip
@03 1668021406
SCIP version 8.0.2 [precision: 8 byte] [memory: block] [mode: optimized] [LP solver: CPLEX 20.1.0.0] [GitHash: 5f0473c]
Copyright (C) 2002-2022 Konrad-Zuse-Zentrum fuer Informationstechnik Berlin (ZIB)

Symretope propagation methods - (c) Jasper van Doornmalen, Christopher Hojny.
[GitHash: 2fd0484]

reading parameter file <../settings/settings_final_nosymretope_relabel_respect.set> ...

Changed settings:
limits/time = 7200
misc/usesymmetry = 1
randomization/randomseedshift = 4
constraints/orbisack/sepafreq = -1
constraints/symresack/sepafreq = -1
propagating/symmetry/addsymresacks = TRUE
propagating/symmetry/detectsubgroups = FALSE
propagating/symmetry/usesymretopes = FALSE
propagating/symmetry/relabelsymretopes = 3
propagating/symmetry/ofsymcomptiming = 0
constraints/symretope/sepafreq = -1
constraints/symretope/peek = FALSE


solving problem ...

original problem has 306 variables (306 bin, 0 int, 0 impl, 0 cont) and 306 constraints
presolving:
(round 1, exhaustive) 0 del vars, 0 del conss, 0 add conss, 0 chg bounds, 0 chg sides, 0 chg coeffs, 306 upgd conss, 0 impls, 306 clqs
   (0.0s) probing: 51/306 (16.7%) - 0 fixings, 0 aggregations, 0 implications, 0 bound changes
   (0.0s) probing aborted: 50/50 successive totally useless probings
   (0.0s) symmetry computation started: requiring (bin +, int +, cont +), (fixed: bin -, int -, cont -)
   (0.0s) symmetry computation finished: 5 generators found (max: 1500, log10 of symmetry group size: 2.6)
(round 2, exhaustive) 7 del vars, 0 del conss, 5 add conss, 0 chg bounds, 0 chg sides, 0 chg coeffs, 306 upgd conss, 0 impls, 303 clqs
(round 3, fast)       16 del vars, 7 del conss, 5 add conss, 0 chg bounds, 0 chg sides, 0 chg coeffs, 306 upgd conss, 0 impls, 299 clqs
(round 4, medium)     17 del vars, 7 del conss, 5 add conss, 0 chg bounds, 0 chg sides, 0 chg coeffs, 306 upgd conss, 0 impls, 299 clqs
(round 5, fast)       18 del vars, 8 del conss, 5 add conss, 0 chg bounds, 0 chg sides, 0 chg coeffs, 306 upgd conss, 0 impls, 298 clqs
   (0.0s) probing: 56/306 (18.3%) - 0 fixings, 0 aggregations, 0 implications, 0 bound changes
   (0.0s) probing aborted: 50/50 successive totally useless probings
presolving (6 rounds: 6 fast, 4 medium, 3 exhaustive):
 18 deleted vars, 8 deleted constraints, 5 added constraints, 0 tightened bounds, 0 added holes, 0 changed sides, 0 changed coefficients
 0 implications, 298 cliques
presolved problem has 293 variables (293 bin, 0 int, 0 impl, 0 cont) and 303 constraints
    298 constraints of type <setppc>
      2 constraints of type <orbisack>
      2 constraints of type <orbitope>
      1 constraints of type <symresack>
transformed objective value is always integral (scale: 1)
Presolving Time: 0.01

 time | node  | left  |LP iter|LP it/n|mem/heur|mdpt |vars |cons |rows |cuts |sepa|confs|strbr|  dualbound   | primalbound  |  gap   | compl. 
  0.0s|     1 |     0 |   210 |     - |  4289k |   0 | 293 | 349 | 299 |   0 |  0 |  45 |   0 | 0.000000e+00 |      --      |    Inf | unknown
  0.1s|     1 |     0 |   413 |     - |  5015k |   0 | 293 | 551 | 302 |   3 |  1 |  47 |   0 | 0.000000e+00 |      --      |    Inf | unknown
  0.1s|     1 |     0 |   485 |     - |  5912k |   0 | 293 | 553 | 305 |   6 |  2 |  49 |   0 | 0.000000e+00 |      --      |    Inf | unknown
  0.1s|     1 |     0 |   505 |     - |  6610k |   0 | 293 | 554 | 306 |   7 |  3 |  50 |   0 | 0.000000e+00 |      --      |    Inf | unknown
  0.2s|     1 |     0 |   558 |     - |  7153k |   0 | 293 | 555 | 308 |   9 |  4 |  51 |   0 | 0.000000e+00 |      --      |    Inf | unknown
  0.2s|     1 |     0 |   639 |     - |  7816k |   0 | 293 | 556 | 310 |  11 |  5 |  52 |   0 | 0.000000e+00 |      --      |    Inf | unknown
  0.2s|     1 |     0 |   729 |     - |  9149k |   0 | 293 | 558 | 313 |  14 |  6 |  54 |   0 | 0.000000e+00 |      --      |    Inf | unknown
  0.2s|     1 |     0 |   845 |     - |  9577k |   0 | 293 | 559 | 315 |  16 |  7 |  55 |   0 | 0.000000e+00 |      --      |    Inf | unknown
  0.2s|     1 |     0 |   959 |     - |  9641k |   0 | 293 | 560 | 318 |  19 |  8 |  56 |   0 | 0.000000e+00 |      --      |    Inf | unknown
  0.2s|     1 |     0 |  1067 |     - |    11M |   0 | 293 | 561 | 320 |  21 |  9 |  57 |   0 | 0.000000e+00 |      --      |    Inf | unknown
  0.3s|     1 |     0 |  1161 |     - |    14M |   0 | 293 | 562 | 322 |  23 | 10 |  58 |   0 | 0.000000e+00 |      --      |    Inf | unknown
  0.3s|     1 |     0 |  1256 |     - |    14M |   0 | 293 | 563 | 323 |  24 | 11 |  59 |   0 | 0.000000e+00 |      --      |    Inf | unknown
  0.4s|     1 |     2 |  1557 |     - |    14M |   0 | 293 | 570 | 323 |  24 | 11 |  66 |  11 | 0.000000e+00 |      --      |    Inf | unknown
  1.8s|   100 |    52 |  8682 |  75.0 |    15M |  20 | 293 | 875 |   0 |  37 |  0 | 372 |  11 | 0.000000e+00 |      --      |    Inf |  19.18%
  2.2s|   200 |    64 | 13137 |  59.7 |    19M |  20 | 293 |1096 | 307 |  80 |  1 | 595 |  11 | 0.000000e+00 |      --      |    Inf |  19.86%
 time | node  | left  |LP iter|LP it/n|mem/heur|mdpt |vars |cons |rows |cuts |sepa|confs|strbr|  dualbound   | primalbound  |  gap   | compl. 
  2.8s|   300 |    77 | 17365 |  53.9 |    20M |  20 | 293 |1303 | 305 | 111 |  1 | 802 |  11 | 0.000000e+00 |      --      |    Inf |  24.21%
  3.5s|   400 |   121 | 23700 |  56.3 |    23M |  20 | 293 |1553 | 308 | 161 |  0 |1055 |  11 | 0.000000e+00 |      --      |    Inf |  24.91%
  4.2s|   500 |   153 | 29960 |  57.5 |    23M |  20 | 293 |1714 | 309 | 197 |  1 |1216 |  11 | 0.000000e+00 |      --      |    Inf |  25.71%
  4.7s|   600 |   164 | 35125 |  56.5 |    24M |  20 | 293 |1934 | 305 | 221 |  1 |1436 |  11 | 0.000000e+00 |      --      |    Inf |  27.38%
  5.2s|   700 |   187 | 40215 |  55.7 |    25M |  20 | 293 |2164 | 306 | 256 |  0 |1670 |  11 | 0.000000e+00 |      --      |    Inf |  28.26%
  5.5s|   800 |   199 | 43972 |  53.5 |    25M |  20 | 293 |2360 | 307 | 265 |  0 |1874 |  11 | 0.000000e+00 |      --      |    Inf |  28.47%
  5.8s|   900 |   199 | 47829 |  51.8 |    25M |  20 | 293 |2523 | 308 | 303 |  1 |2068 |  11 | 0.000000e+00 |      --      |    Inf |  30.03%
  6.3s|  1000 |   203 | 51510 |  50.3 |    26M |  20 | 293 |2619 | 307 | 355 |  1 |2248 |  11 | 0.000000e+00 |      --      |    Inf |  34.30%
  6.8s|  1100 |   201 | 55977 |  49.8 |    26M |  20 | 293 |2738 | 305 | 406 |  1 |2441 |  11 | 0.000000e+00 |      --      |    Inf |  35.98%
  7.2s|  1200 |   203 | 61145 |  49.9 |    26M |  20 | 293 |2780 | 306 | 491 |  1 |2590 |  11 | 0.000000e+00 |      --      |    Inf |  37.96%
  7.8s|  1300 |   206 | 65263 |  49.3 |    26M |  20 | 293 |2742 | 305 | 528 |  1 |2817 |  11 | 0.000000e+00 |      --      |    Inf |  45.37%
  8.2s|  1400 |   226 | 70716 |  49.6 |    27M |  20 | 293 |2775 | 308 | 568 |  2 |2997 |  11 | 0.000000e+00 |      --      |    Inf |  45.77%
  8.7s|  1500 |   234 | 74131 |  48.6 |    27M |  20 | 293 |2624 | 305 | 607 |  1 |3144 |  11 | 0.000000e+00 |      --      |    Inf |  46.77%
  9.0s|  1600 |   229 | 78737 |  48.5 |    27M |  20 | 293 |2497 | 305 | 667 |  1 |3289 |  11 | 0.000000e+00 |      --      |    Inf |  48.59%
  9.4s|  1700 |   238 | 83663 |  48.5 |    27M |  20 | 293 |2353 | 307 | 721 |  0 |3508 |  11 | 0.000000e+00 |      --      |    Inf |  50.77%
 time | node  | left  |LP iter|LP it/n|mem/heur|mdpt |vars |cons |rows |cuts |sepa|confs|strbr|  dualbound   | primalbound  |  gap   | compl. 
  9.7s|  1800 |   238 | 87398 |  47.9 |    27M |  20 | 293 |2301 | 307 | 745 |  0 |3705 |  11 | 0.000000e+00 |      --      |    Inf |  51.46%
 10.0s|  1900 |   234 | 92026 |  47.8 |    27M |  20 | 293 |2346 |   0 | 783 |  0 |3897 |  11 | 0.000000e+00 |      --      |    Inf |  52.15%
 10.5s|  2000 |   256 | 97458 |  48.1 |    27M |  20 | 293 |2410 | 306 | 853 |  1 |4154 |  11 | 0.000000e+00 |      --      |    Inf |  53.33%
 10.8s|  2100 |   255 |102634 |  48.3 |    27M |  20 | 293 |2528 |   0 | 888 |  0 |4405 |  11 | 0.000000e+00 |      --      |    Inf |  55.42%
 11.2s|  2200 |   274 |107683 |  48.4 |    28M |  20 | 293 |2669 | 310 | 955 |  1 |4674 |  11 | 0.000000e+00 |      --      |    Inf |  56.79%
 11.5s|  2300 |   276 |112380 |  48.3 |    28M |  20 | 293 |2757 | 308 | 991 |  1 |4915 |  11 | 0.000000e+00 |      --      |    Inf |  57.68%
 11.9s|  2400 |   288 |116425 |  48.0 |    28M |  20 | 293 |2820 | 307 |1027 |  1 |5130 |  11 | 0.000000e+00 |      --      |    Inf |  59.26%
 12.3s|  2500 |   295 |121095 |  48.0 |    28M |  20 | 293 |2806 | 311 |1067 |  2 |5286 |  11 | 0.000000e+00 |      --      |    Inf |  59.75%
 12.8s|  2600 |   314 |126578 |  48.2 |    28M |  20 | 293 |2784 | 310 |1135 |  1 |5475 |  11 | 0.000000e+00 |      --      |    Inf |  60.81%
 13.1s|  2700 |   331 |131390 |  48.2 |    28M |  20 | 293 |2976 |   0 |1169 |  0 |5839 |  11 | 0.000000e+00 |      --      |    Inf |  61.20%
 13.5s|  2800 |   333 |135636 |  48.0 |    28M |  20 | 293 |2965 | 307 |1205 |  0 |5994 |  11 | 0.000000e+00 |      --      |    Inf |  61.84%
 13.8s|  2900 |   341 |139282 |  47.6 |    28M |  20 | 293 |3089 |   0 |1263 |  0 |6261 |  11 | 0.000000e+00 |      --      |    Inf |  62.91%
 14.3s|  3000 |   339 |144514 |  47.8 |    28M |  20 | 293 |3130 | 308 |1297 |  0 |6496 |  11 | 0.000000e+00 |      --      |    Inf |  63.68%
 14.6s|  3100 |   336 |148942 |  47.7 |    29M |  20 | 293 |3195 | 305 |1333 |  1 |6759 |  11 | 0.000000e+00 |      --      |    Inf |  64.89%
 15.0s|  3200 |   336 |155063 |  48.1 |    29M |  20 | 293 |3209 | 310 |1387 |  1 |6979 |  11 | 0.000000e+00 |      --      |    Inf |  66.15%
 time | node  | left  |LP iter|LP it/n|mem/heur|mdpt |vars |cons |rows |cuts |sepa|confs|strbr|  dualbound   | primalbound  |  gap   | compl. 
 15.4s|  3300 |   335 |159263 |  47.9 |    29M |  20 | 293 |3242 | 310 |1428 |  0 |7178 |  11 | 0.000000e+00 |      --      |    Inf |  67.20%
 15.7s|  3400 |   328 |163711 |  47.8 |    29M |  20 | 293 |3244 | 308 |1463 |  0 |7381 |  11 | 0.000000e+00 |      --      |    Inf |  68.09%
 16.0s|  3500 |   322 |168155 |  47.7 |    29M |  20 | 293 |3226 | 308 |1498 |  0 |7573 |  11 | 0.000000e+00 |      --      |    Inf |  68.97%
 16.3s|  3600 |   313 |172246 |  47.5 |    29M |  20 | 293 |3208 |   0 |1514 |  0 |7742 |  11 | 0.000000e+00 |      --      |    Inf |  69.51%
 16.6s|  3700 |   311 |176771 |  47.4 |    29M |  20 | 293 |3228 | 309 |1551 |  1 |7902 |  11 | 0.000000e+00 |      --      |    Inf |  70.36%
 16.9s|  3800 |   307 |180644 |  47.2 |    29M |  20 | 293 |3252 | 307 |1582 |  0 |8074 |  11 | 0.000000e+00 |      --      |    Inf |  70.89%
 17.3s|  3900 |   306 |185250 |  47.2 |    29M |  20 | 293 |3296 | 307 |1611 |  1 |8296 |  11 | 0.000000e+00 |      --      |    Inf |  71.45%
 17.6s|  4000 |   290 |189335 |  47.0 |    30M |  20 | 293 |3393 | 307 |1638 |  1 |8573 |  11 | 0.000000e+00 |      --      |    Inf |  72.72%
 17.9s|  4100 |   290 |193835 |  47.0 |    30M |  20 | 293 |3428 | 309 |1645 |  0 |8758 |  11 | 0.000000e+00 |      --      |    Inf |  73.16%
 18.1s|  4200 |   279 |197847 |  46.8 |    30M |  20 | 293 |3451 | 307 |1675 |  1 |8948 |  11 | 0.000000e+00 |      --      |    Inf |  73.66%
 18.4s|  4300 |   271 |201460 |  46.6 |    30M |  20 | 293 |3414 | 305 |1706 |  1 |9149 |  11 | 0.000000e+00 |      --      |    Inf |  74.91%
 18.8s|  4400 |   267 |205284 |  46.4 |    30M |  20 | 293 |3423 | 311 |1744 |  3 |9338 |  11 | 0.000000e+00 |      --      |    Inf |  77.91%
 19.1s|  4500 |   267 |209639 |  46.3 |    30M |  20 | 293 |3445 |   0 |1790 |  0 |9490 |  11 | 0.000000e+00 |      --      |    Inf |  79.94%
 19.4s|  4600 |   255 |213153 |  46.1 |    30M |  20 | 293 |3501 | 307 |1814 |  1 |9717 |  11 | 0.000000e+00 |      --      |    Inf |  80.82%
 19.7s|  4700 |   251 |216657 |  45.8 |    30M |  20 | 293 |3496 | 308 |1834 |  1 |9905 |  11 | 0.000000e+00 |      --      |    Inf |  81.52%
 time | node  | left  |LP iter|LP it/n|mem/heur|mdpt |vars |cons |rows |cuts |sepa|confs|strbr|  dualbound   | primalbound  |  gap   | compl. 
 19.9s|  4800 |   249 |219969 |  45.6 |    30M |  20 | 293 |3552 | 309 |1856 |  1 |  10k|  11 | 0.000000e+00 |      --      |    Inf |  81.83%
 20.1s|  4900 |   230 |223377 |  45.3 |    30M |  20 | 293 |3533 | 310 |1875 |  1 |  10k|  11 | 0.000000e+00 |      --      |    Inf |  82.42%
 20.4s|  5000 |   222 |227282 |  45.2 |    31M |  20 | 293 |3588 | 309 |1915 |  1 |  10k|  11 | 0.000000e+00 |      --      |    Inf |  83.39%
 20.7s|  5100 |   214 |230673 |  45.0 |    31M |  20 | 293 |3585 | 306 |1945 |  1 |  10k|  11 | 0.000000e+00 |      --      |    Inf |  83.98%
 21.0s|  5200 |   198 |234294 |  44.8 |    31M |  20 | 293 |3611 | 309 |1966 |  0 |  10k|  11 | 0.000000e+00 |      --      |    Inf |  84.83%
 21.6s|  5300 |   209 |238598 |  44.8 |    31M |  20 | 293 |3696 | 307 |2043 |  0 |  10k|  11 | 0.000000e+00 |      --      |    Inf |  86.53%
 21.9s|  5400 |   206 |242878 |  44.8 |    31M |  20 | 293 |3764 |   0 |2112 |  0 |  11k|  11 | 0.000000e+00 |      --      |    Inf |  87.50%
 22.3s|  5500 |   203 |247694 |  44.8 |    31M |  20 | 293 |3825 | 307 |2162 |  1 |  11k|  11 | 0.000000e+00 |      --      |    Inf |  88.61%
 22.6s|  5600 |   211 |252327 |  44.8 |    31M |  20 | 293 |3858 |   0 |2201 |  0 |  11k|  11 | 0.000000e+00 |      --      |    Inf |  89.07%
 22.9s|  5700 |   188 |255886 |  44.7 |    31M |  20 | 293 |3863 |   0 |2225 |  0 |  11k|  11 | 0.000000e+00 |      --      |    Inf |  90.12%
 23.1s|  5800 |   185 |259115 |  44.5 |    31M |  20 | 293 |3922 | 309 |2242 |  1 |  11k|  11 | 0.000000e+00 |      --      |    Inf |  91.25%
 23.4s|  5900 |   178 |263654 |  44.5 |    31M |  20 | 293 |3966 | 310 |2276 |  1 |  12k|  11 | 0.000000e+00 |      --      |    Inf |  91.70%
 23.7s|  6000 |   174 |268756 |  44.6 |    31M |  20 | 293 |3978 | 308 |2314 |  1 |  12k|  11 | 0.000000e+00 |      --      |    Inf |  92.28%
 24.0s|  6100 |   154 |272099 |  44.4 |    31M |  20 | 293 |3970 |   0 |2332 |  0 |  12k|  11 | 0.000000e+00 |      --      |    Inf |  93.14%
 24.4s|  6200 |   128 |276834 |  44.5 |    31M |  20 | 293 |3937 | 308 |2369 |  1 |  12k|  11 | 0.000000e+00 |      --      |    Inf |  94.82%
 time | node  | left  |LP iter|LP it/n|mem/heur|mdpt |vars |cons |rows |cuts |sepa|confs|strbr|  dualbound   | primalbound  |  gap   | compl. 
 24.7s|  6300 |    86 |280256 |  44.3 |    32M |  20 | 293 |3906 | 306 |2376 |  1 |  12k|  11 | 0.000000e+00 |      --      |    Inf |  96.29%
 24.9s|  6400 |    68 |284240 |  44.2 |    32M |  20 | 293 |3900 | 308 |2387 |  0 |  13k|  11 | 0.000000e+00 |      --      |    Inf |  97.20%
 25.2s|  6500 |    50 |287953 |  44.1 |    32M |  20 | 293 |4003 | 309 |2404 |  1 |  13k|  11 | 0.000000e+00 |      --      |    Inf |  97.85%
 25.4s|  6600 |    39 |292224 |  44.1 |    32M |  20 | 293 |4076 | 307 |2415 |  0 |  13k|  11 | 0.000000e+00 |      --      |    Inf |  98.48%
 25.7s|  6700 |     6 |295586 |  43.9 |    32M |  20 | 293 |4046 | 308 |2435 |  1 |  13k|  11 | 0.000000e+00 |      --      |    Inf |  99.94%

SCIP Status        : problem is solved [infeasible]
Solving Time (sec) : 25.72
Solving Nodes      : 6722
Primal Bound       : +1.00000000000000e+20 (0 solutions)
Dual Bound         : +1.00000000000000e+20
Gap                : 0.00 %
SCIP Status        : problem is solved [infeasible]
Total Time         :      25.72
  solving          :      25.72
  presolving       :       0.01 (included in solving)
  reading          :       0.00
  copying          :       0.16 (33 #copies) (minimal 0.00, maximal 0.01, average 0.00)
Original Problem   :
  Problem name     : model
  Variables        : 306 (306 binary, 0 integer, 0 implicit integer, 0 continuous)
  Constraints      : 306 initial, 306 maximal
  Objective        : minimize, 0 non-zeros (abs.min = 1e+20, abs.max = -1e+20)
Presolved Problem  :
  Problem name     : t_model
  Variables        : 293 (293 binary, 0 integer, 0 implicit integer, 0 continuous)
  Constraints      : 303 initial, 4094 maximal
  Objective        : minimize, 0 non-zeros (abs.min = 1e+20, abs.max = -1e+20)
  Nonzeros         : 2096 constraint, 917 clique table
Presolvers         :   ExecTime  SetupTime  Calls  FixedVars   AggrVars   ChgTypes  ChgBounds   AddHoles    DelCons    AddCons   ChgSides   ChgCoefs
  boundshift       :       0.00       0.00      0          0          0          0          0          0          0          0          0          0
  convertinttobin  :       0.00       0.00      0          0          0          0          0          0          0          0          0          0
  domcol           :       0.00       0.00      2          0          0          0          0          0          0          0          0          0
  dualagg          :       0.00       0.00      0          0          0          0          0          0          0          0          0          0
  dualcomp         :       0.00       0.00      0          0          0          0          0          0          0          0          0          0
  dualinfer        :       0.00       0.00      0          0          0          0          0          0          0          0          0          0
  dualsparsify     :       0.00       0.00      1          0          0          0          0          0          0          0          0          0
  gateextraction   :       0.00       0.00      0          0          0          0          0          0          0          0          0          0
  implics          :       0.00       0.00      4          0          0          0          0          0          0          0          0          0
  inttobinary      :       0.00       0.00      0          0          0          0          0          0          0          0          0          0
  qpkktref         :       0.00       0.00      0          0          0          0          0          0          0          0          0          0
  redvub           :       0.00       0.00      0          0          0          0          0          0          0          0          0          0
  sparsify         :       0.00       0.00      1          0          0          0          0          0          0          0          0          0
  stuffing         :       0.00       0.00      0          0          0          0          0          0          0          0          0          0
  trivial          :       0.00       0.00      6          5          0          0          0          0          0          0          0          0
  tworowbnd        :       0.00       0.00      0          0          0          0          0          0          0          0          0          0
  dualfix          :       0.00       0.00      6          0          0          0          0          0          0          0          0          0
  genvbounds       :       0.00       0.00      0          0          0          0          0          0          0          0          0          0
  probing          :       0.00       0.00      2          0          0          0          0          0          0          0          0          0
  pseudoobj        :       0.00       0.00      0          0          0          0          0          0          0          0          0          0
  symmetry         :       0.00       0.00      1          2          0          0          0          0          0          5          0          0
  vbounds          :       0.00       0.00      1          0          0          0          0          0          0          0          0          0
  knapsack         :       0.00       0.00      0          0          0          0          0          0          0          0          0          0
  setppc           :       0.00       0.00     10          0          5          0          0          0          8          0          0          0
  linear           :       0.00       0.00      2          0          0          0          0          0          0          0          0          0
  orbisack         :       0.00       0.00      1          0          0          0          0          0          0          0          0          0
  orbitope         :       0.00       0.00      2          1          0          0          0          0          0          0          0          0
  symresack        :       0.00       0.00      1          0          0          0          0          0          0          0          0          0
  logicor          :       0.00       0.00      0          0          0          0          0          0          0          0          0          0
  benders          :       0.00       0.00      0          0          0          0          0          0          0          0          0          0
  components       :       0.00       0.00      1          0          0          0          0          0          0          0          0          0
  root node        :          -          -      -          2          -          -          2          -          -          -          -          -
Constraints        :     Number  MaxNumber  #Separate #Propagate    #EnfoLP    #EnfoRelax  #EnfoPS    #Check   #ResProp    Cutoffs    DomReds       Cuts    Applied      Conss   Children
  benderslp        :          0          0          0          0       3700          0          0          7          0          0          0          0          0          0          0
  integral         :          0          0          0          0       3700          0          0          7          0          0          0          0          0          0       7400
  knapsack         :          0+        81          0      60311          0          0          0          0      17692        469      25760          0          0          0          0
  setppc           :        298+       318         11      60515          0          0          0          3     229834       1314     182875          1          0          0          0
  linear           :          0+       221         11      58680          0          0          0          0       5616        109       9597          0          0          0          0
  orbisack         :          2          2          0        266          0          0          0          0        407         19        301          0          0          0          0
  orbitope         :          2          2          0      58973          0          0          0          0       3044         11       1025          0          0          0          0
  symresack        :          1          1          0      12138          0          0          0          0        229         13        141          0          0          0          0
  logicor          :          0+      3676         11      44397          0          0          0          0      38201        461      30483          0          0          0          0
  benders          :          0          0          0          0          0          0          0          0          0          0          0          0          0          0          0
  countsols        :          0          0          0          0          0          0          0          0          0          0          0          0          0          0          0
  components       :          0          0          0          0          0          0          0          0          0          0          0          0          0          0          0
Constraint Timings :  TotalTime  SetupTime   Separate  Propagate     EnfoLP     EnfoPS     EnfoRelax   Check    ResProp    SB-Prop
  benderslp        :       0.00       0.00       0.00       0.00       0.00       0.00       0.00       0.00       0.00       0.00
  integral         :       0.19       0.00       0.00       0.00       0.19       0.00       0.00       0.00       0.00       0.00
  knapsack         :       0.36       0.00       0.00       0.32       0.00       0.00       0.00       0.00       0.03       0.00
  setppc           :       1.02       0.00       0.00       0.94       0.00       0.00       0.00       0.00       0.08       0.00
  linear           :       0.15       0.00       0.00       0.14       0.00       0.00       0.00       0.00       0.01       0.00
  orbisack         :       0.01       0.00       0.00       0.01       0.00       0.00       0.00       0.00       0.00       0.00
  orbitope         :       0.19       0.00       0.00       0.16       0.00       0.00       0.00       0.00       0.03       0.00
  symresack        :       0.00       0.00       0.00       0.00       0.00       0.00       0.00       0.00       0.00       0.00
  logicor          :       1.06       0.00       0.00       1.03       0.00       0.00       0.00       0.00       0.03       0.00
  benders          :       0.00       0.00       0.00       0.00       0.00       0.00       0.00       0.00       0.00       0.00
  countsols        :       0.00       0.00       0.00       0.00       0.00       0.00       0.00       0.00       0.00       0.00
  components       :       0.00       0.00       0.00       0.00       0.00       0.00       0.00       0.00       0.00       0.00
Propagators        : #Propagate   #ResProp    Cutoffs    DomReds
  dualfix          :          1          0          0          0
  genvbounds       :          0          0          0          0
  nlobbt           :          0          0          0          0
  obbt             :          0          0          0          0
  probing          :          0          0          0          0
  pseudoobj        :          0          0          0          0
  redcost          :          0          0          0          0
  rootredcost      :          0          0          0          0
  symmetry         :          0          0          0          0
  vbounds          :      47206          0          0          0
Propagator Timings :  TotalTime  SetupTime   Presolve  Propagate    ResProp    SB-Prop
  dualfix          :       0.00       0.00       0.00       0.00       0.00       0.00
  genvbounds       :       0.01       0.00       0.00       0.01       0.00       0.00
  nlobbt           :       0.00       0.00       0.00       0.00       0.00       0.00
  obbt             :       0.00       0.00       0.00       0.00       0.00       0.00
  probing          :       0.00       0.00       0.00       0.00       0.00       0.00
  pseudoobj        :       0.01       0.00       0.00       0.01       0.00       0.00
  redcost          :       0.00       0.00       0.00       0.00       0.00       0.00
  rootredcost      :       0.00       0.00       0.00       0.00       0.00       0.00
  symmetry         :       0.01       0.00       0.00       0.00       0.00       0.00
  vbounds          :       0.09       0.00       0.00       0.09       0.00       0.00
Orbital fixing     :
  vars fixed to 0  :          0
  vars fixed to 1  :          0
Conflict Analysis  :       Time      Calls    Success    DomReds  Conflicts   Literals    Reconvs ReconvLits   Dualrays   Nonzeros   LP Iters   (pool size: [10000,10000])
  propagation      :       0.21       2349       2042          -      12162       26.7        140       10.0          -          -          -
  infeasible LP    :       0.44       2007       1674          -      12340       22.5         66        8.9        532       28.9          0
  bound exceed. LP :       0.00          0          0          -          0        0.0          0        0.0          0        0.0          0
  strong branching :       0.00          0          0          -          0        0.0          0        0.0          -          -          0
  pseudo solution  :       0.00          0          0          -          0        0.0          0        0.0          -          -          -
  applied globally :       0.08          -          -          0      13060       17.7          -          -        474          -          -
  applied locally  :          -          -          -          0        105       43.1          -          -         58          -          -
Separators         :   ExecTime  SetupTime      Calls  RootCalls    Cutoffs    DomReds  FoundCuts ViaPoolAdd  DirectAdd    Applied ViaPoolApp  DirectApp      Conss
  cut pool         :       1.80          -       1988         21          -          -      28294       8837          -          -          -          -          -    (maximal pool size:       2914)
  aggregation      :       0.99       0.00       1084         11          0          0          1          0          0          0          0          0          0
  > cmir           :          -          -          -          -          -          -          -          0          0          0          0          0          -
  > flowcover      :          -          -          -          -          -          -          -          0          0          0          0          0          -
  > knapsackcover  :          -          -          -          -          -          -          -          0          0          0          0          0          -
  cgmip            :       0.00       0.00          0          0          0          0          0          0          0          0          0          0          0
  clique           :       0.00       0.00         11         11          0          0          0          0          0          0          0          0          0
  closecuts        :       0.00       0.00          0          0          0          0          0          0          0          0          0          0          0
  convexproj       :       0.00       0.00          0          0          0          0          0          0          0          0          0          0          0
  disjunctive      :       0.00       0.00          0          0          0          0          0          0          0          0          0          0          0
  eccuts           :       0.00       0.00          0          0          0          0          0          0          0          0          0          0          0
  gauge            :       0.00       0.00          0          0          0          0          0          0          0          0          0          0          0
  gomory           :       3.40       0.00       1082         10          0          0      42216       8458      14130       1206        855        351          0
  > gomorymi       :          -          -          -          -          -          -          -       1140       7065        257         57        200          -
  > strongcg       :          -          -          -          -          -          -          -       7318       7065        949        798        151          -
  impliedbounds    :       0.02       0.00       1084         11          0          0         24         58          0         57         57          0          0
  interminor       :       0.00       0.00          0          0          0          0          0          0          0          0          0          0          0
  intobj           :       0.00       0.00          0          0          0          0          0          0          0          0          0          0          0
  mcf              :       0.00       0.00          1          1          0          0          0          0          0          0          0          0          0
  minor            :       0.00       0.00          0          0          0          0          0          0          0          0          0          0          0
  mixing           :       0.00       0.00          0          0          0          0          0          0          0          0          0          0          0
  oddcycle         :       0.00       0.00          0          0          0          0          0          0          0          0          0          0          0
  rapidlearning    :       3.84       0.00         32          1          0       1801          0          0          0          0          0          0        480
  rlt              :       0.00       0.00         10         10          0          0          0          0          0          0          0          0          0
  zerohalf         :       0.54       0.00       1083         11          0          0       1453        321       1270       1170        236        934          0
Cutselectors       :   ExecTime  SetupTime      Calls  RootCalls   Selected     Forced   Filtered  RootSelec   RootForc   RootFilt 
  hybrid           :       0.03       0.00       1076         11       2423         12      21815         24          0        706
Pricers            :   ExecTime  SetupTime      Calls       Vars
  problem variables:       0.00          -          0          0
Branching Rules    :   ExecTime  SetupTime   BranchLP  BranchExt   BranchPS    Cutoffs    DomReds       Cuts      Conss   Children
  allfullstrong    :       0.00       0.00          0          0          0          0          0          0          0          0
  cloud            :       0.00       0.00          0          0          0          0          0          0          0          0
  distribution     :       0.00       0.00          0          0          0          0          0          0          0          0
  fullstrong       :       0.00       0.00          0          0          0          0          0          0          0          0
  inference        :       0.00       0.00          0          0          0          0          0          0          0          0
  leastinf         :       0.00       0.00          0          0          0          0          0          0          0          0
  lookahead        :       0.00       0.00          0          0          0          0          0          0          0          0
  mostinf          :       0.00       0.00          0          0          0          0          0          0          0          0
  multaggr         :       0.00       0.00          0          0          0          0          0          0          0          0
  nodereopt        :       0.00       0.00          0          0          0          0          0          0          0          0
  pscost           :       0.00       0.00          0          0          0          0          0          0          0          0
  random           :       0.00       0.00          0          0          0          0          0          0          0          0
  relpscost        :       0.19       0.00       3700          0          0          0          0          0          0       7400
  vanillafullstrong:       0.00       0.00          0          0          0          0          0          0          0          0
Primal Heuristics  :   ExecTime  SetupTime      Calls      Found       Best
  LP solutions     :       0.00          -          -          0          0
  relax solutions  :       0.00          -          -          0          0
  pseudo solutions :       0.00          -          -          0          0
  strong branching :       0.00          -          -          0          0
  actconsdiving    :       0.00       0.00          0          0          0
  adaptivediving   :       0.21       0.00         70          0          0
  alns             :       0.01       0.00          1          0          0
  bound            :       0.00       0.00          0          0          0
  clique           :       0.00       0.00          1          0          0
  coefdiving       :       0.00       0.00          0          0          0
  completesol      :       0.00       0.00          0          0          0
  conflictdiving   :       0.06       0.00         35          0          0
  crossover        :       0.00       0.00          0          0          0
  dins             :       0.00       0.00          0          0          0
  distributiondivin:       0.17       0.00         35          0          0
  dps              :       0.00       0.00          0          0          0
  dualval          :       0.00       0.00          0          0          0
  farkasdiving     :       0.00       0.00          0          0          0
  feaspump         :       0.01       0.00          1          0          0
  fixandinfer      :       0.00       0.00          0          0          0
  fracdiving       :       0.06       0.00         36          0          0
  gins             :       0.00       0.00          0          0          0
  guideddiving     :       0.00       0.00          0          0          0
  indicator        :       0.00       0.00          0          0          0
  intdiving        :       0.00       0.00          0          0          0
  intshifting      :       0.00       0.00          0          0          0
  linesearchdiving :       0.09       0.00         35          0          0
  localbranching   :       0.00       0.00          0          0          0
  locks            :       0.00       0.00          1          0          0
  lpface           :       0.00       0.00          0          0          0
  mpec             :       0.00       0.00          0          0          0
  multistart       :       0.00       0.00          0          0          0
  mutation         :       0.00       0.00          0          0          0
  nlpdiving        :       0.00       0.00          0          0          0
  objpscostdiving  :       0.07       0.00          5          0          0
  octane           :       0.00       0.00          0          0          0
  ofins            :       0.00       0.00          0          0          0
  oneopt           :       0.00       0.00          0          0          0
  padm             :       0.00       0.00          0          0          0
  proximity        :       0.00       0.00          0          0          0
  pscostdiving     :       0.07       0.00         36          0          0
  randrounding     :       0.01       0.00         12          0          0
  rens             :       0.00       0.00          0          0          0
  reoptsols        :       0.00       0.00          0          0          0
  repair           :       0.00       0.00          0          0          0
  rins             :       0.00       0.00          0          0          0
  rootsoldiving    :       0.08       0.00          8          0          0
  rounding         :       0.04       0.00        950          0          0
  shiftandpropagate:       0.00       0.00          1          0          0
  shifting         :       0.05       0.00        503          0          0
  simplerounding   :       0.00       0.00          0          0          0
  subnlp           :       0.00       0.00          0          0          0
  trivial          :       0.00       0.00          2          0          0
  trivialnegation  :       0.00       0.00          0          0          0
  trustregion      :       0.00       0.00          0          0          0
  trysol           :       0.00       0.00          0          0          0
  twoopt           :       0.00       0.00          0          0          0
  undercover       :       0.00       0.00          0          0          0
  vbounds          :       0.00       0.00          1          0          0
  veclendiving     :       0.07       0.00         35          0          0
  zeroobj          :       0.00       0.00          0          0          0
  zirounding       :       0.01       0.00       1000          0          0
  other solutions  :          -          -          -          0          -
LP                 :       Time      Calls Iterations  Iter/call   Iter/sec  Time-0-It Calls-0-It    ItLimit
  primal LP        :       0.44        472          0       0.00       0.00       0.44        472
  dual LP          :       7.99       6724     285623      42.81   35729.17       0.01         52
  lex dual LP      :       0.00          0          0       0.00          -
  barrier LP       :       0.00          0          0       0.00          -       0.00          0
  resolve instable :       0.00          0          0       0.00          -
  diving/probing LP:       0.35        319      10810      33.89   30672.76
  strong branching :       0.08         11       2637     239.73   32816.88          -          -          0
    (at root node) :          -         11       2637     239.73          -
  conflict analysis:       0.00          0          0       0.00          -
B&B Tree           :
  number of runs   :          1
  nodes            :       6722 (3700 internal, 3022 leaves)
  feasible leaves  :          0
  infeas. leaves   :       3022
  objective leaves :          0
  nodes (total)    :       6722 (3700 internal, 3022 leaves)
  nodes left       :          0
  max depth        :         20
  max depth (total):         20
  backtracks       :       2190 (32.6%)
  early backtracks :          0 (0.0%)
  nodes exc. ref.  :          0 (0.0%)
  delayed cutoffs  :        679
  repropagations   :       3307 (74311 domain reductions, 632 cutoffs)
  avg switch length:       4.88
  switching time   :       1.71
Root Node          :
  First LP value   : +0.00000000000000e+00
  First LP Iters   :        210 (51915.95 Iter/sec)
  First LP Time    :       0.00
  Final Dual Bound : +0.00000000000000e+00
  Final Root Iters :       1256
  Root LP Estimate : +3.43845624474162e-03
Solution           :
  Solutions found  :          0 (0 improvements)
  Primal Bound     : infeasible
  Dual Bound       :          -
  Gap              :       0.00 %
Integrals          :      Total       Avg%
  primal-dual      :          -          - (problem infeasible)
  primal-ref       :          -          - (problem infeasible)
  dual-ref         :          -          - (problem infeasible)
written solution information to file <results/final_flowersnark__settings_final_nosymretope_relabel_respect__4__flowersnark17_3.cip.sol>
@04 1668021432
