FILENAME:   ../instances_new/flowersnark/flowersnark15_3.cip
SETTINGS:   settings_final_moresymresack_relabel_min
TIMELIMIT:  7200
OUTPUTNAME: final_flowersnark__settings_final_moresymresack_relabel_min__1__
BINNAME:    bin/sbcs.linux.x86_64.gnu.opt.cpx
BASENAME:   flowersnark15_3.cip
SEED:       1
@01 ../instances_new/flowersnark/flowersnark15_3.cip ===========
@02 flowersnark15_3.cip
@03 1668037870
SCIP version 8.0.2 [precision: 8 byte] [memory: block] [mode: optimized] [LP solver: CPLEX 20.1.0.0] [GitHash: 5f0473c]
Copyright (C) 2002-2022 Konrad-Zuse-Zentrum fuer Informationstechnik Berlin (ZIB)

Symretope propagation methods - (c) Jasper van Doornmalen, Christopher Hojny.
[GitHash: 8113d1c]

reading parameter file <../settings/settings_final_moresymresack_relabel_min.set> ...

Changed settings:
limits/time = 7200
misc/usesymmetry = 1
randomization/randomseedshift = 1
constraints/orbisack/sepafreq = -1
constraints/symresack/sepafreq = -1
propagating/symmetry/addsymresacks = TRUE
propagating/symmetry/detectsubgroups = FALSE
propagating/symmetry/usesymretopes = FALSE
propagating/symmetry/relabelsymretopes = 2
propagating/symmetry/addmoresymresacks = TRUE
propagating/symmetry/ofsymcomptiming = 0
constraints/symretope/sepafreq = -1
constraints/symretope/peek = FALSE


solving problem ...

original problem has 270 variables (270 bin, 0 int, 0 impl, 0 cont) and 270 constraints
presolving:
(round 1, exhaustive) 0 del vars, 0 del conss, 0 add conss, 0 chg bounds, 0 chg sides, 0 chg coeffs, 270 upgd conss, 0 impls, 270 clqs
   (0.0s) probing: 51/270 (18.9%) - 0 fixings, 0 aggregations, 0 implications, 0 bound changes
   (0.0s) probing aborted: 50/50 successive totally useless probings
   (0.0s) symmetry computation started: requiring (bin +, int +, cont +), (fixed: bin -, int -, cont -)
   (0.0s) symmetry computation finished: 5 generators found (max: 1500, log10 of symmetry group size: 2.6)
(round 2, exhaustive) 7 del vars, 0 del conss, 33 add conss, 0 chg bounds, 0 chg sides, 0 chg coeffs, 270 upgd conss, 0 impls, 267 clqs
(round 3, fast)       16 del vars, 7 del conss, 33 add conss, 0 chg bounds, 0 chg sides, 0 chg coeffs, 270 upgd conss, 0 impls, 263 clqs
(round 4, medium)     17 del vars, 7 del conss, 33 add conss, 0 chg bounds, 0 chg sides, 0 chg coeffs, 270 upgd conss, 0 impls, 263 clqs
(round 5, fast)       18 del vars, 8 del conss, 33 add conss, 0 chg bounds, 0 chg sides, 0 chg coeffs, 270 upgd conss, 0 impls, 262 clqs
   (0.0s) probing cycle finished: starting next cycle
(round 6, exhaustive) 26 del vars, 8 del conss, 33 add conss, 0 chg bounds, 0 chg sides, 0 chg coeffs, 270 upgd conss, 0 impls, 389 clqs
(round 7, fast)       26 del vars, 19 del conss, 33 add conss, 0 chg bounds, 1 chg sides, 0 chg coeffs, 270 upgd conss, 0 impls, 389 clqs
   (0.0s) probing: 79/252 (31.3%) - 0 fixings, 8 aggregations, 146 implications, 0 bound changes
   (0.0s) probing aborted: 50/50 successive totally useless probings
presolving (8 rounds: 8 fast, 5 medium, 4 exhaustive):
 26 deleted vars, 19 deleted constraints, 33 added constraints, 0 tightened bounds, 0 added holes, 1 changed sides, 0 changed coefficients
 0 implications, 389 cliques
presolved problem has 249 variables (249 bin, 0 int, 0 impl, 0 cont) and 284 constraints
    251 constraints of type <setppc>
      3 constraints of type <orbisack>
      2 constraints of type <orbitope>
     28 constraints of type <symresack>
transformed objective value is always integral (scale: 1)
Presolving Time: 0.02

 time | node  | left  |LP iter|LP it/n|mem/heur|mdpt |vars |cons |rows |cuts |sepa|confs|strbr|  dualbound   | primalbound  |  gap   | compl. 
  0.0s|     1 |     0 |   201 |     - |  5150k |   0 | 249 | 330 | 253 |   0 |  0 |  45 |   0 | 0.000000e+00 |      --      |    Inf | unknown
  0.1s|     1 |     0 |   590 |     - |  5514k |   0 | 249 | 531 | 253 |   3 |  1 |  46 |   0 | 0.000000e+00 |      --      |    Inf | unknown
  0.1s|     1 |     0 |   655 |     - |  6616k |   0 | 249 | 530 | 257 |   7 |  2 |  47 |   0 | 0.000000e+00 |      --      |    Inf | unknown
  0.1s|     1 |     0 |   718 |     - |  7386k |   0 | 249 | 531 | 259 |   9 |  3 |  48 |   0 | 0.000000e+00 |      --      |    Inf | unknown
  0.2s|     1 |     0 |   809 |     - |  9053k |   0 | 249 | 534 | 261 |  11 |  4 |  51 |   0 | 0.000000e+00 |      --      |    Inf | unknown
  0.2s|     1 |     0 |   892 |     - |  9851k |   0 | 249 | 535 | 264 |  14 |  5 |  52 |   0 | 0.000000e+00 |      --      |    Inf | unknown
  0.2s|     1 |     0 |   985 |     - |    11M |   0 | 249 | 536 | 266 |  16 |  6 |  53 |   0 | 0.000000e+00 |      --      |    Inf | unknown
  0.3s|     1 |     0 |  1065 |     - |    13M |   0 | 249 | 538 | 269 |  19 |  7 |  55 |   0 | 0.000000e+00 |      --      |    Inf | unknown
  0.3s|     1 |     0 |  1074 |     - |    14M |   0 | 249 | 539 | 270 |  20 |  8 |  56 |   0 | 0.000000e+00 |      --      |    Inf | unknown
  0.3s|     1 |     0 |  1159 |     - |    15M |   0 | 249 | 541 | 272 |  22 |  9 |  58 |   0 | 0.000000e+00 |      --      |    Inf | unknown
  0.3s|     1 |     0 |  1260 |     - |    17M |   0 | 249 | 542 | 274 |  24 | 10 |  59 |   0 | 0.000000e+00 |      --      |    Inf | unknown
  0.4s|     1 |     0 |  1439 |     - |    17M |   0 | 249 | 544 | 278 |  28 | 11 |  61 |   0 | 0.000000e+00 |      --      |    Inf | unknown
  0.4s|     1 |     2 |  1717 |     - |    17M |   0 | 249 | 552 | 278 |  28 | 11 |  69 |  12 | 0.000000e+00 |      --      |    Inf | unknown
  1.1s|   100 |    20 |  9005 |  76.4 |    19M |  14 | 249 | 708 | 262 |  88 |  1 | 227 |  12 | 0.000000e+00 |      --      |    Inf |  31.82%
  1.5s|   200 |    24 | 13746 |  61.8 |    23M |  14 | 249 | 846 | 260 | 157 |  1 | 365 |  12 | 0.000000e+00 |      --      |    Inf |  40.23%
 time | node  | left  |LP iter|LP it/n|mem/heur|mdpt |vars |cons |rows |cuts |sepa|confs|strbr|  dualbound   | primalbound  |  gap   | compl. 
  1.8s|   300 |    20 | 18677 |  57.7 |    26M |  14 | 249 |1036 | 259 | 226 |  1 | 557 |  12 | 0.000000e+00 |      --      |    Inf |  41.94%
  2.2s|   400 |    14 | 23670 |  55.7 |    26M |  15 | 249 |1223 | 260 | 280 |  1 | 746 |  12 | 0.000000e+00 |      --      |    Inf |  49.12%
  2.7s|   500 |     5 | 28487 |  54.2 |    26M |  15 | 249 |1345 | 262 | 351 |  0 | 869 |  12 | 0.000000e+00 |      --      |    Inf |  56.15%

SCIP Status        : problem is solved [infeasible]
Solving Time (sec) : 3.35
Solving Nodes      : 527
Primal Bound       : +1.00000000000000e+20 (0 solutions)
Dual Bound         : +1.00000000000000e+20
Gap                : 0.00 %
SCIP Status        : problem is solved [infeasible]
Total Time         :       3.35
  solving          :       3.35
  presolving       :       0.02 (included in solving)
  reading          :       0.00
  copying          :       0.10 (25 #copies) (minimal 0.00, maximal 0.00, average 0.00)
Original Problem   :
  Problem name     : model
  Variables        : 270 (270 binary, 0 integer, 0 implicit integer, 0 continuous)
  Constraints      : 270 initial, 270 maximal
  Objective        : minimize, 0 non-zeros (abs.min = 1e+20, abs.max = -1e+20)
Presolved Problem  :
  Problem name     : t_model
  Variables        : 249 (249 binary, 0 integer, 0 implicit integer, 0 continuous)
  Constraints      : 284 initial, 1353 maximal
  Objective        : minimize, 0 non-zeros (abs.min = 1e+20, abs.max = -1e+20)
  Nonzeros         : 9291 constraint, 931 clique table
Presolvers         :   ExecTime  SetupTime  Calls  FixedVars   AggrVars   ChgTypes  ChgBounds   AddHoles    DelCons    AddCons   ChgSides   ChgCoefs
  boundshift       :       0.00       0.00      0          0          0          0          0          0          0          0          0          0
  convertinttobin  :       0.00       0.00      0          0          0          0          0          0          0          0          0          0
  domcol           :       0.00       0.00      3          0          0          0          0          0          0          0          0          0
  dualagg          :       0.00       0.00      0          0          0          0          0          0          0          0          0          0
  dualcomp         :       0.00       0.00      0          0          0          0          0          0          0          0          0          0
  dualinfer        :       0.00       0.00      0          0          0          0          0          0          0          0          0          0
  dualsparsify     :       0.00       0.00      1          0          0          0          0          0          0          0          0          0
  gateextraction   :       0.00       0.00      0          0          0          0          0          0          0          0          0          0
  implics          :       0.00       0.00      5          0          0          0          0          0          0          0          0          0
  inttobinary      :       0.00       0.00      0          0          0          0          0          0          0          0          0          0
  qpkktref         :       0.00       0.00      0          0          0          0          0          0          0          0          0          0
  redvub           :       0.00       0.00      0          0          0          0          0          0          0          0          0          0
  sparsify         :       0.00       0.00      1          0          0          0          0          0          0          0          0          0
  stuffing         :       0.00       0.00      0          0          0          0          0          0          0          0          0          0
  trivial          :       0.00       0.00      8          5          0          0          0          0          0          0          0          0
  tworowbnd        :       0.00       0.00      0          0          0          0          0          0          0          0          0          0
  dualfix          :       0.00       0.00      8          0          0          0          0          0          0          0          0          0
  genvbounds       :       0.00       0.00      0          0          0          0          0          0          0          0          0          0
  probing          :       0.01       0.00      3          0          8          0          0          0          0          0          0          0
  pseudoobj        :       0.00       0.00      0          0          0          0          0          0          0          0          0          0
  symmetry         :       0.00       0.00      1          2          0          0          0          0          0         33          0          0
  vbounds          :       0.00       0.00      2          0          0          0          0          0          0          0          0          0
  knapsack         :       0.00       0.00      0          0          0          0          0          0          0          0          0          0
  setppc           :       0.00       0.00     14          0          5          0          0          0         19          0          1          0
  linear           :       0.00       0.00      2          0          0          0          0          0          0          0          0          0
  orbisack         :       0.00       0.00      2          0          0          0          0          0          0          0          0          0
  orbitope         :       0.00       0.00      3          1          0          0          0          0          0          0          0          0
  symresack        :       0.00       0.00      2          0          0          0          0          0          0          0          0          0
  logicor          :       0.00       0.00      0          0          0          0          0          0          0          0          0          0
  benders          :       0.00       0.00      0          0          0          0          0          0          0          0          0          0
  components       :       0.00       0.00      1          0          0          0          0          0          0          0          0          0
  root node        :          -          -      -         13          -          -         13          -          -          -          -          -
Constraints        :     Number  MaxNumber  #Separate #Propagate    #EnfoLP    #EnfoRelax  #EnfoPS    #Check   #ResProp    Cutoffs    DomReds       Cuts    Applied      Conss   Children
  benderslp        :          0          0          0          0        272          0          0          7          0          0          0          0          0          0          0
  integral         :          0          0          0          0        272          0          0          7          0          0          0          0          0          0        544
  knapsack         :          0+        70          0       3370          0          0          0          0        284          5        513          0          0          0          0
  setppc           :        251+       256         12       4622          0          0          0          3       7693        110       5985          3          1          0          0
  linear           :          0+       215         11       3476          0          0          0          0        343          4        308          3          2          0          0
  orbisack         :          3          3          0         20          0          0          0          0          8          3          2          0          0          0          0
  orbitope         :          2          2          0       4405          0          0          0          0         69          1         62          0          0          0          0
  symresack        :         28         28          0        798          0          0          0          0         96         14         73          0          0          0          0
  logicor          :          0+       816         12       2144          0          0          0          0        935          4        618          0          0          0          0
  benders          :          0          0          0          0          0          0          0          0          0          0          0          0          0          0          0
  countsols        :          0          0          0          0          0          0          0          0          0          0          0          0          0          0          0
  components       :          0          0          0          0          0          0          0          0          0          0          0          0          0          0          0
Constraint Timings :  TotalTime  SetupTime   Separate  Propagate     EnfoLP     EnfoPS     EnfoRelax   Check    ResProp    SB-Prop
  benderslp        :       0.00       0.00       0.00       0.00       0.00       0.00       0.00       0.00       0.00       0.00
  integral         :       0.09       0.00       0.00       0.00       0.09       0.00       0.00       0.00       0.00       0.00
  knapsack         :       0.01       0.00       0.00       0.01       0.00       0.00       0.00       0.00       0.00       0.00
  setppc           :       0.03       0.00       0.00       0.03       0.00       0.00       0.00       0.00       0.00       0.00
  linear           :       0.01       0.00       0.00       0.01       0.00       0.00       0.00       0.00       0.00       0.00
  orbisack         :       0.00       0.00       0.00       0.00       0.00       0.00       0.00       0.00       0.00       0.00
  orbitope         :       0.01       0.00       0.00       0.01       0.00       0.00       0.00       0.00       0.00       0.00
  symresack        :       0.00       0.00       0.00       0.00       0.00       0.00       0.00       0.00       0.00       0.00
  logicor          :       0.02       0.00       0.00       0.02       0.00       0.00       0.00       0.00       0.00       0.00
  benders          :       0.00       0.00       0.00       0.00       0.00       0.00       0.00       0.00       0.00       0.00
  countsols        :       0.00       0.00       0.00       0.00       0.00       0.00       0.00       0.00       0.00       0.00
  components       :       0.00       0.00       0.00       0.00       0.00       0.00       0.00       0.00       0.00       0.00
Propagators        : #Propagate   #ResProp    Cutoffs    DomReds
  dualfix          :          2          0          0          0
  genvbounds       :          0          0          0          0
  nlobbt           :          0          0          0          0
  obbt             :          0          0          0          0
  probing          :          0          0          0          0
  pseudoobj        :          0          0          0          0
  redcost          :          0          0          0          0
  rootredcost      :          0          0          0          0
  symmetry         :          0          0          0          0
  vbounds          :       2797          0          0          0
Propagator Timings :  TotalTime  SetupTime   Presolve  Propagate    ResProp    SB-Prop
  dualfix          :       0.00       0.00       0.00       0.00       0.00       0.00
  genvbounds       :       0.00       0.00       0.00       0.00       0.00       0.00
  nlobbt           :       0.00       0.00       0.00       0.00       0.00       0.00
  obbt             :       0.00       0.00       0.00       0.00       0.00       0.00
  probing          :       0.01       0.00       0.01       0.00       0.00       0.00
  pseudoobj        :       0.00       0.00       0.00       0.00       0.00       0.00
  redcost          :       0.00       0.00       0.00       0.00       0.00       0.00
  rootredcost      :       0.00       0.00       0.00       0.00       0.00       0.00
  symmetry         :       0.00       0.00       0.00       0.00       0.00       0.00
  vbounds          :       0.00       0.00       0.00       0.00       0.00       0.00
Orbital fixing     :
  vars fixed to 0  :          0
  vars fixed to 1  :          0
Conflict Analysis  :       Time      Calls    Success    DomReds  Conflicts   Literals    Reconvs ReconvLits   Dualrays   Nonzeros   LP Iters   (pool size: [10000,10000])
  propagation      :       0.00        129        126          -        376       13.9          9        5.7          -          -          -
  infeasible LP    :       0.03        237        185          -        882       15.5          7        6.0         95       20.7          0
  bound exceed. LP :       0.00          0          0          -          0        0.0          0        0.0          0        0.0          0
  strong branching :       0.00          0          0          -          0        0.0          0        0.0          -          -          0
  pseudo solution  :       0.00          0          0          -          0        0.0          0        0.0          -          -          -
  applied globally :       0.00          -          -          0        813       12.1          -          -         90          -          -
  applied locally  :          -          -          -          0          3        8.3          -          -          5          -          -
Separators         :   ExecTime  SetupTime      Calls  RootCalls    Cutoffs    DomReds  FoundCuts ViaPoolAdd  DirectAdd    Applied ViaPoolApp  DirectApp      Conss
  cut pool         :       0.17          -        196         21          -          -       4428       2463          -          -          -          -          -    (maximal pool size:       3498)
  aggregation      :       0.06       0.00        107         11          0          0          0          0          0          0          0          0          0
  > cmir           :          -          -          -          -          -          -          -          0          0          0          0          0          -
  > flowcover      :          -          -          -          -          -          -          -          0          0          0          0          0          -
  > knapsackcover  :          -          -          -          -          -          -          -          0          0          0          0          0          -
  cgmip            :       0.00       0.00          0          0          0          0          0          0          0          0          0          0          0
  clique           :       0.00       0.00         11         11          0          0          0          0          0          0          0          0          0
  closecuts        :       0.00       0.00          0          0          0          0          0          0          0          0          0          0          0
  convexproj       :       0.00       0.00          0          0          0          0          0          0          0          0          0          0          0
  disjunctive      :       0.00       0.00          0          0          0          0          0          0          0          0          0          0          0
  eccuts           :       0.00       0.00          0          0          0          0          0          0          0          0          0          0          0
  gauge            :       0.00       0.00          0          0          0          0          0          0          0          0          0          0          0
  gomory           :       0.47       0.00        106         10          0          0       5690       2310       1316        165        129         36          0
  > gomorymi       :          -          -          -          -          -          -          -        838        658         43         22         21          -
  > strongcg       :          -          -          -          -          -          -          -       1472        658        122        107         15          -
  impliedbounds    :       0.00       0.00        107         11          0          4         20         60          0         49         49          0          0
  interminor       :       0.00       0.00          0          0          0          0          0          0          0          0          0          0          0
  intobj           :       0.00       0.00          0          0          0          0          0          0          0          0          0          0          0
  mcf              :       0.00       0.00          1          1          0          0          0          0          0          0          0          0          0
  minor            :       0.00       0.00          0          0          0          0          0          0          0          0          0          0          0
  mixing           :       0.00       0.00          0          0          0          0          0          0          0          0          0          0          0
  oddcycle         :       0.00       0.00          0          0          0          0          0          0          0          0          0          0          0
  rapidlearning    :       1.26       0.00         24          1          0       3036          0          0          0          0          0          0        324
  rlt              :       0.00       0.00         10         10          0          0          0          0          0          0          0          0          0
  zerohalf         :       0.05       0.00        107         11          0          0        170         93        136        134         27        107          0
Cutselectors       :   ExecTime  SetupTime      Calls  RootCalls   Selected     Forced   Filtered  RootSelec   RootForc   RootFilt 
  hybrid           :       0.00       0.00        107         11        351          0       3570         28          0       1211
Pricers            :   ExecTime  SetupTime      Calls       Vars
  problem variables:       0.00          -          0          0
Branching Rules    :   ExecTime  SetupTime   BranchLP  BranchExt   BranchPS    Cutoffs    DomReds       Cuts      Conss   Children
  allfullstrong    :       0.00       0.00          0          0          0          0          0          0          0          0
  cloud            :       0.00       0.00          0          0          0          0          0          0          0          0
  distribution     :       0.00       0.00          0          0          0          0          0          0          0          0
  fullstrong       :       0.00       0.00          0          0          0          0          0          0          0          0
  inference        :       0.00       0.00          0          0          0          0          0          0          0          0
  leastinf         :       0.00       0.00          0          0          0          0          0          0          0          0
  lookahead        :       0.00       0.00          0          0          0          0          0          0          0          0
  mostinf          :       0.00       0.00          0          0          0          0          0          0          0          0
  multaggr         :       0.00       0.00          0          0          0          0          0          0          0          0
  nodereopt        :       0.00       0.00          0          0          0          0          0          0          0          0
  pscost           :       0.00       0.00          0          0          0          0          0          0          0          0
  random           :       0.00       0.00          0          0          0          0          0          0          0          0
  relpscost        :       0.09       0.00        272          0          0          0          0          0          0        544
  vanillafullstrong:       0.00       0.00          0          0          0          0          0          0          0          0
Primal Heuristics  :   ExecTime  SetupTime      Calls      Found       Best
  LP solutions     :       0.00          -          -          0          0
  relax solutions  :       0.00          -          -          0          0
  pseudo solutions :       0.00          -          -          0          0
  strong branching :       0.00          -          -          0          0
  actconsdiving    :       0.00       0.00          0          0          0
  adaptivediving   :       0.02       0.00          4          0          0
  alns             :       0.01       0.00          1          0          0
  bound            :       0.00       0.00          0          0          0
  clique           :       0.00       0.00          1          0          0
  coefdiving       :       0.00       0.00          0          0          0
  completesol      :       0.00       0.00          0          0          0
  conflictdiving   :       0.01       0.00          2          0          0
  crossover        :       0.00       0.00          0          0          0
  dins             :       0.00       0.00          0          0          0
  distributiondivin:       0.01       0.00          2          0          0
  dps              :       0.00       0.00          0          0          0
  dualval          :       0.00       0.00          0          0          0
  farkasdiving     :       0.00       0.00          0          0          0
  feaspump         :       0.01       0.00          1          0          0
  fixandinfer      :       0.00       0.00          0          0          0
  fracdiving       :       0.00       0.00          2          0          0
  gins             :       0.00       0.00          0          0          0
  guideddiving     :       0.00       0.00          0          0          0
  indicator        :       0.00       0.00          0          0          0
  intdiving        :       0.00       0.00          0          0          0
  intshifting      :       0.00       0.00          0          0          0
  linesearchdiving :       0.01       0.00          2          0          0
  localbranching   :       0.00       0.00          0          0          0
  locks            :       0.00       0.00          1          0          0
  lpface           :       0.00       0.00          0          0          0
  mpec             :       0.00       0.00          0          0          0
  multistart       :       0.00       0.00          0          0          0
  mutation         :       0.00       0.00          0          0          0
  nlpdiving        :       0.00       0.00          0          0          0
  objpscostdiving  :       0.07       0.00          2          0          0
  octane           :       0.00       0.00          0          0          0
  ofins            :       0.00       0.00          0          0          0
  oneopt           :       0.00       0.00          0          0          0
  padm             :       0.00       0.00          0          0          0
  proximity        :       0.00       0.00          0          0          0
  pscostdiving     :       0.01       0.00          2          0          0
  randrounding     :       0.01       0.00         12          0          0
  rens             :       0.00       0.00          0          0          0
  reoptsols        :       0.00       0.00          0          0          0
  repair           :       0.00       0.00          0          0          0
  rins             :       0.00       0.00          0          0          0
  rootsoldiving    :       0.01       0.00          1          0          0
  rounding         :       0.01       0.00        240          0          0
  shiftandpropagate:       0.00       0.00          1          0          0
  shifting         :       0.01       0.00        126          0          0
  simplerounding   :       0.00       0.00          0          0          0
  subnlp           :       0.00       0.00          0          0          0
  trivial          :       0.00       0.00          2          0          0
  trivialnegation  :       0.00       0.00          0          0          0
  trustregion      :       0.00       0.00          0          0          0
  trysol           :       0.00       0.00          0          0          0
  twoopt           :       0.00       0.00          0          0          0
  undercover       :       0.00       0.00          0          0          0
  vbounds          :       0.00       0.00          1          0          0
  veclendiving     :       0.01       0.00          2          0          0
  zeroobj          :       0.00       0.00          0          0          0
  zirounding       :       0.00       0.00        272          0          0
  other solutions  :          -          -          -          0          -
LP                 :       Time      Calls Iterations  Iter/call   Iter/sec  Time-0-It Calls-0-It    ItLimit
  primal LP        :       0.03         42          0       0.00       0.00       0.03         42
  dual LP          :       0.75        620      27042      44.19   35835.06       0.00          8
  lex dual LP      :       0.00          0          0       0.00          -
  barrier LP       :       0.00          0          0       0.00          -       0.00          0
  resolve instable :       0.00          0          0       0.00          -
  diving/probing LP:       0.12         94       3837      40.82   33128.14
  strong branching :       0.08         12       2493     207.75   32482.51          -          -          0
    (at root node) :          -         12       2493     207.75          -
  conflict analysis:       0.00          0          0       0.00          -
B&B Tree           :
  number of runs   :          1
  nodes            :        527 (272 internal, 255 leaves)
  feasible leaves  :          0
  infeas. leaves   :        255
  objective leaves :          0
  nodes (total)    :        527 (272 internal, 255 leaves)
  nodes left       :          0
  max depth        :         15
  max depth (total):         15
  backtracks       :        188 (35.7%)
  early backtracks :          0 (0.0%)
  nodes exc. ref.  :          0 (0.0%)
  delayed cutoffs  :         18
  repropagations   :        275 (2161 domain reductions, 18 cutoffs)
  avg switch length:       3.40
  switching time   :       0.07
Root Node          :
  First LP value   : +0.00000000000000e+00
  First LP Iters   :        201 (49752.48 Iter/sec)
  First LP Time    :       0.00
  Final Dual Bound : +0.00000000000000e+00
  Final Root Iters :       1439
  Root LP Estimate : +3.77531078225501e-03
Solution           :
  Solutions found  :          0 (0 improvements)
  Primal Bound     : infeasible
  Dual Bound       :          -
  Gap              :       0.00 %
Integrals          :      Total       Avg%
  primal-dual      :          -          - (problem infeasible)
  primal-ref       :          -          - (problem infeasible)
  dual-ref         :          -          - (problem infeasible)
written solution information to file <results/final_flowersnark__settings_final_moresymresack_relabel_min__1__flowersnark15_3.cip.sol>
@04 1668037873
