FILENAME:   ../instances_new/flowersnark/flowersnark15_3.cip
SETTINGS:   settings_final_nosymretope_relabel
TIMELIMIT:  7200
OUTPUTNAME: final_flowersnark__settings_final_nosymretope_relabel__3__
BINNAME:    bin/sbcs.linux.x86_64.gnu.opt.cpx
BASENAME:   flowersnark15_3.cip
SEED:       3
@01 ../instances_new/flowersnark/flowersnark15_3.cip ===========
@02 flowersnark15_3.cip
@03 1668003061
SCIP version 8.0.2 [precision: 8 byte] [memory: block] [mode: optimized] [LP solver: CPLEX 20.1.0.0] [GitHash: 5f0473c]
Copyright (C) 2002-2022 Konrad-Zuse-Zentrum fuer Informationstechnik Berlin (ZIB)

Symretope propagation methods - (c) Jasper van Doornmalen, Christopher Hojny.
[GitHash: 2fd0484]

reading parameter file <../settings/settings_final_nosymretope_relabel.set> ...

Changed settings:
limits/time = 7200
misc/usesymmetry = 1
randomization/randomseedshift = 3
constraints/orbisack/sepafreq = -1
constraints/symresack/sepafreq = -1
propagating/symmetry/addsymresacks = TRUE
propagating/symmetry/detectsubgroups = FALSE
propagating/symmetry/usesymretopes = FALSE
propagating/symmetry/ofsymcomptiming = 0
constraints/symretope/sepafreq = -1
constraints/symretope/peek = FALSE


solving problem ...

original problem has 270 variables (270 bin, 0 int, 0 impl, 0 cont) and 270 constraints
presolving:
(round 1, exhaustive) 0 del vars, 0 del conss, 0 add conss, 0 chg bounds, 0 chg sides, 0 chg coeffs, 270 upgd conss, 0 impls, 270 clqs
   (0.0s) probing: 51/270 (18.9%) - 0 fixings, 0 aggregations, 0 implications, 0 bound changes
   (0.0s) probing aborted: 50/50 successive totally useless probings
   (0.0s) symmetry computation started: requiring (bin +, int +, cont +), (fixed: bin -, int -, cont -)
   (0.0s) symmetry computation finished: 5 generators found (max: 1500, log10 of symmetry group size: 2.6)
(round 2, exhaustive) 1 del vars, 0 del conss, 5 add conss, 0 chg bounds, 0 chg sides, 0 chg coeffs, 270 upgd conss, 0 impls, 270 clqs
(round 3, fast)       2 del vars, 1 del conss, 5 add conss, 0 chg bounds, 0 chg sides, 0 chg coeffs, 270 upgd conss, 0 impls, 269 clqs
   (0.0s) probing: 56/270 (20.7%) - 0 fixings, 0 aggregations, 0 implications, 0 bound changes
   (0.0s) probing aborted: 50/50 successive totally useless probings
presolving (4 rounds: 4 fast, 3 medium, 3 exhaustive):
 2 deleted vars, 1 deleted constraints, 5 added constraints, 0 tightened bounds, 0 added holes, 0 changed sides, 0 changed coefficients
 0 implications, 269 cliques
presolved problem has 268 variables (268 bin, 0 int, 0 impl, 0 cont) and 274 constraints
    269 constraints of type <setppc>
      2 constraints of type <orbisack>
      2 constraints of type <orbitope>
      1 constraints of type <symresack>
transformed objective value is always integral (scale: 1)
Presolving Time: 0.01

 time | node  | left  |LP iter|LP it/n|mem/heur|mdpt |vars |cons |rows |cuts |sepa|confs|strbr|  dualbound   | primalbound  |  gap   | compl. 
  0.0s|     1 |     0 |   173 |     - |  3947k |   0 | 268 | 333 | 272 |   0 |  0 |  59 |   0 | 0.000000e+00 |      --      |    Inf | unknown
  0.1s|     1 |     0 |   434 |     - |  4335k |   0 | 268 | 534 | 275 |   3 |  1 |  60 |   0 | 0.000000e+00 |      --      |    Inf | unknown
  0.1s|     1 |     0 |   511 |     - |  5282k |   0 | 268 | 535 | 277 |   5 |  2 |  61 |   0 | 0.000000e+00 |      --      |    Inf | unknown
  0.1s|     1 |     0 |   580 |     - |  5984k |   0 | 268 | 536 | 278 |   6 |  3 |  62 |   0 | 0.000000e+00 |      --      |    Inf | unknown
  0.2s|     1 |     0 |   707 |     - |  7041k |   0 | 268 | 537 | 279 |   7 |  4 |  63 |   0 | 0.000000e+00 |      --      |    Inf | unknown
  0.2s|     1 |     0 |   789 |     - |  8892k |   0 | 268 | 538 | 281 |   9 |  5 |  64 |   0 | 0.000000e+00 |      --      |    Inf | unknown
  0.2s|     1 |     0 |   875 |     - |    11M |   0 | 268 | 539 | 284 |  12 |  6 |  65 |   0 | 0.000000e+00 |      --      |    Inf | unknown
  0.3s|     1 |     0 |   940 |     - |    12M |   0 | 268 | 541 | 286 |  14 |  7 |  67 |   0 | 0.000000e+00 |      --      |    Inf | unknown
  0.3s|     1 |     0 |  1078 |     - |    13M |   0 | 268 | 542 | 288 |  16 |  8 |  68 |   0 | 0.000000e+00 |      --      |    Inf | unknown
  0.3s|     1 |     0 |  1154 |     - |    16M |   0 | 268 | 543 | 290 |  18 |  9 |  69 |   0 | 0.000000e+00 |      --      |    Inf | unknown
  0.4s|     1 |     0 |  1304 |     - |    17M |   0 | 268 | 544 | 292 |  20 | 10 |  70 |   0 | 0.000000e+00 |      --      |    Inf | unknown
  0.4s|     1 |     0 |  1418 |     - |    17M |   0 | 268 | 546 | 294 |  22 | 11 |  72 |   0 | 0.000000e+00 |      --      |    Inf | unknown
  0.5s|     1 |     2 |  1566 |     - |    17M |   0 | 268 | 555 | 294 |  22 | 11 |  81 |  10 | 0.000000e+00 |      --      |    Inf | unknown
  1.3s|   100 |    38 |  8773 |  74.3 |    19M |  15 | 268 | 865 | 281 |  96 |  1 | 394 |  10 | 0.000000e+00 |      --      |    Inf |  13.20%
  1.5s|   200 |    49 | 12471 |  55.5 |    21M |  16 | 268 |1143 | 281 | 122 |  0 | 681 |  10 | 0.000000e+00 |      --      |    Inf |  13.60%
 time | node  | left  |LP iter|LP it/n|mem/heur|mdpt |vars |cons |rows |cuts |sepa|confs|strbr|  dualbound   | primalbound  |  gap   | compl. 
  1.8s|   300 |    35 | 16255 |  49.6 |    23M |  16 | 268 |1407 | 278 | 142 |  1 | 953 |  10 | 0.000000e+00 |      --      |    Inf |  14.98%
  2.1s|   400 |    34 | 20421 |  47.6 |    25M |  17 | 268 |1688 | 280 | 179 |  0 |1234 |  10 | 0.000000e+00 |      --      |    Inf |  15.96%
  2.3s|   500 |    24 | 23619 |  44.5 |    26M |  18 | 268 |1981 | 278 | 198 |  1 |1528 |  10 | 0.000000e+00 |      --      |    Inf |  17.07%
  3.1s|   600 |    20 | 29920 |  47.6 |    26M |  18 | 268 |2200 | 282 | 266 |  0 |1751 |  10 | 0.000000e+00 |      --      |    Inf |  19.54%
  4.0s|   700 |    18 | 35183 |  48.3 |    26M |  18 | 268 |2351 | 279 | 316 |  1 |1923 |  10 | 0.000000e+00 |      --      |    Inf |  31.49%
  5.1s|   800 |     8 | 39846 |  48.1 |    27M |  18 | 268 |2484 | 281 | 391 |  0 |2098 |  10 | 0.000000e+00 |      --      |    Inf |  52.78%
  6.0s|   900 |    24 | 44002 |  47.4 |    27M |  18 | 268 |2680 |   0 | 488 |  0 |2365 |  10 | 0.000000e+00 |      --      |    Inf |  58.40%
  6.2s|  1000 |     6 | 46421 |  45.0 |    28M |  18 | 268 |2690 | 281 | 511 |  1 |2574 |  10 | 0.000000e+00 |      --      |    Inf |  60.91%
  7.1s|  1100 |    38 | 53337 |  47.2 |    28M |  18 | 268 |2693 | 280 | 588 |  0 |2827 |  10 | 0.000000e+00 |      --      |    Inf |  61.94%
  7.5s|  1200 |    46 | 58902 |  47.9 |    28M |  18 | 268 |2678 | 280 | 644 |  1 |3163 |  10 | 0.000000e+00 |      --      |    Inf |  63.82%
  7.9s|  1300 |    41 | 65229 |  49.1 |    28M |  18 | 268 |2715 | 281 | 700 |  1 |3375 |  10 | 0.000000e+00 |      --      |    Inf |  65.89%
  8.5s|  1400 |    43 | 71138 |  49.8 |    28M |  18 | 268 |2698 | 283 | 759 |  0 |3679 |  10 | 0.000000e+00 |      --      |    Inf |  67.03%
  9.1s|  1500 |    68 | 77246 |  50.6 |    28M |  18 | 268 |2760 | 278 | 828 |  1 |3887 |  10 | 0.000000e+00 |      --      |    Inf |  68.48%
  9.5s|  1600 |    69 | 81786 |  50.3 |    28M |  18 | 268 |2804 | 283 | 884 |  2 |4074 |  10 | 0.000000e+00 |      --      |    Inf |  69.96%
  9.8s|  1700 |    64 | 85350 |  49.4 |    28M |  18 | 268 |2869 | 281 | 907 |  0 |4258 |  10 | 0.000000e+00 |      --      |    Inf |  70.48%
 time | node  | left  |LP iter|LP it/n|mem/heur|mdpt |vars |cons |rows |cuts |sepa|confs|strbr|  dualbound   | primalbound  |  gap   | compl. 
 10.2s|  1800 |    54 | 89553 |  49.0 |    29M |  18 | 268 |2852 | 281 | 966 |  0 |4424 |  10 | 0.000000e+00 |      --      |    Inf |  72.28%
 10.4s|  1900 |    45 | 93859 |  48.7 |    29M |  18 | 268 |2941 | 281 |1000 |  1 |4654 |  10 | 0.000000e+00 |      --      |    Inf |  73.12%
 10.7s|  2000 |    34 | 98121 |  48.4 |    29M |  18 | 268 |2998 | 278 |1017 |  1 |4895 |  10 | 0.000000e+00 |      --      |    Inf |  73.70%
 11.2s|  2100 |    51 |102922 |  48.4 |    29M |  18 | 268 |3002 | 279 |1054 |  1 |5135 |  10 | 0.000000e+00 |      --      |    Inf |  74.51%
 11.7s|  2200 |    57 |106259 |  47.7 |    29M |  18 | 268 |2987 |   0 |1083 |  0 |5352 |  10 | 0.000000e+00 |      --      |    Inf |  81.28%
 12.0s|  2300 |    64 |109737 |  47.1 |    30M |  18 | 268 |3019 | 281 |1111 |  2 |5523 |  10 | 0.000000e+00 |      --      |    Inf |  81.72%
 12.2s|  2400 |    63 |113142 |  46.6 |    30M |  18 | 268 |3076 |   0 |1125 |  0 |5715 |  10 | 0.000000e+00 |      --      |    Inf |  82.34%
 12.5s|  2500 |    45 |116154 |  45.9 |    30M |  18 | 268 |3114 | 279 |1133 |  0 |5902 |  10 | 0.000000e+00 |      --      |    Inf |  82.80%
 12.9s|  2600 |    47 |119659 |  45.5 |    30M |  18 | 268 |3183 | 280 |1150 |  0 |6080 |  10 | 0.000000e+00 |      --      |    Inf |  83.24%
 13.2s|  2700 |    61 |122692 |  44.9 |    30M |  18 | 268 |3360 | 279 |1201 |  1 |6315 |  10 | 0.000000e+00 |      --      |    Inf |  83.78%
 13.3s|  2800 |    47 |124895 |  44.1 |    30M |  18 | 268 |3461 | 279 |1215 |  1 |6503 |  10 | 0.000000e+00 |      --      |    Inf |  84.32%
 13.7s|  2900 |    49 |129825 |  44.3 |    30M |  18 | 268 |3600 |   0 |1253 |  0 |6838 |  10 | 0.000000e+00 |      --      |    Inf |  85.03%
 13.9s|  3000 |    45 |132185 |  43.6 |    30M |  18 | 268 |3582 |   0 |1276 |  0 |7016 |  10 | 0.000000e+00 |      --      |    Inf |  85.90%
 14.6s|  3100 |    51 |139417 |  44.5 |    30M |  18 | 268 |3583 | 281 |1335 |  1 |7203 |  10 | 0.000000e+00 |      --      |    Inf |  86.99%
 15.0s|  3200 |    47 |145460 |  45.0 |    31M |  18 | 268 |3695 | 282 |1385 |  0 |7442 |  10 | 0.000000e+00 |      --      |    Inf |  88.26%
 time | node  | left  |LP iter|LP it/n|mem/heur|mdpt |vars |cons |rows |cuts |sepa|confs|strbr|  dualbound   | primalbound  |  gap   | compl. 
 15.3s|  3300 |    38 |150095 |  45.1 |    31M |  18 | 268 |3842 |   0 |1437 |  0 |7693 |  10 | 0.000000e+00 |      --      |    Inf |  89.12%
 16.0s|  3400 |    22 |154736 |  45.1 |    31M |  18 | 268 |3884 | 291 |1471 |  5 |7953 |  10 | 0.000000e+00 |      --      |    Inf |  93.55%
 16.5s|  3500 |    33 |160443 |  45.4 |    31M |  18 | 268 |3932 | 282 |1564 |  1 |8127 |  10 | 0.000000e+00 |      --      |    Inf |  94.86%
 17.0s|  3600 |    41 |165193 |  45.5 |    32M |  18 | 268 |4088 | 280 |1599 |  1 |8405 |  10 | 0.000000e+00 |      --      |    Inf |  95.52%
 17.3s|  3700 |    51 |168609 |  45.2 |    32M |  19 | 268 |4319 | 281 |1611 |  1 |8778 |  10 | 0.000000e+00 |      --      |    Inf |  95.73%
 17.5s|  3800 |    77 |171892 |  44.9 |    32M |  19 | 268 |4395 | 280 |1622 |  1 |9013 |  10 | 0.000000e+00 |      --      |    Inf |  95.89%
 17.7s|  3900 |   103 |175360 |  44.6 |    32M |  19 | 268 |4477 | 281 |1640 |  0 |9226 |  10 | 0.000000e+00 |      --      |    Inf |  96.06%
 18.0s|  4000 |   103 |178347 |  44.2 |    32M |  19 | 268 |4511 |   0 |1646 |  0 |9458 |  10 | 0.000000e+00 |      --      |    Inf |  96.23%
 18.2s|  4100 |    95 |181363 |  43.9 |    32M |  19 | 268 |4582 | 279 |1660 |  1 |9687 |  10 | 0.000000e+00 |      --      |    Inf |  96.45%
 18.4s|  4200 |    81 |184582 |  43.6 |    32M |  19 | 268 |4591 | 283 |1660 |  1 |9907 |  10 | 0.000000e+00 |      --      |    Inf |  96.59%
 18.6s|  4300 |    41 |186973 |  43.2 |    32M |  19 | 268 |4466 | 279 |1660 |  1 |  10k|  10 | 0.000000e+00 |      --      |    Inf |  96.98%
 18.9s|  4400 |    29 |190404 |  43.0 |    32M |  19 | 268 |4479 | 288 |1695 |  4 |  10k|  10 | 0.000000e+00 |      --      |    Inf |  97.75%
 19.2s|  4500 |    11 |194051 |  42.8 |    32M |  19 | 268 |4355 |   0 |1722 |  0 |  10k|  10 | 0.000000e+00 |      --      |    Inf |  99.36%
 19.5s|  4600 |    29 |198009 |  42.7 |    32M |  19 | 268 |4337 | 280 |1740 |  1 |  10k|  10 | 0.000000e+00 |      --      |    Inf |  99.64%
 19.7s|  4700 |     8 |201198 |  42.5 |    32M |  19 | 268 |4421 | 280 |1740 |  1 |  10k|  10 | 0.000000e+00 |      --      |    Inf |  99.84%

SCIP Status        : problem is solved [infeasible]
Solving Time (sec) : 19.90
Solving Nodes      : 4795
Primal Bound       : +1.00000000000000e+20 (0 solutions)
Dual Bound         : +1.00000000000000e+20
Gap                : 0.00 %
SCIP Status        : problem is solved [infeasible]
Total Time         :      19.90
  solving          :      19.90
  presolving       :       0.01 (included in solving)
  reading          :       0.00
  copying          :       0.27 (34 #copies) (minimal 0.00, maximal 0.01, average 0.01)
Original Problem   :
  Problem name     : model
  Variables        : 270 (270 binary, 0 integer, 0 implicit integer, 0 continuous)
  Constraints      : 270 initial, 270 maximal
  Objective        : minimize, 0 non-zeros (abs.min = 1e+20, abs.max = -1e+20)
Presolved Problem  :
  Problem name     : t_model
  Variables        : 268 (268 binary, 0 integer, 0 implicit integer, 0 continuous)
  Constraints      : 274 initial, 4650 maximal
  Objective        : minimize, 0 non-zeros (abs.min = 1e+20, abs.max = -1e+20)
  Nonzeros         : 1873 constraint, 838 clique table
Presolvers         :   ExecTime  SetupTime  Calls  FixedVars   AggrVars   ChgTypes  ChgBounds   AddHoles    DelCons    AddCons   ChgSides   ChgCoefs
  boundshift       :       0.00       0.00      0          0          0          0          0          0          0          0          0          0
  convertinttobin  :       0.00       0.00      0          0          0          0          0          0          0          0          0          0
  domcol           :       0.00       0.00      2          0          0          0          0          0          0          0          0          0
  dualagg          :       0.00       0.00      0          0          0          0          0          0          0          0          0          0
  dualcomp         :       0.00       0.00      0          0          0          0          0          0          0          0          0          0
  dualinfer        :       0.00       0.00      0          0          0          0          0          0          0          0          0          0
  dualsparsify     :       0.00       0.00      1          0          0          0          0          0          0          0          0          0
  gateextraction   :       0.00       0.00      0          0          0          0          0          0          0          0          0          0
  implics          :       0.00       0.00      3          0          0          0          0          0          0          0          0          0
  inttobinary      :       0.00       0.00      0          0          0          0          0          0          0          0          0          0
  qpkktref         :       0.00       0.00      0          0          0          0          0          0          0          0          0          0
  redvub           :       0.00       0.00      0          0          0          0          0          0          0          0          0          0
  sparsify         :       0.00       0.00      1          0          0          0          0          0          0          0          0          0
  stuffing         :       0.00       0.00      0          0          0          0          0          0          0          0          0          0
  trivial          :       0.00       0.00      4          0          0          0          0          0          0          0          0          0
  tworowbnd        :       0.00       0.00      0          0          0          0          0          0          0          0          0          0
  dualfix          :       0.00       0.00      4          0          0          0          0          0          0          0          0          0
  genvbounds       :       0.00       0.00      0          0          0          0          0          0          0          0          0          0
  probing          :       0.00       0.00      2          0          0          0          0          0          0          0          0          0
  pseudoobj        :       0.00       0.00      0          0          0          0          0          0          0          0          0          0
  symmetry         :       0.00       0.00      1          1          0          0          0          0          0          5          0          0
  vbounds          :       0.00       0.00      1          0          0          0          0          0          0          0          0          0
  knapsack         :       0.00       0.00      0          0          0          0          0          0          0          0          0          0
  setppc           :       0.00       0.00      7          0          1          0          0          0          1          0          0          0
  linear           :       0.00       0.00      2          0          0          0          0          0          0          0          0          0
  orbisack         :       0.00       0.00      1          0          0          0          0          0          0          0          0          0
  orbitope         :       0.00       0.00      1          0          0          0          0          0          0          0          0          0
  symresack        :       0.00       0.00      1          0          0          0          0          0          0          0          0          0
  logicor          :       0.00       0.00      0          0          0          0          0          0          0          0          0          0
  benders          :       0.00       0.00      0          0          0          0          0          0          0          0          0          0
  components       :       0.00       0.00      1          0          0          0          0          0          0          0          0          0
  root node        :          -          -      -          4          -          -          4          -          -          -          -          -
Constraints        :     Number  MaxNumber  #Separate #Propagate    #EnfoLP    #EnfoRelax  #EnfoPS    #Check   #ResProp    Cutoffs    DomReds       Cuts    Applied      Conss   Children
  benderslp        :          0          0          0          0       2662          0          0          7          0          0          0          0          0          0          0
  integral         :          0          0          0          0       2662          0          0          7          0          0          0          0          0          0       5324
  knapsack         :          0+        75          0      43099          0          0          0          0      11822        357      14582          0          0          0          0
  setppc           :        269+       299         11      43508          0          0          0          3     150058       1158     107064          0          0          0          0
  linear           :          0+       219         11      41914          0          0          0          0       7187        171       7530          0          0          0          0
  orbisack         :          2          2          0         68          0          0          0          0         63          7         50          0          0          0          0
  orbitope         :          2          2          0      42072          0          0          0          0        828          6        227          0          0          0          0
  symresack        :          1          1          0       8185          0          0          0          0        467         36        137          0          0          0          0
  logicor          :          0+      4261         11      31762          0          0          0          0      28308        515      20770          1          1          0          0
  benders          :          0          0          0          0          0          0          0          0          0          0          0          0          0          0          0
  countsols        :          0          0          0          0          0          0          0          0          0          0          0          0          0          0          0
  components       :          0          0          0          0          0          0          0          0          0          0          0          0          0          0          0
Constraint Timings :  TotalTime  SetupTime   Separate  Propagate     EnfoLP     EnfoPS     EnfoRelax   Check    ResProp    SB-Prop
  benderslp        :       0.00       0.00       0.00       0.00       0.00       0.00       0.00       0.00       0.00       0.00
  integral         :       0.15       0.00       0.00       0.00       0.15       0.00       0.00       0.00       0.00       0.00
  knapsack         :       0.25       0.00       0.00       0.23       0.00       0.00       0.00       0.00       0.02       0.00
  setppc           :       0.72       0.00       0.00       0.67       0.00       0.00       0.00       0.00       0.06       0.00
  linear           :       0.14       0.00       0.00       0.13       0.00       0.00       0.00       0.00       0.01       0.00
  orbisack         :       0.00       0.00       0.00       0.00       0.00       0.00       0.00       0.00       0.00       0.00
  orbitope         :       0.12       0.00       0.00       0.11       0.00       0.00       0.00       0.00       0.01       0.00
  symresack        :       0.01       0.00       0.00       0.01       0.00       0.00       0.00       0.00       0.00       0.00
  logicor          :       0.77       0.00       0.00       0.74       0.00       0.00       0.00       0.00       0.02       0.00
  benders          :       0.00       0.00       0.00       0.00       0.00       0.00       0.00       0.00       0.00       0.00
  countsols        :       0.00       0.00       0.00       0.00       0.00       0.00       0.00       0.00       0.00       0.00
  components       :       0.00       0.00       0.00       0.00       0.00       0.00       0.00       0.00       0.00       0.00
Propagators        : #Propagate   #ResProp    Cutoffs    DomReds
  dualfix          :          1          0          0          0
  genvbounds       :          0          0          0          0
  nlobbt           :          0          0          0          0
  obbt             :          0          0          0          0
  probing          :          0          0          0          0
  pseudoobj        :          0          0          0          0
  redcost          :          0          0          0          0
  rootredcost      :          0          0          0          0
  symmetry         :          0          0          0          0
  vbounds          :      33549          0          0          0
Propagator Timings :  TotalTime  SetupTime   Presolve  Propagate    ResProp    SB-Prop
  dualfix          :       0.00       0.00       0.00       0.00       0.00       0.00
  genvbounds       :       0.00       0.00       0.00       0.00       0.00       0.00
  nlobbt           :       0.00       0.00       0.00       0.00       0.00       0.00
  obbt             :       0.00       0.00       0.00       0.00       0.00       0.00
  probing          :       0.00       0.00       0.00       0.00       0.00       0.00
  pseudoobj        :       0.00       0.00       0.00       0.00       0.00       0.00
  redcost          :       0.00       0.00       0.00       0.00       0.00       0.00
  rootredcost      :       0.00       0.00       0.00       0.00       0.00       0.00
  symmetry         :       0.01       0.00       0.00       0.00       0.00       0.00
  vbounds          :       0.05       0.00       0.00       0.05       0.00       0.00
Orbital fixing     :
  vars fixed to 0  :          0
  vars fixed to 1  :          0
Conflict Analysis  :       Time      Calls    Success    DomReds  Conflicts   Literals    Reconvs ReconvLits   Dualrays   Nonzeros   LP Iters   (pool size: [10000,10000])
  propagation      :       0.16       2175       2001          -      11648       23.9        154        9.8          -          -          -
  infeasible LP    :       0.30       1444       1171          -       7787       20.0         54        8.1        455       26.8          0
  bound exceed. LP :       0.00          0          0          -          0        0.0          0        0.0          0        0.0          0
  strong branching :       0.00          0          0          -          0        0.0          0        0.0          -          -          0
  pseudo solution  :       0.00          0          0          -          0        0.0          0        0.0          -          -          -
  applied globally :       0.06          -          -          0      10668       16.2          -          -        391          -          -
  applied locally  :          -          -          -          0        135       23.0          -          -         64          -          -
Separators         :   ExecTime  SetupTime      Calls  RootCalls    Cutoffs    DomReds  FoundCuts ViaPoolAdd  DirectAdd    Applied ViaPoolApp  DirectApp      Conss
  cut pool         :       1.27          -       1393         21          -          -      20217       6982          -          -          -          -          -    (maximal pool size:       3162)
  aggregation      :       0.71       0.00        763         11          0          0          0          0          0          0          0          0          0
  > cmir           :          -          -          -          -          -          -          -          0          0          0          0          0          -
  > flowcover      :          -          -          -          -          -          -          -          0          0          0          0          0          -
  > knapsackcover  :          -          -          -          -          -          -          -          0          0          0          0          0          -
  cgmip            :       0.00       0.00          0          0          0          0          0          0          0          0          0          0          0
  clique           :       0.00       0.00         11         11          0          0          0          0          0          0          0          0          0
  closecuts        :       0.00       0.00          0          0          0          0          0          0          0          0          0          0          0
  convexproj       :       0.00       0.00          0          0          0          0          0          0          0          0          0          0          0
  disjunctive      :       0.00       0.00          0          0          0          0          0          0          0          0          0          0          0
  eccuts           :       0.00       0.00          0          0          0          0          0          0          0          0          0          0          0
  gauge            :       0.00       0.00          0          0          0          0          0          0          0          0          0          0          0
  gomory           :       2.44       0.00        762         10          0          0      30981       6790      10870        911        633        278          0
  > gomorymi       :          -          -          -          -          -          -          -       1709       5435        213         57        156          -
  > strongcg       :          -          -          -          -          -          -          -       5081       5435        698        576        122          -
  impliedbounds    :       0.01       0.00        763         11          0          0          8         41          0         40         40          0          0
  interminor       :       0.00       0.00          0          0          0          0          0          0          0          0          0          0          0
  intobj           :       0.00       0.00          0          0          0          0          0          0          0          0          0          0          0
  mcf              :       0.00       0.00          1          1          0          0          0          0          0          0          0          0          0
  minor            :       0.00       0.00          0          0          0          0          0          0          0          0          0          0          0
  mixing           :       0.00       0.00          0          0          0          0          0          0          0          0          0          0          0
  oddcycle         :       0.00       0.00          0          0          0          0          0          0          0          0          0          0          0
  rapidlearning    :       4.25       0.00         33          1          0       3067          0          0          0          0          0          0        448
  rlt              :       0.00       0.00         10         10          0          0          0          0          0          0          0          0          0
  zerohalf         :       0.38       0.00        763         11          0          0       1034        151        936        788         92        696          0
Cutselectors       :   ExecTime  SetupTime      Calls  RootCalls   Selected     Forced   Filtered  RootSelec   RootForc   RootFilt 
  hybrid           :       0.02       0.00        758         11       1740          0      17049         22          0       1006
Pricers            :   ExecTime  SetupTime      Calls       Vars
  problem variables:       0.00          -          0          0
Branching Rules    :   ExecTime  SetupTime   BranchLP  BranchExt   BranchPS    Cutoffs    DomReds       Cuts      Conss   Children
  allfullstrong    :       0.00       0.00          0          0          0          0          0          0          0          0
  cloud            :       0.00       0.00          0          0          0          0          0          0          0          0
  distribution     :       0.00       0.00          0          0          0          0          0          0          0          0
  fullstrong       :       0.00       0.00          0          0          0          0          0          0          0          0
  inference        :       0.00       0.00          0          0          0          0          0          0          0          0
  leastinf         :       0.00       0.00          0          0          0          0          0          0          0          0
  lookahead        :       0.00       0.00          0          0          0          0          0          0          0          0
  mostinf          :       0.00       0.00          0          0          0          0          0          0          0          0
  multaggr         :       0.00       0.00          0          0          0          0          0          0          0          0
  nodereopt        :       0.00       0.00          0          0          0          0          0          0          0          0
  pscost           :       0.00       0.00          0          0          0          0          0          0          0          0
  random           :       0.00       0.00          0          0          0          0          0          0          0          0
  relpscost        :       0.15       0.00       2662          0          0          0          0          0          0       5324
  vanillafullstrong:       0.00       0.00          0          0          0          0          0          0          0          0
Primal Heuristics  :   ExecTime  SetupTime      Calls      Found       Best
  LP solutions     :       0.00          -          -          0          0
  relax solutions  :       0.00          -          -          0          0
  pseudo solutions :       0.00          -          -          0          0
  strong branching :       0.00          -          -          0          0
  actconsdiving    :       0.00       0.00          0          0          0
  adaptivediving   :       0.21       0.00         83          0          0
  alns             :       0.01       0.00          1          0          0
  bound            :       0.00       0.00          0          0          0
  clique           :       0.00       0.00          1          0          0
  coefdiving       :       0.00       0.00          0          0          0
  completesol      :       0.00       0.00          0          0          0
  conflictdiving   :       0.10       0.00         54          0          0
  crossover        :       0.00       0.00          0          0          0
  dins             :       0.00       0.00          0          0          0
  distributiondivin:       0.20       0.00         61          0          0
  dps              :       0.00       0.00          0          0          0
  dualval          :       0.00       0.00          0          0          0
  farkasdiving     :       0.00       0.00          0          0          0
  feaspump         :       0.01       0.00          1          0          0
  fixandinfer      :       0.00       0.00          0          0          0
  fracdiving       :       0.10       0.00         62          0          0
  gins             :       0.00       0.00          0          0          0
  guideddiving     :       0.00       0.00          0          0          0
  indicator        :       0.00       0.00          0          0          0
  intdiving        :       0.00       0.00          0          0          0
  intshifting      :       0.00       0.00          0          0          0
  linesearchdiving :       0.13       0.00         63          0          0
  localbranching   :       0.00       0.00          0          0          0
  locks            :       0.00       0.00          1          0          0
  lpface           :       0.00       0.00          0          0          0
  mpec             :       0.00       0.00          0          0          0
  multistart       :       0.00       0.00          0          0          0
  mutation         :       0.00       0.00          0          0          0
  nlpdiving        :       0.00       0.00          0          0          0
  objpscostdiving  :       0.11       0.00         11          0          0
  octane           :       0.00       0.00          0          0          0
  ofins            :       0.00       0.00          0          0          0
  oneopt           :       0.00       0.00          0          0          0
  padm             :       0.00       0.00          0          0          0
  proximity        :       0.00       0.00          0          0          0
  pscostdiving     :       0.11       0.00         62          0          0
  randrounding     :       0.01       0.00         12          0          0
  rens             :       0.00       0.00          0          0          0
  reoptsols        :       0.00       0.00          0          0          0
  repair           :       0.00       0.00          0          0          0
  rins             :       0.00       0.00          0          0          0
  rootsoldiving    :       0.14       0.00         15          0          0
  rounding         :       0.03       0.00        779          0          0
  shiftandpropagate:       0.00       0.00          1          0          0
  shifting         :       0.04       0.00        445          0          0
  simplerounding   :       0.00       0.00          0          0          0
  subnlp           :       0.00       0.00          0          0          0
  trivial          :       0.00       0.00          2          0          0
  trivialnegation  :       0.00       0.00          0          0          0
  trustregion      :       0.00       0.00          0          0          0
  trysol           :       0.00       0.00          0          0          0
  twoopt           :       0.00       0.00          0          0          0
  undercover       :       0.00       0.00          0          0          0
  vbounds          :       0.00       0.00          1          0          0
  veclendiving     :       0.11       0.00         62          0          0
  zeroobj          :       0.00       0.00          0          0          0
  zirounding       :       0.01       0.00       1000          0          0
  other solutions  :          -          -          -          0          -
LP                 :       Time      Calls Iterations  Iter/call   Iter/sec  Time-0-It Calls-0-It    ItLimit
  primal LP        :       0.28        326          0       0.00       0.00       0.28        326
  dual LP          :       5.40       4770     191338      40.37   35449.41       0.01         30
  lex dual LP      :       0.00          0          0       0.00          -
  barrier LP       :       0.00          0          0       0.00          -       0.00          0
  resolve instable :       0.00          0          0       0.00          -
  diving/probing LP:       0.45        407      13073      32.12   28905.36
  strong branching :       0.07         10       2045     204.50   30819.08          -          -          0
    (at root node) :          -         10       2045     204.50          -
  conflict analysis:       0.00          0          0       0.00          -
B&B Tree           :
  number of runs   :          1
  nodes            :       4795 (2662 internal, 2133 leaves)
  feasible leaves  :          0
  infeas. leaves   :       2133
  objective leaves :          0
  nodes (total)    :       4795 (2662 internal, 2133 leaves)
  nodes left       :          0
  max depth        :         19
  max depth (total):         19
  backtracks       :       1834 (38.2%)
  early backtracks :          0 (0.0%)
  nodes exc. ref.  :          0 (0.0%)
  delayed cutoffs  :        530
  repropagations   :       2707 (44152 domain reductions, 439 cutoffs)
  avg switch length:       4.12
  switching time   :       1.10
Root Node          :
  First LP value   : +0.00000000000000e+00
  First LP Iters   :        173 (49927.85 Iter/sec)
  First LP Time    :       0.00
  Final Dual Bound : +0.00000000000000e+00
  Final Root Iters :       1418
  Root LP Estimate : +9.05694604435231e-03
Solution           :
  Solutions found  :          0 (0 improvements)
  Primal Bound     : infeasible
  Dual Bound       :          -
  Gap              :       0.00 %
Integrals          :      Total       Avg%
  primal-dual      :          -          - (problem infeasible)
  primal-ref       :          -          - (problem infeasible)
  dual-ref         :          -          - (problem infeasible)
written solution information to file <results/final_flowersnark__settings_final_nosymretope_relabel__3__flowersnark15_3.cip.sol>
@04 1668003081
