FILENAME:   ../instances_new/flowersnark/flowersnark21_3.cip
SETTINGS:   settings_final_moresymresack_relabel_min
TIMELIMIT:  7200
OUTPUTNAME: final_flowersnark__settings_final_moresymresack_relabel_min__1__
BINNAME:    bin/sbcs.linux.x86_64.gnu.opt.cpx
BASENAME:   flowersnark21_3.cip
SEED:       1
@01 ../instances_new/flowersnark/flowersnark21_3.cip ===========
@02 flowersnark21_3.cip
@03 1668037906
SCIP version 8.0.2 [precision: 8 byte] [memory: block] [mode: optimized] [LP solver: CPLEX 20.1.0.0] [GitHash: 5f0473c]
Copyright (C) 2002-2022 Konrad-Zuse-Zentrum fuer Informationstechnik Berlin (ZIB)

Symretope propagation methods - (c) Jasper van Doornmalen, Christopher Hojny.
[GitHash: 8113d1c]

reading parameter file <../settings/settings_final_moresymresack_relabel_min.set> ...

Changed settings:
limits/time = 7200
misc/usesymmetry = 1
randomization/randomseedshift = 1
constraints/orbisack/sepafreq = -1
constraints/symresack/sepafreq = -1
propagating/symmetry/addsymresacks = TRUE
propagating/symmetry/detectsubgroups = FALSE
propagating/symmetry/usesymretopes = FALSE
propagating/symmetry/relabelsymretopes = 2
propagating/symmetry/addmoresymresacks = TRUE
propagating/symmetry/ofsymcomptiming = 0
constraints/symretope/sepafreq = -1
constraints/symretope/peek = FALSE


solving problem ...

original problem has 378 variables (378 bin, 0 int, 0 impl, 0 cont) and 378 constraints
presolving:
(round 1, exhaustive) 0 del vars, 0 del conss, 0 add conss, 0 chg bounds, 0 chg sides, 0 chg coeffs, 378 upgd conss, 0 impls, 378 clqs
   (0.0s) probing: 51/378 (13.5%) - 0 fixings, 0 aggregations, 0 implications, 0 bound changes
   (0.0s) probing aborted: 50/50 successive totally useless probings
   (0.0s) symmetry computation started: requiring (bin +, int +, cont +), (fixed: bin -, int -, cont -)
   (0.0s) symmetry computation finished: 5 generators found (max: 1500, log10 of symmetry group size: 2.7)
(round 2, exhaustive) 7 del vars, 0 del conss, 45 add conss, 0 chg bounds, 0 chg sides, 0 chg coeffs, 378 upgd conss, 0 impls, 375 clqs
(round 3, fast)       16 del vars, 7 del conss, 45 add conss, 0 chg bounds, 0 chg sides, 0 chg coeffs, 378 upgd conss, 0 impls, 371 clqs
(round 4, medium)     17 del vars, 7 del conss, 45 add conss, 0 chg bounds, 0 chg sides, 0 chg coeffs, 378 upgd conss, 0 impls, 371 clqs
(round 5, fast)       18 del vars, 8 del conss, 45 add conss, 0 chg bounds, 0 chg sides, 0 chg coeffs, 378 upgd conss, 0 impls, 370 clqs
   (0.0s) probing cycle finished: starting next cycle
(round 6, exhaustive) 26 del vars, 8 del conss, 45 add conss, 0 chg bounds, 0 chg sides, 0 chg coeffs, 378 upgd conss, 0 impls, 500 clqs
(round 7, fast)       26 del vars, 19 del conss, 45 add conss, 0 chg bounds, 1 chg sides, 0 chg coeffs, 378 upgd conss, 0 impls, 500 clqs
   (0.0s) probing: 80/359 (22.3%) - 0 fixings, 8 aggregations, 153 implications, 0 bound changes
   (0.0s) probing aborted: 50/50 successive totally useless probings
presolving (8 rounds: 8 fast, 5 medium, 4 exhaustive):
 26 deleted vars, 19 deleted constraints, 45 added constraints, 0 tightened bounds, 0 added holes, 1 changed sides, 0 changed coefficients
 0 implications, 500 cliques
presolved problem has 357 variables (357 bin, 0 int, 0 impl, 0 cont) and 404 constraints
    359 constraints of type <setppc>
      3 constraints of type <orbisack>
      2 constraints of type <orbitope>
     40 constraints of type <symresack>
transformed objective value is always integral (scale: 1)
Presolving Time: 0.03

 time | node  | left  |LP iter|LP it/n|mem/heur|mdpt |vars |cons |rows |cuts |sepa|confs|strbr|  dualbound   | primalbound  |  gap   | compl. 
  0.0s|     1 |     0 |   272 |     - |  7300k |   0 | 357 | 455 | 361 |   0 |  0 |  51 |   0 | 0.000000e+00 |      --      |    Inf | unknown
  0.1s|     1 |     0 |   498 |     - |  7654k |   0 | 357 | 658 | 360 |   2 |  1 |  54 |   0 | 0.000000e+00 |      --      |    Inf | unknown
  0.2s|     1 |     0 |   584 |     - |  8441k |   0 | 357 | 657 | 362 |   4 |  2 |  55 |   0 | 0.000000e+00 |      --      |    Inf | unknown
  0.2s|     1 |     0 |   602 |     - |  9184k |   0 | 357 | 658 | 363 |   5 |  3 |  56 |   0 | 0.000000e+00 |      --      |    Inf | unknown
  0.2s|     1 |     0 |   674 |     - |    10M |   0 | 357 | 659 | 365 |   7 |  4 |  57 |   0 | 0.000000e+00 |      --      |    Inf | unknown
  0.2s|     1 |     0 |   793 |     - |    10M |   0 | 357 | 660 | 367 |   9 |  5 |  58 |   0 | 0.000000e+00 |      --      |    Inf | unknown
  0.2s|     1 |     0 |   865 |     - |    12M |   0 | 357 | 661 | 370 |  12 |  6 |  59 |   0 | 0.000000e+00 |      --      |    Inf | unknown
  0.3s|     1 |     0 |   980 |     - |    15M |   0 | 357 | 662 | 372 |  14 |  7 |  60 |   0 | 0.000000e+00 |      --      |    Inf | unknown
  0.3s|     1 |     0 |  1125 |     - |    16M |   0 | 357 | 663 | 374 |  16 |  8 |  61 |   0 | 0.000000e+00 |      --      |    Inf | unknown
  0.4s|     1 |     0 |  1277 |     - |    18M |   0 | 357 | 665 | 378 |  20 |  9 |  63 |   0 | 0.000000e+00 |      --      |    Inf | unknown
  0.4s|     1 |     0 |  1453 |     - |    22M |   0 | 357 | 666 | 379 |  21 | 10 |  64 |   0 | 0.000000e+00 |      --      |    Inf | unknown
  0.4s|     1 |     0 |  1564 |     - |    22M |   0 | 357 | 667 | 378 |  23 | 11 |  65 |   0 | 0.000000e+00 |      --      |    Inf | unknown
  0.6s|     1 |     2 |  2265 |     - |    22M |   0 | 357 | 683 | 378 |  23 | 11 |  81 |  10 | 0.000000e+00 |      --      |    Inf | unknown
  1.7s|   100 |    68 | 10022 |  85.9 |    26M |  13 | 357 |1070 | 366 | 153 |  1 | 468 |  10 | 0.000000e+00 |      --      |    Inf |   2.09%
  2.8s|   200 |   106 | 18166 |  83.7 |    30M |  14 | 357 |1318 | 369 | 246 |  1 | 720 |  10 | 0.000000e+00 |      --      |    Inf |   5.44%
 time | node  | left  |LP iter|LP it/n|mem/heur|mdpt |vars |cons |rows |cuts |sepa|confs|strbr|  dualbound   | primalbound  |  gap   | compl. 
  3.6s|   300 |   118 | 24595 |  77.2 |    30M |  16 | 357 |1718 | 369 | 320 |  1 |1125 |  10 | 0.000000e+00 |      --      |    Inf |  10.72%
  4.5s|   400 |   153 | 32849 |  78.5 |    31M |  16 | 357 |2212 | 368 | 417 |  0 |1623 |  10 | 0.000000e+00 |      --      |    Inf |  12.43%
  5.0s|   500 |   187 | 38847 |  74.8 |    33M |  17 | 357 |2670 | 367 | 482 |  1 |2092 |  10 | 0.000000e+00 |      --      |    Inf |  13.38%
  5.6s|   600 |   208 | 44928 |  72.5 |    33M |  19 | 357 |3061 | 368 | 524 |  1 |2494 |  10 | 0.000000e+00 |      --      |    Inf |  17.12%
  6.4s|   700 |   226 | 50806 |  70.5 |    33M |  19 | 357 |3256 | 366 | 545 |  0 |2708 |  10 | 0.000000e+00 |      --      |    Inf |  18.57%
  7.1s|   800 |   260 | 56340 |  68.6 |    34M |  19 | 357 |3653 | 369 | 631 |  1 |3159 |  10 | 0.000000e+00 |      --      |    Inf |  19.15%
  7.4s|   900 |   270 | 61241 |  66.4 |    34M |  19 | 357 |3980 |   0 | 665 |  0 |3620 |  10 | 0.000000e+00 |      --      |    Inf |  19.74%
  7.8s|  1000 |   277 | 66058 |  64.6 |    35M |  19 | 357 |4025 | 373 | 689 |  2 |3990 |  10 | 0.000000e+00 |      --      |    Inf |  20.19%
  8.2s|  1100 |   302 | 69696 |  62.0 |    35M |  19 | 357 |4063 |   0 | 727 |  0 |4363 |  10 | 0.000000e+00 |      --      |    Inf |  20.74%
  8.5s|  1200 |   306 | 72962 |  59.6 |    35M |  20 | 357 |4039 | 371 | 740 |  0 |4785 |  10 | 0.000000e+00 |      --      |    Inf |  20.85%
Restart triggered after 50 consecutive estimations that the remaining tree will be large
(run 1, node 1211) performing user restart

(restart) converted 11 cuts from the global cut pool into linear constraints

presolving:
(round 1, fast)       9 del vars, 91 del conss, 0 add conss, 0 chg bounds, 0 chg sides, 2 chg coeffs, 0 upgd conss, 0 impls, 456 clqs
(round 2, exhaustive) 9 del vars, 109 del conss, 8 add conss, 0 chg bounds, 0 chg sides, 2 chg coeffs, 0 upgd conss, 0 impls, 456 clqs
(round 3, exhaustive) 9 del vars, 119 del conss, 8 add conss, 0 chg bounds, 8 chg sides, 2 chg coeffs, 0 upgd conss, 0 impls, 456 clqs
(round 4, exhaustive) 9 del vars, 119 del conss, 8 add conss, 0 chg bounds, 8 chg sides, 2 chg coeffs, 200 upgd conss, 0 impls, 456 clqs
(round 5, exhaustive) 9 del vars, 130 del conss, 13 add conss, 0 chg bounds, 8 chg sides, 2 chg coeffs, 200 upgd conss, 0 impls, 456 clqs
(round 6, exhaustive) 9 del vars, 428 del conss, 13 add conss, 0 chg bounds, 8 chg sides, 426 chg coeffs, 200 upgd conss, 0 impls, 456 clqs
(round 7, exhaustive) 9 del vars, 434 del conss, 13 add conss, 0 chg bounds, 8 chg sides, 429 chg coeffs, 200 upgd conss, 0 impls, 456 clqs
(round 8, exhaustive) 9 del vars, 434 del conss, 13 add conss, 0 chg bounds, 8 chg sides, 556 chg coeffs, 200 upgd conss, 0 impls, 456 clqs
presolving (9 rounds: 9 fast, 8 medium, 8 exhaustive):
 9 deleted vars, 434 deleted constraints, 13 added constraints, 0 tightened bounds, 0 added holes, 8 changed sides, 559 changed coefficients
 0 implications, 456 cliques
presolved problem has 348 variables (348 bin, 0 int, 0 impl, 0 cont) and 3572 constraints
     82 constraints of type <knapsack>
    356 constraints of type <setppc>
      6 constraints of type <linear>
      3 constraints of type <orbisack>
      2 constraints of type <orbitope>
     40 constraints of type <symresack>
   3083 constraints of type <logicor>
transformed objective value is always integral (scale: 1)
Presolving Time: 0.19

 time | node  | left  |LP iter|LP it/n|mem/heur|mdpt |vars |cons |rows |cuts |sepa|confs|strbr|  dualbound   | primalbound  |  gap   | compl. 
  8.7s|     1 |     0 | 73800 |     - |    40M |   0 | 348 |3586 | 363 |   0 |  0 |4810 |  10 | 0.000000e+00 |      --      |    Inf | unknown
  9.0s|     1 |     0 | 73862 |     - |    40M |   0 | 348 |3787 | 367 |   4 |  1 |4811 |  10 | 0.000000e+00 |      --      |    Inf | unknown
  9.0s|     1 |     0 | 73986 |     - |    40M |   0 | 348 |3788 | 372 |   9 |  2 |4812 |  10 | 0.000000e+00 |      --      |    Inf | unknown
  9.1s|     1 |     0 | 74050 |     - |    40M |   0 | 348 |3789 | 376 |  13 |  3 |4813 |  10 | 0.000000e+00 |      --      |    Inf | unknown
  9.1s|     1 |     0 | 74184 |     - |    41M |   0 | 348 |3790 | 380 |  17 |  4 |4814 |  10 | 0.000000e+00 |      --      |    Inf | unknown
  9.2s|     1 |     0 | 74291 |     - |    41M |   0 | 348 |3794 | 383 |  20 |  5 |4818 |  10 | 0.000000e+00 |      --      |    Inf | unknown
  9.2s|     1 |     0 | 74394 |     - |    41M |   0 | 348 |3795 | 386 |  23 |  6 |4819 |  10 | 0.000000e+00 |      --      |    Inf | unknown
  9.3s|     1 |     0 | 74484 |     - |    41M |   0 | 348 |3797 | 388 |  25 |  7 |4821 |  10 | 0.000000e+00 |      --      |    Inf | unknown
  9.3s|     1 |     0 | 74616 |     - |    41M |   0 | 348 |3800 | 391 |  28 |  8 |4824 |  10 | 0.000000e+00 |      --      |    Inf | unknown
  9.4s|     1 |     0 | 74746 |     - |    43M |   0 | 348 |3802 | 394 |  31 |  9 |4826 |  10 | 0.000000e+00 |      --      |    Inf | unknown
  9.5s|     1 |     0 | 74884 |     - |    45M |   0 | 348 |3803 | 398 |  35 | 10 |4827 |  10 | 0.000000e+00 |      --      |    Inf | unknown
  9.5s|     1 |     0 | 74997 |     - |    45M |   0 | 348 |3804 | 400 |  37 | 11 |4828 |  10 | 0.000000e+00 |      --      |    Inf | unknown
  9.7s|     1 |     2 | 75406 |     - |    45M |   0 | 348 |3822 | 400 |  37 | 11 |4846 |  20 | 0.000000e+00 |      --      |    Inf | unknown
 10.6s|   100 |    44 | 81136 |  59.6 |    45M |  15 | 348 |3873 | 367 |  87 |  1 |5152 |  20 | 0.000000e+00 |      --      |    Inf |  50.48%
 11.7s|   200 |   113 | 88260 |  60.4 |    47M |  18 | 348 |3854 | 366 | 158 |  1 |5583 |  20 | 0.000000e+00 |      --      |    Inf |  50.53%
 time | node  | left  |LP iter|LP it/n|mem/heur|mdpt |vars |cons |rows |cuts |sepa|confs|strbr|  dualbound   | primalbound  |  gap   | compl. 
 12.3s|   300 |   152 | 95550 |  61.3 |    50M |  18 | 348 |3863 | 371 | 201 |  2 |6070 |  20 | 0.000000e+00 |      --      |    Inf |  50.74%
 12.6s|   400 |   156 | 99275 |  59.8 |    50M |  19 | 348 |3766 | 368 | 207 |  1 |6286 |  20 | 0.000000e+00 |      --      |    Inf |  50.95%
 13.1s|   500 |   186 |104790 |  59.5 |    50M |  19 | 348 |3557 | 366 | 270 |  1 |6606 |  20 | 0.000000e+00 |      --      |    Inf |  51.19%
 13.6s|   600 |   200 |109132 |  58.6 |    51M |  20 | 348 |3514 | 367 | 277 |  0 |6858 |  20 | 0.000000e+00 |      --      |    Inf |  51.28%
 14.0s|   700 |   212 |112632 |  57.4 |    51M |  20 | 348 |3496 | 368 | 317 |  1 |7057 |  20 | 0.000000e+00 |      --      |    Inf |  51.49%
 14.2s|   800 |   216 |115439 |  55.9 |    51M |  20 | 348 |3469 | 367 | 330 |  0 |7199 |  20 | 0.000000e+00 |      --      |    Inf |  51.75%
 14.5s|   900 |   229 |119836 |  55.4 |    51M |  20 | 348 |3471 | 367 | 345 |  1 |7439 |  20 | 0.000000e+00 |      --      |    Inf |  51.85%
 14.7s|  1000 |   237 |122596 |  54.1 |    51M |  20 | 348 |3606 | 370 | 345 |  0 |7686 |  20 | 0.000000e+00 |      --      |    Inf |  51.90%
 15.0s|  1100 |   244 |125408 |  53.0 |    51M |  20 | 348 |3682 |   0 | 345 |  0 |7898 |  20 | 0.000000e+00 |      --      |    Inf |  51.95%
 15.2s|  1200 |   243 |128314 |  52.0 |    51M |  20 | 348 |3687 | 366 | 345 |  1 |8032 |  20 | 0.000000e+00 |      --      |    Inf |  52.03%
 15.5s|  1300 |   242 |131278 |  51.1 |    51M |  20 | 348 |3709 | 366 | 353 |  1 |8259 |  20 | 0.000000e+00 |      --      |    Inf |  52.25%
 15.8s|  1400 |   253 |135470 |  50.7 |    51M |  20 | 348 |3825 |   0 | 353 |  0 |8502 |  20 | 0.000000e+00 |      --      |    Inf |  52.28%
 16.3s|  1500 |   234 |139144 |  50.2 |    51M |  20 | 348 |3799 | 367 | 358 |  1 |8700 |  20 | 0.000000e+00 |      --      |    Inf |  52.40%
 16.6s|  1600 |   229 |142406 |  49.6 |    51M |  20 | 348 |3817 | 366 | 367 |  0 |8941 |  20 | 0.000000e+00 |      --      |    Inf |  52.54%
 16.9s|  1700 |   232 |145997 |  49.1 |    51M |  20 | 348 |3781 | 368 | 367 |  0 |9122 |  20 | 0.000000e+00 |      --      |    Inf |  52.61%
 time | node  | left  |LP iter|LP it/n|mem/heur|mdpt |vars |cons |rows |cuts |sepa|confs|strbr|  dualbound   | primalbound  |  gap   | compl. 
 17.1s|  1800 |   231 |149438 |  48.6 |    52M |  20 | 348 |3823 | 367 | 374 |  0 |9286 |  20 | 0.000000e+00 |      --      |    Inf |  52.82%
 17.4s|  1900 |   240 |153807 |  48.5 |    52M |  20 | 348 |3919 | 369 | 374 |  0 |9469 |  20 | 0.000000e+00 |      --      |    Inf |  52.88%
 17.6s|  2000 |   250 |157482 |  48.1 |    52M |  20 | 348 |4002 |   0 | 374 |  0 |9611 |  20 | 0.000000e+00 |      --      |    Inf |  52.90%
 18.1s|  2100 |   258 |161886 |  48.0 |    52M |  20 | 348 |4028 | 368 | 374 |  1 |9808 |  20 | 0.000000e+00 |      --      |    Inf |  52.99%
 18.4s|  2200 |   254 |165760 |  47.7 |    52M |  20 | 348 |4042 | 372 | 380 |  1 |9954 |  20 | 0.000000e+00 |      --      |    Inf |  53.10%
 18.7s|  2300 |   267 |169428 |  47.4 |    52M |  20 | 348 |4018 |   0 | 385 |  0 |  10k|  20 | 0.000000e+00 |      --      |    Inf |  53.25%
 19.3s|  2400 |   270 |172993 |  47.1 |    52M |  20 | 348 |4101 | 366 | 385 |  1 |  10k|  20 | 0.000000e+00 |      --      |    Inf |  53.26%
 19.9s|  2500 |   264 |176445 |  46.7 |    52M |  20 | 348 |4200 | 366 | 385 |  1 |  10k|  20 | 0.000000e+00 |      --      |    Inf |  53.28%
 20.9s|  2600 |   268 |180490 |  46.6 |    52M |  20 | 348 |4140 | 369 | 392 |  1 |  10k|  20 | 0.000000e+00 |      --      |    Inf |  53.33%
 21.1s|  2700 |   275 |184687 |  46.5 |    52M |  20 | 348 |4112 | 366 | 392 |  1 |  10k|  20 | 0.000000e+00 |      --      |    Inf |  53.43%
 21.4s|  2800 |   305 |188650 |  46.3 |    52M |  20 | 348 |4271 | 366 | 392 |  1 |  11k|  20 | 0.000000e+00 |      --      |    Inf |  53.46%
 21.6s|  2900 |   297 |191428 |  45.8 |    52M |  20 | 348 |4377 | 366 | 392 |  0 |  11k|  20 | 0.000000e+00 |      --      |    Inf |  53.48%
 21.9s|  3000 |   292 |194139 |  45.4 |    52M |  20 | 348 |4357 | 370 | 392 |  1 |  11k|  20 | 0.000000e+00 |      --      |    Inf |  53.52%
 22.1s|  3100 |   300 |197747 |  45.2 |    52M |  20 | 348 |4333 | 365 | 392 |  1 |  11k|  20 | 0.000000e+00 |      --      |    Inf |  53.58%
 22.4s|  3200 |   297 |200204 |  44.7 |    52M |  20 | 348 |4261 |   0 | 392 |  0 |  11k|  20 | 0.000000e+00 |      --      |    Inf |  53.67%
 time | node  | left  |LP iter|LP it/n|mem/heur|mdpt |vars |cons |rows |cuts |sepa|confs|strbr|  dualbound   | primalbound  |  gap   | compl. 
 22.6s|  3300 |   283 |203659 |  44.5 |    52M |  20 | 348 |4215 | 367 | 392 |  0 |  11k|  20 | 0.000000e+00 |      --      |    Inf |  53.80%
 22.9s|  3400 |   292 |207968 |  44.5 |    52M |  20 | 348 |4167 | 371 | 403 |  1 |  12k|  20 | 0.000000e+00 |      --      |    Inf |  60.11%
 23.2s|  3500 |   277 |210442 |  44.0 |    52M |  20 | 348 |4095 | 366 | 403 |  1 |  12k|  20 | 0.000000e+00 |      --      |    Inf |  60.24%
 23.7s|  3600 |   279 |213566 |  43.8 |    52M |  20 | 348 |4175 | 366 | 403 |  1 |  12k|  20 | 0.000000e+00 |      --      |    Inf |  60.26%
 24.1s|  3700 |   272 |216739 |  43.5 |    52M |  20 | 348 |4156 | 371 | 403 |  0 |  12k|  20 | 0.000000e+00 |      --      |    Inf |  60.30%
 24.4s|  3800 |   276 |219840 |  43.3 |    52M |  20 | 348 |4172 | 366 | 403 |  1 |  12k|  20 | 0.000000e+00 |      --      |    Inf |  60.36%
 25.0s|  3900 |   267 |223048 |  43.1 |    52M |  20 | 348 |4139 | 366 | 403 |  1 |  13k|  20 | 0.000000e+00 |      --      |    Inf |  60.40%
 25.4s|  4000 |   260 |226229 |  42.8 |    52M |  20 | 348 |4147 | 373 | 403 |  1 |  13k|  20 | 0.000000e+00 |      --      |    Inf |  60.45%
 25.7s|  4100 |   256 |229166 |  42.6 |    52M |  20 | 348 |4162 | 368 | 403 |  1 |  13k|  20 | 0.000000e+00 |      --      |    Inf |  60.55%
 25.9s|  4200 |   245 |232487 |  42.4 |    52M |  20 | 348 |4184 | 366 | 403 |  1 |  13k|  20 | 0.000000e+00 |      --      |    Inf |  60.64%
 26.1s|  4300 |   236 |234963 |  42.1 |    52M |  20 | 348 |4253 |   0 | 403 |  0 |  13k|  20 | 0.000000e+00 |      --      |    Inf |  60.73%
 26.4s|  4400 |   238 |238273 |  41.9 |    52M |  20 | 348 |4335 | 370 | 403 |  1 |  14k|  20 | 0.000000e+00 |      --      |    Inf |  60.78%
 26.7s|  4500 |   227 |241182 |  41.7 |    52M |  20 | 348 |4340 | 367 | 403 |  1 |  14k|  20 | 0.000000e+00 |      --      |    Inf |  60.84%
 26.9s|  4600 |   213 |243830 |  41.4 |    52M |  22 | 348 |4333 | 371 | 403 |  1 |  14k|  20 | 0.000000e+00 |      --      |    Inf |  60.89%
 27.4s|  4700 |   253 |250594 |  41.9 |    52M |  22 | 348 |4317 | 365 | 428 |  1 |  14k|  20 | 0.000000e+00 |      --      |    Inf |  61.01%
 time | node  | left  |LP iter|LP it/n|mem/heur|mdpt |vars |cons |rows |cuts |sepa|confs|strbr|  dualbound   | primalbound  |  gap   | compl. 
 27.8s|  4800 |   289 |254933 |  41.9 |    53M |  22 | 348 |4518 | 365 | 453 |  1 |  14k|  20 | 0.000000e+00 |      --      |    Inf |  61.13%
 28.1s|  4900 |   290 |257982 |  41.7 |    53M |  22 | 348 |4513 | 370 | 465 |  1 |  15k|  20 | 0.000000e+00 |      --      |    Inf |  61.32%
 28.4s|  5000 |   288 |260645 |  41.5 |    53M |  22 | 348 |4569 | 365 | 476 |  0 |  15k|  20 | 0.000000e+00 |      --      |    Inf |  61.46%
 28.7s|  5100 |   320 |263857 |  41.3 |    53M |  22 | 348 |4752 | 366 | 488 |  1 |  15k|  20 | 0.000000e+00 |      --      |    Inf |  61.55%
 29.0s|  5200 |   333 |267955 |  41.3 |    53M |  22 | 348 |4858 | 367 | 508 |  1 |  15k|  20 | 0.000000e+00 |      --      |    Inf |  62.45%
 29.4s|  5300 |   358 |271783 |  41.3 |    53M |  22 | 348 |4935 | 365 | 529 |  1 |  16k|  20 | 0.000000e+00 |      --      |    Inf |  62.56%
 29.7s|  5400 |   375 |274686 |  41.1 |    53M |  22 | 348 |5081 | 366 | 529 |  0 |  16k|  20 | 0.000000e+00 |      --      |    Inf |  62.64%
 29.9s|  5500 |   382 |277243 |  40.9 |    53M |  22 | 348 |5190 | 370 | 529 |  1 |  16k|  20 | 0.000000e+00 |      --      |    Inf |  62.67%
 30.2s|  5600 |   399 |281323 |  40.9 |    53M |  22 | 348 |5325 | 367 | 547 |  1 |  17k|  20 | 0.000000e+00 |      --      |    Inf |  63.02%
 30.7s|  5700 |   414 |285901 |  40.9 |    53M |  22 | 348 |5334 | 369 | 593 |  1 |  17k|  20 | 0.000000e+00 |      --      |    Inf |  63.37%
 31.1s|  5800 |   436 |289458 |  40.9 |    53M |  22 | 348 |5337 | 369 | 615 |  1 |  17k|  20 | 0.000000e+00 |      --      |    Inf |  63.63%
 31.3s|  5900 |   445 |292174 |  40.7 |    53M |  22 | 348 |5445 | 366 | 615 |  1 |  17k|  20 | 0.000000e+00 |      --      |    Inf |  63.87%
 31.5s|  6000 |   436 |294493 |  40.4 |    53M |  22 | 348 |5508 |   0 | 615 |  0 |  17k|  20 | 0.000000e+00 |      --      |    Inf |  64.09%
 31.8s|  6100 |   413 |296869 |  40.2 |    53M |  22 | 348 |5429 | 366 | 618 |  1 |  18k|  20 | 0.000000e+00 |      --      |    Inf |  64.28%
 32.0s|  6200 |   426 |300122 |  40.1 |    53M |  22 | 348 |5463 | 367 | 625 |  1 |  18k|  20 | 0.000000e+00 |      --      |    Inf |  64.33%
 time | node  | left  |LP iter|LP it/n|mem/heur|mdpt |vars |cons |rows |cuts |sepa|confs|strbr|  dualbound   | primalbound  |  gap   | compl. 
 32.2s|  6300 |   420 |302461 |  39.9 |    53M |  22 | 348 |5475 | 370 | 625 |  1 |  18k|  20 | 0.000000e+00 |      --      |    Inf |  64.38%
 32.6s|  6400 |   411 |306306 |  39.9 |    53M |  22 | 348 |5491 | 370 | 641 |  1 |  18k|  20 | 0.000000e+00 |      --      |    Inf |  64.57%
 32.9s|  6500 |   410 |308705 |  39.6 |    54M |  22 | 348 |5576 |   0 | 646 |  0 |  18k|  20 | 0.000000e+00 |      --      |    Inf |  64.73%
 33.1s|  6600 |   405 |311438 |  39.5 |    54M |  22 | 348 |5562 | 366 | 646 |  1 |  19k|  20 | 0.000000e+00 |      --      |    Inf |  64.84%
 33.4s|  6700 |   416 |314225 |  39.3 |    55M |  22 | 348 |5573 | 367 | 662 |  1 |  19k|  20 | 0.000000e+00 |      --      |    Inf |  65.03%
 33.7s|  6800 |   410 |317003 |  39.2 |    55M |  22 | 348 |5626 | 366 | 669 |  0 |  19k|  20 | 0.000000e+00 |      --      |    Inf |  65.27%
 34.0s|  6900 |   404 |320408 |  39.1 |    55M |  22 | 348 |5763 |   0 | 669 |  0 |  19k|  20 | 0.000000e+00 |      --      |    Inf |  65.34%
 34.2s|  7000 |   421 |322826 |  39.0 |    55M |  22 | 348 |5898 | 366 | 669 |  1 |  19k|  20 | 0.000000e+00 |      --      |    Inf |  65.37%
 34.7s|  7100 |   461 |328242 |  39.1 |    56M |  22 | 348 |5869 | 366 | 723 |  1 |  20k|  20 | 0.000000e+00 |      --      |    Inf |  65.56%
 35.1s|  7200 |   479 |332645 |  39.2 |    56M |  22 | 348 |5835 | 366 | 758 |  1 |  20k|  20 | 0.000000e+00 |      --      |    Inf |  66.20%
 35.4s|  7300 |   481 |335712 |  39.1 |    56M |  22 | 348 |6000 | 368 | 786 |  1 |  20k|  20 | 0.000000e+00 |      --      |    Inf |  66.65%
 35.8s|  7400 |   502 |339278 |  39.1 |    57M |  22 | 348 |6115 |   0 | 810 |  0 |  20k|  20 | 0.000000e+00 |      --      |    Inf |  66.88%
 36.2s|  7500 |   502 |343195 |  39.1 |    57M |  22 | 348 |6190 | 366 | 832 |  0 |  21k|  20 | 0.000000e+00 |      --      |    Inf |  67.28%
 36.5s|  7600 |   501 |346308 |  39.0 |    58M |  22 | 348 |6185 | 369 | 880 |  0 |  21k|  20 | 0.000000e+00 |      --      |    Inf |  68.00%
 36.8s|  7700 |   492 |350136 |  39.0 |    58M |  22 | 348 |6174 |   0 | 894 |  0 |  21k|  20 | 0.000000e+00 |      --      |    Inf |  68.61%
 time | node  | left  |LP iter|LP it/n|mem/heur|mdpt |vars |cons |rows |cuts |sepa|confs|strbr|  dualbound   | primalbound  |  gap   | compl. 
 37.1s|  7800 |   498 |353226 |  38.9 |    58M |  22 | 348 |6189 | 364 | 904 |  1 |  21k|  20 | 0.000000e+00 |      --      |    Inf |  68.88%
 37.4s|  7900 |   495 |356609 |  38.8 |    58M |  22 | 348 |6243 | 367 | 929 |  1 |  21k|  20 | 0.000000e+00 |      --      |    Inf |  69.30%
 37.6s|  8000 |   480 |358676 |  38.6 |    58M |  22 | 348 |6287 |   0 | 938 |  0 |  21k|  20 | 0.000000e+00 |      --      |    Inf |  69.70%
 38.0s|  8100 |   489 |362098 |  38.6 |    58M |  22 | 348 |6079 | 366 | 952 |  1 |  22k|  20 | 0.000000e+00 |      --      |    Inf |  70.01%
 38.3s|  8200 |   501 |366344 |  38.6 |    58M |  22 | 348 |6088 |   0 | 990 |  0 |  22k|  20 | 0.000000e+00 |      --      |    Inf |  70.15%
 38.7s|  8300 |   516 |370797 |  38.7 |    58M |  22 | 348 |6268 | 370 |1017 |  0 |  22k|  20 | 0.000000e+00 |      --      |    Inf |  70.25%
 39.0s|  8400 |   516 |374068 |  38.6 |    58M |  22 | 348 |6370 | 373 |1031 |  3 |  22k|  20 | 0.000000e+00 |      --      |    Inf |  70.48%
 39.4s|  8500 |   533 |377821 |  38.6 |    58M |  22 | 348 |6439 | 365 |1064 |  1 |  22k|  20 | 0.000000e+00 |      --      |    Inf |  70.82%
 39.6s|  8600 |   527 |380417 |  38.5 |    58M |  22 | 348 |6546 | 368 |1090 |  0 |  22k|  20 | 0.000000e+00 |      --      |    Inf |  71.30%
 40.0s|  8700 |   530 |384575 |  38.5 |    58M |  22 | 348 |6561 | 365 |1120 |  1 |  23k|  20 | 0.000000e+00 |      --      |    Inf |  71.82%
 40.4s|  8800 |   529 |389006 |  38.6 |    58M |  22 | 348 |6388 |   0 |1131 |  0 |  23k|  20 | 0.000000e+00 |      --      |    Inf |  71.95%
 40.7s|  8900 |   522 |393394 |  38.6 |    58M |  22 | 348 |6421 |   0 |1131 |  0 |  23k|  20 | 0.000000e+00 |      --      |    Inf |  72.04%
 41.0s|  9000 |   519 |395989 |  38.5 |    58M |  22 | 348 |6114 | 368 |1138 |  1 |  23k|  20 | 0.000000e+00 |      --      |    Inf |  72.27%
 41.2s|  9100 |   523 |399409 |  38.4 |    58M |  22 | 348 |6080 | 366 |1138 |  0 |  23k|  20 | 0.000000e+00 |      --      |    Inf |  72.34%
 41.8s|  9200 |   556 |405308 |  38.6 |    59M |  22 | 348 |5863 | 366 |1172 |  0 |  24k|  20 | 0.000000e+00 |      --      |    Inf |  73.85%
 time | node  | left  |LP iter|LP it/n|mem/heur|mdpt |vars |cons |rows |cuts |sepa|confs|strbr|  dualbound   | primalbound  |  gap   | compl. 
 42.1s|  9300 |   565 |408206 |  38.6 |    59M |  22 | 348 |5794 | 367 |1192 |  1 |  24k|  20 | 0.000000e+00 |      --      |    Inf |  74.25%
 42.4s|  9400 |   564 |410965 |  38.4 |    59M |  22 | 348 |5743 |   0 |1207 |  0 |  24k|  20 | 0.000000e+00 |      --      |    Inf |  74.68%
 42.7s|  9500 |   573 |414013 |  38.4 |    59M |  22 | 348 |5715 | 369 |1242 |  2 |  24k|  20 | 0.000000e+00 |      --      |    Inf |  76.78%
 43.2s|  9600 |   584 |418680 |  38.5 |    59M |  22 | 348 |5613 | 368 |1300 |  1 |  24k|  20 | 0.000000e+00 |      --      |    Inf |  78.68%
 43.4s|  9700 |   574 |420467 |  38.3 |    59M |  22 | 348 |5660 |   0 |1307 |  0 |  25k|  20 | 0.000000e+00 |      --      |    Inf |  79.62%
 43.7s|  9800 |   565 |422621 |  38.1 |    59M |  22 | 348 |5624 |   0 |1312 |  0 |  25k|  20 | 0.000000e+00 |      --      |    Inf |  80.21%
 44.0s|  9900 |   579 |425775 |  38.1 |    59M |  22 | 348 |5505 | 365 |1329 |  1 |  25k|  20 | 0.000000e+00 |      --      |    Inf |  80.36%
 44.3s| 10000 |   568 |429503 |  38.0 |    59M |  22 | 348 |5576 | 366 |1339 |  0 |  25k|  20 | 0.000000e+00 |      --      |    Inf |  80.53%
 44.5s| 10100 |   567 |431749 |  37.9 |    59M |  22 | 348 |5532 | 367 |1339 |  1 |  25k|  20 | 0.000000e+00 |      --      |    Inf |  80.65%
 44.9s| 10200 |   541 |434965 |  37.9 |    59M |  22 | 348 |5007 | 373 |1347 |  0 |  26k|  20 | 0.000000e+00 |      --      |    Inf |  81.03%
 45.2s| 10300 |   542 |437685 |  37.8 |    60M |  22 | 348 |4957 | 367 |1347 |  1 |  26k|  20 | 0.000000e+00 |      --      |    Inf |  81.28%
 45.4s| 10400 |   549 |440074 |  37.6 |    60M |  22 | 348 |4981 | 365 |1347 |  1 |  26k|  20 | 0.000000e+00 |      --      |    Inf |  81.35%
 45.7s| 10500 |   539 |442373 |  37.5 |    60M |  22 | 348 |5016 | 366 |1347 |  0 |  26k|  20 | 0.000000e+00 |      --      |    Inf |  81.38%
 46.0s| 10600 |   548 |445954 |  37.5 |    60M |  22 | 348 |5055 |   0 |1358 |  0 |  26k|  20 | 0.000000e+00 |      --      |    Inf |  81.49%
 46.2s| 10700 |   544 |448258 |  37.4 |    60M |  22 | 348 |5210 | 370 |1364 |  2 |  26k|  20 | 0.000000e+00 |      --      |    Inf |  81.59%
 time | node  | left  |LP iter|LP it/n|mem/heur|mdpt |vars |cons |rows |cuts |sepa|confs|strbr|  dualbound   | primalbound  |  gap   | compl. 
 46.5s| 10800 |   552 |451012 |  37.3 |    60M |  22 | 348 |5348 | 367 |1380 |  1 |  27k|  20 | 0.000000e+00 |      --      |    Inf |  81.95%
 46.7s| 10900 |   550 |452765 |  37.1 |    60M |  22 | 348 |5453 |   0 |1383 |  0 |  27k|  20 | 0.000000e+00 |      --      |    Inf |  82.00%
 47.0s| 11000 |   554 |455156 |  37.0 |    60M |  22 | 348 |5571 | 366 |1383 |  1 |  27k|  20 | 0.000000e+00 |      --      |    Inf |  82.05%
 47.3s| 11100 |   567 |458674 |  37.0 |    60M |  22 | 348 |5630 | 367 |1402 |  1 |  27k|  20 | 0.000000e+00 |      --      |    Inf |  82.14%
 47.6s| 11200 |   579 |463005 |  37.1 |    60M |  22 | 348 |5733 | 367 |1413 |  0 |  27k|  20 | 0.000000e+00 |      --      |    Inf |  82.24%
 47.9s| 11300 |   573 |467438 |  37.1 |    60M |  22 | 348 |5918 | 367 |1413 |  1 |  28k|  20 | 0.000000e+00 |      --      |    Inf |  82.30%
 48.2s| 11400 |   587 |471211 |  37.1 |    60M |  22 | 348 |6092 | 367 |1413 |  1 |  28k|  20 | 0.000000e+00 |      --      |    Inf |  82.36%
 48.6s| 11500 |   587 |476231 |  37.2 |    60M |  22 | 348 |6146 | 367 |1442 |  1 |  28k|  20 | 0.000000e+00 |      --      |    Inf |  82.64%
 48.9s| 11600 |   581 |480313 |  37.3 |    60M |  22 | 348 |6181 | 370 |1446 |  1 |  28k|  20 | 0.000000e+00 |      --      |    Inf |  82.94%
 49.2s| 11700 |   581 |483881 |  37.2 |    60M |  22 | 348 |6306 | 368 |1456 |  1 |  28k|  20 | 0.000000e+00 |      --      |    Inf |  83.11%
 49.4s| 11800 |   584 |486834 |  37.2 |    60M |  22 | 348 |6429 | 368 |1456 |  1 |  29k|  20 | 0.000000e+00 |      --      |    Inf |  83.18%
 49.7s| 11900 |   585 |491081 |  37.2 |    60M |  22 | 348 |6470 | 368 |1464 |  1 |  29k|  20 | 0.000000e+00 |      --      |    Inf |  83.28%
 50.0s| 12000 |   588 |493638 |  37.1 |    60M |  22 | 348 |6440 |   0 |1464 |  0 |  29k|  20 | 0.000000e+00 |      --      |    Inf |  83.31%
 50.3s| 12100 |   571 |496109 |  37.0 |    60M |  22 | 348 |6308 | 367 |1464 |  0 |  29k|  20 | 0.000000e+00 |      --      |    Inf |  83.41%
 50.5s| 12200 |   569 |498386 |  36.9 |    60M |  22 | 348 |6235 | 367 |1470 |  1 |  29k|  20 | 0.000000e+00 |      --      |    Inf |  83.54%
 time | node  | left  |LP iter|LP it/n|mem/heur|mdpt |vars |cons |rows |cuts |sepa|confs|strbr|  dualbound   | primalbound  |  gap   | compl. 
 50.9s| 12300 |   553 |501648 |  36.9 |    60M |  22 | 348 |5947 |   0 |1470 |  0 |  30k|  20 | 0.000000e+00 |      --      |    Inf |  83.69%
 51.2s| 12400 |   561 |505937 |  37.0 |    60M |  22 | 348 |5838 |   0 |1482 |  0 |  30k|  20 | 0.000000e+00 |      --      |    Inf |  83.82%
 51.5s| 12500 |   563 |509679 |  37.0 |    60M |  22 | 348 |5954 | 366 |1492 |  1 |  30k|  20 | 0.000000e+00 |      --      |    Inf |  84.03%
 51.8s| 12600 |   550 |512824 |  36.9 |    60M |  22 | 348 |5853 | 366 |1500 |  0 |  30k|  20 | 0.000000e+00 |      --      |    Inf |  84.16%
 52.1s| 12700 |   567 |517075 |  37.0 |    60M |  22 | 348 |5906 |   0 |1505 |  0 |  30k|  20 | 0.000000e+00 |      --      |    Inf |  84.22%
 52.4s| 12800 |   554 |520246 |  36.9 |    60M |  22 | 348 |5746 | 368 |1522 |  1 |  31k|  20 | 0.000000e+00 |      --      |    Inf |  84.38%
 52.7s| 12900 |   546 |522875 |  36.8 |    60M |  22 | 348 |5579 | 366 |1522 |  1 |  31k|  20 | 0.000000e+00 |      --      |    Inf |  84.58%
 53.0s| 13000 |   532 |525203 |  36.7 |    60M |  22 | 348 |5635 | 366 |1522 |  0 |  31k|  20 | 0.000000e+00 |      --      |    Inf |  84.67%
 53.3s| 13100 |   511 |527569 |  36.7 |    60M |  22 | 348 |5537 |   0 |1539 |  0 |  31k|  20 | 0.000000e+00 |      --      |    Inf |  85.38%
 53.6s| 13200 |   471 |530060 |  36.6 |    60M |  22 | 348 |5253 | 365 |1547 |  0 |  31k|  20 | 0.000000e+00 |      --      |    Inf |  85.57%
 54.0s| 13300 |   447 |533968 |  36.6 |    60M |  22 | 348 |5096 | 365 |1559 |  1 |  32k|  20 | 0.000000e+00 |      --      |    Inf |  85.87%
 54.3s| 13400 |   437 |535973 |  36.5 |    60M |  22 | 348 |5105 | 365 |1569 |  1 |  32k|  20 | 0.000000e+00 |      --      |    Inf |  86.15%
 54.6s| 13500 |   431 |539775 |  36.5 |    60M |  22 | 348 |5137 | 367 |1575 |  0 |  32k|  20 | 0.000000e+00 |      --      |    Inf |  86.22%
 54.8s| 13600 |   425 |542419 |  36.4 |    61M |  22 | 348 |5228 | 367 |1585 |  1 |  32k|  20 | 0.000000e+00 |      --      |    Inf |  86.35%
 55.1s| 13700 |   418 |545367 |  36.4 |    61M |  22 | 348 |5196 | 365 |1587 |  1 |  32k|  20 | 0.000000e+00 |      --      |    Inf |  86.50%
 time | node  | left  |LP iter|LP it/n|mem/heur|mdpt |vars |cons |rows |cuts |sepa|confs|strbr|  dualbound   | primalbound  |  gap   | compl. 
 55.3s| 13800 |   401 |548409 |  36.3 |    61M |  22 | 348 |5196 | 366 |1587 |  1 |  33k|  20 | 0.000000e+00 |      --      |    Inf |  86.65%
 55.6s| 13900 |   402 |550736 |  36.2 |    61M |  22 | 348 |5271 | 367 |1587 |  1 |  33k|  20 | 0.000000e+00 |      --      |    Inf |  86.72%
 55.8s| 14000 |   393 |553555 |  36.2 |    61M |  22 | 348 |5265 |   0 |1587 |  0 |  33k|  20 | 0.000000e+00 |      --      |    Inf |  86.79%
 56.3s| 14100 |   414 |558375 |  36.3 |    61M |  22 | 348 |5300 | 366 |1642 |  1 |  33k|  20 | 0.000000e+00 |      --      |    Inf |  87.15%
 56.6s| 14200 |   434 |561955 |  36.3 |    61M |  22 | 348 |5413 | 366 |1661 |  1 |  33k|  20 | 0.000000e+00 |      --      |    Inf |  87.34%
 57.0s| 14300 |   462 |564655 |  36.2 |    61M |  22 | 348 |5547 | 365 |1716 |  0 |  34k|  20 | 0.000000e+00 |      --      |    Inf |  87.78%
 57.2s| 14400 |   466 |566578 |  36.1 |    61M |  22 | 348 |5673 | 366 |1748 |  1 |  34k|  20 | 0.000000e+00 |      --      |    Inf |  88.14%
 57.5s| 14500 |   468 |568636 |  36.0 |    61M |  22 | 348 |5736 | 366 |1796 |  1 |  34k|  20 | 0.000000e+00 |      --      |    Inf |  88.73%
 57.8s| 14600 |   464 |571065 |  35.9 |    61M |  22 | 348 |5830 | 365 |1832 |  1 |  34k|  20 | 0.000000e+00 |      --      |    Inf |  89.17%
 58.2s| 14700 |   465 |573443 |  35.9 |    61M |  22 | 348 |5869 |   0 |1873 |  0 |  34k|  20 | 0.000000e+00 |      --      |    Inf |  89.78%
 58.5s| 14800 |   465 |576005 |  35.8 |    61M |  22 | 348 |5929 | 367 |1919 |  1 |  35k|  20 | 0.000000e+00 |      --      |    Inf |  90.42%
 58.8s| 14900 |   450 |577988 |  35.7 |    61M |  22 | 348 |5982 |   0 |1933 |  0 |  35k|  20 | 0.000000e+00 |      --      |    Inf |  91.14%
 59.0s| 15000 |   395 |579267 |  35.5 |    61M |  22 | 348 |5946 | 367 |1933 |  1 |  35k|  20 | 0.000000e+00 |      --      |    Inf |  92.85%
 59.3s| 15100 |   364 |581884 |  35.5 |    61M |  22 | 348 |5808 |   0 |1940 |  0 |  35k|  20 | 0.000000e+00 |      --      |    Inf |  93.21%
 59.6s| 15200 |   351 |584917 |  35.5 |    61M |  22 | 348 |5777 | 368 |1940 |  0 |  35k|  20 | 0.000000e+00 |      --      |    Inf |  93.41%
 time | node  | left  |LP iter|LP it/n|mem/heur|mdpt |vars |cons |rows |cuts |sepa|confs|strbr|  dualbound   | primalbound  |  gap   | compl. 
 59.8s| 15300 |   353 |587732 |  35.4 |    61M |  22 | 348 |5846 | 366 |1940 |  1 |  36k|  20 | 0.000000e+00 |      --      |    Inf |  93.45%
 60.1s| 15400 |   342 |590316 |  35.4 |    61M |  22 | 348 |5866 | 366 |1940 |  1 |  36k|  20 | 0.000000e+00 |      --      |    Inf |  93.53%
 60.4s| 15500 |   305 |593045 |  35.3 |    61M |  22 | 348 |5611 |   0 |1940 |  0 |  36k|  20 | 0.000000e+00 |      --      |    Inf |  93.98%
 60.7s| 15600 |   287 |595060 |  35.2 |    61M |  22 | 348 |5516 | 368 |1946 |  0 |  36k|  20 | 0.000000e+00 |      --      |    Inf |  94.37%
 60.9s| 15700 |   287 |597325 |  35.1 |    61M |  22 | 348 |5513 |   0 |1953 |  0 |  36k|  20 | 0.000000e+00 |      --      |    Inf |  94.53%
 61.1s| 15800 |   282 |600512 |  35.1 |    61M |  22 | 348 |5596 | 367 |1953 |  1 |  36k|  20 | 0.000000e+00 |      --      |    Inf |  94.59%
 61.4s| 15900 |   276 |603784 |  35.1 |    61M |  22 | 348 |5632 | 367 |1953 |  1 |  37k|  20 | 0.000000e+00 |      --      |    Inf |  94.70%
 61.7s| 16000 |   266 |606525 |  35.1 |    61M |  22 | 348 |5541 | 367 |1955 |  1 |  37k|  20 | 0.000000e+00 |      --      |    Inf |  94.77%
 62.0s| 16100 |   234 |609758 |  35.1 |    61M |  22 | 348 |5463 | 367 |1955 |  0 |  37k|  20 | 0.000000e+00 |      --      |    Inf |  95.10%
 62.2s| 16200 |   229 |612827 |  35.0 |    61M |  22 | 348 |5350 | 368 |1973 |  1 |  37k|  20 | 0.000000e+00 |      --      |    Inf |  95.51%
 62.6s| 16300 |   212 |616110 |  35.0 |    61M |  22 | 348 |5271 |   0 |1985 |  0 |  37k|  20 | 0.000000e+00 |      --      |    Inf |  96.20%
 62.8s| 16400 |   205 |618762 |  35.0 |    61M |  22 | 348 |5292 | 366 |1985 |  1 |  38k|  20 | 0.000000e+00 |      --      |    Inf |  96.37%
 63.1s| 16500 |   179 |622262 |  35.0 |    61M |  22 | 348 |5322 | 366 |1985 |  0 |  38k|  20 | 0.000000e+00 |      --      |    Inf |  96.70%
 63.3s| 16600 |   167 |625208 |  34.9 |    61M |  22 | 348 |5223 | 366 |1990 |  1 |  38k|  20 | 0.000000e+00 |      --      |    Inf |  96.86%
 63.6s| 16700 |   153 |627644 |  34.9 |    61M |  24 | 348 |5181 |   0 |2008 |  0 |  38k|  20 | 0.000000e+00 |      --      |    Inf |  97.14%
 time | node  | left  |LP iter|LP it/n|mem/heur|mdpt |vars |cons |rows |cuts |sepa|confs|strbr|  dualbound   | primalbound  |  gap   | compl. 
 63.9s| 16800 |   133 |631150 |  34.9 |    61M |  24 | 348 |5103 | 369 |2022 |  0 |  38k|  20 | 0.000000e+00 |      --      |    Inf |  97.45%
 64.2s| 16900 |   127 |634184 |  34.9 |    61M |  24 | 348 |5009 | 370 |2032 |  1 |  38k|  20 | 0.000000e+00 |      --      |    Inf |  97.83%
 64.5s| 17000 |   116 |637320 |  34.8 |    61M |  24 | 348 |5086 | 367 |2032 |  1 |  39k|  20 | 0.000000e+00 |      --      |    Inf |  97.93%
 64.7s| 17100 |   106 |639521 |  34.8 |    61M |  24 | 348 |5097 |   0 |2032 |  0 |  39k|  20 | 0.000000e+00 |      --      |    Inf |  98.00%
 65.0s| 17200 |    77 |642087 |  34.7 |    61M |  24 | 348 |5054 |   0 |2032 |  0 |  39k|  20 | 0.000000e+00 |      --      |    Inf |  98.75%
 65.3s| 17300 |    66 |644701 |  34.7 |    61M |  24 | 348 |5008 |   0 |2045 |  0 |  39k|  20 | 0.000000e+00 |      --      |    Inf |  99.04%
 65.6s| 17400 |    54 |647626 |  34.6 |    61M |  24 | 348 |5031 | 371 |2069 |  0 |  39k|  20 | 0.000000e+00 |      --      |    Inf |  99.32%
 65.8s| 17500 |    47 |650481 |  34.6 |    61M |  24 | 348 |5067 | 366 |2069 |  1 |  40k|  20 | 0.000000e+00 |      --      |    Inf |  99.42%
 66.1s| 17600 |    31 |653371 |  34.6 |    61M |  24 | 348 |5118 |   0 |2082 |  0 |  40k|  20 | 0.000000e+00 |      --      |    Inf |  99.67%
 66.4s| 17700 |    20 |656995 |  34.6 |    61M |  24 | 348 |5127 | 366 |2092 |  1 |  40k|  20 | 0.000000e+00 |      --      |    Inf |  99.83%
 66.6s| 17800 |     4 |659587 |  34.5 |    61M |  24 | 348 |5181 |   0 |2094 |  0 |  40k|  20 | 0.000000e+00 |      --      |    Inf |  99.99%

SCIP Status        : problem is solved [infeasible]
Solving Time (sec) : 66.66
Solving Nodes      : 17812 (total of 19023 nodes in 2 runs)
Primal Bound       : +1.00000000000000e+20 (0 solutions)
Dual Bound         : +1.00000000000000e+20
Gap                : 0.00 %
SCIP Status        : problem is solved [infeasible]
Total Time         :      66.66
  solving          :      66.66
  presolving       :       0.19 (included in solving)
  reading          :       0.00
  copying          :       1.25 (103 #copies) (minimal 0.00, maximal 0.01, average 0.01)
Original Problem   :
  Problem name     : model
  Variables        : 378 (378 binary, 0 integer, 0 implicit integer, 0 continuous)
  Constraints      : 378 initial, 378 maximal
  Objective        : minimize, 0 non-zeros (abs.min = 1e+20, abs.max = -1e+20)
Presolved Problem  :
  Problem name     : t_model
  Variables        : 348 (348 binary, 0 integer, 0 implicit integer, 0 continuous)
  Constraints      : 3572 initial, 6613 maximal
  Objective        : minimize, 0 non-zeros (abs.min = 1e+20, abs.max = -1e+20)
  Nonzeros         : 69252 constraint, 1227 clique table
Presolvers         :   ExecTime  SetupTime  Calls  FixedVars   AggrVars   ChgTypes  ChgBounds   AddHoles    DelCons    AddCons   ChgSides   ChgCoefs
  boundshift       :       0.00       0.00      0          0          0          0          0          0          0          0          0          0
  convertinttobin  :       0.00       0.00      0          0          0          0          0          0          0          0          0          0
  domcol           :       0.00       0.00      4          0          0          0          0          0          0          0          0          0
  dualagg          :       0.00       0.00      0          0          0          0          0          0          0          0          0          0
  dualcomp         :       0.00       0.00      0          0          0          0          0          0          0          0          0          0
  dualinfer        :       0.00       0.00      0          0          0          0          0          0          0          0          0          0
  dualsparsify     :       0.00       0.00      1          0          0          0          0          0          0          0          0          0
  gateextraction   :       0.02       0.00      8          0          0          0          0          0         26         13          0          0
  implics          :       0.00       0.00     13          0          0          0          0          0          0          0          0          0
  inttobinary      :       0.00       0.00      0          0          0          0          0          0          0          0          0          0
  qpkktref         :       0.00       0.00      0          0          0          0          0          0          0          0          0          0
  redvub           :       0.00       0.00      0          0          0          0          0          0          0          0          0          0
  sparsify         :       0.00       0.00      2          0          0          0          0          0          0          0          0          0
  stuffing         :       0.00       0.00      0          0          0          0          0          0          0          0          0          0
  trivial          :       0.00       0.00     17         10          0          0          0          0          0          0          0          0
  tworowbnd        :       0.00       0.00      0          0          0          0          0          0          0          0          0          0
  dualfix          :       0.00       0.00     17          0          0          0          0          0          0          0          0          0
  genvbounds       :       0.00       0.00      0          0          0          0          0          0          0          0          0          0
  probing          :       0.02       0.00      3          0          8          0          0          0          0          0          0          0
  pseudoobj        :       0.00       0.00      1          0          0          0          0          0          0          0          0          0
  symmetry         :       0.00       0.00      1          2          0          0          0          0          0         45          0          0
  vbounds          :       0.00       0.00      3          0          0          0          0          0          0          0          0          0
  knapsack         :       0.00       0.00     23          0          0          0          0          0          0          0          0          0
  setppc           :       0.00       0.00     37          0          9          0          0          0         27          0          1          0
  linear           :       0.00       0.00     17          0          0          0          0          0         10          0          8          0
  orbisack         :       0.00       0.00      6          0          0          0          0          0          0          0          0          0
  orbitope         :       0.00       0.00     11          1          0          0          0          0          0          0          0          0
  symresack        :       0.00       0.00      6          0          0          0          0          0          0          0          0          0
  logicor          :       0.11       0.02     21          0          0          0          0          0        390          0          0        559
  benders          :       0.00       0.00      0          0          0          0          0          0          0          0          0          0
  components       :       0.01       0.00      2          0          0          0          0          0          0          0          0          0
  root node        :          -          -      -         12          -          -         12          -          -          -          -          -
Constraints        :     Number  MaxNumber  #Separate #Propagate    #EnfoLP    #EnfoRelax  #EnfoPS    #Check   #ResProp    Cutoffs    DomReds       Cuts    Applied      Conss   Children
  benderslp        :          0          0          0          0      11348          0          0        164          0          0          0          0          0          0          0
  integral         :          0          0          0          0      11348          0          0        164          0          0          0          0          0          0      22696
  knapsack         :         82+        95         11     176206          0          0          0          0     130334       1978     114704          0          0          0          0
  setppc           :        356+       399         23     175376          0          0          0        159     670537       4179     517571          3          0          0          0
  linear           :          6+       218         23     169671          0          0          0          0       7853        213       8774          1          1          0          0
  orbisack         :          3          3          0        120          0          0          0          0        128          8        102          0          0          0          0
  orbitope         :          2          2          0     170876          0          0          0          0       6253         20        762          0          0          0          0
  symresack        :         40         40          0      34977          0          0          0          0       2049        159       1582          0          0          0          0
  logicor          :       3083+      6075         23     133363          0          0          0          0     195712       2939     154184         15          6          0          0
  benders          :          0          0          0          0          0          0          0          0          0          0          0          0          0          0          0
  countsols        :          0          0          0          0          0          0          0          0          0          0          0          0          0          0          0
  components       :          0          0          0          0          0          0          0          0          0          0          0          0          0          0          0
Constraint Timings :  TotalTime  SetupTime   Separate  Propagate     EnfoLP     EnfoPS     EnfoRelax   Check    ResProp    SB-Prop
  benderslp        :       0.01       0.00       0.00       0.00       0.01       0.00       0.00       0.00       0.00       0.00
  integral         :       0.72       0.00       0.00       0.00       0.72       0.00       0.00       0.00       0.00       0.00
  knapsack         :       4.10       0.00       0.04       3.88       0.00       0.00       0.00       0.00       0.17       0.00
  setppc           :       4.02       0.00       0.00       3.73       0.00       0.00       0.00       0.00       0.28       0.00
  linear           :       0.28       0.00       0.00       0.25       0.00       0.00       0.00       0.00       0.02       0.00
  orbisack         :       0.01       0.00       0.00       0.01       0.00       0.00       0.00       0.00       0.00       0.00
  orbitope         :       0.66       0.00       0.00       0.56       0.00       0.00       0.00       0.00       0.09       0.00
  symresack        :       0.15       0.00       0.00       0.14       0.00       0.00       0.00       0.00       0.00       0.00
  logicor          :       5.24       0.02       0.01       5.02       0.00       0.00       0.00       0.00       0.18       0.00
  benders          :       0.00       0.00       0.00       0.00       0.00       0.00       0.00       0.00       0.00       0.00
  countsols        :       0.00       0.00       0.00       0.00       0.00       0.00       0.00       0.00       0.00       0.00
  components       :       0.01       0.00       0.00       0.01       0.00       0.00       0.00       0.00       0.00       0.00
Propagators        : #Propagate   #ResProp    Cutoffs    DomReds
  dualfix          :          3          0          0          0
  genvbounds       :          0          0          0          0
  nlobbt           :          0          0          0          0
  obbt             :          0          0          0          0
  probing          :          0          0          0          0
  pseudoobj        :          0          0          0          0
  redcost          :          0          0          0          0
  rootredcost      :          0          0          0          0
  symmetry         :          0          0          0          0
  vbounds          :     145227          0          0          0
Propagator Timings :  TotalTime  SetupTime   Presolve  Propagate    ResProp    SB-Prop
  dualfix          :       0.00       0.00       0.00       0.00       0.00       0.00
  genvbounds       :       0.02       0.00       0.00       0.02       0.00       0.00
  nlobbt           :       0.00       0.00       0.00       0.00       0.00       0.00
  obbt             :       0.00       0.00       0.00       0.00       0.00       0.00
  probing          :       0.02       0.00       0.02       0.00       0.00       0.00
  pseudoobj        :       0.02       0.00       0.00       0.02       0.00       0.00
  redcost          :       0.01       0.00       0.00       0.01       0.00       0.00
  rootredcost      :       0.01       0.00       0.00       0.01       0.00       0.00
  symmetry         :       0.02       0.00       0.00       0.02       0.00       0.00
  vbounds          :       0.40       0.00       0.00       0.40       0.00       0.00
Orbital fixing     :
  vars fixed to 0  :          0
  vars fixed to 1  :          0
Conflict Analysis  :       Time      Calls    Success    DomReds  Conflicts   Literals    Reconvs ReconvLits   Dualrays   Nonzeros   LP Iters   (pool size: [10000,10000])
  propagation      :       1.01       9328       9013          -      66541       26.5        592       12.5          -          -          -
  infeasible LP    :       1.26       4047       3725          -      29902       23.3        166       11.6       2409       34.9          0
  bound exceed. LP :       0.00          0          0          -          0        0.0          0        0.0          0        0.0          0
  strong branching :       0.00          0          0          -          0        0.0          0        0.0          -          -          0
  pseudo solution  :       0.00          0          0          -          0        0.0          0        0.0          -          -          -
  applied globally :       0.27          -          -          0      38016       17.3          -          -       2146          -          -
  applied locally  :          -          -          -          0        125       31.0          -          -        263          -          -
Separators         :   ExecTime  SetupTime      Calls  RootCalls    Cutoffs    DomReds  FoundCuts ViaPoolAdd  DirectAdd    Applied ViaPoolApp  DirectApp      Conss
  cut pool         :       2.18          -       2132         42          -          -      33124      12924          -          -          -          -          -    (maximal pool size:       3990)
  aggregation      :       1.43       0.00       1068         22          0          0          0          0          0          0          0          0          0
  > cmir           :          -          -          -          -          -          -          -          0          0          0          0          0          -
  > flowcover      :          -          -          -          -          -          -          -          0          0          0          0          0          -
  > knapsackcover  :          -          -          -          -          -          -          -          0          0          0          0          0          -
  cgmip            :       0.00       0.00          0          0          0          0          0          0          0          0          0          0          0
  clique           :       0.01       0.00         22         22          0          0          5          3          0          0          0          0          0
  closecuts        :       0.00       0.00          0          0          0          0          0          0          0          0          0          0          0
  convexproj       :       0.00       0.00          0          0          0          0          0          0          0          0          0          0          0
  disjunctive      :       0.00       0.00          0          0          0          0          0          0          0          0          0          0          0
  eccuts           :       0.00       0.00          0          0          0          0          0          0          0          0          0          0          0
  gauge            :       0.00       0.00          0          0          0          0          0          0          0          0          0          0          0
  gomory           :       4.10       0.00       1066         20          0          0      47414      12327      14612       1466       1080        386          0
  > gomorymi       :          -          -          -          -          -          -          -       2340       7306        317         97        220          -
  > strongcg       :          -          -          -          -          -          -          -       9987       7306       1149        983        166          -
  impliedbounds    :       0.03       0.00       1068         22          0          4         29        199          0        188        188          0          0
  interminor       :       0.00       0.00          0          0          0          0          0          0          0          0          0          0          0
  intobj           :       0.00       0.00          0          0          0          0          0          0          0          0          0          0          0
  mcf              :       0.00       0.00          2          2          0          0          0          0          0          0          0          0          0
  minor            :       0.00       0.00          0          0          0          0          0          0          0          0          0          0          0
  mixing           :       0.00       0.00          0          0          0          0          0          0          0          0          0          0          0
  oddcycle         :       0.00       0.00          0          0          0          0          0          0          0          0          0          0          0
  rapidlearning    :       6.37       0.00        100          2          0      13139          0          0          0          0          0          0        565
  rlt              :       0.00       0.00         20         20          0          0          0          0          0          0          0          0          0
  zerohalf         :       0.65       0.00       1068         22          0          0       1603        395       1315       1173        233        940          0
Cutselectors       :   ExecTime  SetupTime      Calls  RootCalls   Selected     Forced   Filtered  RootSelec   RootForc   RootFilt 
  hybrid           :       0.03       0.00       1078         22       2834          0      25812         60          0       1659
Pricers            :   ExecTime  SetupTime      Calls       Vars
  problem variables:       0.00          -          0          0
Branching Rules    :   ExecTime  SetupTime   BranchLP  BranchExt   BranchPS    Cutoffs    DomReds       Cuts      Conss   Children
  allfullstrong    :       0.00       0.00          0          0          0          0          0          0          0          0
  cloud            :       0.00       0.00          0          0          0          0          0          0          0          0
  distribution     :       0.00       0.00          0          0          0          0          0          0          0          0
  fullstrong       :       0.00       0.00          0          0          0          0          0          0          0          0
  inference        :       0.00       0.00          0          0          0          0          0          0          0          0
  leastinf         :       0.00       0.00          0          0          0          0          0          0          0          0
  lookahead        :       0.00       0.00          0          0          0          0          0          0          0          0
  mostinf          :       0.00       0.00          0          0          0          0          0          0          0          0
  multaggr         :       0.00       0.00          0          0          0          0          0          0          0          0
  nodereopt        :       0.00       0.00          0          0          0          0          0          0          0          0
  pscost           :       0.00       0.00          0          0          0          0          0          0          0          0
  random           :       0.00       0.00          0          0          0          0          0          0          0          0
  relpscost        :       0.70       0.00      11348          0          0          0          0          0          0      22696
  vanillafullstrong:       0.00       0.00          0          0          0          0          0          0          0          0
Primal Heuristics  :   ExecTime  SetupTime      Calls      Found       Best
  LP solutions     :       0.00          -          -          0          0
  relax solutions  :       0.00          -          -          0          0
  pseudo solutions :       0.00          -          -          0          0
  strong branching :       0.00          -          -          0          0
  actconsdiving    :       0.00       0.00          0          0          0
  adaptivediving   :       0.36       0.00         88          0          0
  alns             :       0.03       0.00          6          0          0
  bound            :       0.00       0.00          0          0          0
  clique           :       0.00       0.00          1          0          0
  coefdiving       :       0.00       0.00          0          0          0
  completesol      :       0.00       0.00          0          0          0
  conflictdiving   :       0.61       0.00        191          0          0
  crossover        :       0.01       0.00          0          0          0
  dins             :       0.00       0.00          0          0          0
  distributiondivin:       0.90       0.00        192          0          0
  dps              :       0.00       0.00          0          0          0
  dualval          :       0.00       0.00          0          0          0
  farkasdiving     :       0.00       0.00          0          0          0
  feaspump         :       0.54       0.00         43          0          0
  fixandinfer      :       0.00       0.00          0          0          0
  fracdiving       :       0.48       0.00        192          0          0
  gins             :       0.01       0.00          0          0          0
  guideddiving     :       0.00       0.00          0          0          0
  indicator        :       0.01       0.00          0          0          0
  intdiving        :       0.00       0.00          0          0          0
  intshifting      :       0.00       0.00          0          0          0
  linesearchdiving :       0.55       0.00        192          0          0
  localbranching   :       0.00       0.00          0          0          0
  locks            :       0.00       0.00          1          0          0
  lpface           :       0.02       0.00          0          0          0
  mpec             :       0.00       0.00          0          0          0
  multistart       :       0.00       0.00          0          0          0
  mutation         :       0.00       0.00          0          0          0
  nlpdiving        :       0.00       0.00          0          0          0
  objpscostdiving  :       0.25       0.00         15          0          0
  octane           :       0.00       0.00          0          0          0
  ofins            :       0.01       0.00          0          0          0
  oneopt           :       0.01       0.00          0          0          0
  padm             :       0.00       0.00          0          0          0
  proximity        :       0.00       0.00          0          0          0
  pscostdiving     :       0.53       0.00        192          0          0
  randrounding     :       0.06       0.00        180          0          0
  rens             :       0.01       0.00          1          0          0
  reoptsols        :       0.00       0.00          0          0          0
  repair           :       0.00       0.00          0          0          0
  rins             :       0.01       0.00          0          0          0
  rootsoldiving    :       0.30       0.00         17          0          0
  rounding         :       0.08       0.00       1545          0          0
  shiftandpropagate:       0.01       0.00          2          0          0
  shifting         :       0.06       0.00        525          0          0
  simplerounding   :       0.01       0.00          0          0          0
  subnlp           :       0.01       0.00          0          0          0
  trivial          :       0.00       0.00          2          0          0
  trivialnegation  :       0.00       0.00          0          0          0
  trustregion      :       0.00       0.00          0          0          0
  trysol           :       0.01       0.00          0          0          0
  twoopt           :       0.00       0.00          0          0          0
  undercover       :       0.00       0.00          0          0          0
  vbounds          :       0.00       0.00          2          0          0
  veclendiving     :       0.48       0.00        192          0          0
  zeroobj          :       0.00       0.00          0          0          0
  zirounding       :       0.02       0.00       1000          0          0
  other solutions  :          -          -          -          0          -
LP                 :       Time      Calls Iterations  Iter/call   Iter/sec  Time-0-It Calls-0-It    ItLimit
  primal LP        :       0.64        543          0       0.00       0.00       0.64        543
  dual LP          :      20.90      16291     616996      38.23   29517.84       0.05        152
  lex dual LP      :       0.00          0          0       0.00          -
  barrier LP       :       0.00          0          0       0.00          -       0.00          0
  resolve instable :       0.00          0          0       0.00          -
  diving/probing LP:       1.77       1381      43307      31.36   24467.54
  strong branching :       0.26         20       6533     326.65   24764.79          -          -          0
    (at root node) :          -         20       6533     326.65          -
  conflict analysis:       0.00          0          0       0.00          -
B&B Tree           :
  number of runs   :          2
  nodes            :      17812 (10541 internal, 7271 leaves)
  feasible leaves  :          0
  infeas. leaves   :       7271
  objective leaves :          0
  nodes (total)    :      19023 (11348 internal, 7675 leaves)
  nodes left       :          0
  max depth        :         24
  max depth (total):         24
  backtracks       :       6157 (34.6%)
  early backtracks :          0 (0.0%)
  nodes exc. ref.  :          0 (0.0%)
  delayed cutoffs  :       3268
  repropagations   :      15235 (291492 domain reductions, 2851 cutoffs)
  avg switch length:       4.86
  switching time   :       6.30
Root Node          :
  First LP value   : +0.00000000000000e+00
  First LP Iters   :        221 (63016.82 Iter/sec)
  First LP Time    :       0.00
  Final Dual Bound : +0.00000000000000e+00
  Final Root Iters :       3030
  Root LP Estimate : +8.51855395537241e-03
Solution           :
  Solutions found  :          0 (0 improvements)
  Primal Bound     : infeasible
  Dual Bound       :          -
  Gap              :       0.00 %
Integrals          :      Total       Avg%
  primal-dual      :          -          - (problem infeasible)
  primal-ref       :          -          - (problem infeasible)
  dual-ref         :          -          - (problem infeasible)
written solution information to file <results/final_flowersnark__settings_final_moresymresack_relabel_min__1__flowersnark21_3.cip.sol>
@04 1668037972
