FILENAME:   ../instances_new/flowersnark/flowersnark19_3.cip
SETTINGS:   settings_final_moresymresack_norelabel
TIMELIMIT:  7200
OUTPUTNAME: final_flowersnark__settings_final_moresymresack_norelabel__2__
BINNAME:    bin/sbcs.linux.x86_64.gnu.opt.cpx
BASENAME:   flowersnark19_3.cip
SEED:       2
@01 ../instances_new/flowersnark/flowersnark19_3.cip ===========
@02 flowersnark19_3.cip
@03 1668043235
SCIP version 8.0.2 [precision: 8 byte] [memory: block] [mode: optimized] [LP solver: CPLEX 20.1.0.0] [GitHash: 5f0473c]
Copyright (C) 2002-2022 Konrad-Zuse-Zentrum fuer Informationstechnik Berlin (ZIB)

Symretope propagation methods - (c) Jasper van Doornmalen, Christopher Hojny.
[GitHash: 8113d1c]

reading parameter file <../settings/settings_final_moresymresack_norelabel.set> ...

Changed settings:
limits/time = 7200
misc/usesymmetry = 1
randomization/randomseedshift = 2
constraints/orbisack/sepafreq = -1
constraints/symresack/sepafreq = -1
propagating/symmetry/addsymresacks = TRUE
propagating/symmetry/detectsubgroups = FALSE
propagating/symmetry/usesymretopes = FALSE
propagating/symmetry/relabelsymretopes = 0
propagating/symmetry/addmoresymresacks = TRUE
propagating/symmetry/ofsymcomptiming = 0
constraints/symretope/sepafreq = -1
constraints/symretope/peek = FALSE


solving problem ...

original problem has 342 variables (342 bin, 0 int, 0 impl, 0 cont) and 342 constraints
presolving:
(round 1, exhaustive) 0 del vars, 0 del conss, 0 add conss, 0 chg bounds, 0 chg sides, 0 chg coeffs, 342 upgd conss, 0 impls, 342 clqs
   (0.0s) probing: 51/342 (14.9%) - 0 fixings, 0 aggregations, 0 implications, 0 bound changes
   (0.0s) probing aborted: 50/50 successive totally useless probings
   (0.0s) symmetry computation started: requiring (bin +, int +, cont +), (fixed: bin -, int -, cont -)
   (0.0s) symmetry computation finished: 5 generators found (max: 1500, log10 of symmetry group size: 2.7)
(round 2, exhaustive) 7 del vars, 0 del conss, 41 add conss, 0 chg bounds, 0 chg sides, 0 chg coeffs, 342 upgd conss, 0 impls, 339 clqs
(round 3, fast)       16 del vars, 7 del conss, 41 add conss, 0 chg bounds, 0 chg sides, 0 chg coeffs, 342 upgd conss, 0 impls, 335 clqs
(round 4, medium)     22 del vars, 7 del conss, 41 add conss, 0 chg bounds, 0 chg sides, 0 chg coeffs, 342 upgd conss, 0 impls, 331 clqs
(round 5, fast)       31 del vars, 15 del conss, 41 add conss, 0 chg bounds, 0 chg sides, 0 chg coeffs, 342 upgd conss, 0 impls, 327 clqs
   (0.0s) probing cycle finished: starting next cycle
(round 6, exhaustive) 40 del vars, 15 del conss, 41 add conss, 0 chg bounds, 0 chg sides, 0 chg coeffs, 342 upgd conss, 0 impls, 469 clqs
(round 7, fast)       40 del vars, 27 del conss, 41 add conss, 0 chg bounds, 0 chg sides, 0 chg coeffs, 342 upgd conss, 0 impls, 469 clqs
   (0.0s) probing: 68/317 (21.5%) - 0 fixings, 9 aggregations, 162 implications, 0 bound changes
   (0.0s) probing aborted: 50/50 successive totally useless probings
presolving (8 rounds: 8 fast, 5 medium, 4 exhaustive):
 40 deleted vars, 27 deleted constraints, 41 added constraints, 0 tightened bounds, 0 added holes, 0 changed sides, 0 changed coefficients
 0 implications, 469 cliques
presolved problem has 312 variables (312 bin, 0 int, 0 impl, 0 cont) and 356 constraints
    315 constraints of type <setppc>
      3 constraints of type <orbisack>
      2 constraints of type <orbitope>
     36 constraints of type <symresack>
transformed objective value is always integral (scale: 1)
Presolving Time: 0.03

 time | node  | left  |LP iter|LP it/n|mem/heur|mdpt |vars |cons |rows |cuts |sepa|confs|strbr|  dualbound   | primalbound  |  gap   | compl. 
  0.0s|     1 |     0 |   203 |     - |  6734k |   0 | 312 | 405 | 315 |   0 |  0 |  48 |   0 | 0.000000e+00 |      --      |    Inf | unknown
  0.1s|     1 |     0 |   439 |     - |  6834k |   0 | 312 | 606 | 317 |   2 |  1 |  49 |   0 | 0.000000e+00 |      --      |    Inf | unknown
  0.1s|     1 |     0 |   514 |     - |  7524k |   0 | 312 | 607 | 319 |   4 |  2 |  50 |   0 | 0.000000e+00 |      --      |    Inf | unknown
  0.1s|     1 |     0 |   521 |     - |  7674k |   0 | 312 | 610 | 321 |   6 |  3 |  53 |   0 | 0.000000e+00 |      --      |    Inf | unknown
  0.1s|     1 |     0 |   599 |     - |  8054k |   0 | 312 | 613 | 323 |   8 |  4 |  56 |   0 | 0.000000e+00 |      --      |    Inf | unknown
  0.1s|     1 |     0 |   639 |     - |  8470k |   0 | 312 | 614 | 324 |   9 |  5 |  57 |   0 | 0.000000e+00 |      --      |    Inf | unknown
  0.2s|     1 |     0 |   658 |     - |  8770k |   0 | 312 | 615 | 326 |  11 |  6 |  58 |   0 | 0.000000e+00 |      --      |    Inf | unknown
  0.2s|     1 |     0 |   686 |     - |  8806k |   0 | 312 | 618 | 328 |  13 |  7 |  61 |   0 | 0.000000e+00 |      --      |    Inf | unknown
  0.2s|     1 |     0 |   704 |     - |  8933k |   0 | 312 | 620 | 329 |  14 |  8 |  63 |   0 | 0.000000e+00 |      --      |    Inf | unknown
  0.2s|     1 |     0 |   743 |     - |  9066k |   0 | 312 | 622 | 332 |  17 |  9 |  65 |   0 | 0.000000e+00 |      --      |    Inf | unknown
  0.2s|     1 |     0 |   826 |     - |  9372k |   0 | 312 | 623 | 334 |  19 | 10 |  66 |   0 | 0.000000e+00 |      --      |    Inf | unknown
  0.2s|     1 |     0 |   865 |     - |  9413k |   0 | 312 | 624 | 333 |  20 | 11 |  67 |   0 | 0.000000e+00 |      --      |    Inf | unknown
  0.2s|     1 |     0 |   868 |     - |  9448k |   0 | 312 | 625 | 335 |  22 | 12 |  68 |   0 | 0.000000e+00 |      --      |    Inf | unknown
  0.2s|     1 |     2 |   969 |     - |  9478k |   0 | 312 | 639 | 335 |  22 | 12 |  82 |  10 | 0.000000e+00 |      --      |    Inf | unknown
  0.6s|   100 |    45 |  5495 |  47.0 |    10M |  17 | 312 |1095 | 319 |  42 |  0 | 539 |  10 | 0.000000e+00 |      --      |    Inf |   7.14%
 time | node  | left  |LP iter|LP it/n|mem/heur|mdpt |vars |cons |rows |cuts |sepa|confs|strbr|  dualbound   | primalbound  |  gap   | compl. 
  0.9s|   200 |    78 | 11797 |  55.0 |    12M |  18 | 312 |1471 | 318 |  62 |  1 | 915 |  10 | 0.000000e+00 |      --      |    Inf |   7.29%
  1.1s|   300 |    94 | 14990 |  47.3 |    14M |  20 | 312 |1838 | 318 |  76 |  1 |1282 |  10 | 0.000000e+00 |      --      |    Inf |   7.99%
  1.3s|   400 |    99 | 18748 |  44.9 |    15M |  20 | 312 |2101 | 320 |  91 |  1 |1545 |  10 | 0.000000e+00 |      --      |    Inf |   8.87%
  2.3s|   500 |   154 | 25364 |  49.1 |    16M |  20 | 312 |2278 | 321 | 136 |  1 |1723 |  10 | 0.000000e+00 |      --      |    Inf |  16.54%
  2.6s|   600 |   159 | 29685 |  48.1 |    20M |  20 | 312 |2460 | 324 | 178 |  2 |1907 |  10 | 0.000000e+00 |      --      |    Inf |  17.34%
  2.8s|   700 |   177 | 32138 |  44.8 |    20M |  20 | 312 |2673 | 319 | 193 |  0 |2124 |  10 | 0.000000e+00 |      --      |    Inf |  17.86%
  3.1s|   800 |   203 | 37385 |  45.7 |    21M |  20 | 312 |2975 | 322 | 229 |  1 |2429 |  10 | 0.000000e+00 |      --      |    Inf |  18.37%
  3.3s|   900 |   226 | 41449 |  45.2 |    21M |  20 | 312 |3170 |   0 | 246 |  0 |2637 |  10 | 0.000000e+00 |      --      |    Inf |  18.42%
  3.8s|  1000 |   263 | 46163 |  45.4 |    21M |  20 | 312 |3339 | 320 | 281 |  1 |2899 |  10 | 0.000000e+00 |      --      |    Inf |  18.98%
  4.4s|  1100 |   289 | 52225 |  46.8 |    21M |  20 | 312 |3404 | 319 | 349 |  1 |3097 |  10 | 0.000000e+00 |      --      |    Inf |  20.33%
  4.7s|  1200 |   278 | 55606 |  45.7 |    21M |  20 | 312 |3345 | 321 | 381 |  1 |3324 |  10 | 0.000000e+00 |      --      |    Inf |  21.67%
  4.9s|  1300 |   276 | 59075 |  44.8 |    21M |  20 | 312 |3159 |   0 | 400 |  0 |3554 |  10 | 0.000000e+00 |      --      |    Inf |  22.04%
  5.7s|  1400 |   340 | 64598 |  45.6 |    22M |  20 | 312 |3151 | 320 | 469 |  1 |3875 |  10 | 0.000000e+00 |      --      |    Inf |  22.67%
  6.0s|  1500 |   359 | 67540 |  44.5 |    22M |  20 | 312 |3025 |   0 | 483 |  0 |4279 |  10 | 0.000000e+00 |      --      |    Inf |  23.86%
  6.2s|  1600 |   377 | 71416 |  44.1 |    22M |  20 | 312 |2823 | 321 | 509 |  1 |4549 |  10 | 0.000000e+00 |      --      |    Inf |  24.43%
 time | node  | left  |LP iter|LP it/n|mem/heur|mdpt |vars |cons |rows |cuts |sepa|confs|strbr|  dualbound   | primalbound  |  gap   | compl. 
  6.4s|  1700 |   357 | 74010 |  43.1 |    22M |  20 | 312 |2680 | 321 | 514 |  1 |4742 |  10 | 0.000000e+00 |      --      |    Inf |  25.11%
  6.8s|  1800 |   373 | 77702 |  42.7 |    24M |  20 | 312 |2698 | 321 | 563 |  0 |4944 |  10 | 0.000000e+00 |      --      |    Inf |  26.02%
  7.1s|  1900 |   364 | 80725 |  42.1 |    24M |  20 | 312 |2713 | 319 | 599 |  0 |5188 |  10 | 0.000000e+00 |      --      |    Inf |  26.73%
  7.3s|  2000 |   366 | 84112 |  41.7 |    24M |  20 | 312 |2672 | 321 | 638 |  1 |5415 |  10 | 0.000000e+00 |      --      |    Inf |  27.53%
  7.5s|  2100 |   370 | 86296 |  40.7 |    24M |  20 | 312 |2697 | 319 | 638 |  1 |5638 |  10 | 0.000000e+00 |      --      |    Inf |  27.81%
  7.9s|  2200 |   365 | 90866 |  40.9 |    24M |  20 | 312 |2601 | 321 | 673 |  1 |5854 |  10 | 0.000000e+00 |      --      |    Inf |  29.96%
  8.1s|  2300 |   372 | 93820 |  40.4 |    24M |  20 | 312 |2708 | 319 | 676 |  1 |6076 |  10 | 0.000000e+00 |      --      |    Inf |  30.18%
  8.3s|  2400 |   391 | 96715 |  40.0 |    24M |  20 | 312 |2756 | 320 | 693 |  1 |6296 |  10 | 0.000000e+00 |      --      |    Inf |  30.31%
  8.7s|  2500 |   398 |100417 |  39.8 |    24M |  20 | 312 |2779 | 320 | 698 |  1 |6505 |  10 | 0.000000e+00 |      --      |    Inf |  30.59%
  8.9s|  2600 |   396 |103052 |  39.3 |    24M |  20 | 312 |2810 |   0 | 706 |  0 |6718 |  10 | 0.000000e+00 |      --      |    Inf |  31.26%
  9.4s|  2700 |   400 |106610 |  39.2 |    24M |  20 | 312 |2902 |   0 | 720 |  0 |6949 |  10 | 0.000000e+00 |      --      |    Inf |  31.71%
  9.9s|  2800 |   423 |110964 |  39.3 |    24M |  20 | 312 |2996 | 318 | 735 |  0 |7215 |  10 | 0.000000e+00 |      --      |    Inf |  32.18%
 10.1s|  2900 |   469 |114794 |  39.3 |    25M |  20 | 312 |3074 | 321 | 756 |  1 |7452 |  10 | 0.000000e+00 |      --      |    Inf |  32.51%
 10.3s|  3000 |   486 |117468 |  38.9 |    25M |  20 | 312 |3223 | 321 | 761 |  1 |7724 |  10 | 0.000000e+00 |      --      |    Inf |  32.63%
 10.5s|  3100 |   490 |120433 |  38.6 |    26M |  20 | 312 |3278 | 320 | 765 |  0 |7895 |  10 | 0.000000e+00 |      --      |    Inf |  32.77%
 time | node  | left  |LP iter|LP it/n|mem/heur|mdpt |vars |cons |rows |cuts |sepa|confs|strbr|  dualbound   | primalbound  |  gap   | compl. 
 10.7s|  3200 |   484 |122816 |  38.1 |    26M |  20 | 312 |3341 | 321 | 767 |  1 |8091 |  10 | 0.000000e+00 |      --      |    Inf |  32.89%
 10.8s|  3300 |   475 |125016 |  37.6 |    26M |  20 | 312 |3402 | 320 | 767 |  1 |8359 |  10 | 0.000000e+00 |      --      |    Inf |  33.08%
 11.1s|  3400 |   467 |127184 |  37.2 |    26M |  20 | 312 |3424 | 321 | 771 |  1 |8600 |  10 | 0.000000e+00 |      --      |    Inf |  33.49%
 11.2s|  3500 |   455 |129377 |  36.7 |    26M |  20 | 312 |3436 | 319 | 773 |  1 |8825 |  10 | 0.000000e+00 |      --      |    Inf |  33.70%
 11.5s|  3600 |   485 |134356 |  37.1 |    27M |  20 | 312 |3460 | 322 | 784 |  1 |9038 |  10 | 0.000000e+00 |      --      |    Inf |  34.39%
 11.8s|  3700 |   482 |137629 |  37.0 |    27M |  20 | 312 |3576 | 319 | 784 |  1 |9311 |  10 | 0.000000e+00 |      --      |    Inf |  34.44%
 12.2s|  3800 |   490 |142540 |  37.3 |    27M |  20 | 312 |3522 | 318 | 813 |  1 |9428 |  10 | 0.000000e+00 |      --      |    Inf |  35.87%
 12.5s|  3900 |   479 |146127 |  37.3 |    27M |  20 | 312 |3440 |   0 | 840 |  0 |9608 |  10 | 0.000000e+00 |      --      |    Inf |  36.72%
 12.9s|  4000 |   490 |149301 |  37.1 |    27M |  20 | 312 |3338 | 318 | 863 |  1 |9819 |  10 | 0.000000e+00 |      --      |    Inf |  37.91%
 13.2s|  4100 |   486 |152595 |  37.0 |    27M |  20 | 312 |3340 |   0 | 908 |  0 |9989 |  10 | 0.000000e+00 |      --      |    Inf |  39.23%
 13.6s|  4200 |   489 |156880 |  37.2 |    27M |  20 | 312 |3264 | 322 | 918 |  0 |  10k|  10 | 0.000000e+00 |      --      |    Inf |  40.77%
 14.2s|  4300 |   525 |162829 |  37.7 |    27M |  20 | 312 |3244 | 322 | 963 |  1 |  10k|  10 | 0.000000e+00 |      --      |    Inf |  42.62%
 14.4s|  4400 |   521 |167517 |  37.9 |    28M |  20 | 312 |3250 | 320 | 967 |  1 |  10k|  10 | 0.000000e+00 |      --      |    Inf |  44.94%
 14.6s|  4500 |   519 |170041 |  37.6 |    28M |  20 | 312 |3294 |   0 | 967 |  0 |  10k|  10 | 0.000000e+00 |      --      |    Inf |  45.13%
 14.9s|  4600 |   536 |173285 |  37.5 |    28M |  20 | 312 |3320 |   0 | 977 |  0 |  10k|  10 | 0.000000e+00 |      --      |    Inf |  45.41%
 time | node  | left  |LP iter|LP it/n|mem/heur|mdpt |vars |cons |rows |cuts |sepa|confs|strbr|  dualbound   | primalbound  |  gap   | compl. 
 15.2s|  4700 |   534 |176858 |  37.5 |    28M |  20 | 312 |3263 | 319 |1007 |  1 |  11k|  10 | 0.000000e+00 |      --      |    Inf |  45.86%
 15.5s|  4800 |   511 |179376 |  37.2 |    28M |  20 | 312 |3177 | 321 |1010 |  3 |  11k|  10 | 0.000000e+00 |      --      |    Inf |  46.35%
 15.8s|  4900 |   514 |182364 |  37.1 |    28M |  20 | 312 |3230 | 321 |1035 |  0 |  11k|  10 | 0.000000e+00 |      --      |    Inf |  46.69%
 16.0s|  5000 |   528 |186278 |  37.1 |    28M |  20 | 312 |3377 | 320 |1039 |  0 |  11k|  10 | 0.000000e+00 |      --      |    Inf |  47.30%
 16.1s|  5100 |   521 |188731 |  36.8 |    28M |  20 | 312 |3476 | 321 |1039 |  1 |  12k|  10 | 0.000000e+00 |      --      |    Inf |  48.33%
 16.3s|  5200 |   518 |190994 |  36.6 |    28M |  20 | 312 |3500 | 321 |1039 |  0 |  12k|  10 | 0.000000e+00 |      --      |    Inf |  48.42%
 16.5s|  5300 |   515 |193690 |  36.4 |    28M |  20 | 312 |3538 |   0 |1058 |  0 |  12k|  10 | 0.000000e+00 |      --      |    Inf |  48.75%
 16.7s|  5400 |   488 |196082 |  36.2 |    28M |  20 | 312 |3478 | 320 |1067 |  1 |  12k|  10 | 0.000000e+00 |      --      |    Inf |  49.68%
 16.9s|  5500 |   502 |199870 |  36.2 |    28M |  20 | 312 |3495 | 320 |1078 |  1 |  12k|  10 | 0.000000e+00 |      --      |    Inf |  49.84%
 17.2s|  5600 |   517 |204698 |  36.4 |    28M |  20 | 312 |3531 | 322 |1086 |  0 |  12k|  10 | 0.000000e+00 |      --      |    Inf |  49.90%
 17.4s|  5700 |   528 |209209 |  36.6 |    28M |  20 | 312 |3567 | 322 |1086 |  1 |  13k|  10 | 0.000000e+00 |      --      |    Inf |  49.96%
 17.6s|  5800 |   521 |211908 |  36.4 |    28M |  20 | 312 |3627 | 321 |1088 |  1 |  13k|  10 | 0.000000e+00 |      --      |    Inf |  50.29%
 17.8s|  5900 |   510 |214247 |  36.2 |    28M |  20 | 312 |3641 |   0 |1088 |  0 |  13k|  10 | 0.000000e+00 |      --      |    Inf |  50.45%
 18.1s|  6000 |   507 |217561 |  36.1 |    28M |  20 | 312 |3599 | 322 |1131 |  1 |  13k|  10 | 0.000000e+00 |      --      |    Inf |  57.68%
 18.2s|  6100 |   506 |220769 |  36.1 |    28M |  20 | 312 |3713 | 322 |1131 |  1 |  13k|  10 | 0.000000e+00 |      --      |    Inf |  57.79%
 time | node  | left  |LP iter|LP it/n|mem/heur|mdpt |vars |cons |rows |cuts |sepa|confs|strbr|  dualbound   | primalbound  |  gap   | compl. 
 18.7s|  6200 |   500 |223673 |  35.9 |    28M |  20 | 312 |3715 | 325 |1140 |  1 |  14k|  10 | 0.000000e+00 |      --      |    Inf |  61.15%
 18.9s|  6300 |   487 |226071 |  35.8 |    28M |  20 | 312 |3600 | 322 |1145 |  1 |  14k|  10 | 0.000000e+00 |      --      |    Inf |  61.44%
 19.0s|  6400 |   495 |228213 |  35.5 |    28M |  20 | 312 |3687 | 322 |1151 |  1 |  14k|  10 | 0.000000e+00 |      --      |    Inf |  61.51%
 19.2s|  6500 |   498 |231095 |  35.4 |    29M |  20 | 312 |3782 | 321 |1181 |  1 |  14k|  10 | 0.000000e+00 |      --      |    Inf |  62.04%
 19.4s|  6600 |   482 |233637 |  35.3 |    29M |  20 | 312 |3772 |   0 |1181 |  0 |  14k|  10 | 0.000000e+00 |      --      |    Inf |  62.32%
 19.6s|  6700 |   477 |237353 |  35.3 |    29M |  20 | 312 |3768 | 320 |1198 |  1 |  15k|  10 | 0.000000e+00 |      --      |    Inf |  62.70%
 19.9s|  6800 |   459 |239864 |  35.2 |    29M |  20 | 312 |3758 |   0 |1199 |  0 |  15k|  10 | 0.000000e+00 |      --      |    Inf |  64.11%
 20.1s|  6900 |   455 |243390 |  35.2 |    29M |  20 | 312 |3752 |   0 |1231 |  0 |  15k|  10 | 0.000000e+00 |      --      |    Inf |  64.95%
 20.5s|  7000 |   445 |246461 |  35.1 |    29M |  20 | 312 |3745 | 325 |1246 |  2 |  15k|  10 | 0.000000e+00 |      --      |    Inf |  66.08%
 21.0s|  7100 |   465 |251918 |  35.4 |    29M |  20 | 312 |3741 | 326 |1310 |  3 |  15k|  10 | 0.000000e+00 |      --      |    Inf |  66.96%
 21.2s|  7200 |   462 |255156 |  35.3 |    29M |  20 | 312 |3781 | 320 |1346 |  1 |  15k|  10 | 0.000000e+00 |      --      |    Inf |  67.49%
 21.5s|  7300 |   464 |257473 |  35.2 |    29M |  20 | 312 |3826 | 321 |1346 |  1 |  16k|  10 | 0.000000e+00 |      --      |    Inf |  67.81%
 21.7s|  7400 |   464 |260315 |  35.1 |    29M |  20 | 312 |3869 |   0 |1358 |  0 |  16k|  10 | 0.000000e+00 |      --      |    Inf |  68.19%
 21.9s|  7500 |   447 |262847 |  34.9 |    29M |  20 | 312 |3835 | 320 |1369 |  0 |  16k|  10 | 0.000000e+00 |      --      |    Inf |  68.48%
 22.1s|  7600 |   451 |265980 |  34.9 |    29M |  20 | 312 |3671 | 321 |1381 |  0 |  16k|  10 | 0.000000e+00 |      --      |    Inf |  68.72%
 time | node  | left  |LP iter|LP it/n|mem/heur|mdpt |vars |cons |rows |cuts |sepa|confs|strbr|  dualbound   | primalbound  |  gap   | compl. 
 22.3s|  7700 |   436 |268836 |  34.8 |    29M |  20 | 312 |3716 | 321 |1381 |  1 |  17k|  10 | 0.000000e+00 |      --      |    Inf |  68.99%
 22.5s|  7800 |   431 |271906 |  34.8 |    29M |  20 | 312 |3729 | 320 |1394 |  1 |  17k|  10 | 0.000000e+00 |      --      |    Inf |  69.29%
 22.7s|  7900 |   435 |274977 |  34.7 |    29M |  20 | 312 |3748 | 320 |1422 |  1 |  17k|  10 | 0.000000e+00 |      --      |    Inf |  70.57%
 22.9s|  8000 |   425 |278078 |  34.7 |    29M |  20 | 312 |3794 | 320 |1426 |  0 |  17k|  10 | 0.000000e+00 |      --      |    Inf |  70.71%
 23.2s|  8100 |   413 |281568 |  34.7 |    29M |  20 | 312 |3731 | 320 |1450 |  0 |  17k|  10 | 0.000000e+00 |      --      |    Inf |  71.24%
 23.4s|  8200 |   407 |285135 |  34.7 |    29M |  20 | 312 |3706 | 320 |1455 |  1 |  18k|  10 | 0.000000e+00 |      --      |    Inf |  71.56%
 23.6s|  8300 |   406 |288279 |  34.6 |    29M |  20 | 312 |3761 |   0 |1460 |  0 |  18k|  10 | 0.000000e+00 |      --      |    Inf |  71.70%
 23.8s|  8400 |   401 |290905 |  34.5 |    29M |  20 | 312 |3763 | 318 |1478 |  0 |  18k|  10 | 0.000000e+00 |      --      |    Inf |  72.09%
 24.0s|  8500 |   396 |293717 |  34.5 |    30M |  20 | 312 |3884 |   0 |1495 |  0 |  18k|  10 | 0.000000e+00 |      --      |    Inf |  72.40%
 24.2s|  8600 |   390 |296835 |  34.4 |    30M |  20 | 312 |3830 | 322 |1511 |  0 |  18k|  10 | 0.000000e+00 |      --      |    Inf |  72.66%
 24.4s|  8700 |   393 |301024 |  34.5 |    30M |  20 | 312 |3905 | 322 |1523 |  1 |  19k|  10 | 0.000000e+00 |      --      |    Inf |  72.81%
 24.6s|  8800 |   391 |304654 |  34.5 |    30M |  20 | 312 |4047 | 318 |1523 |  1 |  19k|  10 | 0.000000e+00 |      --      |    Inf |  72.89%
 24.8s|  8900 |   395 |308535 |  34.6 |    30M |  20 | 312 |4111 |   0 |1531 |  0 |  19k|  10 | 0.000000e+00 |      --      |    Inf |  73.08%
 25.1s|  9000 |   386 |311653 |  34.5 |    30M |  20 | 312 |4264 | 320 |1543 |  1 |  19k|  10 | 0.000000e+00 |      --      |    Inf |  73.37%
 25.4s|  9100 |   374 |314946 |  34.5 |    30M |  20 | 312 |4180 | 322 |1550 |  0 |  20k|  10 | 0.000000e+00 |      --      |    Inf |  73.47%
 time | node  | left  |LP iter|LP it/n|mem/heur|mdpt |vars |cons |rows |cuts |sepa|confs|strbr|  dualbound   | primalbound  |  gap   | compl. 
 25.6s|  9200 |   393 |318084 |  34.5 |    30M |  20 | 312 |4290 |   0 |1567 |  0 |  20k|  10 | 0.000000e+00 |      --      |    Inf |  73.56%
 25.8s|  9300 |   374 |320097 |  34.3 |    30M |  20 | 312 |4405 |   0 |1567 |  0 |  20k|  10 | 0.000000e+00 |      --      |    Inf |  73.78%
 26.0s|  9400 |   373 |323948 |  34.4 |    30M |  20 | 312 |4421 | 320 |1587 |  1 |  20k|  10 | 0.000000e+00 |      --      |    Inf |  74.09%
 26.3s|  9500 |   366 |326842 |  34.3 |    30M |  20 | 312 |4417 | 322 |1600 |  1 |  20k|  10 | 0.000000e+00 |      --      |    Inf |  74.32%
 26.5s|  9600 |   354 |330761 |  34.4 |    30M |  20 | 312 |4442 | 323 |1618 |  0 |  21k|  10 | 0.000000e+00 |      --      |    Inf |  74.54%
 26.8s|  9700 |   361 |334205 |  34.4 |    30M |  20 | 312 |4456 | 320 |1624 |  1 |  21k|  10 | 0.000000e+00 |      --      |    Inf |  74.67%
 27.1s|  9800 |   364 |337622 |  34.4 |    30M |  20 | 312 |4485 | 323 |1676 |  0 |  21k|  10 | 0.000000e+00 |      --      |    Inf |  74.97%
 27.3s|  9900 |   355 |340404 |  34.3 |    30M |  20 | 312 |4558 | 321 |1701 |  1 |  21k|  10 | 0.000000e+00 |      --      |    Inf |  75.45%
 27.8s| 10000 |   339 |344015 |  34.3 |    30M |  20 | 312 |4500 |   0 |1714 |  0 |  21k|  10 | 0.000000e+00 |      --      |    Inf |  76.42%
 28.1s| 10100 |   337 |347247 |  34.3 |    30M |  20 | 312 |4462 | 322 |1721 |  1 |  22k|  10 | 0.000000e+00 |      --      |    Inf |  79.76%
 28.4s| 10200 |   328 |350494 |  34.3 |    30M |  20 | 312 |4324 | 320 |1734 |  1 |  22k|  10 | 0.000000e+00 |      --      |    Inf |  80.09%
 28.8s| 10300 |   310 |353327 |  34.2 |    30M |  20 | 312 |4344 | 320 |1737 |  0 |  22k|  10 | 0.000000e+00 |      --      |    Inf |  80.25%
 29.0s| 10400 |   290 |356260 |  34.2 |    30M |  20 | 312 |4345 | 325 |1768 |  0 |  22k|  10 | 0.000000e+00 |      --      |    Inf |  81.02%
 29.3s| 10500 |   283 |359658 |  34.2 |    30M |  20 | 312 |4440 | 319 |1781 |  1 |  22k|  10 | 0.000000e+00 |      --      |    Inf |  81.25%
 29.8s| 10600 |   280 |365099 |  34.4 |    30M |  20 | 312 |4477 | 320 |1830 |  1 |  23k|  10 | 0.000000e+00 |      --      |    Inf |  82.19%
 time | node  | left  |LP iter|LP it/n|mem/heur|mdpt |vars |cons |rows |cuts |sepa|confs|strbr|  dualbound   | primalbound  |  gap   | compl. 
 30.1s| 10700 |   273 |368355 |  34.3 |    31M |  20 | 312 |4620 |   0 |1866 |  0 |  23k|  10 | 0.000000e+00 |      --      |    Inf |  82.93%
 30.4s| 10800 |   275 |372680 |  34.4 |    31M |  20 | 312 |4660 | 320 |1894 |  1 |  23k|  10 | 0.000000e+00 |      --      |    Inf |  83.94%
 30.7s| 10900 |   252 |375456 |  34.4 |    31M |  20 | 312 |4668 |   0 |1898 |  0 |  23k|  10 | 0.000000e+00 |      --      |    Inf |  84.14%
 30.9s| 11000 |   234 |377929 |  34.3 |    31M |  20 | 312 |4661 | 322 |1898 |  1 |  24k|  10 | 0.000000e+00 |      --      |    Inf |  84.38%
 31.2s| 11100 |   214 |380548 |  34.2 |    31M |  20 | 312 |4686 | 320 |1898 |  1 |  24k|  10 | 0.000000e+00 |      --      |    Inf |  84.59%
 31.4s| 11200 |   183 |384028 |  34.2 |    31M |  20 | 312 |4579 | 324 |1927 |  1 |  24k|  10 | 0.000000e+00 |      --      |    Inf |  85.29%
 31.7s| 11300 |   187 |387490 |  34.2 |    31M |  20 | 312 |4564 | 318 |1937 |  1 |  24k|  10 | 0.000000e+00 |      --      |    Inf |  85.66%
 32.0s| 11400 |   205 |392165 |  34.3 |    32M |  20 | 312 |4772 | 321 |1965 |  0 |  24k|  10 | 0.000000e+00 |      --      |    Inf |  85.91%
 32.2s| 11500 |   195 |396025 |  34.4 |    32M |  20 | 312 |4883 |   0 |1965 |  0 |  25k|  10 | 0.000000e+00 |      --      |    Inf |  86.04%
 32.6s| 11600 |   172 |398333 |  34.3 |    32M |  20 | 312 |4843 | 319 |1977 |  1 |  25k|  10 | 0.000000e+00 |      --      |    Inf |  86.54%
 32.9s| 11700 |   161 |400935 |  34.2 |    32M |  20 | 312 |4816 | 321 |1985 |  0 |  25k|  10 | 0.000000e+00 |      --      |    Inf |  86.67%
 33.1s| 11800 |   153 |403993 |  34.2 |    32M |  20 | 312 |4799 | 318 |1989 |  1 |  25k|  10 | 0.000000e+00 |      --      |    Inf |  86.94%
 33.4s| 11900 |   169 |409008 |  34.3 |    32M |  20 | 312 |4759 | 322 |2041 |  1 |  25k|  10 | 0.000000e+00 |      --      |    Inf |  87.53%
 33.7s| 12000 |   160 |413865 |  34.4 |    32M |  20 | 312 |4810 | 321 |2066 |  0 |  26k|  10 | 0.000000e+00 |      --      |    Inf |  88.14%
 33.9s| 12100 |   146 |416768 |  34.4 |    32M |  20 | 312 |4838 | 324 |2066 |  1 |  26k|  10 | 0.000000e+00 |      --      |    Inf |  88.54%
 time | node  | left  |LP iter|LP it/n|mem/heur|mdpt |vars |cons |rows |cuts |sepa|confs|strbr|  dualbound   | primalbound  |  gap   | compl. 
 34.2s| 12200 |   139 |419479 |  34.3 |    32M |  20 | 312 |4777 |   0 |2093 |  0 |  26k|  10 | 0.000000e+00 |      --      |    Inf |  89.34%
 34.4s| 12300 |   124 |421996 |  34.2 |    32M |  20 | 312 |4720 | 322 |2093 |  1 |  26k|  10 | 0.000000e+00 |      --      |    Inf |  90.67%
 34.7s| 12400 |   106 |425699 |  34.3 |    32M |  20 | 312 |4569 | 322 |2139 |  0 |  26k|  10 | 0.000000e+00 |      --      |    Inf |  92.08%
 35.0s| 12500 |   111 |429903 |  34.3 |    32M |  20 | 312 |4523 |   0 |2161 |  0 |  27k|  10 | 0.000000e+00 |      --      |    Inf |  92.58%
 35.2s| 12600 |   128 |433978 |  34.4 |    32M |  20 | 312 |4771 | 322 |2168 |  1 |  27k|  10 | 0.000000e+00 |      --      |    Inf |  92.66%
 35.5s| 12700 |   111 |437631 |  34.4 |    32M |  20 | 312 |4833 |   0 |2192 |  0 |  27k|  10 | 0.000000e+00 |      --      |    Inf |  94.04%
 35.8s| 12800 |   108 |441022 |  34.4 |    32M |  20 | 312 |4889 | 320 |2209 |  0 |  27k|  10 | 0.000000e+00 |      --      |    Inf |  94.54%
 36.1s| 12900 |   118 |444667 |  34.4 |    32M |  20 | 312 |4976 |   0 |2256 |  0 |  28k|  10 | 0.000000e+00 |      --      |    Inf |  94.92%
 36.4s| 13000 |   103 |448283 |  34.4 |    32M |  20 | 312 |4898 | 323 |2273 |  0 |  28k|  10 | 0.000000e+00 |      --      |    Inf |  95.45%
 36.6s| 13100 |    90 |451312 |  34.4 |    32M |  20 | 312 |4926 | 321 |2273 |  0 |  28k|  10 | 0.000000e+00 |      --      |    Inf |  95.72%
 36.9s| 13200 |    68 |454493 |  34.4 |    32M |  20 | 312 |4873 | 324 |2296 |  0 |  28k|  10 | 0.000000e+00 |      --      |    Inf |  96.51%
 37.2s| 13300 |    47 |458819 |  34.4 |    32M |  20 | 312 |4928 | 321 |2335 |  1 |  29k|  10 | 0.000000e+00 |      --      |    Inf |  97.34%
 37.5s| 13400 |    46 |462613 |  34.5 |    32M |  20 | 312 |4929 | 325 |2352 |  1 |  29k|  10 | 0.000000e+00 |      --      |    Inf |  97.77%
 37.7s| 13500 |    37 |466407 |  34.5 |    32M |  20 | 312 |4868 | 324 |2365 |  1 |  29k|  10 | 0.000000e+00 |      --      |    Inf |  98.95%
 38.0s| 13600 |    24 |469262 |  34.4 |    32M |  20 | 312 |4877 |   0 |2365 |  0 |  29k|  10 | 0.000000e+00 |      --      |    Inf |  99.13%
 time | node  | left  |LP iter|LP it/n|mem/heur|mdpt |vars |cons |rows |cuts |sepa|confs|strbr|  dualbound   | primalbound  |  gap   | compl. 
 38.3s| 13700 |    21 |471778 |  34.4 |    33M |  20 | 312 |4862 |   0 |2365 |  0 |  29k|  10 | 0.000000e+00 |      --      |    Inf |  99.67%
 38.5s| 13800 |    10 |474215 |  34.3 |    33M |  20 | 312 |4876 |   0 |2366 |  0 |  29k|  10 | 0.000000e+00 |      --      |    Inf |  99.79%

SCIP Status        : problem is solved [infeasible]
Solving Time (sec) : 38.64
Solving Nodes      : 13842
Primal Bound       : +1.00000000000000e+20 (0 solutions)
Dual Bound         : +1.00000000000000e+20
Gap                : 0.00 %
SCIP Status        : problem is solved [infeasible]
Total Time         :      38.65
  solving          :      38.64
  presolving       :       0.03 (included in solving)
  reading          :       0.00
  copying          :       1.04 (79 #copies) (minimal 0.00, maximal 0.02, average 0.01)
Original Problem   :
  Problem name     : model
  Variables        : 342 (342 binary, 0 integer, 0 implicit integer, 0 continuous)
  Constraints      : 342 initial, 342 maximal
  Objective        : minimize, 0 non-zeros (abs.min = 1e+20, abs.max = -1e+20)
Presolved Problem  :
  Problem name     : t_model
  Variables        : 312 (312 binary, 0 integer, 0 implicit integer, 0 continuous)
  Constraints      : 356 initial, 4999 maximal
  Objective        : minimize, 0 non-zeros (abs.min = 1e+20, abs.max = -1e+20)
  Nonzeros         : 14499 constraint, 1268 clique table
Presolvers         :   ExecTime  SetupTime  Calls  FixedVars   AggrVars   ChgTypes  ChgBounds   AddHoles    DelCons    AddCons   ChgSides   ChgCoefs
  boundshift       :       0.00       0.00      0          0          0          0          0          0          0          0          0          0
  convertinttobin  :       0.00       0.00      0          0          0          0          0          0          0          0          0          0
  domcol           :       0.00       0.00      3          0          0          0          0          0          0          0          0          0
  dualagg          :       0.00       0.00      0          0          0          0          0          0          0          0          0          0
  dualcomp         :       0.00       0.00      0          0          0          0          0          0          0          0          0          0
  dualinfer        :       0.00       0.00      0          0          0          0          0          0          0          0          0          0
  dualsparsify     :       0.00       0.00      1          0          0          0          0          0          0          0          0          0
  gateextraction   :       0.00       0.00      0          0          0          0          0          0          0          0          0          0
  implics          :       0.00       0.00      5          0          0          0          0          0          0          0          0          0
  inttobinary      :       0.00       0.00      0          0          0          0          0          0          0          0          0          0
  qpkktref         :       0.00       0.00      0          0          0          0          0          0          0          0          0          0
  redvub           :       0.00       0.00      0          0          0          0          0          0          0          0          0          0
  sparsify         :       0.00       0.00      1          0          0          0          0          0          0          0          0          0
  stuffing         :       0.00       0.00      0          0          0          0          0          0          0          0          0          0
  trivial          :       0.00       0.00      8         10          0          0          0          0          0          0          0          0
  tworowbnd        :       0.00       0.00      0          0          0          0          0          0          0          0          0          0
  dualfix          :       0.00       0.00      8          0          0          0          0          0          0          0          0          0
  genvbounds       :       0.00       0.00      0          0          0          0          0          0          0          0          0          0
  probing          :       0.02       0.00      3          0          9          0          0          0          0          0          0          0
  pseudoobj        :       0.00       0.00      0          0          0          0          0          0          0          0          0          0
  symmetry         :       0.00       0.00      1          2          0          0          0          0          0         41          0          0
  vbounds          :       0.00       0.00      2          0          0          0          0          0          0          0          0          0
  knapsack         :       0.00       0.00      0          0          0          0          0          0          0          0          0          0
  setppc           :       0.00       0.00     14          0          8          0          0          0         27          0          0          0
  linear           :       0.00       0.00      2          0          0          0          0          0          0          0          0          0
  orbisack         :       0.00       0.00      2          0          0          0          0          0          0          0          0          0
  orbitope         :       0.00       0.00      3          1          0          0          0          0          0          0          0          0
  symresack        :       0.00       0.00      2          0          0          0          0          0          0          0          0          0
  logicor          :       0.00       0.00      0          0          0          0          0          0          0          0          0          0
  benders          :       0.00       0.00      0          0          0          0          0          0          0          0          0          0
  components       :       0.00       0.00      1          0          0          0          0          0          0          0          0          0
  root node        :          -          -      -          1          -          -          1          -          -          -          -          -
Constraints        :     Number  MaxNumber  #Separate #Propagate    #EnfoLP    #EnfoRelax  #EnfoPS    #Check   #ResProp    Cutoffs    DomReds       Cuts    Applied      Conss   Children
  benderslp        :          0          0          0          0       7964          0          0         56          0          0          0          0          0          0          0
  integral         :          0          0          0          0       7964          0          0         56          0          0          0          0          0          0      15928
  knapsack         :          0+        83          0     109311          0          0          0          0      34568       1094      46645          0          0          0          0
  setppc           :        315+       339         12     109350          0          0          0         52     422223       2767     316644          0          0          0          0
  linear           :          0+       226         12     105439          0          0          0          0      16225        259      15288          1          1          0          0
  orbisack         :          3          3          0          0          0          0          0          0          0          0          0          0          0          0          0
  orbitope         :          2          2          0     106224          0          0          0          0          0          0          0          0          0          0          0
  symresack        :         36         36          0      20940          0          0          0          0       2823        148       2846          0          0          0          0
  logicor          :          0+      4558         12      79897          0          0          0          0     104040       1742      82754          1          1          0          0
  benders          :          0          0          0          0          0          0          0          0          0          0          0          0          0          0          0
  countsols        :          0          0          0          0          0          0          0          0          0          0          0          0          0          0          0
  components       :          0          0          0          0          0          0          0          0          0          0          0          0          0          0          0
Constraint Timings :  TotalTime  SetupTime   Separate  Propagate     EnfoLP     EnfoPS     EnfoRelax   Check    ResProp    SB-Prop
  benderslp        :       0.00       0.00       0.00       0.00       0.00       0.00       0.00       0.00       0.00       0.00
  integral         :       0.27       0.00       0.00       0.00       0.27       0.00       0.00       0.00       0.00       0.00
  knapsack         :       0.73       0.00       0.00       0.66       0.00       0.00       0.00       0.00       0.07       0.00
  setppc           :       1.93       0.00       0.00       1.77       0.00       0.00       0.00       0.00       0.15       0.00
  linear           :       0.27       0.00       0.00       0.25       0.00       0.00       0.00       0.00       0.02       0.00
  orbisack         :       0.01       0.00       0.00       0.01       0.00       0.00       0.00       0.00       0.00       0.00
  orbitope         :       0.28       0.00       0.00       0.28       0.00       0.00       0.00       0.00       0.00       0.00
  symresack        :       0.13       0.00       0.00       0.12       0.00       0.00       0.00       0.00       0.01       0.00
  logicor          :       2.84       0.00       0.00       2.74       0.00       0.00       0.00       0.00       0.10       0.00
  benders          :       0.00       0.00       0.00       0.00       0.00       0.00       0.00       0.00       0.00       0.00
  countsols        :       0.00       0.00       0.00       0.00       0.00       0.00       0.00       0.00       0.00       0.00
  components       :       0.00       0.00       0.00       0.00       0.00       0.00       0.00       0.00       0.00       0.00
Propagators        : #Propagate   #ResProp    Cutoffs    DomReds
  dualfix          :          1          0          0          0
  genvbounds       :          0          0          0          0
  nlobbt           :          0          0          0          0
  obbt             :          0          0          0          0
  probing          :          0          0          0          0
  pseudoobj        :          0          0          0          0
  redcost          :          0          0          0          0
  rootredcost      :          0          0          0          0
  symmetry         :          0          0          0          0
  vbounds          :      87286          0          0          0
Propagator Timings :  TotalTime  SetupTime   Presolve  Propagate    ResProp    SB-Prop
  dualfix          :       0.00       0.00       0.00       0.00       0.00       0.00
  genvbounds       :       0.01       0.00       0.00       0.01       0.00       0.00
  nlobbt           :       0.00       0.00       0.00       0.00       0.00       0.00
  obbt             :       0.00       0.00       0.00       0.00       0.00       0.00
  probing          :       0.02       0.00       0.02       0.00       0.00       0.00
  pseudoobj        :       0.01       0.00       0.00       0.01       0.00       0.00
  redcost          :       0.01       0.00       0.00       0.01       0.00       0.00
  rootredcost      :       0.01       0.00       0.00       0.01       0.00       0.00
  symmetry         :       0.01       0.00       0.00       0.01       0.00       0.00
  vbounds          :       0.20       0.00       0.00       0.19       0.00       0.00
Orbital fixing     :
  vars fixed to 0  :          0
  vars fixed to 1  :          0
Conflict Analysis  :       Time      Calls    Success    DomReds  Conflicts   Literals    Reconvs ReconvLits   Dualrays   Nonzeros   LP Iters   (pool size: [10000,10000])
  propagation      :       0.50       5892       5419          -      34578       29.1        418       13.8          -          -          -
  infeasible LP    :       0.85       3289       2907          -      21870       24.7        137       12.5       1231       31.2          0
  bound exceed. LP :       0.00          0          0          -          0        0.0          0        0.0          0        0.0          0
  strong branching :       0.00          0          0          -          0        0.0          0        0.0          -          -          0
  pseudo solution  :       0.00          0          0          -          0        0.0          0        0.0          -          -          -
  applied globally :       0.21          -          -          0      28549       18.7          -          -       1120          -          -
  applied locally  :          -          -          -          0        199       34.4          -          -        111          -          -
Separators         :   ExecTime  SetupTime      Calls  RootCalls    Cutoffs    DomReds  FoundCuts ViaPoolAdd  DirectAdd    Applied ViaPoolApp  DirectApp      Conss
  cut pool         :       1.67          -       1849         23          -          -      27227      10086          -          -          -          -          -    (maximal pool size:       2758)
  aggregation      :       0.12       0.00        955         12          0          0          0          0          0          0          0          0          0
  > cmir           :          -          -          -          -          -          -          -          0          0          0          0          0          -
  > flowcover      :          -          -          -          -          -          -          -          0          0          0          0          0          -
  > knapsackcover  :          -          -          -          -          -          -          -          0          0          0          0          0          -
  cgmip            :       0.00       0.00          0          0          0          0          0          0          0          0          0          0          0
  clique           :       0.00       0.00         12         12          0          0          0          0          0          0          0          0          0
  closecuts        :       0.00       0.00          0          0          0          0          0          0          0          0          0          0          0
  convexproj       :       0.00       0.00          0          0          0          0          0          0          0          0          0          0          0
  disjunctive      :       0.00       0.00          0          0          0          0          0          0          0          0          0          0          0
  eccuts           :       0.00       0.00          0          0          0          0          0          0          0          0          0          0          0
  gauge            :       0.00       0.00          0          0          0          0          0          0          0          0          0          0          0
  gomory           :       2.90       0.00        953         10          0          0      38364       9521      11416       1310       1024        286          0
  > gomorymi       :          -          -          -          -          -          -          -       1296       5708        278         96        182          -
  > strongcg       :          -          -          -          -          -          -          -       8225       5708       1032        928        104          -
  impliedbounds    :       0.02       0.00        955         12          0          0          0          0          0          0          0          0          0
  interminor       :       0.00       0.00          0          0          0          0          0          0          0          0          0          0          0
  intobj           :       0.00       0.00          0          0          0          0          0          0          0          0          0          0          0
  mcf              :       0.00       0.00          1          1          0          0          0          0          0          0          0          0          0
  minor            :       0.00       0.00          0          0          0          0          0          0          0          0          0          0          0
  mixing           :       0.00       0.00          0          0          0          0          0          0          0          0          0          0          0
  oddcycle         :       0.00       0.00          0          0          0          0          0          0          0          0          0          0          0
  rapidlearning    :       5.91       0.00         76          1          0       6463          0          0          0          0          0          0        469
  rlt              :       0.00       0.00         10         10          0          0          0          0          0          0          0          0          0
  zerohalf         :       0.51       0.00        955         12          0          0       1461        565       1182       1060        270        790          0
Cutselectors       :   ExecTime  SetupTime      Calls  RootCalls   Selected     Forced   Filtered  RootSelec   RootForc   RootFilt 
  hybrid           :       0.02       0.00        949         12       2372          0      19980         22          0        305
Pricers            :   ExecTime  SetupTime      Calls       Vars
  problem variables:       0.00          -          0          0
Branching Rules    :   ExecTime  SetupTime   BranchLP  BranchExt   BranchPS    Cutoffs    DomReds       Cuts      Conss   Children
  allfullstrong    :       0.00       0.00          0          0          0          0          0          0          0          0
  cloud            :       0.00       0.00          0          0          0          0          0          0          0          0
  distribution     :       0.00       0.00          0          0          0          0          0          0          0          0
  fullstrong       :       0.00       0.00          0          0          0          0          0          0          0          0
  inference        :       0.00       0.00          0          0          0          0          0          0          0          0
  leastinf         :       0.00       0.00          0          0          0          0          0          0          0          0
  lookahead        :       0.00       0.00          0          0          0          0          0          0          0          0
  mostinf          :       0.00       0.00          0          0          0          0          0          0          0          0
  multaggr         :       0.00       0.00          0          0          0          0          0          0          0          0
  nodereopt        :       0.00       0.00          0          0          0          0          0          0          0          0
  pscost           :       0.00       0.00          0          0          0          0          0          0          0          0
  random           :       0.00       0.00          0          0          0          0          0          0          0          0
  relpscost        :       0.26       0.00       7964          0          0          0          0          0          0      15928
  vanillafullstrong:       0.00       0.00          0          0          0          0          0          0          0          0
Primal Heuristics  :   ExecTime  SetupTime      Calls      Found       Best
  LP solutions     :       0.00          -          -          0          0
  relax solutions  :       0.00          -          -          0          0
  pseudo solutions :       0.00          -          -          0          0
  strong branching :       0.00          -          -          0          0
  actconsdiving    :       0.00       0.00          0          0          0
  adaptivediving   :       0.23       0.00         90          0          0
  alns             :       0.03       0.00          6          0          0
  bound            :       0.00       0.00          0          0          0
  clique           :       0.00       0.00          1          0          0
  coefdiving       :       0.00       0.00          0          0          0
  completesol      :       0.00       0.00          0          0          0
  conflictdiving   :       0.19       0.00        102          0          0
  crossover        :       0.00       0.00          0          0          0
  dins             :       0.00       0.00          0          0          0
  distributiondivin:       0.38       0.00        102          0          0
  dps              :       0.00       0.00          0          0          0
  dualval          :       0.00       0.00          0          0          0
  farkasdiving     :       0.00       0.00          0          0          0
  feaspump         :       0.36       0.00         41          0          0
  fixandinfer      :       0.00       0.00          0          0          0
  fracdiving       :       0.16       0.00        102          0          0
  gins             :       0.00       0.00          0          0          0
  guideddiving     :       0.00       0.00          0          0          0
  indicator        :       0.00       0.00          0          0          0
  intdiving        :       0.00       0.00          0          0          0
  intshifting      :       0.00       0.00          0          0          0
  linesearchdiving :       0.20       0.00        103          0          0
  localbranching   :       0.00       0.00          0          0          0
  locks            :       0.00       0.00          1          0          0
  lpface           :       0.01       0.00          0          0          0
  mpec             :       0.00       0.00          0          0          0
  multistart       :       0.00       0.00          0          0          0
  mutation         :       0.00       0.00          0          0          0
  nlpdiving        :       0.00       0.00          0          0          0
  objpscostdiving  :       0.18       0.00         14          0          0
  octane           :       0.00       0.00          0          0          0
  ofins            :       0.00       0.00          0          0          0
  oneopt           :       0.00       0.00          0          0          0
  padm             :       0.00       0.00          0          0          0
  proximity        :       0.00       0.00          0          0          0
  pscostdiving     :       0.18       0.00        102          0          0
  randrounding     :       0.01       0.00         62          0          0
  rens             :       0.01       0.00          1          0          0
  reoptsols        :       0.00       0.00          0          0          0
  repair           :       0.00       0.00          0          0          0
  rins             :       0.00       0.00          0          0          0
  rootsoldiving    :       0.21       0.00         22          0          0
  rounding         :       0.05       0.00       1297          0          0
  shiftandpropagate:       0.00       0.00          1          0          0
  shifting         :       0.04       0.00        453          0          0
  simplerounding   :       0.00       0.00          0          0          0
  subnlp           :       0.01       0.00          0          0          0
  trivial          :       0.00       0.00          2          0          0
  trivialnegation  :       0.00       0.00          0          0          0
  trustregion      :       0.00       0.00          0          0          0
  trysol           :       0.00       0.00          0          0          0
  twoopt           :       0.00       0.00          0          0          0
  undercover       :       0.00       0.00          0          0          0
  vbounds          :       0.00       0.00          1          0          0
  veclendiving     :       0.19       0.00        102          0          0
  zeroobj          :       0.00       0.00          0          0          0
  zirounding       :       0.01       0.00       1000          0          0
  other solutions  :          -          -          -          0          -
LP                 :       Time      Calls Iterations  Iter/call   Iter/sec  Time-0-It Calls-0-It    ItLimit
  primal LP        :       0.41        466          0       0.00       0.00       0.41        466
  dual LP          :      12.30      12112     449159      37.34   36519.92       0.02         83
  lex dual LP      :       0.00          0          0       0.00          -
  barrier LP       :       0.00          0          0       0.00          -       0.00          0
  resolve instable :       0.00          0          0       0.00          -
  diving/probing LP:       1.01       1226      26255      21.42   26010.04
  strong branching :       0.03         10       1123     112.30   38042.01          -          -          0
    (at root node) :          -         10       1123     112.30          -
  conflict analysis:       0.00          0          0       0.00          -
B&B Tree           :
  number of runs   :          1
  nodes            :      13842 (7964 internal, 5878 leaves)
  feasible leaves  :          0
  infeas. leaves   :       5878
  objective leaves :          0
  nodes (total)    :      13842 (7964 internal, 5878 leaves)
  nodes left       :          0
  max depth        :         20
  max depth (total):         20
  backtracks       :       4542 (32.8%)
  early backtracks :          0 (0.0%)
  nodes exc. ref.  :          0 (0.0%)
  delayed cutoffs  :       2087
  repropagations   :       9909 (150794 domain reductions, 1734 cutoffs)
  avg switch length:       5.43
  switching time   :       3.44
Root Node          :
  First LP value   : +0.00000000000000e+00
  First LP Iters   :        181 (84186.05 Iter/sec)
  First LP Time    :       0.00
  Final Dual Bound : +0.00000000000000e+00
  Final Root Iters :        846
  Root LP Estimate : +4.04553115616788e-03
Solution           :
  Solutions found  :          0 (0 improvements)
  Primal Bound     : infeasible
  Dual Bound       :          -
  Gap              :       0.00 %
Integrals          :      Total       Avg%
  primal-dual      :          -          - (problem infeasible)
  primal-ref       :          -          - (problem infeasible)
  dual-ref         :          -          - (problem infeasible)
written solution information to file <results/final_flowersnark__settings_final_moresymresack_norelabel__2__flowersnark19_3.cip.sol>
@04 1668043273
