FILENAME:   ../instances_new/flowersnark/flowersnark17_3.cip
SETTINGS:   settings_final_nopeek_relabel_respect
TIMELIMIT:  7200
OUTPUTNAME: final_flowersnark__settings_final_nopeek_relabel_respect__3__
BINNAME:    bin/sbcs.linux.x86_64.gnu.opt.cpx
BASENAME:   flowersnark17_3.cip
SEED:       3
@01 ../instances_new/flowersnark/flowersnark17_3.cip ===========
@02 flowersnark17_3.cip
@03 1668003936
SCIP version 8.0.2 [precision: 8 byte] [memory: block] [mode: optimized] [LP solver: CPLEX 20.1.0.0] [GitHash: 5f0473c]
Copyright (C) 2002-2022 Konrad-Zuse-Zentrum fuer Informationstechnik Berlin (ZIB)

Symretope propagation methods - (c) Jasper van Doornmalen, Christopher Hojny.
[GitHash: 2fd0484]

reading parameter file <../settings/settings_final_nopeek_relabel_respect.set> ...

Changed settings:
limits/time = 7200
misc/usesymmetry = 1
randomization/randomseedshift = 3
constraints/orbisack/sepafreq = -1
constraints/symresack/sepafreq = -1
propagating/symmetry/addsymresacks = TRUE
propagating/symmetry/detectsubgroups = FALSE
propagating/symmetry/relabelsymretopes = 3
propagating/symmetry/ofsymcomptiming = 0
constraints/symretope/sepafreq = -1
constraints/symretope/peek = FALSE


solving problem ...

original problem has 306 variables (306 bin, 0 int, 0 impl, 0 cont) and 306 constraints
presolving:
(round 1, exhaustive) 0 del vars, 0 del conss, 0 add conss, 0 chg bounds, 0 chg sides, 0 chg coeffs, 306 upgd conss, 0 impls, 306 clqs
   (0.0s) probing: 51/306 (16.7%) - 0 fixings, 0 aggregations, 0 implications, 0 bound changes
   (0.0s) probing aborted: 50/50 successive totally useless probings
   (0.0s) symmetry computation started: requiring (bin +, int +, cont +), (fixed: bin -, int -, cont -)
   (0.0s) symmetry computation finished: 5 generators found (max: 1500, log10 of symmetry group size: 2.6)
(round 2, exhaustive) 7 del vars, 0 del conss, 5 add conss, 0 chg bounds, 0 chg sides, 0 chg coeffs, 306 upgd conss, 0 impls, 303 clqs
(round 3, fast)       16 del vars, 7 del conss, 5 add conss, 0 chg bounds, 0 chg sides, 0 chg coeffs, 306 upgd conss, 0 impls, 299 clqs
(round 4, medium)     17 del vars, 7 del conss, 5 add conss, 0 chg bounds, 0 chg sides, 0 chg coeffs, 306 upgd conss, 0 impls, 299 clqs
(round 5, fast)       18 del vars, 8 del conss, 5 add conss, 0 chg bounds, 0 chg sides, 0 chg coeffs, 306 upgd conss, 0 impls, 298 clqs
   (0.0s) probing cycle finished: starting next cycle
(round 6, exhaustive) 25 del vars, 8 del conss, 5 add conss, 0 chg bounds, 0 chg sides, 0 chg coeffs, 306 upgd conss, 0 impls, 415 clqs
(round 7, fast)       25 del vars, 18 del conss, 5 add conss, 0 chg bounds, 1 chg sides, 0 chg coeffs, 306 upgd conss, 0 impls, 415 clqs
   (0.0s) probing: 199/289 (68.9%) - 0 fixings, 7 aggregations, 163 implications, 0 bound changes
   (0.0s) probing aborted: 50/50 successive totally useless probings
presolving (8 rounds: 8 fast, 5 medium, 4 exhaustive):
 25 deleted vars, 18 deleted constraints, 5 added constraints, 0 tightened bounds, 0 added holes, 1 changed sides, 0 changed coefficients
 0 implications, 431 cliques
presolved problem has 286 variables (286 bin, 0 int, 0 impl, 0 cont) and 293 constraints
    288 constraints of type <setppc>
      2 constraints of type <orbisack>
      2 constraints of type <orbitope>
      1 constraints of type <symretope>
transformed objective value is always integral (scale: 1)
Presolving Time: 0.02

 time | node  | left  |LP iter|LP it/n|mem/heur|mdpt |vars |cons |rows |cuts |sepa|confs|strbr|  dualbound   | primalbound  |  gap   | compl. 
  0.0s|     1 |     0 |   209 |     - |  5206k |   0 | 286 | 368 | 289 |   0 |  0 |  75 |   0 | 0.000000e+00 |      --      |    Inf | unknown
  0.1s|     1 |     0 |   603 |     - |  6664k |   0 | 286 | 569 | 290 |   1 |  1 |  76 |   0 | 0.000000e+00 |      --      |    Inf | unknown
  0.2s|     1 |     0 |   691 |     - |  7550k |   0 | 286 | 570 | 293 |   4 |  2 |  77 |   0 | 0.000000e+00 |      --      |    Inf | unknown
  0.2s|     1 |     0 |   752 |     - |    10M |   0 | 286 | 571 | 294 |   5 |  3 |  78 |   0 | 0.000000e+00 |      --      |    Inf | unknown
  0.2s|     1 |     0 |   822 |     - |    10M |   0 | 286 | 572 | 296 |   7 |  4 |  79 |   0 | 0.000000e+00 |      --      |    Inf | unknown
  0.3s|     1 |     0 |   891 |     - |    12M |   0 | 286 | 575 | 300 |  11 |  5 |  82 |   0 | 0.000000e+00 |      --      |    Inf | unknown
  0.3s|     1 |     0 |   992 |     - |    13M |   0 | 286 | 577 | 303 |  14 |  6 |  84 |   0 | 0.000000e+00 |      --      |    Inf | unknown
  0.3s|     1 |     0 |  1119 |     - |    16M |   0 | 286 | 577 | 309 |  20 |  7 |  85 |   0 | 0.000000e+00 |      --      |    Inf | unknown
  0.4s|     1 |     0 |  1207 |     - |    17M |   0 | 286 | 579 | 312 |  23 |  8 |  87 |   0 | 0.000000e+00 |      --      |    Inf | unknown
  0.4s|     1 |     0 |  1323 |     - |    19M |   0 | 286 | 580 | 313 |  24 |  9 |  88 |   0 | 0.000000e+00 |      --      |    Inf | unknown
  0.5s|     1 |     0 |  1451 |     - |    20M |   0 | 286 | 583 | 317 |  28 | 10 |  91 |   0 | 0.000000e+00 |      --      |    Inf | unknown
  0.5s|     1 |     0 |  1567 |     - |    20M |   0 | 286 | 586 | 319 |  31 | 11 |  94 |   0 | 0.000000e+00 |      --      |    Inf | unknown
  0.7s|     1 |     2 |  1567 |     - |    20M |   0 | 286 | 590 | 319 |  31 | 11 |  98 |  12 | 0.000000e+00 |      --      |    Inf | unknown
  1.9s|   100 |    50 | 10072 |  85.9 |    22M |  15 | 286 | 841 | 309 | 110 |  1 | 349 |  12 | 0.000000e+00 |      --      |    Inf |   2.06%
  2.2s|   200 |    45 | 14524 |  65.1 |    24M |  16 | 286 |1069 | 308 | 144 |  0 | 579 |  12 | 0.000000e+00 |      --      |    Inf |   3.05%
 time | node  | left  |LP iter|LP it/n|mem/heur|mdpt |vars |cons |rows |cuts |sepa|confs|strbr|  dualbound   | primalbound  |  gap   | compl. 
  2.6s|   300 |    50 | 18691 |  57.3 |    25M |  16 | 286 |1254 | 307 | 173 |  1 | 765 |  12 | 0.000000e+00 |      --      |    Inf |   4.05%
  3.0s|   400 |    55 | 23765 |  55.6 |    27M |  16 | 286 |1511 | 305 | 180 |  1 |1022 |  12 | 0.000000e+00 |      --      |    Inf |   9.33%
  4.1s|   500 |    70 | 31798 |  60.6 |    28M |  16 | 286 |1812 | 307 | 255 |  1 |1325 |  12 | 0.000000e+00 |      --      |    Inf |  22.77%
  4.3s|   600 |    63 | 35736 |  57.0 |    28M |  16 | 286 |2046 | 303 | 272 |  0 |1567 |  12 | 0.000000e+00 |      --      |    Inf |  24.48%
  5.1s|   700 |    66 | 41542 |  57.2 |    29M |  16 | 286 |2273 | 306 | 313 |  1 |1796 |  12 | 0.000000e+00 |      --      |    Inf |  28.90%
  5.8s|   800 |    89 | 48501 |  58.7 |    29M |  16 | 286 |2498 | 303 | 377 |  1 |2053 |  12 | 0.000000e+00 |      --      |    Inf |  30.88%
  6.3s|   900 |    82 | 52996 |  57.2 |    29M |  16 | 286 |2579 | 308 | 441 |  1 |2268 |  12 | 0.000000e+00 |      --      |    Inf |  35.98%
  6.6s|  1000 |    69 | 56579 |  55.1 |    29M |  16 | 286 |2479 |   0 | 476 |  0 |2423 |  12 | 0.000000e+00 |      --      |    Inf |  38.01%
  7.1s|  1100 |    59 | 61427 |  54.5 |    29M |  16 | 286 |2420 | 305 | 542 |  1 |2663 |  12 | 0.000000e+00 |      --      |    Inf |  44.26%
  7.5s|  1200 |    46 | 66582 |  54.2 |    30M |  16 | 286 |2467 | 303 | 584 |  0 |3024 |  12 | 0.000000e+00 |      --      |    Inf |  46.36%
  7.8s|  1300 |    31 | 71027 |  53.5 |    30M |  16 | 286 |2366 | 304 | 629 |  0 |3215 |  12 | 0.000000e+00 |      --      |    Inf |  49.61%
  8.6s|  1400 |    25 | 77045 |  54.0 |    30M |  17 | 286 |2372 | 305 | 674 |  0 |3424 |  12 | 0.000000e+00 |      --      |    Inf |  66.75%
  9.2s|  1500 |    21 | 80541 |  52.7 |    30M |  17 | 286 |2333 | 303 | 698 |  1 |3618 |  12 | 0.000000e+00 |      --      |    Inf |  74.11%
  9.5s|  1600 |    20 | 84310 |  51.7 |    30M |  17 | 286 |2390 | 305 | 749 |  1 |3855 |  12 | 0.000000e+00 |      --      |    Inf |  76.87%
 10.2s|  1700 |    46 | 90490 |  52.3 |    30M |  17 | 286 |2542 | 306 | 806 |  1 |4187 |  12 | 0.000000e+00 |      --      |    Inf |  77.82%
 time | node  | left  |LP iter|LP it/n|mem/heur|mdpt |vars |cons |rows |cuts |sepa|confs|strbr|  dualbound   | primalbound  |  gap   | compl. 
 10.7s|  1800 |    50 | 96714 |  52.9 |    30M |  17 | 286 |2773 | 305 | 870 |  1 |4556 |  12 | 0.000000e+00 |      --      |    Inf |  78.81%
 10.9s|  1900 |    42 |100131 |  51.9 |    30M |  17 | 286 |2896 | 306 | 875 |  0 |4774 |  12 | 0.000000e+00 |      --      |    Inf |  79.25%
 11.1s|  2000 |    32 |104078 |  51.3 |    30M |  17 | 286 |3034 | 306 | 879 |  1 |5021 |  12 | 0.000000e+00 |      --      |    Inf |  79.58%
 11.4s|  2100 |    25 |108382 |  50.9 |    30M |  17 | 286 |3133 |   0 | 898 |  0 |5235 |  12 | 0.000000e+00 |      --      |    Inf |  80.13%
 11.7s|  2200 |    32 |112926 |  50.6 |    31M |  19 | 286 |3233 | 308 | 921 |  0 |5473 |  12 | 0.000000e+00 |      --      |    Inf |  80.52%
 11.9s|  2300 |    16 |116646 |  50.1 |    31M |  19 | 286 |3345 | 306 | 927 |  1 |5651 |  12 | 0.000000e+00 |      --      |    Inf |  80.87%
 12.4s|  2400 |     4 |120165 |  49.4 |    31M |  19 | 286 |3309 | 303 | 935 |  1 |5803 |  12 | 0.000000e+00 |      --      |    Inf |  87.39%

SCIP Status        : problem is solved [infeasible]
Solving Time (sec) : 13.07
Solving Nodes      : 2493
Primal Bound       : +1.00000000000000e+20 (0 solutions)
Dual Bound         : +1.00000000000000e+20
Gap                : 0.00 %
SCIP Status        : problem is solved [infeasible]
Total Time         :      13.07
  solving          :      13.07
  presolving       :       0.02 (included in solving)
  reading          :       0.00
  copying          :       0.21 (33 #copies) (minimal 0.00, maximal 0.01, average 0.01)
Original Problem   :
  Problem name     : model
  Variables        : 306 (306 binary, 0 integer, 0 implicit integer, 0 continuous)
  Constraints      : 306 initial, 306 maximal
  Objective        : minimize, 0 non-zeros (abs.min = 1e+20, abs.max = -1e+20)
Presolved Problem  :
  Problem name     : t_model
  Variables        : 286 (286 binary, 0 integer, 0 implicit integer, 0 continuous)
  Constraints      : 293 initial, 3366 maximal
  Objective        : minimize, 0 non-zeros (abs.min = 1e+20, abs.max = -1e+20)
  Nonzeros         : 2075 constraint, 1136 clique table
Presolvers         :   ExecTime  SetupTime  Calls  FixedVars   AggrVars   ChgTypes  ChgBounds   AddHoles    DelCons    AddCons   ChgSides   ChgCoefs
  boundshift       :       0.00       0.00      0          0          0          0          0          0          0          0          0          0
  convertinttobin  :       0.00       0.00      0          0          0          0          0          0          0          0          0          0
  domcol           :       0.00       0.00      3          0          0          0          0          0          0          0          0          0
  dualagg          :       0.00       0.00      0          0          0          0          0          0          0          0          0          0
  dualcomp         :       0.00       0.00      0          0          0          0          0          0          0          0          0          0
  dualinfer        :       0.00       0.00      0          0          0          0          0          0          0          0          0          0
  dualsparsify     :       0.00       0.00      1          0          0          0          0          0          0          0          0          0
  gateextraction   :       0.00       0.00      0          0          0          0          0          0          0          0          0          0
  implics          :       0.00       0.00      5          0          0          0          0          0          0          0          0          0
  inttobinary      :       0.00       0.00      0          0          0          0          0          0          0          0          0          0
  qpkktref         :       0.00       0.00      0          0          0          0          0          0          0          0          0          0
  redvub           :       0.00       0.00      0          0          0          0          0          0          0          0          0          0
  sparsify         :       0.00       0.00      1          0          0          0          0          0          0          0          0          0
  stuffing         :       0.00       0.00      0          0          0          0          0          0          0          0          0          0
  trivial          :       0.00       0.00      8          5          0          0          0          0          0          0          0          0
  tworowbnd        :       0.00       0.00      0          0          0          0          0          0          0          0          0          0
  dualfix          :       0.00       0.00      8          0          0          0          0          0          0          0          0          0
  genvbounds       :       0.00       0.00      0          0          0          0          0          0          0          0          0          0
  probing          :       0.02       0.00      3          0          7          0          0          0          0          0          0          0
  pseudoobj        :       0.00       0.00      0          0          0          0          0          0          0          0          0          0
  symmetry         :       0.00       0.00      1          2          0          0          0          0          0          5          0          0
  vbounds          :       0.00       0.00      2          0          0          0          0          0          0          0          0          0
  knapsack         :       0.00       0.00      0          0          0          0          0          0          0          0          0          0
  setppc           :       0.00       0.00     14          0          5          0          0          0         18          0          1          0
  linear           :       0.00       0.00      2          0          0          0          0          0          0          0          0          0
  orbisack         :       0.00       0.00      2          0          0          0          0          0          0          0          0          0
  orbitope         :       0.00       0.00      3          1          0          0          0          0          0          0          0          0
  symretope        :       0.00       0.00      2          0          0          0          0          0          0          0          0          0
  logicor          :       0.00       0.00      0          0          0          0          0          0          0          0          0          0
  benders          :       0.00       0.00      0          0          0          0          0          0          0          0          0          0
  components       :       0.00       0.00      1          0          0          0          0          0          0          0          0          0
  root node        :          -          -      -          1          -          -          1          -          -          -          -          -
Constraints        :     Number  MaxNumber  #Separate #Propagate    #EnfoLP    #EnfoRelax  #EnfoPS    #Check   #ResProp    Cutoffs    DomReds       Cuts    Applied      Conss   Children
  benderslp        :          0          0          0          0       1343          0          0          7          0          0          0          0          0          0          0
  integral         :          0          0          0          0       1343          0          0          7          0          0          0          0          0          0       2686
  knapsack         :          0+        88          0      24329          0          0          0          0       4672        150       5848          0          0          0          0
  setppc           :        288+       306         11      25874          0          0          0          3      76801        581      53062          1          0          0          0
  linear           :          0+       221         11      23918          0          0          0          0       1034         29       1338          0          0          0          0
  orbisack         :          2          2          0         95          0          0          0          0        116          7         70          0          0          0          0
  orbitope         :          2          2          0      25157          0          0          0          0       1256         12        356          0          0          0          0
  symretope        :          1          1          0       2094          0          0          0          0        520         54        690          0          0          0          0
  logicor          :          0+      2794         11      17164          0          0          0          0      12551        140       8542          1          0          0          0
  benders          :          0          0          0          0          0          0          0          0          0          0          0          0          0          0          0
  countsols        :          0          0          0          0          0          0          0          0          0          0          0          0          0          0          0
  components       :          0          0          0          0          0          0          0          0          0          0          0          0          0          0          0
Constraint Timings :  TotalTime  SetupTime   Separate  Propagate     EnfoLP     EnfoPS     EnfoRelax   Check    ResProp    SB-Prop
  benderslp        :       0.00       0.00       0.00       0.00       0.00       0.00       0.00       0.00       0.00       0.00
  integral         :       0.25       0.00       0.00       0.00       0.25       0.00       0.00       0.00       0.00       0.00
  knapsack         :       0.13       0.00       0.00       0.12       0.00       0.00       0.00       0.00       0.01       0.00
  setppc           :       0.35       0.00       0.00       0.32       0.00       0.00       0.00       0.00       0.03       0.00
  linear           :       0.06       0.00       0.00       0.06       0.00       0.00       0.00       0.00       0.00       0.00
  orbisack         :       0.00       0.00       0.00       0.00       0.00       0.00       0.00       0.00       0.00       0.00
  orbitope         :       0.08       0.00       0.00       0.07       0.00       0.00       0.00       0.00       0.01       0.00
  symretope        :       0.02       0.00       0.00       0.02       0.00       0.00       0.00       0.00       0.00       0.00
  logicor          :       0.28       0.00       0.00       0.27       0.00       0.00       0.00       0.00       0.01       0.00
  benders          :       0.00       0.00       0.00       0.00       0.00       0.00       0.00       0.00       0.00       0.00
  countsols        :       0.00       0.00       0.00       0.00       0.00       0.00       0.00       0.00       0.00       0.00
  components       :       0.00       0.00       0.00       0.00       0.00       0.00       0.00       0.00       0.00       0.00
Propagators        : #Propagate   #ResProp    Cutoffs    DomReds
  dualfix          :          1          0          0          0
  genvbounds       :          0          0          0          0
  nlobbt           :          0          0          0          0
  obbt             :          0          0          0          0
  probing          :          0          0          0          0
  pseudoobj        :          0          0          0          0
  redcost          :          0          0          0          0
  rootredcost      :          0          0          0          0
  symmetry         :          0          0          0          0
  vbounds          :      18782          0          0          0
Propagator Timings :  TotalTime  SetupTime   Presolve  Propagate    ResProp    SB-Prop
  dualfix          :       0.00       0.00       0.00       0.00       0.00       0.00
  genvbounds       :       0.00       0.00       0.00       0.00       0.00       0.00
  nlobbt           :       0.00       0.00       0.00       0.00       0.00       0.00
  obbt             :       0.00       0.00       0.00       0.00       0.00       0.00
  probing          :       0.02       0.00       0.02       0.00       0.00       0.00
  pseudoobj        :       0.00       0.00       0.00       0.00       0.00       0.00
  redcost          :       0.00       0.00       0.00       0.00       0.00       0.00
  rootredcost      :       0.00       0.00       0.00       0.00       0.00       0.00
  symmetry         :       0.00       0.00       0.00       0.00       0.00       0.00
  vbounds          :       0.03       0.00       0.00       0.03       0.00       0.00
Orbital fixing     :
  vars fixed to 0  :          0
  vars fixed to 1  :          0
Conflict Analysis  :       Time      Calls    Success    DomReds  Conflicts   Literals    Reconvs ReconvLits   Dualrays   Nonzeros   LP Iters   (pool size: [10000,10000])
  propagation      :       0.07        952        859          -       4988       23.8         65        9.2          -          -          -
  infeasible LP    :       0.17        855        711          -       5040       21.4         32        6.6        278       26.6          0
  bound exceed. LP :       0.00          0          0          -          0        0.0          0        0.0          0        0.0          0
  strong branching :       0.00          0          0          -          0        0.0          0        0.0          -          -          0
  pseudo solution  :       0.00          0          0          -          0        0.0          0        0.0          -          -          -
  applied globally :       0.03          -          -          0       5653       15.5          -          -        252          -          -
  applied locally  :          -          -          -          0         28       30.1          -          -         26          -          -
Separators         :   ExecTime  SetupTime      Calls  RootCalls    Cutoffs    DomReds  FoundCuts ViaPoolAdd  DirectAdd    Applied ViaPoolApp  DirectApp      Conss
  cut pool         :       0.74          -        762         21          -          -      13356       4364          -          -          -          -          -    (maximal pool size:       4057)
  aggregation      :       0.44       0.00        411         11          0          0          0          0          0          0          0          0          0
  > cmir           :          -          -          -          -          -          -          -          0          0          0          0          0          -
  > flowcover      :          -          -          -          -          -          -          -          0          0          0          0          0          -
  > knapsackcover  :          -          -          -          -          -          -          -          0          0          0          0          0          -
  cgmip            :       0.00       0.00          0          0          0          0          0          0          0          0          0          0          0
  clique           :       0.00       0.00         11         11          0          0          9         12          0          2          2          0          0
  closecuts        :       0.00       0.00          0          0          0          0          0          0          0          0          0          0          0
  convexproj       :       0.00       0.00          0          0          0          0          0          0          0          0          0          0          0
  disjunctive      :       0.00       0.00          0          0          0          0          0          0          0          0          0          0          0
  eccuts           :       0.00       0.00          0          0          0          0          0          0          0          0          0          0          0
  gauge            :       0.00       0.00          0          0          0          0          0          0          0          0          0          0          0
  gomory           :       1.65       0.00        410         10          0          0      18540       4199       5296        504        360        144          0
  > gomorymi       :          -          -          -          -          -          -          -        835       2648        104         36         68          -
  > strongcg       :          -          -          -          -          -          -          -       3364       2648        400        324         76          -
  impliedbounds    :       0.01       0.00        411         11          0          0         19         41          0         40         40          0          0
  interminor       :       0.00       0.00          0          0          0          0          0          0          0          0          0          0          0
  intobj           :       0.00       0.00          0          0          0          0          0          0          0          0          0          0          0
  mcf              :       0.00       0.00          1          1          0          0          0          0          0          0          0          0          0
  minor            :       0.00       0.00          0          0          0          0          0          0          0          0          0          0          0
  mixing           :       0.00       0.00          0          0          0          0          0          0          0          0          0          0          0
  oddcycle         :       0.00       0.00          0          0          0          0          0          0          0          0          0          0          0
  rapidlearning    :       3.65       0.00         32          1          0       2834          0          0          0          0          0          0        446
  rlt              :       0.00       0.00         10         10          0          0          0          0          0          0          0          0          0
  zerohalf         :       0.22       0.00        411         11          0          0        607        112        523        456         78        378          0
Cutselectors       :   ExecTime  SetupTime      Calls  RootCalls   Selected     Forced   Filtered  RootSelec   RootForc   RootFilt 
  hybrid           :       0.01       0.00        408         11       1002          0       9183         31          0        886
Pricers            :   ExecTime  SetupTime      Calls       Vars
  problem variables:       0.00          -          0          0
Branching Rules    :   ExecTime  SetupTime   BranchLP  BranchExt   BranchPS    Cutoffs    DomReds       Cuts      Conss   Children
  allfullstrong    :       0.00       0.00          0          0          0          0          0          0          0          0
  cloud            :       0.00       0.00          0          0          0          0          0          0          0          0
  distribution     :       0.00       0.00          0          0          0          0          0          0          0          0
  fullstrong       :       0.00       0.00          0          0          0          0          0          0          0          0
  inference        :       0.00       0.00          0          0          0          0          0          0          0          0
  leastinf         :       0.00       0.00          0          0          0          0          0          0          0          0
  lookahead        :       0.00       0.00          0          0          0          0          0          0          0          0
  mostinf          :       0.00       0.00          0          0          0          0          0          0          0          0
  multaggr         :       0.00       0.00          0          0          0          0          0          0          0          0
  nodereopt        :       0.00       0.00          0          0          0          0          0          0          0          0
  pscost           :       0.00       0.00          0          0          0          0          0          0          0          0
  random           :       0.00       0.00          0          0          0          0          0          0          0          0
  relpscost        :       0.25       0.00       1343          0          0          0          0          0          0       2686
  vanillafullstrong:       0.00       0.00          0          0          0          0          0          0          0          0
Primal Heuristics  :   ExecTime  SetupTime      Calls      Found       Best
  LP solutions     :       0.00          -          -          0          0
  relax solutions  :       0.00          -          -          0          0
  pseudo solutions :       0.00          -          -          0          0
  strong branching :       0.00          -          -          0          0
  actconsdiving    :       0.00       0.00          0          0          0
  adaptivediving   :       0.13       0.00         45          0          0
  alns             :       0.01       0.00          1          0          0
  bound            :       0.00       0.00          0          0          0
  clique           :       0.00       0.00          1          0          0
  coefdiving       :       0.00       0.00          0          0          0
  completesol      :       0.00       0.00          0          0          0
  conflictdiving   :       0.04       0.00         25          0          0
  crossover        :       0.00       0.00          0          0          0
  dins             :       0.00       0.00          0          0          0
  distributiondivin:       0.08       0.00         23          0          0
  dps              :       0.00       0.00          0          0          0
  dualval          :       0.00       0.00          0          0          0
  farkasdiving     :       0.00       0.00          0          0          0
  feaspump         :       0.01       0.00          1          0          0
  fixandinfer      :       0.00       0.00          0          0          0
  fracdiving       :       0.04       0.00         24          0          0
  gins             :       0.00       0.00          0          0          0
  guideddiving     :       0.00       0.00          0          0          0
  indicator        :       0.00       0.00          0          0          0
  intdiving        :       0.00       0.00          0          0          0
  intshifting      :       0.00       0.00          0          0          0
  linesearchdiving :       0.07       0.00         24          0          0
  localbranching   :       0.00       0.00          0          0          0
  locks            :       0.00       0.00          1          0          0
  lpface           :       0.00       0.00          0          0          0
  mpec             :       0.00       0.00          0          0          0
  multistart       :       0.00       0.00          0          0          0
  mutation         :       0.00       0.00          0          0          0
  nlpdiving        :       0.00       0.00          0          0          0
  objpscostdiving  :       0.11       0.00          6          0          0
  octane           :       0.00       0.00          0          0          0
  ofins            :       0.00       0.00          0          0          0
  oneopt           :       0.00       0.00          0          0          0
  padm             :       0.00       0.00          0          0          0
  proximity        :       0.00       0.00          0          0          0
  pscostdiving     :       0.07       0.00         24          0          0
  randrounding     :       0.01       0.00         12          0          0
  rens             :       0.00       0.00          0          0          0
  reoptsols        :       0.00       0.00          0          0          0
  repair           :       0.00       0.00          0          0          0
  rins             :       0.00       0.00          0          0          0
  rootsoldiving    :       0.13       0.00          9          0          0
  rounding         :       0.03       0.00        542          0          0
  shiftandpropagate:       0.00       0.00          1          0          0
  shifting         :       0.03       0.00        286          0          0
  simplerounding   :       0.00       0.00          0          0          0
  subnlp           :       0.00       0.00          0          0          0
  trivial          :       0.00       0.00          2          0          0
  trivialnegation  :       0.00       0.00          0          0          0
  trustregion      :       0.00       0.00          0          0          0
  trysol           :       0.00       0.00          0          0          0
  twoopt           :       0.00       0.00          0          0          0
  undercover       :       0.00       0.00          0          0          0
  vbounds          :       0.00       0.00          1          0          0
  veclendiving     :       0.08       0.00         24          0          0
  zeroobj          :       0.00       0.00          0          0          0
  zirounding       :       0.01       0.00       1000          0          0
  other solutions  :          -          -          -          0          -
LP                 :       Time      Calls Iterations  Iter/call   Iter/sec  Time-0-It Calls-0-It    ItLimit
  primal LP        :       0.18        184          0       0.00       0.00       0.18        184
  dual LP          :       3.32       2549     113593      44.85   34220.35       0.00         16
  lex dual LP      :       0.00          0          0       0.00          -
  barrier LP       :       0.00          0          0       0.00          -       0.00          0
  resolve instable :       0.00          0          0       0.00          -
  diving/probing LP:       0.41        281      12703      45.21   31133.51
  strong branching :       0.21         12       5998     499.83   28524.82          -          -          1
    (at root node) :          -         12       5998     499.83          -
  conflict analysis:       0.00          0          0       0.00          -
B&B Tree           :
  number of runs   :          1
  nodes            :       2493 (1343 internal, 1150 leaves)
  feasible leaves  :          0
  infeas. leaves   :       1150
  objective leaves :          0
  nodes (total)    :       2493 (1343 internal, 1150 leaves)
  nodes left       :          0
  max depth        :         19
  max depth (total):         19
  backtracks       :        922 (37.0%)
  early backtracks :          0 (0.0%)
  nodes exc. ref.  :          0 (0.0%)
  delayed cutoffs  :        194
  repropagations   :       1456 (18243 domain reductions, 160 cutoffs)
  avg switch length:       4.27
  switching time   :       0.55
Root Node          :
  First LP value   : +0.00000000000000e+00
  First LP Iters   :        209 (57846.66 Iter/sec)
  First LP Time    :       0.00
  Final Dual Bound : +0.00000000000000e+00
  Final Root Iters :       1567
  Root LP Estimate : +7.29313844797910e-03
Solution           :
  Solutions found  :          0 (0 improvements)
  Primal Bound     : infeasible
  Dual Bound       :          -
  Gap              :       0.00 %
Integrals          :      Total       Avg%
  primal-dual      :          -          - (problem infeasible)
  primal-ref       :          -          - (problem infeasible)
  dual-ref         :          -          - (problem infeasible)
written solution information to file <results/final_flowersnark__settings_final_nopeek_relabel_respect__3__flowersnark17_3.cip.sol>
@04 1668003949
