FILENAME:   ../instances_new/flowersnark/flowersnark13_3.cip
SETTINGS:   settings_final_peek_relabel_min
TIMELIMIT:  7200
OUTPUTNAME: final_flowersnark__settings_final_peek_relabel_min__0__
BINNAME:    bin/sbcs.linux.x86_64.gnu.opt.cpx
BASENAME:   flowersnark13_3.cip
SEED:       0
@01 ../instances_new/flowersnark/flowersnark13_3.cip ===========
@02 flowersnark13_3.cip
@03 1667917867
SCIP version 8.0.2 [precision: 8 byte] [memory: block] [mode: optimized] [LP solver: CPLEX 20.1.0.0] [GitHash: 5f0473c]
Copyright (C) 2002-2022 Konrad-Zuse-Zentrum fuer Informationstechnik Berlin (ZIB)

Symretope propagation methods - (c) Jasper van Doornmalen, Christopher Hojny.
[GitHash: 2fd0484]

reading parameter file <../settings/settings_final_peek_relabel_min.set> ...

Changed settings:
limits/time = 7200
misc/usesymmetry = 1
constraints/orbisack/sepafreq = -1
constraints/symresack/sepafreq = -1
propagating/symmetry/addsymresacks = TRUE
propagating/symmetry/detectsubgroups = FALSE
propagating/symmetry/relabelsymretopes = 2
propagating/symmetry/ofsymcomptiming = 0
constraints/symretope/sepafreq = -1


solving problem ...

original problem has 234 variables (234 bin, 0 int, 0 impl, 0 cont) and 234 constraints
presolving:
(round 1, exhaustive) 0 del vars, 0 del conss, 0 add conss, 0 chg bounds, 0 chg sides, 0 chg coeffs, 234 upgd conss, 0 impls, 234 clqs
   (0.0s) probing: 51/234 (21.8%) - 0 fixings, 0 aggregations, 0 implications, 0 bound changes
   (0.0s) probing aborted: 50/50 successive totally useless probings
   (0.0s) symmetry computation started: requiring (bin +, int +, cont +), (fixed: bin -, int -, cont -)
   (0.0s) symmetry computation finished: 5 generators found (max: 1500, log10 of symmetry group size: 2.5)
(round 2, exhaustive) 7 del vars, 0 del conss, 5 add conss, 0 chg bounds, 0 chg sides, 0 chg coeffs, 234 upgd conss, 0 impls, 231 clqs
(round 3, fast)       16 del vars, 7 del conss, 5 add conss, 0 chg bounds, 0 chg sides, 0 chg coeffs, 234 upgd conss, 0 impls, 227 clqs
(round 4, medium)     17 del vars, 7 del conss, 5 add conss, 0 chg bounds, 0 chg sides, 0 chg coeffs, 234 upgd conss, 0 impls, 227 clqs
(round 5, fast)       18 del vars, 8 del conss, 5 add conss, 0 chg bounds, 0 chg sides, 0 chg coeffs, 234 upgd conss, 0 impls, 226 clqs
   (0.0s) probing: 56/234 (23.9%) - 0 fixings, 0 aggregations, 0 implications, 0 bound changes
   (0.0s) probing aborted: 50/50 successive totally useless probings
presolving (6 rounds: 6 fast, 4 medium, 3 exhaustive):
 18 deleted vars, 8 deleted constraints, 5 added constraints, 0 tightened bounds, 0 added holes, 0 changed sides, 0 changed coefficients
 0 implications, 226 cliques
presolved problem has 221 variables (221 bin, 0 int, 0 impl, 0 cont) and 231 constraints
    226 constraints of type <setppc>
      2 constraints of type <orbisack>
      2 constraints of type <orbitope>
      1 constraints of type <symretope>
transformed objective value is always integral (scale: 1)
Presolving Time: 0.01

 time | node  | left  |LP iter|LP it/n|mem/heur|mdpt |vars |cons |rows |cuts |sepa|confs|strbr|  dualbound   | primalbound  |  gap   | compl. 
  0.0s|     1 |     0 |   135 |     - |  3709k |   0 | 221 | 257 | 228 |   0 |  0 |  29 |   0 | 0.000000e+00 |      --      |    Inf | unknown
  0.1s|     1 |     0 |   448 |     - |  4010k |   0 | 221 | 459 | 229 |   5 |  1 |  31 |   0 | 0.000000e+00 |      --      |    Inf | unknown
  0.1s|     1 |     0 |   505 |     - |  4594k |   0 | 221 | 457 | 233 |   9 |  2 |  32 |   0 | 0.000000e+00 |      --      |    Inf | unknown
  0.1s|     1 |     0 |   565 |     - |  5464k |   0 | 221 | 460 | 236 |  12 |  3 |  35 |   0 | 0.000000e+00 |      --      |    Inf | unknown
  0.1s|     1 |     0 |   623 |     - |  5536k |   0 | 221 | 461 | 241 |  17 |  4 |  36 |   0 | 0.000000e+00 |      --      |    Inf | unknown
  0.1s|     1 |     0 |   690 |     - |  6744k |   0 | 221 | 466 | 244 |  20 |  5 |  41 |   0 | 0.000000e+00 |      --      |    Inf | unknown
  0.2s|     1 |     0 |   787 |     - |  7782k |   0 | 221 | 467 | 247 |  23 |  6 |  42 |   0 | 0.000000e+00 |      --      |    Inf | unknown
  0.2s|     1 |     0 |   851 |     - |  8781k |   0 | 221 | 468 | 248 |  24 |  7 |  43 |   0 | 0.000000e+00 |      --      |    Inf | unknown
  0.2s|     1 |     0 |   947 |     - |    10M |   0 | 221 | 469 | 250 |  26 |  8 |  44 |   0 | 0.000000e+00 |      --      |    Inf | unknown
  0.2s|     1 |     0 |  1016 |     - |    12M |   0 | 221 | 470 | 251 |  27 |  9 |  45 |   0 | 0.000000e+00 |      --      |    Inf | unknown
  0.3s|     1 |     0 |  1078 |     - |    13M |   0 | 221 | 471 | 251 |  28 | 10 |  46 |   0 | 0.000000e+00 |      --      |    Inf | unknown
  0.3s|     1 |     0 |  1176 |     - |    13M |   0 | 221 | 472 | 252 |  29 | 11 |  47 |   0 | 0.000000e+00 |      --      |    Inf | unknown
  0.3s|     1 |     0 |  1252 |     - |    13M |   0 | 221 | 473 | 253 |  30 | 12 |  48 |   0 | 0.000000e+00 |      --      |    Inf | unknown
  0.3s|     1 |     0 |  1336 |     - |    13M |   0 | 221 | 475 | 254 |  31 | 13 |  50 |   0 | 0.000000e+00 |      --      |    Inf | unknown
  0.3s|     1 |     0 |  1408 |     - |    13M |   0 | 221 | 477 | 255 |  32 | 14 |  52 |   0 | 0.000000e+00 |      --      |    Inf | unknown
 time | node  | left  |LP iter|LP it/n|mem/heur|mdpt |vars |cons |rows |cuts |sepa|confs|strbr|  dualbound   | primalbound  |  gap   | compl. 
  0.3s|     1 |     0 |  1489 |     - |    13M |   0 | 221 | 479 | 256 |  33 | 15 |  54 |   0 | 0.000000e+00 |      --      |    Inf | unknown
  0.4s|     1 |     2 |  1806 |     - |    13M |   0 | 221 | 490 | 256 |  33 | 15 |  66 |  10 | 0.000000e+00 |      --      |    Inf | unknown
(run 1, node 1) restarting after 6 global fixings of integer variables

(restart) converted 32 cuts from the global cut pool into linear constraints

presolving:
(round 1, fast)       10 del vars, 5 del conss, 0 add conss, 0 chg bounds, 0 chg sides, 4 chg coeffs, 0 upgd conss, 0 impls, 222 clqs
(round 2, fast)       10 del vars, 6 del conss, 0 add conss, 0 chg bounds, 0 chg sides, 4 chg coeffs, 0 upgd conss, 0 impls, 222 clqs
(round 3, medium)     14 del vars, 6 del conss, 0 add conss, 0 chg bounds, 0 chg sides, 4 chg coeffs, 0 upgd conss, 0 impls, 214 clqs
(round 4, fast)       14 del vars, 16 del conss, 0 add conss, 0 chg bounds, 0 chg sides, 4 chg coeffs, 0 upgd conss, 0 impls, 214 clqs
(round 5, exhaustive) 14 del vars, 20 del conss, 2 add conss, 0 chg bounds, 0 chg sides, 4 chg coeffs, 0 upgd conss, 0 impls, 214 clqs
(round 6, exhaustive) 14 del vars, 21 del conss, 2 add conss, 0 chg bounds, 0 chg sides, 4 chg coeffs, 0 upgd conss, 0 impls, 214 clqs
(round 7, exhaustive) 14 del vars, 53 del conss, 2 add conss, 0 chg bounds, 1 chg sides, 4 chg coeffs, 0 upgd conss, 0 impls, 214 clqs
(round 8, exhaustive) 14 del vars, 53 del conss, 2 add conss, 0 chg bounds, 1 chg sides, 4 chg coeffs, 200 upgd conss, 0 impls, 214 clqs
(round 9, exhaustive) 14 del vars, 57 del conss, 4 add conss, 0 chg bounds, 1 chg sides, 4 chg coeffs, 200 upgd conss, 0 impls, 214 clqs
(round 10, exhaustive) 14 del vars, 57 del conss, 4 add conss, 0 chg bounds, 1 chg sides, 5 chg coeffs, 200 upgd conss, 0 impls, 214 clqs
(round 11, exhaustive) 14 del vars, 57 del conss, 4 add conss, 0 chg bounds, 1 chg sides, 6 chg coeffs, 200 upgd conss, 0 impls, 214 clqs
(round 12, exhaustive) 14 del vars, 57 del conss, 4 add conss, 0 chg bounds, 1 chg sides, 7 chg coeffs, 200 upgd conss, 0 impls, 214 clqs
(round 13, exhaustive) 14 del vars, 60 del conss, 4 add conss, 0 chg bounds, 1 chg sides, 20 chg coeffs, 200 upgd conss, 0 impls, 214 clqs
(round 14, exhaustive) 14 del vars, 60 del conss, 4 add conss, 0 chg bounds, 1 chg sides, 86 chg coeffs, 200 upgd conss, 0 impls, 214 clqs
presolving (15 rounds: 15 fast, 12 medium, 11 exhaustive):
 14 deleted vars, 60 deleted constraints, 4 added constraints, 0 tightened bounds, 0 added holes, 1 changed sides, 86 changed coefficients
 0 implications, 214 cliques
presolved problem has 207 variables (207 bin, 0 int, 0 impl, 0 cont) and 466 constraints
     33 constraints of type <knapsack>
    213 constraints of type <setppc>
      2 constraints of type <orbisack>
      2 constraints of type <orbitope>
      1 constraints of type <symretope>
    215 constraints of type <logicor>
transformed objective value is always integral (scale: 1)
Presolving Time: 0.02

 time | node  | left  |LP iter|LP it/n|mem/heur|mdpt |vars |cons |rows |cuts |sepa|confs|strbr|  dualbound   | primalbound  |  gap   | compl. 
  0.4s|     1 |     0 |  2012 |     - |    11M |   0 | 207 | 470 | 244 |   0 |  0 |  70 |  10 | 0.000000e+00 |      --      |    Inf | unknown
  0.5s|     1 |     0 |  2087 |     - |    12M |   0 | 207 | 671 | 247 |   3 |  1 |  71 |  10 | 0.000000e+00 |      --      |    Inf | unknown
  0.5s|     1 |     0 |  2160 |     - |    12M |   0 | 207 | 672 | 249 |   5 |  2 |  72 |  10 | 0.000000e+00 |      --      |    Inf | unknown
  0.6s|     1 |     0 |  2223 |     - |    12M |   0 | 207 | 673 | 250 |   6 |  3 |  73 |  10 | 0.000000e+00 |      --      |    Inf | unknown
  0.6s|     1 |     0 |  2295 |     - |    13M |   0 | 207 | 675 | 252 |   8 |  4 |  75 |  10 | 0.000000e+00 |      --      |    Inf | unknown
  0.6s|     1 |     0 |  2347 |     - |    14M |   0 | 207 | 676 | 255 |  11 |  5 |  76 |  10 | 0.000000e+00 |      --      |    Inf | unknown
  0.6s|     1 |     0 |  2430 |     - |    14M |   0 | 207 | 678 | 257 |  13 |  6 |  78 |  10 | 0.000000e+00 |      --      |    Inf | unknown
  0.7s|     1 |     0 |  2515 |     - |    16M |   0 | 207 | 679 | 260 |  16 |  7 |  79 |  10 | 0.000000e+00 |      --      |    Inf | unknown
  0.7s|     1 |     0 |  2611 |     - |    17M |   0 | 207 | 680 | 263 |  19 |  8 |  80 |  10 | 0.000000e+00 |      --      |    Inf | unknown
  0.7s|     1 |     0 |  2687 |     - |    19M |   0 | 207 | 682 | 264 |  20 |  9 |  82 |  10 | 0.000000e+00 |      --      |    Inf | unknown
  0.8s|     1 |     0 |  2781 |     - |    20M |   0 | 207 | 683 | 233 |  22 | 10 |  83 |  10 | 0.000000e+00 |      --      |    Inf | unknown
  0.8s|     1 |     0 |  2846 |     - |    20M |   0 | 207 | 684 | 236 |  25 | 11 |  84 |  10 | 0.000000e+00 |      --      |    Inf | unknown
  0.8s|     1 |     2 |  2965 |     - |    20M |   0 | 207 | 687 | 236 |  25 | 11 |  87 |  20 | 0.000000e+00 |      --      |    Inf | unknown
  2.4s|   100 |     5 |  9163 |  66.3 |    21M |  15 | 207 | 845 | 221 |  40 |  0 | 247 |  20 | 0.000000e+00 |      --      |    Inf |  98.51%

SCIP Status        : problem is solved [infeasible]
Solving Time (sec) : 2.50
Solving Nodes      : 131 (total of 132 nodes in 2 runs)
Primal Bound       : +1.00000000000000e+20 (0 solutions)
Dual Bound         : +1.00000000000000e+20
Gap                : 0.00 %
SCIP Status        : problem is solved [infeasible]
Total Time         :       2.50
  solving          :       2.50
  presolving       :       0.02 (included in solving)
  reading          :       0.00
  copying          :       0.08 (31 #copies) (minimal 0.00, maximal 0.00, average 0.00)
Original Problem   :
  Problem name     : model
  Variables        : 234 (234 binary, 0 integer, 0 implicit integer, 0 continuous)
  Constraints      : 234 initial, 234 maximal
  Objective        : minimize, 0 non-zeros (abs.min = 1e+20, abs.max = -1e+20)
Presolved Problem  :
  Problem name     : t_model
  Variables        : 207 (207 binary, 0 integer, 0 implicit integer, 0 continuous)
  Constraints      : 466 initial, 892 maximal
  Objective        : minimize, 0 non-zeros (abs.min = 1e+20, abs.max = -1e+20)
  Nonzeros         : 5092 constraint, 645 clique table
Presolvers         :   ExecTime  SetupTime  Calls  FixedVars   AggrVars   ChgTypes  ChgBounds   AddHoles    DelCons    AddCons   ChgSides   ChgCoefs
  boundshift       :       0.00       0.00      0          0          0          0          0          0          0          0          0          0
  convertinttobin  :       0.00       0.00      0          0          0          0          0          0          0          0          0          0
  domcol           :       0.00       0.00      3          0          0          0          0          0          0          0          0          0
  dualagg          :       0.00       0.00      0          0          0          0          0          0          0          0          0          0
  dualcomp         :       0.00       0.00      0          0          0          0          0          0          0          0          0          0
  dualinfer        :       0.00       0.00      0          0          0          0          0          0          0          0          0          0
  dualsparsify     :       0.00       0.00      1          0          0          0          0          0          0          0          0          0
  gateextraction   :       0.00       0.00     11          0          0          0          0          0          8          4          0          0
  implics          :       0.00       0.00     16          0          0          0          0          0          0          0          0          0
  inttobinary      :       0.00       0.00      0          0          0          0          0          0          0          0          0          0
  qpkktref         :       0.00       0.00      0          0          0          0          0          0          0          0          0          0
  redvub           :       0.00       0.00      0          0          0          0          0          0          0          0          0          0
  sparsify         :       0.00       0.00      1          0          0          0          0          0          0          0          0          0
  stuffing         :       0.00       0.00      0          0          0          0          0          0          0          0          0          0
  trivial          :       0.00       0.00     21         11          0          0          0          0          0          0          0          0
  tworowbnd        :       0.00       0.00      0          0          0          0          0          0          0          0          0          0
  dualfix          :       0.00       0.00     21          0          0          0          0          0          0          0          0          0
  genvbounds       :       0.00       0.00      0          0          0          0          0          0          0          0          0          0
  probing          :       0.00       0.00      2          0          0          0          0          0          0          0          0          0
  pseudoobj        :       0.00       0.00      1          0          0          0          0          0          0          0          0          0
  symmetry         :       0.00       0.00      1          2          0          0          0          0          0          5          0          0
  vbounds          :       0.00       0.00      2          0          4          0          0          0          0          0          0          0
  knapsack         :       0.00       0.00     36          0          0          0          0          0          0          0          0          3
  setppc           :       0.00       0.00     43          0          9          0          0          0         22          0          0          0
  linear           :       0.00       0.00     12          0          0          0          0          0         32          0          1          0
  orbisack         :       0.00       0.00      4          0          0          0          0          0          0          0          0          0
  orbitope         :       0.00       0.00     14          1          0          0          0          0          0          0          0          0
  symretope        :       0.00       0.00      4          0          0          0          0          0          0          0          0          0
  logicor          :       0.00       0.00     30          0          0          0          0          0          6          0          0         83
  benders          :       0.00       0.00      0          0          0          0          0          0          0          0          0          0
  components       :       0.00       0.00      2          0          0          0          0          0          0          0          0          0
  root node        :          -          -      -          7          -          -          7          -          -          -          -          -
Constraints        :     Number  MaxNumber  #Separate #Propagate    #EnfoLP    #EnfoRelax  #EnfoPS    #Check   #ResProp    Cutoffs    DomReds       Cuts    Applied      Conss   Children
  benderslp        :          0          0          0          0         69          0          0          8          0          0          0          0          0          0          0
  integral         :          0          0          0          0         69          0          0          8          0          0          0          0          0          0        138
  knapsack         :         33+        59         11       1179          0          0          0          0         81          6        114          0          0          0          0
  setppc           :        213+       224         27       1885          0          0          0          3       1620         70       1763          0          0          0          0
  linear           :          0+       210         26       1390          0          0          0          0         25          0         45          1          1          0          0
  orbisack         :          2          2          0         24          0          0          0          0          6         12         15          0          0          0          0
  orbitope         :          2          2          0       1703          0          0          0          0         31          1         21          0          0          0          0
  symretope        :          1          1          0        192          0          0          0          0         35          2         38          0          0          0          0
  logicor          :        215+       406         27       1021          0          0          0          0        221          4        218          0          0          0          0
  benders          :          0          0          0          0          0          0          0          0          0          0          0          0          0          0          0
  countsols        :          0          0          0          0          0          0          0          0          0          0          0          0          0          0          0
  components       :          0          0          0          0          0          0          0          0          0          0          0          0          0          0          0
Constraint Timings :  TotalTime  SetupTime   Separate  Propagate     EnfoLP     EnfoPS     EnfoRelax   Check    ResProp    SB-Prop
  benderslp        :       0.00       0.00       0.00       0.00       0.00       0.00       0.00       0.00       0.00       0.00
  integral         :       0.11       0.00       0.00       0.00       0.11       0.00       0.00       0.00       0.00       0.00
  knapsack         :       0.04       0.00       0.03       0.01       0.00       0.00       0.00       0.00       0.00       0.00
  setppc           :       0.01       0.00       0.00       0.01       0.00       0.00       0.00       0.00       0.00       0.00
  linear           :       0.01       0.00       0.00       0.01       0.00       0.00       0.00       0.00       0.00       0.00
  orbisack         :       0.00       0.00       0.00       0.00       0.00       0.00       0.00       0.00       0.00       0.00
  orbitope         :       0.00       0.00       0.00       0.00       0.00       0.00       0.00       0.00       0.00       0.00
  symretope        :       0.00       0.00       0.00       0.00       0.00       0.00       0.00       0.00       0.00       0.00
  logicor          :       0.01       0.00       0.00       0.00       0.00       0.00       0.00       0.00       0.00       0.00
  benders          :       0.00       0.00       0.00       0.00       0.00       0.00       0.00       0.00       0.00       0.00
  countsols        :       0.00       0.00       0.00       0.00       0.00       0.00       0.00       0.00       0.00       0.00
  components       :       0.00       0.00       0.00       0.00       0.00       0.00       0.00       0.00       0.00       0.00
Propagators        : #Propagate   #ResProp    Cutoffs    DomReds
  dualfix          :          3          0          0          0
  genvbounds       :          0          0          0          0
  nlobbt           :          0          0          0          0
  obbt             :          0          0          0          0
  probing          :          0          0          0          0
  pseudoobj        :          0          0          0          0
  redcost          :          0          0          0          0
  rootredcost      :          0          0          0          0
  symmetry         :          0          0          0          0
  vbounds          :       1160          0          0          0
Propagator Timings :  TotalTime  SetupTime   Presolve  Propagate    ResProp    SB-Prop
  dualfix          :       0.00       0.00       0.00       0.00       0.00       0.00
  genvbounds       :       0.00       0.00       0.00       0.00       0.00       0.00
  nlobbt           :       0.00       0.00       0.00       0.00       0.00       0.00
  obbt             :       0.00       0.00       0.00       0.00       0.00       0.00
  probing          :       0.00       0.00       0.00       0.00       0.00       0.00
  pseudoobj        :       0.00       0.00       0.00       0.00       0.00       0.00
  redcost          :       0.00       0.00       0.00       0.00       0.00       0.00
  rootredcost      :       0.00       0.00       0.00       0.00       0.00       0.00
  symmetry         :       0.00       0.00       0.00       0.00       0.00       0.00
  vbounds          :       0.00       0.00       0.00       0.00       0.00       0.00
Orbital fixing     :
  vars fixed to 0  :          0
  vars fixed to 1  :          0
Conflict Analysis  :       Time      Calls    Success    DomReds  Conflicts   Literals    Reconvs ReconvLits   Dualrays   Nonzeros   LP Iters   (pool size: [10000,10000])
  propagation      :       0.00         84         81          -        143        7.7          4        3.8          -          -          -
  infeasible LP    :       0.00         58         55          -        151       11.7          3        4.3         39        9.7          0
  bound exceed. LP :       0.00          0          0          -          0        0.0          0        0.0          0        0.0          0
  strong branching :       0.00          0          0          -          0        0.0          0        0.0          -          -          0
  pseudo solution  :       0.00          0          0          -          0        0.0          0        0.0          -          -          -
  applied globally :       0.00          -          -          0        256        7.9          -          -         38          -          -
  applied locally  :          -          -          -          0          0        0.0          -          -          1          -          -
Separators         :   ExecTime  SetupTime      Calls  RootCalls    Cutoffs    DomReds  FoundCuts ViaPoolAdd  DirectAdd    Applied ViaPoolApp  DirectApp      Conss
  cut pool         :       0.04          -         78         50          -          -       3767       2813          -          -          -          -          -    (maximal pool size:       2410)
  aggregation      :       0.07       0.00         42         26          0          0          0          0          0          0          0          0          0
  > cmir           :          -          -          -          -          -          -          -          0          0          0          0          0          -
  > flowcover      :          -          -          -          -          -          -          -          0          0          0          0          0          -
  > knapsackcover  :          -          -          -          -          -          -          -          0          0          0          0          0          -
  cgmip            :       0.00       0.00          0          0          0          0          0          0          0          0          0          0          0
  clique           :       0.01       0.00         26         26          0          0          0          0          0          0          0          0          0
  closecuts        :       0.00       0.00          0          0          0          0          0          0          0          0          0          0          0
  convexproj       :       0.00       0.00          0          0          0          0          0          0          0          0          0          0          0
  disjunctive      :       0.00       0.00          0          0          0          0          0          0          0          0          0          0          0
  eccuts           :       0.00       0.00          0          0          0          0          0          0          0          0          0          0          0
  gauge            :       0.00       0.00          0          0          0          0          0          0          0          0          0          0          0
  gomory           :       0.32       0.00         36         20          0          0       3951       2757        232         39         33          6          0
  > gomorymi       :          -          -          -          -          -          -          -       1414        116         14         11          3          -
  > strongcg       :          -          -          -          -          -          -          -       1343        116         25         22          3          -
  impliedbounds    :       0.00       0.00         42         26          0          2          0          0          0          0          0          0          0
  interminor       :       0.00       0.00          0          0          0          0          0          0          0          0          0          0          0
  intobj           :       0.00       0.00          0          0          0          0          0          0          0          0          0          0          0
  mcf              :       0.00       0.00          2          2          0          0          0          0          0          0          0          0          0
  minor            :       0.00       0.00          0          0          0          0          0          0          0          0          0          0          0
  mixing           :       0.00       0.00          0          0          0          0          0          0          0          0          0          0          0
  oddcycle         :       0.00       0.00          0          0          0          0          0          0          0          0          0          0          0
  rapidlearning    :       1.48       0.00         29          2          0       3083          0          0          0          0          0          0        510
  rlt              :       0.00       0.00         20         20          0          0          0          0          0          0          0          0          0
  zerohalf         :       0.03       0.00         42         26          0          0         65         56         17         54         40         14          0
Cutselectors       :   ExecTime  SetupTime      Calls  RootCalls   Selected     Forced   Filtered  RootSelec   RootForc   RootFilt 
  hybrid           :       0.00       0.00         42         26         94          0       2969         58          0       2383
Pricers            :   ExecTime  SetupTime      Calls       Vars
  problem variables:       0.00          -          0          0
Branching Rules    :   ExecTime  SetupTime   BranchLP  BranchExt   BranchPS    Cutoffs    DomReds       Cuts      Conss   Children
  allfullstrong    :       0.00       0.00          0          0          0          0          0          0          0          0
  cloud            :       0.00       0.00          0          0          0          0          0          0          0          0
  distribution     :       0.00       0.00          0          0          0          0          0          0          0          0
  fullstrong       :       0.00       0.00          0          0          0          0          0          0          0          0
  inference        :       0.00       0.00          0          0          0          0          0          0          0          0
  leastinf         :       0.00       0.00          0          0          0          0          0          0          0          0
  lookahead        :       0.00       0.00          0          0          0          0          0          0          0          0
  mostinf          :       0.00       0.00          0          0          0          0          0          0          0          0
  multaggr         :       0.00       0.00          0          0          0          0          0          0          0          0
  nodereopt        :       0.00       0.00          0          0          0          0          0          0          0          0
  pscost           :       0.00       0.00          0          0          0          0          0          0          0          0
  random           :       0.00       0.00          0          0          0          0          0          0          0          0
  relpscost        :       0.11       0.00         69          0          0          0          0          0          0        138
  vanillafullstrong:       0.00       0.00          0          0          0          0          0          0          0          0
Primal Heuristics  :   ExecTime  SetupTime      Calls      Found       Best
  LP solutions     :       0.00          -          -          0          0
  relax solutions  :       0.00          -          -          0          0
  pseudo solutions :       0.00          -          -          0          0
  strong branching :       0.00          -          -          0          0
  actconsdiving    :       0.00       0.00          0          0          0
  adaptivediving   :       0.00       0.00          1          0          0
  alns             :       0.01       0.00          2          0          0
  bound            :       0.00       0.00          0          0          0
  clique           :       0.00       0.00          1          0          0
  coefdiving       :       0.00       0.00          0          0          0
  completesol      :       0.00       0.00          0          0          0
  conflictdiving   :       0.01       0.00          2          0          0
  crossover        :       0.00       0.00          0          0          0
  dins             :       0.00       0.00          0          0          0
  distributiondivin:       0.00       0.00          0          0          0
  dps              :       0.00       0.00          0          0          0
  dualval          :       0.00       0.00          0          0          0
  farkasdiving     :       0.00       0.00          0          0          0
  feaspump         :       0.01       0.00          1          0          0
  fixandinfer      :       0.00       0.00          0          0          0
  fracdiving       :       0.00       0.00          1          0          0
  gins             :       0.00       0.00          0          0          0
  guideddiving     :       0.00       0.00          0          0          0
  indicator        :       0.00       0.00          0          0          0
  intdiving        :       0.00       0.00          0          0          0
  intshifting      :       0.00       0.00          0          0          0
  linesearchdiving :       0.00       0.00          0          0          0
  localbranching   :       0.00       0.00          0          0          0
  locks            :       0.00       0.00          1          0          0
  lpface           :       0.00       0.00          0          0          0
  mpec             :       0.00       0.00          0          0          0
  multistart       :       0.00       0.00          0          0          0
  mutation         :       0.00       0.00          0          0          0
  nlpdiving        :       0.00       0.00          0          0          0
  objpscostdiving  :       0.00       0.00          0          0          0
  octane           :       0.00       0.00          0          0          0
  ofins            :       0.00       0.00          0          0          0
  oneopt           :       0.00       0.00          0          0          0
  padm             :       0.00       0.00          0          0          0
  proximity        :       0.00       0.00          0          0          0
  pscostdiving     :       0.01       0.00          1          0          0
  randrounding     :       0.02       0.00         28          0          0
  rens             :       0.00       0.00          0          0          0
  reoptsols        :       0.00       0.00          0          0          0
  repair           :       0.00       0.00          0          0          0
  rins             :       0.00       0.00          0          0          0
  rootsoldiving    :       0.00       0.00          0          0          0
  rounding         :       0.01       0.00        121          0          0
  shiftandpropagate:       0.00       0.00          2          0          0
  shifting         :       0.01       0.00         49          0          0
  simplerounding   :       0.00       0.00          0          0          0
  subnlp           :       0.00       0.00          0          0          0
  trivial          :       0.00       0.00          2          0          0
  trivialnegation  :       0.00       0.00          0          0          0
  trustregion      :       0.00       0.00          0          0          0
  trysol           :       0.00       0.00          0          0          0
  twoopt           :       0.00       0.00          0          0          0
  undercover       :       0.00       0.00          0          0          0
  vbounds          :       0.00       0.00          2          0          0
  veclendiving     :       0.00       0.00          1          0          0
  zeroobj          :       0.00       0.00          0          0          0
  zirounding       :       0.00       0.00         69          0          0
  other solutions  :          -          -          -          0          -
LP                 :       Time      Calls Iterations  Iter/call   Iter/sec  Time-0-It Calls-0-It    ItLimit
  primal LP        :       0.01         10          0       0.00          -       0.01         10
  dual LP          :       0.24        194       9771      51.70   40257.09       0.00          5
  lex dual LP      :       0.00          0          0       0.00          -
  barrier LP       :       0.00          0          0       0.00          -       0.00          0
  resolve instable :       0.00          0          0       0.00          -
  diving/probing LP:       0.02         23        933      40.57   38251.81
  strong branching :       0.10         20       3677     183.85   35762.92          -          -          0
    (at root node) :          -         20       3677     183.85          -
  conflict analysis:       0.00          0          0       0.00          -
B&B Tree           :
  number of runs   :          2
  nodes            :        131 (68 internal, 63 leaves)
  feasible leaves  :          0
  infeas. leaves   :         63
  objective leaves :          0
  nodes (total)    :        132 (69 internal, 63 leaves)
  nodes left       :          0
  max depth        :         15
  max depth (total):         15
  backtracks       :         44 (33.6%)
  early backtracks :          0 (0.0%)
  nodes exc. ref.  :          0 (0.0%)
  delayed cutoffs  :          6
  repropagations   :         38 (546 domain reductions, 6 cutoffs)
  avg switch length:       2.66
  switching time   :       0.02
Root Node          :
  First LP value   : +0.00000000000000e+00
  First LP Iters   :        135 (53892.22 Iter/sec)
  First LP Time    :       0.00
  Final Dual Bound : +0.00000000000000e+00
  Final Root Iters :       2529
  Root LP Estimate : +5.91045466180917e-03
Solution           :
  Solutions found  :          0 (0 improvements)
  Primal Bound     : infeasible
  Dual Bound       :          -
  Gap              :       0.00 %
Integrals          :      Total       Avg%
  primal-dual      :          -          - (problem infeasible)
  primal-ref       :          -          - (problem infeasible)
  dual-ref         :          -          - (problem infeasible)
written solution information to file <results/final_flowersnark__settings_final_peek_relabel_min__0__flowersnark13_3.cip.sol>
@04 1667917869
