FILENAME:   ../instances_new/flowersnark/flowersnark21_3.cip
SETTINGS:   settings_final_nosymretope_norelabel
TIMELIMIT:  7200
OUTPUTNAME: final_flowersnark__settings_final_nosymretope_norelabel__3__
BINNAME:    bin/sbcs.linux.x86_64.gnu.opt.cpx
BASENAME:   flowersnark21_3.cip
SEED:       3
@01 ../instances_new/flowersnark/flowersnark21_3.cip ===========
@02 flowersnark21_3.cip
@03 1668002612
SCIP version 8.0.2 [precision: 8 byte] [memory: block] [mode: optimized] [LP solver: CPLEX 20.1.0.0] [GitHash: 5f0473c]
Copyright (C) 2002-2022 Konrad-Zuse-Zentrum fuer Informationstechnik Berlin (ZIB)

Symretope propagation methods - (c) Jasper van Doornmalen, Christopher Hojny.
[GitHash: 2fd0484]

reading parameter file <../settings/settings_final_nosymretope_norelabel.set> ...

Changed settings:
limits/time = 7200
misc/usesymmetry = 1
randomization/randomseedshift = 3
constraints/orbisack/sepafreq = -1
constraints/symresack/sepafreq = -1
propagating/symmetry/addsymresacks = TRUE
propagating/symmetry/detectsubgroups = FALSE
propagating/symmetry/usesymretopes = FALSE
propagating/symmetry/relabelsymretopes = 0
propagating/symmetry/ofsymcomptiming = 0
constraints/symretope/sepafreq = -1
constraints/symretope/peek = FALSE


solving problem ...

original problem has 378 variables (378 bin, 0 int, 0 impl, 0 cont) and 378 constraints
presolving:
(round 1, exhaustive) 0 del vars, 0 del conss, 0 add conss, 0 chg bounds, 0 chg sides, 0 chg coeffs, 378 upgd conss, 0 impls, 378 clqs
   (0.0s) probing: 51/378 (13.5%) - 0 fixings, 0 aggregations, 0 implications, 0 bound changes
   (0.0s) probing aborted: 50/50 successive totally useless probings
   (0.0s) symmetry computation started: requiring (bin +, int +, cont +), (fixed: bin -, int -, cont -)
   (0.0s) symmetry computation finished: 5 generators found (max: 1500, log10 of symmetry group size: 2.7)
(round 2, exhaustive) 7 del vars, 0 del conss, 5 add conss, 0 chg bounds, 0 chg sides, 0 chg coeffs, 378 upgd conss, 0 impls, 375 clqs
(round 3, fast)       16 del vars, 7 del conss, 5 add conss, 0 chg bounds, 0 chg sides, 0 chg coeffs, 378 upgd conss, 0 impls, 371 clqs
(round 4, medium)     22 del vars, 7 del conss, 5 add conss, 0 chg bounds, 0 chg sides, 0 chg coeffs, 378 upgd conss, 0 impls, 367 clqs
(round 5, fast)       31 del vars, 15 del conss, 5 add conss, 0 chg bounds, 0 chg sides, 0 chg coeffs, 378 upgd conss, 0 impls, 363 clqs
   (0.0s) probing: 165/378 (43.7%) - 0 fixings, 1 aggregations, 39 implications, 0 bound changes
   (0.0s) probing aborted: 50/50 successive totally useless probings
(round 6, exhaustive) 32 del vars, 15 del conss, 5 add conss, 0 chg bounds, 0 chg sides, 0 chg coeffs, 378 upgd conss, 0 impls, 397 clqs
(round 7, fast)       32 del vars, 17 del conss, 5 add conss, 0 chg bounds, 0 chg sides, 0 chg coeffs, 378 upgd conss, 0 impls, 397 clqs
   (0.0s) probing cycle finished: starting next cycle
   (0.0s) probing: 93/352 (26.4%) - 0 fixings, 9 aggregations, 149 implications, 0 bound changes
   (0.0s) probing aborted: 50/50 successive totally useless probings
(round 8, exhaustive) 40 del vars, 17 del conss, 5 add conss, 0 chg bounds, 0 chg sides, 0 chg coeffs, 378 upgd conss, 0 impls, 497 clqs
(round 9, fast)       40 del vars, 27 del conss, 5 add conss, 0 chg bounds, 0 chg sides, 0 chg coeffs, 378 upgd conss, 0 impls, 497 clqs
   (0.0s) probing: 98/352 (27.8%) - 0 fixings, 9 aggregations, 149 implications, 0 bound changes
   (0.0s) probing aborted: 50/50 successive totally useless probings
presolving (10 rounds: 10 fast, 6 medium, 5 exhaustive):
 40 deleted vars, 27 deleted constraints, 5 added constraints, 0 tightened bounds, 0 added holes, 0 changed sides, 0 changed coefficients
 0 implications, 497 cliques
presolved problem has 348 variables (348 bin, 0 int, 0 impl, 0 cont) and 356 constraints
    351 constraints of type <setppc>
      2 constraints of type <orbisack>
      2 constraints of type <orbitope>
      1 constraints of type <symresack>
transformed objective value is always integral (scale: 1)
Presolving Time: 0.03

 time | node  | left  |LP iter|LP it/n|mem/heur|mdpt |vars |cons |rows |cuts |sepa|confs|strbr|  dualbound   | primalbound  |  gap   | compl. 
  0.0s|     1 |     0 |   138 |     - |  4902k |   0 | 348 | 420 | 351 |   0 |  0 |  63 |   0 | 0.000000e+00 |      --      |    Inf | unknown
  0.1s|     1 |     0 |   791 |     - |  5162k |   0 | 348 | 621 | 354 |   3 |  1 |  64 |   0 | 0.000000e+00 |      --      |    Inf | unknown
  0.1s|     1 |     0 |   857 |     - |  5849k |   0 | 348 | 622 | 357 |   6 |  2 |  65 |   0 | 0.000000e+00 |      --      |    Inf | unknown
  0.2s|     1 |     0 |   919 |     - |  6733k |   0 | 348 | 623 | 359 |   8 |  3 |  66 |   0 | 0.000000e+00 |      --      |    Inf | unknown
  0.2s|     1 |     0 |  1005 |     - |  8194k |   0 | 348 | 624 | 363 |  12 |  4 |  67 |   0 | 0.000000e+00 |      --      |    Inf | unknown
  0.2s|     1 |     0 |  1085 |     - |  8378k |   0 | 348 | 626 | 365 |  14 |  5 |  69 |   0 | 0.000000e+00 |      --      |    Inf | unknown
  0.2s|     1 |     0 |  1185 |     - |  9751k |   0 | 348 | 627 | 367 |  16 |  6 |  70 |   0 | 0.000000e+00 |      --      |    Inf | unknown
  0.3s|     1 |     0 |  1314 |     - |    11M |   0 | 348 | 628 | 369 |  18 |  7 |  71 |   0 | 0.000000e+00 |      --      |    Inf | unknown
  0.3s|     1 |     0 |  1419 |     - |    13M |   0 | 348 | 629 | 371 |  20 |  8 |  72 |   0 | 0.000000e+00 |      --      |    Inf | unknown
  0.3s|     1 |     0 |  1482 |     - |    15M |   0 | 348 | 630 | 373 |  22 |  9 |  73 |   0 | 0.000000e+00 |      --      |    Inf | unknown
  0.4s|     1 |     0 |  1644 |     - |    18M |   0 | 348 | 631 | 376 |  25 | 10 |  74 |   0 | 0.000000e+00 |      --      |    Inf | unknown
  0.4s|     1 |     0 |  1698 |     - |    18M |   0 | 348 | 632 | 377 |  26 | 11 |  75 |   0 | 0.000000e+00 |      --      |    Inf | unknown
  0.4s|     1 |     0 |  1746 |     - |    18M |   0 | 348 | 633 | 378 |  27 | 12 |  76 |   0 | 0.000000e+00 |      --      |    Inf | unknown
  0.4s|     1 |     0 |  1807 |     - |    18M |   0 | 348 | 636 | 379 |  28 | 13 |  79 |   0 | 0.000000e+00 |      --      |    Inf | unknown
  0.4s|     1 |     0 |  1862 |     - |    18M |   0 | 348 | 637 | 371 |  30 | 14 |  80 |   0 | 0.000000e+00 |      --      |    Inf | unknown
 time | node  | left  |LP iter|LP it/n|mem/heur|mdpt |vars |cons |rows |cuts |sepa|confs|strbr|  dualbound   | primalbound  |  gap   | compl. 
  0.4s|     1 |     0 |  1902 |     - |    18M |   0 | 348 | 638 | 372 |  31 | 15 |  81 |   0 | 0.000000e+00 |      --      |    Inf | unknown
  0.4s|     1 |     2 |  1902 |     - |    18M |   0 | 348 | 641 | 372 |  31 | 15 |  84 |  11 | 0.000000e+00 |      --      |    Inf | unknown
  1.2s|   100 |    36 |  9244 |  74.2 |    19M |  12 | 348 | 968 | 358 |  77 |  1 | 412 |  11 | 0.000000e+00 |      --      |    Inf |   9.81%
  1.8s|   200 |    60 | 14865 |  65.1 |    21M |  13 | 348 |1304 | 356 | 130 |  1 | 748 |  11 | 0.000000e+00 |      --      |    Inf |  16.99%
  2.4s|   300 |    72 | 20361 |  61.7 |    23M |  19 | 348 |1688 | 358 | 222 |  1 |1140 |  11 | 0.000000e+00 |      --      |    Inf |  19.34%
  2.6s|   400 |    82 | 23992 |  55.4 |    23M |  20 | 348 |1974 | 358 | 225 |  1 |1426 |  11 | 0.000000e+00 |      --      |    Inf |  19.55%
  2.9s|   500 |    80 | 27619 |  51.5 |    24M |  20 | 348 |2195 | 358 | 245 |  1 |1661 |  11 | 0.000000e+00 |      --      |    Inf |  20.14%
  3.6s|   600 |    70 | 32167 |  50.5 |    24M |  20 | 348 |2407 | 359 | 278 |  0 |1892 |  11 | 0.000000e+00 |      --      |    Inf |  23.99%
  3.8s|   700 |    84 | 36544 |  49.6 |    25M |  20 | 348 |2627 | 360 | 304 |  1 |2133 |  11 | 0.000000e+00 |      --      |    Inf |  24.61%
  4.1s|   800 |    89 | 40222 |  48.0 |    25M |  20 | 348 |2813 |   0 | 331 |  0 |2338 |  11 | 0.000000e+00 |      --      |    Inf |  25.00%
  4.3s|   900 |    84 | 44157 |  47.0 |    25M |  20 | 348 |3005 | 356 | 348 |  0 |2550 |  11 | 0.000000e+00 |      --      |    Inf |  25.49%
  5.0s|  1000 |    81 | 50136 |  48.3 |    26M |  20 | 348 |3169 | 356 | 413 |  1 |2757 |  11 | 0.000000e+00 |      --      |    Inf |  32.75%
  5.7s|  1100 |   102 | 55521 |  48.8 |    26M |  20 | 348 |3350 |   0 | 469 |  0 |2992 |  11 | 0.000000e+00 |      --      |    Inf |  37.32%
  6.1s|  1200 |    91 | 60756 |  49.1 |    26M |  20 | 348 |3464 | 360 | 530 |  1 |3231 |  11 | 0.000000e+00 |      --      |    Inf |  39.19%
  6.4s|  1300 |   112 | 65981 |  49.3 |    27M |  20 | 348 |3608 | 358 | 550 |  1 |3480 |  11 | 0.000000e+00 |      --      |    Inf |  39.29%
Restart triggered after 50 consecutive estimations that the remaining tree will be large
(run 1, node 1304) performing user restart

(restart) converted 5 cuts from the global cut pool into linear constraints

presolving:
(round 1, fast)       0 del vars, 49 del conss, 0 add conss, 0 chg bounds, 0 chg sides, 0 chg coeffs, 0 upgd conss, 0 impls, 501 clqs
(round 2, exhaustive) 0 del vars, 67 del conss, 9 add conss, 0 chg bounds, 0 chg sides, 0 chg coeffs, 0 upgd conss, 0 impls, 502 clqs
(round 3, exhaustive) 0 del vars, 70 del conss, 9 add conss, 0 chg bounds, 0 chg sides, 0 chg coeffs, 0 upgd conss, 0 impls, 502 clqs
(round 4, exhaustive) 0 del vars, 78 del conss, 9 add conss, 0 chg bounds, 8 chg sides, 0 chg coeffs, 0 upgd conss, 0 impls, 502 clqs
(round 5, exhaustive) 0 del vars, 78 del conss, 9 add conss, 0 chg bounds, 8 chg sides, 0 chg coeffs, 197 upgd conss, 0 impls, 502 clqs
(round 6, exhaustive) 0 del vars, 86 del conss, 13 add conss, 0 chg bounds, 8 chg sides, 0 chg coeffs, 197 upgd conss, 0 impls, 502 clqs
(round 7, exhaustive) 0 del vars, 403 del conss, 13 add conss, 0 chg bounds, 8 chg sides, 343 chg coeffs, 197 upgd conss, 0 impls, 502 clqs
(round 8, exhaustive) 0 del vars, 419 del conss, 13 add conss, 0 chg bounds, 8 chg sides, 343 chg coeffs, 197 upgd conss, 0 impls, 502 clqs
(round 9, exhaustive) 0 del vars, 419 del conss, 13 add conss, 0 chg bounds, 8 chg sides, 363 chg coeffs, 197 upgd conss, 0 impls, 502 clqs
presolving (10 rounds: 10 fast, 9 medium, 9 exhaustive):
 0 deleted vars, 419 deleted constraints, 13 added constraints, 0 tightened bounds, 0 added holes, 8 changed sides, 363 changed coefficients
 0 implications, 502 cliques
presolved problem has 348 variables (348 bin, 0 int, 0 impl, 0 cont) and 3208 constraints
     91 constraints of type <knapsack>
    353 constraints of type <setppc>
      6 constraints of type <linear>
      2 constraints of type <orbisack>
      2 constraints of type <orbitope>
      1 constraints of type <symresack>
   2753 constraints of type <logicor>
transformed objective value is always integral (scale: 1)
Presolving Time: 0.12

 time | node  | left  |LP iter|LP it/n|mem/heur|mdpt |vars |cons |rows |cuts |sepa|confs|strbr|  dualbound   | primalbound  |  gap   | compl. 
  6.5s|     1 |     0 | 66482 |     - |    30M |   0 | 348 |3222 | 356 |   0 |  0 |3501 |  11 | 0.000000e+00 |      --      |    Inf | unknown
  6.7s|     1 |     0 | 66547 |     - |    30M |   0 | 348 |3409 | 360 |   4 |  1 |3502 |  11 | 0.000000e+00 |      --      |    Inf | unknown
  6.8s|     1 |     0 | 66616 |     - |    30M |   0 | 348 |3411 | 362 |   6 |  2 |3504 |  11 | 0.000000e+00 |      --      |    Inf | unknown
  6.8s|     1 |     0 | 66668 |     - |    30M |   0 | 348 |3414 | 365 |   9 |  3 |3507 |  11 | 0.000000e+00 |      --      |    Inf | unknown
  6.8s|     1 |     0 | 66717 |     - |    30M |   0 | 348 |3417 | 369 |  13 |  4 |3510 |  11 | 0.000000e+00 |      --      |    Inf | unknown
  6.8s|     1 |     0 | 66756 |     - |    30M |   0 | 348 |3419 | 371 |  15 |  5 |3512 |  11 | 0.000000e+00 |      --      |    Inf | unknown
  6.8s|     1 |     0 | 66854 |     - |    30M |   0 | 348 |3421 | 374 |  18 |  6 |3514 |  11 | 0.000000e+00 |      --      |    Inf | unknown
  6.9s|     1 |     0 | 66957 |     - |    30M |   0 | 348 |3422 | 377 |  21 |  7 |3515 |  11 | 0.000000e+00 |      --      |    Inf | unknown
  6.9s|     1 |     0 | 67025 |     - |    30M |   0 | 348 |3423 | 380 |  24 |  8 |3516 |  11 | 0.000000e+00 |      --      |    Inf | unknown
  6.9s|     1 |     0 | 67086 |     - |    30M |   0 | 348 |3425 | 381 |  25 |  9 |3518 |  11 | 0.000000e+00 |      --      |    Inf | unknown
  7.0s|     1 |     0 | 67184 |     - |    31M |   0 | 348 |3426 | 383 |  27 | 10 |3519 |  11 | 0.000000e+00 |      --      |    Inf | unknown
  7.0s|     1 |     0 | 67245 |     - |    31M |   0 | 348 |3428 | 375 |  28 | 11 |3521 |  11 | 0.000000e+00 |      --      |    Inf | unknown
  7.0s|     1 |     0 | 67282 |     - |    31M |   0 | 348 |3430 | 376 |  29 | 12 |3523 |  11 | 0.000000e+00 |      --      |    Inf | unknown
  7.1s|     1 |     2 | 67640 |     - |    31M |   0 | 348 |3438 | 376 |  29 | 12 |3531 |  21 | 0.000000e+00 |      --      |    Inf | unknown
  8.0s|   100 |    69 | 75173 |  51.4 |    32M |  15 | 348 |3687 | 361 |  85 |  1 |3789 |  21 | 0.000000e+00 |      --      |    Inf | unknown
 time | node  | left  |LP iter|LP it/n|mem/heur|mdpt |vars |cons |rows |cuts |sepa|confs|strbr|  dualbound   | primalbound  |  gap   | compl. 
  8.9s|   200 |   112 | 81881 |  52.4 |    33M |  19 | 348 |3826 | 360 | 106 |  1 |4144 |  21 | 0.000000e+00 |      --      |    Inf | unknown
  9.3s|   300 |   114 | 87289 |  52.5 |    34M |  19 | 348 |3603 | 359 | 133 |  1 |4610 |  21 | 0.000000e+00 |      --      |    Inf |   1.08%
  9.6s|   400 |   133 | 90740 |  51.5 |    35M |  20 | 348 |3656 |   0 | 133 |  0 |4983 |  21 | 0.000000e+00 |      --      |    Inf |   1.18%
 10.0s|   500 |   137 | 94591 |  50.8 |    35M |  20 | 348 |3577 | 359 | 147 |  1 |5214 |  21 | 0.000000e+00 |      --      |    Inf |   1.38%
 10.2s|   600 |   145 | 97848 |  49.8 |    35M |  20 | 348 |3530 | 360 | 147 |  1 |5398 |  21 | 0.000000e+00 |      --      |    Inf |   1.47%
 10.5s|   700 |   121 |101518 |  49.2 |    35M |  20 | 348 |3454 | 358 | 176 |  1 |5619 |  21 | 0.000000e+00 |      --      |    Inf |   2.04%
 10.9s|   800 |   122 |107262 |  49.6 |    35M |  20 | 348 |3442 | 360 | 194 |  1 |5806 |  21 | 0.000000e+00 |      --      |    Inf |   2.42%
 11.2s|   900 |   111 |111034 |  49.0 |    35M |  20 | 348 |3470 | 358 | 228 |  1 |6015 |  21 | 0.000000e+00 |      --      |    Inf |   3.46%
 11.6s|  1000 |   112 |117008 |  49.5 |    35M |  20 | 348 |3461 | 360 | 278 |  0 |6180 |  21 | 0.000000e+00 |      --      |    Inf |   4.26%
 12.1s|  1100 |   126 |121207 |  49.2 |    35M |  20 | 348 |3475 | 358 | 310 |  0 |6371 |  21 | 0.000000e+00 |      --      |    Inf |   4.73%
 12.3s|  1200 |   142 |123712 |  48.2 |    35M |  20 | 348 |3653 | 360 | 342 |  1 |6729 |  21 | 0.000000e+00 |      --      |    Inf |   5.25%
 12.5s|  1300 |   138 |125240 |  46.9 |    35M |  20 | 348 |3780 | 359 | 356 |  1 |6988 |  21 | 0.000000e+00 |      --      |    Inf |   6.10%
 12.8s|  1400 |   130 |127359 |  46.0 |    35M |  20 | 348 |3831 | 359 | 394 |  0 |7220 |  21 | 0.000000e+00 |      --      |    Inf |   6.71%
 13.2s|  1500 |   127 |130328 |  45.4 |    35M |  20 | 348 |3775 | 360 | 404 |  1 |7405 |  21 | 0.000000e+00 |      --      |    Inf |   7.20%
 13.8s|  1600 |   142 |133820 |  45.0 |    36M |  20 | 348 |3548 | 361 | 468 |  1 |7542 |  21 | 0.000000e+00 |      --      |    Inf |   8.82%
 time | node  | left  |LP iter|LP it/n|mem/heur|mdpt |vars |cons |rows |cuts |sepa|confs|strbr|  dualbound   | primalbound  |  gap   | compl. 
 14.2s|  1700 |   136 |136317 |  44.4 |    36M |  20 | 348 |3575 | 360 | 509 |  1 |7693 |  21 | 0.000000e+00 |      --      |    Inf |   9.91%
 14.7s|  1800 |   154 |139626 |  44.0 |    36M |  20 | 348 |3697 |   0 | 535 |  0 |7948 |  21 | 0.000000e+00 |      --      |    Inf |  16.62%
 14.9s|  1900 |   175 |143833 |  44.0 |    36M |  20 | 348 |3759 | 359 | 554 |  0 |8131 |  21 | 0.000000e+00 |      --      |    Inf |  16.71%
 15.1s|  2000 |   178 |146118 |  43.3 |    36M |  20 | 348 |3925 | 359 | 554 |  0 |8350 |  21 | 0.000000e+00 |      --      |    Inf |  16.75%
 15.7s|  2100 |   191 |149738 |  43.1 |    36M |  20 | 348 |3903 | 358 | 554 |  1 |8501 |  21 | 0.000000e+00 |      --      |    Inf |  16.80%
 16.4s|  2200 |   230 |153023 |  42.8 |    36M |  20 | 348 |4049 | 358 | 603 |  1 |8830 |  21 | 0.000000e+00 |      --      |    Inf |  17.84%
 16.6s|  2300 |   248 |155726 |  42.4 |    36M |  20 | 348 |4111 | 359 | 636 |  1 |9063 |  21 | 0.000000e+00 |      --      |    Inf |  18.60%
 17.1s|  2400 |   279 |159508 |  42.3 |    36M |  20 | 348 |4249 | 360 | 713 |  1 |9352 |  21 | 0.000000e+00 |      --      |    Inf |  19.24%
 17.3s|  2500 |   297 |161952 |  41.8 |    37M |  20 | 348 |4422 | 359 | 728 |  1 |9630 |  21 | 0.000000e+00 |      --      |    Inf |  19.43%
 17.5s|  2600 |   289 |163977 |  41.2 |    37M |  20 | 348 |4546 | 362 | 728 |  0 |9850 |  21 | 0.000000e+00 |      --      |    Inf |  19.68%
 17.7s|  2700 |   290 |166835 |  40.9 |    37M |  20 | 348 |4596 | 362 | 734 |  1 |  10k|  21 | 0.000000e+00 |      --      |    Inf |  19.84%
 18.1s|  2800 |   314 |171265 |  41.0 |    37M |  20 | 348 |4632 | 360 | 776 |  1 |  10k|  21 | 0.000000e+00 |      --      |    Inf |  20.34%
 18.7s|  2900 |   330 |174991 |  40.9 |    37M |  20 | 348 |4686 | 363 | 831 |  1 |  10k|  21 | 0.000000e+00 |      --      |    Inf |  21.59%
 19.0s|  3000 |   340 |178610 |  40.8 |    37M |  20 | 348 |4754 | 361 | 873 |  1 |  10k|  21 | 0.000000e+00 |      --      |    Inf |  22.12%
 19.3s|  3100 |   339 |180924 |  40.4 |    37M |  20 | 348 |4752 | 361 | 905 |  0 |  11k|  21 | 0.000000e+00 |      --      |    Inf |  22.72%
 time | node  | left  |LP iter|LP it/n|mem/heur|mdpt |vars |cons |rows |cuts |sepa|confs|strbr|  dualbound   | primalbound  |  gap   | compl. 
 19.6s|  3200 |   331 |184627 |  40.3 |    38M |  20 | 348 |4684 | 359 | 927 |  1 |  11k|  21 | 0.000000e+00 |      --      |    Inf |  23.18%
 19.8s|  3300 |   322 |187435 |  40.1 |    38M |  20 | 348 |4672 | 363 | 934 |  1 |  11k|  21 | 0.000000e+00 |      --      |    Inf |  23.45%
 20.1s|  3400 |   325 |190582 |  39.9 |    38M |  20 | 348 |4626 | 361 | 941 |  1 |  11k|  21 | 0.000000e+00 |      --      |    Inf |  23.85%
 20.4s|  3500 |   319 |193536 |  39.7 |    38M |  20 | 348 |4568 |   0 | 997 |  0 |  11k|  21 | 0.000000e+00 |      --      |    Inf |  24.36%
 20.9s|  3600 |   325 |196854 |  39.5 |    38M |  20 | 348 |4391 | 360 |1022 |  1 |  11k|  21 | 0.000000e+00 |      --      |    Inf |  24.85%
 21.3s|  3700 |   330 |199905 |  39.3 |    38M |  20 | 348 |4435 | 362 |1047 |  1 |  12k|  21 | 0.000000e+00 |      --      |    Inf |  25.44%
 21.6s|  3800 |   348 |203940 |  39.4 |    38M |  20 | 348 |4253 | 362 |1079 |  1 |  12k|  21 | 0.000000e+00 |      --      |    Inf |  27.38%
 21.9s|  3900 |   330 |206580 |  39.1 |    38M |  20 | 348 |4318 | 364 |1112 |  4 |  12k|  21 | 0.000000e+00 |      --      |    Inf |  28.30%
 22.2s|  4000 |   319 |209183 |  38.9 |    38M |  20 | 348 |4346 | 360 |1118 |  1 |  12k|  21 | 0.000000e+00 |      --      |    Inf |  29.03%
 22.5s|  4100 |   305 |212106 |  38.7 |    38M |  20 | 348 |4256 |   0 |1140 |  0 |  13k|  21 | 0.000000e+00 |      --      |    Inf |  29.94%
 22.8s|  4200 |   301 |214363 |  38.4 |    38M |  20 | 348 |4259 | 359 |1155 |  1 |  13k|  21 | 0.000000e+00 |      --      |    Inf |  30.37%
 23.2s|  4300 |   298 |217531 |  38.3 |    38M |  20 | 348 |4089 | 362 |1193 |  0 |  13k|  21 | 0.000000e+00 |      --      |    Inf |  32.05%
 23.7s|  4400 |   299 |221413 |  38.3 |    38M |  20 | 348 |3975 | 363 |1243 |  1 |  13k|  21 | 0.000000e+00 |      --      |    Inf |  32.91%
 24.0s|  4500 |   320 |224338 |  38.1 |    38M |  20 | 348 |4135 | 360 |1251 |  1 |  14k|  21 | 0.000000e+00 |      --      |    Inf |  33.04%
 24.5s|  4600 |   314 |227212 |  38.0 |    38M |  20 | 348 |4007 |   0 |1293 |  0 |  14k|  21 | 0.000000e+00 |      --      |    Inf |  36.23%
 time | node  | left  |LP iter|LP it/n|mem/heur|mdpt |vars |cons |rows |cuts |sepa|confs|strbr|  dualbound   | primalbound  |  gap   | compl. 
 24.9s|  4700 |   312 |231641 |  38.1 |    38M |  20 | 348 |3962 | 362 |1329 |  1 |  14k|  21 | 0.000000e+00 |      --      |    Inf |  37.30%
 25.1s|  4800 |   300 |235156 |  38.0 |    38M |  20 | 348 |3938 |   0 |1335 |  0 |  14k|  21 | 0.000000e+00 |      --      |    Inf |  37.54%
 25.7s|  4900 |   313 |239159 |  38.1 |    39M |  20 | 348 |3849 | 361 |1343 |  2 |  14k|  21 | 0.000000e+00 |      --      |    Inf |  38.23%
 26.5s|  5000 |   364 |244322 |  38.3 |    39M |  20 | 348 |4077 |   0 |1404 |  0 |  15k|  21 | 0.000000e+00 |      --      |    Inf |  38.82%
 26.7s|  5100 |   393 |246967 |  38.1 |    39M |  20 | 348 |4404 |   0 |1416 |  0 |  15k|  21 | 0.000000e+00 |      --      |    Inf |  39.33%
 27.1s|  5200 |   402 |251706 |  38.2 |    39M |  20 | 348 |4598 | 364 |1445 |  3 |  15k|  21 | 0.000000e+00 |      --      |    Inf |  40.07%
 27.6s|  5300 |   423 |256558 |  38.4 |    39M |  20 | 348 |4805 |   0 |1496 |  0 |  16k|  21 | 0.000000e+00 |      --      |    Inf |  40.87%
 27.8s|  5400 |   443 |259892 |  38.3 |    40M |  20 | 348 |5003 | 361 |1505 |  1 |  16k|  21 | 0.000000e+00 |      --      |    Inf |  40.90%
 28.1s|  5500 |   438 |262518 |  38.1 |    40M |  20 | 348 |5100 | 361 |1505 |  1 |  16k|  21 | 0.000000e+00 |      --      |    Inf |  40.99%
 28.3s|  5600 |   428 |265230 |  38.0 |    40M |  20 | 348 |5302 |   0 |1505 |  0 |  16k|  21 | 0.000000e+00 |      --      |    Inf |  41.18%
 28.6s|  5700 |   424 |268385 |  37.9 |    40M |  20 | 348 |5373 | 360 |1522 |  1 |  17k|  21 | 0.000000e+00 |      --      |    Inf |  41.56%
 28.9s|  5800 |   439 |272055 |  37.9 |    40M |  20 | 348 |5623 | 363 |1543 |  1 |  17k|  21 | 0.000000e+00 |      --      |    Inf |  41.79%
 29.1s|  5900 |   432 |274850 |  37.7 |    40M |  20 | 348 |5839 |   0 |1543 |  0 |  17k|  21 | 0.000000e+00 |      --      |    Inf |  41.93%
 29.5s|  6000 |   454 |278115 |  37.7 |    41M |  20 | 348 |6051 | 360 |1561 |  1 |  18k|  21 | 0.000000e+00 |      --      |    Inf |  42.42%
 29.9s|  6100 |   447 |280350 |  37.5 |    41M |  20 | 348 |6136 |   0 |1561 |  0 |  18k|  21 | 0.000000e+00 |      --      |    Inf |  42.57%
 time | node  | left  |LP iter|LP it/n|mem/heur|mdpt |vars |cons |rows |cuts |sepa|confs|strbr|  dualbound   | primalbound  |  gap   | compl. 
 30.2s|  6200 |   454 |283389 |  37.4 |    41M |  20 | 348 |6176 | 362 |1582 |  1 |  18k|  21 | 0.000000e+00 |      --      |    Inf |  42.79%
 30.5s|  6300 |   447 |286506 |  37.3 |    41M |  20 | 348 |6308 |   0 |1604 |  0 |  19k|  21 | 0.000000e+00 |      --      |    Inf |  43.05%
 30.8s|  6400 |   435 |288910 |  37.1 |    41M |  20 | 348 |6264 | 359 |1624 |  2 |  19k|  21 | 0.000000e+00 |      --      |    Inf |  43.78%
 31.1s|  6500 |   423 |292153 |  37.0 |    41M |  20 | 348 |6238 |   0 |1628 |  0 |  19k|  21 | 0.000000e+00 |      --      |    Inf |  44.11%
 31.5s|  6600 |   424 |295569 |  37.0 |    42M |  20 | 348 |6206 | 362 |1665 |  1 |  19k|  21 | 0.000000e+00 |      --      |    Inf |  44.79%
 31.8s|  6700 |   422 |298628 |  36.9 |    42M |  20 | 348 |6122 | 363 |1711 |  0 |  20k|  21 | 0.000000e+00 |      --      |    Inf |  45.43%
 32.1s|  6800 |   423 |301557 |  36.8 |    42M |  20 | 348 |6077 |   0 |1729 |  0 |  20k|  21 | 0.000000e+00 |      --      |    Inf |  46.17%
 32.4s|  6900 |   417 |303942 |  36.7 |    42M |  20 | 348 |6196 |   0 |1729 |  0 |  20k|  21 | 0.000000e+00 |      --      |    Inf |  46.30%
 33.0s|  7000 |   452 |308209 |  36.8 |    42M |  20 | 348 |6275 | 360 |1770 |  1 |  20k|  21 | 0.000000e+00 |      --      |    Inf |  46.60%
 33.7s|  7100 |   500 |312731 |  36.9 |    42M |  20 | 348 |6394 | 361 |1808 |  1 |  21k|  21 | 0.000000e+00 |      --      |    Inf |  46.77%
 34.1s|  7200 |   525 |316893 |  36.9 |    42M |  20 | 348 |6512 | 361 |1853 |  0 |  21k|  21 | 0.000000e+00 |      --      |    Inf |  46.86%
 34.4s|  7300 |   536 |321245 |  37.0 |    42M |  20 | 348 |6658 | 360 |1858 |  1 |  21k|  21 | 0.000000e+00 |      --      |    Inf |  46.97%
 34.6s|  7400 |   556 |324430 |  36.9 |    43M |  20 | 348 |6801 | 363 |1866 |  0 |  22k|  21 | 0.000000e+00 |      --      |    Inf |  47.10%
 34.9s|  7500 |   565 |328368 |  37.0 |    43M |  20 | 348 |6876 | 363 |1866 |  1 |  22k|  21 | 0.000000e+00 |      --      |    Inf |  47.12%
 35.2s|  7600 |   580 |332686 |  37.0 |    43M |  20 | 348 |7010 | 360 |1877 |  1 |  22k|  21 | 0.000000e+00 |      --      |    Inf |  47.15%
 time | node  | left  |LP iter|LP it/n|mem/heur|mdpt |vars |cons |rows |cuts |sepa|confs|strbr|  dualbound   | primalbound  |  gap   | compl. 
 35.7s|  7700 |   576 |337123 |  37.1 |    43M |  20 | 348 |7161 | 360 |1877 |  1 |  22k|  21 | 0.000000e+00 |      --      |    Inf |  47.29%
 36.1s|  7800 |   602 |340589 |  37.1 |    43M |  20 | 348 |7283 | 361 |1885 |  1 |  22k|  21 | 0.000000e+00 |      --      |    Inf |  47.37%
 36.5s|  7900 |   620 |345495 |  37.2 |    43M |  20 | 348 |7370 |   0 |1931 |  0 |  23k|  21 | 0.000000e+00 |      --      |    Inf |  47.65%
 36.8s|  8000 |   628 |348914 |  37.2 |    43M |  20 | 348 |7441 | 362 |1938 |  0 |  23k|  21 | 0.000000e+00 |      --      |    Inf |  47.74%
 37.1s|  8100 |   647 |352205 |  37.1 |    43M |  20 | 348 |7535 | 360 |1946 |  1 |  23k|  21 | 0.000000e+00 |      --      |    Inf |  47.84%
 37.6s|  8200 |   646 |354792 |  37.0 |    43M |  20 | 348 |7644 | 361 |1946 |  1 |  23k|  21 | 0.000000e+00 |      --      |    Inf |  47.95%
 38.0s|  8300 |   655 |359162 |  37.1 |    43M |  20 | 348 |7747 |   0 |1946 |  0 |  24k|  21 | 0.000000e+00 |      --      |    Inf |  48.04%
 38.3s|  8400 |   665 |362611 |  37.1 |    43M |  20 | 348 |7921 | 364 |1963 |  1 |  24k|  21 | 0.000000e+00 |      --      |    Inf |  48.19%
 38.6s|  8500 |   679 |366191 |  37.0 |    43M |  20 | 348 |8113 | 362 |1976 |  1 |  24k|  21 | 0.000000e+00 |      --      |    Inf |  48.33%
 38.9s|  8600 |   687 |369080 |  37.0 |    43M |  20 | 348 |8158 |   0 |1990 |  0 |  24k|  21 | 0.000000e+00 |      --      |    Inf |  48.41%
 39.2s|  8700 |   684 |372378 |  36.9 |    44M |  20 | 348 |8213 | 362 |1990 |  1 |  25k|  21 | 0.000000e+00 |      --      |    Inf |  48.60%
 39.4s|  8800 |   692 |375195 |  36.8 |    44M |  20 | 348 |8285 | 360 |1992 |  1 |  25k|  21 | 0.000000e+00 |      --      |    Inf |  48.69%
 39.9s|  8900 |   684 |378676 |  36.8 |    44M |  20 | 348 |8365 | 362 |1992 |  1 |  25k|  21 | 0.000000e+00 |      --      |    Inf |  48.78%
 40.3s|  9000 |   661 |381124 |  36.7 |    44M |  20 | 348 |8455 | 360 |1992 |  0 |  25k|  21 | 0.000000e+00 |      --      |    Inf |  48.99%
 40.6s|  9100 |   662 |384311 |  36.6 |    44M |  20 | 348 |8486 | 360 |1992 |  1 |  26k|  21 | 0.000000e+00 |      --      |    Inf |  49.12%
 time | node  | left  |LP iter|LP it/n|mem/heur|mdpt |vars |cons |rows |cuts |sepa|confs|strbr|  dualbound   | primalbound  |  gap   | compl. 
 40.9s|  9200 |   658 |387415 |  36.6 |    44M |  20 | 348 |8546 | 363 |2011 |  1 |  26k|  21 | 0.000000e+00 |      --      |    Inf |  49.30%
 41.3s|  9300 |   636 |389869 |  36.5 |    44M |  20 | 348 |8536 | 361 |2011 |  1 |  26k|  21 | 0.000000e+00 |      --      |    Inf |  49.51%
 41.7s|  9400 |   624 |393198 |  36.5 |    44M |  20 | 348 |8194 |   0 |2028 |  0 |  26k|  21 | 0.000000e+00 |      --      |    Inf |  50.18%
 42.0s|  9500 |   633 |395946 |  36.4 |    44M |  20 | 348 |8168 |   0 |2042 |  0 |  27k|  21 | 0.000000e+00 |      --      |    Inf |  50.45%
 42.2s|  9600 |   625 |397998 |  36.2 |    44M |  20 | 348 |8319 |   0 |2047 |  0 |  27k|  21 | 0.000000e+00 |      --      |    Inf |  50.63%
 42.7s|  9700 |   639 |400624 |  36.1 |    44M |  20 | 348 |8375 | 359 |2058 |  1 |  27k|  21 | 0.000000e+00 |      --      |    Inf |  53.94%
 43.2s|  9800 |   626 |402971 |  36.0 |    44M |  20 | 348 |8167 | 359 |2068 |  1 |  27k|  21 | 0.000000e+00 |      --      |    Inf |  57.37%
 43.8s|  9900 |   619 |406149 |  36.0 |    45M |  20 | 348 |7855 | 361 |2085 |  0 |  28k|  21 | 0.000000e+00 |      --      |    Inf |  57.89%
 44.5s| 10000 |   664 |411087 |  36.1 |    45M |  20 | 348 |7857 | 360 |2132 |  1 |  28k|  21 | 0.000000e+00 |      --      |    Inf |  57.99%
 44.9s| 10100 |   687 |415421 |  36.2 |    46M |  20 | 348 |7955 |   0 |2163 |  0 |  28k|  21 | 0.000000e+00 |      --      |    Inf |  58.20%
 45.4s| 10200 |   709 |420016 |  36.2 |    46M |  20 | 348 |8083 | 360 |2191 |  0 |  28k|  21 | 0.000000e+00 |      --      |    Inf |  58.29%
 45.7s| 10300 |   736 |423700 |  36.3 |    46M |  20 | 348 |8132 |   0 |2206 |  0 |  28k|  21 | 0.000000e+00 |      --      |    Inf |  58.39%
 46.1s| 10400 |   753 |426976 |  36.2 |    46M |  20 | 348 |8184 | 360 |2224 |  1 |  29k|  21 | 0.000000e+00 |      --      |    Inf |  58.70%
 46.4s| 10500 |   752 |429547 |  36.1 |    46M |  20 | 348 |8178 | 362 |2237 |  1 |  29k|  21 | 0.000000e+00 |      --      |    Inf |  58.97%
 46.9s| 10600 |   797 |433107 |  36.1 |    46M |  20 | 348 |8292 | 359 |2247 |  1 |  29k|  21 | 0.000000e+00 |      --      |    Inf |  58.99%
 time | node  | left  |LP iter|LP it/n|mem/heur|mdpt |vars |cons |rows |cuts |sepa|confs|strbr|  dualbound   | primalbound  |  gap   | compl. 
 47.3s| 10700 |   791 |435950 |  36.1 |    47M |  20 | 348 |8341 |   0 |2262 |  0 |  29k|  21 | 0.000000e+00 |      --      |    Inf |  59.13%
 47.6s| 10800 |   782 |438225 |  36.0 |    47M |  20 | 348 |8366 | 363 |2262 |  1 |  30k|  21 | 0.000000e+00 |      --      |    Inf |  59.31%
 47.8s| 10900 |   794 |442186 |  36.0 |    47M |  20 | 348 |8542 | 360 |2266 |  1 |  30k|  21 | 0.000000e+00 |      --      |    Inf |  59.54%
 48.2s| 11000 |   800 |445040 |  35.9 |    47M |  20 | 348 |8679 | 361 |2270 |  1 |  30k|  21 | 0.000000e+00 |      --      |    Inf |  59.73%
 48.6s| 11100 |   800 |447787 |  35.9 |    47M |  20 | 348 |8692 | 363 |2279 |  1 |  30k|  21 | 0.000000e+00 |      --      |    Inf |  59.80%
 49.0s| 11200 |   801 |450620 |  35.8 |    47M |  20 | 348 |8738 | 362 |2293 |  1 |  30k|  21 | 0.000000e+00 |      --      |    Inf |  59.96%
 49.2s| 11300 |   800 |453227 |  35.7 |    47M |  20 | 348 |8844 |   0 |2293 |  0 |  31k|  21 | 0.000000e+00 |      --      |    Inf |  60.03%
 49.7s| 11400 |   793 |455982 |  35.7 |    47M |  20 | 348 |8800 | 358 |2307 |  1 |  31k|  21 | 0.000000e+00 |      --      |    Inf |  60.42%
 50.1s| 11500 |   792 |458903 |  35.6 |    47M |  20 | 348 |8909 | 361 |2307 |  1 |  31k|  21 | 0.000000e+00 |      --      |    Inf |  60.47%
 50.4s| 11600 |   793 |461640 |  35.5 |    47M |  20 | 348 |8762 | 358 |2326 |  1 |  31k|  21 | 0.000000e+00 |      --      |    Inf |  60.78%
 50.7s| 11700 |   800 |464634 |  35.5 |    47M |  20 | 348 |8642 | 360 |2347 |  2 |  31k|  21 | 0.000000e+00 |      --      |    Inf |  61.41%
 51.1s| 11800 |   804 |467793 |  35.5 |    47M |  20 | 348 |8412 | 362 |2362 |  1 |  32k|  21 | 0.000000e+00 |      --      |    Inf |  62.29%
 51.4s| 11900 |   795 |470341 |  35.4 |    47M |  20 | 348 |8235 | 364 |2381 |  2 |  32k|  21 | 0.000000e+00 |      --      |    Inf |  63.70%
 52.1s| 12000 |   772 |472771 |  35.3 |    47M |  20 | 348 |7687 | 358 |2389 |  1 |  32k|  21 | 0.000000e+00 |      --      |    Inf |  64.59%
 52.5s| 12100 |   786 |477587 |  35.4 |    47M |  20 | 348 |7666 |   0 |2421 |  0 |  32k|  21 | 0.000000e+00 |      --      |    Inf |  65.82%
 time | node  | left  |LP iter|LP it/n|mem/heur|mdpt |vars |cons |rows |cuts |sepa|confs|strbr|  dualbound   | primalbound  |  gap   | compl. 
 53.2s| 12200 |   810 |483481 |  35.6 |    47M |  20 | 348 |7792 | 359 |2478 |  0 |  33k|  21 | 0.000000e+00 |      --      |    Inf |  66.44%
 53.6s| 12300 |   819 |487452 |  35.6 |    47M |  20 | 348 |8014 | 360 |2509 |  1 |  33k|  21 | 0.000000e+00 |      --      |    Inf |  66.91%
 54.0s| 12400 |   830 |490960 |  35.6 |    47M |  20 | 348 |8155 | 359 |2533 |  1 |  33k|  21 | 0.000000e+00 |      --      |    Inf |  67.19%
 54.3s| 12500 |   832 |493445 |  35.5 |    47M |  21 | 348 |8274 | 363 |2538 |  1 |  33k|  21 | 0.000000e+00 |      --      |    Inf |  67.31%
 54.6s| 12600 |   840 |496492 |  35.5 |    47M |  21 | 348 |8395 | 361 |2544 |  0 |  33k|  21 | 0.000000e+00 |      --      |    Inf |  67.45%
 54.9s| 12700 |   828 |498780 |  35.4 |    47M |  21 | 348 |8281 | 360 |2551 |  1 |  34k|  21 | 0.000000e+00 |      --      |    Inf |  67.58%
 55.2s| 12800 |   820 |500911 |  35.3 |    47M |  21 | 348 |8160 | 360 |2556 |  1 |  34k|  21 | 0.000000e+00 |      --      |    Inf |  67.83%
 55.5s| 12900 |   794 |503300 |  35.2 |    47M |  21 | 348 |7940 | 362 |2561 |  1 |  34k|  21 | 0.000000e+00 |      --      |    Inf |  68.27%
 55.9s| 13000 |   829 |506600 |  35.2 |    47M |  23 | 348 |8119 | 359 |2569 |  1 |  35k|  21 | 0.000000e+00 |      --      |    Inf |  68.33%
 56.1s| 13100 |   823 |509475 |  35.2 |    47M |  23 | 348 |8392 |   0 |2569 |  0 |  35k|  21 | 0.000000e+00 |      --      |    Inf |  68.44%
 56.4s| 13200 |   814 |512689 |  35.1 |    47M |  23 | 348 |8311 | 361 |2575 |  1 |  35k|  21 | 0.000000e+00 |      --      |    Inf |  68.86%
 56.7s| 13300 |   800 |515325 |  35.1 |    47M |  23 | 348 |8307 | 363 |2575 |  1 |  35k|  21 | 0.000000e+00 |      --      |    Inf |  69.04%
 56.9s| 13400 |   796 |518122 |  35.0 |    47M |  23 | 348 |8282 | 361 |2575 |  1 |  36k|  21 | 0.000000e+00 |      --      |    Inf |  69.18%
 57.3s| 13500 |   785 |521371 |  35.0 |    47M |  23 | 348 |7890 | 359 |2603 |  1 |  36k|  21 | 0.000000e+00 |      --      |    Inf |  70.44%
 57.7s| 13600 |   778 |524159 |  35.0 |    47M |  23 | 348 |7742 |   0 |2603 |  0 |  36k|  21 | 0.000000e+00 |      --      |    Inf |  70.66%
 time | node  | left  |LP iter|LP it/n|mem/heur|mdpt |vars |cons |rows |cuts |sepa|confs|strbr|  dualbound   | primalbound  |  gap   | compl. 
 58.0s| 13700 |   760 |527727 |  35.0 |    47M |  23 | 348 |7729 | 360 |2612 |  1 |  36k|  21 | 0.000000e+00 |      --      |    Inf |  71.12%
 58.2s| 13800 |   764 |530365 |  34.9 |    47M |  23 | 348 |7741 | 361 |2616 |  1 |  36k|  21 | 0.000000e+00 |      --      |    Inf |  71.67%
 58.5s| 13900 |   746 |533580 |  34.9 |    47M |  24 | 348 |7836 | 361 |2620 |  1 |  37k|  21 | 0.000000e+00 |      --      |    Inf |  71.94%
 58.8s| 14000 |   743 |538162 |  35.0 |    47M |  24 | 348 |7955 |   0 |2626 |  0 |  37k|  21 | 0.000000e+00 |      --      |    Inf |  72.03%
 59.1s| 14100 |   732 |540982 |  34.9 |    47M |  24 | 348 |7921 | 361 |2626 |  1 |  37k|  21 | 0.000000e+00 |      --      |    Inf |  73.04%
 59.4s| 14200 |   748 |543753 |  34.9 |    47M |  24 | 348 |8048 | 362 |2626 |  1 |  37k|  21 | 0.000000e+00 |      --      |    Inf |  73.07%
 59.7s| 14300 |   748 |546830 |  34.9 |    47M |  24 | 348 |8226 | 361 |2626 |  1 |  38k|  21 | 0.000000e+00 |      --      |    Inf |  73.10%
 60.0s| 14400 |   739 |549923 |  34.8 |    47M |  24 | 348 |8208 | 360 |2627 |  1 |  38k|  21 | 0.000000e+00 |      --      |    Inf |  74.42%
 60.3s| 14500 |   728 |553107 |  34.8 |    47M |  24 | 348 |8062 | 363 |2640 |  1 |  38k|  21 | 0.000000e+00 |      --      |    Inf |  74.81%
 60.6s| 14600 |   721 |556033 |  34.8 |    47M |  24 | 348 |8041 | 363 |2640 |  1 |  38k|  21 | 0.000000e+00 |      --      |    Inf |  74.98%
 60.9s| 14700 |   690 |559125 |  34.7 |    47M |  24 | 348 |7687 |   0 |2664 |  0 |  39k|  21 | 0.000000e+00 |      --      |    Inf |  75.59%
 61.2s| 14800 |   684 |563961 |  34.8 |    47M |  24 | 348 |7650 |   0 |2680 |  0 |  39k|  21 | 0.000000e+00 |      --      |    Inf |  75.83%
 61.5s| 14900 |   686 |567382 |  34.8 |    47M |  24 | 348 |7766 | 360 |2680 |  0 |  39k|  21 | 0.000000e+00 |      --      |    Inf |  75.91%
 61.8s| 15000 |   693 |571424 |  34.9 |    48M |  24 | 348 |7825 | 361 |2688 |  0 |  39k|  21 | 0.000000e+00 |      --      |    Inf |  76.00%
 62.0s| 15100 |   679 |574421 |  34.8 |    49M |  24 | 348 |7901 |   0 |2688 |  0 |  39k|  21 | 0.000000e+00 |      --      |    Inf |  76.10%
 time | node  | left  |LP iter|LP it/n|mem/heur|mdpt |vars |cons |rows |cuts |sepa|confs|strbr|  dualbound   | primalbound  |  gap   | compl. 
 62.3s| 15200 |   647 |577211 |  34.8 |    49M |  24 | 348 |7697 | 359 |2692 |  1 |  40k|  21 | 0.000000e+00 |      --      |    Inf |  76.68%
 62.6s| 15300 |   635 |580794 |  34.8 |    49M |  24 | 348 |7705 | 362 |2695 |  1 |  40k|  21 | 0.000000e+00 |      --      |    Inf |  76.94%
 62.8s| 15400 |   621 |583626 |  34.8 |    49M |  24 | 348 |7688 | 361 |2695 |  1 |  40k|  21 | 0.000000e+00 |      --      |    Inf |  77.14%
 63.2s| 15500 |   623 |587355 |  34.8 |    49M |  24 | 348 |7611 |   0 |2715 |  0 |  40k|  21 | 0.000000e+00 |      --      |    Inf |  77.65%
 63.4s| 15600 |   622 |590779 |  34.8 |    49M |  24 | 348 |7655 | 360 |2715 |  1 |  40k|  21 | 0.000000e+00 |      --      |    Inf |  77.78%
 63.7s| 15700 |   605 |593762 |  34.7 |    49M |  24 | 348 |7533 | 361 |2732 |  1 |  41k|  21 | 0.000000e+00 |      --      |    Inf |  78.26%
 64.0s| 15800 |   616 |597031 |  34.7 |    49M |  24 | 348 |7732 | 361 |2735 |  1 |  41k|  21 | 0.000000e+00 |      --      |    Inf |  78.36%
 64.3s| 15900 |   610 |599594 |  34.7 |    49M |  24 | 348 |7724 | 361 |2743 |  1 |  41k|  21 | 0.000000e+00 |      --      |    Inf |  78.52%
 64.6s| 16000 |   583 |602873 |  34.7 |    49M |  24 | 348 |7693 | 360 |2758 |  1 |  41k|  21 | 0.000000e+00 |      --      |    Inf |  78.78%
 65.0s| 16100 |   563 |607062 |  34.7 |    49M |  24 | 348 |7564 | 364 |2784 |  3 |  42k|  21 | 0.000000e+00 |      --      |    Inf |  79.24%
 65.3s| 16200 |   555 |610678 |  34.7 |    49M |  24 | 348 |7457 | 361 |2797 |  1 |  42k|  21 | 0.000000e+00 |      --      |    Inf |  79.90%
 65.7s| 16300 |   541 |615078 |  34.8 |    49M |  24 | 348 |7355 |   0 |2834 |  0 |  42k|  21 | 0.000000e+00 |      --      |    Inf |  80.37%
 66.0s| 16400 |   528 |619526 |  34.8 |    49M |  24 | 348 |7307 | 361 |2841 |  1 |  42k|  21 | 0.000000e+00 |      --      |    Inf |  80.67%
 66.2s| 16500 |   525 |623339 |  34.8 |    49M |  24 | 348 |7309 |   0 |2846 |  0 |  42k|  21 | 0.000000e+00 |      --      |    Inf |  80.92%
 66.6s| 16600 |   512 |626202 |  34.8 |    49M |  24 | 348 |7341 |   0 |2867 |  0 |  43k|  21 | 0.000000e+00 |      --      |    Inf |  81.18%
 time | node  | left  |LP iter|LP it/n|mem/heur|mdpt |vars |cons |rows |cuts |sepa|confs|strbr|  dualbound   | primalbound  |  gap   | compl. 
 66.8s| 16700 |   497 |628684 |  34.8 |    49M |  24 | 348 |7281 | 359 |2867 |  1 |  43k|  21 | 0.000000e+00 |      --      |    Inf |  81.64%
 67.1s| 16800 |   483 |631703 |  34.7 |    49M |  24 | 348 |7290 | 360 |2867 |  1 |  43k|  21 | 0.000000e+00 |      --      |    Inf |  81.86%
 67.3s| 16900 |   465 |634362 |  34.7 |    49M |  24 | 348 |7050 | 358 |2870 |  1 |  43k|  21 | 0.000000e+00 |      --      |    Inf |  83.56%
 67.8s| 17000 |   449 |638586 |  34.7 |    49M |  24 | 348 |6996 | 362 |2907 |  1 |  44k|  21 | 0.000000e+00 |      --      |    Inf |  86.11%
 68.0s| 17100 |   429 |641860 |  34.7 |    49M |  24 | 348 |7056 | 361 |2907 |  0 |  44k|  21 | 0.000000e+00 |      --      |    Inf |  86.32%
 68.3s| 17200 |   397 |644598 |  34.7 |    49M |  24 | 348 |7038 |   0 |2907 |  0 |  44k|  21 | 0.000000e+00 |      --      |    Inf |  86.68%
 68.6s| 17300 |   374 |647424 |  34.6 |    49M |  24 | 348 |6931 | 363 |2918 |  1 |  44k|  21 | 0.000000e+00 |      --      |    Inf |  87.21%
 68.8s| 17400 |   364 |650708 |  34.6 |    49M |  24 | 348 |6975 |   0 |2919 |  0 |  44k|  21 | 0.000000e+00 |      --      |    Inf |  87.28%
 69.0s| 17500 |   379 |654252 |  34.6 |    49M |  24 | 348 |7004 | 363 |2929 |  0 |  44k|  21 | 0.000000e+00 |      --      |    Inf |  87.42%
 69.4s| 17600 |   363 |657612 |  34.6 |    49M |  24 | 348 |7004 |   0 |2954 |  0 |  45k|  21 | 0.000000e+00 |      --      |    Inf |  87.85%
 69.7s| 17700 |   347 |660084 |  34.6 |    49M |  24 | 348 |6969 | 360 |2962 |  1 |  45k|  21 | 0.000000e+00 |      --      |    Inf |  88.21%
 70.0s| 17800 |   339 |662874 |  34.5 |    49M |  24 | 348 |6955 | 360 |2977 |  1 |  45k|  21 | 0.000000e+00 |      --      |    Inf |  88.58%
 70.2s| 17900 |   332 |665731 |  34.5 |    49M |  24 | 348 |6944 |   0 |2994 |  0 |  45k|  21 | 0.000000e+00 |      --      |    Inf |  89.01%
 70.6s| 18000 |   345 |669550 |  34.5 |    49M |  24 | 348 |7118 |   0 |2997 |  0 |  46k|  21 | 0.000000e+00 |      --      |    Inf |  89.04%
 70.9s| 18100 |   329 |673142 |  34.5 |    49M |  24 | 348 |7149 | 359 |2997 |  1 |  46k|  21 | 0.000000e+00 |      --      |    Inf |  89.15%
 time | node  | left  |LP iter|LP it/n|mem/heur|mdpt |vars |cons |rows |cuts |sepa|confs|strbr|  dualbound   | primalbound  |  gap   | compl. 
 71.2s| 18200 |   319 |676759 |  34.5 |    49M |  24 | 348 |7073 | 360 |3021 |  1 |  46k|  21 | 0.000000e+00 |      --      |    Inf |  89.83%
 71.5s| 18300 |   300 |679573 |  34.5 |    49M |  24 | 348 |6990 | 362 |3034 |  0 |  46k|  21 | 0.000000e+00 |      --      |    Inf |  90.96%
 71.8s| 18400 |   276 |682512 |  34.5 |    49M |  24 | 348 |6832 | 360 |3060 |  1 |  46k|  21 | 0.000000e+00 |      --      |    Inf |  91.46%
 72.1s| 18500 |   248 |685305 |  34.5 |    49M |  24 | 348 |6798 |   0 |3067 |  0 |  47k|  21 | 0.000000e+00 |      --      |    Inf |  91.91%
 72.3s| 18600 |   245 |688678 |  34.4 |    49M |  24 | 348 |6841 | 361 |3074 |  1 |  47k|  21 | 0.000000e+00 |      --      |    Inf |  92.08%
 72.6s| 18700 |   236 |691158 |  34.4 |    49M |  24 | 348 |6926 | 362 |3074 |  1 |  47k|  21 | 0.000000e+00 |      --      |    Inf |  92.18%
 72.9s| 18800 |   250 |695527 |  34.4 |    49M |  24 | 348 |7102 |   0 |3095 |  0 |  47k|  21 | 0.000000e+00 |      --      |    Inf |  92.39%
 73.1s| 18900 |   232 |698922 |  34.4 |    49M |  24 | 348 |7200 |   0 |3098 |  0 |  47k|  21 | 0.000000e+00 |      --      |    Inf |  92.80%
 73.4s| 19000 |   210 |701544 |  34.4 |    49M |  24 | 348 |7121 | 362 |3103 |  1 |  48k|  21 | 0.000000e+00 |      --      |    Inf |  93.33%
 73.8s| 19100 |   197 |705957 |  34.5 |    49M |  24 | 348 |7032 | 361 |3134 |  1 |  48k|  21 | 0.000000e+00 |      --      |    Inf |  94.00%
 74.1s| 19200 |   190 |709549 |  34.5 |    49M |  24 | 348 |7089 | 362 |3160 |  1 |  48k|  21 | 0.000000e+00 |      --      |    Inf |  94.54%
 74.3s| 19300 |   185 |712377 |  34.4 |    49M |  24 | 348 |7123 |   0 |3164 |  0 |  48k|  21 | 0.000000e+00 |      --      |    Inf |  94.71%
 74.7s| 19400 |   166 |715665 |  34.4 |    49M |  24 | 348 |7045 | 363 |3202 |  1 |  49k|  21 | 0.000000e+00 |      --      |    Inf |  95.58%
 75.0s| 19500 |   157 |718976 |  34.4 |    49M |  24 | 348 |7079 | 360 |3216 |  1 |  49k|  21 | 0.000000e+00 |      --      |    Inf |  96.08%
 75.2s| 19600 |   138 |721173 |  34.4 |    49M |  24 | 348 |7012 | 362 |3216 |  1 |  49k|  21 | 0.000000e+00 |      --      |    Inf |  96.49%
 time | node  | left  |LP iter|LP it/n|mem/heur|mdpt |vars |cons |rows |cuts |sepa|confs|strbr|  dualbound   | primalbound  |  gap   | compl. 
 75.6s| 19700 |    97 |724656 |  34.4 |    49M |  24 | 348 |6941 |   0 |3224 |  0 |  49k|  21 | 0.000000e+00 |      --      |    Inf |  97.02%
 75.9s| 19800 |    83 |727447 |  34.3 |    49M |  24 | 348 |6910 | 360 |3257 |  1 |  49k|  21 | 0.000000e+00 |      --      |    Inf |  98.16%
 76.1s| 19900 |    82 |731501 |  34.4 |    49M |  24 | 348 |6894 | 362 |3264 |  1 |  50k|  21 | 0.000000e+00 |      --      |    Inf |  98.30%
 76.4s| 20000 |    67 |734671 |  34.3 |    49M |  24 | 348 |6925 | 360 |3273 |  1 |  50k|  21 | 0.000000e+00 |      --      |    Inf |  98.59%
 76.7s| 20100 |    59 |738774 |  34.4 |    49M |  24 | 348 |6884 | 361 |3282 |  1 |  50k|  21 | 0.000000e+00 |      --      |    Inf |  98.77%
 77.0s| 20200 |    62 |742143 |  34.4 |    49M |  24 | 348 |7027 | 360 |3285 |  1 |  50k|  21 | 0.000000e+00 |      --      |    Inf |  98.90%
 77.2s| 20300 |    41 |745244 |  34.4 |    49M |  24 | 348 |7022 | 359 |3292 |  0 |  50k|  21 | 0.000000e+00 |      --      |    Inf |  99.17%
 77.5s| 20400 |    34 |748783 |  34.4 |    49M |  24 | 348 |7096 | 365 |3318 |  1 |  51k|  21 | 0.000000e+00 |      --      |    Inf |  99.64%
 77.7s| 20500 |    17 |751682 |  34.3 |    49M |  24 | 348 |7072 | 361 |3318 |  1 |  51k|  21 | 0.000000e+00 |      --      |    Inf |  99.83%

SCIP Status        : problem is solved [infeasible]
Solving Time (sec) : 77.80
Solving Nodes      : 20519 (total of 21823 nodes in 2 runs)
Primal Bound       : +1.00000000000000e+20 (0 solutions)
Dual Bound         : +1.00000000000000e+20
Gap                : 0.00 %
SCIP Status        : problem is solved [infeasible]
Total Time         :      77.80
  solving          :      77.80
  presolving       :       0.12 (included in solving)
  reading          :       0.00
  copying          :       1.59 (104 #copies) (minimal 0.00, maximal 0.03, average 0.02)
Original Problem   :
  Problem name     : model
  Variables        : 378 (378 binary, 0 integer, 0 implicit integer, 0 continuous)
  Constraints      : 378 initial, 378 maximal
  Objective        : minimize, 0 non-zeros (abs.min = 1e+20, abs.max = -1e+20)
Presolved Problem  :
  Problem name     : t_model
  Variables        : 348 (348 binary, 0 integer, 0 implicit integer, 0 continuous)
  Constraints      : 3208 initial, 8979 maximal
  Objective        : minimize, 0 non-zeros (abs.min = 1e+20, abs.max = -1e+20)
  Nonzeros         : 42425 constraint, 1367 clique table
Presolvers         :   ExecTime  SetupTime  Calls  FixedVars   AggrVars   ChgTypes  ChgBounds   AddHoles    DelCons    AddCons   ChgSides   ChgCoefs
  boundshift       :       0.00       0.00      0          0          0          0          0          0          0          0          0          0
  convertinttobin  :       0.00       0.00      0          0          0          0          0          0          0          0          0          0
  domcol           :       0.00       0.00      5          0          0          0          0          0          0          0          0          0
  dualagg          :       0.00       0.00      0          0          0          0          0          0          0          0          0          0
  dualcomp         :       0.00       0.00      0          0          0          0          0          0          0          0          0          0
  dualinfer        :       0.00       0.00      0          0          0          0          0          0          0          0          0          0
  dualsparsify     :       0.00       0.00      1          0          0          0          0          0          0          0          0          0
  gateextraction   :       0.01       0.00      9          0          0          0          0          0         26         13          0          0
  implics          :       0.00       0.00     15          0          0          0          0          0          0          0          0          0
  inttobinary      :       0.00       0.00      0          0          0          0          0          0          0          0          0          0
  qpkktref         :       0.00       0.00      0          0          0          0          0          0          0          0          0          0
  redvub           :       0.00       0.00      0          0          0          0          0          0          0          0          0          0
  sparsify         :       0.00       0.00      2          0          0          0          0          0          0          0          0          0
  stuffing         :       0.00       0.00      0          0          0          0          0          0          0          0          0          0
  trivial          :       0.00       0.00     20         10          0          0          0          0          0          0          0          0
  tworowbnd        :       0.00       0.00      0          0          0          0          0          0          0          0          0          0
  dualfix          :       0.00       0.00     20          0          0          0          0          0          0          0          0          0
  genvbounds       :       0.00       0.00      0          0          0          0          0          0          0          0          0          0
  probing          :       0.02       0.00      4          0          9          0          0          0          0          0          0          0
  pseudoobj        :       0.00       0.00      1          0          0          0          0          0          0          0          0          0
  symmetry         :       0.00       0.00      1          2          0          0          0          0          0          5          0          0
  vbounds          :       0.00       0.00      3          0          0          0          0          0          0          0          0          0
  knapsack         :       0.00       0.00     26          0          0          0          0          0          0          0          0          0
  setppc           :       0.00       0.00     44          0          8          0          0          0         33          0          0          0
  linear           :       0.00       0.00     18          0          0          0          0          0          8          0          8          0
  orbisack         :       0.00       0.00      7          0          0          0          0          0          0          0          0          0
  orbitope         :       0.00       0.00     13          1          0          0          0          0          0          0          0          0
  symresack        :       0.00       0.00      7          0          0          0          0          0          0          0          0          0
  logicor          :       0.06       0.01     23          0          0          0          0          0        379          0          0        363
  benders          :       0.00       0.00      0          0          0          0          0          0          0          0          0          0
  components       :       0.00       0.00      2          0          0          0          0          0          0          0          0          0
  root node        :          -          -      -          1          -          -          1          -          -          -          -          -
Constraints        :     Number  MaxNumber  #Separate #Propagate    #EnfoLP    #EnfoRelax  #EnfoPS    #Check   #ResProp    Cutoffs    DomReds       Cuts    Applied      Conss   Children
  benderslp        :          0          0          0          0      13152          0          0        116          0          0          0          0          0          0          0
  integral         :          0          0          0          0      13152          0          0        116          0          0          0          0          0          0      26304
  knapsack         :         91+        97         12     178291          0          0          0          0     165209       2058     121629          0          0          0          0
  setppc           :        353+       364         27     178125          0          0          0        111     593788       4943     522327          0          0          0          0
  linear           :          6+       203         27     169310          0          0          0          0       4084        263       6571          0          0          0          0
  orbisack         :          2          2          0          0          0          0          0          0          0          0          0          0          0          0          0
  orbitope         :          2          2          0     172819          0          0          0          0          0          0          0          0          0          0          0
  symresack        :          1          1          0      35210          0          0          0          0        436         66        437          0          0          0          0
  logicor          :       2753+      8433         27     135851          0          0          0          0     192957       3908     157932          9          4          0          0
  benders          :          0          0          0          0          0          0          0          0          0          0          0          0          0          0          0
  countsols        :          0          0          0          0          0          0          0          0          0          0          0          0          0          0          0
  components       :          0          0          0          0          0          0          0          0          0          0          0          0          0          0          0
Constraint Timings :  TotalTime  SetupTime   Separate  Propagate     EnfoLP     EnfoPS     EnfoRelax   Check    ResProp    SB-Prop
  benderslp        :       0.01       0.00       0.00       0.00       0.01       0.00       0.00       0.00       0.00       0.00
  integral         :       0.50       0.00       0.00       0.00       0.50       0.00       0.00       0.00       0.00       0.00
  knapsack         :       2.88       0.00       0.00       2.71       0.00       0.00       0.00       0.00       0.16       0.00
  setppc           :       5.27       0.00       0.00       5.01       0.00       0.00       0.00       0.00       0.25       0.00
  linear           :       0.23       0.00       0.00       0.21       0.00       0.00       0.00       0.00       0.01       0.00
  orbisack         :       0.02       0.00       0.00       0.02       0.00       0.00       0.00       0.00       0.00       0.00
  orbitope         :       0.50       0.00       0.00       0.50       0.00       0.00       0.00       0.00       0.00       0.00
  symresack        :       0.03       0.00       0.00       0.03       0.00       0.00       0.00       0.00       0.00       0.00
  logicor          :       7.26       0.01       0.01       7.04       0.00       0.00       0.00       0.00       0.19       0.00
  benders          :       0.00       0.00       0.00       0.00       0.00       0.00       0.00       0.00       0.00       0.00
  countsols        :       0.00       0.00       0.00       0.00       0.00       0.00       0.00       0.00       0.00       0.00
  components       :       0.01       0.00       0.00       0.01       0.00       0.00       0.00       0.00       0.00       0.00
Propagators        : #Propagate   #ResProp    Cutoffs    DomReds
  dualfix          :          2          0          0          0
  genvbounds       :          0          0          0          0
  nlobbt           :          0          0          0          0
  obbt             :          0          0          0          0
  probing          :          0          0          0          0
  pseudoobj        :          0          0          0          0
  redcost          :          0          0          0          0
  rootredcost      :          0          0          0          0
  symmetry         :          0          0          0          0
  vbounds          :     144718          0          0          0
Propagator Timings :  TotalTime  SetupTime   Presolve  Propagate    ResProp    SB-Prop
  dualfix          :       0.00       0.00       0.00       0.00       0.00       0.00
  genvbounds       :       0.02       0.00       0.00       0.02       0.00       0.00
  nlobbt           :       0.00       0.00       0.00       0.00       0.00       0.00
  obbt             :       0.00       0.00       0.00       0.00       0.00       0.00
  probing          :       0.02       0.00       0.02       0.00       0.00       0.00
  pseudoobj        :       0.02       0.00       0.00       0.02       0.00       0.00
  redcost          :       0.01       0.00       0.00       0.01       0.00       0.00
  rootredcost      :       0.01       0.00       0.00       0.01       0.00       0.00
  symmetry         :       0.02       0.00       0.00       0.01       0.00       0.00
  vbounds          :       0.34       0.00       0.00       0.34       0.00       0.00
Orbital fixing     :
  vars fixed to 0  :          0
  vars fixed to 1  :          0
Conflict Analysis  :       Time      Calls    Success    DomReds  Conflicts   Literals    Reconvs ReconvLits   Dualrays   Nonzeros   LP Iters   (pool size: [10000,10000])
  propagation      :       0.88      11063      10100          -      64388       24.6       1005       11.7          -          -          -
  infeasible LP    :       1.25       4287       3873          -      29177       22.9        234        9.7       2478       34.2          0
  bound exceed. LP :       0.00          0          0          -          0        0.0          0        0.0          0        0.0          0
  strong branching :       0.00          0          0          -          0        0.0          0        0.0          -          -          0
  pseudo solution  :       0.00          0          0          -          0        0.0          0        0.0          -          -          -
  applied globally :       0.32          -          -          0      48450       16.9          -          -       2187          -          -
  applied locally  :          -          -          -          0        336       27.1          -          -        291          -          -
Separators         :   ExecTime  SetupTime      Calls  RootCalls    Cutoffs    DomReds  FoundCuts ViaPoolAdd  DirectAdd    Applied ViaPoolApp  DirectApp      Conss
  cut pool         :       3.00          -       3257         52          -          -      48679      16508          -          -          -          -          -    (maximal pool size:       3274)
  aggregation      :       0.60       0.00       1680         27          0          0          0          0          0          0          0          0          0
  > cmir           :          -          -          -          -          -          -          -          0          0          0          0          0          -
  > flowcover      :          -          -          -          -          -          -          -          0          0          0          0          0          -
  > knapsackcover  :          -          -          -          -          -          -          -          0          0          0          0          0          -
  cgmip            :       0.00       0.00          0          0          0          0          0          0          0          0          0          0          0
  clique           :       0.01       0.00         27         27          0          0          0          0          0          0          0          0          0
  closecuts        :       0.00       0.00          0          0          0          0          0          0          0          0          0          0          0
  convexproj       :       0.00       0.00          0          0          0          0          0          0          0          0          0          0          0
  disjunctive      :       0.00       0.00          0          0          0          0          0          0          0          0          0          0          0
  eccuts           :       0.00       0.00          0          0          0          0          0          0          0          0          0          0          0
  gauge            :       0.00       0.00          0          0          0          0          0          0          0          0          0          0          0
  gomory           :       5.24       0.00       1673         20          0          0      67944      15566      19822       2013       1516        497          0
  > gomorymi       :          -          -          -          -          -          -          -       2727       9911        429        151        278          -
  > strongcg       :          -          -          -          -          -          -          -      12839       9911       1584       1365        219          -
  impliedbounds    :       0.04       0.00       1680         27          0          0          1          3          0          3          3          0          0
  interminor       :       0.00       0.00          0          0          0          0          0          0          0          0          0          0          0
  intobj           :       0.00       0.00          0          0          0          0          0          0          0          0          0          0          0
  mcf              :       0.00       0.00          2          2          0          0          0          0          0          0          0          0          0
  minor            :       0.00       0.00          0          0          0          0          0          0          0          0          0          0          0
  mixing           :       0.00       0.00          0          0          0          0          0          0          0          0          0          0          0
  oddcycle         :       0.00       0.00          0          0          0          0          0          0          0          0          0          0          0
  rapidlearning    :       9.93       0.00        100          2          0       8212          0          0          0          0          0          0        806
  rlt              :       0.00       0.00         20         20          0          0          0          0          0          0          0          0          0
  zerohalf         :       0.86       0.00       1680         27          0          0       2345        939       1789       1848        568       1280          0
Cutselectors       :   ExecTime  SetupTime      Calls  RootCalls   Selected     Forced   Filtered  RootSelec   RootForc   RootFilt 
  hybrid           :       0.04       0.00       1669         27       3868          0      34082         60          0       1805
Pricers            :   ExecTime  SetupTime      Calls       Vars
  problem variables:       0.00          -          0          0
Branching Rules    :   ExecTime  SetupTime   BranchLP  BranchExt   BranchPS    Cutoffs    DomReds       Cuts      Conss   Children
  allfullstrong    :       0.00       0.00          0          0          0          0          0          0          0          0
  cloud            :       0.00       0.00          0          0          0          0          0          0          0          0
  distribution     :       0.00       0.00          0          0          0          0          0          0          0          0
  fullstrong       :       0.00       0.00          0          0          0          0          0          0          0          0
  inference        :       0.00       0.00          0          0          0          0          0          0          0          0
  leastinf         :       0.00       0.00          0          0          0          0          0          0          0          0
  lookahead        :       0.00       0.00          0          0          0          0          0          0          0          0
  mostinf          :       0.00       0.00          0          0          0          0          0          0          0          0
  multaggr         :       0.00       0.00          0          0          0          0          0          0          0          0
  nodereopt        :       0.00       0.00          0          0          0          0          0          0          0          0
  pscost           :       0.00       0.00          0          0          0          0          0          0          0          0
  random           :       0.00       0.00          0          0          0          0          0          0          0          0
  relpscost        :       0.48       0.00      13152          0          0          0          0          0          0      26304
  vanillafullstrong:       0.00       0.00          0          0          0          0          0          0          0          0
Primal Heuristics  :   ExecTime  SetupTime      Calls      Found       Best
  LP solutions     :       0.00          -          -          0          0
  relax solutions  :       0.00          -          -          0          0
  pseudo solutions :       0.00          -          -          0          0
  strong branching :       0.00          -          -          0          0
  actconsdiving    :       0.00       0.00          0          0          0
  adaptivediving   :       0.31       0.00         93          0          0
  alns             :       0.05       0.00          5          0          0
  bound            :       0.00       0.00          0          0          0
  clique           :       0.00       0.00          1          0          0
  coefdiving       :       0.00       0.00          0          0          0
  completesol      :       0.00       0.00          0          0          0
  conflictdiving   :       0.72       0.00        220          0          0
  crossover        :       0.01       0.00          0          0          0
  dins             :       0.00       0.00          0          0          0
  distributiondivin:       1.04       0.00        220          0          0
  dps              :       0.00       0.00          0          0          0
  dualval          :       0.00       0.00          0          0          0
  farkasdiving     :       0.00       0.00          0          0          0
  feaspump         :       0.52       0.00         51          0          0
  fixandinfer      :       0.00       0.00          0          0          0
  fracdiving       :       0.48       0.00        220          0          0
  gins             :       0.00       0.00          0          0          0
  guideddiving     :       0.00       0.00          0          0          0
  indicator        :       0.01       0.00          0          0          0
  intdiving        :       0.00       0.00          0          0          0
  intshifting      :       0.00       0.00          0          0          0
  linesearchdiving :       0.53       0.00        220          0          0
  localbranching   :       0.00       0.00          0          0          0
  locks            :       0.00       0.00          1          0          0
  lpface           :       0.03       0.00          0          0          0
  mpec             :       0.00       0.00          0          0          0
  multistart       :       0.00       0.00          0          0          0
  mutation         :       0.00       0.00          0          0          0
  nlpdiving        :       0.00       0.00          0          0          0
  objpscostdiving  :       0.29       0.00         17          0          0
  octane           :       0.00       0.00          0          0          0
  ofins            :       0.00       0.00          0          0          0
  oneopt           :       0.00       0.00          0          0          0
  padm             :       0.00       0.00          0          0          0
  proximity        :       0.00       0.00          0          0          0
  pscostdiving     :       0.46       0.00        221          0          0
  randrounding     :       0.05       0.00        137          0          0
  rens             :       0.03       0.00          2          0          0
  reoptsols        :       0.00       0.00          0          0          0
  repair           :       0.00       0.00          0          0          0
  rins             :       0.00       0.00          0          0          0
  rootsoldiving    :       0.32       0.00         25          0          0
  rounding         :       0.07       0.00       1672          0          0
  shiftandpropagate:       0.01       0.00          2          0          0
  shifting         :       0.07       0.00        645          0          0
  simplerounding   :       0.01       0.00          0          0          0
  subnlp           :       0.01       0.00          0          0          0
  trivial          :       0.00       0.00          2          0          0
  trivialnegation  :       0.00       0.00          0          0          0
  trustregion      :       0.00       0.00          0          0          0
  trysol           :       0.01       0.00          0          0          0
  twoopt           :       0.00       0.00          0          0          0
  undercover       :       0.00       0.00          0          0          0
  vbounds          :       0.00       0.00          2          0          0
  veclendiving     :       0.52       0.00        221          0          0
  zeroobj          :       0.00       0.00          0          0          0
  zirounding       :       0.02       0.00       1000          0          0
  other solutions  :          -          -          -          0          -
LP                 :       Time      Calls Iterations  Iter/call   Iter/sec  Time-0-It Calls-0-It    ItLimit
  primal LP        :       0.80        752          0       0.00       0.00       0.80        752
  dual LP          :      21.55      18912     708809      37.73   32888.53       0.04        126
  lex dual LP      :       0.00          0          0       0.00          -
  barrier LP       :       0.00          0          0       0.00          -       0.00          0
  resolve instable :       0.00          0          0       0.00          -
  diving/probing LP:       1.63       1613      43270      26.83   26483.35
  strong branching :       0.10         21       3272     155.81   32280.66          -          -          0
    (at root node) :          -         21       3272     155.81          -
  conflict analysis:       0.00          0          0       0.00          -
B&B Tree           :
  number of runs   :          2
  nodes            :      20519 (12386 internal, 8133 leaves)
  feasible leaves  :          0
  infeas. leaves   :       8133
  objective leaves :          0
  nodes (total)    :      21823 (13152 internal, 8671 leaves)
  nodes left       :          0
  max depth        :         24
  max depth (total):         24
  backtracks       :       7239 (35.3%)
  early backtracks :          0 (0.0%)
  nodes exc. ref.  :          0 (0.0%)
  delayed cutoffs  :       4254
  repropagations   :      14682 (286458 domain reductions, 3448 cutoffs)
  avg switch length:       5.09
  switching time   :      10.03
Root Node          :
  First LP value   : +0.00000000000000e+00
  First LP Iters   :        138 (35881.44 Iter/sec)
  First LP Time    :       0.00
  Final Dual Bound : +0.00000000000000e+00
  Final Root Iters :       3054
  Root LP Estimate : +5.45902988015739e-03
Solution           :
  Solutions found  :          0 (0 improvements)
  Primal Bound     : infeasible
  Dual Bound       :          -
  Gap              :       0.00 %
Integrals          :      Total       Avg%
  primal-dual      :          -          - (problem infeasible)
  primal-ref       :          -          - (problem infeasible)
  dual-ref         :          -          - (problem infeasible)
written solution information to file <results/final_flowersnark__settings_final_nosymretope_norelabel__3__flowersnark21_3.cip.sol>
@04 1668002690
