FILENAME:   ../instances_new/flowersnark/flowersnark25_3.cip
SETTINGS:   settings_final_nopeek_relabel_min
TIMELIMIT:  7200
OUTPUTNAME: final_flowersnark__settings_final_nopeek_relabel_min__0__
BINNAME:    bin/sbcs.linux.x86_64.gnu.opt.cpx
BASENAME:   flowersnark25_3.cip
SEED:       0
@01 ../instances_new/flowersnark/flowersnark25_3.cip ===========
@02 flowersnark25_3.cip
@03 1667917867
SCIP version 8.0.2 [precision: 8 byte] [memory: block] [mode: optimized] [LP solver: CPLEX 20.1.0.0] [GitHash: 5f0473c]
Copyright (C) 2002-2022 Konrad-Zuse-Zentrum fuer Informationstechnik Berlin (ZIB)

Symretope propagation methods - (c) Jasper van Doornmalen, Christopher Hojny.
[GitHash: 2fd0484]

reading parameter file <../settings/settings_final_nopeek_relabel_min.set> ...

Changed settings:
limits/time = 7200
misc/usesymmetry = 1
constraints/orbisack/sepafreq = -1
constraints/symresack/sepafreq = -1
propagating/symmetry/addsymresacks = TRUE
propagating/symmetry/detectsubgroups = FALSE
propagating/symmetry/relabelsymretopes = 2
propagating/symmetry/ofsymcomptiming = 0
constraints/symretope/sepafreq = -1
constraints/symretope/peek = FALSE


solving problem ...

original problem has 450 variables (450 bin, 0 int, 0 impl, 0 cont) and 450 constraints
presolving:
(round 1, exhaustive) 0 del vars, 0 del conss, 0 add conss, 0 chg bounds, 0 chg sides, 0 chg coeffs, 450 upgd conss, 0 impls, 450 clqs
   (0.0s) probing: 51/450 (11.3%) - 0 fixings, 0 aggregations, 0 implications, 0 bound changes
   (0.0s) probing aborted: 50/50 successive totally useless probings
   (0.0s) symmetry computation started: requiring (bin +, int +, cont +), (fixed: bin -, int -, cont -)
   (0.0s) symmetry computation finished: 5 generators found (max: 1500, log10 of symmetry group size: 2.8)
(round 2, exhaustive) 7 del vars, 0 del conss, 5 add conss, 0 chg bounds, 0 chg sides, 0 chg coeffs, 450 upgd conss, 0 impls, 447 clqs
(round 3, fast)       16 del vars, 7 del conss, 5 add conss, 0 chg bounds, 0 chg sides, 0 chg coeffs, 450 upgd conss, 0 impls, 443 clqs
(round 4, medium)     17 del vars, 7 del conss, 5 add conss, 0 chg bounds, 0 chg sides, 0 chg coeffs, 450 upgd conss, 0 impls, 443 clqs
(round 5, fast)       18 del vars, 8 del conss, 5 add conss, 0 chg bounds, 0 chg sides, 0 chg coeffs, 450 upgd conss, 0 impls, 442 clqs
   (0.0s) probing: 56/450 (12.4%) - 0 fixings, 0 aggregations, 0 implications, 0 bound changes
   (0.0s) probing aborted: 50/50 successive totally useless probings
presolving (6 rounds: 6 fast, 4 medium, 3 exhaustive):
 18 deleted vars, 8 deleted constraints, 5 added constraints, 0 tightened bounds, 0 added holes, 0 changed sides, 0 changed coefficients
 0 implications, 442 cliques
presolved problem has 437 variables (437 bin, 0 int, 0 impl, 0 cont) and 447 constraints
    442 constraints of type <setppc>
      2 constraints of type <orbisack>
      2 constraints of type <orbitope>
      1 constraints of type <symretope>
transformed objective value is always integral (scale: 1)
Presolving Time: 0.01

 time | node  | left  |LP iter|LP it/n|mem/heur|mdpt |vars |cons |rows |cuts |sepa|confs|strbr|  dualbound   | primalbound  |  gap   | compl. 
  0.0s|     1 |     0 |   382 |     - |  7078k |   0 | 437 | 484 | 444 |   0 |  0 |  40 |   0 | 0.000000e+00 |      --      |    Inf | unknown
  0.1s|     1 |     0 |   916 |     - |  8646k |   0 | 437 | 686 | 442 |   2 |  1 |  42 |   0 | 0.000000e+00 |      --      |    Inf | unknown
  0.2s|     1 |     0 |  1006 |     - |    10M |   0 | 437 | 684 | 445 |   5 |  2 |  43 |   0 | 0.000000e+00 |      --      |    Inf | unknown
  0.2s|     1 |     0 |  1100 |     - |    12M |   0 | 437 | 685 | 447 |   7 |  3 |  44 |   0 | 0.000000e+00 |      --      |    Inf | unknown
  0.2s|     1 |     0 |  1180 |     - |    14M |   0 | 437 | 687 | 449 |   9 |  4 |  46 |   0 | 0.000000e+00 |      --      |    Inf | unknown
  0.3s|     1 |     0 |  1319 |     - |    17M |   0 | 437 | 688 | 452 |  12 |  5 |  47 |   0 | 0.000000e+00 |      --      |    Inf | unknown
  0.4s|     1 |     0 |  1412 |     - |    19M |   0 | 437 | 689 | 456 |  16 |  6 |  48 |   0 | 0.000000e+00 |      --      |    Inf | unknown
  0.4s|     1 |     0 |  1500 |     - |    23M |   0 | 437 | 692 | 458 |  18 |  7 |  51 |   0 | 0.000000e+00 |      --      |    Inf | unknown
  0.5s|     1 |     0 |  1589 |     - |    25M |   0 | 437 | 693 | 461 |  21 |  8 |  52 |   0 | 0.000000e+00 |      --      |    Inf | unknown
  0.5s|     1 |     0 |  1665 |     - |    26M |   0 | 437 | 695 | 463 |  23 |  9 |  54 |   0 | 0.000000e+00 |      --      |    Inf | unknown
  0.6s|     1 |     0 |  1744 |     - |    30M |   0 | 437 | 696 | 465 |  25 | 10 |  55 |   0 | 0.000000e+00 |      --      |    Inf | unknown
  0.6s|     1 |     0 |  1817 |     - |    30M |   0 | 437 | 697 | 468 |  28 | 11 |  56 |   0 | 0.000000e+00 |      --      |    Inf | unknown
  0.7s|     1 |     2 |  2187 |     - |    30M |   0 | 437 | 702 | 468 |  28 | 11 |  62 |  11 | 0.000000e+00 |      --      |    Inf | unknown
  1.5s|   100 |    38 | 12618 | 109.6 |    31M |  18 | 437 |1057 | 453 |  32 |  1 | 418 |  11 | 0.000000e+00 |      --      |    Inf |   3.21%
  1.7s|   200 |    32 | 16878 |  75.9 |    33M |  18 | 437 |1318 | 453 |  52 |  1 | 682 |  11 | 0.000000e+00 |      --      |    Inf |   9.68%
 time | node  | left  |LP iter|LP it/n|mem/heur|mdpt |vars |cons |rows |cuts |sepa|confs|strbr|  dualbound   | primalbound  |  gap   | compl. 
  1.8s|   300 |    37 | 18980 |  57.6 |    35M |  18 | 437 |1695 | 454 |  60 |  1 |1083 |  11 | 0.000000e+00 |      --      |    Inf |   9.77%
  2.0s|   400 |    55 | 21115 |  48.5 |    35M |  18 | 437 |2081 | 454 |  71 |  1 |1496 |  11 | 0.000000e+00 |      --      |    Inf |   9.89%
  2.2s|   500 |    44 | 23784 |  44.1 |    37M |  19 | 437 |2349 | 452 |  97 |  1 |1781 |  11 | 0.000000e+00 |      --      |    Inf |  10.04%
  2.4s|   600 |    48 | 26170 |  40.7 |    38M |  19 | 437 |2635 | 454 | 115 |  1 |2088 |  11 | 0.000000e+00 |      --      |    Inf |  10.28%
  2.9s|   700 |    46 | 30147 |  40.6 |    38M |  19 | 437 |2664 | 456 | 150 |  0 |2211 |  11 | 0.000000e+00 |      --      |    Inf |  10.58%
  3.0s|   800 |    47 | 32742 |  38.8 |    38M |  19 | 437 |2672 | 456 | 156 |  1 |2307 |  11 | 0.000000e+00 |      --      |    Inf |  10.66%
  3.1s|   900 |    42 | 34989 |  37.0 |    39M |  19 | 437 |2693 | 457 | 166 |  1 |2525 |  11 | 0.000000e+00 |      --      |    Inf |  10.81%
Restart triggered after 50 consecutive estimations that the remaining tree will be large
(run 1, node 933) performing user restart

(restart) converted 14 cuts from the global cut pool into linear constraints

presolving:
(round 1, fast)       10 del vars, 44 del conss, 0 add conss, 0 chg bounds, 0 chg sides, 4 chg coeffs, 0 upgd conss, 0 impls, 443 clqs
(round 2, medium)     13 del vars, 45 del conss, 0 add conss, 0 chg bounds, 0 chg sides, 4 chg coeffs, 0 upgd conss, 0 impls, 437 clqs
(round 3, fast)       13 del vars, 54 del conss, 0 add conss, 0 chg bounds, 0 chg sides, 4 chg coeffs, 0 upgd conss, 0 impls, 437 clqs
(round 4, exhaustive) 13 del vars, 70 del conss, 8 add conss, 0 chg bounds, 0 chg sides, 4 chg coeffs, 0 upgd conss, 0 impls, 437 clqs
(round 5, exhaustive) 13 del vars, 83 del conss, 8 add conss, 0 chg bounds, 12 chg sides, 4 chg coeffs, 0 upgd conss, 0 impls, 437 clqs
(round 6, exhaustive) 13 del vars, 83 del conss, 8 add conss, 0 chg bounds, 12 chg sides, 4 chg coeffs, 202 upgd conss, 0 impls, 437 clqs
(round 7, exhaustive) 13 del vars, 87 del conss, 10 add conss, 0 chg bounds, 12 chg sides, 4 chg coeffs, 202 upgd conss, 0 impls, 437 clqs
(round 8, exhaustive) 13 del vars, 326 del conss, 10 add conss, 0 chg bounds, 12 chg sides, 738 chg coeffs, 202 upgd conss, 0 impls, 437 clqs
presolving (9 rounds: 9 fast, 7 medium, 6 exhaustive):
 13 deleted vars, 327 deleted constraints, 10 added constraints, 0 tightened bounds, 0 added holes, 12 changed sides, 740 changed coefficients
 0 implications, 437 cliques
presolved problem has 424 variables (424 bin, 0 int, 0 impl, 0 cont) and 2328 constraints
     67 constraints of type <knapsack>
    435 constraints of type <setppc>
     12 constraints of type <linear>
      2 constraints of type <orbisack>
      2 constraints of type <orbitope>
      1 constraints of type <symretope>
   1809 constraints of type <logicor>
transformed objective value is always integral (scale: 1)
Presolving Time: 0.10

 time | node  | left  |LP iter|LP it/n|mem/heur|mdpt |vars |cons |rows |cuts |sepa|confs|strbr|  dualbound   | primalbound  |  gap   | compl. 
  3.3s|     1 |     0 | 36407 |     - |    39M |   0 | 424 |2356 | 443 |   0 |  0 |2623 |  11 | 0.000000e+00 |      --      |    Inf | unknown
  3.5s|     1 |     0 | 36489 |     - |    40M |   0 | 424 |2557 | 448 |   5 |  1 |2624 |  11 | 0.000000e+00 |      --      |    Inf | unknown
  3.6s|     1 |     0 | 36574 |     - |    40M |   0 | 424 |2559 | 453 |  10 |  2 |2626 |  11 | 0.000000e+00 |      --      |    Inf | unknown
  3.6s|     1 |     0 | 36709 |     - |    40M |   0 | 424 |2560 | 458 |  15 |  3 |2627 |  11 | 0.000000e+00 |      --      |    Inf | unknown
  3.7s|     1 |     0 | 36809 |     - |    40M |   0 | 424 |2562 | 463 |  20 |  4 |2629 |  11 | 0.000000e+00 |      --      |    Inf | unknown
  3.7s|     1 |     0 | 36940 |     - |    40M |   0 | 424 |2562 | 467 |  24 |  5 |2629 |  11 | 0.000000e+00 |      --      |    Inf | unknown
  3.8s|     1 |     0 | 37042 |     - |    40M |   0 | 424 |2563 | 470 |  27 |  6 |2630 |  11 | 0.000000e+00 |      --      |    Inf | unknown
  3.8s|     1 |     0 | 37142 |     - |    41M |   0 | 424 |2564 | 473 |  30 |  7 |2631 |  11 | 0.000000e+00 |      --      |    Inf | unknown
  3.9s|     1 |     0 | 37266 |     - |    42M |   0 | 424 |2569 | 477 |  34 |  8 |2636 |  11 | 0.000000e+00 |      --      |    Inf | unknown
  3.9s|     1 |     0 | 37346 |     - |    43M |   0 | 424 |2571 | 480 |  37 |  9 |2638 |  11 | 0.000000e+00 |      --      |    Inf | unknown
  4.0s|     1 |     0 | 37486 |     - |    45M |   0 | 424 |2572 | 468 |  40 | 10 |2639 |  11 | 0.000000e+00 |      --      |    Inf | unknown
  4.0s|     1 |     0 | 37587 |     - |    45M |   0 | 424 |2574 | 470 |  42 | 11 |2641 |  11 | 0.000000e+00 |      --      |    Inf | unknown
  4.2s|     1 |     2 | 38036 |     - |    45M |   0 | 424 |2584 | 470 |  42 | 11 |2651 |  22 | 0.000000e+00 |      --      |    Inf | unknown
  6.6s|   100 |    44 | 50626 |  45.8 |    46M |  20 | 424 |2860 | 451 |  93 |  1 |2978 |  22 | 0.000000e+00 |      --      |    Inf |   1.47%
  8.5s|   200 |    45 | 54643 |  45.3 |    46M |  20 | 424 |2766 | 449 |  93 |  1 |3144 |  22 | 0.000000e+00 |      --      |    Inf |   1.48%
 time | node  | left  |LP iter|LP it/n|mem/heur|mdpt |vars |cons |rows |cuts |sepa|confs|strbr|  dualbound   | primalbound  |  gap   | compl. 
  9.5s|   300 |    51 | 59017 |  45.1 |    45M |  20 | 424 |2668 |   0 | 110 |  0 |3339 |  22 | 0.000000e+00 |      --      |    Inf |   1.90%
 10.0s|   400 |    53 | 62663 |  44.5 |    45M |  20 | 424 |2675 | 443 | 110 |  1 |3507 |  22 | 0.000000e+00 |      --      |    Inf |   1.99%
 10.2s|   500 |    55 | 66714 |  44.2 |    45M |  22 | 424 |2752 |   0 | 112 |  0 |3703 |  22 | 0.000000e+00 |      --      |    Inf |   2.49%
 10.4s|   600 |    56 | 68304 |  42.4 |    45M |  25 | 424 |2856 | 449 | 112 |  1 |3887 |  22 | 0.000000e+00 |      --      |    Inf |   2.50%
 10.5s|   700 |    56 | 70564 |  41.2 |    46M |  26 | 424 |2964 |   0 | 112 |  0 |4104 |  22 | 0.000000e+00 |      --      |    Inf |   2.51%
 10.7s|   800 |    72 | 73087 |  40.2 |    46M |  26 | 424 |3099 |   0 | 117 |  0 |4422 |  22 | 0.000000e+00 |      --      |    Inf |   2.67%
 11.0s|   900 |    91 | 76769 |  40.0 |    46M |  26 | 424 |3194 | 447 | 140 |  1 |4673 |  22 | 0.000000e+00 |      --      |    Inf |   2.72%
 11.2s|  1000 |    94 | 80107 |  39.7 |    47M |  26 | 424 |3198 | 447 | 148 |  1 |4990 |  22 | 0.000000e+00 |      --      |    Inf |   2.83%
 11.5s|  1100 |    79 | 83465 |  39.4 |    47M |  26 | 424 |3201 | 445 | 155 |  1 |5297 |  22 | 0.000000e+00 |      --      |    Inf |   3.00%
 11.7s|  1200 |    75 | 87795 |  39.6 |    47M |  26 | 424 |3220 | 445 | 161 |  0 |5504 |  22 | 0.000000e+00 |      --      |    Inf |   3.12%
 12.0s|  1300 |    75 | 91002 |  39.2 |    47M |  26 | 424 |3256 | 449 | 161 |  1 |5737 |  22 | 0.000000e+00 |      --      |    Inf |   3.18%
 12.1s|  1400 |    77 | 93584 |  38.7 |    47M |  26 | 424 |3463 | 449 | 162 |  1 |5993 |  22 | 0.000000e+00 |      --      |    Inf |   3.18%
 12.3s|  1500 |    70 | 95448 |  37.8 |    47M |  26 | 424 |3697 | 445 | 163 |  0 |6275 |  22 | 0.000000e+00 |      --      |    Inf |   3.19%
 12.5s|  1600 |    91 | 98842 |  37.7 |    47M |  26 | 424 |3774 | 445 | 171 |  1 |6461 |  22 | 0.000000e+00 |      --      |    Inf |   3.25%
 12.8s|  1700 |    83 |101996 |  37.5 |    47M |  26 | 424 |4017 | 449 | 179 |  1 |6785 |  22 | 0.000000e+00 |      --      |    Inf |   3.29%
 time | node  | left  |LP iter|LP it/n|mem/heur|mdpt |vars |cons |rows |cuts |sepa|confs|strbr|  dualbound   | primalbound  |  gap   | compl. 
 13.0s|  1800 |    79 |105672 |  37.4 |    47M |  26 | 424 |4160 | 447 | 191 |  1 |6999 |  22 | 0.000000e+00 |      --      |    Inf |   3.38%
 13.3s|  1900 |    98 |109468 |  37.5 |    48M |  26 | 424 |4015 | 445 | 203 |  1 |7146 |  22 | 0.000000e+00 |      --      |    Inf |   3.50%
 13.6s|  2000 |   155 |114701 |  38.0 |    48M |  26 | 424 |4025 | 451 | 214 |  0 |7441 |  22 | 0.000000e+00 |      --      |    Inf |   3.52%
 13.8s|  2100 |   167 |118361 |  37.9 |    48M |  26 | 424 |4110 | 445 | 215 |  1 |7634 |  22 | 0.000000e+00 |      --      |    Inf |   3.53%
 14.0s|  2200 |   167 |120743 |  37.5 |    48M |  26 | 424 |4354 | 445 | 215 |  1 |7970 |  22 | 0.000000e+00 |      --      |    Inf |   3.54%
 14.2s|  2300 |   176 |124056 |  37.3 |    48M |  26 | 424 |4553 |   0 | 215 |  0 |8287 |  22 | 0.000000e+00 |      --      |    Inf |   3.55%
 14.5s|  2400 |   191 |128456 |  37.5 |    48M |  26 | 424 |4592 |   0 | 229 |  0 |8622 |  22 | 0.000000e+00 |      --      |    Inf |   3.67%
 14.7s|  2500 |   199 |131280 |  37.3 |    48M |  26 | 424 |4684 | 447 | 229 |  1 |8818 |  22 | 0.000000e+00 |      --      |    Inf |   3.69%
 14.9s|  2600 |   202 |134159 |  37.0 |    48M |  26 | 424 |4859 |   0 | 229 |  0 |9148 |  22 | 0.000000e+00 |      --      |    Inf |   3.70%
 15.1s|  2700 |   213 |137700 |  37.0 |    48M |  26 | 424 |4843 | 445 | 244 |  1 |9413 |  22 | 0.000000e+00 |      --      |    Inf |   3.93%
 15.4s|  2800 |   224 |142391 |  37.2 |    48M |  26 | 424 |4885 | 444 | 247 |  1 |9637 |  22 | 0.000000e+00 |      --      |    Inf |   3.99%
 15.6s|  2900 |   222 |146482 |  37.3 |    49M |  26 | 424 |4908 | 445 | 250 |  1 |9842 |  22 | 0.000000e+00 |      --      |    Inf |   4.10%
 15.8s|  3000 |   234 |149820 |  37.2 |    49M |  26 | 424 |4888 | 444 | 253 |  1 |  10k|  22 | 0.000000e+00 |      --      |    Inf |   4.12%
 16.1s|  3100 |   263 |154357 |  37.4 |    49M |  26 | 424 |4933 | 444 | 262 |  1 |  10k|  22 | 0.000000e+00 |      --      |    Inf |   4.14%
 16.3s|  3200 |   273 |157729 |  37.3 |    49M |  26 | 424 |5136 |   0 | 264 |  0 |  10k|  22 | 0.000000e+00 |      --      |    Inf |   4.15%
 time | node  | left  |LP iter|LP it/n|mem/heur|mdpt |vars |cons |rows |cuts |sepa|confs|strbr|  dualbound   | primalbound  |  gap   | compl. 
 16.5s|  3300 |   267 |160629 |  37.2 |    49M |  26 | 424 |5243 | 451 | 264 |  1 |  10k|  22 | 0.000000e+00 |      --      |    Inf |   4.18%
 16.7s|  3400 |   246 |163317 |  36.9 |    49M |  26 | 424 |5234 | 451 | 264 |  1 |  11k|  22 | 0.000000e+00 |      --      |    Inf |   4.22%
 17.0s|  3500 |   235 |166468 |  36.8 |    49M |  26 | 424 |5145 | 446 | 266 |  1 |  11k|  22 | 0.000000e+00 |      --      |    Inf |   4.27%
 17.2s|  3600 |   232 |169869 |  36.7 |    49M |  26 | 424 |5260 | 446 | 266 |  1 |  11k|  22 | 0.000000e+00 |      --      |    Inf |   4.30%
 17.4s|  3700 |   260 |172729 |  36.6 |    49M |  26 | 424 |5532 |   0 | 267 |  0 |  11k|  22 | 0.000000e+00 |      --      |    Inf |   4.34%
 17.7s|  3800 |   232 |175677 |  36.4 |    49M |  26 | 424 |5613 | 445 | 267 |  1 |  12k|  22 | 0.000000e+00 |      --      |    Inf |   4.37%
 17.9s|  3900 |   229 |179417 |  36.4 |    49M |  26 | 424 |5623 | 449 | 276 |  1 |  12k|  22 | 0.000000e+00 |      --      |    Inf |   4.41%
 18.1s|  4000 |   221 |181751 |  36.2 |    49M |  26 | 424 |5702 | 449 | 276 |  1 |  12k|  22 | 0.000000e+00 |      --      |    Inf |   4.47%
 18.4s|  4100 |   258 |185908 |  36.3 |    49M |  26 | 424 |5858 |   0 | 291 |  0 |  12k|  22 | 0.000000e+00 |      --      |    Inf |   4.50%
 18.7s|  4200 |   261 |189714 |  36.3 |    50M |  26 | 424 |6088 | 449 | 291 |  1 |  13k|  22 | 0.000000e+00 |      --      |    Inf |   4.52%
 18.9s|  4300 |   275 |192898 |  36.2 |    51M |  26 | 424 |6272 | 449 | 294 |  1 |  13k|  22 | 0.000000e+00 |      --      |    Inf |   4.53%
 19.1s|  4400 |   270 |196657 |  36.2 |    51M |  26 | 424 |6455 | 449 | 298 |  1 |  13k|  22 | 0.000000e+00 |      --      |    Inf |   4.55%
 19.5s|  4500 |   286 |201950 |  36.6 |    51M |  26 | 424 |6577 | 444 | 312 |  1 |  14k|  22 | 0.000000e+00 |      --      |    Inf |   4.56%
 19.8s|  4600 |   310 |206648 |  36.7 |    51M |  26 | 424 |6733 | 445 | 323 |  1 |  14k|  22 | 0.000000e+00 |      --      |    Inf |   4.58%
 20.0s|  4700 |   313 |209492 |  36.6 |    51M |  26 | 424 |6807 | 444 | 323 |  0 |  14k|  22 | 0.000000e+00 |      --      |    Inf |   4.60%
 time | node  | left  |LP iter|LP it/n|mem/heur|mdpt |vars |cons |rows |cuts |sepa|confs|strbr|  dualbound   | primalbound  |  gap   | compl. 
 20.2s|  4800 |   317 |212884 |  36.5 |    51M |  26 | 424 |6897 | 444 | 323 |  1 |  15k|  22 | 0.000000e+00 |      --      |    Inf |   4.61%
 20.5s|  4900 |   314 |216663 |  36.6 |    51M |  26 | 424 |6768 | 444 | 324 |  1 |  15k|  22 | 0.000000e+00 |      --      |    Inf |   4.67%
 20.7s|  5000 |   323 |221421 |  36.8 |    51M |  26 | 424 |6657 |   0 | 328 |  0 |  15k|  22 | 0.000000e+00 |      --      |    Inf |   4.79%
 21.0s|  5100 |   323 |225326 |  36.8 |    51M |  26 | 424 |6745 | 444 | 328 |  1 |  15k|  22 | 0.000000e+00 |      --      |    Inf |   4.80%
 21.2s|  5200 |   315 |228452 |  36.7 |    51M |  26 | 424 |6888 | 447 | 328 |  1 |  16k|  22 | 0.000000e+00 |      --      |    Inf |   4.83%
 21.4s|  5300 |   305 |230936 |  36.5 |    51M |  26 | 424 |6771 | 445 | 342 |  1 |  16k|  22 | 0.000000e+00 |      --      |    Inf |   5.00%
 21.6s|  5400 |   305 |233648 |  36.4 |    51M |  26 | 424 |6711 | 447 | 342 |  1 |  16k|  22 | 0.000000e+00 |      --      |    Inf |   5.03%
 21.8s|  5500 |   313 |236614 |  36.3 |    51M |  26 | 424 |6720 |   0 | 342 |  0 |  16k|  22 | 0.000000e+00 |      --      |    Inf |   5.05%
 22.1s|  5600 |   299 |239536 |  36.2 |    51M |  26 | 424 |6712 |   0 | 342 |  0 |  17k|  22 | 0.000000e+00 |      --      |    Inf |   5.08%
 22.3s|  5700 |   284 |242304 |  36.0 |    51M |  26 | 424 |6565 |   0 | 343 |  0 |  17k|  22 | 0.000000e+00 |      --      |    Inf |   5.12%
 22.6s|  5800 |   269 |246360 |  36.1 |    52M |  26 | 424 |6542 | 444 | 345 |  0 |  17k|  22 | 0.000000e+00 |      --      |    Inf |   5.14%
 22.8s|  5900 |   259 |249141 |  36.0 |    52M |  26 | 424 |6535 | 443 | 345 |  1 |  17k|  22 | 0.000000e+00 |      --      |    Inf |   5.17%
 23.0s|  6000 |   249 |251971 |  35.9 |    52M |  26 | 424 |6420 | 447 | 351 |  1 |  17k|  22 | 0.000000e+00 |      --      |    Inf |   5.19%
 23.2s|  6100 |   247 |254045 |  35.6 |    52M |  26 | 424 |6587 | 447 | 351 |  1 |  18k|  22 | 0.000000e+00 |      --      |    Inf |   5.22%
 23.5s|  6200 |   270 |257798 |  35.7 |    52M |  26 | 424 |6583 | 447 | 353 |  1 |  18k|  22 | 0.000000e+00 |      --      |    Inf |   5.22%
 time | node  | left  |LP iter|LP it/n|mem/heur|mdpt |vars |cons |rows |cuts |sepa|confs|strbr|  dualbound   | primalbound  |  gap   | compl. 
 23.8s|  6300 |   260 |261343 |  35.7 |    52M |  26 | 424 |6699 |   0 | 355 |  0 |  18k|  22 | 0.000000e+00 |      --      |    Inf |   5.23%
 24.0s|  6400 |   256 |264138 |  35.6 |    52M |  26 | 424 |6816 |   0 | 355 |  0 |  18k|  22 | 0.000000e+00 |      --      |    Inf |   5.25%
 24.2s|  6500 |   245 |267033 |  35.5 |    52M |  26 | 424 |6902 | 447 | 365 |  0 |  19k|  22 | 0.000000e+00 |      --      |    Inf |   5.35%
 24.5s|  6600 |   239 |269765 |  35.4 |    52M |  26 | 424 |6785 | 447 | 371 |  0 |  19k|  22 | 0.000000e+00 |      --      |    Inf |   5.50%
 24.7s|  6700 |   240 |273561 |  35.4 |    52M |  26 | 424 |6752 | 447 | 390 |  0 |  19k|  22 | 0.000000e+00 |      --      |    Inf |   5.74%
 25.1s|  6800 |   258 |278517 |  35.6 |    52M |  26 | 424 |6580 | 445 | 403 |  1 |  19k|  22 | 0.000000e+00 |      --      |    Inf |   5.81%
 25.3s|  6900 |   272 |281921 |  35.6 |    52M |  26 | 424 |6616 |   0 | 413 |  0 |  20k|  22 | 0.000000e+00 |      --      |    Inf |   5.89%
 25.5s|  7000 |   263 |284885 |  35.5 |    52M |  26 | 424 |6665 | 445 | 421 |  1 |  20k|  22 | 0.000000e+00 |      --      |    Inf |   6.03%
 25.8s|  7100 |   256 |288347 |  35.5 |    52M |  26 | 424 |6569 | 444 | 427 |  1 |  20k|  22 | 0.000000e+00 |      --      |    Inf |   6.29%
 26.3s|  7200 |   272 |296850 |  36.1 |    53M |  26 | 424 |6571 |   0 | 465 |  0 |  20k|  22 | 0.000000e+00 |      --      |    Inf |   6.82%
 26.5s|  7300 |   267 |300236 |  36.1 |    53M |  26 | 424 |6643 | 444 | 471 |  1 |  20k|  22 | 0.000000e+00 |      --      |    Inf |   6.99%
 26.8s|  7400 |   280 |303230 |  36.0 |    53M |  26 | 424 |6725 | 447 | 490 |  1 |  21k|  22 | 0.000000e+00 |      --      |    Inf |   7.24%
 27.0s|  7500 |   269 |305205 |  35.8 |    53M |  26 | 424 |6811 |   0 | 490 |  0 |  21k|  22 | 0.000000e+00 |      --      |    Inf |   7.38%
 27.3s|  7600 |   270 |309932 |  35.9 |    54M |  26 | 424 |6796 |   0 | 531 |  0 |  21k|  22 | 0.000000e+00 |      --      |    Inf |   8.06%
 27.6s|  7700 |   274 |313351 |  35.9 |    54M |  26 | 424 |6764 | 447 | 560 |  0 |  21k|  22 | 0.000000e+00 |      --      |    Inf |   8.35%
 time | node  | left  |LP iter|LP it/n|mem/heur|mdpt |vars |cons |rows |cuts |sepa|confs|strbr|  dualbound   | primalbound  |  gap   | compl. 
 27.9s|  7800 |   273 |317535 |  36.0 |    54M |  26 | 424 |6781 | 443 | 580 |  0 |  21k|  22 | 0.000000e+00 |      --      |    Inf |   8.58%
 28.2s|  7900 |   270 |321081 |  36.0 |    54M |  26 | 424 |6626 | 449 | 602 |  0 |  21k|  22 | 0.000000e+00 |      --      |    Inf |   8.89%
 28.6s|  8000 |   288 |324701 |  36.0 |    55M |  26 | 424 |6389 |   0 | 627 |  0 |  22k|  22 | 0.000000e+00 |      --      |    Inf |   9.13%
 28.8s|  8100 |   279 |327997 |  35.9 |    55M |  26 | 424 |6232 |   0 | 642 |  0 |  22k|  22 | 0.000000e+00 |      --      |    Inf |   9.44%
 29.0s|  8200 |   269 |331616 |  35.9 |    55M |  26 | 424 |6292 | 445 | 642 |  0 |  22k|  22 | 0.000000e+00 |      --      |    Inf |   9.66%
 29.4s|  8300 |   300 |335415 |  36.0 |    58M |  26 | 424 |6399 | 444 | 673 |  1 |  22k|  22 | 0.000000e+00 |      --      |    Inf |   9.80%
 29.6s|  8400 |   305 |337439 |  35.8 |    58M |  26 | 424 |6490 | 444 | 680 |  1 |  22k|  22 | 0.000000e+00 |      --      |    Inf |   9.97%
 29.8s|  8500 |   298 |338789 |  35.6 |    58M |  26 | 424 |6576 |   0 | 683 |  0 |  23k|  22 | 0.000000e+00 |      --      |    Inf |  10.21%
 30.0s|  8600 |   291 |341274 |  35.4 |    58M |  26 | 424 |6606 | 444 | 683 |  1 |  23k|  22 | 0.000000e+00 |      --      |    Inf |  10.41%
 30.3s|  8700 |   307 |344392 |  35.4 |    58M |  26 | 424 |6617 | 446 | 714 |  1 |  23k|  22 | 0.000000e+00 |      --      |    Inf |  10.53%
 30.6s|  8800 |   304 |347582 |  35.4 |    59M |  26 | 424 |6717 | 445 | 725 |  0 |  23k|  22 | 0.000000e+00 |      --      |    Inf |  10.71%
 30.8s|  8900 |   294 |350057 |  35.3 |    59M |  26 | 424 |6728 |   0 | 738 |  0 |  23k|  22 | 0.000000e+00 |      --      |    Inf |  11.00%
 31.1s|  9000 |   302 |353393 |  35.2 |    59M |  26 | 424 |6817 | 447 | 765 |  0 |  23k|  22 | 0.000000e+00 |      --      |    Inf |  11.19%
 31.4s|  9100 |   301 |356628 |  35.2 |    59M |  26 | 424 |6849 | 448 | 780 |  1 |  24k|  22 | 0.000000e+00 |      --      |    Inf |  11.43%
 31.6s|  9200 |   304 |360011 |  35.2 |    59M |  26 | 424 |6886 | 445 | 803 |  1 |  24k|  22 | 0.000000e+00 |      --      |    Inf |  11.60%
 time | node  | left  |LP iter|LP it/n|mem/heur|mdpt |vars |cons |rows |cuts |sepa|confs|strbr|  dualbound   | primalbound  |  gap   | compl. 
 32.0s|  9300 |   305 |364586 |  35.3 |    59M |  26 | 424 |6823 | 447 | 853 |  1 |  24k|  22 | 0.000000e+00 |      --      |    Inf |  12.31%
 32.4s|  9400 |   298 |368009 |  35.3 |    59M |  26 | 424 |6880 | 446 | 886 |  0 |  24k|  22 | 0.000000e+00 |      --      |    Inf |  13.19%
 32.6s|  9500 |   313 |371173 |  35.3 |    59M |  26 | 424 |6631 | 447 | 886 |  1 |  24k|  22 | 0.000000e+00 |      --      |    Inf |  13.27%
 32.8s|  9600 |   302 |373325 |  35.1 |    59M |  26 | 424 |6758 |   0 | 888 |  0 |  25k|  22 | 0.000000e+00 |      --      |    Inf |  13.30%
 33.0s|  9700 |   300 |375522 |  35.0 |    59M |  26 | 424 |6774 | 451 | 889 |  1 |  25k|  22 | 0.000000e+00 |      --      |    Inf |  13.35%
 33.2s|  9800 |   302 |377489 |  34.9 |    59M |  26 | 424 |6904 | 451 | 889 |  1 |  25k|  22 | 0.000000e+00 |      --      |    Inf |  13.37%
 33.4s|  9900 |   293 |380193 |  34.8 |    59M |  26 | 424 |6706 | 447 | 899 |  1 |  25k|  22 | 0.000000e+00 |      --      |    Inf |  13.68%
 33.7s| 10000 |   308 |383366 |  34.8 |    59M |  26 | 424 |6588 | 444 | 939 |  1 |  26k|  22 | 0.000000e+00 |      --      |    Inf |  14.25%
 33.9s| 10100 |   297 |386222 |  34.7 |    59M |  26 | 424 |6523 | 444 | 957 |  1 |  26k|  22 | 0.000000e+00 |      --      |    Inf |  14.69%
 34.2s| 10200 |   303 |390234 |  34.7 |    59M |  26 | 424 |6470 | 445 | 988 |  1 |  26k|  22 | 0.000000e+00 |      --      |    Inf |  14.87%
 34.5s| 10300 |   297 |392962 |  34.7 |    59M |  26 | 424 |6501 | 445 |1000 |  0 |  26k|  22 | 0.000000e+00 |      --      |    Inf |  14.97%
 34.9s| 10400 |   318 |399016 |  34.9 |    59M |  26 | 424 |6210 | 444 |1035 |  1 |  26k|  22 | 0.000000e+00 |      --      |    Inf |  15.26%
 35.2s| 10500 |   326 |402163 |  34.9 |    59M |  26 | 424 |6269 |   0 |1040 |  0 |  27k|  22 | 0.000000e+00 |      --      |    Inf |  15.41%
 35.4s| 10600 |   323 |405176 |  34.8 |    59M |  26 | 424 |6465 | 444 |1041 |  1 |  27k|  22 | 0.000000e+00 |      --      |    Inf |  15.44%
 35.6s| 10700 |   326 |408732 |  34.8 |    59M |  26 | 424 |6585 | 443 |1048 |  1 |  27k|  22 | 0.000000e+00 |      --      |    Inf |  15.50%
 time | node  | left  |LP iter|LP it/n|mem/heur|mdpt |vars |cons |rows |cuts |sepa|confs|strbr|  dualbound   | primalbound  |  gap   | compl. 
 35.8s| 10800 |   324 |411534 |  34.8 |    59M |  26 | 424 |6646 | 444 |1055 |  1 |  27k|  22 | 0.000000e+00 |      --      |    Inf |  15.68%
 36.1s| 10900 |   335 |414245 |  34.7 |    59M |  26 | 424 |6797 | 442 |1056 |  1 |  28k|  22 | 0.000000e+00 |      --      |    Inf |  15.73%
 36.2s| 11000 |   338 |416458 |  34.6 |    59M |  26 | 424 |6937 |   0 |1056 |  0 |  28k|  22 | 0.000000e+00 |      --      |    Inf |  15.78%
 36.5s| 11100 |   368 |419629 |  34.6 |    59M |  26 | 424 |7185 | 443 |1059 |  1 |  28k|  22 | 0.000000e+00 |      --      |    Inf |  15.80%
 36.7s| 11200 |   392 |423130 |  34.6 |    60M |  26 | 424 |7419 | 443 |1061 |  0 |  28k|  22 | 0.000000e+00 |      --      |    Inf |  15.81%
 37.0s| 11300 |   397 |427124 |  34.6 |    60M |  26 | 424 |7524 |   0 |1062 |  0 |  29k|  22 | 0.000000e+00 |      --      |    Inf |  15.82%
 37.2s| 11400 |   370 |430011 |  34.6 |    60M |  26 | 424 |7548 | 443 |1063 |  0 |  29k|  22 | 0.000000e+00 |      --      |    Inf |  15.85%
 37.5s| 11500 |   349 |433044 |  34.6 |    60M |  26 | 424 |7488 |   0 |1063 |  0 |  29k|  22 | 0.000000e+00 |      --      |    Inf |  15.88%
 37.7s| 11600 |   348 |435414 |  34.5 |    60M |  26 | 424 |7520 | 445 |1068 |  1 |  29k|  22 | 0.000000e+00 |      --      |    Inf |  15.97%
 37.9s| 11700 |   355 |438779 |  34.5 |    60M |  26 | 424 |7629 |   0 |1071 |  0 |  30k|  22 | 0.000000e+00 |      --      |    Inf |  16.07%
 38.1s| 11800 |   351 |441219 |  34.4 |    60M |  26 | 424 |7799 |   0 |1074 |  0 |  30k|  22 | 0.000000e+00 |      --      |    Inf |  16.08%
 38.4s| 11900 |   350 |444951 |  34.4 |    60M |  26 | 424 |7435 | 445 |1092 |  0 |  30k|  22 | 0.000000e+00 |      --      |    Inf |  16.20%
 38.7s| 12000 |   342 |447664 |  34.4 |    60M |  26 | 424 |6819 | 448 |1100 |  1 |  30k|  22 | 0.000000e+00 |      --      |    Inf |  19.97%
 38.9s| 12100 |   337 |451446 |  34.4 |    60M |  26 | 424 |6445 |   0 |1110 |  0 |  31k|  22 | 0.000000e+00 |      --      |    Inf |  20.08%
 39.2s| 12200 |   344 |454553 |  34.4 |    60M |  26 | 424 |6466 | 444 |1146 |  1 |  31k|  22 | 0.000000e+00 |      --      |    Inf |  20.34%
 time | node  | left  |LP iter|LP it/n|mem/heur|mdpt |vars |cons |rows |cuts |sepa|confs|strbr|  dualbound   | primalbound  |  gap   | compl. 
 39.4s| 12300 |   340 |457487 |  34.3 |    60M |  26 | 424 |6543 |   0 |1170 |  0 |  31k|  22 | 0.000000e+00 |      --      |    Inf |  20.55%
 39.7s| 12400 |   345 |460174 |  34.3 |    60M |  26 | 424 |6318 |   0 |1180 |  0 |  31k|  22 | 0.000000e+00 |      --      |    Inf |  20.85%
 40.0s| 12500 |   342 |464211 |  34.3 |    60M |  26 | 424 |6179 | 446 |1196 |  0 |  31k|  22 | 0.000000e+00 |      --      |    Inf |  21.13%
 40.3s| 12600 |   336 |468197 |  34.3 |    60M |  26 | 424 |5735 | 442 |1263 |  1 |  32k|  22 | 0.000000e+00 |      --      |    Inf |  23.33%
 40.7s| 12700 |   341 |473164 |  34.5 |    60M |  26 | 424 |5489 | 457 |1334 |  4 |  32k|  22 | 0.000000e+00 |      --      |    Inf |  24.38%
 41.0s| 12800 |   375 |476813 |  34.5 |    60M |  26 | 424 |5507 | 445 |1356 |  0 |  32k|  22 | 0.000000e+00 |      --      |    Inf |  24.42%
 41.3s| 12900 |   396 |479688 |  34.4 |    60M |  26 | 424 |5584 | 445 |1370 |  1 |  32k|  22 | 0.000000e+00 |      --      |    Inf |  24.56%
 41.5s| 13000 |   393 |482057 |  34.4 |    60M |  26 | 424 |5614 | 443 |1370 |  1 |  32k|  22 | 0.000000e+00 |      --      |    Inf |  24.67%
 41.7s| 13100 |   381 |484693 |  34.3 |    60M |  26 | 424 |5708 | 445 |1370 |  0 |  33k|  22 | 0.000000e+00 |      --      |    Inf |  24.76%
 41.9s| 13200 |   388 |487430 |  34.3 |    60M |  26 | 424 |5652 | 445 |1383 |  1 |  33k|  22 | 0.000000e+00 |      --      |    Inf |  24.86%
 42.1s| 13300 |   383 |490479 |  34.2 |    60M |  26 | 424 |5724 |   0 |1386 |  0 |  33k|  22 | 0.000000e+00 |      --      |    Inf |  24.95%
 42.4s| 13400 |   386 |493489 |  34.2 |    60M |  26 | 424 |5763 | 445 |1412 |  1 |  33k|  22 | 0.000000e+00 |      --      |    Inf |  25.25%
 42.6s| 13500 |   384 |496706 |  34.2 |    60M |  26 | 424 |5790 | 444 |1419 |  1 |  33k|  22 | 0.000000e+00 |      --      |    Inf |  25.43%
 42.8s| 13600 |   379 |499830 |  34.2 |    60M |  26 | 424 |5825 | 444 |1427 |  1 |  33k|  22 | 0.000000e+00 |      --      |    Inf |  25.63%
 43.1s| 13700 |   378 |503618 |  34.2 |    60M |  26 | 424 |5680 | 448 |1442 |  0 |  34k|  22 | 0.000000e+00 |      --      |    Inf |  26.08%
 time | node  | left  |LP iter|LP it/n|mem/heur|mdpt |vars |cons |rows |cuts |sepa|confs|strbr|  dualbound   | primalbound  |  gap   | compl. 
 43.4s| 13800 |   392 |507416 |  34.2 |    60M |  26 | 424 |5694 | 443 |1475 |  0 |  34k|  22 | 0.000000e+00 |      --      |    Inf |  26.49%
 43.6s| 13900 |   381 |509330 |  34.1 |    60M |  26 | 424 |5824 |   0 |1475 |  0 |  34k|  22 | 0.000000e+00 |      --      |    Inf |  26.69%
 43.8s| 14000 |   375 |512565 |  34.1 |    60M |  26 | 424 |5766 |   0 |1487 |  0 |  34k|  22 | 0.000000e+00 |      --      |    Inf |  26.90%
 44.1s| 14100 |   368 |515923 |  34.1 |    60M |  26 | 424 |5604 | 447 |1500 |  1 |  35k|  22 | 0.000000e+00 |      --      |    Inf |  27.12%
 44.3s| 14200 |   375 |518637 |  34.0 |    60M |  26 | 424 |5588 | 450 |1505 |  1 |  35k|  22 | 0.000000e+00 |      --      |    Inf |  27.15%
 44.5s| 14300 |   363 |521263 |  34.0 |    60M |  26 | 424 |5534 | 445 |1536 |  0 |  35k|  22 | 0.000000e+00 |      --      |    Inf |  27.65%
 44.9s| 14400 |   362 |524315 |  34.0 |    60M |  26 | 424 |5314 | 446 |1571 |  1 |  35k|  22 | 0.000000e+00 |      --      |    Inf |  28.37%
 45.2s| 14500 |   368 |528349 |  34.0 |    60M |  26 | 424 |5285 | 447 |1647 |  1 |  35k|  22 | 0.000000e+00 |      --      |    Inf |  29.28%
 45.6s| 14600 |   364 |531768 |  34.0 |    61M |  26 | 424 |5280 | 445 |1719 |  0 |  35k|  22 | 0.000000e+00 |      --      |    Inf |  31.10%
 45.9s| 14700 |   362 |534456 |  34.0 |    61M |  26 | 424 |5197 |   0 |1769 |  0 |  36k|  22 | 0.000000e+00 |      --      |    Inf |  31.51%
 46.2s| 14800 |   356 |537642 |  34.0 |    61M |  26 | 424 |5070 | 443 |1791 |  1 |  36k|  22 | 0.000000e+00 |      --      |    Inf |  31.83%
 46.4s| 14900 |   348 |541155 |  34.0 |    61M |  26 | 424 |5203 | 444 |1791 |  1 |  36k|  22 | 0.000000e+00 |      --      |    Inf |  31.95%
 46.7s| 15000 |   346 |544705 |  34.0 |    61M |  26 | 424 |5209 | 445 |1812 |  1 |  36k|  22 | 0.000000e+00 |      --      |    Inf |  32.05%
 46.9s| 15100 |   351 |548172 |  34.0 |    61M |  26 | 424 |5203 | 447 |1817 |  1 |  36k|  22 | 0.000000e+00 |      --      |    Inf |  32.12%
 47.1s| 15200 |   358 |550886 |  33.9 |    61M |  26 | 424 |5265 |   0 |1822 |  0 |  37k|  22 | 0.000000e+00 |      --      |    Inf |  32.35%
 time | node  | left  |LP iter|LP it/n|mem/heur|mdpt |vars |cons |rows |cuts |sepa|confs|strbr|  dualbound   | primalbound  |  gap   | compl. 
 47.4s| 15300 |   355 |553847 |  33.9 |    61M |  26 | 424 |5425 | 446 |1829 |  0 |  37k|  22 | 0.000000e+00 |      --      |    Inf |  32.45%
 47.6s| 15400 |   342 |556274 |  33.9 |    61M |  26 | 424 |5548 | 447 |1835 |  1 |  37k|  22 | 0.000000e+00 |      --      |    Inf |  32.74%
 47.8s| 15500 |   352 |559423 |  33.8 |    61M |  26 | 424 |5458 | 445 |1841 |  0 |  37k|  22 | 0.000000e+00 |      --      |    Inf |  32.81%
 48.0s| 15600 |   360 |562047 |  33.8 |    61M |  26 | 424 |5598 | 445 |1841 |  1 |  38k|  22 | 0.000000e+00 |      --      |    Inf |  32.83%
 48.2s| 15700 |   355 |564854 |  33.8 |    61M |  26 | 424 |5662 | 445 |1843 |  1 |  38k|  22 | 0.000000e+00 |      --      |    Inf |  32.85%
 48.4s| 15800 |   356 |567046 |  33.7 |    61M |  26 | 424 |5784 |   0 |1848 |  0 |  38k|  22 | 0.000000e+00 |      --      |    Inf |  32.90%
 48.6s| 15900 |   348 |569419 |  33.6 |    61M |  26 | 424 |5876 | 445 |1852 |  1 |  38k|  22 | 0.000000e+00 |      --      |    Inf |  33.02%
 48.8s| 16000 |   345 |572020 |  33.6 |    61M |  26 | 424 |5912 | 449 |1852 |  1 |  38k|  22 | 0.000000e+00 |      --      |    Inf |  33.06%
 49.1s| 16100 |   346 |575962 |  33.6 |    61M |  26 | 424 |5827 | 447 |1890 |  1 |  39k|  22 | 0.000000e+00 |      --      |    Inf |  33.34%
 49.3s| 16200 |   346 |578963 |  33.6 |    61M |  26 | 424 |5806 | 447 |1906 |  1 |  39k|  22 | 0.000000e+00 |      --      |    Inf |  33.59%
 49.6s| 16300 |   347 |581837 |  33.6 |    61M |  26 | 424 |5830 | 445 |1919 |  1 |  39k|  22 | 0.000000e+00 |      --      |    Inf |  33.73%
 49.8s| 16400 |   341 |584873 |  33.5 |    61M |  26 | 424 |5824 | 445 |1928 |  1 |  39k|  22 | 0.000000e+00 |      --      |    Inf |  33.87%
 50.0s| 16500 |   335 |587170 |  33.5 |    61M |  26 | 424 |5865 | 444 |1928 |  1 |  39k|  22 | 0.000000e+00 |      --      |    Inf |  34.01%
 50.2s| 16600 |   319 |590375 |  33.5 |    62M |  26 | 424 |5906 |   0 |1930 |  0 |  39k|  22 | 0.000000e+00 |      --      |    Inf |  34.15%
 50.5s| 16700 |   319 |593712 |  33.5 |    62M |  26 | 424 |5865 | 447 |1960 |  1 |  40k|  22 | 0.000000e+00 |      --      |    Inf |  34.45%
 time | node  | left  |LP iter|LP it/n|mem/heur|mdpt |vars |cons |rows |cuts |sepa|confs|strbr|  dualbound   | primalbound  |  gap   | compl. 
 50.7s| 16800 |   315 |596631 |  33.5 |    62M |  26 | 424 |5897 | 447 |1984 |  1 |  40k|  22 | 0.000000e+00 |      --      |    Inf |  34.78%
 51.0s| 16900 |   312 |599921 |  33.5 |    62M |  26 | 424 |5867 | 447 |2008 |  1 |  40k|  22 | 0.000000e+00 |      --      |    Inf |  35.11%
 51.2s| 17000 |   318 |602913 |  33.4 |    62M |  26 | 424 |5945 | 447 |2008 |  1 |  40k|  22 | 0.000000e+00 |      --      |    Inf |  35.25%
 51.5s| 17100 |   314 |605904 |  33.4 |    62M |  26 | 424 |6082 | 445 |2019 |  1 |  40k|  22 | 0.000000e+00 |      --      |    Inf |  35.43%
 51.7s| 17200 |   305 |608086 |  33.3 |    62M |  26 | 424 |6068 |   0 |2025 |  0 |  41k|  22 | 0.000000e+00 |      --      |    Inf |  35.64%
 51.9s| 17300 |   287 |610639 |  33.3 |    62M |  26 | 424 |5940 |   0 |2052 |  0 |  41k|  22 | 0.000000e+00 |      --      |    Inf |  36.14%
 52.2s| 17400 |   271 |613470 |  33.3 |    62M |  26 | 424 |5803 |   0 |2053 |  0 |  41k|  22 | 0.000000e+00 |      --      |    Inf |  36.75%
 52.3s| 17500 |   275 |616644 |  33.3 |    62M |  26 | 424 |5891 | 449 |2054 |  1 |  41k|  22 | 0.000000e+00 |      --      |    Inf |  36.78%
 52.6s| 17600 |   276 |619679 |  33.3 |    62M |  26 | 424 |5866 | 448 |2065 |  1 |  41k|  22 | 0.000000e+00 |      --      |    Inf |  36.90%
 52.9s| 17700 |   260 |622473 |  33.2 |    62M |  26 | 424 |5734 | 444 |2065 |  1 |  42k|  22 | 0.000000e+00 |      --      |    Inf |  37.15%
 53.2s| 17800 |   247 |626115 |  33.2 |    62M |  26 | 424 |5715 | 448 |2082 |  1 |  42k|  22 | 0.000000e+00 |      --      |    Inf |  37.32%
 53.4s| 17900 |   243 |629374 |  33.2 |    62M |  26 | 424 |5630 |   0 |2084 |  0 |  42k|  22 | 0.000000e+00 |      --      |    Inf |  37.47%
 53.7s| 18000 |   251 |632817 |  33.2 |    62M |  26 | 424 |5853 | 449 |2086 |  1 |  42k|  22 | 0.000000e+00 |      --      |    Inf |  37.48%
 53.9s| 18100 |   241 |636852 |  33.3 |    62M |  26 | 424 |5866 |   0 |2088 |  0 |  43k|  22 | 0.000000e+00 |      --      |    Inf |  37.53%
 54.3s| 18200 |   237 |640972 |  33.3 |    62M |  26 | 424 |5761 | 447 |2132 |  1 |  43k|  22 | 0.000000e+00 |      --      |    Inf |  38.06%
 time | node  | left  |LP iter|LP it/n|mem/heur|mdpt |vars |cons |rows |cuts |sepa|confs|strbr|  dualbound   | primalbound  |  gap   | compl. 
 54.5s| 18300 |   233 |643634 |  33.3 |    62M |  26 | 424 |5773 | 449 |2136 |  0 |  43k|  22 | 0.000000e+00 |      --      |    Inf |  38.14%
 54.9s| 18400 |   251 |648040 |  33.3 |    62M |  26 | 424 |5783 | 444 |2176 |  1 |  43k|  22 | 0.000000e+00 |      --      |    Inf |  38.64%
 55.1s| 18500 |   250 |652018 |  33.4 |    62M |  26 | 424 |5919 | 444 |2201 |  1 |  43k|  22 | 0.000000e+00 |      --      |    Inf |  38.99%
 55.4s| 18600 |   251 |655042 |  33.4 |    62M |  26 | 424 |5853 |   0 |2222 |  0 |  43k|  22 | 0.000000e+00 |      --      |    Inf |  39.68%
 55.7s| 18700 |   269 |658644 |  33.4 |    62M |  26 | 424 |6037 | 445 |2244 |  1 |  44k|  22 | 0.000000e+00 |      --      |    Inf |  39.87%
 55.9s| 18800 |   244 |661103 |  33.3 |    62M |  26 | 424 |6074 |   0 |2245 |  0 |  44k|  22 | 0.000000e+00 |      --      |    Inf |  40.15%
 56.2s| 18900 |   249 |664843 |  33.4 |    62M |  26 | 424 |6145 |   0 |2261 |  0 |  44k|  22 | 0.000000e+00 |      --      |    Inf |  40.44%
 56.4s| 19000 |   257 |668529 |  33.4 |    62M |  26 | 424 |6227 |   0 |2278 |  0 |  44k|  22 | 0.000000e+00 |      --      |    Inf |  40.54%
 56.6s| 19100 |   268 |671696 |  33.4 |    62M |  26 | 424 |6303 | 444 |2278 |  1 |  45k|  22 | 0.000000e+00 |      --      |    Inf |  40.58%
 56.9s| 19200 |   260 |674837 |  33.4 |    62M |  26 | 424 |6313 | 445 |2287 |  1 |  45k|  22 | 0.000000e+00 |      --      |    Inf |  40.94%
 57.1s| 19300 |   258 |677655 |  33.3 |    62M |  26 | 424 |6317 |   0 |2311 |  0 |  45k|  22 | 0.000000e+00 |      --      |    Inf |  41.31%
 57.4s| 19400 |   258 |681042 |  33.3 |    63M |  26 | 424 |6397 |   0 |2348 |  0 |  45k|  22 | 0.000000e+00 |      --      |    Inf |  42.01%
 57.6s| 19500 |   249 |684035 |  33.3 |    63M |  26 | 424 |6341 | 445 |2355 |  1 |  45k|  22 | 0.000000e+00 |      --      |    Inf |  42.32%
 57.9s| 19600 |   247 |686885 |  33.3 |    63M |  26 | 424 |6316 | 446 |2391 |  1 |  45k|  22 | 0.000000e+00 |      --      |    Inf |  42.86%
 58.1s| 19700 |   242 |689356 |  33.2 |    63M |  26 | 424 |6451 |   0 |2391 |  0 |  46k|  22 | 0.000000e+00 |      --      |    Inf |  42.91%
 time | node  | left  |LP iter|LP it/n|mem/heur|mdpt |vars |cons |rows |cuts |sepa|confs|strbr|  dualbound   | primalbound  |  gap   | compl. 
 58.3s| 19800 |   238 |692441 |  33.2 |    63M |  26 | 424 |6419 |   0 |2405 |  0 |  46k|  22 | 0.000000e+00 |      --      |    Inf |  43.31%
 58.6s| 19900 |   254 |696246 |  33.3 |    63M |  26 | 424 |6372 |   0 |2426 |  0 |  46k|  22 | 0.000000e+00 |      --      |    Inf |  43.61%
 58.8s| 20000 |   252 |698547 |  33.2 |    63M |  26 | 424 |6498 | 445 |2435 |  1 |  46k|  22 | 0.000000e+00 |      --      |    Inf |  43.77%
 59.1s| 20100 |   251 |701022 |  33.2 |    63M |  26 | 424 |6635 |   0 |2466 |  0 |  46k|  22 | 0.000000e+00 |      --      |    Inf |  43.94%
 59.4s| 20200 |   264 |704747 |  33.2 |    63M |  26 | 424 |6700 | 444 |2503 |  1 |  47k|  22 | 0.000000e+00 |      --      |    Inf |  44.21%
 59.7s| 20300 |   278 |708782 |  33.2 |    63M |  26 | 424 |6809 | 444 |2537 |  1 |  47k|  22 | 0.000000e+00 |      --      |    Inf |  44.66%
 60.0s| 20400 |   274 |711594 |  33.2 |    63M |  26 | 424 |6885 |   0 |2549 |  0 |  47k|  22 | 0.000000e+00 |      --      |    Inf |  44.89%
 60.5s| 20500 |   300 |716899 |  33.3 |    63M |  26 | 424 |6941 | 444 |2614 |  1 |  47k|  22 | 0.000000e+00 |      --      |    Inf |  45.15%
 60.7s| 20600 |   290 |718930 |  33.2 |    63M |  26 | 424 |7070 | 445 |2614 |  1 |  47k|  22 | 0.000000e+00 |      --      |    Inf |  45.44%
 61.0s| 20700 |   275 |722180 |  33.2 |    63M |  26 | 424 |7041 | 445 |2662 |  1 |  48k|  22 | 0.000000e+00 |      --      |    Inf |  47.72%
 61.4s| 20800 |   306 |726926 |  33.3 |    63M |  26 | 424 |7146 | 443 |2728 |  1 |  48k|  22 | 0.000000e+00 |      --      |    Inf |  48.39%
 61.6s| 20900 |   300 |729562 |  33.3 |    63M |  26 | 424 |7249 | 447 |2728 |  1 |  48k|  22 | 0.000000e+00 |      --      |    Inf |  48.70%
 61.8s| 21000 |   288 |732393 |  33.2 |    63M |  26 | 424 |7284 |   0 |2738 |  0 |  48k|  22 | 0.000000e+00 |      --      |    Inf |  48.87%
 62.0s| 21100 |   275 |735632 |  33.2 |    63M |  26 | 424 |7318 | 444 |2738 |  1 |  48k|  22 | 0.000000e+00 |      --      |    Inf |  49.15%
 62.3s| 21200 |   262 |739244 |  33.2 |    63M |  26 | 424 |7117 |   0 |2758 |  0 |  48k|  22 | 0.000000e+00 |      --      |    Inf |  49.82%
 time | node  | left  |LP iter|LP it/n|mem/heur|mdpt |vars |cons |rows |cuts |sepa|confs|strbr|  dualbound   | primalbound  |  gap   | compl. 
 62.8s| 21300 |   252 |743106 |  33.3 |    63M |  26 | 424 |6916 | 442 |2832 |  1 |  49k|  22 | 0.000000e+00 |      --      |    Inf |  53.65%
 63.1s| 21400 |   257 |746486 |  33.3 |    64M |  26 | 424 |6882 | 444 |2888 |  1 |  49k|  22 | 0.000000e+00 |      --      |    Inf |  55.01%
 63.4s| 21500 |   242 |749085 |  33.2 |    64M |  26 | 424 |6802 | 447 |2902 |  1 |  49k|  22 | 0.000000e+00 |      --      |    Inf |  56.25%
 63.6s| 21600 |   234 |752145 |  33.2 |    64M |  26 | 424 |6761 |   0 |2956 |  0 |  49k|  22 | 0.000000e+00 |      --      |    Inf |  57.31%
 63.9s| 21700 |   228 |756132 |  33.3 |    64M |  26 | 424 |6717 |   0 |2956 |  0 |  49k|  22 | 0.000000e+00 |      --      |    Inf |  57.63%
 64.2s| 21800 |   221 |759707 |  33.3 |    64M |  26 | 424 |6579 | 444 |2967 |  1 |  50k|  22 | 0.000000e+00 |      --      |    Inf |  58.25%
 64.6s| 21900 |   230 |764221 |  33.3 |    64M |  26 | 424 |6570 | 443 |3017 |  0 |  50k|  22 | 0.000000e+00 |      --      |    Inf |  59.31%
 64.9s| 22000 |   227 |768019 |  33.3 |    64M |  26 | 424 |6784 | 445 |3060 |  1 |  50k|  22 | 0.000000e+00 |      --      |    Inf |  60.44%
 65.2s| 22100 |   222 |771317 |  33.3 |    64M |  26 | 424 |6853 | 443 |3101 |  1 |  50k|  22 | 0.000000e+00 |      --      |    Inf |  61.14%
 65.4s| 22200 |   225 |774003 |  33.3 |    64M |  26 | 424 |6852 | 444 |3121 |  1 |  50k|  22 | 0.000000e+00 |      --      |    Inf |  61.50%
 65.6s| 22300 |   239 |776439 |  33.3 |    64M |  26 | 424 |6948 |   0 |3130 |  0 |  51k|  22 | 0.000000e+00 |      --      |    Inf |  61.56%
 65.8s| 22400 |   244 |778766 |  33.2 |    64M |  26 | 424 |7106 |   0 |3131 |  0 |  51k|  22 | 0.000000e+00 |      --      |    Inf |  61.59%
 66.1s| 22500 |   249 |781457 |  33.2 |    64M |  26 | 424 |7194 | 445 |3140 |  1 |  51k|  22 | 0.000000e+00 |      --      |    Inf |  61.69%
 66.3s| 22600 |   240 |783233 |  33.1 |    64M |  26 | 424 |7342 |   0 |3140 |  0 |  51k|  22 | 0.000000e+00 |      --      |    Inf |  61.72%
 66.5s| 22700 |   245 |785899 |  33.1 |    64M |  26 | 424 |7358 |   0 |3147 |  0 |  52k|  22 | 0.000000e+00 |      --      |    Inf |  61.79%
 time | node  | left  |LP iter|LP it/n|mem/heur|mdpt |vars |cons |rows |cuts |sepa|confs|strbr|  dualbound   | primalbound  |  gap   | compl. 
 66.7s| 22800 |   242 |788030 |  33.1 |    64M |  26 | 424 |7488 | 445 |3149 |  1 |  52k|  22 | 0.000000e+00 |      --      |    Inf |  61.80%
 66.9s| 22900 |   233 |790639 |  33.0 |    64M |  26 | 424 |7609 |   0 |3149 |  0 |  52k|  22 | 0.000000e+00 |      --      |    Inf |  61.85%
 67.2s| 23000 |   225 |794570 |  33.1 |    64M |  26 | 424 |7621 |   0 |3166 |  0 |  52k|  22 | 0.000000e+00 |      --      |    Inf |  62.02%
 67.4s| 23100 |   211 |797375 |  33.0 |    64M |  26 | 424 |7513 | 449 |3176 |  1 |  52k|  22 | 0.000000e+00 |      --      |    Inf |  62.95%
 67.8s| 23200 |   197 |801286 |  33.1 |    64M |  26 | 424 |7174 | 450 |3198 |  2 |  53k|  22 | 0.000000e+00 |      --      |    Inf |  64.31%
 68.0s| 23300 |   202 |804432 |  33.1 |    64M |  26 | 424 |7169 |   0 |3216 |  0 |  53k|  22 | 0.000000e+00 |      --      |    Inf |  64.76%
 68.3s| 23400 |   200 |807859 |  33.1 |    64M |  26 | 424 |7217 |   0 |3255 |  0 |  53k|  22 | 0.000000e+00 |      --      |    Inf |  65.37%
 68.5s| 23500 |   194 |810592 |  33.0 |    64M |  26 | 424 |7226 | 443 |3284 |  1 |  53k|  22 | 0.000000e+00 |      --      |    Inf |  65.85%
 68.9s| 23600 |   183 |814462 |  33.1 |    64M |  26 | 424 |7065 | 459 |3335 |  4 |  53k|  22 | 0.000000e+00 |      --      |    Inf |  66.82%
 69.2s| 23700 |   169 |818488 |  33.1 |    64M |  26 | 424 |6851 | 449 |3391 |  1 |  53k|  22 | 0.000000e+00 |      --      |    Inf |  67.37%
 69.5s| 23800 |   164 |822011 |  33.1 |    64M |  26 | 424 |6716 |   0 |3410 |  0 |  54k|  22 | 0.000000e+00 |      --      |    Inf |  67.96%
 69.7s| 23900 |   164 |825960 |  33.1 |    64M |  26 | 424 |6808 | 446 |3410 |  0 |  54k|  22 | 0.000000e+00 |      --      |    Inf |  68.22%
 70.0s| 24000 |   174 |830330 |  33.2 |    64M |  26 | 424 |6745 | 449 |3423 |  0 |  54k|  22 | 0.000000e+00 |      --      |    Inf |  68.46%
 70.3s| 24100 |   155 |834427 |  33.2 |    64M |  26 | 424 |6724 | 449 |3432 |  0 |  54k|  22 | 0.000000e+00 |      --      |    Inf |  68.69%
 70.6s| 24200 |   153 |837604 |  33.2 |    65M |  26 | 424 |6848 | 449 |3434 |  1 |  54k|  22 | 0.000000e+00 |      --      |    Inf |  68.70%
 time | node  | left  |LP iter|LP it/n|mem/heur|mdpt |vars |cons |rows |cuts |sepa|confs|strbr|  dualbound   | primalbound  |  gap   | compl. 
 70.9s| 24300 |   149 |841850 |  33.2 |    65M |  26 | 424 |6773 | 446 |3445 |  1 |  55k|  22 | 0.000000e+00 |      --      |    Inf |  68.84%
 71.2s| 24400 |   138 |846002 |  33.3 |    65M |  26 | 424 |6756 | 443 |3495 |  1 |  55k|  22 | 0.000000e+00 |      --      |    Inf |  70.42%
 71.6s| 24500 |   145 |850221 |  33.3 |    65M |  26 | 424 |6581 |   0 |3522 |  0 |  55k|  22 | 0.000000e+00 |      --      |    Inf |  70.64%
 71.9s| 24600 |   133 |854562 |  33.3 |    65M |  26 | 424 |6398 | 447 |3549 |  1 |  55k|  22 | 0.000000e+00 |      --      |    Inf |  71.13%
 72.1s| 24700 |   131 |857645 |  33.3 |    65M |  26 | 424 |6262 |   0 |3577 |  0 |  55k|  22 | 0.000000e+00 |      --      |    Inf |  72.11%
 72.4s| 24800 |   118 |861281 |  33.3 |    65M |  26 | 424 |6245 | 450 |3623 |  1 |  55k|  22 | 0.000000e+00 |      --      |    Inf |  73.41%
 72.7s| 24900 |    93 |864505 |  33.3 |    65M |  26 | 424 |6111 | 450 |3624 |  1 |  56k|  22 | 0.000000e+00 |      --      |    Inf |  73.53%
 73.1s| 25000 |    99 |869447 |  33.4 |    65M |  26 | 424 |6140 | 448 |3691 |  0 |  56k|  22 | 0.000000e+00 |      --      |    Inf |  74.76%
 73.4s| 25100 |    96 |872827 |  33.4 |    65M |  26 | 424 |6203 | 444 |3740 |  1 |  56k|  22 | 0.000000e+00 |      --      |    Inf |  75.48%
 73.7s| 25200 |    96 |876373 |  33.4 |    65M |  26 | 424 |6284 |   0 |3776 |  0 |  56k|  22 | 0.000000e+00 |      --      |    Inf |  75.98%
 74.0s| 25300 |    96 |880092 |  33.4 |    65M |  26 | 424 |6361 | 442 |3828 |  1 |  56k|  22 | 0.000000e+00 |      --      |    Inf |  76.46%
 74.4s| 25400 |   100 |884201 |  33.4 |    65M |  26 | 424 |6424 |   0 |3891 |  0 |  56k|  22 | 0.000000e+00 |      --      |    Inf |  76.98%
 74.7s| 25500 |    97 |887600 |  33.5 |    65M |  26 | 424 |6484 | 449 |3977 |  1 |  57k|  22 | 0.000000e+00 |      --      |    Inf |  77.59%
 75.0s| 25600 |    96 |891304 |  33.5 |    66M |  26 | 424 |6560 | 444 |4015 |  1 |  57k|  22 | 0.000000e+00 |      --      |    Inf |  78.10%
 75.3s| 25700 |   100 |894732 |  33.5 |    66M |  26 | 424 |6620 | 443 |4058 |  1 |  57k|  22 | 0.000000e+00 |      --      |    Inf |  78.64%
 time | node  | left  |LP iter|LP it/n|mem/heur|mdpt |vars |cons |rows |cuts |sepa|confs|strbr|  dualbound   | primalbound  |  gap   | compl. 
 75.6s| 25800 |    95 |898030 |  33.5 |    66M |  26 | 424 |6641 | 447 |4093 |  1 |  57k|  22 | 0.000000e+00 |      --      |    Inf |  79.11%
 75.9s| 25900 |   106 |902638 |  33.5 |    66M |  26 | 424 |6657 | 446 |4117 |  1 |  57k|  22 | 0.000000e+00 |      --      |    Inf |  79.27%
 76.1s| 26000 |    90 |905645 |  33.5 |    66M |  26 | 424 |6609 | 450 |4127 |  1 |  57k|  22 | 0.000000e+00 |      --      |    Inf |  79.55%
 76.5s| 26100 |    76 |908975 |  33.5 |    66M |  26 | 424 |6389 | 444 |4179 |  0 |  58k|  22 | 0.000000e+00 |      --      |    Inf |  80.50%
 76.9s| 26200 |    66 |912869 |  33.5 |    66M |  26 | 424 |6300 |   0 |4237 |  0 |  58k|  22 | 0.000000e+00 |      --      |    Inf |  82.27%
 77.2s| 26300 |    48 |916119 |  33.5 |    66M |  26 | 424 |6159 |   0 |4256 |  0 |  58k|  22 | 0.000000e+00 |      --      |    Inf |  83.30%
 77.6s| 26400 |    29 |920552 |  33.6 |    66M |  26 | 424 |6008 | 449 |4356 |  1 |  58k|  22 | 0.000000e+00 |      --      |    Inf |  85.19%
 77.9s| 26500 |    14 |925252 |  33.6 |    66M |  26 | 424 |5996 | 449 |4394 |  1 |  58k|  22 | 0.000000e+00 |      --      |    Inf |  85.65%
 78.3s| 26600 |    11 |929727 |  33.6 |    66M |  26 | 424 |5972 | 444 |4446 |  1 |  58k|  22 | 0.000000e+00 |      --      |    Inf |  86.98%
 78.6s| 26700 |     9 |933247 |  33.7 |    66M |  26 | 424 |6100 |   0 |4467 |  0 |  59k|  22 | 0.000000e+00 |      --      |    Inf |  87.41%
 78.9s| 26800 |    17 |936959 |  33.7 |    66M |  26 | 424 |6125 | 448 |4489 |  1 |  59k|  22 | 0.000000e+00 |      --      |    Inf |  87.65%
 79.2s| 26900 |    24 |941269 |  33.7 |    66M |  26 | 424 |6248 | 446 |4508 |  1 |  59k|  22 | 0.000000e+00 |      --      |    Inf |  87.92%
 79.6s| 27000 |    23 |945836 |  33.7 |    66M |  26 | 424 |6301 | 447 |4558 |  1 |  59k|  22 | 0.000000e+00 |      --      |    Inf |  88.45%
 79.8s| 27100 |    27 |949558 |  33.8 |    67M |  26 | 424 |6409 | 445 |4566 |  0 |  59k|  22 | 0.000000e+00 |      --      |    Inf |  88.52%
 80.1s| 27200 |    27 |953642 |  33.8 |    67M |  26 | 424 |6494 | 447 |4578 |  1 |  59k|  22 | 0.000000e+00 |      --      |    Inf |  88.78%
 time | node  | left  |LP iter|LP it/n|mem/heur|mdpt |vars |cons |rows |cuts |sepa|confs|strbr|  dualbound   | primalbound  |  gap   | compl. 
 80.4s| 27300 |    21 |958567 |  33.8 |    67M |  26 | 424 |6492 | 447 |4589 |  1 |  60k|  22 | 0.000000e+00 |      --      |    Inf |  95.23%
 80.7s| 27400 |    24 |961782 |  33.8 |    67M |  26 | 424 |6555 | 449 |4643 |  1 |  60k|  22 | 0.000000e+00 |      --      |    Inf |  95.77%
 81.0s| 27500 |    26 |965466 |  33.8 |    67M |  26 | 424 |6620 | 449 |4660 |  1 |  60k|  22 | 0.000000e+00 |      --      |    Inf |  95.89%
 81.2s| 27600 |    30 |969387 |  33.9 |    67M |  26 | 424 |6746 | 448 |4678 |  1 |  60k|  22 | 0.000000e+00 |      --      |    Inf |  95.94%
 81.5s| 27700 |    33 |973995 |  33.9 |    67M |  26 | 424 |6819 | 442 |4716 |  1 |  60k|  22 | 0.000000e+00 |      --      |    Inf |  96.28%
 81.8s| 27800 |    34 |978697 |  33.9 |    67M |  26 | 424 |6934 | 448 |4731 |  1 |  60k|  22 | 0.000000e+00 |      --      |    Inf |  96.37%
 82.1s| 27900 |    48 |983043 |  34.0 |    67M |  26 | 424 |7051 | 446 |4758 |  1 |  61k|  22 | 0.000000e+00 |      --      |    Inf |  96.53%
 82.5s| 28000 |    35 |987850 |  34.0 |    67M |  26 | 424 |7108 | 446 |4784 |  1 |  61k|  22 | 0.000000e+00 |      --      |    Inf |  96.77%
 82.7s| 28100 |    37 |992457 |  34.1 |    67M |  26 | 424 |7212 | 446 |4784 |  1 |  61k|  22 | 0.000000e+00 |      --      |    Inf |  96.86%
 83.0s| 28200 |    38 |997247 |  34.1 |    67M |  26 | 424 |7255 | 445 |4822 |  1 |  61k|  22 | 0.000000e+00 |      --      |    Inf |  97.04%
 83.5s| 28300 |    31 |  1003k|  34.2 |    67M |  26 | 424 |7319 | 448 |4890 |  1 |  61k|  22 | 0.000000e+00 |      --      |    Inf |  97.43%
 83.7s| 28400 |    34 |  1007k|  34.2 |    67M |  26 | 424 |7412 | 450 |4905 |  1 |  62k|  22 | 0.000000e+00 |      --      |    Inf |  97.58%
 84.1s| 28500 |    37 |  1012k|  34.3 |    67M |  26 | 424 |7455 | 450 |4957 |  0 |  62k|  22 | 0.000000e+00 |      --      |    Inf |  97.71%
 84.4s| 28600 |    37 |  1016k|  34.3 |    67M |  26 | 424 |7560 | 448 |4992 |  0 |  62k|  22 | 0.000000e+00 |      --      |    Inf |  97.92%
 84.6s| 28700 |    19 |  1019k|  34.3 |    67M |  26 | 424 |7537 | 447 |4992 |  1 |  62k|  22 | 0.000000e+00 |      --      |    Inf |  98.24%
 time | node  | left  |LP iter|LP it/n|mem/heur|mdpt |vars |cons |rows |cuts |sepa|confs|strbr|  dualbound   | primalbound  |  gap   | compl. 
 84.9s| 28800 |    18 |  1024k|  34.3 |    67M |  26 | 424 |7554 | 447 |5005 |  1 |  62k|  22 | 0.000000e+00 |      --      |    Inf |  98.41%
 85.2s| 28900 |    13 |  1027k|  34.3 |    67M |  26 | 424 |7542 |   0 |5054 |  0 |  62k|  22 | 0.000000e+00 |      --      |    Inf |  98.82%
 85.6s| 29000 |     5 |  1030k|  34.3 |    67M |  26 | 424 |7429 | 445 |5118 |  1 |  63k|  22 | 0.000000e+00 |      --      |    Inf |  99.91%

SCIP Status        : problem is solved [infeasible]
Solving Time (sec) : 85.74
Solving Nodes      : 29060 (total of 29993 nodes in 2 runs)
Primal Bound       : +1.00000000000000e+20 (0 solutions)
Dual Bound         : +1.00000000000000e+20
Gap                : 0.00 %
SCIP Status        : problem is solved [infeasible]
Total Time         :      85.74
  solving          :      85.74
  presolving       :       0.10 (included in solving)
  reading          :       0.00
  copying          :       1.00 (105 #copies) (minimal 0.00, maximal 0.02, average 0.01)
Original Problem   :
  Problem name     : model
  Variables        : 450 (450 binary, 0 integer, 0 implicit integer, 0 continuous)
  Constraints      : 450 initial, 450 maximal
  Objective        : minimize, 0 non-zeros (abs.min = 1e+20, abs.max = -1e+20)
Presolved Problem  :
  Problem name     : t_model
  Variables        : 424 (424 binary, 0 integer, 0 implicit integer, 0 continuous)
  Constraints      : 2328 initial, 7849 maximal
  Objective        : minimize, 0 non-zeros (abs.min = 1e+20, abs.max = -1e+20)
  Nonzeros         : 50243 constraint, 1338 clique table
Presolvers         :   ExecTime  SetupTime  Calls  FixedVars   AggrVars   ChgTypes  ChgBounds   AddHoles    DelCons    AddCons   ChgSides   ChgCoefs
  boundshift       :       0.00       0.00      0          0          0          0          0          0          0          0          0          0
  convertinttobin  :       0.00       0.00      0          0          0          0          0          0          0          0          0          0
  domcol           :       0.00       0.00      3          0          0          0          0          0          0          0          0          0
  dualagg          :       0.00       0.00      0          0          0          0          0          0          0          0          0          0
  dualcomp         :       0.00       0.00      0          0          0          0          0          0          0          0          0          0
  dualinfer        :       0.00       0.00      0          0          0          0          0          0          0          0          0          0
  dualsparsify     :       0.00       0.00      1          0          0          0          0          0          0          0          0          0
  gateextraction   :       0.01       0.00      6          0          0          0          0          0         20         10          0          0
  implics          :       0.00       0.00     11          0          0          0          0          0          0          0          0          0
  inttobinary      :       0.00       0.00      0          0          0          0          0          0          0          0          0          0
  qpkktref         :       0.00       0.00      0          0          0          0          0          0          0          0          0          0
  redvub           :       0.00       0.00      0          0          0          0          0          0          0          0          0          0
  sparsify         :       0.00       0.00      1          0          0          0          0          0          0          0          0          0
  stuffing         :       0.00       0.00      0          0          0          0          0          0          0          0          0          0
  trivial          :       0.00       0.00     15         11          0          0          0          0          0          0          0          0
  tworowbnd        :       0.00       0.00      0          0          0          0          0          0          0          0          0          0
  dualfix          :       0.00       0.00     15          0          0          0          0          0          0          0          0          0
  genvbounds       :       0.00       0.00      0          0          0          0          0          0          0          0          0          0
  probing          :       0.00       0.00      2          0          0          0          0          0          0          0          0          0
  pseudoobj        :       0.00       0.00      1          0          0          0          0          0          0          0          0          0
  symmetry         :       0.00       0.00      1          2          0          0          0          0          0          5          0          0
  vbounds          :       0.00       0.00      2          0          3          0          0          0          0          0          0          0
  knapsack         :       0.00       0.00     20          0          0          0          0          0          0          0          0          0
  setppc           :       0.00       0.00     30          0          9          0          0          0         24          0          0          0
  linear           :       0.00       0.00     15          0          0          0          0          0         12          0         12          0
  orbisack         :       0.00       0.00      3          0          0          0          0          0          0          0          0          0
  orbitope         :       0.00       0.00      9          1          0          0          0          0          0          0          0          0
  symretope        :       0.00       0.00      3          0          0          0          0          0          0          0          0          0
  logicor          :       0.05       0.02     18          0          0          0          0          0        279          0          0        740
  benders          :       0.00       0.00      0          0          0          0          0          0          0          0          0          0
  components       :       0.00       0.00      2          0          0          0          0          0          0          0          0          0
  root node        :          -          -      -         13          -          -         13          -          -          -          -          -
Constraints        :     Number  MaxNumber  #Separate #Propagate    #EnfoLP    #EnfoRelax  #EnfoPS    #Check   #ResProp    Cutoffs    DomReds       Cuts    Applied      Conss   Children
  benderslp        :          0          0          0          0      18210          0          0        718          0          0          0          0          0          0          0
  integral         :          0          0          0          0      18210          0          0        718          0          0          0          0          0          0      36420
  knapsack         :         67+        79         11     294984          0          0          0          0     126274       1703     106464          0          0          0          0
  setppc           :        435+       470         23     293741          0          0          0        713    1058116       7826    1023767          2          1          0          0
  linear           :         12+       224         22     285194          0          0          0          0      14202        444      19560          0          0          0          0
  orbisack         :          2          2          0        156          0          0          0          0         96         24        126          0          0          0          0
  orbitope         :          2          2          0     285347          0          0          0          0      12518         18       2565          0          0          0          0
  symretope        :          1          1          0      22773          0          0          0          0      25331        384       3049          0          0          0          0
  logicor          :       1809+      7253         23     223638          0          0          0          0     392785       5669     335502          5          3          0          0
  benders          :          0          0          0          0          0          0          0          0          0          0          0          0          0          0          0
  countsols        :          0          0          0          0          0          0          0          0          0          0          0          0          0          0          0
  components       :          0          0          0          0          0          0          0          0          0          0          0          0          0          0          0
Constraint Timings :  TotalTime  SetupTime   Separate  Propagate     EnfoLP     EnfoPS     EnfoRelax   Check    ResProp    SB-Prop
  benderslp        :       0.01       0.00       0.00       0.00       0.01       0.00       0.00       0.00       0.00       0.00
  integral         :       0.78       0.00       0.00       0.00       0.78       0.00       0.00       0.00       0.00       0.00
  knapsack         :       3.51       0.00       0.03       3.35       0.00       0.00       0.00       0.00       0.12       0.00
  setppc           :       5.22       0.00       0.00       4.93       0.00       0.00       0.00       0.00       0.29       0.00
  linear           :       0.28       0.00       0.00       0.26       0.00       0.00       0.00       0.00       0.02       0.00
  orbisack         :       0.01       0.00       0.00       0.01       0.00       0.00       0.00       0.00       0.00       0.00
  orbitope         :       1.17       0.00       0.00       1.00       0.00       0.00       0.00       0.00       0.17       0.00
  symretope        :       0.23       0.00       0.00       0.19       0.00       0.00       0.00       0.00       0.04       0.00
  logicor          :       6.63       0.02       0.01       6.34       0.00       0.00       0.00       0.00       0.27       0.00
  benders          :       0.00       0.00       0.00       0.00       0.00       0.00       0.00       0.00       0.00       0.00
  countsols        :       0.00       0.00       0.00       0.00       0.00       0.00       0.00       0.00       0.00       0.00
  components       :       0.01       0.00       0.00       0.01       0.00       0.00       0.00       0.00       0.00       0.00
Propagators        : #Propagate   #ResProp    Cutoffs    DomReds
  dualfix          :          3          0          0          0
  genvbounds       :          0          0          0          0
  nlobbt           :          0          0          0          0
  obbt             :          0          0          0          0
  probing          :          0          0          0          0
  pseudoobj        :          0          0          0          0
  redcost          :          0          0          0          0
  rootredcost      :          0          0          0          0
  symmetry         :          0          0          0          0
  vbounds          :     246033          0          0          0
Propagator Timings :  TotalTime  SetupTime   Presolve  Propagate    ResProp    SB-Prop
  dualfix          :       0.00       0.00       0.00       0.00       0.00       0.00
  genvbounds       :       0.02       0.00       0.00       0.02       0.00       0.00
  nlobbt           :       0.00       0.00       0.00       0.00       0.00       0.00
  obbt             :       0.00       0.00       0.00       0.00       0.00       0.00
  probing          :       0.00       0.00       0.00       0.00       0.00       0.00
  pseudoobj        :       0.02       0.00       0.00       0.02       0.00       0.00
  redcost          :       0.01       0.00       0.00       0.01       0.00       0.00
  rootredcost      :       0.01       0.00       0.00       0.01       0.00       0.00
  symmetry         :       0.02       0.00       0.00       0.02       0.00       0.00
  vbounds          :       0.67       0.00       0.00       0.67       0.00       0.00
Orbital fixing     :
  vars fixed to 0  :          0
  vars fixed to 1  :          0
Conflict Analysis  :       Time      Calls    Success    DomReds  Conflicts   Literals    Reconvs ReconvLits   Dualrays   Nonzeros   LP Iters   (pool size: [10000,10000])
  propagation      :       1.32      15787      13902          -     100694       27.2       1543       14.8          -          -          -
  infeasible LP    :       1.29       4641       4369          -      38235       27.8        285       13.1       2954       38.4          0
  bound exceed. LP :       0.00          0          0          -          0        0.0          0        0.0          0        0.0          0
  strong branching :       0.00          0          0          -          0        0.0          0        0.0          -          -          0
  pseudo solution  :       0.00          0          0          -          0        0.0          0        0.0          -          -          -
  applied globally :       0.32          -          -          0      59835       20.2          -          -       2691          -          -
  applied locally  :          -          -          -          0        378       36.3          -          -        263          -          -
Separators         :   ExecTime  SetupTime      Calls  RootCalls    Cutoffs    DomReds  FoundCuts ViaPoolAdd  DirectAdd    Applied ViaPoolApp  DirectApp      Conss
  cut pool         :       2.86          -       3665         42          -          -      48884      31989          -          -          -          -          -    (maximal pool size:       3260)
  aggregation      :       1.30       0.00       1561         22          0          0          6          0          6          0          0          0          0
  > cmir           :          -          -          -          -          -          -          -          0          6          0          0          0          -
  > flowcover      :          -          -          -          -          -          -          -          0          0          0          0          0          -
  > knapsackcover  :          -          -          -          -          -          -          -          0          0          0          0          0          -
  cgmip            :       0.00       0.00          0          0          0          0          0          0          0          0          0          0          0
  clique           :       0.02       0.00         22         22          0          0          0          0          0          0          0          0          0
  closecuts        :       0.00       0.00          0          0          0          0          0          0          0          0          0          0          0
  convexproj       :       0.00       0.00          0          0          0          0          0          0          0          0          0          0          0
  disjunctive      :       0.00       0.00          0          0          0          0          0          0          0          0          0          0          0
  eccuts           :       0.00       0.00          0          0          0          0          0          0          0          0          0          0          0
  gauge            :       0.00       0.00          0          0          0          0          0          0          0          0          0          0          0
  gomory           :       5.97       0.00       1559         20          0          0      69988      31303      21533       3116       2487        629          0
  > gomorymi       :          -          -          -          -          -          -          -       3587      10766        491        132        359          -
  > strongcg       :          -          -          -          -          -          -          -      27716      10767       2625       2355        270          -
  impliedbounds    :       0.02       0.00       1561         22          0          3         11         54          0         54         54          0          0
  interminor       :       0.00       0.00          0          0          0          0          0          0          0          0          0          0          0
  intobj           :       0.00       0.00          0          0          0          0          0          0          0          0          0          0          0
  mcf              :       0.00       0.00          2          2          0          0          0          0          0          0          0          0          0
  minor            :       0.00       0.00          0          0          0          0          0          0          0          0          0          0          0
  mixing           :       0.00       0.00          0          0          0          0          0          0          0          0          0          0          0
  oddcycle         :       0.00       0.00          0          0          0          0          0          0          0          0          0          0          0
  rapidlearning    :       4.87       0.00        100          2          0      14653          0          0          0          0          0          0        557
  rlt              :       0.00       0.00         20         20          0          0          0          0          0          0          0          0          0
  zerohalf         :       1.00       0.00       1561         22          0          0       2823        632       2405       2108        413       1695          0
Cutselectors       :   ExecTime  SetupTime      Calls  RootCalls   Selected     Forced   Filtered  RootSelec   RootForc   RootFilt 
  hybrid           :       0.05       0.00       1646         22       5276          8      50664         70          0       2504
Pricers            :   ExecTime  SetupTime      Calls       Vars
  problem variables:       0.00          -          0          0
Branching Rules    :   ExecTime  SetupTime   BranchLP  BranchExt   BranchPS    Cutoffs    DomReds       Cuts      Conss   Children
  allfullstrong    :       0.00       0.00          0          0          0          0          0          0          0          0
  cloud            :       0.00       0.00          0          0          0          0          0          0          0          0
  distribution     :       0.00       0.00          0          0          0          0          0          0          0          0
  fullstrong       :       0.00       0.00          0          0          0          0          0          0          0          0
  inference        :       0.00       0.00          0          0          0          0          0          0          0          0
  leastinf         :       0.00       0.00          0          0          0          0          0          0          0          0
  lookahead        :       0.00       0.00          0          0          0          0          0          0          0          0
  mostinf          :       0.00       0.00          0          0          0          0          0          0          0          0
  multaggr         :       0.00       0.00          0          0          0          0          0          0          0          0
  nodereopt        :       0.00       0.00          0          0          0          0          0          0          0          0
  pscost           :       0.00       0.00          0          0          0          0          0          0          0          0
  random           :       0.00       0.00          0          0          0          0          0          0          0          0
  relpscost        :       0.76       0.00      18210          0          0          0          0          0          0      36420
  vanillafullstrong:       0.00       0.00          0          0          0          0          0          0          0          0
Primal Heuristics  :   ExecTime  SetupTime      Calls      Found       Best
  LP solutions     :       0.00          -          -          0          0
  relax solutions  :       0.00          -          -          0          0
  pseudo solutions :       0.00          -          -          0          0
  strong branching :       0.00          -          -          0          0
  actconsdiving    :       0.00       0.00          0          0          0
  adaptivediving   :       0.27       0.00         75          0          0
  alns             :       0.16       0.00          6          0          0
  bound            :       0.00       0.00          0          0          0
  clique           :       0.00       0.00          1          0          0
  coefdiving       :       0.00       0.00          0          0          0
  completesol      :       0.00       0.00          0          0          0
  conflictdiving   :       0.51       0.00        240          0          0
  crossover        :       0.01       0.00          0          0          0
  dins             :       0.00       0.00          0          0          0
  distributiondivin:       1.05       0.00        240          0          0
  dps              :       0.00       0.00          0          0          0
  dualval          :       0.00       0.00          0          0          0
  farkasdiving     :       0.00       0.00          0          0          0
  feaspump         :       0.75       0.00         56          0          0
  fixandinfer      :       0.00       0.00          0          0          0
  fracdiving       :       0.51       0.00        240          0          0
  gins             :       0.00       0.00          0          0          0
  guideddiving     :       0.00       0.00          0          0          0
  indicator        :       0.01       0.00          0          0          0
  intdiving        :       0.00       0.00          0          0          0
  intshifting      :       0.00       0.00          0          0          0
  linesearchdiving :       0.33       0.00        240          0          0
  localbranching   :       0.00       0.00          0          0          0
  locks            :       0.00       0.00          1          0          0
  lpface           :       0.02       0.00          0          0          0
  mpec             :       0.00       0.00          0          0          0
  multistart       :       0.00       0.00          0          0          0
  mutation         :       0.00       0.00          0          0          0
  nlpdiving        :       0.00       0.00          0          0          0
  objpscostdiving  :       0.53       0.00         23          0          0
  octane           :       0.00       0.00          0          0          0
  ofins            :       0.00       0.00          0          0          0
  oneopt           :       0.01       0.00          0          0          0
  padm             :       0.00       0.00          0          0          0
  proximity        :       0.00       0.00          0          0          0
  pscostdiving     :       0.52       0.00        240          0          0
  randrounding     :       0.05       0.00        734          0          0
  rens             :       0.00       0.00          0          0          0
  reoptsols        :       0.00       0.00          0          0          0
  repair           :       0.00       0.00          0          0          0
  rins             :       0.00       0.00          0          0          0
  rootsoldiving    :       0.45       0.00         25          0          0
  rounding         :       0.09       0.00       1917          0          0
  shiftandpropagate:       0.01       0.00          2          0          0
  shifting         :       0.08       0.00        683          0          0
  simplerounding   :       0.01       0.00          0          0          0
  subnlp           :       0.01       0.00          0          0          0
  trivial          :       0.00       0.00          2          0          0
  trivialnegation  :       0.00       0.00          0          0          0
  trustregion      :       0.00       0.00          0          0          0
  trysol           :       0.01       0.00          0          0          0
  twoopt           :       0.00       0.00          0          0          0
  undercover       :       0.00       0.00          0          0          0
  vbounds          :       0.00       0.00          2          0          0
  veclendiving     :       0.47       0.00        240          0          0
  zeroobj          :       0.00       0.00          0          0          0
  zirounding       :       0.02       0.00       1000          0          0
  other solutions  :          -          -          -          0          -
LP                 :       Time      Calls Iterations  Iter/call   Iter/sec  Time-0-It Calls-0-It    ItLimit
  primal LP        :       1.08        733          0       0.00       0.00       1.08        733
  dual LP          :      32.77      24339     974113      40.34   29729.20       0.06        190
  lex dual LP      :       0.00          0          0       0.00          -
  barrier LP       :       0.00          0          0       0.00          -       0.00          0
  resolve instable :       0.00          0          0       0.00          -
  diving/probing LP:       2.44       1771      58866      33.24   24083.52
  strong branching :       0.23         22       5415     246.14   23415.91          -          -          0
    (at root node) :          -         22       5415     246.14          -
  conflict analysis:       0.00          0          0       0.00          -
B&B Tree           :
  number of runs   :          2
  nodes            :      29060 (17664 internal, 11396 leaves)
  feasible leaves  :          0
  infeas. leaves   :      11396
  objective leaves :          0
  nodes (total)    :      29993 (18210 internal, 11783 leaves)
  nodes left       :          0
  max depth        :         26
  max depth (total):         26
  backtracks       :      10066 (34.6%)
  early backtracks :          0 (0.0%)
  nodes exc. ref.  :          0 (0.0%)
  delayed cutoffs  :       6269
  repropagations   :      22006 (529924 domain reductions, 5344 cutoffs)
  avg switch length:       4.22
  switching time   :       8.00
Root Node          :
  First LP value   : +0.00000000000000e+00
  First LP Iters   :        332 (55499.83 Iter/sec)
  First LP Time    :       0.01
  Final Dual Bound : +0.00000000000000e+00
  Final Root Iters :       3399
  Root LP Estimate : +1.29951544324349e-02
Solution           :
  Solutions found  :          0 (0 improvements)
  Primal Bound     : infeasible
  Dual Bound       :          -
  Gap              :       0.00 %
Integrals          :      Total       Avg%
  primal-dual      :          -          - (problem infeasible)
  primal-ref       :          -          - (problem infeasible)
  dual-ref         :          -          - (problem infeasible)
written solution information to file <results/final_flowersnark__settings_final_nopeek_relabel_min__0__flowersnark25_3.cip.sol>
@04 1667917953
