FILENAME:   ../instances_new/flowersnark/flowersnark21_3.cip
SETTINGS:   settings_final_nosymretope_relabel_respect
TIMELIMIT:  7200
OUTPUTNAME: final_flowersnark__settings_final_nosymretope_relabel_respect__1__
BINNAME:    bin/sbcs.linux.x86_64.gnu.opt.cpx
BASENAME:   flowersnark21_3.cip
SEED:       1
@01 ../instances_new/flowersnark/flowersnark21_3.cip ===========
@02 flowersnark21_3.cip
@03 1667947399
SCIP version 8.0.2 [precision: 8 byte] [memory: block] [mode: optimized] [LP solver: CPLEX 20.1.0.0] [GitHash: 5f0473c]
Copyright (C) 2002-2022 Konrad-Zuse-Zentrum fuer Informationstechnik Berlin (ZIB)

Symretope propagation methods - (c) Jasper van Doornmalen, Christopher Hojny.
[GitHash: 2fd0484]

reading parameter file <../settings/settings_final_nosymretope_relabel_respect.set> ...

Changed settings:
limits/time = 7200
misc/usesymmetry = 1
randomization/randomseedshift = 1
constraints/orbisack/sepafreq = -1
constraints/symresack/sepafreq = -1
propagating/symmetry/addsymresacks = TRUE
propagating/symmetry/detectsubgroups = FALSE
propagating/symmetry/usesymretopes = FALSE
propagating/symmetry/relabelsymretopes = 3
propagating/symmetry/ofsymcomptiming = 0
constraints/symretope/sepafreq = -1
constraints/symretope/peek = FALSE


solving problem ...

original problem has 378 variables (378 bin, 0 int, 0 impl, 0 cont) and 378 constraints
presolving:
(round 1, exhaustive) 0 del vars, 0 del conss, 0 add conss, 0 chg bounds, 0 chg sides, 0 chg coeffs, 378 upgd conss, 0 impls, 378 clqs
   (0.0s) probing: 51/378 (13.5%) - 0 fixings, 0 aggregations, 0 implications, 0 bound changes
   (0.0s) probing aborted: 50/50 successive totally useless probings
   (0.0s) symmetry computation started: requiring (bin +, int +, cont +), (fixed: bin -, int -, cont -)
   (0.0s) symmetry computation finished: 5 generators found (max: 1500, log10 of symmetry group size: 2.7)
(round 2, exhaustive) 7 del vars, 0 del conss, 5 add conss, 0 chg bounds, 0 chg sides, 0 chg coeffs, 378 upgd conss, 0 impls, 375 clqs
(round 3, fast)       16 del vars, 7 del conss, 5 add conss, 0 chg bounds, 0 chg sides, 0 chg coeffs, 378 upgd conss, 0 impls, 371 clqs
(round 4, medium)     17 del vars, 7 del conss, 5 add conss, 0 chg bounds, 0 chg sides, 0 chg coeffs, 378 upgd conss, 0 impls, 371 clqs
(round 5, fast)       18 del vars, 8 del conss, 5 add conss, 0 chg bounds, 0 chg sides, 0 chg coeffs, 378 upgd conss, 0 impls, 370 clqs
   (0.0s) probing cycle finished: starting next cycle
(round 6, exhaustive) 26 del vars, 8 del conss, 5 add conss, 0 chg bounds, 0 chg sides, 0 chg coeffs, 378 upgd conss, 0 impls, 497 clqs
(round 7, fast)       26 del vars, 19 del conss, 5 add conss, 0 chg bounds, 1 chg sides, 0 chg coeffs, 378 upgd conss, 0 impls, 497 clqs
   (0.0s) probing: 91/359 (25.3%) - 0 fixings, 8 aggregations, 150 implications, 0 bound changes
   (0.0s) probing aborted: 50/50 successive totally useless probings
presolving (8 rounds: 8 fast, 5 medium, 4 exhaustive):
 26 deleted vars, 19 deleted constraints, 5 added constraints, 0 tightened bounds, 0 added holes, 1 changed sides, 0 changed coefficients
 0 implications, 497 cliques
presolved problem has 357 variables (357 bin, 0 int, 0 impl, 0 cont) and 364 constraints
    359 constraints of type <setppc>
      2 constraints of type <orbisack>
      2 constraints of type <orbitope>
      1 constraints of type <symresack>
transformed objective value is always integral (scale: 1)
Presolving Time: 0.03

 time | node  | left  |LP iter|LP it/n|mem/heur|mdpt |vars |cons |rows |cuts |sepa|confs|strbr|  dualbound   | primalbound  |  gap   | compl. 
  0.0s|     1 |     0 |   296 |     - |  5031k |   0 | 357 | 440 | 360 |   0 |  0 |  75 |   0 | 0.000000e+00 |      --      |    Inf | unknown
  0.2s|     1 |     0 |   994 |     - |  5773k |   0 | 357 | 642 | 365 |   5 |  1 |  77 |   0 | 0.000000e+00 |      --      |    Inf | unknown
  0.2s|     1 |     0 |  1088 |     - |  7906k |   0 | 357 | 643 | 368 |   8 |  2 |  78 |   0 | 0.000000e+00 |      --      |    Inf | unknown
  0.2s|     1 |     0 |  1194 |     - |    10M |   0 | 357 | 644 | 370 |  10 |  3 |  79 |   0 | 0.000000e+00 |      --      |    Inf | unknown
  0.3s|     1 |     0 |  1313 |     - |    10M |   0 | 357 | 645 | 374 |  14 |  4 |  80 |   0 | 0.000000e+00 |      --      |    Inf | unknown
  0.3s|     1 |     0 |  1433 |     - |    13M |   0 | 357 | 646 | 377 |  17 |  5 |  81 |   0 | 0.000000e+00 |      --      |    Inf | unknown
  0.3s|     1 |     0 |  1503 |     - |    13M |   0 | 357 | 647 | 380 |  20 |  6 |  82 |   0 | 0.000000e+00 |      --      |    Inf | unknown
  0.4s|     1 |     0 |  1585 |     - |    18M |   0 | 357 | 649 | 384 |  24 |  7 |  84 |   0 | 0.000000e+00 |      --      |    Inf | unknown
  0.4s|     1 |     0 |  1704 |     - |    20M |   0 | 357 | 650 | 389 |  29 |  8 |  85 |   0 | 0.000000e+00 |      --      |    Inf | unknown
  0.5s|     1 |     0 |  1766 |     - |    20M |   0 | 357 | 652 | 391 |  31 |  9 |  87 |   0 | 0.000000e+00 |      --      |    Inf | unknown
  0.5s|     1 |     0 |  1841 |     - |    20M |   0 | 357 | 655 | 393 |  33 | 10 |  90 |   0 | 0.000000e+00 |      --      |    Inf | unknown
  0.5s|     1 |     0 |  1858 |     - |    20M |   0 | 357 | 656 | 395 |  35 | 11 |  91 |   0 | 0.000000e+00 |      --      |    Inf | unknown
  0.6s|     1 |     2 |  1995 |     - |    20M |   0 | 357 | 666 | 395 |  35 | 11 | 101 |  11 | 0.000000e+00 |      --      |    Inf | unknown
  1.3s|   100 |    45 | 11486 |  97.8 |    21M |  18 | 357 |1019 | 369 |  56 |  0 | 467 |  11 | 0.000000e+00 |      --      |    Inf | unknown
  1.6s|   200 |    68 | 16070 |  71.7 |    24M |  20 | 357 |1322 | 371 |  73 |  1 | 779 |  11 | 0.000000e+00 |      --      |    Inf |   1.33%
 time | node  | left  |LP iter|LP it/n|mem/heur|mdpt |vars |cons |rows |cuts |sepa|confs|strbr|  dualbound   | primalbound  |  gap   | compl. 
  2.0s|   300 |    81 | 20092 |  61.2 |    24M |  20 | 357 |1564 | 371 |  73 |  1 |1022 |  11 | 0.000000e+00 |      --      |    Inf |   1.35%
  2.3s|   400 |    77 | 22903 |  52.9 |    26M |  20 | 357 |1818 | 367 |  77 |  0 |1277 |  11 | 0.000000e+00 |      --      |    Inf |   1.41%
  2.4s|   500 |    85 | 25966 |  48.4 |    26M |  20 | 357 |2055 | 367 |  84 |  1 |1514 |  11 | 0.000000e+00 |      --      |    Inf |   1.50%
  2.7s|   600 |    84 | 29365 |  46.0 |    29M |  20 | 357 |2281 | 368 | 105 |  1 |1741 |  11 | 0.000000e+00 |      --      |    Inf |   1.98%
  3.1s|   700 |   116 | 34108 |  46.2 |    32M |  20 | 357 |2580 | 368 | 138 |  1 |2044 |  11 | 0.000000e+00 |      --      |    Inf |   2.57%
  3.6s|   800 |   135 | 38809 |  46.3 |    34M |  20 | 357 |2883 |   0 | 164 |  0 |2355 |  11 | 0.000000e+00 |      --      |    Inf |   2.99%
  3.9s|   900 |   167 | 42875 |  45.7 |    34M |  20 | 357 |3281 |   0 | 182 |  0 |2803 |  11 | 0.000000e+00 |      --      |    Inf |   3.17%
Restart triggered after 50 consecutive estimations that the remaining tree will be large
(run 1, node 968) performing user restart

(restart) converted 7 cuts from the global cut pool into linear constraints

presolving:
(round 1, fast)       2 del vars, 51 del conss, 0 add conss, 0 chg bounds, 0 chg sides, 9 chg coeffs, 0 upgd conss, 0 impls, 484 clqs
(round 2, exhaustive) 2 del vars, 61 del conss, 5 add conss, 0 chg bounds, 0 chg sides, 9 chg coeffs, 0 upgd conss, 0 impls, 486 clqs
(round 3, exhaustive) 2 del vars, 71 del conss, 5 add conss, 0 chg bounds, 4 chg sides, 9 chg coeffs, 0 upgd conss, 0 impls, 486 clqs
(round 4, exhaustive) 2 del vars, 71 del conss, 5 add conss, 0 chg bounds, 4 chg sides, 9 chg coeffs, 197 upgd conss, 0 impls, 486 clqs
(round 5, exhaustive) 2 del vars, 78 del conss, 8 add conss, 0 chg bounds, 4 chg sides, 9 chg coeffs, 197 upgd conss, 0 impls, 486 clqs
(round 6, exhaustive) 2 del vars, 307 del conss, 8 add conss, 0 chg bounds, 4 chg sides, 548 chg coeffs, 197 upgd conss, 0 impls, 486 clqs
(round 7, exhaustive) 2 del vars, 314 del conss, 8 add conss, 0 chg bounds, 4 chg sides, 548 chg coeffs, 197 upgd conss, 0 impls, 486 clqs
(round 8, exhaustive) 2 del vars, 314 del conss, 8 add conss, 0 chg bounds, 4 chg sides, 639 chg coeffs, 197 upgd conss, 0 impls, 486 clqs
presolving (9 rounds: 9 fast, 8 medium, 8 exhaustive):
 2 deleted vars, 314 deleted constraints, 8 added constraints, 0 tightened bounds, 0 added holes, 4 changed sides, 639 changed coefficients
 0 implications, 486 cliques
presolved problem has 355 variables (355 bin, 0 int, 0 impl, 0 cont) and 3077 constraints
     61 constraints of type <knapsack>
    363 constraints of type <setppc>
     12 constraints of type <linear>
      2 constraints of type <orbisack>
      2 constraints of type <orbitope>
      1 constraints of type <symresack>
   2636 constraints of type <logicor>
transformed objective value is always integral (scale: 1)
Presolving Time: 0.15

 time | node  | left  |LP iter|LP it/n|mem/heur|mdpt |vars |cons |rows |cuts |sepa|confs|strbr|  dualbound   | primalbound  |  gap   | compl. 
  4.1s|     1 |     0 | 44803 |     - |    35M |   0 | 355 |3079 | 366 |   0 |  0 |2978 |  11 | 0.000000e+00 |      --      |    Inf | unknown
  4.4s|     1 |     0 | 44891 |     - |    35M |   0 | 355 |3279 | 372 |   6 |  1 |2980 |  11 | 0.000000e+00 |      --      |    Inf | unknown
  4.5s|     1 |     0 | 44953 |     - |    36M |   0 | 355 |3280 | 376 |  10 |  2 |2981 |  11 | 0.000000e+00 |      --      |    Inf | unknown
  4.5s|     1 |     0 | 45025 |     - |    36M |   0 | 355 |3283 | 379 |  13 |  3 |2984 |  11 | 0.000000e+00 |      --      |    Inf | unknown
  4.5s|     1 |     0 | 45159 |     - |    36M |   0 | 355 |3284 | 385 |  19 |  4 |2985 |  11 | 0.000000e+00 |      --      |    Inf | unknown
  4.6s|     1 |     0 | 45231 |     - |    36M |   0 | 355 |3285 | 389 |  23 |  5 |2986 |  11 | 0.000000e+00 |      --      |    Inf | unknown
  4.6s|     1 |     0 | 45325 |     - |    38M |   0 | 355 |3286 | 394 |  28 |  6 |2987 |  11 | 0.000000e+00 |      --      |    Inf | unknown
  4.7s|     1 |     0 | 45434 |     - |    39M |   0 | 355 |3287 | 398 |  32 |  7 |2988 |  11 | 0.000000e+00 |      --      |    Inf | unknown
  4.7s|     1 |     0 | 45515 |     - |    41M |   0 | 355 |3290 | 400 |  34 |  8 |2991 |  11 | 0.000000e+00 |      --      |    Inf | unknown
  4.8s|     1 |     0 | 45575 |     - |    43M |   0 | 355 |3291 | 402 |  36 |  9 |2992 |  11 | 0.000000e+00 |      --      |    Inf | unknown
  4.8s|     1 |     0 | 45654 |     - |    44M |   0 | 355 |3297 | 406 |  40 | 10 |2998 |  11 | 0.000000e+00 |      --      |    Inf | unknown
  4.9s|     1 |     0 | 45731 |     - |    44M |   0 | 355 |3298 | 396 |  43 | 11 |2999 |  11 | 0.000000e+00 |      --      |    Inf | unknown
  5.0s|     1 |     2 | 45995 |     - |    44M |   0 | 355 |3307 | 396 |  43 | 11 |3008 |  21 | 0.000000e+00 |      --      |    Inf | unknown
  5.6s|   100 |    40 | 50767 |  44.6 |    45M |  19 | 355 |3536 |   0 |  52 |  0 |3305 |  21 | 0.000000e+00 |      --      |    Inf |   3.18%
  7.2s|   200 |    79 | 56151 |  45.4 |    45M |  19 | 355 |3513 | 376 | 102 |  1 |3480 |  21 | 0.000000e+00 |      --      |    Inf |   9.77%
 time | node  | left  |LP iter|LP it/n|mem/heur|mdpt |vars |cons |rows |cuts |sepa|confs|strbr|  dualbound   | primalbound  |  gap   | compl. 
  7.8s|   300 |    95 | 60242 |  45.1 |    45M |  19 | 355 |3702 | 380 | 166 |  2 |3880 |  21 | 0.000000e+00 |      --      |    Inf |  10.73%
  8.3s|   400 |   122 | 63913 |  44.5 |    44M |  19 | 355 |3807 | 378 | 240 |  1 |4158 |  21 | 0.000000e+00 |      --      |    Inf |  11.41%
  8.8s|   500 |   123 | 66730 |  43.3 |    44M |  19 | 355 |3805 | 378 | 256 |  1 |4424 |  21 | 0.000000e+00 |      --      |    Inf |  12.22%
  9.2s|   600 |   155 | 70029 |  42.7 |    45M |  19 | 355 |4028 | 376 | 281 |  1 |4936 |  21 | 0.000000e+00 |      --      |    Inf |  12.38%
  9.7s|   700 |   155 | 72631 |  41.7 |    45M |  19 | 355 |3929 | 379 | 304 |  1 |5206 |  21 | 0.000000e+00 |      --      |    Inf |  14.68%
 10.7s|   800 |   164 | 75488 |  40.9 |    45M |  19 | 355 |3838 | 379 | 325 |  1 |5387 |  21 | 0.000000e+00 |      --      |    Inf |  23.16%
 10.9s|   900 |   181 | 77764 |  40.0 |    45M |  19 | 355 |3878 | 376 | 346 |  1 |5658 |  21 | 0.000000e+00 |      --      |    Inf |  24.07%
 11.2s|  1000 |   198 | 80455 |  39.3 |    45M |  19 | 355 |3987 | 376 | 351 |  1 |6021 |  21 | 0.000000e+00 |      --      |    Inf |  24.12%
 11.4s|  1100 |   204 | 82034 |  38.2 |    46M |  20 | 355 |4170 | 378 | 353 |  0 |6309 |  21 | 0.000000e+00 |      --      |    Inf |  24.20%
 11.6s|  1200 |   192 | 83777 |  37.2 |    46M |  20 | 355 |4258 |   0 | 353 |  0 |6510 |  21 | 0.000000e+00 |      --      |    Inf |  25.07%
 11.9s|  1300 |   199 | 86453 |  36.7 |    46M |  20 | 355 |4371 | 377 | 361 |  1 |6786 |  21 | 0.000000e+00 |      --      |    Inf |  25.12%
 12.0s|  1400 |   196 | 87985 |  35.8 |    46M |  20 | 355 |4502 |   0 | 361 |  0 |6981 |  21 | 0.000000e+00 |      --      |    Inf |  25.21%
 12.2s|  1500 |   179 | 89448 |  35.0 |    46M |  20 | 355 |4462 | 377 | 361 |  0 |7191 |  21 | 0.000000e+00 |      --      |    Inf |  25.72%
 12.4s|  1600 |   173 | 91355 |  34.4 |    46M |  20 | 355 |4478 |   0 | 367 |  0 |7394 |  21 | 0.000000e+00 |      --      |    Inf |  25.95%
 12.6s|  1700 |   170 | 93293 |  33.8 |    46M |  20 | 355 |4685 | 377 | 367 |  1 |7736 |  21 | 0.000000e+00 |      --      |    Inf |  26.03%
 time | node  | left  |LP iter|LP it/n|mem/heur|mdpt |vars |cons |rows |cuts |sepa|confs|strbr|  dualbound   | primalbound  |  gap   | compl. 
 12.8s|  1800 |   166 | 94909 |  33.2 |    46M |  20 | 355 |4726 | 376 | 367 |  1 |7928 |  21 | 0.000000e+00 |      --      |    Inf |  26.14%
 13.0s|  1900 |   167 | 97221 |  32.8 |    46M |  20 | 355 |4791 | 378 | 371 |  0 |8201 |  21 | 0.000000e+00 |      --      |    Inf |  26.26%
 13.2s|  2000 |   178 |100039 |  32.7 |    46M |  20 | 355 |4959 |   0 | 371 |  0 |8489 |  21 | 0.000000e+00 |      --      |    Inf |  26.31%
 13.5s|  2100 |   185 |102159 |  32.3 |    46M |  20 | 355 |5113 | 378 | 371 |  1 |8741 |  21 | 0.000000e+00 |      --      |    Inf |  26.32%
 14.1s|  2200 |   198 |105208 |  32.2 |    47M |  20 | 355 |5257 |   0 | 388 |  0 |9090 |  21 | 0.000000e+00 |      --      |    Inf |  26.36%
 14.4s|  2300 |   191 |107799 |  32.0 |    47M |  20 | 355 |5317 | 377 | 388 |  0 |9296 |  21 | 0.000000e+00 |      --      |    Inf |  26.46%
 14.6s|  2400 |   195 |110373 |  31.8 |    47M |  20 | 355 |5196 | 376 | 400 |  1 |9544 |  21 | 0.000000e+00 |      --      |    Inf |  27.31%
 14.8s|  2500 |   211 |112670 |  31.6 |    47M |  20 | 355 |5228 | 377 | 400 |  1 |9740 |  21 | 0.000000e+00 |      --      |    Inf |  27.36%
 15.1s|  2600 |   221 |115423 |  31.5 |    47M |  20 | 355 |5278 | 379 | 405 |  1 |9910 |  21 | 0.000000e+00 |      --      |    Inf |  27.47%
 15.8s|  2700 |   232 |119126 |  31.6 |    47M |  20 | 355 |5218 | 379 | 417 |  1 |  10k|  21 | 0.000000e+00 |      --      |    Inf |  27.98%
 16.3s|  2800 |   236 |122694 |  31.7 |    47M |  20 | 355 |5094 | 378 | 488 |  1 |  10k|  21 | 0.000000e+00 |      --      |    Inf |  28.60%
 16.6s|  2900 |   237 |125219 |  31.6 |    47M |  20 | 355 |5116 | 378 | 507 |  1 |  10k|  21 | 0.000000e+00 |      --      |    Inf |  28.94%
 16.9s|  3000 |   234 |128046 |  31.5 |    47M |  20 | 355 |5057 | 377 | 542 |  0 |  10k|  21 | 0.000000e+00 |      --      |    Inf |  29.18%
 17.4s|  3100 |   230 |131368 |  31.5 |    47M |  20 | 355 |4996 | 379 | 542 |  1 |  11k|  21 | 0.000000e+00 |      --      |    Inf |  29.51%
 17.8s|  3200 |   237 |134160 |  31.4 |    47M |  20 | 355 |5016 | 379 | 555 |  1 |  11k|  21 | 0.000000e+00 |      --      |    Inf |  29.56%
 time | node  | left  |LP iter|LP it/n|mem/heur|mdpt |vars |cons |rows |cuts |sepa|confs|strbr|  dualbound   | primalbound  |  gap   | compl. 
 18.0s|  3300 |   244 |137840 |  31.6 |    48M |  20 | 355 |5104 | 379 | 555 |  1 |  11k|  21 | 0.000000e+00 |      --      |    Inf |  29.62%
 18.3s|  3400 |   229 |140105 |  31.4 |    48M |  20 | 355 |4971 |   0 | 555 |  0 |  11k|  21 | 0.000000e+00 |      --      |    Inf |  29.70%
 18.6s|  3500 |   233 |142121 |  31.1 |    48M |  20 | 355 |4935 |   0 | 571 |  0 |  11k|  21 | 0.000000e+00 |      --      |    Inf |  30.62%
 18.9s|  3600 |   243 |144845 |  31.0 |    48M |  20 | 355 |5068 | 378 | 588 |  1 |  12k|  21 | 0.000000e+00 |      --      |    Inf |  30.83%
 19.2s|  3700 |   251 |147360 |  30.9 |    48M |  20 | 355 |5142 | 376 | 598 |  1 |  12k|  21 | 0.000000e+00 |      --      |    Inf |  31.05%
 19.5s|  3800 |   239 |149705 |  30.7 |    48M |  20 | 355 |5133 |   0 | 602 |  0 |  12k|  21 | 0.000000e+00 |      --      |    Inf |  31.21%
 19.7s|  3900 |   237 |152477 |  30.7 |    48M |  20 | 355 |5010 |   0 | 604 |  0 |  13k|  21 | 0.000000e+00 |      --      |    Inf |  31.52%
 20.0s|  4000 |   245 |154410 |  30.5 |    48M |  20 | 355 |4991 | 377 | 618 |  0 |  13k|  21 | 0.000000e+00 |      --      |    Inf |  31.93%
 20.6s|  4100 |   230 |157131 |  30.4 |    48M |  20 | 355 |4864 | 380 | 648 |  1 |  13k|  21 | 0.000000e+00 |      --      |    Inf |  32.98%
 20.8s|  4200 |   236 |160795 |  30.5 |    48M |  20 | 355 |4763 | 380 | 657 |  0 |  13k|  21 | 0.000000e+00 |      --      |    Inf |  33.02%
 21.1s|  4300 |   228 |163165 |  30.4 |    48M |  20 | 355 |4738 |   0 | 667 |  0 |  13k|  21 | 0.000000e+00 |      --      |    Inf |  33.23%
 21.4s|  4400 |   247 |166229 |  30.4 |    48M |  20 | 355 |4727 | 376 | 706 |  0 |  13k|  21 | 0.000000e+00 |      --      |    Inf |  33.66%
 21.7s|  4500 |   242 |169041 |  30.3 |    48M |  20 | 355 |4907 | 377 | 714 |  1 |  14k|  21 | 0.000000e+00 |      --      |    Inf |  34.31%
 21.8s|  4600 |   251 |172136 |  30.4 |    48M |  20 | 355 |4881 | 380 | 714 |  1 |  14k|  21 | 0.000000e+00 |      --      |    Inf |  34.47%
 22.2s|  4700 |   254 |174481 |  30.2 |    48M |  20 | 355 |4911 | 380 | 714 |  1 |  14k|  21 | 0.000000e+00 |      --      |    Inf |  34.50%
 time | node  | left  |LP iter|LP it/n|mem/heur|mdpt |vars |cons |rows |cuts |sepa|confs|strbr|  dualbound   | primalbound  |  gap   | compl. 
 22.6s|  4800 |   233 |176835 |  30.1 |    48M |  20 | 355 |4887 | 379 | 720 |  1 |  14k|  21 | 0.000000e+00 |      --      |    Inf |  34.65%
 22.8s|  4900 |   221 |178982 |  30.0 |    48M |  20 | 355 |4905 |   0 | 720 |  0 |  14k|  21 | 0.000000e+00 |      --      |    Inf |  34.80%
 23.3s|  5000 |   221 |181484 |  29.9 |    48M |  20 | 355 |4940 | 379 | 740 |  1 |  15k|  21 | 0.000000e+00 |      --      |    Inf |  35.20%
 23.5s|  5100 |   208 |184309 |  29.9 |    48M |  20 | 355 |4910 | 378 | 746 |  1 |  15k|  21 | 0.000000e+00 |      --      |    Inf |  35.63%
 23.7s|  5200 |   206 |186417 |  29.7 |    48M |  20 | 355 |4972 | 380 | 757 |  1 |  15k|  21 | 0.000000e+00 |      --      |    Inf |  35.84%
 23.9s|  5300 |   221 |189318 |  29.7 |    48M |  20 | 355 |5012 | 377 | 765 |  1 |  15k|  21 | 0.000000e+00 |      --      |    Inf |  36.06%
 24.1s|  5400 |   233 |191787 |  29.6 |    48M |  20 | 355 |5115 |   0 | 769 |  0 |  15k|  21 | 0.000000e+00 |      --      |    Inf |  36.11%
 24.4s|  5500 |   226 |194224 |  29.5 |    48M |  20 | 355 |5229 | 377 | 769 |  1 |  16k|  21 | 0.000000e+00 |      --      |    Inf |  36.15%
 24.6s|  5600 |   213 |196645 |  29.5 |    48M |  20 | 355 |5261 |   0 | 769 |  0 |  16k|  21 | 0.000000e+00 |      --      |    Inf |  36.26%
 24.9s|  5700 |   198 |198701 |  29.3 |    48M |  20 | 355 |5220 | 377 | 769 |  0 |  16k|  21 | 0.000000e+00 |      --      |    Inf |  36.42%
 25.2s|  5800 |   218 |202111 |  29.4 |    48M |  20 | 355 |5246 | 377 | 781 |  1 |  16k|  21 | 0.000000e+00 |      --      |    Inf |  36.56%
 25.5s|  5900 |   232 |205913 |  29.5 |    49M |  20 | 355 |5344 | 380 | 803 |  1 |  17k|  21 | 0.000000e+00 |      --      |    Inf |  36.61%
 25.7s|  6000 |   240 |209138 |  29.6 |    49M |  20 | 355 |5438 | 377 | 808 |  1 |  17k|  21 | 0.000000e+00 |      --      |    Inf |  36.69%
 26.0s|  6100 |   233 |212853 |  29.7 |    49M |  20 | 355 |5538 | 377 | 808 |  1 |  17k|  21 | 0.000000e+00 |      --      |    Inf |  36.76%
 26.4s|  6200 |   247 |216481 |  29.8 |    49M |  20 | 355 |5582 | 375 | 808 |  1 |  17k|  21 | 0.000000e+00 |      --      |    Inf |  36.81%
 time | node  | left  |LP iter|LP it/n|mem/heur|mdpt |vars |cons |rows |cuts |sepa|confs|strbr|  dualbound   | primalbound  |  gap   | compl. 
 26.6s|  6300 |   251 |219454 |  29.8 |    49M |  20 | 355 |5486 | 379 | 815 |  0 |  17k|  21 | 0.000000e+00 |      --      |    Inf |  36.95%
 26.8s|  6400 |   255 |222177 |  29.7 |    50M |  20 | 355 |5456 | 378 | 822 |  0 |  18k|  21 | 0.000000e+00 |      --      |    Inf |  37.02%
 27.2s|  6500 |   263 |225802 |  29.8 |    50M |  20 | 355 |5407 | 378 | 840 |  0 |  18k|  21 | 0.000000e+00 |      --      |    Inf |  37.10%
 27.4s|  6600 |   267 |229118 |  29.9 |    50M |  20 | 355 |5423 |   0 | 840 |  0 |  18k|  21 | 0.000000e+00 |      --      |    Inf |  37.17%
 27.6s|  6700 |   268 |232104 |  29.9 |    50M |  20 | 355 |5419 |   0 | 845 |  0 |  18k|  21 | 0.000000e+00 |      --      |    Inf |  37.25%
 28.0s|  6800 |   265 |234155 |  29.7 |    50M |  20 | 355 |5391 | 376 | 845 |  1 |  18k|  21 | 0.000000e+00 |      --      |    Inf |  37.40%
 28.3s|  6900 |   258 |236595 |  29.7 |    50M |  20 | 355 |5383 | 381 | 853 |  0 |  19k|  21 | 0.000000e+00 |      --      |    Inf |  37.59%
 28.6s|  7000 |   254 |239471 |  29.7 |    50M |  20 | 355 |5369 | 379 | 853 |  1 |  19k|  21 | 0.000000e+00 |      --      |    Inf |  37.69%
 28.8s|  7100 |   254 |242185 |  29.6 |    50M |  20 | 355 |5269 |   0 | 875 |  0 |  19k|  21 | 0.000000e+00 |      --      |    Inf |  38.02%
 29.1s|  7200 |   248 |244835 |  29.6 |    50M |  20 | 355 |5331 | 380 | 890 |  0 |  19k|  21 | 0.000000e+00 |      --      |    Inf |  38.28%
 29.4s|  7300 |   257 |248051 |  29.6 |    50M |  20 | 355 |5134 | 378 | 897 |  1 |  20k|  21 | 0.000000e+00 |      --      |    Inf |  38.45%
 29.7s|  7400 |   268 |250622 |  29.6 |    50M |  20 | 355 |5074 | 376 | 908 |  0 |  20k|  21 | 0.000000e+00 |      --      |    Inf |  38.54%
 29.9s|  7500 |   262 |253403 |  29.6 |    50M |  20 | 355 |5090 | 379 | 908 |  0 |  20k|  21 | 0.000000e+00 |      --      |    Inf |  38.75%
 30.1s|  7600 |   263 |256763 |  29.6 |    50M |  20 | 355 |5238 | 379 | 923 |  0 |  20k|  21 | 0.000000e+00 |      --      |    Inf |  38.92%
 30.4s|  7700 |   275 |261132 |  29.8 |    50M |  20 | 355 |5357 | 381 | 938 |  0 |  21k|  21 | 0.000000e+00 |      --      |    Inf |  38.97%
 time | node  | left  |LP iter|LP it/n|mem/heur|mdpt |vars |cons |rows |cuts |sepa|confs|strbr|  dualbound   | primalbound  |  gap   | compl. 
 30.7s|  7800 |   257 |264317 |  29.8 |    50M |  20 | 355 |5480 | 376 | 943 |  1 |  21k|  21 | 0.000000e+00 |      --      |    Inf |  39.17%
 31.1s|  7900 |   247 |267692 |  29.8 |    50M |  20 | 355 |5376 | 376 | 973 |  1 |  21k|  21 | 0.000000e+00 |      --      |    Inf |  39.61%
 31.4s|  8000 |   234 |269989 |  29.8 |    50M |  20 | 355 |5121 | 378 |1001 |  1 |  21k|  21 | 0.000000e+00 |      --      |    Inf |  40.38%
 31.7s|  8100 |   215 |272637 |  29.7 |    50M |  20 | 355 |5027 |   0 |1007 |  0 |  21k|  21 | 0.000000e+00 |      --      |    Inf |  40.80%
 32.0s|  8200 |   213 |275580 |  29.7 |    50M |  20 | 355 |5044 | 377 |1018 |  0 |  22k|  21 | 0.000000e+00 |      --      |    Inf |  41.09%
 32.3s|  8300 |   225 |279109 |  29.8 |    50M |  20 | 355 |5085 | 377 |1027 |  1 |  22k|  21 | 0.000000e+00 |      --      |    Inf |  41.27%
 32.5s|  8400 |   233 |282518 |  29.8 |    50M |  20 | 355 |4993 | 379 |1048 |  1 |  22k|  21 | 0.000000e+00 |      --      |    Inf |  41.91%
 32.8s|  8500 |   225 |284930 |  29.8 |    50M |  20 | 355 |5056 |   0 |1060 |  0 |  22k|  21 | 0.000000e+00 |      --      |    Inf |  42.09%
 33.1s|  8600 |   229 |288396 |  29.8 |    50M |  20 | 355 |5050 | 380 |1094 |  1 |  23k|  21 | 0.000000e+00 |      --      |    Inf |  42.46%
 33.7s|  8700 |   244 |293429 |  30.0 |    50M |  20 | 355 |4900 | 377 |1122 |  0 |  23k|  21 | 0.000000e+00 |      --      |    Inf |  43.10%
 34.0s|  8800 |   241 |296793 |  30.1 |    50M |  20 | 355 |4910 | 377 |1122 |  1 |  23k|  21 | 0.000000e+00 |      --      |    Inf |  43.23%
 34.2s|  8900 |   239 |300355 |  30.1 |    50M |  20 | 355 |4935 | 377 |1130 |  0 |  23k|  21 | 0.000000e+00 |      --      |    Inf |  43.35%
 34.5s|  9000 |   232 |302792 |  30.1 |    50M |  20 | 355 |4899 | 378 |1150 |  1 |  23k|  21 | 0.000000e+00 |      --      |    Inf |  43.65%
 34.8s|  9100 |   230 |305693 |  30.1 |    50M |  20 | 355 |4791 | 377 |1175 |  1 |  24k|  21 | 0.000000e+00 |      --      |    Inf |  43.91%
 35.1s|  9200 |   235 |308823 |  30.1 |    50M |  20 | 355 |4821 | 379 |1195 |  1 |  24k|  21 | 0.000000e+00 |      --      |    Inf |  44.33%
 time | node  | left  |LP iter|LP it/n|mem/heur|mdpt |vars |cons |rows |cuts |sepa|confs|strbr|  dualbound   | primalbound  |  gap   | compl. 
 35.5s|  9300 |   232 |311588 |  30.0 |    50M |  20 | 355 |4977 | 378 |1195 |  1 |  24k|  21 | 0.000000e+00 |      --      |    Inf |  44.41%
 35.7s|  9400 |   239 |314068 |  30.0 |    50M |  20 | 355 |5135 | 379 |1204 |  1 |  24k|  21 | 0.000000e+00 |      --      |    Inf |  44.47%
 36.0s|  9500 |   236 |316341 |  29.9 |    51M |  20 | 355 |5273 |   0 |1204 |  0 |  25k|  21 | 0.000000e+00 |      --      |    Inf |  44.58%
 36.2s|  9600 |   230 |318972 |  29.9 |    51M |  20 | 355 |5251 | 379 |1208 |  2 |  25k|  21 | 0.000000e+00 |      --      |    Inf |  44.70%
 36.4s|  9700 |   221 |321084 |  29.8 |    51M |  20 | 355 |5320 | 380 |1208 |  1 |  25k|  21 | 0.000000e+00 |      --      |    Inf |  44.91%
 36.7s|  9800 |   216 |324026 |  29.8 |    51M |  20 | 355 |5300 | 377 |1218 |  1 |  25k|  21 | 0.000000e+00 |      --      |    Inf |  45.23%
 37.0s|  9900 |   237 |326727 |  29.8 |    51M |  20 | 355 |5378 | 378 |1230 |  0 |  25k|  21 | 0.000000e+00 |      --      |    Inf |  45.38%
 37.2s| 10000 |   222 |328378 |  29.7 |    51M |  20 | 355 |5534 |   0 |1233 |  0 |  26k|  21 | 0.000000e+00 |      --      |    Inf |  45.53%
 37.5s| 10100 |   230 |330340 |  29.6 |    51M |  20 | 355 |5613 | 377 |1274 |  1 |  26k|  21 | 0.000000e+00 |      --      |    Inf |  46.60%
 37.8s| 10200 |   209 |332054 |  29.5 |    51M |  20 | 355 |5567 | 375 |1281 |  0 |  26k|  21 | 0.000000e+00 |      --      |    Inf |  47.10%
 38.1s| 10300 |   212 |335901 |  29.5 |    51M |  20 | 355 |5384 | 377 |1310 |  1 |  26k|  21 | 0.000000e+00 |      --      |    Inf |  47.75%
 38.5s| 10400 |   230 |339592 |  29.6 |    51M |  20 | 355 |5512 | 379 |1327 |  1 |  27k|  21 | 0.000000e+00 |      --      |    Inf |  47.80%
 38.7s| 10500 |   216 |341499 |  29.5 |    51M |  20 | 355 |5577 | 379 |1327 |  0 |  27k|  21 | 0.000000e+00 |      --      |    Inf |  47.84%
 39.0s| 10600 |   215 |344639 |  29.5 |    51M |  20 | 355 |5413 | 378 |1353 |  1 |  27k|  21 | 0.000000e+00 |      --      |    Inf |  48.92%
 39.3s| 10700 |   218 |347451 |  29.5 |    51M |  20 | 355 |5475 |   0 |1360 |  0 |  27k|  21 | 0.000000e+00 |      --      |    Inf |  49.07%
 time | node  | left  |LP iter|LP it/n|mem/heur|mdpt |vars |cons |rows |cuts |sepa|confs|strbr|  dualbound   | primalbound  |  gap   | compl. 
 39.6s| 10800 |   189 |350222 |  29.5 |    51M |  20 | 355 |5272 | 379 |1376 |  1 |  28k|  21 | 0.000000e+00 |      --      |    Inf |  49.75%
 39.9s| 10900 |   189 |353259 |  29.5 |    51M |  20 | 355 |5121 | 375 |1395 |  1 |  28k|  21 | 0.000000e+00 |      --      |    Inf |  50.11%
 40.2s| 11000 |   190 |356918 |  29.6 |    51M |  20 | 355 |5298 | 377 |1403 |  0 |  28k|  21 | 0.000000e+00 |      --      |    Inf |  50.63%
 40.5s| 11100 |   182 |359770 |  29.6 |    51M |  20 | 355 |5467 |   0 |1403 |  0 |  28k|  21 | 0.000000e+00 |      --      |    Inf |  50.74%
 40.7s| 11200 |   196 |363422 |  29.6 |    51M |  20 | 355 |5573 | 377 |1413 |  1 |  29k|  21 | 0.000000e+00 |      --      |    Inf |  50.90%
 41.0s| 11300 |   182 |365995 |  29.6 |    51M |  20 | 355 |5742 | 380 |1421 |  0 |  29k|  21 | 0.000000e+00 |      --      |    Inf |  51.00%
 41.2s| 11400 |   181 |368046 |  29.5 |    51M |  20 | 355 |5852 |   0 |1421 |  0 |  29k|  21 | 0.000000e+00 |      --      |    Inf |  51.14%
 41.5s| 11500 |   195 |370209 |  29.4 |    51M |  20 | 355 |5869 | 378 |1431 |  1 |  29k|  21 | 0.000000e+00 |      --      |    Inf |  51.21%
 41.9s| 11600 |   175 |373532 |  29.5 |    52M |  20 | 355 |5765 | 379 |1439 |  1 |  29k|  21 | 0.000000e+00 |      --      |    Inf |  51.38%
 42.2s| 11700 |   174 |375847 |  29.4 |    52M |  20 | 355 |5769 |   0 |1439 |  0 |  30k|  21 | 0.000000e+00 |      --      |    Inf |  51.57%
 42.4s| 11800 |   167 |378320 |  29.4 |    52M |  20 | 355 |5713 |   0 |1450 |  0 |  30k|  21 | 0.000000e+00 |      --      |    Inf |  51.68%
 42.7s| 11900 |   159 |380977 |  29.4 |    52M |  20 | 355 |5658 | 376 |1463 |  0 |  30k|  21 | 0.000000e+00 |      --      |    Inf |  51.84%
 43.0s| 12000 |   156 |383664 |  29.3 |    52M |  20 | 355 |5716 | 378 |1463 |  1 |  30k|  21 | 0.000000e+00 |      --      |    Inf |  51.91%
 43.3s| 12100 |   158 |386550 |  29.3 |    52M |  20 | 355 |5714 | 378 |1463 |  1 |  31k|  21 | 0.000000e+00 |      --      |    Inf |  52.42%
 43.7s| 12200 |   154 |389812 |  29.4 |    52M |  20 | 355 |5592 | 376 |1472 |  1 |  31k|  21 | 0.000000e+00 |      --      |    Inf |  52.60%
 time | node  | left  |LP iter|LP it/n|mem/heur|mdpt |vars |cons |rows |cuts |sepa|confs|strbr|  dualbound   | primalbound  |  gap   | compl. 
 44.1s| 12300 |   145 |392232 |  29.3 |    52M |  20 | 355 |5409 | 379 |1478 |  1 |  31k|  21 | 0.000000e+00 |      --      |    Inf |  52.76%
 44.3s| 12400 |   139 |394258 |  29.3 |    52M |  20 | 355 |5519 | 379 |1490 |  1 |  31k|  21 | 0.000000e+00 |      --      |    Inf |  52.94%
 44.6s| 12500 |   128 |397171 |  29.3 |    52M |  20 | 355 |5399 | 378 |1517 |  0 |  31k|  21 | 0.000000e+00 |      --      |    Inf |  53.18%
 45.0s| 12600 |   104 |399741 |  29.2 |    52M |  20 | 355 |5263 | 378 |1525 |  1 |  32k|  21 | 0.000000e+00 |      --      |    Inf |  53.38%
 45.2s| 12700 |    90 |401838 |  29.2 |    52M |  20 | 355 |5226 | 375 |1525 |  1 |  32k|  21 | 0.000000e+00 |      --      |    Inf |  53.53%
 45.9s| 12800 |   111 |406649 |  29.3 |    52M |  20 | 355 |5169 | 377 |1575 |  1 |  32k|  21 | 0.000000e+00 |      --      |    Inf |  54.35%
 46.3s| 12900 |   128 |411895 |  29.5 |    52M |  20 | 355 |5236 | 376 |1613 |  1 |  32k|  21 | 0.000000e+00 |      --      |    Inf |  54.72%
 46.7s| 13000 |   161 |416298 |  29.6 |    52M |  20 | 355 |5489 | 378 |1632 |  1 |  33k|  21 | 0.000000e+00 |      --      |    Inf |  54.80%
 47.0s| 13100 |   178 |419500 |  29.6 |    52M |  20 | 355 |5674 | 378 |1652 |  1 |  33k|  21 | 0.000000e+00 |      --      |    Inf |  55.12%
 47.4s| 13200 |   178 |422941 |  29.6 |    52M |  20 | 355 |5966 | 376 |1657 |  0 |  33k|  21 | 0.000000e+00 |      --      |    Inf |  55.21%
 47.9s| 13300 |   183 |426014 |  29.6 |    53M |  20 | 355 |6085 | 376 |1657 |  1 |  34k|  21 | 0.000000e+00 |      --      |    Inf |  55.28%
 48.4s| 13400 |   169 |428536 |  29.6 |    53M |  20 | 355 |6207 | 378 |1657 |  1 |  34k|  21 | 0.000000e+00 |      --      |    Inf |  55.39%
 48.6s| 13500 |   145 |431011 |  29.6 |    53M |  20 | 355 |6178 | 379 |1657 |  1 |  34k|  21 | 0.000000e+00 |      --      |    Inf |  55.71%
 48.9s| 13600 |   134 |433950 |  29.6 |    53M |  20 | 355 |6173 | 378 |1667 |  1 |  35k|  21 | 0.000000e+00 |      --      |    Inf |  55.90%
 49.3s| 13700 |   117 |436831 |  29.6 |    53M |  20 | 355 |6203 | 378 |1678 |  1 |  35k|  21 | 0.000000e+00 |      --      |    Inf |  56.23%
 time | node  | left  |LP iter|LP it/n|mem/heur|mdpt |vars |cons |rows |cuts |sepa|confs|strbr|  dualbound   | primalbound  |  gap   | compl. 
 49.6s| 13800 |   109 |439899 |  29.6 |    53M |  20 | 355 |6177 | 380 |1690 |  1 |  35k|  21 | 0.000000e+00 |      --      |    Inf |  56.38%
 49.8s| 13900 |   107 |443045 |  29.6 |    53M |  20 | 355 |6255 | 380 |1690 |  1 |  35k|  21 | 0.000000e+00 |      --      |    Inf |  56.42%
 50.0s| 14000 |    93 |446023 |  29.6 |    53M |  20 | 355 |6302 | 378 |1690 |  1 |  36k|  21 | 0.000000e+00 |      --      |    Inf |  56.46%
 50.2s| 14100 |    84 |448286 |  29.5 |    53M |  20 | 355 |6239 |   0 |1703 |  0 |  36k|  21 | 0.000000e+00 |      --      |    Inf |  56.64%
 50.7s| 14200 |   106 |450810 |  29.5 |    53M |  20 | 355 |6244 | 381 |1739 |  2 |  36k|  21 | 0.000000e+00 |      --      |    Inf |  56.80%
 51.0s| 14300 |   106 |453278 |  29.5 |    53M |  20 | 355 |6367 | 378 |1761 |  1 |  36k|  21 | 0.000000e+00 |      --      |    Inf |  57.40%
 51.3s| 14400 |    93 |455983 |  29.5 |    53M |  20 | 355 |6433 |   0 |1806 |  0 |  36k|  21 | 0.000000e+00 |      --      |    Inf |  58.49%
 51.6s| 14500 |    82 |458596 |  29.4 |    53M |  20 | 355 |6543 | 378 |1863 |  1 |  37k|  21 | 0.000000e+00 |      --      |    Inf |  59.67%
 52.8s| 14600 |   120 |467204 |  29.8 |    53M |  20 | 355 |6043 | 378 |1916 |  1 |  37k|  21 | 0.000000e+00 |      --      |    Inf |  64.57%
 53.3s| 14700 |   160 |472226 |  29.9 |    53M |  20 | 355 |6260 | 379 |1929 |  1 |  37k|  21 | 0.000000e+00 |      --      |    Inf |  64.62%
 53.5s| 14800 |   181 |476931 |  30.0 |    53M |  20 | 355 |6471 |   0 |1931 |  0 |  37k|  21 | 0.000000e+00 |      --      |    Inf |  64.65%
 53.8s| 14900 |   198 |481845 |  30.2 |    53M |  20 | 355 |6602 |   0 |1939 |  0 |  38k|  21 | 0.000000e+00 |      --      |    Inf |  65.49%
 54.1s| 15000 |   210 |484919 |  30.2 |    53M |  20 | 355 |6759 | 378 |1946 |  1 |  38k|  21 | 0.000000e+00 |      --      |    Inf |  65.79%
 54.4s| 15100 |   229 |488119 |  30.2 |    53M |  21 | 355 |6918 |   0 |1952 |  0 |  38k|  21 | 0.000000e+00 |      --      |    Inf |  65.87%
 54.7s| 15200 |   238 |491967 |  30.2 |    53M |  21 | 355 |6918 | 376 |1960 |  1 |  38k|  21 | 0.000000e+00 |      --      |    Inf |  66.08%
 time | node  | left  |LP iter|LP it/n|mem/heur|mdpt |vars |cons |rows |cuts |sepa|confs|strbr|  dualbound   | primalbound  |  gap   | compl. 
 55.0s| 15300 |   226 |495035 |  30.2 |    53M |  21 | 355 |6979 |   0 |1964 |  0 |  39k|  21 | 0.000000e+00 |      --      |    Inf |  66.27%
 55.3s| 15400 |   223 |498017 |  30.2 |    53M |  21 | 355 |6981 |   0 |1973 |  0 |  39k|  21 | 0.000000e+00 |      --      |    Inf |  66.50%
 55.7s| 15500 |   208 |502012 |  30.3 |    53M |  22 | 355 |6783 | 378 |1976 |  1 |  39k|  21 | 0.000000e+00 |      --      |    Inf |  67.15%
 55.9s| 15600 |   183 |504650 |  30.3 |    53M |  22 | 355 |6538 | 376 |1981 |  1 |  39k|  21 | 0.000000e+00 |      --      |    Inf |  68.14%
 56.2s| 15700 |   132 |507298 |  30.2 |    54M |  22 | 355 |6487 |   0 |1981 |  0 |  40k|  21 | 0.000000e+00 |      --      |    Inf |  68.60%
 56.5s| 15800 |   122 |509506 |  30.2 |    54M |  22 | 355 |6545 | 378 |1981 |  1 |  40k|  21 | 0.000000e+00 |      --      |    Inf |  68.70%
 56.8s| 15900 |   134 |513981 |  30.3 |    54M |  22 | 355 |6647 | 378 |1988 |  1 |  40k|  21 | 0.000000e+00 |      --      |    Inf |  68.78%
 57.1s| 16000 |   140 |518744 |  30.4 |    54M |  22 | 355 |6823 | 380 |1994 |  0 |  40k|  21 | 0.000000e+00 |      --      |    Inf |  68.85%
 57.3s| 16100 |   155 |523833 |  30.5 |    54M |  22 | 355 |7025 | 380 |1994 |  1 |  41k|  21 | 0.000000e+00 |      --      |    Inf |  68.87%
 57.6s| 16200 |   141 |527964 |  30.6 |    54M |  22 | 355 |7170 | 375 |1996 |  1 |  41k|  21 | 0.000000e+00 |      --      |    Inf |  68.89%
 58.0s| 16300 |   177 |533594 |  30.7 |    54M |  22 | 355 |7302 | 381 |2009 |  1 |  41k|  21 | 0.000000e+00 |      --      |    Inf |  68.93%
 58.4s| 16400 |   210 |538800 |  30.8 |    54M |  22 | 355 |7551 | 380 |2028 |  0 |  42k|  21 | 0.000000e+00 |      --      |    Inf |  68.96%
 58.7s| 16500 |   197 |542518 |  30.9 |    54M |  22 | 355 |7760 |   0 |2036 |  0 |  42k|  21 | 0.000000e+00 |      --      |    Inf |  68.98%
 59.0s| 16600 |   201 |546551 |  30.9 |    54M |  23 | 355 |7862 |   0 |2038 |  0 |  42k|  21 | 0.000000e+00 |      --      |    Inf |  69.00%
 59.3s| 16700 |   210 |551309 |  31.0 |    54M |  23 | 355 |8070 | 380 |2038 |  1 |  42k|  21 | 0.000000e+00 |      --      |    Inf |  69.02%
 time | node  | left  |LP iter|LP it/n|mem/heur|mdpt |vars |cons |rows |cuts |sepa|confs|strbr|  dualbound   | primalbound  |  gap   | compl. 
 59.6s| 16800 |   197 |555354 |  31.1 |    54M |  23 | 355 |8153 | 380 |2039 |  0 |  43k|  21 | 0.000000e+00 |      --      |    Inf |  69.04%
 59.9s| 16900 |   194 |559004 |  31.1 |    54M |  24 | 355 |8242 | 381 |2042 |  1 |  43k|  21 | 0.000000e+00 |      --      |    Inf |  69.05%
 60.2s| 17000 |   185 |562404 |  31.1 |    54M |  24 | 355 |8180 | 380 |2046 |  1 |  43k|  21 | 0.000000e+00 |      --      |    Inf |  69.07%
 60.4s| 17100 |   193 |565950 |  31.2 |    54M |  24 | 355 |8339 | 380 |2046 |  1 |  43k|  21 | 0.000000e+00 |      --      |    Inf |  69.08%
 60.6s| 17200 |   193 |569208 |  31.2 |    54M |  24 | 355 |8417 | 380 |2046 |  1 |  43k|  21 | 0.000000e+00 |      --      |    Inf |  69.12%
 60.9s| 17300 |   180 |572146 |  31.1 |    54M |  24 | 355 |8219 | 378 |2050 |  1 |  44k|  21 | 0.000000e+00 |      --      |    Inf |  69.31%
 61.3s| 17400 |   214 |578043 |  31.3 |    54M |  24 | 355 |7582 | 377 |2059 |  1 |  44k|  21 | 0.000000e+00 |      --      |    Inf |  69.58%
 61.9s| 17500 |   270 |585748 |  31.5 |    55M |  24 | 355 |7397 | 375 |2099 |  1 |  44k|  21 | 0.000000e+00 |      --      |    Inf |  69.92%
 62.4s| 17600 |   303 |590223 |  31.6 |    55M |  24 | 355 |7382 | 375 |2134 |  1 |  44k|  21 | 0.000000e+00 |      --      |    Inf |  70.64%
 62.8s| 17700 |   325 |594468 |  31.7 |    55M |  24 | 355 |7405 | 378 |2178 |  1 |  45k|  21 | 0.000000e+00 |      --      |    Inf |  71.29%
 63.1s| 17800 |   337 |598283 |  31.7 |    55M |  24 | 355 |7451 | 379 |2182 |  1 |  45k|  21 | 0.000000e+00 |      --      |    Inf |  71.51%
 63.3s| 17900 |   337 |600919 |  31.7 |    55M |  24 | 355 |7486 |   0 |2194 |  0 |  45k|  21 | 0.000000e+00 |      --      |    Inf |  71.73%
 63.6s| 18000 |   336 |603738 |  31.7 |    55M |  24 | 355 |7551 | 379 |2220 |  1 |  45k|  21 | 0.000000e+00 |      --      |    Inf |  72.09%
 64.0s| 18100 |   345 |606565 |  31.6 |    55M |  24 | 355 |7680 | 377 |2260 |  1 |  46k|  21 | 0.000000e+00 |      --      |    Inf |  72.68%
 64.3s| 18200 |   362 |609412 |  31.6 |    55M |  24 | 355 |7778 | 376 |2279 |  1 |  46k|  21 | 0.000000e+00 |      --      |    Inf |  73.14%
 time | node  | left  |LP iter|LP it/n|mem/heur|mdpt |vars |cons |rows |cuts |sepa|confs|strbr|  dualbound   | primalbound  |  gap   | compl. 
 64.7s| 18300 |   369 |612690 |  31.6 |    55M |  24 | 355 |7929 | 378 |2303 |  1 |  46k|  21 | 0.000000e+00 |      --      |    Inf |  73.54%
 65.0s| 18400 |   361 |616033 |  31.6 |    55M |  24 | 355 |7885 | 379 |2314 |  1 |  46k|  21 | 0.000000e+00 |      --      |    Inf |  74.71%
 65.3s| 18500 |   360 |619780 |  31.7 |    55M |  24 | 355 |7758 | 378 |2348 |  1 |  47k|  21 | 0.000000e+00 |      --      |    Inf |  75.32%
 65.7s| 18600 |   345 |623137 |  31.7 |    55M |  24 | 355 |7755 | 379 |2370 |  0 |  47k|  21 | 0.000000e+00 |      --      |    Inf |  76.11%
 66.2s| 18700 |   361 |627191 |  31.7 |    55M |  24 | 355 |7751 | 377 |2430 |  0 |  47k|  21 | 0.000000e+00 |      --      |    Inf |  77.06%
 66.5s| 18800 |   352 |629486 |  31.7 |    55M |  24 | 355 |7785 | 378 |2447 |  0 |  47k|  21 | 0.000000e+00 |      --      |    Inf |  77.44%
 66.7s| 18900 |   353 |632070 |  31.7 |    55M |  24 | 355 |7957 | 377 |2447 |  0 |  47k|  21 | 0.000000e+00 |      --      |    Inf |  77.50%
 67.0s| 19000 |   351 |634724 |  31.6 |    55M |  24 | 355 |8029 |   0 |2465 |  0 |  48k|  21 | 0.000000e+00 |      --      |    Inf |  77.86%
 67.3s| 19100 |   343 |637373 |  31.6 |    56M |  24 | 355 |8136 | 379 |2487 |  1 |  48k|  21 | 0.000000e+00 |      --      |    Inf |  78.39%
 67.7s| 19200 |   343 |641439 |  31.7 |    56M |  24 | 355 |8299 | 378 |2501 |  1 |  48k|  21 | 0.000000e+00 |      --      |    Inf |  78.82%
 68.1s| 19300 |   360 |645077 |  31.7 |    56M |  24 | 355 |8335 | 375 |2539 |  1 |  48k|  21 | 0.000000e+00 |      --      |    Inf |  79.08%
 68.5s| 19400 |   384 |648449 |  31.7 |    56M |  24 | 355 |8484 | 376 |2598 |  1 |  48k|  21 | 0.000000e+00 |      --      |    Inf |  79.38%
 68.9s| 19500 |   396 |651136 |  31.7 |    56M |  24 | 355 |8670 |   0 |2620 |  0 |  49k|  21 | 0.000000e+00 |      --      |    Inf |  79.94%
 69.2s| 19600 |   417 |653659 |  31.6 |    56M |  24 | 355 |8870 | 375 |2629 |  1 |  49k|  21 | 0.000000e+00 |      --      |    Inf |  80.14%
 69.6s| 19700 |   418 |656810 |  31.6 |    56M |  24 | 355 |9025 |   0 |2680 |  0 |  49k|  21 | 0.000000e+00 |      --      |    Inf |  80.71%
 time | node  | left  |LP iter|LP it/n|mem/heur|mdpt |vars |cons |rows |cuts |sepa|confs|strbr|  dualbound   | primalbound  |  gap   | compl. 
 69.9s| 19800 |   423 |658738 |  31.6 |    56M |  24 | 355 |9258 | 377 |2688 |  1 |  50k|  21 | 0.000000e+00 |      --      |    Inf |  80.97%
 70.2s| 19900 |   384 |660507 |  31.5 |    56M |  24 | 355 |9352 |   0 |2688 |  0 |  50k|  21 | 0.000000e+00 |      --      |    Inf |  81.52%
 70.5s| 20000 |   375 |663216 |  31.5 |    56M |  24 | 355 |9367 | 379 |2700 |  1 |  50k|  21 | 0.000000e+00 |      --      |    Inf |  82.11%
 70.9s| 20100 |   374 |665562 |  31.4 |    56M |  24 | 355 |9339 | 378 |2719 |  1 |  50k|  21 | 0.000000e+00 |      --      |    Inf |  82.64%
 71.2s| 20200 |   362 |667958 |  31.4 |    56M |  24 | 355 |9233 | 378 |2734 |  1 |  51k|  21 | 0.000000e+00 |      --      |    Inf |  84.97%
 71.5s| 20300 |   339 |670363 |  31.4 |    56M |  24 | 355 |9090 | 380 |2743 |  0 |  51k|  21 | 0.000000e+00 |      --      |    Inf |  85.79%
 71.9s| 20400 |   341 |673439 |  31.4 |    56M |  24 | 355 |9127 |   0 |2770 |  0 |  51k|  21 | 0.000000e+00 |      --      |    Inf |  86.12%
 72.3s| 20500 |   333 |676113 |  31.3 |    56M |  24 | 355 |9018 | 378 |2788 |  1 |  51k|  21 | 0.000000e+00 |      --      |    Inf |  86.63%
 72.6s| 20600 |   338 |679457 |  31.4 |    56M |  24 | 355 |9170 | 379 |2807 |  1 |  52k|  21 | 0.000000e+00 |      --      |    Inf |  86.99%
 73.0s| 20700 |   324 |682486 |  31.4 |    56M |  24 | 355 |9221 |   0 |2836 |  0 |  52k|  21 | 0.000000e+00 |      --      |    Inf |  87.56%
 73.2s| 20800 |   315 |684708 |  31.3 |    56M |  24 | 355 |9264 | 377 |2848 |  1 |  52k|  21 | 0.000000e+00 |      --      |    Inf |  87.81%
 73.6s| 20900 |   306 |687782 |  31.3 |    56M |  24 | 355 |9282 | 375 |2868 |  1 |  52k|  21 | 0.000000e+00 |      --      |    Inf |  88.10%
 73.9s| 21000 |   312 |690351 |  31.3 |    56M |  24 | 355 |9258 |   0 |2894 |  0 |  52k|  21 | 0.000000e+00 |      --      |    Inf |  88.41%
 74.2s| 21100 |   308 |693174 |  31.3 |    56M |  24 | 355 |9346 |   0 |2898 |  0 |  52k|  21 | 0.000000e+00 |      --      |    Inf |  88.71%
 74.4s| 21200 |   298 |696133 |  31.3 |    56M |  24 | 355 |9368 |   0 |2898 |  0 |  53k|  21 | 0.000000e+00 |      --      |    Inf |  88.86%
 time | node  | left  |LP iter|LP it/n|mem/heur|mdpt |vars |cons |rows |cuts |sepa|confs|strbr|  dualbound   | primalbound  |  gap   | compl. 
 74.7s| 21300 |   289 |698103 |  31.2 |    56M |  24 | 355 |9434 | 377 |2909 |  0 |  53k|  21 | 0.000000e+00 |      --      |    Inf |  89.08%
 75.0s| 21400 |   289 |700779 |  31.2 |    56M |  24 | 355 |9431 | 379 |2922 |  0 |  53k|  21 | 0.000000e+00 |      --      |    Inf |  89.24%
 75.2s| 21500 |   269 |702629 |  31.1 |    56M |  24 | 355 |9414 | 378 |2922 |  1 |  53k|  21 | 0.000000e+00 |      --      |    Inf |  89.56%
 75.5s| 21600 |   276 |705569 |  31.1 |    56M |  24 | 355 |9435 | 380 |2953 |  1 |  53k|  21 | 0.000000e+00 |      --      |    Inf |  89.81%
 75.8s| 21700 |   271 |708304 |  31.1 |    56M |  24 | 355 |9481 |   0 |2966 |  0 |  54k|  21 | 0.000000e+00 |      --      |    Inf |  90.03%
 76.1s| 21800 |   252 |710618 |  31.1 |    56M |  24 | 355 |9451 | 376 |2971 |  1 |  54k|  21 | 0.000000e+00 |      --      |    Inf |  90.26%
 76.5s| 21900 |   245 |713831 |  31.1 |    56M |  24 | 355 |9356 |   0 |2989 |  0 |  54k|  21 | 0.000000e+00 |      --      |    Inf |  90.51%
 76.7s| 22000 |   237 |716688 |  31.1 |    56M |  24 | 355 |9388 |   0 |2995 |  0 |  54k|  21 | 0.000000e+00 |      --      |    Inf |  90.87%
 77.1s| 22100 |   234 |721194 |  31.1 |    56M |  24 | 355 |9407 | 377 |3015 |  1 |  54k|  21 | 0.000000e+00 |      --      |    Inf |  91.08%
 77.4s| 22200 |   227 |723211 |  31.1 |    57M |  24 | 355 |9465 |   0 |3036 |  0 |  54k|  21 | 0.000000e+00 |      --      |    Inf |  91.50%
 77.7s| 22300 |   227 |725930 |  31.1 |    57M |  24 | 355 |9558 | 380 |3071 |  1 |  55k|  21 | 0.000000e+00 |      --      |    Inf |  91.85%
 78.0s| 22400 |   232 |728209 |  31.0 |    57M |  24 | 355 |9544 |   0 |3082 |  0 |  55k|  21 | 0.000000e+00 |      --      |    Inf |  92.17%
 78.3s| 22500 |   221 |730044 |  31.0 |    57M |  24 | 355 |9756 |   0 |3093 |  0 |  55k|  21 | 0.000000e+00 |      --      |    Inf |  92.18%
 78.6s| 22600 |   212 |732818 |  31.0 |    57M |  24 | 355 |9674 | 380 |3094 |  1 |  55k|  21 | 0.000000e+00 |      --      |    Inf |  92.22%
 78.9s| 22700 |   198 |735319 |  30.9 |    57M |  24 | 355 |9484 | 378 |3100 |  1 |  56k|  21 | 0.000000e+00 |      --      |    Inf |  92.41%
 time | node  | left  |LP iter|LP it/n|mem/heur|mdpt |vars |cons |rows |cuts |sepa|confs|strbr|  dualbound   | primalbound  |  gap   | compl. 
 79.3s| 22800 |   195 |738204 |  30.9 |    57M |  24 | 355 |9359 | 377 |3103 |  1 |  56k|  21 | 0.000000e+00 |      --      |    Inf |  92.52%
 79.6s| 22900 |   193 |741374 |  30.9 |    57M |  24 | 355 |9413 | 379 |3110 |  1 |  56k|  21 | 0.000000e+00 |      --      |    Inf |  92.62%
 79.8s| 23000 |   186 |744118 |  30.9 |    57M |  24 | 355 |9374 | 380 |3115 |  1 |  56k|  21 | 0.000000e+00 |      --      |    Inf |  92.66%
 80.1s| 23100 |   207 |746714 |  30.9 |    57M |  24 | 355 |9336 | 378 |3123 |  1 |  57k|  21 | 0.000000e+00 |      --      |    Inf |  92.67%
 80.4s| 23200 |   203 |749277 |  30.9 |    57M |  24 | 355 |9532 | 378 |3123 |  0 |  57k|  21 | 0.000000e+00 |      --      |    Inf |  92.69%
 80.6s| 23300 |   186 |750781 |  30.8 |    57M |  24 | 355 |9479 | 375 |3123 |  1 |  57k|  21 | 0.000000e+00 |      --      |    Inf |  92.75%
 81.0s| 23400 |   205 |754506 |  30.8 |    58M |  24 | 355 |9481 | 378 |3140 |  0 |  57k|  21 | 0.000000e+00 |      --      |    Inf |  92.82%
 81.2s| 23500 |   200 |757813 |  30.8 |    58M |  24 | 355 |9559 | 378 |3140 |  1 |  58k|  21 | 0.000000e+00 |      --      |    Inf |  92.87%
 81.6s| 23600 |   216 |761616 |  30.9 |    58M |  24 | 355 |9747 |   0 |3153 |  0 |  58k|  21 | 0.000000e+00 |      --      |    Inf |  93.03%
 81.9s| 23700 |   207 |764162 |  30.9 |    58M |  24 | 355 |9764 | 375 |3157 |  1 |  58k|  21 | 0.000000e+00 |      --      |    Inf |  93.18%
 82.2s| 23800 |   208 |767309 |  30.9 |    58M |  24 | 355 |9765 | 378 |3157 |  1 |  58k|  21 | 0.000000e+00 |      --      |    Inf |  93.23%
 82.4s| 23900 |   195 |769071 |  30.8 |    58M |  24 | 355 |9768 | 378 |3157 |  1 |  59k|  21 | 0.000000e+00 |      --      |    Inf |  93.34%
 82.7s| 24000 |   198 |772333 |  30.8 |    58M |  24 | 355 |9768 | 380 |3167 |  1 |  59k|  21 | 0.000000e+00 |      --      |    Inf |  93.44%
 83.1s| 24100 |   195 |775629 |  30.8 |    58M |  24 | 355 |9771 | 380 |3187 |  1 |  59k|  21 | 0.000000e+00 |      --      |    Inf |  93.70%
 83.4s| 24200 |   191 |778660 |  30.8 |    58M |  24 | 355 |9771 |   0 |3204 |  0 |  59k|  21 | 0.000000e+00 |      --      |    Inf |  93.93%
 time | node  | left  |LP iter|LP it/n|mem/heur|mdpt |vars |cons |rows |cuts |sepa|confs|strbr|  dualbound   | primalbound  |  gap   | compl. 
 83.7s| 24300 |   183 |781465 |  30.8 |    58M |  24 | 355 |9684 | 378 |3212 |  0 |  60k|  21 | 0.000000e+00 |      --      |    Inf |  94.09%
 84.0s| 24400 |   174 |784424 |  30.8 |    58M |  24 | 355 |9559 | 377 |3215 |  1 |  60k|  21 | 0.000000e+00 |      --      |    Inf |  94.28%
 84.3s| 24500 |   159 |786873 |  30.8 |    58M |  24 | 355 |9523 | 380 |3215 |  0 |  60k|  21 | 0.000000e+00 |      --      |    Inf |  94.40%
 84.5s| 24600 |   162 |790694 |  30.8 |    58M |  24 | 355 |9551 | 380 |3222 |  1 |  60k|  21 | 0.000000e+00 |      --      |    Inf |  94.46%
 84.9s| 24700 |   159 |794279 |  30.8 |    58M |  24 | 355 |9331 | 379 |3254 |  0 |  60k|  21 | 0.000000e+00 |      --      |    Inf |  94.69%
 85.2s| 24800 |   156 |796621 |  30.8 |    58M |  24 | 355 |9193 | 378 |3260 |  1 |  60k|  21 | 0.000000e+00 |      --      |    Inf |  94.94%
 85.5s| 24900 |   148 |798761 |  30.8 |    58M |  24 | 355 |9103 | 377 |3266 |  1 |  61k|  21 | 0.000000e+00 |      --      |    Inf |  95.10%
 85.8s| 25000 |   139 |801043 |  30.7 |    58M |  24 | 355 |8983 | 381 |3288 |  1 |  61k|  21 | 0.000000e+00 |      --      |    Inf |  95.54%
 86.1s| 25100 |   127 |804776 |  30.8 |    58M |  24 | 355 |8766 | 381 |3300 |  1 |  61k|  21 | 0.000000e+00 |      --      |    Inf |  95.71%
 86.4s| 25200 |   125 |808217 |  30.8 |    58M |  24 | 355 |8752 | 379 |3301 |  1 |  61k|  21 | 0.000000e+00 |      --      |    Inf |  95.81%
 86.6s| 25300 |   117 |812191 |  30.8 |    58M |  24 | 355 |8875 | 381 |3302 |  0 |  61k|  21 | 0.000000e+00 |      --      |    Inf |  95.83%
 86.9s| 25400 |   114 |815083 |  30.8 |    58M |  24 | 355 |8836 | 377 |3309 |  1 |  62k|  21 | 0.000000e+00 |      --      |    Inf |  95.92%
 87.1s| 25500 |   111 |818120 |  30.8 |    58M |  24 | 355 |8812 | 379 |3309 |  1 |  62k|  21 | 0.000000e+00 |      --      |    Inf |  95.97%
 87.4s| 25600 |   105 |821540 |  30.8 |    58M |  24 | 355 |8799 | 380 |3319 |  1 |  62k|  21 | 0.000000e+00 |      --      |    Inf |  96.00%
 87.8s| 25700 |   107 |824835 |  30.8 |    58M |  24 | 355 |8842 |   0 |3331 |  0 |  62k|  21 | 0.000000e+00 |      --      |    Inf |  96.24%
 time | node  | left  |LP iter|LP it/n|mem/heur|mdpt |vars |cons |rows |cuts |sepa|confs|strbr|  dualbound   | primalbound  |  gap   | compl. 
 88.0s| 25800 |   101 |827368 |  30.8 |    58M |  24 | 355 |8890 |   0 |3331 |  0 |  62k|  21 | 0.000000e+00 |      --      |    Inf |  96.35%
 88.3s| 25900 |    91 |830118 |  30.8 |    58M |  24 | 355 |8731 | 380 |3331 |  1 |  63k|  21 | 0.000000e+00 |      --      |    Inf |  96.48%
 88.6s| 26000 |    93 |833785 |  30.8 |    58M |  24 | 355 |8691 | 379 |3336 |  1 |  63k|  21 | 0.000000e+00 |      --      |    Inf |  96.57%
 88.9s| 26100 |    89 |836871 |  30.8 |    58M |  24 | 355 |8839 |   0 |3351 |  0 |  63k|  21 | 0.000000e+00 |      --      |    Inf |  96.76%
 89.2s| 26200 |    81 |839808 |  30.8 |    58M |  24 | 355 |8754 |   0 |3351 |  0 |  63k|  21 | 0.000000e+00 |      --      |    Inf |  96.81%
 89.4s| 26300 |    73 |842083 |  30.8 |    58M |  24 | 355 |8720 |   0 |3351 |  0 |  64k|  21 | 0.000000e+00 |      --      |    Inf |  96.88%
 89.8s| 26400 |    76 |845804 |  30.8 |    58M |  24 | 355 |8517 | 377 |3358 |  1 |  64k|  21 | 0.000000e+00 |      --      |    Inf |  97.03%
 90.0s| 26500 |    78 |848628 |  30.8 |    58M |  24 | 355 |8599 | 379 |3365 |  1 |  64k|  21 | 0.000000e+00 |      --      |    Inf |  97.12%
 90.3s| 26600 |    76 |852164 |  30.8 |    58M |  24 | 355 |8698 | 379 |3388 |  0 |  64k|  21 | 0.000000e+00 |      --      |    Inf |  97.43%
 90.7s| 26700 |    65 |856011 |  30.8 |    58M |  24 | 355 |8574 | 378 |3388 |  1 |  64k|  21 | 0.000000e+00 |      --      |    Inf |  97.61%
 90.9s| 26800 |    57 |859326 |  30.8 |    58M |  24 | 355 |8439 | 378 |3397 |  1 |  65k|  21 | 0.000000e+00 |      --      |    Inf |  97.77%
 91.2s| 26900 |    57 |862178 |  30.8 |    58M |  24 | 355 |8490 | 381 |3403 |  1 |  65k|  21 | 0.000000e+00 |      --      |    Inf |  97.86%
 91.5s| 27000 |    54 |865608 |  30.8 |    58M |  24 | 355 |8545 |   0 |3413 |  0 |  65k|  21 | 0.000000e+00 |      --      |    Inf |  98.03%
 91.8s| 27100 |    47 |869433 |  30.9 |    58M |  24 | 355 |8565 |   0 |3413 |  0 |  65k|  21 | 0.000000e+00 |      --      |    Inf |  98.08%
 92.0s| 27200 |    43 |872125 |  30.9 |    58M |  24 | 355 |8538 |   0 |3413 |  0 |  65k|  21 | 0.000000e+00 |      --      |    Inf |  98.18%
 time | node  | left  |LP iter|LP it/n|mem/heur|mdpt |vars |cons |rows |cuts |sepa|confs|strbr|  dualbound   | primalbound  |  gap   | compl. 
 92.3s| 27300 |    50 |875326 |  30.9 |    58M |  24 | 355 |8452 | 379 |3413 |  1 |  66k|  21 | 0.000000e+00 |      --      |    Inf |  98.28%
 92.5s| 27400 |    42 |878919 |  30.9 |    58M |  24 | 355 |8531 | 379 |3413 |  0 |  66k|  21 | 0.000000e+00 |      --      |    Inf |  98.30%
 92.8s| 27500 |    35 |882914 |  30.9 |    58M |  24 | 355 |8541 | 379 |3419 |  0 |  66k|  21 | 0.000000e+00 |      --      |    Inf |  98.43%
 93.1s| 27600 |    34 |886231 |  30.9 |    58M |  24 | 355 |8631 | 378 |3428 |  0 |  66k|  21 | 0.000000e+00 |      --      |    Inf |  98.53%
 93.3s| 27700 |    31 |889060 |  30.9 |    58M |  24 | 355 |8662 |   0 |3428 |  0 |  66k|  21 | 0.000000e+00 |      --      |    Inf |  98.63%
 93.5s| 27800 |    28 |890965 |  30.9 |    58M |  24 | 355 |8577 |   0 |3428 |  0 |  67k|  21 | 0.000000e+00 |      --      |    Inf |  98.70%
 93.8s| 27900 |    22 |893031 |  30.8 |    58M |  24 | 355 |8508 | 379 |3437 |  0 |  67k|  21 | 0.000000e+00 |      --      |    Inf |  98.93%
 94.1s| 28000 |    22 |896037 |  30.8 |    58M |  24 | 355 |8438 |   0 |3443 |  0 |  67k|  21 | 0.000000e+00 |      --      |    Inf |  99.05%
 94.3s| 28100 |    20 |899370 |  30.8 |    58M |  24 | 355 |8443 | 381 |3443 |  1 |  67k|  21 | 0.000000e+00 |      --      |    Inf |  99.10%
 94.5s| 28200 |    22 |902395 |  30.8 |    58M |  24 | 355 |8484 | 379 |3447 |  0 |  67k|  21 | 0.000000e+00 |      --      |    Inf |  99.14%
 94.7s| 28300 |    30 |906101 |  30.9 |    58M |  24 | 355 |8589 | 381 |3447 |  1 |  68k|  21 | 0.000000e+00 |      --      |    Inf |  99.19%
 95.0s| 28400 |    20 |909819 |  30.9 |    58M |  24 | 355 |8667 | 377 |3449 |  1 |  68k|  21 | 0.000000e+00 |      --      |    Inf |  99.26%
 95.3s| 28500 |    24 |913413 |  30.9 |    58M |  24 | 355 |8905 | 377 |3449 |  0 |  68k|  21 | 0.000000e+00 |      --      |    Inf |  99.34%
 95.7s| 28600 |    18 |918420 |  31.0 |    58M |  24 | 355 |9139 | 380 |3457 |  0 |  68k|  21 | 0.000000e+00 |      --      |    Inf |  99.38%
 96.0s| 28700 |    30 |923148 |  31.0 |    58M |  24 | 355 |9276 |   0 |3457 |  0 |  69k|  21 | 0.000000e+00 |      --      |    Inf |  99.42%
 time | node  | left  |LP iter|LP it/n|mem/heur|mdpt |vars |cons |rows |cuts |sepa|confs|strbr|  dualbound   | primalbound  |  gap   | compl. 
 96.3s| 28800 |    26 |927573 |  31.1 |    58M |  24 | 355 |9432 |   0 |3466 |  0 |  69k|  21 | 0.000000e+00 |      --      |    Inf |  99.45%
 96.6s| 28900 |    43 |930380 |  31.0 |    58M |  24 | 355 |9554 | 381 |3466 |  1 |  69k|  21 | 0.000000e+00 |      --      |    Inf |  99.46%
 96.8s| 29000 |    38 |933996 |  31.1 |    58M |  24 | 355 |9701 | 381 |3471 |  1 |  69k|  21 | 0.000000e+00 |      --      |    Inf |  99.48%
 97.2s| 29100 |    48 |937464 |  31.1 |    58M |  24 | 355 |9699 | 381 |3471 |  1 |  70k|  21 | 0.000000e+00 |      --      |    Inf |  99.52%
 97.5s| 29200 |    17 |940333 |  31.1 |    58M |  24 | 355 |9696 |   0 |3473 |  0 |  70k|  21 | 0.000000e+00 |      --      |    Inf |  99.54%
 97.8s| 29300 |    19 |944634 |  31.1 |    58M |  24 | 355 |9700 | 380 |3482 |  0 |  70k|  21 | 0.000000e+00 |      --      |    Inf |  99.59%
 98.0s| 29400 |    26 |948443 |  31.1 |    58M |  24 | 355 |9701 | 377 |3482 |  1 |  70k|  21 | 0.000000e+00 |      --      |    Inf |  99.63%
 98.3s| 29500 |    12 |952203 |  31.2 |    58M |  24 | 355 |9701 | 378 |3482 |  1 |  71k|  21 | 0.000000e+00 |      --      |    Inf |  99.67%
 98.7s| 29600 |    32 |955926 |  31.2 |    58M |  24 | 355 |9176 | 379 |3490 |  1 |  71k|  21 | 0.000000e+00 |      --      |    Inf |  99.70%
 98.9s| 29700 |    56 |959767 |  31.2 |    58M |  24 | 355 |9376 | 380 |3490 |  1 |  71k|  21 | 0.000000e+00 |      --      |    Inf |  99.72%
 99.2s| 29800 |    50 |963517 |  31.2 |    58M |  24 | 355 |9502 |   0 |3490 |  0 |  71k|  21 | 0.000000e+00 |      --      |    Inf |  99.73%
 99.5s| 29900 |    49 |967238 |  31.2 |    58M |  24 | 355 |9642 |   0 |3491 |  0 |  72k|  21 | 0.000000e+00 |      --      |    Inf |  99.75%
 99.8s| 30000 |    39 |971062 |  31.3 |    58M |  24 | 355 |9701 | 379 |3497 |  0 |  72k|  21 | 0.000000e+00 |      --      |    Inf |  99.76%
  100s| 30100 |    18 |974365 |  31.3 |    58M |  24 | 355 |9701 |   0 |3498 |  0 |  72k|  21 | 0.000000e+00 |      --      |    Inf |  99.78%
  101s| 30200 |    41 |979370 |  31.3 |    58M |  24 | 355 |9701 |   0 |3509 |  0 |  72k|  21 | 0.000000e+00 |      --      |    Inf |  99.83%
 time | node  | left  |LP iter|LP it/n|mem/heur|mdpt |vars |cons |rows |cuts |sepa|confs|strbr|  dualbound   | primalbound  |  gap   | compl. 
  101s| 30300 |    56 |982714 |  31.3 |    58M |  24 | 355 |9701 | 378 |3509 |  1 |  73k|  21 | 0.000000e+00 |      --      |    Inf |  99.85%
  101s| 30400 |    73 |986247 |  31.3 |    58M |  24 | 355 |9704 | 378 |3510 |  0 |  73k|  21 | 0.000000e+00 |      --      |    Inf |  99.87%
  101s| 30500 |    69 |990458 |  31.4 |    58M |  24 | 355 |9705 | 378 |3512 |  0 |  73k|  21 | 0.000000e+00 |      --      |    Inf |  99.89%
  102s| 30600 |    59 |994993 |  31.4 |    58M |  24 | 355 |9708 |   0 |3512 |  0 |  73k|  21 | 0.000000e+00 |      --      |    Inf |  99.91%
  102s| 30700 |    41 |998508 |  31.4 |    58M |  24 | 355 |9708 |   0 |3513 |  0 |  74k|  21 | 0.000000e+00 |      --      |    Inf |  99.95%
  102s| 30800 |    26 |  1002k|  31.5 |    58M |  24 | 355 |9708 | 378 |3514 |  0 |  74k|  21 | 0.000000e+00 |      --      |    Inf |  99.96%
  103s| 30900 |    10 |  1006k|  31.5 |    58M |  24 | 355 |9708 |   0 |3516 |  0 |  74k|  21 | 0.000000e+00 |      --      |    Inf |  99.98%

SCIP Status        : problem is solved [infeasible]
Solving Time (sec) : 103.09
Solving Nodes      : 30988 (total of 31956 nodes in 2 runs)
Primal Bound       : +1.00000000000000e+20 (0 solutions)
Dual Bound         : +1.00000000000000e+20
Gap                : 0.00 %
SCIP Status        : problem is solved [infeasible]
Total Time         :     103.09
  solving          :     103.09
  presolving       :       0.15 (included in solving)
  reading          :       0.00
  copying          :       1.72 (102 #copies) (minimal 0.00, maximal 0.02, average 0.02)
Original Problem   :
  Problem name     : model
  Variables        : 378 (378 binary, 0 integer, 0 implicit integer, 0 continuous)
  Constraints      : 378 initial, 378 maximal
  Objective        : minimize, 0 non-zeros (abs.min = 1e+20, abs.max = -1e+20)
Presolved Problem  :
  Problem name     : t_model
  Variables        : 355 (355 binary, 0 integer, 0 implicit integer, 0 continuous)
  Constraints      : 3077 initial, 9793 maximal
  Objective        : minimize, 0 non-zeros (abs.min = 1e+20, abs.max = -1e+20)
  Nonzeros         : 55969 constraint, 1272 clique table
Presolvers         :   ExecTime  SetupTime  Calls  FixedVars   AggrVars   ChgTypes  ChgBounds   AddHoles    DelCons    AddCons   ChgSides   ChgCoefs
  boundshift       :       0.00       0.00      0          0          0          0          0          0          0          0          0          0
  convertinttobin  :       0.00       0.00      0          0          0          0          0          0          0          0          0          0
  domcol           :       0.00       0.00      4          0          0          0          0          0          0          0          0          0
  dualagg          :       0.00       0.00      0          0          0          0          0          0          0          0          0          0
  dualcomp         :       0.00       0.00      0          0          0          0          0          0          0          0          0          0
  dualinfer        :       0.00       0.00      0          0          0          0          0          0          0          0          0          0
  dualsparsify     :       0.00       0.00      1          0          0          0          0          0          0          0          0          0
  gateextraction   :       0.01       0.00      8          0          0          0          0          0         16          8          0          0
  implics          :       0.00       0.00     13          0          0          0          0          0          0          0          0          0
  inttobinary      :       0.00       0.00      0          0          0          0          0          0          0          0          0          0
  qpkktref         :       0.00       0.00      0          0          0          0          0          0          0          0          0          0
  redvub           :       0.00       0.00      0          0          0          0          0          0          0          0          0          0
  sparsify         :       0.00       0.00      2          0          0          0          0          0          0          0          0          0
  stuffing         :       0.00       0.00      0          0          0          0          0          0          0          0          0          0
  trivial          :       0.00       0.00     17          6          0          0          0          0          0          0          0          0
  tworowbnd        :       0.00       0.00      0          0          0          0          0          0          0          0          0          0
  dualfix          :       0.00       0.00     17          0          0          0          0          0          0          0          0          0
  genvbounds       :       0.00       0.00      0          0          0          0          0          0          0          0          0          0
  probing          :       0.02       0.00      3          0          8          0          0          0          0          0          0          0
  pseudoobj        :       0.00       0.00      1          0          0          0          0          0          0          0          0          0
  symmetry         :       0.00       0.00      1          2          0          0          0          0          0          5          0          0
  vbounds          :       0.00       0.00      3          0          0          0          0          0          0          0          0          0
  knapsack         :       0.00       0.00     23          0          0          0          0          0          0          0          0          0
  setppc           :       0.00       0.00     37          0          6          0          0          0         22          0          1          0
  linear           :       0.00       0.00     17          0          0          0          0          0         10          0          4          0
  orbisack         :       0.00       0.00      6          0          0          0          0          0          0          0          0          0
  orbitope         :       0.00       0.00     11          1          0          0          0          0          0          0          0          0
  symresack        :       0.00       0.00      6          0          0          0          0          0          0          0          0          0
  logicor          :       0.08       0.02     21          0          0          0          0          0        285          0          0        639
  benders          :       0.00       0.00      0          0          0          0          0          0          0          0          0          0
  components       :       0.01       0.00      2          0          0          0          0          0          0          0          0          0
  root node        :          -          -      -          6          -          -          6          -          -          -          -          -
Constraints        :     Number  MaxNumber  #Separate #Propagate    #EnfoLP    #EnfoRelax  #EnfoPS    #Check   #ResProp    Cutoffs    DomReds       Cuts    Applied      Conss   Children
  benderslp        :          0          0          0          0      18753          0          0        326          0          0          0          0          0          0          0
  integral         :          0          0          0          0      18753          0          0        326          0          0          0          0          0          0      37506
  knapsack         :         61+        85         11     285681          0          0          0          0     158300       2555     134537          0          0          0          0
  setppc           :        363+       412         22     284287          0          0          0        321    1110546       7329     875101          4          0          0          0
  linear           :         12+       224         22     264949          0          0          0          0       4008        342      10539          0          0          0          0
  orbisack         :          2          2          0        688          0          0          0          0       4162         50        763          0          0          0          0
  orbitope         :          2          2          0     276466          0          0          0          0       6960         40       1008          0          0          0          0
  symresack        :          1          1          0      55259          0          0          0          0        156         19        110          0          0          0          0
  logicor          :       2636+      9271         22     217131          0          0          0          0     372490       4702     276776         13          6          0          0
  benders          :          0          0          0          0          0          0          0          0          0          0          0          0          0          0          0
  countsols        :          0          0          0          0          0          0          0          0          0          0          0          0          0          0          0
  components       :          0          0          0          0          0          0          0          0          0          0          0          0          0          0          0
Constraint Timings :  TotalTime  SetupTime   Separate  Propagate     EnfoLP     EnfoPS     EnfoRelax   Check    ResProp    SB-Prop
  benderslp        :       0.01       0.00       0.00       0.00       0.01       0.00       0.00       0.00       0.00       0.00
  integral         :       0.82       0.00       0.00       0.00       0.82       0.00       0.00       0.00       0.00       0.00
  knapsack         :       3.49       0.00       0.01       3.27       0.00       0.00       0.00       0.00       0.22       0.00
  setppc           :       8.52       0.00       0.00       8.03       0.00       0.00       0.00       0.00       0.48       0.00
  linear           :       0.30       0.00       0.00       0.28       0.00       0.00       0.00       0.00       0.02       0.00
  orbisack         :       0.04       0.00       0.00       0.04       0.00       0.00       0.00       0.00       0.01       0.00
  orbitope         :       1.06       0.00       0.00       0.94       0.00       0.00       0.00       0.00       0.12       0.00
  symresack        :       0.02       0.00       0.00       0.02       0.00       0.00       0.00       0.00       0.00       0.00
  logicor          :      10.34       0.02       0.01       9.92       0.00       0.00       0.00       0.00       0.39       0.00
  benders          :       0.00       0.00       0.00       0.00       0.00       0.00       0.00       0.00       0.00       0.00
  countsols        :       0.00       0.00       0.00       0.00       0.00       0.00       0.00       0.00       0.00       0.00
  components       :       0.01       0.00       0.00       0.01       0.00       0.00       0.00       0.00       0.00       0.00
Propagators        : #Propagate   #ResProp    Cutoffs    DomReds
  dualfix          :          2          0          0          0
  genvbounds       :          0          0          0          0
  nlobbt           :          0          0          0          0
  obbt             :          0          0          0          0
  probing          :          0          0          0          0
  pseudoobj        :          0          0          0          0
  redcost          :          0          0          0          0
  rootredcost      :          0          0          0          0
  symmetry         :          0          0          0          0
  vbounds          :     235287          0          0          0
Propagator Timings :  TotalTime  SetupTime   Presolve  Propagate    ResProp    SB-Prop
  dualfix          :       0.00       0.00       0.00       0.00       0.00       0.00
  genvbounds       :       0.03       0.00       0.00       0.03       0.00       0.00
  nlobbt           :       0.00       0.00       0.00       0.00       0.00       0.00
  obbt             :       0.00       0.00       0.00       0.00       0.00       0.00
  probing          :       0.02       0.00       0.02       0.00       0.00       0.00
  pseudoobj        :       0.03       0.00       0.00       0.03       0.00       0.00
  redcost          :       0.01       0.00       0.00       0.01       0.00       0.00
  rootredcost      :       0.02       0.00       0.00       0.02       0.00       0.00
  symmetry         :       0.03       0.00       0.00       0.03       0.00       0.00
  vbounds          :       0.62       0.00       0.00       0.62       0.00       0.00
Orbital fixing     :
  vars fixed to 0  :          0
  vars fixed to 1  :          0
Conflict Analysis  :       Time      Calls    Success    DomReds  Conflicts   Literals    Reconvs ReconvLits   Dualrays   Nonzeros   LP Iters   (pool size: [10000,10000])
  propagation      :       1.63      14802      13361          -     100627       28.7       1124       14.0          -          -          -
  infeasible LP    :       2.69       6775       6213          -      55515       26.6        266       11.7       3467       34.8          0
  bound exceed. LP :       0.00          0          0          -          0        0.0          0        0.0          0        0.0          0
  strong branching :       0.00          0          0          -          0        0.0          0        0.0          -          -          0
  pseudo solution  :       0.00          0          0          -          0        0.0          0        0.0          -          -          -
  applied globally :       0.57          -          -          0      70645       20.0          -          -       3173          -          -
  applied locally  :          -          -          -          0        583       33.2          -          -        294          -          -
Separators         :   ExecTime  SetupTime      Calls  RootCalls    Cutoffs    DomReds  FoundCuts ViaPoolAdd  DirectAdd    Applied ViaPoolApp  DirectApp      Conss
  cut pool         :       3.01          -       3048         42          -          -      44563      18184          -          -          -          -          -    (maximal pool size:       3602)
  aggregation      :       1.10       0.00       1478         22          0          0          2          0          1          1          0          1          0
  > cmir           :          -          -          -          -          -          -          -          0          0          0          0          0          -
  > flowcover      :          -          -          -          -          -          -          -          0          0          0          0          0          -
  > knapsackcover  :          -          -          -          -          -          -          -          0          1          1          0          1          -
  cgmip            :       0.00       0.00          0          0          0          0          0          0          0          0          0          0          0
  clique           :       0.01       0.00         22         22          0          0          1          1          0          1          1          0          0
  closecuts        :       0.00       0.00          0          0          0          0          0          0          0          0          0          0          0
  convexproj       :       0.00       0.00          0          0          0          0          0          0          0          0          0          0          0
  disjunctive      :       0.00       0.00          0          0          0          0          0          0          0          0          0          0          0
  eccuts           :       0.00       0.00          0          0          0          0          0          0          0          0          0          0          0
  gauge            :       0.00       0.00          0          0          0          0          0          0          0          0          0          0          0
  gomory           :       5.20       0.00       1476         20          0          0      64431      17604      20256       2013       1495        518          0
  > gomorymi       :          -          -          -          -          -          -          -       3055      10128        415        134        281          -
  > strongcg       :          -          -          -          -          -          -          -      14549      10128       1598       1361        237          -
  impliedbounds    :       0.04       0.00       1478         22          0          0         21         88          0         80         80          0          0
  interminor       :       0.00       0.00          0          0          0          0          0          0          0          0          0          0          0
  intobj           :       0.00       0.00          0          0          0          0          0          0          0          0          0          0          0
  mcf              :       0.00       0.00          2          2          0          0          0          0          0          0          0          0          0
  minor            :       0.00       0.00          0          0          0          0          0          0          0          0          0          0          0
  mixing           :       0.00       0.00          0          0          0          0          0          0          0          0          0          0          0
  oddcycle         :       0.00       0.00          0          0          0          0          0          0          0          0          0          0          0
  rapidlearning    :       8.61       0.00        100          2          0      11039          0          0          0          0          0          0        616
  rlt              :       0.00       0.00         20         20          0          0          0          0          0          0          0          0          0
  zerohalf         :       0.99       0.00       1478         22          0          0       2176        491       1811       1602        297       1305          0
Cutselectors       :   ExecTime  SetupTime      Calls  RootCalls   Selected     Forced   Filtered  RootSelec   RootForc   RootFilt 
  hybrid           :       0.05       0.00       1516         22       3703          0      36415         78          0       2415
Pricers            :   ExecTime  SetupTime      Calls       Vars
  problem variables:       0.00          -          0          0
Branching Rules    :   ExecTime  SetupTime   BranchLP  BranchExt   BranchPS    Cutoffs    DomReds       Cuts      Conss   Children
  allfullstrong    :       0.00       0.00          0          0          0          0          0          0          0          0
  cloud            :       0.00       0.00          0          0          0          0          0          0          0          0
  distribution     :       0.00       0.00          0          0          0          0          0          0          0          0
  fullstrong       :       0.00       0.00          0          0          0          0          0          0          0          0
  inference        :       0.00       0.00          0          0          0          0          0          0          0          0
  leastinf         :       0.00       0.00          0          0          0          0          0          0          0          0
  lookahead        :       0.00       0.00          0          0          0          0          0          0          0          0
  mostinf          :       0.00       0.00          0          0          0          0          0          0          0          0
  multaggr         :       0.00       0.00          0          0          0          0          0          0          0          0
  nodereopt        :       0.00       0.00          0          0          0          0          0          0          0          0
  pscost           :       0.00       0.00          0          0          0          0          0          0          0          0
  random           :       0.00       0.00          0          0          0          0          0          0          0          0
  relpscost        :       0.81       0.00      18753          0          0          0          0          0          0      37506
  vanillafullstrong:       0.00       0.00          0          0          0          0          0          0          0          0
Primal Heuristics  :   ExecTime  SetupTime      Calls      Found       Best
  LP solutions     :       0.00          -          -          0          0
  relax solutions  :       0.00          -          -          0          0
  pseudo solutions :       0.00          -          -          0          0
  strong branching :       0.00          -          -          0          0
  actconsdiving    :       0.00       0.00          0          0          0
  adaptivediving   :       0.48       0.00        111          0          0
  alns             :       0.02       0.00          6          0          0
  bound            :       0.00       0.00          0          0          0
  clique           :       0.00       0.00          1          0          0
  coefdiving       :       0.00       0.00          0          0          0
  completesol      :       0.00       0.00          0          0          0
  conflictdiving   :       0.97       0.00        258          0          0
  crossover        :       0.01       0.00          0          0          0
  dins             :       0.00       0.00          0          0          0
  distributiondivin:       1.24       0.00        255          0          0
  dps              :       0.00       0.00          0          0          0
  dualval          :       0.00       0.00          0          0          0
  farkasdiving     :       0.00       0.00          0          0          0
  feaspump         :       0.70       0.00         62          0          0
  fixandinfer      :       0.00       0.00          0          0          0
  fracdiving       :       0.63       0.00        257          0          0
  gins             :       0.01       0.00          0          0          0
  guideddiving     :       0.00       0.00          0          0          0
  indicator        :       0.01       0.00          0          0          0
  intdiving        :       0.00       0.00          0          0          0
  intshifting      :       0.00       0.00          0          0          0
  linesearchdiving :       0.67       0.00        259          0          0
  localbranching   :       0.00       0.00          0          0          0
  locks            :       0.00       0.00          1          0          0
  lpface           :       0.04       0.00          0          0          0
  mpec             :       0.00       0.00          0          0          0
  multistart       :       0.00       0.00          0          0          0
  mutation         :       0.00       0.00          0          0          0
  nlpdiving        :       0.00       0.00          0          0          0
  objpscostdiving  :       0.33       0.00         16          0          0
  octane           :       0.00       0.00          0          0          0
  ofins            :       0.01       0.00          0          0          0
  oneopt           :       0.01       0.00          0          0          0
  padm             :       0.00       0.00          0          0          0
  proximity        :       0.00       0.00          0          0          0
  pscostdiving     :       0.70       0.00        255          0          0
  randrounding     :       0.06       0.00        342          0          0
  rens             :       0.00       0.00          0          0          0
  reoptsols        :       0.00       0.00          0          0          0
  repair           :       0.00       0.00          0          0          0
  rins             :       0.01       0.00          0          0          0
  rootsoldiving    :       0.36       0.00         23          0          0
  rounding         :       0.10       0.00       1952          0          0
  shiftandpropagate:       0.00       0.00          2          0          0
  shifting         :       0.07       0.00        604          0          0
  simplerounding   :       0.01       0.00          0          0          0
  subnlp           :       0.01       0.00          0          0          0
  trivial          :       0.00       0.00          2          0          0
  trivialnegation  :       0.00       0.00          0          0          0
  trustregion      :       0.00       0.00          0          0          0
  trysol           :       0.01       0.00          0          0          0
  twoopt           :       0.00       0.00          0          0          0
  undercover       :       0.00       0.00          0          0          0
  vbounds          :       0.00       0.00          2          0          0
  veclendiving     :       0.64       0.00        257          0          0
  zeroobj          :       0.00       0.00          0          0          0
  zirounding       :       0.02       0.00       1000          0          0
  other solutions  :          -          -          -          0          -
LP                 :       Time      Calls Iterations  Iter/call   Iter/sec  Time-0-It Calls-0-It    ItLimit
  primal LP        :       0.80        717          0       0.00       0.00       0.80        717
  dual LP          :      30.72      26800     960371      36.07   31264.67       0.06        177
  lex dual LP      :       0.00          0          0       0.00          -
  barrier LP       :       0.00          0          0       0.00          -       0.00          0
  resolve instable :       0.00          0          0       0.00          -
  diving/probing LP:       2.03       1783      49766      27.91   24512.45
  strong branching :       0.16         21       4268     203.24   26444.93          -          -          0
    (at root node) :          -         21       4268     203.24          -
  conflict analysis:       0.00          0          0       0.00          -
B&B Tree           :
  number of runs   :          2
  nodes            :      30988 (18154 internal, 12834 leaves)
  feasible leaves  :          0
  infeas. leaves   :      12834
  objective leaves :          0
  nodes (total)    :      31956 (18753 internal, 13203 leaves)
  nodes left       :          0
  max depth        :         24
  max depth (total):         24
  backtracks       :      10409 (33.6%)
  early backtracks :          0 (0.0%)
  nodes exc. ref.  :          0 (0.0%)
  delayed cutoffs  :       5321
  repropagations   :      22341 (444868 domain reductions, 4662 cutoffs)
  avg switch length:       4.39
  switching time   :      13.66
Root Node          :
  First LP value   : +0.00000000000000e+00
  First LP Iters   :        246 (74977.14 Iter/sec)
  First LP Time    :       0.00
  Final Dual Bound : +0.00000000000000e+00
  Final Root Iters :       3142
  Root LP Estimate : +1.62937935902689e-02
Solution           :
  Solutions found  :          0 (0 improvements)
  Primal Bound     : infeasible
  Dual Bound       :          -
  Gap              :       0.00 %
Integrals          :      Total       Avg%
  primal-dual      :          -          - (problem infeasible)
  primal-ref       :          -          - (problem infeasible)
  dual-ref         :          -          - (problem infeasible)
written solution information to file <results/final_flowersnark__settings_final_nosymretope_relabel_respect__1__flowersnark21_3.cip.sol>
@04 1667947502
