FILENAME:   ../instances_new/flowersnark/flowersnark17_3.cip
SETTINGS:   settings_final_peek_relabel
TIMELIMIT:  7200
OUTPUTNAME: final_flowersnark__settings_final_peek_relabel__3__
BINNAME:    bin/sbcs.linux.x86_64.gnu.opt.cpx
BASENAME:   flowersnark17_3.cip
SEED:       3
@01 ../instances_new/flowersnark/flowersnark17_3.cip ===========
@02 flowersnark17_3.cip
@03 1668003313
SCIP version 8.0.2 [precision: 8 byte] [memory: block] [mode: optimized] [LP solver: CPLEX 20.1.0.0] [GitHash: 5f0473c]
Copyright (C) 2002-2022 Konrad-Zuse-Zentrum fuer Informationstechnik Berlin (ZIB)

Symretope propagation methods - (c) Jasper van Doornmalen, Christopher Hojny.
[GitHash: 2fd0484]

reading parameter file <../settings/settings_final_peek_relabel.set> ...

Changed settings:
limits/time = 7200
misc/usesymmetry = 1
randomization/randomseedshift = 3
constraints/orbisack/sepafreq = -1
constraints/symresack/sepafreq = -1
propagating/symmetry/addsymresacks = TRUE
propagating/symmetry/detectsubgroups = FALSE
propagating/symmetry/ofsymcomptiming = 0
constraints/symretope/sepafreq = -1


solving problem ...

original problem has 306 variables (306 bin, 0 int, 0 impl, 0 cont) and 306 constraints
presolving:
(round 1, exhaustive) 0 del vars, 0 del conss, 0 add conss, 0 chg bounds, 0 chg sides, 0 chg coeffs, 306 upgd conss, 0 impls, 306 clqs
   (0.0s) probing: 51/306 (16.7%) - 0 fixings, 0 aggregations, 0 implications, 0 bound changes
   (0.0s) probing aborted: 50/50 successive totally useless probings
   (0.0s) symmetry computation started: requiring (bin +, int +, cont +), (fixed: bin -, int -, cont -)
   (0.0s) symmetry computation finished: 5 generators found (max: 1500, log10 of symmetry group size: 2.6)
(round 2, exhaustive) 1 del vars, 0 del conss, 5 add conss, 0 chg bounds, 0 chg sides, 0 chg coeffs, 306 upgd conss, 0 impls, 306 clqs
(round 3, fast)       2 del vars, 1 del conss, 5 add conss, 0 chg bounds, 0 chg sides, 0 chg coeffs, 306 upgd conss, 0 impls, 305 clqs
   (0.0s) probing: 56/306 (18.3%) - 0 fixings, 0 aggregations, 0 implications, 0 bound changes
   (0.0s) probing aborted: 50/50 successive totally useless probings
presolving (4 rounds: 4 fast, 3 medium, 3 exhaustive):
 2 deleted vars, 1 deleted constraints, 5 added constraints, 0 tightened bounds, 0 added holes, 0 changed sides, 0 changed coefficients
 0 implications, 305 cliques
presolved problem has 304 variables (304 bin, 0 int, 0 impl, 0 cont) and 310 constraints
    305 constraints of type <setppc>
      2 constraints of type <orbisack>
      2 constraints of type <orbitope>
      1 constraints of type <symretope>
transformed objective value is always integral (scale: 1)
Presolving Time: 0.01

 time | node  | left  |LP iter|LP it/n|mem/heur|mdpt |vars |cons |rows |cuts |sepa|confs|strbr|  dualbound   | primalbound  |  gap   | compl. 
  0.0s|     1 |     0 |   282 |     - |  5082k |   0 | 304 | 377 | 340 |   0 |  0 |  68 |   0 | 0.000000e+00 |      --      |    Inf | unknown
  0.1s|     1 |     0 |   752 |     - |  5990k |   0 | 304 | 580 | 342 |   2 |  1 |  71 |   0 | 0.000000e+00 |      --      |    Inf | unknown
  0.1s|     1 |     0 |   879 |     - |  7210k |   0 | 304 | 580 | 346 |   6 |  2 |  72 |   0 | 0.000000e+00 |      --      |    Inf | unknown
  0.2s|     1 |     0 |   934 |     - |  8971k |   0 | 304 | 581 | 349 |   9 |  3 |  73 |   0 | 0.000000e+00 |      --      |    Inf | unknown
  0.2s|     1 |     0 |  1029 |     - |  9434k |   0 | 304 | 582 | 355 |  15 |  4 |  74 |   0 | 0.000000e+00 |      --      |    Inf | unknown
  0.2s|     1 |     0 |  1148 |     - |    10M |   0 | 304 | 583 | 358 |  18 |  5 |  75 |   0 | 0.000000e+00 |      --      |    Inf | unknown
  0.2s|     1 |     0 |  1201 |     - |    11M |   0 | 304 | 583 | 359 |  19 |  6 |  75 |   0 | 0.000000e+00 |      --      |    Inf | unknown
  0.3s|     1 |     0 |  1338 |     - |    12M |   0 | 304 | 584 | 363 |  23 |  7 |  76 |   0 | 0.000000e+00 |      --      |    Inf | unknown
  0.3s|     1 |     0 |  1443 |     - |    15M |   0 | 304 | 586 | 366 |  26 |  8 |  78 |   0 | 0.000000e+00 |      --      |    Inf | unknown
  0.4s|     1 |     0 |  1511 |     - |    17M |   0 | 304 | 590 | 369 |  29 |  9 |  82 |   0 | 0.000000e+00 |      --      |    Inf | unknown
  0.4s|     1 |     0 |  1637 |     - |    19M |   0 | 304 | 593 | 372 |  32 | 10 |  85 |   0 | 0.000000e+00 |      --      |    Inf | unknown
  0.4s|     1 |     0 |  1729 |     - |    19M |   0 | 304 | 594 | 375 |  35 | 11 |  86 |   0 | 0.000000e+00 |      --      |    Inf | unknown
  0.4s|     1 |     0 |  1902 |     - |    19M |   0 | 304 | 596 | 378 |  38 | 12 |  88 |   0 | 0.000000e+00 |      --      |    Inf | unknown
  0.4s|     1 |     0 |  2006 |     - |    19M |   0 | 304 | 599 | 380 |  40 | 13 |  91 |   0 | 0.000000e+00 |      --      |    Inf | unknown
  0.5s|     1 |     0 |  2097 |     - |    19M |   0 | 304 | 602 | 333 |  41 | 14 |  94 |   0 | 0.000000e+00 |      --      |    Inf | unknown
 time | node  | left  |LP iter|LP it/n|mem/heur|mdpt |vars |cons |rows |cuts |sepa|confs|strbr|  dualbound   | primalbound  |  gap   | compl. 
  0.5s|     1 |     0 |  2207 |     - |    19M |   0 | 304 | 603 | 335 |  43 | 15 |  95 |   0 | 0.000000e+00 |      --      |    Inf | unknown
  0.6s|     1 |     2 |  2418 |     - |    19M |   0 | 304 | 615 | 335 |  43 | 15 | 107 |  11 | 0.000000e+00 |      --      |    Inf | unknown
  1.3s|   100 |    46 |  9258 |  71.9 |    24M |  13 | 304 | 865 | 320 | 116 |  1 | 357 |  11 | 0.000000e+00 |      --      |    Inf |   4.32%
  1.8s|   200 |    31 | 14016 |  59.7 |    27M |  15 | 304 |1153 | 322 | 172 |  0 | 655 |  11 | 0.000000e+00 |      --      |    Inf |  12.57%
  2.4s|   300 |    57 | 21008 |  63.1 |    27M |  16 | 304 |1376 | 318 | 250 |  1 | 883 |  11 | 0.000000e+00 |      --      |    Inf |  14.16%
  3.2s|   400 |    83 | 27535 |  63.6 |    28M |  16 | 304 |1704 | 323 | 320 |  0 |1222 |  11 | 0.000000e+00 |      --      |    Inf |  21.53%
  3.5s|   500 |   110 | 31196 |  58.2 |    29M |  16 | 304 |2064 | 320 | 339 |  1 |1602 |  11 | 0.000000e+00 |      --      |    Inf |  23.06%
  3.9s|   600 |   128 | 36343 |  57.1 |    30M |  16 | 304 |2331 | 321 | 381 |  0 |1949 |  11 | 0.000000e+00 |      --      |    Inf |  23.44%
  4.3s|   700 |   140 | 41595 |  56.4 |    30M |  16 | 304 |2427 | 321 | 430 |  1 |2261 |  11 | 0.000000e+00 |      --      |    Inf |  24.29%
  4.7s|   800 |   141 | 46267 |  55.2 |    30M |  16 | 304 |2382 | 325 | 479 |  2 |2496 |  11 | 0.000000e+00 |      --      |    Inf |  25.30%
  5.3s|   900 |   147 | 51348 |  54.7 |    31M |  16 | 304 |2201 | 323 | 542 |  2 |2721 |  11 | 0.000000e+00 |      --      |    Inf |  29.32%
  5.8s|  1000 |   159 | 56151 |  54.1 |    31M |  16 | 304 |2256 | 319 | 600 |  1 |2844 |  11 | 0.000000e+00 |      --      |    Inf |  30.69%
  6.1s|  1100 |   146 | 60511 |  53.1 |    31M |  16 | 304 |2332 |   0 | 647 |  0 |3038 |  11 | 0.000000e+00 |      --      |    Inf |  32.73%
  7.2s|  1200 |   178 | 67203 |  54.3 |    31M |  16 | 304 |2472 | 320 | 733 |  1 |3416 |  11 | 0.000000e+00 |      --      |    Inf |  42.91%
  7.5s|  1300 |   163 | 71244 |  53.2 |    31M |  18 | 304 |2546 | 322 | 758 |  1 |3666 |  11 | 0.000000e+00 |      --      |    Inf |  43.87%
 time | node  | left  |LP iter|LP it/n|mem/heur|mdpt |vars |cons |rows |cuts |sepa|confs|strbr|  dualbound   | primalbound  |  gap   | compl. 
  8.2s|  1400 |   165 | 75509 |  52.4 |    31M |  18 | 304 |2522 | 321 | 789 |  1 |3864 |  11 | 0.000000e+00 |      --      |    Inf |  48.98%
  8.9s|  1500 |   197 | 81716 |  53.1 |    31M |  18 | 304 |2593 | 322 | 845 |  2 |4174 |  11 | 0.000000e+00 |      --      |    Inf |  49.95%
  9.3s|  1600 |   218 | 86698 |  52.9 |    32M |  18 | 304 |2748 | 320 | 896 |  1 |4475 |  11 | 0.000000e+00 |      --      |    Inf |  50.56%
  9.6s|  1700 |   216 | 90410 |  52.0 |    32M |  18 | 304 |2844 | 320 | 928 |  1 |4709 |  11 | 0.000000e+00 |      --      |    Inf |  51.25%
 10.0s|  1800 |   222 | 95042 |  51.6 |    32M |  20 | 304 |2925 |   0 | 948 |  0 |4924 |  11 | 0.000000e+00 |      --      |    Inf |  51.93%
 10.4s|  1900 |   245 |100816 |  52.0 |    32M |  20 | 304 |3062 | 325 | 997 |  3 |5114 |  11 | 0.000000e+00 |      --      |    Inf |  52.33%
 10.9s|  2000 |   241 |104820 |  51.4 |    32M |  20 | 304 |3193 | 321 |1012 |  1 |5318 |  11 | 0.000000e+00 |      --      |    Inf |  59.25%
 11.2s|  2100 |   249 |108948 |  50.9 |    32M |  20 | 304 |3199 | 320 |1083 |  1 |5433 |  11 | 0.000000e+00 |      --      |    Inf |  60.42%
 11.8s|  2200 |   258 |113702 |  50.7 |    32M |  20 | 304 |3237 | 320 |1129 |  1 |5641 |  11 | 0.000000e+00 |      --      |    Inf |  61.81%
 12.2s|  2300 |   272 |118849 |  50.8 |    33M |  20 | 304 |3249 | 324 |1175 |  3 |5838 |  11 | 0.000000e+00 |      --      |    Inf |  62.08%
 12.4s|  2400 |   266 |122287 |  50.1 |    33M |  20 | 304 |3277 |   0 |1195 |  0 |6010 |  11 | 0.000000e+00 |      --      |    Inf |  62.74%
 12.7s|  2500 |   274 |126042 |  49.6 |    33M |  20 | 304 |3337 | 320 |1225 |  1 |6240 |  11 | 0.000000e+00 |      --      |    Inf |  63.22%
 12.8s|  2600 |   271 |128739 |  48.7 |    33M |  20 | 304 |3395 |   0 |1225 |  0 |6408 |  11 | 0.000000e+00 |      --      |    Inf |  63.39%
 13.4s|  2700 |   261 |132413 |  48.3 |    33M |  20 | 304 |3315 | 318 |1238 |  1 |6578 |  11 | 0.000000e+00 |      --      |    Inf |  67.30%
 13.7s|  2800 |   281 |137633 |  48.4 |    33M |  20 | 304 |3411 | 322 |1267 |  1 |6795 |  11 | 0.000000e+00 |      --      |    Inf |  67.58%
 time | node  | left  |LP iter|LP it/n|mem/heur|mdpt |vars |cons |rows |cuts |sepa|confs|strbr|  dualbound   | primalbound  |  gap   | compl. 
 14.0s|  2900 |   270 |142234 |  48.3 |    34M |  20 | 304 |3499 | 323 |1305 |  0 |6971 |  11 | 0.000000e+00 |      --      |    Inf |  68.14%
 14.4s|  3000 |   260 |147776 |  48.6 |    34M |  20 | 304 |3424 | 322 |1345 |  1 |7126 |  11 | 0.000000e+00 |      --      |    Inf |  70.05%
 14.7s|  3100 |   258 |151533 |  48.2 |    34M |  20 | 304 |3446 | 320 |1368 |  1 |7303 |  11 | 0.000000e+00 |      --      |    Inf |  70.55%
 14.9s|  3200 |   244 |154812 |  47.7 |    34M |  20 | 304 |3555 | 320 |1368 |  1 |7537 |  11 | 0.000000e+00 |      --      |    Inf |  71.06%
 15.2s|  3300 |   244 |159663 |  47.7 |    34M |  20 | 304 |3515 | 321 |1404 |  1 |7690 |  11 | 0.000000e+00 |      --      |    Inf |  71.61%
 15.5s|  3400 |   219 |163229 |  47.4 |    34M |  20 | 304 |3592 | 324 |1407 |  1 |7941 |  11 | 0.000000e+00 |      --      |    Inf |  72.19%
 16.0s|  3500 |   243 |168249 |  47.5 |    34M |  20 | 304 |3572 | 320 |1448 |  1 |8072 |  11 | 0.000000e+00 |      --      |    Inf |  72.58%
 16.1s|  3600 |   251 |171302 |  47.0 |    35M |  20 | 304 |3757 | 322 |1448 |  0 |8315 |  11 | 0.000000e+00 |      --      |    Inf |  72.71%
 16.4s|  3700 |   240 |175024 |  46.7 |    35M |  20 | 304 |3804 | 321 |1464 |  1 |8518 |  11 | 0.000000e+00 |      --      |    Inf |  73.88%
 16.7s|  3800 |   262 |178958 |  46.5 |    36M |  20 | 304 |3964 |   0 |1480 |  0 |8774 |  11 | 0.000000e+00 |      --      |    Inf |  74.05%
 16.9s|  3900 |   260 |181863 |  46.1 |    36M |  20 | 304 |4240 | 321 |1486 |  0 |9138 |  11 | 0.000000e+00 |      --      |    Inf |  74.19%
 17.2s|  4000 |   239 |186078 |  46.0 |    36M |  20 | 304 |4355 | 320 |1500 |  0 |9406 |  11 | 0.000000e+00 |      --      |    Inf |  74.93%
 17.7s|  4100 |   222 |189976 |  45.8 |    36M |  20 | 304 |4182 | 322 |1529 |  1 |9585 |  11 | 0.000000e+00 |      --      |    Inf |  75.77%
 18.2s|  4200 |   266 |195764 |  46.1 |    36M |  20 | 304 |4284 | 319 |1588 |  0 |9875 |  11 | 0.000000e+00 |      --      |    Inf |  75.99%
 18.5s|  4300 |   284 |200935 |  46.2 |    37M |  20 | 304 |4413 | 324 |1633 |  1 |  10k|  11 | 0.000000e+00 |      --      |    Inf |  76.35%
 time | node  | left  |LP iter|LP it/n|mem/heur|mdpt |vars |cons |rows |cuts |sepa|confs|strbr|  dualbound   | primalbound  |  gap   | compl. 
 18.8s|  4400 |   286 |204986 |  46.1 |    37M |  20 | 304 |4590 | 321 |1648 |  0 |  10k|  11 | 0.000000e+00 |      --      |    Inf |  76.54%
 19.1s|  4500 |   284 |209444 |  46.1 |    37M |  20 | 304 |4669 | 321 |1662 |  1 |  10k|  11 | 0.000000e+00 |      --      |    Inf |  76.90%
 19.3s|  4600 |   284 |213047 |  45.9 |    37M |  20 | 304 |4858 | 320 |1671 |  1 |  10k|  11 | 0.000000e+00 |      --      |    Inf |  77.11%
 19.5s|  4700 |   289 |216743 |  45.7 |    37M |  20 | 304 |4993 | 320 |1678 |  1 |  11k|  11 | 0.000000e+00 |      --      |    Inf |  77.37%
 19.8s|  4800 |   268 |219949 |  45.4 |    37M |  20 | 304 |5145 |   0 |1681 |  0 |  11k|  11 | 0.000000e+00 |      --      |    Inf |  77.91%
 20.0s|  4900 |   256 |223599 |  45.2 |    37M |  20 | 304 |5185 | 322 |1681 |  1 |  11k|  11 | 0.000000e+00 |      --      |    Inf |  78.23%
 20.2s|  5000 |   221 |227152 |  45.0 |    37M |  20 | 304 |5211 |   0 |1681 |  0 |  11k|  11 | 0.000000e+00 |      --      |    Inf |  78.80%
 20.5s|  5100 |   187 |230602 |  44.8 |    37M |  20 | 304 |5140 | 322 |1688 |  1 |  12k|  11 | 0.000000e+00 |      --      |    Inf |  79.33%
 20.7s|  5200 |   187 |234572 |  44.7 |    37M |  20 | 304 |5209 | 322 |1702 |  0 |  12k|  11 | 0.000000e+00 |      --      |    Inf |  79.55%
 21.0s|  5300 |   150 |237672 |  44.4 |    38M |  20 | 304 |5058 | 320 |1713 |  1 |  12k|  11 | 0.000000e+00 |      --      |    Inf |  80.20%
 21.3s|  5400 |   137 |241300 |  44.3 |    38M |  20 | 304 |4996 | 321 |1713 |  1 |  12k|  11 | 0.000000e+00 |      --      |    Inf |  80.48%
 21.5s|  5500 |   117 |244330 |  44.0 |    38M |  20 | 304 |5031 |   0 |1713 |  0 |  12k|  11 | 0.000000e+00 |      --      |    Inf |  80.93%
 21.7s|  5600 |    92 |247685 |  43.9 |    38M |  20 | 304 |4934 | 318 |1713 |  1 |  13k|  11 | 0.000000e+00 |      --      |    Inf |  81.40%
 22.3s|  5700 |    68 |250818 |  43.6 |    38M |  20 | 304 |4928 | 321 |1713 |  1 |  13k|  11 | 0.000000e+00 |      --      |    Inf |  88.05%
 22.8s|  5800 |    75 |255512 |  43.7 |    38M |  20 | 304 |4934 | 320 |1745 |  1 |  13k|  11 | 0.000000e+00 |      --      |    Inf |  88.76%
 time | node  | left  |LP iter|LP it/n|mem/heur|mdpt |vars |cons |rows |cuts |sepa|confs|strbr|  dualbound   | primalbound  |  gap   | compl. 
 23.2s|  5900 |    76 |259738 |  43.7 |    38M |  20 | 304 |4916 | 318 |1786 |  1 |  13k|  11 | 0.000000e+00 |      --      |    Inf |  90.17%
 23.5s|  6000 |    69 |264017 |  43.7 |    38M |  20 | 304 |4981 | 321 |1825 |  0 |  13k|  11 | 0.000000e+00 |      --      |    Inf |  90.99%
 23.8s|  6100 |    54 |267082 |  43.4 |    38M |  20 | 304 |4936 | 322 |1830 |  1 |  13k|  11 | 0.000000e+00 |      --      |    Inf |  91.61%
 24.3s|  6200 |    48 |272052 |  43.5 |    38M |  20 | 304 |4926 | 320 |1862 |  1 |  14k|  11 | 0.000000e+00 |      --      |    Inf |  92.89%
 24.6s|  6300 |    38 |275146 |  43.3 |    38M |  20 | 304 |4882 | 320 |1873 |  0 |  14k|  11 | 0.000000e+00 |      --      |    Inf |  93.34%
 24.8s|  6400 |    41 |279001 |  43.3 |    38M |  20 | 304 |4924 | 322 |1887 |  0 |  14k|  11 | 0.000000e+00 |      --      |    Inf |  93.54%
 25.2s|  6500 |    30 |282003 |  43.1 |    38M |  20 | 304 |5000 |   0 |1890 |  0 |  14k|  11 | 0.000000e+00 |      --      |    Inf |  94.28%
 25.5s|  6600 |    33 |285990 |  43.0 |    38M |  20 | 304 |5069 | 320 |1925 |  1 |  14k|  11 | 0.000000e+00 |      --      |    Inf |  95.53%
 25.9s|  6700 |    29 |290004 |  43.0 |    38M |  20 | 304 |5037 | 321 |1953 |  0 |  14k|  11 | 0.000000e+00 |      --      |    Inf |  96.43%
 26.1s|  6800 |    22 |293843 |  42.9 |    39M |  20 | 304 |5140 | 321 |1953 |  1 |  15k|  11 | 0.000000e+00 |      --      |    Inf |  97.02%
 26.4s|  6900 |    14 |297945 |  42.9 |    39M |  20 | 304 |5023 | 320 |1979 |  1 |  15k|  11 | 0.000000e+00 |      --      |    Inf |  98.42%
 26.7s|  7000 |     9 |302296 |  42.9 |    39M |  20 | 304 |5093 | 320 |2020 |  1 |  15k|  11 | 0.000000e+00 |      --      |    Inf |  99.00%
 27.0s|  7100 |     5 |306663 |  42.9 |    39M |  20 | 304 |5154 | 322 |2042 |  1 |  15k|  11 | 0.000000e+00 |      --      |    Inf |  99.37%
 27.3s|  7200 |     5 |311996 |  43.0 |    39M |  20 | 304 |5224 |   0 |2075 |  0 |  15k|  11 | 0.000000e+00 |      --      |    Inf |  99.65%
 27.5s|  7300 |    11 |315913 |  43.0 |    39M |  20 | 304 |5274 |   0 |2081 |  0 |  15k|  11 | 0.000000e+00 |      --      |    Inf |  99.74%

SCIP Status        : problem is solved [infeasible]
Solving Time (sec) : 27.67
Solving Nodes      : 7368
Primal Bound       : +1.00000000000000e+20 (0 solutions)
Dual Bound         : +1.00000000000000e+20
Gap                : 0.00 %
SCIP Status        : problem is solved [infeasible]
Total Time         :      27.68
  solving          :      27.67
  presolving       :       0.01 (included in solving)
  reading          :       0.00
  copying          :       0.28 (32 #copies) (minimal 0.00, maximal 0.02, average 0.01)
Original Problem   :
  Problem name     : model
  Variables        : 306 (306 binary, 0 integer, 0 implicit integer, 0 continuous)
  Constraints      : 306 initial, 306 maximal
  Objective        : minimize, 0 non-zeros (abs.min = 1e+20, abs.max = -1e+20)
Presolved Problem  :
  Problem name     : t_model
  Variables        : 304 (304 binary, 0 integer, 0 implicit integer, 0 continuous)
  Constraints      : 310 initial, 5330 maximal
  Objective        : minimize, 0 non-zeros (abs.min = 1e+20, abs.max = -1e+20)
  Nonzeros         : 2125 constraint, 931 clique table
Presolvers         :   ExecTime  SetupTime  Calls  FixedVars   AggrVars   ChgTypes  ChgBounds   AddHoles    DelCons    AddCons   ChgSides   ChgCoefs
  boundshift       :       0.00       0.00      0          0          0          0          0          0          0          0          0          0
  convertinttobin  :       0.00       0.00      0          0          0          0          0          0          0          0          0          0
  domcol           :       0.00       0.00      2          0          0          0          0          0          0          0          0          0
  dualagg          :       0.00       0.00      0          0          0          0          0          0          0          0          0          0
  dualcomp         :       0.00       0.00      0          0          0          0          0          0          0          0          0          0
  dualinfer        :       0.00       0.00      0          0          0          0          0          0          0          0          0          0
  dualsparsify     :       0.00       0.00      1          0          0          0          0          0          0          0          0          0
  gateextraction   :       0.00       0.00      0          0          0          0          0          0          0          0          0          0
  implics          :       0.00       0.00      3          0          0          0          0          0          0          0          0          0
  inttobinary      :       0.00       0.00      0          0          0          0          0          0          0          0          0          0
  qpkktref         :       0.00       0.00      0          0          0          0          0          0          0          0          0          0
  redvub           :       0.00       0.00      0          0          0          0          0          0          0          0          0          0
  sparsify         :       0.00       0.00      1          0          0          0          0          0          0          0          0          0
  stuffing         :       0.00       0.00      0          0          0          0          0          0          0          0          0          0
  trivial          :       0.00       0.00      4          0          0          0          0          0          0          0          0          0
  tworowbnd        :       0.00       0.00      0          0          0          0          0          0          0          0          0          0
  dualfix          :       0.00       0.00      4          0          0          0          0          0          0          0          0          0
  genvbounds       :       0.00       0.00      0          0          0          0          0          0          0          0          0          0
  probing          :       0.00       0.00      2          0          0          0          0          0          0          0          0          0
  pseudoobj        :       0.00       0.00      0          0          0          0          0          0          0          0          0          0
  symmetry         :       0.00       0.00      1          1          0          0          0          0          0          5          0          0
  vbounds          :       0.00       0.00      1          0          0          0          0          0          0          0          0          0
  knapsack         :       0.00       0.00      0          0          0          0          0          0          0          0          0          0
  setppc           :       0.00       0.00      7          0          1          0          0          0          1          0          0          0
  linear           :       0.00       0.00      2          0          0          0          0          0          0          0          0          0
  orbisack         :       0.00       0.00      1          0          0          0          0          0          0          0          0          0
  orbitope         :       0.00       0.00      1          0          0          0          0          0          0          0          0          0
  symretope        :       0.00       0.00      1          0          0          0          0          0          0          0          0          0
  logicor          :       0.00       0.00      0          0          0          0          0          0          0          0          0          0
  benders          :       0.00       0.00      0          0          0          0          0          0          0          0          0          0
  components       :       0.00       0.00      1          0          0          0          0          0          0          0          0          0
  root node        :          -          -      -          5          -          -          5          -          -          -          -          -
Constraints        :     Number  MaxNumber  #Separate #Propagate    #EnfoLP    #EnfoRelax  #EnfoPS    #Check   #ResProp    Cutoffs    DomReds       Cuts    Applied      Conss   Children
  benderslp        :          0          0          0          0       4117          0          0          8          0          0          0          0          0          0          0
  integral         :          0          0          0          0       4117          0          0          8          0          0          0          0          0          0       8234
  knapsack         :          0+        75          0      79225          0          0          0          0      17423        525      26595          0          0          0          0
  setppc           :        305+       327         15      78993          0          0          0          4     277872       1516     216197          0          0          0          0
  linear           :          0+       220         15      77043          0          0          0          0      13231        175      14049          3          2          0          0
  orbisack         :          2          2          0          5          0          0          0          0          1          1          0          0          0          0          0
  orbitope         :          2          2          0      77201          0          0          0          0       1010          4        406          0          0          0          0
  symretope        :          1          1          0       6542          0          0          0          0       2239        146       1108          0          0          0          0
  logicor          :          0+      4874         15      58445          0          0          0          0      53029        676      42561          5          2          0          0
  benders          :          0          0          0          0          0          0          0          0          0          0          0          0          0          0          0
  countsols        :          0          0          0          0          0          0          0          0          0          0          0          0          0          0          0
  components       :          0          0          0          0          0          0          0          0          0          0          0          0          0          0          0
Constraint Timings :  TotalTime  SetupTime   Separate  Propagate     EnfoLP     EnfoPS     EnfoRelax   Check    ResProp    SB-Prop
  benderslp        :       0.00       0.00       0.00       0.00       0.00       0.00       0.00       0.00       0.00       0.00
  integral         :       0.21       0.00       0.00       0.00       0.21       0.00       0.00       0.00       0.00       0.00
  knapsack         :       0.40       0.00       0.00       0.36       0.00       0.00       0.00       0.00       0.04       0.00
  setppc           :       1.22       0.00       0.00       1.12       0.00       0.00       0.00       0.00       0.10       0.00
  linear           :       0.20       0.00       0.00       0.18       0.00       0.00       0.00       0.00       0.02       0.00
  orbisack         :       0.00       0.00       0.00       0.00       0.00       0.00       0.00       0.00       0.00       0.00
  orbitope         :       0.21       0.00       0.00       0.20       0.00       0.00       0.00       0.00       0.01       0.00
  symretope        :       0.33       0.00       0.00       0.31       0.00       0.00       0.00       0.00       0.02       0.00
  logicor          :       1.34       0.00       0.00       1.30       0.00       0.00       0.00       0.00       0.04       0.00
  benders          :       0.00       0.00       0.00       0.00       0.00       0.00       0.00       0.00       0.00       0.00
  countsols        :       0.00       0.00       0.00       0.00       0.00       0.00       0.00       0.00       0.00       0.00
  components       :       0.00       0.00       0.00       0.00       0.00       0.00       0.00       0.00       0.00       0.00
Propagators        : #Propagate   #ResProp    Cutoffs    DomReds
  dualfix          :          1          0          0          0
  genvbounds       :          0          0          0          0
  nlobbt           :          0          0          0          0
  obbt             :          0          0          0          0
  probing          :          0          0          0          0
  pseudoobj        :          0          0          0          0
  redcost          :          0          0          0          0
  rootredcost      :          0          0          0          0
  symmetry         :          0          0          0          0
  vbounds          :      62683          0          0          0
Propagator Timings :  TotalTime  SetupTime   Presolve  Propagate    ResProp    SB-Prop
  dualfix          :       0.00       0.00       0.00       0.00       0.00       0.00
  genvbounds       :       0.01       0.00       0.00       0.01       0.00       0.00
  nlobbt           :       0.00       0.00       0.00       0.00       0.00       0.00
  obbt             :       0.00       0.00       0.00       0.00       0.00       0.00
  probing          :       0.00       0.00       0.00       0.00       0.00       0.00
  pseudoobj        :       0.01       0.00       0.00       0.01       0.00       0.00
  redcost          :       0.00       0.00       0.00       0.00       0.00       0.00
  rootredcost      :       0.00       0.00       0.00       0.00       0.00       0.00
  symmetry         :       0.01       0.00       0.00       0.01       0.00       0.00
  vbounds          :       0.12       0.00       0.00       0.12       0.00       0.00
Orbital fixing     :
  vars fixed to 0  :          0
  vars fixed to 1  :          0
Conflict Analysis  :       Time      Calls    Success    DomReds  Conflicts   Literals    Reconvs ReconvLits   Dualrays   Nonzeros   LP Iters   (pool size: [10000,10000])
  propagation      :       0.28       2989       2607          -      15190       29.4        167        9.3          -          -          -
  infeasible LP    :       0.53       2104       1804          -      13616       25.3         52        9.0        477       31.8          0
  bound exceed. LP :       0.00          0          0          -          0        0.0          0        0.0          0        0.0          0
  strong branching :       0.00          0          0          -          0        0.0          0        0.0          -          -          0
  pseudo solution  :       0.00          0          0          -          0        0.0          0        0.0          -          -          -
  applied globally :       0.10          -          -          0      15404       19.4          -          -        419          -          -
  applied locally  :          -          -          -          0        200       37.4          -          -         58          -          -
Separators         :   ExecTime  SetupTime      Calls  RootCalls    Cutoffs    DomReds  FoundCuts ViaPoolAdd  DirectAdd    Applied ViaPoolApp  DirectApp      Conss
  cut pool         :       1.64          -       1620         29          -          -      25166       9334          -          -          -          -          -    (maximal pool size:       3231)
  aggregation      :       0.39       0.00        897         15          0          0          2          0          2          0          0          0          0
  > cmir           :          -          -          -          -          -          -          -          0          1          0          0          0          -
  > flowcover      :          -          -          -          -          -          -          -          0          0          0          0          0          -
  > knapsackcover  :          -          -          -          -          -          -          -          0          1          0          0          0          -
  cgmip            :       0.00       0.00          0          0          0          0          0          0          0          0          0          0          0
  clique           :       0.01       0.00         15         15          0          0          0          0          0          0          0          0          0
  closecuts        :       0.00       0.00          0          0          0          0          0          0          0          0          0          0          0
  convexproj       :       0.00       0.00          0          0          0          0          0          0          0          0          0          0          0
  disjunctive      :       0.00       0.00          0          0          0          0          0          0          0          0          0          0          0
  eccuts           :       0.00       0.00          0          0          0          0          0          0          0          0          0          0          0
  gauge            :       0.00       0.00          0          0          0          0          0          0          0          0          0          0          0
  gomory           :       3.13       0.00        892         10          0          0      38210       9176      13150       1105        773        332          0
  > gomorymi       :          -          -          -          -          -          -          -       1346       6575        247         65        182          -
  > strongcg       :          -          -          -          -          -          -          -       7830       6575        858        708        150          -
  impliedbounds    :       0.02       0.00        897         15          0          0          0          0          0          0          0          0          0
  interminor       :       0.00       0.00          0          0          0          0          0          0          0          0          0          0          0
  intobj           :       0.00       0.00          0          0          0          0          0          0          0          0          0          0          0
  mcf              :       0.00       0.00          1          1          0          0          0          0          0          0          0          0          0
  minor            :       0.00       0.00          0          0          0          0          0          0          0          0          0          0          0
  mixing           :       0.00       0.00          0          0          0          0          0          0          0          0          0          0          0
  oddcycle         :       0.00       0.00          0          0          0          0          0          0          0          0          0          0          0
  rapidlearning    :       4.31       0.00         31          1          0       2861          0          0          0          0          0          0        470
  rlt              :       0.00       0.00         10         10          0          0          0          0          0          0          0          0          0
  zerohalf         :       0.56       0.00        897         15          0          0       1260        158       1154        989        128        861          0
Cutselectors       :   ExecTime  SetupTime      Calls  RootCalls   Selected     Forced   Filtered  RootSelec   RootForc   RootFilt 
  hybrid           :       0.03       0.00        896         15       2098          0      21550         43          0        793
Pricers            :   ExecTime  SetupTime      Calls       Vars
  problem variables:       0.00          -          0          0
Branching Rules    :   ExecTime  SetupTime   BranchLP  BranchExt   BranchPS    Cutoffs    DomReds       Cuts      Conss   Children
  allfullstrong    :       0.00       0.00          0          0          0          0          0          0          0          0
  cloud            :       0.00       0.00          0          0          0          0          0          0          0          0
  distribution     :       0.00       0.00          0          0          0          0          0          0          0          0
  fullstrong       :       0.00       0.00          0          0          0          0          0          0          0          0
  inference        :       0.00       0.00          0          0          0          0          0          0          0          0
  leastinf         :       0.00       0.00          0          0          0          0          0          0          0          0
  lookahead        :       0.00       0.00          0          0          0          0          0          0          0          0
  mostinf          :       0.00       0.00          0          0          0          0          0          0          0          0
  multaggr         :       0.00       0.00          0          0          0          0          0          0          0          0
  nodereopt        :       0.00       0.00          0          0          0          0          0          0          0          0
  pscost           :       0.00       0.00          0          0          0          0          0          0          0          0
  random           :       0.00       0.00          0          0          0          0          0          0          0          0
  relpscost        :       0.21       0.00       4117          0          0          0          0          0          0       8234
  vanillafullstrong:       0.00       0.00          0          0          0          0          0          0          0          0
Primal Heuristics  :   ExecTime  SetupTime      Calls      Found       Best
  LP solutions     :       0.00          -          -          0          0
  relax solutions  :       0.00          -          -          0          0
  pseudo solutions :       0.00          -          -          0          0
  strong branching :       0.00          -          -          0          0
  actconsdiving    :       0.00       0.00          0          0          0
  adaptivediving   :       0.21       0.00         79          0          0
  alns             :       0.01       0.00          1          0          0
  bound            :       0.00       0.00          0          0          0
  clique           :       0.00       0.00          1          0          0
  coefdiving       :       0.00       0.00          0          0          0
  completesol      :       0.00       0.00          0          0          0
  conflictdiving   :       0.14       0.00         65          0          0
  crossover        :       0.00       0.00          0          0          0
  dins             :       0.00       0.00          0          0          0
  distributiondivin:       0.24       0.00         63          0          0
  dps              :       0.00       0.00          0          0          0
  dualval          :       0.00       0.00          0          0          0
  farkasdiving     :       0.00       0.00          0          0          0
  feaspump         :       0.04       0.00          3          0          0
  fixandinfer      :       0.00       0.00          0          0          0
  fracdiving       :       0.09       0.00         64          0          0
  gins             :       0.00       0.00          0          0          0
  guideddiving     :       0.00       0.00          0          0          0
  indicator        :       0.00       0.00          0          0          0
  intdiving        :       0.00       0.00          0          0          0
  intshifting      :       0.00       0.00          0          0          0
  linesearchdiving :       0.18       0.00         64          0          0
  localbranching   :       0.00       0.00          0          0          0
  locks            :       0.00       0.00          1          0          0
  lpface           :       0.01       0.00          0          0          0
  mpec             :       0.00       0.00          0          0          0
  multistart       :       0.00       0.00          0          0          0
  mutation         :       0.00       0.00          0          0          0
  nlpdiving        :       0.00       0.00          0          0          0
  objpscostdiving  :       0.09       0.00         12          0          0
  octane           :       0.00       0.00          0          0          0
  ofins            :       0.00       0.00          0          0          0
  oneopt           :       0.00       0.00          0          0          0
  padm             :       0.00       0.00          0          0          0
  proximity        :       0.00       0.00          0          0          0
  pscostdiving     :       0.08       0.00         64          0          0
  randrounding     :       0.01       0.00         16          0          0
  rens             :       0.00       0.00          0          0          0
  reoptsols        :       0.00       0.00          0          0          0
  repair           :       0.00       0.00          0          0          0
  rins             :       0.00       0.00          0          0          0
  rootsoldiving    :       0.18       0.00         18          0          0
  rounding         :       0.05       0.00        959          0          0
  shiftandpropagate:       0.00       0.00          1          0          0
  shifting         :       0.04       0.00        414          0          0
  simplerounding   :       0.00       0.00          0          0          0
  subnlp           :       0.00       0.00          0          0          0
  trivial          :       0.00       0.00          2          0          0
  trivialnegation  :       0.00       0.00          0          0          0
  trustregion      :       0.00       0.00          0          0          0
  trysol           :       0.00       0.00          0          0          0
  twoopt           :       0.00       0.00          0          0          0
  undercover       :       0.00       0.00          0          0          0
  vbounds          :       0.00       0.00          1          0          0
  veclendiving     :       0.10       0.00         65          0          0
  zeroobj          :       0.00       0.00          0          0          0
  zirounding       :       0.02       0.00       1000          0          0
  other solutions  :          -          -          -          0          -
LP                 :       Time      Calls Iterations  Iter/call   Iter/sec  Time-0-It Calls-0-It    ItLimit
  primal LP        :       0.40        408          0       0.00       0.00       0.40        408
  dual LP          :       8.75       7026     304847      43.54   34853.98       0.01         25
  lex dual LP      :       0.00          0          0       0.00          -
  barrier LP       :       0.00          0          0       0.00          -       0.00          0
  resolve instable :       0.00          0          0       0.00          -
  diving/probing LP:       0.51        446      13624      30.55   26648.78
  strong branching :       0.07         11       2012     182.91   29079.77          -          -          0
    (at root node) :          -         11       2012     182.91          -
  conflict analysis:       0.00          0          0       0.00          -
B&B Tree           :
  number of runs   :          1
  nodes            :       7368 (4117 internal, 3251 leaves)
  feasible leaves  :          0
  infeas. leaves   :       3251
  objective leaves :          0
  nodes (total)    :       7368 (4117 internal, 3251 leaves)
  nodes left       :          0
  max depth        :         20
  max depth (total):         20
  backtracks       :       2566 (34.8%)
  early backtracks :          0 (0.0%)
  nodes exc. ref.  :          0 (0.0%)
  delayed cutoffs  :        867
  repropagations   :       4092 (100809 domain reductions, 759 cutoffs)
  avg switch length:       4.81
  switching time   :       1.89
Root Node          :
  First LP value   : +0.00000000000000e+00
  First LP Iters   :        219 (52873.01 Iter/sec)
  First LP Time    :       0.00
  Final Dual Bound : +0.00000000000000e+00
  Final Root Iters :       2144
  Root LP Estimate : +7.74067237110925e-03
Solution           :
  Solutions found  :          0 (0 improvements)
  Primal Bound     : infeasible
  Dual Bound       :          -
  Gap              :       0.00 %
Integrals          :      Total       Avg%
  primal-dual      :          -          - (problem infeasible)
  primal-ref       :          -          - (problem infeasible)
  dual-ref         :          -          - (problem infeasible)
written solution information to file <results/final_flowersnark__settings_final_peek_relabel__3__flowersnark17_3.cip.sol>
@04 1668003340
