FILENAME:   ../instances_new/flowersnark/flowersnark17_3.cip
SETTINGS:   settings_final_moresymresack_relabel_respect
TIMELIMIT:  7200
OUTPUTNAME: final_flowersnark__settings_final_moresymresack_relabel_respect__1__
BINNAME:    bin/sbcs.linux.x86_64.gnu.opt.cpx
BASENAME:   flowersnark17_3.cip
SEED:       1
@01 ../instances_new/flowersnark/flowersnark17_3.cip ===========
@02 flowersnark17_3.cip
@03 1668038013
SCIP version 8.0.2 [precision: 8 byte] [memory: block] [mode: optimized] [LP solver: CPLEX 20.1.0.0] [GitHash: 5f0473c]
Copyright (C) 2002-2022 Konrad-Zuse-Zentrum fuer Informationstechnik Berlin (ZIB)

Symretope propagation methods - (c) Jasper van Doornmalen, Christopher Hojny.
[GitHash: 8113d1c]

reading parameter file <../settings/settings_final_moresymresack_relabel_respect.set> ...

Changed settings:
limits/time = 7200
misc/usesymmetry = 1
randomization/randomseedshift = 1
constraints/orbisack/sepafreq = -1
constraints/symresack/sepafreq = -1
propagating/symmetry/addsymresacks = TRUE
propagating/symmetry/detectsubgroups = FALSE
propagating/symmetry/usesymretopes = FALSE
propagating/symmetry/relabelsymretopes = 3
propagating/symmetry/addmoresymresacks = TRUE
propagating/symmetry/ofsymcomptiming = 0
constraints/symretope/sepafreq = -1
constraints/symretope/peek = FALSE


solving problem ...

original problem has 306 variables (306 bin, 0 int, 0 impl, 0 cont) and 306 constraints
presolving:
(round 1, exhaustive) 0 del vars, 0 del conss, 0 add conss, 0 chg bounds, 0 chg sides, 0 chg coeffs, 306 upgd conss, 0 impls, 306 clqs
   (0.0s) probing: 51/306 (16.7%) - 0 fixings, 0 aggregations, 0 implications, 0 bound changes
   (0.0s) probing aborted: 50/50 successive totally useless probings
   (0.0s) symmetry computation started: requiring (bin +, int +, cont +), (fixed: bin -, int -, cont -)
   (0.0s) symmetry computation finished: 5 generators found (max: 1500, log10 of symmetry group size: 2.6)
(round 2, exhaustive) 7 del vars, 0 del conss, 37 add conss, 0 chg bounds, 0 chg sides, 0 chg coeffs, 306 upgd conss, 0 impls, 303 clqs
(round 3, fast)       16 del vars, 7 del conss, 37 add conss, 0 chg bounds, 0 chg sides, 0 chg coeffs, 306 upgd conss, 0 impls, 299 clqs
(round 4, medium)     17 del vars, 7 del conss, 37 add conss, 0 chg bounds, 0 chg sides, 0 chg coeffs, 306 upgd conss, 0 impls, 299 clqs
(round 5, fast)       18 del vars, 8 del conss, 37 add conss, 0 chg bounds, 0 chg sides, 0 chg coeffs, 306 upgd conss, 0 impls, 298 clqs
   (0.0s) probing: 56/306 (18.3%) - 0 fixings, 0 aggregations, 0 implications, 0 bound changes
   (0.0s) probing aborted: 50/50 successive totally useless probings
presolving (6 rounds: 6 fast, 4 medium, 3 exhaustive):
 18 deleted vars, 8 deleted constraints, 37 added constraints, 0 tightened bounds, 0 added holes, 0 changed sides, 0 changed coefficients
 0 implications, 298 cliques
presolved problem has 293 variables (293 bin, 0 int, 0 impl, 0 cont) and 335 constraints
    298 constraints of type <setppc>
      3 constraints of type <orbisack>
      2 constraints of type <orbitope>
     32 constraints of type <symresack>
transformed objective value is always integral (scale: 1)
Presolving Time: 0.01

 time | node  | left  |LP iter|LP it/n|mem/heur|mdpt |vars |cons |rows |cuts |sepa|confs|strbr|  dualbound   | primalbound  |  gap   | compl. 
  0.0s|     1 |     0 |   219 |     - |  6060k |   0 | 293 | 376 | 299 |   0 |  0 |  40 |   0 | 0.000000e+00 |      --      |    Inf | unknown
  0.1s|     1 |     0 |   454 |     - |  7348k |   0 | 293 | 578 | 302 |   3 |  1 |  42 |   0 | 0.000000e+00 |      --      |    Inf | unknown
  0.1s|     1 |     0 |   531 |     - |  8103k |   0 | 293 | 580 | 304 |   5 |  2 |  44 |   0 | 0.000000e+00 |      --      |    Inf | unknown
  0.2s|     1 |     0 |   643 |     - |    10M |   0 | 293 | 581 | 306 |   7 |  3 |  45 |   0 | 0.000000e+00 |      --      |    Inf | unknown
  0.2s|     1 |     0 |   707 |     - |    12M |   0 | 293 | 583 | 309 |  10 |  4 |  47 |   0 | 0.000000e+00 |      --      |    Inf | unknown
  0.3s|     1 |     0 |   777 |     - |    13M |   0 | 293 | 584 | 311 |  12 |  5 |  48 |   0 | 0.000000e+00 |      --      |    Inf | unknown
  0.3s|     1 |     0 |   833 |     - |    16M |   0 | 293 | 587 | 313 |  14 |  6 |  51 |   0 | 0.000000e+00 |      --      |    Inf | unknown
  0.3s|     1 |     0 |   933 |     - |    17M |   0 | 293 | 590 | 315 |  16 |  7 |  54 |   0 | 0.000000e+00 |      --      |    Inf | unknown
  0.4s|     1 |     0 |  1004 |     - |    19M |   0 | 293 | 591 | 317 |  18 |  8 |  55 |   0 | 0.000000e+00 |      --      |    Inf | unknown
  0.4s|     1 |     0 |  1103 |     - |    22M |   0 | 293 | 592 | 319 |  20 |  9 |  56 |   0 | 0.000000e+00 |      --      |    Inf | unknown
  0.5s|     1 |     0 |  1227 |     - |    22M |   0 | 293 | 593 | 322 |  23 | 10 |  57 |   0 | 0.000000e+00 |      --      |    Inf | unknown
  0.5s|     1 |     0 |  1325 |     - |    22M |   0 | 293 | 595 | 325 |  26 | 11 |  59 |   0 | 0.000000e+00 |      --      |    Inf | unknown
  0.6s|     1 |     2 |  1780 |     - |    22M |   0 | 293 | 604 | 325 |  26 | 11 |  68 |  11 | 0.000000e+00 |      --      |    Inf | unknown
  1.5s|   100 |    32 |  8845 |  76.0 |    24M |  17 | 293 | 844 | 317 |  58 |  2 | 317 |  11 | 0.000000e+00 |      --      |    Inf |   4.22%
  1.8s|   200 |    39 | 11683 |  52.1 |    25M |  17 | 293 |1180 | 314 |  88 |  1 | 658 |  11 | 0.000000e+00 |      --      |    Inf |   6.04%
 time | node  | left  |LP iter|LP it/n|mem/heur|mdpt |vars |cons |rows |cuts |sepa|confs|strbr|  dualbound   | primalbound  |  gap   | compl. 
  2.2s|   300 |    63 | 15150 |  46.2 |    28M |  18 | 293 |1523 | 314 | 124 |  1 |1004 |  11 | 0.000000e+00 |      --      |    Inf |   7.86%
  2.5s|   400 |    46 | 18680 |  43.5 |    29M |  18 | 293 |1809 | 315 | 161 |  1 |1293 |  11 | 0.000000e+00 |      --      |    Inf |   8.74%
  3.1s|   500 |    42 | 22665 |  42.8 |    25M |  18 | 293 |1983 | 315 | 232 |  0 |1470 |  11 | 0.000000e+00 |      --      |    Inf |  13.06%
  4.1s|   600 |    82 | 30902 |  49.4 |    26M |  18 | 293 |2299 | 316 | 310 |  1 |1787 |  11 | 0.000000e+00 |      --      |    Inf |  18.25%
  5.0s|   700 |    74 | 35196 |  48.5 |    26M |  18 | 293 |2465 | 312 | 317 |  0 |1985 |  11 | 0.000000e+00 |      --      |    Inf |  28.75%
  6.0s|   800 |    84 | 40735 |  49.3 |    26M |  18 | 293 |2653 | 314 | 370 |  0 |2226 |  11 | 0.000000e+00 |      --      |    Inf |  34.73%
  6.2s|   900 |    65 | 44776 |  48.3 |    26M |  18 | 293 |2747 |   0 | 390 |  0 |2416 |  11 | 0.000000e+00 |      --      |    Inf |  35.96%
  6.5s|  1000 |    58 | 49838 |  48.6 |    26M |  18 | 293 |2893 |   0 | 395 |  0 |2704 |  11 | 0.000000e+00 |      --      |    Inf |  36.88%
  7.0s|  1100 |    32 | 54643 |  48.5 |    26M |  18 | 293 |2799 | 318 | 444 |  0 |2941 |  11 | 0.000000e+00 |      --      |    Inf |  43.29%
  7.4s|  1200 |    21 | 58555 |  47.7 |    27M |  18 | 293 |2701 | 314 | 490 |  1 |3133 |  11 | 0.000000e+00 |      --      |    Inf |  46.19%
  7.9s|  1300 |    19 | 60894 |  45.9 |    27M |  18 | 293 |2572 | 313 | 535 |  1 |3295 |  11 | 0.000000e+00 |      --      |    Inf |  48.54%
  9.3s|  1400 |    70 | 69019 |  48.4 |    27M |  18 | 293 |2662 |   0 | 585 |  0 |3714 |  11 | 0.000000e+00 |      --      |    Inf |  49.08%
  9.8s|  1500 |   104 | 73762 |  48.3 |    27M |  18 | 293 |2769 |   0 | 603 |  0 |4098 |  11 | 0.000000e+00 |      --      |    Inf |  50.43%
 10.2s|  1600 |   115 | 77591 |  47.7 |    27M |  18 | 293 |2846 | 315 | 637 |  0 |4425 |  11 | 0.000000e+00 |      --      |    Inf |  52.14%
 10.6s|  1700 |   130 | 82682 |  47.9 |    28M |  18 | 293 |2890 | 314 | 668 |  1 |4690 |  11 | 0.000000e+00 |      --      |    Inf |  52.56%
 time | node  | left  |LP iter|LP it/n|mem/heur|mdpt |vars |cons |rows |cuts |sepa|confs|strbr|  dualbound   | primalbound  |  gap   | compl. 
 10.9s|  1800 |   166 | 86972 |  47.6 |    28M |  18 | 293 |3042 | 317 | 693 |  2 |5105 |  11 | 0.000000e+00 |      --      |    Inf |  53.29%
 11.3s|  1900 |   171 | 92153 |  47.8 |    28M |  18 | 293 |3068 | 312 | 730 |  1 |5370 |  11 | 0.000000e+00 |      --      |    Inf |  54.43%
 11.7s|  2000 |   158 | 96265 |  47.5 |    28M |  18 | 293 |3040 |   0 | 765 |  0 |5618 |  11 | 0.000000e+00 |      --      |    Inf |  55.23%
 12.1s|  2100 |   151 |100333 |  47.2 |    28M |  18 | 293 |2985 |   0 | 787 |  0 |5831 |  11 | 0.000000e+00 |      --      |    Inf |  62.39%
 12.4s|  2200 |   144 |103480 |  46.5 |    28M |  18 | 293 |2974 |   0 | 797 |  0 |6032 |  11 | 0.000000e+00 |      --      |    Inf |  63.14%
 12.6s|  2300 |   145 |106631 |  45.8 |    28M |  18 | 293 |3005 | 314 | 801 |  1 |6264 |  11 | 0.000000e+00 |      --      |    Inf |  63.66%
 13.0s|  2400 |   149 |110288 |  45.4 |    28M |  18 | 293 |3160 | 316 | 835 |  1 |6597 |  11 | 0.000000e+00 |      --      |    Inf |  64.42%
 13.3s|  2500 |   162 |114254 |  45.2 |    28M |  20 | 293 |3206 |   0 | 852 |  0 |6783 |  11 | 0.000000e+00 |      --      |    Inf |  64.58%
 13.5s|  2600 |   166 |117156 |  44.6 |    28M |  20 | 293 |3239 | 314 | 870 |  1 |6965 |  11 | 0.000000e+00 |      --      |    Inf |  65.07%
 13.7s|  2700 |   164 |119265 |  43.7 |    28M |  20 | 293 |3317 | 312 | 894 |  0 |7130 |  11 | 0.000000e+00 |      --      |    Inf |  66.47%
 13.9s|  2800 |   161 |122238 |  43.2 |    28M |  20 | 293 |3384 |   0 | 903 |  0 |7296 |  11 | 0.000000e+00 |      --      |    Inf |  66.67%
 14.2s|  2900 |   147 |125416 |  42.8 |    28M |  20 | 293 |3450 | 317 | 903 |  1 |7485 |  11 | 0.000000e+00 |      --      |    Inf |  66.97%
 14.5s|  3000 |   132 |129639 |  42.8 |    28M |  20 | 293 |3374 | 314 | 924 |  1 |7644 |  11 | 0.000000e+00 |      --      |    Inf |  67.24%
 14.7s|  3100 |   122 |132988 |  42.5 |    28M |  20 | 293 |3390 | 315 | 930 |  1 |7806 |  11 | 0.000000e+00 |      --      |    Inf |  67.45%
 15.1s|  3200 |   112 |137603 |  42.6 |    29M |  20 | 293 |3434 | 314 | 962 |  1 |7982 |  11 | 0.000000e+00 |      --      |    Inf |  67.96%
 time | node  | left  |LP iter|LP it/n|mem/heur|mdpt |vars |cons |rows |cuts |sepa|confs|strbr|  dualbound   | primalbound  |  gap   | compl. 
 15.3s|  3300 |    99 |141125 |  42.4 |    30M |  20 | 293 |3513 | 315 | 978 |  0 |8169 |  11 | 0.000000e+00 |      --      |    Inf |  68.40%
 15.7s|  3400 |    92 |145016 |  42.3 |    30M |  20 | 293 |3460 | 317 |1001 |  3 |8351 |  11 | 0.000000e+00 |      --      |    Inf |  68.71%
 15.9s|  3500 |    94 |147792 |  41.9 |    30M |  20 | 293 |3560 | 314 |1014 |  1 |8506 |  11 | 0.000000e+00 |      --      |    Inf |  69.10%
 16.1s|  3600 |    90 |150821 |  41.5 |    30M |  20 | 293 |3676 | 313 |1014 |  1 |8679 |  11 | 0.000000e+00 |      --      |    Inf |  69.28%
 16.3s|  3700 |    79 |153553 |  41.2 |    30M |  20 | 293 |3752 |   0 |1021 |  0 |8858 |  11 | 0.000000e+00 |      --      |    Inf |  69.51%
 16.5s|  3800 |    67 |157215 |  41.0 |    31M |  20 | 293 |3762 | 316 |1030 |  1 |9020 |  11 | 0.000000e+00 |      --      |    Inf |  69.70%
 16.9s|  3900 |    46 |161025 |  41.0 |    31M |  20 | 293 |3728 | 316 |1034 |  0 |9196 |  11 | 0.000000e+00 |      --      |    Inf |  82.46%
 17.1s|  4000 |    38 |165312 |  41.0 |    31M |  20 | 293 |3720 | 313 |1034 |  0 |9360 |  11 | 0.000000e+00 |      --      |    Inf |  82.74%
 17.4s|  4100 |    44 |168410 |  40.8 |    31M |  20 | 293 |3711 |   0 |1067 |  0 |9505 |  11 | 0.000000e+00 |      --      |    Inf |  83.29%
 17.9s|  4200 |    46 |172275 |  40.7 |    31M |  20 | 293 |3588 |   0 |1123 |  0 |9633 |  11 | 0.000000e+00 |      --      |    Inf |  87.06%
 18.2s|  4300 |    61 |175220 |  40.5 |    31M |  20 | 293 |3649 |   0 |1164 |  0 |9816 |  11 | 0.000000e+00 |      --      |    Inf |  87.54%
 18.4s|  4400 |    45 |176607 |  39.8 |    31M |  20 | 293 |3773 | 314 |1168 |  1 |9993 |  11 | 0.000000e+00 |      --      |    Inf |  88.02%
 18.6s|  4500 |    44 |178757 |  39.4 |    32M |  20 | 293 |3856 | 316 |1186 |  1 |  10k|  11 | 0.000000e+00 |      --      |    Inf |  88.42%
 19.0s|  4600 |    33 |182845 |  39.5 |    32M |  20 | 293 |3862 | 316 |1214 |  1 |  10k|  11 | 0.000000e+00 |      --      |    Inf |  92.07%
 19.3s|  4700 |    30 |186319 |  39.4 |    32M |  20 | 293 |3939 | 318 |1228 |  1 |  10k|  11 | 0.000000e+00 |      --      |    Inf |  92.32%
 time | node  | left  |LP iter|LP it/n|mem/heur|mdpt |vars |cons |rows |cuts |sepa|confs|strbr|  dualbound   | primalbound  |  gap   | compl. 
 19.5s|  4800 |    29 |190264 |  39.4 |    32M |  20 | 293 |4009 | 317 |1245 |  1 |  10k|  11 | 0.000000e+00 |      --      |    Inf |  92.45%
 19.8s|  4900 |    29 |195202 |  39.6 |    33M |  20 | 293 |3987 | 316 |1249 |  1 |  10k|  11 | 0.000000e+00 |      --      |    Inf |  92.67%
 20.1s|  5000 |    28 |200473 |  39.8 |    33M |  20 | 293 |4040 | 315 |1256 |  0 |  11k|  11 | 0.000000e+00 |      --      |    Inf |  92.74%
 20.4s|  5100 |    16 |204191 |  39.8 |    33M |  20 | 293 |4166 | 315 |1256 |  1 |  11k|  11 | 0.000000e+00 |      --      |    Inf |  99.07%
 20.8s|  5200 |    14 |209113 |  40.0 |    33M |  20 | 293 |4189 | 313 |1279 |  0 |  11k|  11 | 0.000000e+00 |      --      |    Inf |  99.62%
 21.1s|  5300 |     1 |212493 |  39.9 |    33M |  20 | 293 |4148 |   0 |1284 |  0 |  11k|  11 | 0.000000e+00 |      --      |    Inf | 100.00%

SCIP Status        : problem is solved [infeasible]
Solving Time (sec) : 21.06
Solving Nodes      : 5301
Primal Bound       : +1.00000000000000e+20 (0 solutions)
Dual Bound         : +1.00000000000000e+20
Gap                : 0.00 %
SCIP Status        : problem is solved [infeasible]
Total Time         :      21.06
  solving          :      21.06
  presolving       :       0.01 (included in solving)
  reading          :       0.00
  copying          :       0.29 (34 #copies) (minimal 0.00, maximal 0.01, average 0.01)
Original Problem   :
  Problem name     : model
  Variables        : 306 (306 binary, 0 integer, 0 implicit integer, 0 continuous)
  Constraints      : 306 initial, 306 maximal
  Objective        : minimize, 0 non-zeros (abs.min = 1e+20, abs.max = -1e+20)
Presolved Problem  :
  Problem name     : t_model
  Variables        : 293 (293 binary, 0 integer, 0 implicit integer, 0 continuous)
  Constraints      : 335 initial, 4216 maximal
  Objective        : minimize, 0 non-zeros (abs.min = 1e+20, abs.max = -1e+20)
  Nonzeros         : 11786 constraint, 911 clique table
Presolvers         :   ExecTime  SetupTime  Calls  FixedVars   AggrVars   ChgTypes  ChgBounds   AddHoles    DelCons    AddCons   ChgSides   ChgCoefs
  boundshift       :       0.00       0.00      0          0          0          0          0          0          0          0          0          0
  convertinttobin  :       0.00       0.00      0          0          0          0          0          0          0          0          0          0
  domcol           :       0.00       0.00      2          0          0          0          0          0          0          0          0          0
  dualagg          :       0.00       0.00      0          0          0          0          0          0          0          0          0          0
  dualcomp         :       0.00       0.00      0          0          0          0          0          0          0          0          0          0
  dualinfer        :       0.00       0.00      0          0          0          0          0          0          0          0          0          0
  dualsparsify     :       0.00       0.00      1          0          0          0          0          0          0          0          0          0
  gateextraction   :       0.00       0.00      0          0          0          0          0          0          0          0          0          0
  implics          :       0.00       0.00      4          0          0          0          0          0          0          0          0          0
  inttobinary      :       0.00       0.00      0          0          0          0          0          0          0          0          0          0
  qpkktref         :       0.00       0.00      0          0          0          0          0          0          0          0          0          0
  redvub           :       0.00       0.00      0          0          0          0          0          0          0          0          0          0
  sparsify         :       0.00       0.00      1          0          0          0          0          0          0          0          0          0
  stuffing         :       0.00       0.00      0          0          0          0          0          0          0          0          0          0
  trivial          :       0.00       0.00      6          5          0          0          0          0          0          0          0          0
  tworowbnd        :       0.00       0.00      0          0          0          0          0          0          0          0          0          0
  dualfix          :       0.00       0.00      6          0          0          0          0          0          0          0          0          0
  genvbounds       :       0.00       0.00      0          0          0          0          0          0          0          0          0          0
  probing          :       0.00       0.00      2          0          0          0          0          0          0          0          0          0
  pseudoobj        :       0.00       0.00      0          0          0          0          0          0          0          0          0          0
  symmetry         :       0.00       0.00      1          2          0          0          0          0          0         37          0          0
  vbounds          :       0.00       0.00      1          0          0          0          0          0          0          0          0          0
  knapsack         :       0.00       0.00      0          0          0          0          0          0          0          0          0          0
  setppc           :       0.00       0.00     10          0          5          0          0          0          8          0          0          0
  linear           :       0.00       0.00      2          0          0          0          0          0          0          0          0          0
  orbisack         :       0.00       0.00      1          0          0          0          0          0          0          0          0          0
  orbitope         :       0.00       0.00      2          1          0          0          0          0          0          0          0          0
  symresack        :       0.00       0.00      1          0          0          0          0          0          0          0          0          0
  logicor          :       0.00       0.00      0          0          0          0          0          0          0          0          0          0
  benders          :       0.00       0.00      0          0          0          0          0          0          0          0          0          0
  components       :       0.00       0.00      1          0          0          0          0          0          0          0          0          0
  root node        :          -          -      -          4          -          -          4          -          -          -          -          -
Constraints        :     Number  MaxNumber  #Separate #Propagate    #EnfoLP    #EnfoRelax  #EnfoPS    #Check   #ResProp    Cutoffs    DomReds       Cuts    Applied      Conss   Children
  benderslp        :          0          0          0          0       3033          0          0          8          0          0          0          0          0          0          0
  integral         :          0          0          0          0       3033          0          0          8          0          0          0          0          0          0       6066
  knapsack         :          0+        87          0      46853          0          0          0          0      16340        511      20831          0          0          0          0
  setppc           :        298+       318         11      47092          0          0          0          4     196005       1324     121398          0          0          0          0
  linear           :          0+       217         11      45320          0          0          0          0       4598        118       5071          0          0          0          0
  orbisack         :          3          3          0        169          0          0          0          0        514         22        122          0          0          0          0
  orbitope         :          2          2          0      45528          0          0          0          0       2264          8        774          0          0          0          0
  symresack        :         32         32          0       9033          0          0          0          0        683         68        564          0          0          0          0
  logicor          :          0+      3790         11      33174          0          0          0          0      32311        514      20743          0          0          0          0
  benders          :          0          0          0          0          0          0          0          0          0          0          0          0          0          0          0
  countsols        :          0          0          0          0          0          0          0          0          0          0          0          0          0          0          0
  components       :          0          0          0          0          0          0          0          0          0          0          0          0          0          0          0
Constraint Timings :  TotalTime  SetupTime   Separate  Propagate     EnfoLP     EnfoPS     EnfoRelax   Check    ResProp    SB-Prop
  benderslp        :       0.00       0.00       0.00       0.00       0.00       0.00       0.00       0.00       0.00       0.00
  integral         :       0.21       0.00       0.00       0.00       0.21       0.00       0.00       0.00       0.00       0.00
  knapsack         :       0.38       0.00       0.00       0.34       0.00       0.00       0.00       0.00       0.04       0.00
  setppc           :       0.84       0.00       0.00       0.76       0.00       0.00       0.00       0.00       0.08       0.00
  linear           :       0.14       0.00       0.00       0.13       0.00       0.00       0.00       0.00       0.01       0.00
  orbisack         :       0.01       0.00       0.00       0.01       0.00       0.00       0.00       0.00       0.00       0.00
  orbitope         :       0.15       0.00       0.00       0.13       0.00       0.00       0.00       0.00       0.02       0.00
  symresack        :       0.04       0.00       0.00       0.04       0.00       0.00       0.00       0.00       0.00       0.00
  logicor          :       0.81       0.00       0.00       0.78       0.00       0.00       0.00       0.00       0.03       0.00
  benders          :       0.00       0.00       0.00       0.00       0.00       0.00       0.00       0.00       0.00       0.00
  countsols        :       0.00       0.00       0.00       0.00       0.00       0.00       0.00       0.00       0.00       0.00
  components       :       0.00       0.00       0.00       0.00       0.00       0.00       0.00       0.00       0.00       0.00
Propagators        : #Propagate   #ResProp    Cutoffs    DomReds
  dualfix          :          1          0          0          0
  genvbounds       :          0          0          0          0
  nlobbt           :          0          0          0          0
  obbt             :          0          0          0          0
  probing          :          0          0          0          0
  pseudoobj        :          0          0          0          0
  redcost          :          0          0          0          0
  rootredcost      :          0          0          0          0
  symmetry         :          0          0          0          0
  vbounds          :      36686          0          0          0
Propagator Timings :  TotalTime  SetupTime   Presolve  Propagate    ResProp    SB-Prop
  dualfix          :       0.00       0.00       0.00       0.00       0.00       0.00
  genvbounds       :       0.01       0.00       0.00       0.01       0.00       0.00
  nlobbt           :       0.00       0.00       0.00       0.00       0.00       0.00
  obbt             :       0.00       0.00       0.00       0.00       0.00       0.00
  probing          :       0.00       0.00       0.00       0.00       0.00       0.00
  pseudoobj        :       0.01       0.00       0.00       0.01       0.00       0.00
  redcost          :       0.00       0.00       0.00       0.00       0.00       0.00
  rootredcost      :       0.00       0.00       0.00       0.00       0.00       0.00
  symmetry         :       0.01       0.00       0.00       0.00       0.00       0.00
  vbounds          :       0.08       0.00       0.00       0.08       0.00       0.00
Orbital fixing     :
  vars fixed to 0  :          0
  vars fixed to 1  :          0
Conflict Analysis  :       Time      Calls    Success    DomReds  Conflicts   Literals    Reconvs ReconvLits   Dualrays   Nonzeros   LP Iters   (pool size: [10000,10000])
  propagation      :       0.23       2524       2246          -      11854       26.4        151       10.6          -          -          -
  infeasible LP    :       0.38       1369       1266          -       8344       21.6         30        9.9        554       28.7          0
  bound exceed. LP :       0.00          0          0          -          0        0.0          0        0.0          0        0.0          0
  strong branching :       0.00          0          0          -          0        0.0          0        0.0          -          -          0
  pseudo solution  :       0.00          0          0          -          0        0.0          0        0.0          -          -          -
  applied globally :       0.07          -          -          0      10887       17.3          -          -        516          -          -
  applied locally  :          -          -          -          0        144       32.8          -          -         38          -          -
Separators         :   ExecTime  SetupTime      Calls  RootCalls    Cutoffs    DomReds  FoundCuts ViaPoolAdd  DirectAdd    Applied ViaPoolApp  DirectApp      Conss
  cut pool         :       1.02          -       1015         21          -          -      16686       5904          -          -          -          -          -    (maximal pool size:       3822)
  aggregation      :       0.76       0.00        543         11          0          0          0          0          0          0          0          0          0
  > cmir           :          -          -          -          -          -          -          -          0          0          0          0          0          -
  > flowcover      :          -          -          -          -          -          -          -          0          0          0          0          0          -
  > knapsackcover  :          -          -          -          -          -          -          -          0          0          0          0          0          -
  cgmip            :       0.00       0.00          0          0          0          0          0          0          0          0          0          0          0
  clique           :       0.01       0.00         11         11          0          0          0          0          0          0          0          0          0
  closecuts        :       0.00       0.00          0          0          0          0          0          0          0          0          0          0          0
  convexproj       :       0.00       0.00          0          0          0          0          0          0          0          0          0          0          0
  disjunctive      :       0.00       0.00          0          0          0          0          0          0          0          0          0          0          0
  eccuts           :       0.00       0.00          0          0          0          0          0          0          0          0          0          0          0
  gauge            :       0.00       0.00          0          0          0          0          0          0          0          0          0          0          0
  gomory           :       1.85       0.00        542         10          0          0      23084       5591       6610        629        444        185          0
  > gomorymi       :          -          -          -          -          -          -          -       1366       3305        152         41        111          -
  > strongcg       :          -          -          -          -          -          -          -       4225       3305        477        403         74          -
  impliedbounds    :       0.01       0.00        543         11          0          0         13         48          0         45         45          0          0
  interminor       :       0.00       0.00          0          0          0          0          0          0          0          0          0          0          0
  intobj           :       0.00       0.00          0          0          0          0          0          0          0          0          0          0          0
  mcf              :       0.00       0.00          1          1          0          0          0          0          0          0          0          0          0
  minor            :       0.00       0.00          0          0          0          0          0          0          0          0          0          0          0
  mixing           :       0.00       0.00          0          0          0          0          0          0          0          0          0          0          0
  oddcycle         :       0.00       0.00          0          0          0          0          0          0          0          0          0          0          0
  rapidlearning    :       4.18       0.00         33          1          0       2967          0          0          0          0          0          0        388
  rlt              :       0.00       0.00         10         10          0          0          0          0          0          0          0          0          0
  zerohalf         :       0.29       0.00        543         11          0          0        811        265        612        610        172        438          0
Cutselectors       :   ExecTime  SetupTime      Calls  RootCalls   Selected     Forced   Filtered  RootSelec   RootForc   RootFilt 
  hybrid           :       0.02       0.00        533         11       1284          0      11817         26          0       1452
Pricers            :   ExecTime  SetupTime      Calls       Vars
  problem variables:       0.00          -          0          0
Branching Rules    :   ExecTime  SetupTime   BranchLP  BranchExt   BranchPS    Cutoffs    DomReds       Cuts      Conss   Children
  allfullstrong    :       0.00       0.00          0          0          0          0          0          0          0          0
  cloud            :       0.00       0.00          0          0          0          0          0          0          0          0
  distribution     :       0.00       0.00          0          0          0          0          0          0          0          0
  fullstrong       :       0.00       0.00          0          0          0          0          0          0          0          0
  inference        :       0.00       0.00          0          0          0          0          0          0          0          0
  leastinf         :       0.00       0.00          0          0          0          0          0          0          0          0
  lookahead        :       0.00       0.00          0          0          0          0          0          0          0          0
  mostinf          :       0.00       0.00          0          0          0          0          0          0          0          0
  multaggr         :       0.00       0.00          0          0          0          0          0          0          0          0
  nodereopt        :       0.00       0.00          0          0          0          0          0          0          0          0
  pscost           :       0.00       0.00          0          0          0          0          0          0          0          0
  random           :       0.00       0.00          0          0          0          0          0          0          0          0
  relpscost        :       0.20       0.00       3033          0          0          0          0          0          0       6066
  vanillafullstrong:       0.00       0.00          0          0          0          0          0          0          0          0
Primal Heuristics  :   ExecTime  SetupTime      Calls      Found       Best
  LP solutions     :       0.00          -          -          0          0
  relax solutions  :       0.00          -          -          0          0
  pseudo solutions :       0.00          -          -          0          0
  strong branching :       0.00          -          -          0          0
  actconsdiving    :       0.00       0.00          0          0          0
  adaptivediving   :       0.20       0.00         66          0          0
  alns             :       0.01       0.00          3          0          0
  bound            :       0.00       0.00          0          0          0
  clique           :       0.00       0.00          1          0          0
  coefdiving       :       0.00       0.00          0          0          0
  completesol      :       0.00       0.00          0          0          0
  conflictdiving   :       0.10       0.00         62          0          0
  crossover        :       0.00       0.00          0          0          0
  dins             :       0.00       0.00          0          0          0
  distributiondivin:       0.21       0.00         62          0          0
  dps              :       0.00       0.00          0          0          0
  dualval          :       0.00       0.00          0          0          0
  farkasdiving     :       0.00       0.00          0          0          0
  feaspump         :       0.08       0.00          8          0          0
  fixandinfer      :       0.00       0.00          0          0          0
  fracdiving       :       0.11       0.00         62          0          0
  gins             :       0.00       0.00          0          0          0
  guideddiving     :       0.00       0.00          0          0          0
  indicator        :       0.00       0.00          0          0          0
  intdiving        :       0.00       0.00          0          0          0
  intshifting      :       0.00       0.00          0          0          0
  linesearchdiving :       0.16       0.00         62          0          0
  localbranching   :       0.00       0.00          0          0          0
  locks            :       0.00       0.00          1          0          0
  lpface           :       0.01       0.00          0          0          0
  mpec             :       0.00       0.00          0          0          0
  multistart       :       0.00       0.00          0          0          0
  mutation         :       0.00       0.00          0          0          0
  nlpdiving        :       0.00       0.00          0          0          0
  objpscostdiving  :       0.13       0.00         10          0          0
  octane           :       0.00       0.00          0          0          0
  ofins            :       0.00       0.00          0          0          0
  oneopt           :       0.00       0.00          0          0          0
  padm             :       0.00       0.00          0          0          0
  proximity        :       0.00       0.00          0          0          0
  pscostdiving     :       0.12       0.00         62          0          0
  randrounding     :       0.01       0.00         13          0          0
  rens             :       0.00       0.00          0          0          0
  reoptsols        :       0.00       0.00          0          0          0
  repair           :       0.00       0.00          0          0          0
  rins             :       0.00       0.00          0          0          0
  rootsoldiving    :       0.18       0.00         14          0          0
  rounding         :       0.04       0.00        781          0          0
  shiftandpropagate:       0.00       0.00          1          0          0
  shifting         :       0.03       0.00        319          0          0
  simplerounding   :       0.00       0.00          0          0          0
  subnlp           :       0.00       0.00          0          0          0
  trivial          :       0.00       0.00          2          0          0
  trivialnegation  :       0.00       0.00          0          0          0
  trustregion      :       0.00       0.00          0          0          0
  trysol           :       0.00       0.00          0          0          0
  twoopt           :       0.00       0.00          0          0          0
  undercover       :       0.00       0.00          0          0          0
  vbounds          :       0.00       0.00          1          0          0
  veclendiving     :       0.11       0.00         62          0          0
  zeroobj          :       0.00       0.00          0          0          0
  zirounding       :       0.02       0.00       1000          0          0
  other solutions  :          -          -          -          0          -
LP                 :       Time      Calls Iterations  Iter/call   Iter/sec  Time-0-It Calls-0-It    ItLimit
  primal LP        :       0.25        241          0       0.00       0.00       0.25        241
  dual LP          :       6.39       4860     196003      40.50   30663.66       0.01         20
  lex dual LP      :       0.00          0          0       0.00          -
  barrier LP       :       0.00          0          0       0.00          -       0.00          0
  resolve instable :       0.00          0          0       0.00          -
  diving/probing LP:       0.65        486      16490      33.93   25524.18
  strong branching :       0.08         11       1983     180.27   25033.45          -          -          0
    (at root node) :          -         11       1983     180.27          -
  conflict analysis:       0.00          0          0       0.00          -
B&B Tree           :
  number of runs   :          1
  nodes            :       5301 (3033 internal, 2268 leaves)
  feasible leaves  :          0
  infeas. leaves   :       2268
  objective leaves :          0
  nodes (total)    :       5301 (3033 internal, 2268 leaves)
  nodes left       :          0
  max depth        :         20
  max depth (total):         20
  backtracks       :       1915 (36.1%)
  early backtracks :          0 (0.0%)
  nodes exc. ref.  :          0 (0.0%)
  delayed cutoffs  :        766
  repropagations   :       3603 (55300 domain reductions, 619 cutoffs)
  avg switch length:       4.49
  switching time   :       1.22
Root Node          :
  First LP value   : +0.00000000000000e+00
  First LP Iters   :        219 (43660.29 Iter/sec)
  First LP Time    :       0.01
  Final Dual Bound : +0.00000000000000e+00
  Final Root Iters :       1325
  Root LP Estimate : +8.60890074067969e-03
Solution           :
  Solutions found  :          0 (0 improvements)
  Primal Bound     : infeasible
  Dual Bound       :          -
  Gap              :       0.00 %
Integrals          :      Total       Avg%
  primal-dual      :          -          - (problem infeasible)
  primal-ref       :          -          - (problem infeasible)
  dual-ref         :          -          - (problem infeasible)
written solution information to file <results/final_flowersnark__settings_final_moresymresack_relabel_respect__1__flowersnark17_3.cip.sol>
@04 1668038034
