FILENAME:   ../instances_new/flowersnark/flowersnark11_3.cip
SETTINGS:   settings_final_nosymretope_relabel
TIMELIMIT:  7200
OUTPUTNAME: final_flowersnark__settings_final_nosymretope_relabel__2__
BINNAME:    bin/sbcs.linux.x86_64.gnu.opt.cpx
BASENAME:   flowersnark11_3.cip
SEED:       2
@01 ../instances_new/flowersnark/flowersnark11_3.cip ===========
@02 flowersnark11_3.cip
@03 1667976283
SCIP version 8.0.2 [precision: 8 byte] [memory: block] [mode: optimized] [LP solver: CPLEX 20.1.0.0] [GitHash: 5f0473c]
Copyright (C) 2002-2022 Konrad-Zuse-Zentrum fuer Informationstechnik Berlin (ZIB)

Symretope propagation methods - (c) Jasper van Doornmalen, Christopher Hojny.
[GitHash: 2fd0484]

reading parameter file <../settings/settings_final_nosymretope_relabel.set> ...

Changed settings:
limits/time = 7200
misc/usesymmetry = 1
randomization/randomseedshift = 2
constraints/orbisack/sepafreq = -1
constraints/symresack/sepafreq = -1
propagating/symmetry/addsymresacks = TRUE
propagating/symmetry/detectsubgroups = FALSE
propagating/symmetry/usesymretopes = FALSE
propagating/symmetry/ofsymcomptiming = 0
constraints/symretope/sepafreq = -1
constraints/symretope/peek = FALSE


solving problem ...

original problem has 198 variables (198 bin, 0 int, 0 impl, 0 cont) and 198 constraints
presolving:
(round 1, exhaustive) 0 del vars, 0 del conss, 0 add conss, 0 chg bounds, 0 chg sides, 0 chg coeffs, 198 upgd conss, 0 impls, 198 clqs
   (0.0s) probing: 51/198 (25.8%) - 0 fixings, 0 aggregations, 0 implications, 0 bound changes
   (0.0s) probing aborted: 50/50 successive totally useless probings
   (0.0s) symmetry computation started: requiring (bin +, int +, cont +), (fixed: bin -, int -, cont -)
   (0.0s) symmetry computation finished: 5 generators found (max: 1500, log10 of symmetry group size: 2.4)
(round 2, exhaustive) 1 del vars, 0 del conss, 5 add conss, 0 chg bounds, 0 chg sides, 0 chg coeffs, 198 upgd conss, 0 impls, 198 clqs
(round 3, fast)       2 del vars, 1 del conss, 5 add conss, 0 chg bounds, 0 chg sides, 0 chg coeffs, 198 upgd conss, 0 impls, 197 clqs
   (0.0s) probing cycle finished: starting next cycle
(round 4, exhaustive) 6 del vars, 1 del conss, 5 add conss, 0 chg bounds, 0 chg sides, 0 chg coeffs, 198 upgd conss, 0 impls, 261 clqs
(round 5, fast)       6 del vars, 4 del conss, 5 add conss, 0 chg bounds, 0 chg sides, 0 chg coeffs, 198 upgd conss, 0 impls, 261 clqs
   (0.0s) probing cycle finished: starting next cycle
(round 6, exhaustive) 8 del vars, 4 del conss, 5 add conss, 0 chg bounds, 0 chg sides, 0 chg coeffs, 198 upgd conss, 0 impls, 274 clqs
(round 7, fast)       8 del vars, 6 del conss, 5 add conss, 0 chg bounds, 0 chg sides, 0 chg coeffs, 198 upgd conss, 0 impls, 274 clqs
   (0.0s) probing: 61/192 (31.8%) - 1 fixings, 5 aggregations, 96 implications, 0 bound changes
   (0.0s) probing aborted: 50/50 successive totally useless probings
presolving (8 rounds: 8 fast, 5 medium, 5 exhaustive):
 8 deleted vars, 6 deleted constraints, 5 added constraints, 0 tightened bounds, 0 added holes, 0 changed sides, 0 changed coefficients
 0 implications, 274 cliques
presolved problem has 190 variables (190 bin, 0 int, 0 impl, 0 cont) and 197 constraints
    192 constraints of type <setppc>
      2 constraints of type <orbisack>
      2 constraints of type <orbitope>
      1 constraints of type <symresack>
transformed objective value is always integral (scale: 1)
Presolving Time: 0.02

 time | node  | left  |LP iter|LP it/n|mem/heur|mdpt |vars |cons |rows |cuts |sepa|confs|strbr|  dualbound   | primalbound  |  gap   | compl. 
  0.0s|     1 |     0 |   125 |     - |  3165k |   0 | 190 | 240 | 195 |   0 |  0 |  42 |   0 | 0.000000e+00 |      --      |    Inf | unknown
  0.1s|     1 |     0 |   324 |     - |  3362k |   0 | 190 | 441 | 197 |   2 |  1 |  43 |   0 | 0.000000e+00 |      --      |    Inf | unknown
  0.1s|     1 |     0 |   390 |     - |  4526k |   0 | 190 | 442 | 200 |   5 |  2 |  44 |   0 | 0.000000e+00 |      --      |    Inf | unknown
  0.1s|     1 |     0 |   469 |     - |  4976k |   0 | 190 | 443 | 201 |   6 |  3 |  45 |   0 | 0.000000e+00 |      --      |    Inf | unknown
  0.1s|     1 |     0 |   521 |     - |  6091k |   0 | 190 | 444 | 204 |   9 |  4 |  46 |   0 | 0.000000e+00 |      --      |    Inf | unknown
  0.2s|     1 |     0 |   611 |     - |  7004k |   0 | 190 | 445 | 205 |  10 |  5 |  47 |   0 | 0.000000e+00 |      --      |    Inf | unknown
  0.2s|     1 |     0 |   682 |     - |  8584k |   0 | 190 | 446 | 206 |  11 |  6 |  48 |   0 | 0.000000e+00 |      --      |    Inf | unknown
  0.2s|     1 |     0 |   776 |     - |  8636k |   0 | 190 | 448 | 208 |  13 |  7 |  50 |   0 | 0.000000e+00 |      --      |    Inf | unknown
  0.2s|     1 |     0 |   872 |     - |    12M |   0 | 190 | 450 | 210 |  15 |  8 |  52 |   0 | 0.000000e+00 |      --      |    Inf | unknown
  0.2s|     1 |     0 |   977 |     - |    12M |   0 | 190 | 451 | 212 |  17 |  9 |  53 |   0 | 0.000000e+00 |      --      |    Inf | unknown
  0.3s|     1 |     0 |  1041 |     - |    14M |   0 | 190 | 452 | 213 |  18 | 10 |  54 |   0 | 0.000000e+00 |      --      |    Inf | unknown
  0.3s|     1 |     0 |  1108 |     - |    14M |   0 | 190 | 454 | 209 |  19 | 11 |  56 |   0 | 0.000000e+00 |      --      |    Inf | unknown
  0.3s|     1 |     0 |  1182 |     - |    14M |   0 | 190 | 455 | 211 |  21 | 12 |  57 |   0 | 0.000000e+00 |      --      |    Inf | unknown
  0.3s|     1 |     0 |  1252 |     - |    15M |   0 | 190 | 456 | 212 |  22 | 13 |  58 |   0 | 0.000000e+00 |      --      |    Inf | unknown
  0.4s|     1 |     2 |  1423 |     - |    15M |   0 | 190 | 464 | 212 |  22 | 13 |  66 |  10 | 0.000000e+00 |      --      |    Inf | unknown
 time | node  | left  |LP iter|LP it/n|mem/heur|mdpt |vars |cons |rows |cuts |sepa|confs|strbr|  dualbound   | primalbound  |  gap   | compl. 
  1.4s|   100 |    12 |  8594 |  74.2 |    16M |  12 | 190 | 637 | 210 |  74 |  0 | 241 |  10 | 0.000000e+00 |      --      |    Inf |  76.03%

SCIP Status        : problem is solved [infeasible]
Solving Time (sec) : 1.92
Solving Nodes      : 155
Primal Bound       : +1.00000000000000e+20 (0 solutions)
Dual Bound         : +1.00000000000000e+20
Gap                : 0.00 %
SCIP Status        : problem is solved [infeasible]
Total Time         :       1.92
  solving          :       1.92
  presolving       :       0.02 (included in solving)
  reading          :       0.00
  copying          :       0.09 (34 #copies) (minimal 0.00, maximal 0.00, average 0.00)
Original Problem   :
  Problem name     : model
  Variables        : 198 (198 binary, 0 integer, 0 implicit integer, 0 continuous)
  Constraints      : 198 initial, 198 maximal
  Objective        : minimize, 0 non-zeros (abs.min = 1e+20, abs.max = -1e+20)
Presolved Problem  :
  Problem name     : t_model
  Variables        : 190 (190 binary, 0 integer, 0 implicit integer, 0 continuous)
  Constraints      : 197 initial, 710 maximal
  Objective        : minimize, 0 non-zeros (abs.min = 1e+20, abs.max = -1e+20)
  Nonzeros         : 1356 constraint, 734 clique table
Presolvers         :   ExecTime  SetupTime  Calls  FixedVars   AggrVars   ChgTypes  ChgBounds   AddHoles    DelCons    AddCons   ChgSides   ChgCoefs
  boundshift       :       0.00       0.00      0          0          0          0          0          0          0          0          0          0
  convertinttobin  :       0.00       0.00      0          0          0          0          0          0          0          0          0          0
  domcol           :       0.00       0.00      4          0          0          0          0          0          0          0          0          0
  dualagg          :       0.00       0.00      0          0          0          0          0          0          0          0          0          0
  dualcomp         :       0.00       0.00      0          0          0          0          0          0          0          0          0          0
  dualinfer        :       0.00       0.00      0          0          0          0          0          0          0          0          0          0
  dualsparsify     :       0.00       0.00      1          0          0          0          0          0          0          0          0          0
  gateextraction   :       0.00       0.00      0          0          0          0          0          0          0          0          0          0
  implics          :       0.00       0.00      5          0          0          0          0          0          0          0          0          0
  inttobinary      :       0.00       0.00      0          0          0          0          0          0          0          0          0          0
  qpkktref         :       0.00       0.00      0          0          0          0          0          0          0          0          0          0
  redvub           :       0.00       0.00      0          0          0          0          0          0          0          0          0          0
  sparsify         :       0.00       0.00      2          0          0          0          0          0          0          0          0          0
  stuffing         :       0.00       0.00      0          0          0          0          0          0          0          0          0          0
  trivial          :       0.00       0.00      8          0          0          0          0          0          0          0          0          0
  tworowbnd        :       0.00       0.00      0          0          0          0          0          0          0          0          0          0
  dualfix          :       0.00       0.00      8          0          0          0          0          0          0          0          0          0
  genvbounds       :       0.00       0.00      0          0          0          0          0          0          0          0          0          0
  probing          :       0.01       0.00      4          1          5          0          0          0          0          0          0          0
  pseudoobj        :       0.00       0.00      0          0          0          0          0          0          0          0          0          0
  symmetry         :       0.00       0.00      1          1          0          0          0          0          0          5          0          0
  vbounds          :       0.00       0.00      2          0          0          0          0          0          0          0          0          0
  knapsack         :       0.00       0.00      0          0          0          0          0          0          0          0          0          0
  setppc           :       0.00       0.00     15          0          1          0          0          0          6          0          0          0
  linear           :       0.00       0.00      2          0          0          0          0          0          0          0          0          0
  orbisack         :       0.00       0.00      3          0          0          0          0          0          0          0          0          0
  orbitope         :       0.00       0.00      3          0          0          0          0          0          0          0          0          0
  symresack        :       0.00       0.00      3          0          0          0          0          0          0          0          0          0
  logicor          :       0.00       0.00      0          0          0          0          0          0          0          0          0          0
  benders          :       0.00       0.00      0          0          0          0          0          0          0          0          0          0
  components       :       0.00       0.00      1          0          0          0          0          0          0          0          0          0
  root node        :          -          -      -          2          -          -          2          -          -          -          -          -
Constraints        :     Number  MaxNumber  #Separate #Propagate    #EnfoLP    #EnfoRelax  #EnfoPS    #Check   #ResProp    Cutoffs    DomReds       Cuts    Applied      Conss   Children
  benderslp        :          0          0          0          0         78          0          0          7          0          0          0          0          0          0          0
  integral         :          0          0          0          0         78          0          0          7          0          0          0          0          0          0        156
  knapsack         :          0+        29          0        943          0          0          0          0         36          1         36          0          0          0          0
  setppc           :        192+       204         13       2401          0          0          0          3       1524         55       1193          1          0          0          0
  linear           :          0+       211         13       1162          0          0          0          0         88          2         55          3          2          0          0
  orbisack         :          2          2          0          8          0          0          0          0          2          1          1          0          0          0          0
  orbitope         :          2          2          0       2243          0          0          0          0         21          3          0          0          0          0          0
  symresack        :          1          1          0        386          0          0          0          0         12          2          1          0          0          0          0
  logicor          :          0+       273         13        745          0          0          0          0        137          0        109          0          0          0          0
  benders          :          0          0          0          0          0          0          0          0          0          0          0          0          0          0          0
  countsols        :          0          0          0          0          0          0          0          0          0          0          0          0          0          0          0
  components       :          0          0          0          0          0          0          0          0          0          0          0          0          0          0          0
Constraint Timings :  TotalTime  SetupTime   Separate  Propagate     EnfoLP     EnfoPS     EnfoRelax   Check    ResProp    SB-Prop
  benderslp        :       0.00       0.00       0.00       0.00       0.00       0.00       0.00       0.00       0.00       0.00
  integral         :       0.06       0.00       0.00       0.00       0.06       0.00       0.00       0.00       0.00       0.00
  knapsack         :       0.00       0.00       0.00       0.00       0.00       0.00       0.00       0.00       0.00       0.00
  setppc           :       0.01       0.00       0.00       0.01       0.00       0.00       0.00       0.00       0.00       0.00
  linear           :       0.01       0.00       0.00       0.01       0.00       0.00       0.00       0.00       0.00       0.00
  orbisack         :       0.00       0.00       0.00       0.00       0.00       0.00       0.00       0.00       0.00       0.00
  orbitope         :       0.00       0.00       0.00       0.00       0.00       0.00       0.00       0.00       0.00       0.00
  symresack        :       0.00       0.00       0.00       0.00       0.00       0.00       0.00       0.00       0.00       0.00
  logicor          :       0.00       0.00       0.00       0.00       0.00       0.00       0.00       0.00       0.00       0.00
  benders          :       0.00       0.00       0.00       0.00       0.00       0.00       0.00       0.00       0.00       0.00
  countsols        :       0.00       0.00       0.00       0.00       0.00       0.00       0.00       0.00       0.00       0.00
  components       :       0.00       0.00       0.00       0.00       0.00       0.00       0.00       0.00       0.00       0.00
Propagators        : #Propagate   #ResProp    Cutoffs    DomReds
  dualfix          :          1          0          0          0
  genvbounds       :          0          0          0          0
  nlobbt           :          0          0          0          0
  obbt             :          0          0          0          0
  probing          :          0          0          0          0
  pseudoobj        :          0          0          0          0
  redcost          :          0          0          0          0
  rootredcost      :          0          0          0          0
  symmetry         :          0          0          0          0
  vbounds          :        942          0          0          0
Propagator Timings :  TotalTime  SetupTime   Presolve  Propagate    ResProp    SB-Prop
  dualfix          :       0.00       0.00       0.00       0.00       0.00       0.00
  genvbounds       :       0.00       0.00       0.00       0.00       0.00       0.00
  nlobbt           :       0.00       0.00       0.00       0.00       0.00       0.00
  obbt             :       0.00       0.00       0.00       0.00       0.00       0.00
  probing          :       0.01       0.00       0.01       0.00       0.00       0.00
  pseudoobj        :       0.00       0.00       0.00       0.00       0.00       0.00
  redcost          :       0.00       0.00       0.00       0.00       0.00       0.00
  rootredcost      :       0.00       0.00       0.00       0.00       0.00       0.00
  symmetry         :       0.00       0.00       0.00       0.00       0.00       0.00
  vbounds          :       0.00       0.00       0.00       0.00       0.00       0.00
Orbital fixing     :
  vars fixed to 0  :          0
  vars fixed to 1  :          0
Conflict Analysis  :       Time      Calls    Success    DomReds  Conflicts   Literals    Reconvs ReconvLits   Dualrays   Nonzeros   LP Iters   (pool size: [10000,10000])
  propagation      :       0.00         57         56          -        124        9.4          4        4.8          -          -          -
  infeasible LP    :       0.01         86         60          -        177       11.6          0        0.0         41        8.8          0
  bound exceed. LP :       0.00          0          0          -          0        0.0          0        0.0          0        0.0          0
  strong branching :       0.00          0          0          -          0        0.0          0        0.0          -          -          0
  pseudo solution  :       0.00          0          0          -          0        0.0          0        0.0          -          -          -
  applied globally :       0.00          -          -          0        273        9.3          -          -         41          -          -
  applied locally  :          -          -          -          0          0        0.0          -          -          0          -          -
Separators         :   ExecTime  SetupTime      Calls  RootCalls    Cutoffs    DomReds  FoundCuts ViaPoolAdd  DirectAdd    Applied ViaPoolApp  DirectApp      Conss
  cut pool         :       0.07          -        100         25          -          -       2585       1711          -          -          -          -          -    (maximal pool size:       2585)
  aggregation      :       0.06       0.00         54         13          0          0          0          0          0          0          0          0          0
  > cmir           :          -          -          -          -          -          -          -          0          0          0          0          0          -
  > flowcover      :          -          -          -          -          -          -          -          0          0          0          0          0          -
  > knapsackcover  :          -          -          -          -          -          -          -          0          0          0          0          0          -
  cgmip            :       0.00       0.00          0          0          0          0          0          0          0          0          0          0          0
  clique           :       0.00       0.00         13         13          0          0          0          0          0          0          0          0          0
  closecuts        :       0.00       0.00          0          0          0          0          0          0          0          0          0          0          0
  convexproj       :       0.00       0.00          0          0          0          0          0          0          0          0          0          0          0
  disjunctive      :       0.00       0.00          0          0          0          0          0          0          0          0          0          0          0
  eccuts           :       0.00       0.00          0          0          0          0          0          0          0          0          0          0          0
  gauge            :       0.00       0.00          0          0          0          0          0          0          0          0          0          0          0
  gomory           :       0.24       0.00         51         10          0          0       3281       1692        714         65         44         21          0
  > gomorymi       :          -          -          -          -          -          -          -        808        357         26         13         13          -
  > strongcg       :          -          -          -          -          -          -          -        884        357         39         31          8          -
  impliedbounds    :       0.00       0.00         54         13          0          0          1          1          0          1          1          0          0
  interminor       :       0.00       0.00          0          0          0          0          0          0          0          0          0          0          0
  intobj           :       0.00       0.00          0          0          0          0          0          0          0          0          0          0          0
  mcf              :       0.00       0.00          1          1          0          0          0          0          0          0          0          0          0
  minor            :       0.00       0.00          0          0          0          0          0          0          0          0          0          0          0
  mixing           :       0.00       0.00          0          0          0          0          0          0          0          0          0          0          0
  oddcycle         :       0.00       0.00          0          0          0          0          0          0          0          0          0          0          0
  rapidlearning    :       0.99       0.00         33          1          0       3477          0          0          0          0          0          0        325
  rlt              :       0.00       0.00         10         10          0          0          0          0          0          0          0          0          0
  zerohalf         :       0.03       0.00         54         13          0          0         78         18         61         62         11         51          0
Cutselectors       :   ExecTime  SetupTime      Calls  RootCalls   Selected     Forced   Filtered  RootSelec   RootForc   RootFilt 
  hybrid           :       0.00       0.00         54         13        123          8       2367         22          0        957
Pricers            :   ExecTime  SetupTime      Calls       Vars
  problem variables:       0.00          -          0          0
Branching Rules    :   ExecTime  SetupTime   BranchLP  BranchExt   BranchPS    Cutoffs    DomReds       Cuts      Conss   Children
  allfullstrong    :       0.00       0.00          0          0          0          0          0          0          0          0
  cloud            :       0.00       0.00          0          0          0          0          0          0          0          0
  distribution     :       0.00       0.00          0          0          0          0          0          0          0          0
  fullstrong       :       0.00       0.00          0          0          0          0          0          0          0          0
  inference        :       0.00       0.00          0          0          0          0          0          0          0          0
  leastinf         :       0.00       0.00          0          0          0          0          0          0          0          0
  lookahead        :       0.00       0.00          0          0          0          0          0          0          0          0
  mostinf          :       0.00       0.00          0          0          0          0          0          0          0          0
  multaggr         :       0.00       0.00          0          0          0          0          0          0          0          0
  nodereopt        :       0.00       0.00          0          0          0          0          0          0          0          0
  pscost           :       0.00       0.00          0          0          0          0          0          0          0          0
  random           :       0.00       0.00          0          0          0          0          0          0          0          0
  relpscost        :       0.06       0.00         78          0          0          0          0          0          0        156
  vanillafullstrong:       0.00       0.00          0          0          0          0          0          0          0          0
Primal Heuristics  :   ExecTime  SetupTime      Calls      Found       Best
  LP solutions     :       0.00          -          -          0          0
  relax solutions  :       0.00          -          -          0          0
  pseudo solutions :       0.00          -          -          0          0
  strong branching :       0.00          -          -          0          0
  actconsdiving    :       0.00       0.00          0          0          0
  adaptivediving   :       0.00       0.00          1          0          0
  alns             :       0.01       0.00          1          0          0
  bound            :       0.00       0.00          0          0          0
  clique           :       0.00       0.00          1          0          0
  coefdiving       :       0.00       0.00          0          0          0
  completesol      :       0.00       0.00          0          0          0
  conflictdiving   :       0.00       0.00          1          0          0
  crossover        :       0.00       0.00          0          0          0
  dins             :       0.00       0.00          0          0          0
  distributiondivin:       0.00       0.00          1          0          0
  dps              :       0.00       0.00          0          0          0
  dualval          :       0.00       0.00          0          0          0
  farkasdiving     :       0.00       0.00          0          0          0
  feaspump         :       0.01       0.00          1          0          0
  fixandinfer      :       0.00       0.00          0          0          0
  fracdiving       :       0.00       0.00          1          0          0
  gins             :       0.00       0.00          0          0          0
  guideddiving     :       0.00       0.00          0          0          0
  indicator        :       0.00       0.00          0          0          0
  intdiving        :       0.00       0.00          0          0          0
  intshifting      :       0.00       0.00          0          0          0
  linesearchdiving :       0.00       0.00          0          0          0
  localbranching   :       0.00       0.00          0          0          0
  locks            :       0.00       0.00          1          0          0
  lpface           :       0.00       0.00          0          0          0
  mpec             :       0.00       0.00          0          0          0
  multistart       :       0.00       0.00          0          0          0
  mutation         :       0.00       0.00          0          0          0
  nlpdiving        :       0.00       0.00          0          0          0
  objpscostdiving  :       0.01       0.00          1          0          0
  octane           :       0.00       0.00          0          0          0
  ofins            :       0.00       0.00          0          0          0
  oneopt           :       0.00       0.00          0          0          0
  padm             :       0.00       0.00          0          0          0
  proximity        :       0.00       0.00          0          0          0
  pscostdiving     :       0.00       0.00          1          0          0
  randrounding     :       0.01       0.00         14          0          0
  rens             :       0.00       0.00          0          0          0
  reoptsols        :       0.00       0.00          0          0          0
  repair           :       0.00       0.00          0          0          0
  rins             :       0.00       0.00          0          0          0
  rootsoldiving    :       0.01       0.00          1          0          0
  rounding         :       0.01       0.00        134          0          0
  shiftandpropagate:       0.00       0.00          1          0          0
  shifting         :       0.01       0.00         66          0          0
  simplerounding   :       0.00       0.00          0          0          0
  subnlp           :       0.00       0.00          0          0          0
  trivial          :       0.00       0.00          2          0          0
  trivialnegation  :       0.00       0.00          0          0          0
  trustregion      :       0.00       0.00          0          0          0
  trysol           :       0.00       0.00          0          0          0
  twoopt           :       0.00       0.00          0          0          0
  undercover       :       0.00       0.00          0          0          0
  vbounds          :       0.00       0.00          1          0          0
  veclendiving     :       0.01       0.00          1          0          0
  zeroobj          :       0.00       0.00          0          0          0
  zirounding       :       0.00       0.00         78          0          0
  other solutions  :          -          -          -          0          -
LP                 :       Time      Calls Iterations  Iter/call   Iter/sec  Time-0-It Calls-0-It    ItLimit
  primal LP        :       0.01         18          0       0.00       0.00       0.01         18
  dual LP          :       0.28        241      11426      47.81   40224.46       0.00          2
  lex dual LP      :       0.00          0          0       0.00          -
  barrier LP       :       0.00          0          0       0.00          -       0.00          0
  resolve instable :       0.00          0          0       0.00          -
  diving/probing LP:       0.03         41       1064      25.95   33005.55
  strong branching :       0.05         10       2109     210.90   38755.56          -          -          0
    (at root node) :          -         10       2109     210.90          -
  conflict analysis:       0.00          0          0       0.00          -
B&B Tree           :
  number of runs   :          1
  nodes            :        155 (78 internal, 77 leaves)
  feasible leaves  :          0
  infeas. leaves   :         77
  objective leaves :          0
  nodes (total)    :        155 (78 internal, 77 leaves)
  nodes left       :          0
  max depth        :         13
  max depth (total):         13
  backtracks       :         62 (40.0%)
  early backtracks :          0 (0.0%)
  nodes exc. ref.  :          0 (0.0%)
  delayed cutoffs  :          2
  repropagations   :         21 (317 domain reductions, 2 cutoffs)
  avg switch length:       2.97
  switching time   :       0.03
Root Node          :
  First LP value   : +0.00000000000000e+00
  First LP Iters   :        125 (47241.12 Iter/sec)
  First LP Time    :       0.00
  Final Dual Bound : +0.00000000000000e+00
  Final Root Iters :       1252
  Root LP Estimate : +3.59250342554056e-03
Solution           :
  Solutions found  :          0 (0 improvements)
  Primal Bound     : infeasible
  Dual Bound       :          -
  Gap              :       0.00 %
Integrals          :      Total       Avg%
  primal-dual      :          -          - (problem infeasible)
  primal-ref       :          -          - (problem infeasible)
  dual-ref         :          -          - (problem infeasible)
written solution information to file <results/final_flowersnark__settings_final_nosymretope_relabel__2__flowersnark11_3.cip.sol>
@04 1667976285
