FILENAME:   ../instances_new/flowersnark/flowersnark17_3.cip
SETTINGS:   settings_final_nosymretope_norelabel
TIMELIMIT:  7200
OUTPUTNAME: final_flowersnark__settings_final_nosymretope_norelabel__4__
BINNAME:    bin/sbcs.linux.x86_64.gnu.opt.cpx
BASENAME:   flowersnark17_3.cip
SEED:       4
@01 ../instances_new/flowersnark/flowersnark17_3.cip ===========
@02 flowersnark17_3.cip
@03 1668020555
SCIP version 8.0.2 [precision: 8 byte] [memory: block] [mode: optimized] [LP solver: CPLEX 20.1.0.0] [GitHash: 5f0473c]
Copyright (C) 2002-2022 Konrad-Zuse-Zentrum fuer Informationstechnik Berlin (ZIB)

Symretope propagation methods - (c) Jasper van Doornmalen, Christopher Hojny.
[GitHash: 2fd0484]

reading parameter file <../settings/settings_final_nosymretope_norelabel.set> ...

Changed settings:
limits/time = 7200
misc/usesymmetry = 1
randomization/randomseedshift = 4
constraints/orbisack/sepafreq = -1
constraints/symresack/sepafreq = -1
propagating/symmetry/addsymresacks = TRUE
propagating/symmetry/detectsubgroups = FALSE
propagating/symmetry/usesymretopes = FALSE
propagating/symmetry/relabelsymretopes = 0
propagating/symmetry/ofsymcomptiming = 0
constraints/symretope/sepafreq = -1
constraints/symretope/peek = FALSE


solving problem ...

original problem has 306 variables (306 bin, 0 int, 0 impl, 0 cont) and 306 constraints
presolving:
(round 1, exhaustive) 0 del vars, 0 del conss, 0 add conss, 0 chg bounds, 0 chg sides, 0 chg coeffs, 306 upgd conss, 0 impls, 306 clqs
   (0.0s) probing: 51/306 (16.7%) - 0 fixings, 0 aggregations, 0 implications, 0 bound changes
   (0.0s) probing aborted: 50/50 successive totally useless probings
   (0.0s) symmetry computation started: requiring (bin +, int +, cont +), (fixed: bin -, int -, cont -)
   (0.0s) symmetry computation finished: 5 generators found (max: 1500, log10 of symmetry group size: 2.6)
(round 2, exhaustive) 7 del vars, 0 del conss, 5 add conss, 0 chg bounds, 0 chg sides, 0 chg coeffs, 306 upgd conss, 0 impls, 303 clqs
(round 3, fast)       16 del vars, 7 del conss, 5 add conss, 0 chg bounds, 0 chg sides, 0 chg coeffs, 306 upgd conss, 0 impls, 299 clqs
(round 4, medium)     22 del vars, 7 del conss, 5 add conss, 0 chg bounds, 0 chg sides, 0 chg coeffs, 306 upgd conss, 0 impls, 295 clqs
(round 5, fast)       31 del vars, 15 del conss, 5 add conss, 0 chg bounds, 0 chg sides, 0 chg coeffs, 306 upgd conss, 0 impls, 291 clqs
   (0.0s) probing: 56/306 (18.3%) - 0 fixings, 0 aggregations, 0 implications, 0 bound changes
   (0.0s) probing aborted: 50/50 successive totally useless probings
presolving (6 rounds: 6 fast, 4 medium, 3 exhaustive):
 31 deleted vars, 15 deleted constraints, 5 added constraints, 0 tightened bounds, 0 added holes, 0 changed sides, 0 changed coefficients
 0 implications, 291 cliques
presolved problem has 285 variables (285 bin, 0 int, 0 impl, 0 cont) and 296 constraints
    291 constraints of type <setppc>
      2 constraints of type <orbisack>
      2 constraints of type <orbitope>
      1 constraints of type <symresack>
transformed objective value is always integral (scale: 1)
Presolving Time: 0.01

 time | node  | left  |LP iter|LP it/n|mem/heur|mdpt |vars |cons |rows |cuts |sepa|confs|strbr|  dualbound   | primalbound  |  gap   | compl. 
  0.0s|     1 |     0 |   109 |     - |  4402k |   0 | 285 | 324 | 291 |   0 |  0 |  27 |   0 | 0.000000e+00 |      --      |    Inf | unknown
  0.1s|     1 |     0 |   585 |     - |  4936k |   0 | 285 | 525 | 295 |   4 |  1 |  28 |   0 | 0.000000e+00 |      --      |    Inf | unknown
  0.1s|     1 |     0 |   662 |     - |  5349k |   0 | 285 | 529 | 299 |   8 |  2 |  32 |   0 | 0.000000e+00 |      --      |    Inf | unknown
  0.1s|     1 |     0 |   767 |     - |  5455k |   0 | 285 | 531 | 302 |  11 |  3 |  34 |   0 | 0.000000e+00 |      --      |    Inf | unknown
  0.1s|     1 |     0 |   843 |     - |  7045k |   0 | 285 | 532 | 304 |  13 |  4 |  35 |   0 | 0.000000e+00 |      --      |    Inf | unknown
  0.2s|     1 |     0 |   903 |     - |  7582k |   0 | 285 | 533 | 306 |  15 |  5 |  36 |   0 | 0.000000e+00 |      --      |    Inf | unknown
  0.2s|     1 |     0 |   927 |     - |  9118k |   0 | 285 | 535 | 310 |  19 |  6 |  38 |   0 | 0.000000e+00 |      --      |    Inf | unknown
  0.2s|     1 |     0 |  1015 |     - |  9729k |   0 | 285 | 536 | 314 |  23 |  7 |  39 |   0 | 0.000000e+00 |      --      |    Inf | unknown
  0.2s|     1 |     0 |  1044 |     - |    12M |   0 | 285 | 537 | 316 |  25 |  8 |  40 |   0 | 0.000000e+00 |      --      |    Inf | unknown
  0.3s|     1 |     0 |  1170 |     - |    13M |   0 | 285 | 538 | 318 |  27 |  9 |  41 |   0 | 0.000000e+00 |      --      |    Inf | unknown
  0.3s|     1 |     0 |  1285 |     - |    16M |   0 | 285 | 540 | 320 |  29 | 10 |  43 |   0 | 0.000000e+00 |      --      |    Inf | unknown
  0.3s|     1 |     0 |  1370 |     - |    16M |   0 | 285 | 541 | 322 |  31 | 11 |  44 |   0 | 0.000000e+00 |      --      |    Inf | unknown
  0.3s|     1 |     0 |  1536 |     - |    16M |   0 | 285 | 542 | 324 |  33 | 12 |  45 |   0 | 0.000000e+00 |      --      |    Inf | unknown
  0.4s|     1 |     0 |  1607 |     - |    16M |   0 | 285 | 543 | 326 |  35 | 13 |  46 |   0 | 0.000000e+00 |      --      |    Inf | unknown
  0.4s|     1 |     0 |  1729 |     - |    16M |   0 | 285 | 544 | 327 |  36 | 14 |  47 |   0 | 0.000000e+00 |      --      |    Inf | unknown
 time | node  | left  |LP iter|LP it/n|mem/heur|mdpt |vars |cons |rows |cuts |sepa|confs|strbr|  dualbound   | primalbound  |  gap   | compl. 
  0.4s|     1 |     0 |  1797 |     - |    16M |   0 | 285 | 545 | 328 |  37 | 15 |  48 |   0 | 0.000000e+00 |      --      |    Inf | unknown
  0.4s|     1 |     0 |  1908 |     - |    16M |   0 | 285 | 546 | 317 |  40 | 16 |  49 |   0 | 0.000000e+00 |      --      |    Inf | unknown
  0.5s|     1 |     2 |  1928 |     - |    16M |   0 | 285 | 550 | 317 |  40 | 16 |  53 |  11 | 0.000000e+00 |      --      |    Inf | unknown
  1.3s|   100 |    41 |  9535 |  77.0 |    18M |  15 | 285 | 906 | 305 |  90 |  1 | 410 |  11 | 0.000000e+00 |      --      |    Inf |   7.37%
  1.9s|   200 |    67 | 15276 |  67.2 |    22M |  16 | 285 |1220 | 308 | 134 |  0 | 728 |  11 | 0.000000e+00 |      --      |    Inf |  14.03%
  2.2s|   300 |    76 | 20223 |  61.3 |    24M |  16 | 285 |1480 | 306 | 174 |  0 | 991 |  11 | 0.000000e+00 |      --      |    Inf |  14.66%
  2.6s|   400 |    60 | 25133 |  58.2 |    25M |  17 | 285 |1693 | 307 | 214 |  0 |1207 |  11 | 0.000000e+00 |      --      |    Inf |  15.60%
  2.8s|   500 |    65 | 28123 |  52.5 |    26M |  17 | 285 |1902 |   0 | 251 |  0 |1423 |  11 | 0.000000e+00 |      --      |    Inf |  16.00%
  3.1s|   600 |    85 | 31797 |  49.9 |    27M |  18 | 285 |2217 | 308 | 272 |  0 |1773 |  11 | 0.000000e+00 |      --      |    Inf |  16.22%
  3.3s|   700 |    84 | 35301 |  47.8 |    28M |  19 | 285 |2425 | 306 | 292 |  0 |2023 |  11 | 0.000000e+00 |      --      |    Inf |  16.59%
  3.5s|   800 |    87 | 39796 |  47.4 |    28M |  19 | 285 |2606 |   0 | 302 |  0 |2304 |  11 | 0.000000e+00 |      --      |    Inf |  16.77%
  3.8s|   900 |    80 | 43414 |  46.2 |    28M |  19 | 285 |2631 | 308 | 334 |  1 |2444 |  11 | 0.000000e+00 |      --      |    Inf |  17.16%
  4.1s|  1000 |    78 | 49209 |  47.3 |    28M |  19 | 285 |2689 | 307 | 365 |  0 |2603 |  11 | 0.000000e+00 |      --      |    Inf |  17.87%
  4.5s|  1100 |    85 | 55043 |  48.3 |    28M |  19 | 285 |2658 | 305 | 401 |  0 |2760 |  11 | 0.000000e+00 |      --      |    Inf |  18.44%
  5.1s|  1200 |    98 | 61099 |  49.4 |    29M |  19 | 285 |2781 | 307 | 456 |  1 |3019 |  11 | 0.000000e+00 |      --      |    Inf |  19.21%
 time | node  | left  |LP iter|LP it/n|mem/heur|mdpt |vars |cons |rows |cuts |sepa|confs|strbr|  dualbound   | primalbound  |  gap   | compl. 
  5.4s|  1300 |    93 | 65332 |  48.8 |    29M |  19 | 285 |2832 | 304 | 474 |  1 |3255 |  11 | 0.000000e+00 |      --      |    Inf |  19.62%
  5.8s|  1400 |   102 | 69858 |  48.6 |    29M |  19 | 285 |2808 | 304 | 488 |  1 |3468 |  11 | 0.000000e+00 |      --      |    Inf |  26.22%
  6.3s|  1500 |   122 | 74794 |  48.6 |    29M |  19 | 285 |2920 |   0 | 516 |  0 |3797 |  11 | 0.000000e+00 |      --      |    Inf |  26.57%
  6.4s|  1600 |   109 | 77960 |  47.6 |    29M |  19 | 285 |3050 | 306 | 516 |  1 |4064 |  11 | 0.000000e+00 |      --      |    Inf |  26.84%
  6.9s|  1700 |    99 | 82987 |  47.7 |    29M |  19 | 285 |3057 | 306 | 587 |  0 |4308 |  11 | 0.000000e+00 |      --      |    Inf |  28.63%
  7.1s|  1800 |    93 | 87261 |  47.4 |    29M |  19 | 285 |3080 | 307 | 604 |  0 |4548 |  11 | 0.000000e+00 |      --      |    Inf |  29.21%
  7.4s|  1900 |    88 | 91512 |  47.2 |    29M |  19 | 285 |3184 | 309 | 622 |  1 |4756 |  11 | 0.000000e+00 |      --      |    Inf |  29.65%
  7.6s|  2000 |    87 | 96000 |  47.1 |    29M |  19 | 285 |3289 | 308 | 644 |  1 |5005 |  11 | 0.000000e+00 |      --      |    Inf |  30.09%
  7.8s|  2100 |    88 | 98920 |  46.2 |    29M |  19 | 285 |3361 | 306 | 651 |  1 |5277 |  11 | 0.000000e+00 |      --      |    Inf |  30.26%
  8.6s|  2200 |   109 |106834 |  47.7 |    30M |  19 | 285 |3440 | 306 | 707 |  0 |5541 |  11 | 0.000000e+00 |      --      |    Inf |  31.67%
  9.0s|  2300 |   144 |112575 |  48.1 |    30M |  19 | 285 |3694 | 306 | 765 |  0 |5961 |  11 | 0.000000e+00 |      --      |    Inf |  32.00%
  9.6s|  2400 |   155 |118353 |  48.5 |    30M |  19 | 285 |3833 | 308 | 850 |  1 |6238 |  11 | 0.000000e+00 |      --      |    Inf |  33.21%
 10.1s|  2500 |   145 |124909 |  49.2 |    31M |  19 | 285 |3826 | 305 | 882 |  0 |6540 |  11 | 0.000000e+00 |      --      |    Inf |  34.03%
 10.3s|  2600 |   131 |127026 |  48.1 |    31M |  19 | 285 |3824 | 304 | 888 |  1 |6794 |  11 | 0.000000e+00 |      --      |    Inf |  34.55%
 10.6s|  2700 |   128 |130689 |  47.7 |    31M |  19 | 285 |3796 | 310 | 944 |  1 |7019 |  11 | 0.000000e+00 |      --      |    Inf |  35.35%
 time | node  | left  |LP iter|LP it/n|mem/heur|mdpt |vars |cons |rows |cuts |sepa|confs|strbr|  dualbound   | primalbound  |  gap   | compl. 
 10.8s|  2800 |   122 |133119 |  46.9 |    31M |  19 | 285 |3776 | 310 | 966 |  1 |7237 |  11 | 0.000000e+00 |      --      |    Inf |  36.13%
 11.1s|  2900 |   120 |136809 |  46.5 |    31M |  19 | 285 |3863 | 306 | 982 |  0 |7483 |  11 | 0.000000e+00 |      --      |    Inf |  36.45%
 11.2s|  3000 |   120 |139458 |  45.9 |    31M |  19 | 285 |4019 | 306 | 986 |  1 |7700 |  11 | 0.000000e+00 |      --      |    Inf |  36.62%
 11.4s|  3100 |   114 |142582 |  45.4 |    31M |  19 | 285 |4123 | 309 | 998 |  1 |7955 |  11 | 0.000000e+00 |      --      |    Inf |  36.86%
 11.6s|  3200 |   108 |145636 |  44.9 |    31M |  19 | 285 |4173 | 306 |1023 |  1 |8163 |  11 | 0.000000e+00 |      --      |    Inf |  37.20%
 11.9s|  3300 |    99 |149056 |  44.6 |    32M |  19 | 285 |4040 | 308 |1057 |  1 |8421 |  11 | 0.000000e+00 |      --      |    Inf |  37.68%
 12.8s|  3400 |    94 |156301 |  45.4 |    32M |  19 | 285 |3931 | 306 |1069 |  0 |8615 |  11 | 0.000000e+00 |      --      |    Inf |  38.37%
 13.3s|  3500 |   111 |161098 |  45.5 |    32M |  19 | 285 |3890 | 307 |1089 |  0 |9020 |  11 | 0.000000e+00 |      --      |    Inf |  38.65%
Restart triggered after 50 consecutive estimations that the remaining tree will be large
(run 1, node 3586) performing user restart

(restart) converted 12 cuts from the global cut pool into linear constraints

presolving:
(round 1, fast)       0 del vars, 75 del conss, 0 add conss, 0 chg bounds, 0 chg sides, 0 chg coeffs, 0 upgd conss, 0 impls, 296 clqs
(round 2, medium)     3 del vars, 75 del conss, 0 add conss, 0 chg bounds, 0 chg sides, 0 chg coeffs, 0 upgd conss, 0 impls, 290 clqs
(round 3, fast)       3 del vars, 82 del conss, 0 add conss, 0 chg bounds, 0 chg sides, 0 chg coeffs, 0 upgd conss, 0 impls, 290 clqs
(round 4, exhaustive) 3 del vars, 110 del conss, 14 add conss, 0 chg bounds, 0 chg sides, 0 chg coeffs, 0 upgd conss, 0 impls, 290 clqs
(round 5, exhaustive) 3 del vars, 112 del conss, 14 add conss, 0 chg bounds, 0 chg sides, 0 chg coeffs, 77 upgd conss, 0 impls, 290 clqs
(round 6, exhaustive) 3 del vars, 124 del conss, 20 add conss, 0 chg bounds, 0 chg sides, 0 chg coeffs, 77 upgd conss, 0 impls, 290 clqs
(round 7, exhaustive) 3 del vars, 537 del conss, 20 add conss, 0 chg bounds, 0 chg sides, 448 chg coeffs, 77 upgd conss, 0 impls, 290 clqs
(round 8, exhaustive) 3 del vars, 548 del conss, 20 add conss, 0 chg bounds, 0 chg sides, 450 chg coeffs, 77 upgd conss, 0 impls, 290 clqs
(round 9, exhaustive) 3 del vars, 548 del conss, 20 add conss, 0 chg bounds, 0 chg sides, 1338 chg coeffs, 77 upgd conss, 0 impls, 290 clqs
(round 10, exhaustive) 3 del vars, 588 del conss, 20 add conss, 0 chg bounds, 0 chg sides, 1349 chg coeffs, 77 upgd conss, 0 impls, 290 clqs
presolving (11 rounds: 11 fast, 9 medium, 8 exhaustive):
 3 deleted vars, 589 deleted constraints, 20 added constraints, 0 tightened bounds, 0 added holes, 0 changed sides, 1349 changed coefficients
 0 implications, 290 cliques
presolved problem has 282 variables (282 bin, 0 int, 0 impl, 0 cont) and 3435 constraints
     54 constraints of type <knapsack>
    288 constraints of type <setppc>
      4 constraints of type <linear>
      2 constraints of type <orbisack>
      2 constraints of type <orbitope>
      1 constraints of type <symresack>
   3084 constraints of type <logicor>
transformed objective value is always integral (scale: 1)
Presolving Time: 0.18

 time | node  | left  |LP iter|LP it/n|mem/heur|mdpt |vars |cons |rows |cuts |sepa|confs|strbr|  dualbound   | primalbound  |  gap   | compl. 
 13.7s|     1 |     0 |163997 |     - |    37M |   0 | 282 |3452 | 297 |   0 |  0 |9255 |  11 | 0.000000e+00 |      --      |    Inf | unknown
 13.9s|     1 |     0 |164041 |     - |    37M |   0 | 282 |3654 | 299 |   2 |  1 |9257 |  11 | 0.000000e+00 |      --      |    Inf | unknown
 13.9s|     1 |     0 |164151 |     - |    37M |   0 | 282 |3656 | 301 |   4 |  2 |9259 |  11 | 0.000000e+00 |      --      |    Inf | unknown
 13.9s|     1 |     0 |164236 |     - |    37M |   0 | 282 |3657 | 307 |  10 |  3 |9260 |  11 | 0.000000e+00 |      --      |    Inf | unknown
 14.0s|     1 |     0 |164315 |     - |    37M |   0 | 282 |3663 | 311 |  14 |  4 |9266 |  11 | 0.000000e+00 |      --      |    Inf | unknown
 14.0s|     1 |     0 |164405 |     - |    37M |   0 | 282 |3665 | 314 |  17 |  5 |9268 |  11 | 0.000000e+00 |      --      |    Inf | unknown
 14.0s|     1 |     0 |164497 |     - |    37M |   0 | 282 |3666 | 317 |  20 |  6 |9269 |  11 | 0.000000e+00 |      --      |    Inf | unknown
 14.1s|     1 |     0 |164583 |     - |    37M |   0 | 282 |3668 | 319 |  22 |  7 |9271 |  11 | 0.000000e+00 |      --      |    Inf | unknown
 14.1s|     1 |     0 |164674 |     - |    37M |   0 | 282 |3669 | 323 |  26 |  8 |9272 |  11 | 0.000000e+00 |      --      |    Inf | unknown
 14.2s|     1 |     0 |164740 |     - |    37M |   0 | 282 |3670 | 325 |  28 |  9 |9273 |  11 | 0.000000e+00 |      --      |    Inf | unknown
 14.2s|     1 |     0 |164827 |     - |    39M |   0 | 282 |3677 | 327 |  30 | 10 |9280 |  11 | 0.000000e+00 |      --      |    Inf | unknown
 14.2s|     1 |     0 |164889 |     - |    39M |   0 | 282 |3678 | 315 |  32 | 11 |9281 |  11 | 0.000000e+00 |      --      |    Inf | unknown
 14.3s|     1 |     2 |165094 |     - |    39M |   0 | 282 |3702 | 315 |  32 | 11 |9305 |  22 | 0.000000e+00 |      --      |    Inf | unknown
 15.1s|   100 |    34 |170713 |  45.5 |    41M |  17 | 282 |3978 | 289 |  80 |  1 |9597 |  22 | 0.000000e+00 |      --      |    Inf | unknown
 16.1s|   200 |    97 |176255 |  45.7 |    41M |  17 | 282 |4127 |   0 | 129 |  0 |9907 |  22 | 0.000000e+00 |      --      |    Inf |   0.52%
 time | node  | left  |LP iter|LP it/n|mem/heur|mdpt |vars |cons |rows |cuts |sepa|confs|strbr|  dualbound   | primalbound  |  gap   | compl. 
 16.7s|   300 |   117 |180497 |  45.7 |    41M |  18 | 282 |4183 | 291 | 179 |  1 |  10k|  22 | 0.000000e+00 |      --      |    Inf |   1.02%
 17.0s|   400 |   111 |184350 |  45.5 |    41M |  18 | 282 |4178 | 291 | 192 |  1 |  10k|  22 | 0.000000e+00 |      --      |    Inf |   1.44%
 17.4s|   500 |   132 |188360 |  45.4 |    41M |  18 | 282 |4169 | 293 | 242 |  2 |  10k|  22 | 0.000000e+00 |      --      |    Inf |   2.00%
 17.8s|   600 |   128 |192519 |  45.3 |    41M |  18 | 282 |4105 | 291 | 289 |  1 |  10k|  22 | 0.000000e+00 |      --      |    Inf |   2.87%
 18.5s|   700 |   126 |195801 |  45.0 |    41M |  18 | 282 |4063 | 289 | 327 |  1 |  11k|  22 | 0.000000e+00 |      --      |    Inf |   3.53%
 19.0s|   800 |   148 |199529 |  44.8 |    41M |  18 | 282 |4112 | 289 | 359 |  1 |  11k|  22 | 0.000000e+00 |      --      |    Inf |  13.55%
 19.4s|   900 |   145 |203856 |  44.8 |    41M |  18 | 282 |4179 | 290 | 420 |  0 |  11k|  22 | 0.000000e+00 |      --      |    Inf |  14.70%
 19.7s|  1000 |   140 |207040 |  44.5 |    41M |  18 | 282 |4201 | 295 | 448 |  3 |  12k|  22 | 0.000000e+00 |      --      |    Inf |  15.62%
 20.0s|  1100 |   142 |210335 |  44.2 |    41M |  18 | 282 |4163 | 289 | 482 |  1 |  12k|  22 | 0.000000e+00 |      --      |    Inf |  16.32%
 20.9s|  1200 |   152 |215712 |  44.4 |    41M |  18 | 282 |3924 |   0 | 538 |  0 |  12k|  22 | 0.000000e+00 |      --      |    Inf |  21.26%
 21.2s|  1300 |   155 |217880 |  44.0 |    42M |  18 | 282 |3936 | 292 | 560 |  1 |  12k|  22 | 0.000000e+00 |      --      |    Inf |  21.98%
 21.4s|  1400 |   145 |219292 |  43.4 |    42M |  18 | 282 |3863 | 289 | 565 |  1 |  12k|  22 | 0.000000e+00 |      --      |    Inf |  22.31%
 22.4s|  1500 |   181 |223073 |  43.3 |    42M |  18 | 282 |3816 | 299 | 646 |  3 |  13k|  22 | 0.000000e+00 |      --      |    Inf |  26.06%
 22.8s|  1600 |   193 |225688 |  42.9 |    42M |  18 | 282 |3832 | 292 | 720 |  1 |  13k|  22 | 0.000000e+00 |      --      |    Inf |  27.26%
 23.1s|  1700 |   200 |228213 |  42.6 |    42M |  18 | 282 |3873 | 294 | 763 |  2 |  13k|  22 | 0.000000e+00 |      --      |    Inf |  27.73%
 time | node  | left  |LP iter|LP it/n|mem/heur|mdpt |vars |cons |rows |cuts |sepa|confs|strbr|  dualbound   | primalbound  |  gap   | compl. 
 23.3s|  1800 |   208 |231231 |  42.4 |    42M |  18 | 282 |3963 | 293 | 796 |  1 |  13k|  22 | 0.000000e+00 |      --      |    Inf |  28.01%
 23.6s|  1900 |   198 |233517 |  42.0 |    42M |  18 | 282 |4017 | 292 | 812 |  1 |  13k|  22 | 0.000000e+00 |      --      |    Inf |  28.87%
 23.9s|  2000 |   182 |236106 |  41.7 |    42M |  18 | 282 |4003 | 291 | 849 |  1 |  14k|  22 | 0.000000e+00 |      --      |    Inf |  30.00%
 24.4s|  2100 |   167 |239400 |  41.6 |    42M |  18 | 282 |3809 |   0 | 889 |  0 |  14k|  22 | 0.000000e+00 |      --      |    Inf |  40.35%
 25.1s|  2200 |   181 |242359 |  41.4 |    42M |  18 | 282 |3772 | 292 | 913 |  2 |  14k|  22 | 0.000000e+00 |      --      |    Inf |  40.70%
 25.4s|  2300 |   202 |246109 |  41.3 |    43M |  18 | 282 |3965 | 294 | 939 |  1 |  15k|  22 | 0.000000e+00 |      --      |    Inf |  40.86%
 25.7s|  2400 |   203 |248182 |  40.9 |    43M |  18 | 282 |4068 | 290 | 942 |  1 |  15k|  22 | 0.000000e+00 |      --      |    Inf |  41.00%
 26.1s|  2500 |   215 |252734 |  41.0 |    43M |  19 | 282 |4149 | 291 | 990 |  0 |  15k|  22 | 0.000000e+00 |      --      |    Inf |  41.35%
 26.4s|  2600 |   229 |256012 |  40.9 |    43M |  20 | 282 |4260 | 292 |1018 |  1 |  15k|  22 | 0.000000e+00 |      --      |    Inf |  41.63%
 26.6s|  2700 |   231 |258339 |  40.6 |    43M |  20 | 282 |4385 | 294 |1027 |  0 |  15k|  22 | 0.000000e+00 |      --      |    Inf |  41.78%
 26.9s|  2800 |   246 |261323 |  40.4 |    43M |  20 | 282 |4462 | 289 |1033 |  1 |  16k|  22 | 0.000000e+00 |      --      |    Inf |  41.92%
 27.2s|  2900 |   238 |264956 |  40.4 |    43M |  20 | 282 |4484 | 291 |1051 |  1 |  16k|  22 | 0.000000e+00 |      --      |    Inf |  42.51%
 27.4s|  3000 |   240 |267525 |  40.2 |    43M |  20 | 282 |4627 | 291 |1076 |  1 |  16k|  22 | 0.000000e+00 |      --      |    Inf |  42.65%
 27.7s|  3100 |   241 |269633 |  39.9 |    43M |  20 | 282 |4613 | 290 |1103 |  1 |  16k|  22 | 0.000000e+00 |      --      |    Inf |  43.27%
 27.9s|  3200 |   256 |272151 |  39.7 |    43M |  20 | 282 |4746 | 290 |1123 |  1 |  16k|  22 | 0.000000e+00 |      --      |    Inf |  43.44%
 time | node  | left  |LP iter|LP it/n|mem/heur|mdpt |vars |cons |rows |cuts |sepa|confs|strbr|  dualbound   | primalbound  |  gap   | compl. 
 28.2s|  3300 |   254 |274188 |  39.4 |    43M |  20 | 282 |4938 | 290 |1145 |  0 |  17k|  22 | 0.000000e+00 |      --      |    Inf |  43.68%
 28.4s|  3400 |   237 |276325 |  39.1 |    44M |  20 | 282 |4936 | 289 |1171 |  1 |  17k|  22 | 0.000000e+00 |      --      |    Inf |  44.30%
 29.1s|  3500 |   237 |278517 |  38.9 |    44M |  20 | 282 |4785 | 293 |1195 |  1 |  17k|  22 | 0.000000e+00 |      --      |    Inf |  50.96%
 29.5s|  3600 |   256 |282625 |  38.9 |    44M |  20 | 282 |4840 | 291 |1232 |  1 |  17k|  22 | 0.000000e+00 |      --      |    Inf |  51.29%
 29.7s|  3700 |   245 |285183 |  38.7 |    45M |  20 | 282 |5023 |   0 |1245 |  0 |  18k|  22 | 0.000000e+00 |      --      |    Inf |  51.54%
 29.9s|  3800 |   242 |288029 |  38.6 |    45M |  20 | 282 |5120 | 292 |1267 |  1 |  18k|  22 | 0.000000e+00 |      --      |    Inf |  52.16%
 30.2s|  3900 |   229 |290167 |  38.4 |    45M |  20 | 282 |5040 | 291 |1300 |  1 |  18k|  22 | 0.000000e+00 |      --      |    Inf |  52.99%
 30.7s|  4000 |   240 |292707 |  38.2 |    45M |  20 | 282 |5163 |   0 |1355 |  0 |  18k|  22 | 0.000000e+00 |      --      |    Inf |  54.22%
 31.0s|  4100 |   241 |294161 |  37.9 |    45M |  20 | 282 |5417 | 291 |1393 |  1 |  19k|  22 | 0.000000e+00 |      --      |    Inf |  55.21%
 31.3s|  4200 |   230 |296938 |  37.7 |    45M |  20 | 282 |5405 | 292 |1425 |  1 |  19k|  22 | 0.000000e+00 |      --      |    Inf |  55.85%
 31.8s|  4300 |   225 |299143 |  37.5 |    45M |  20 | 282 |5310 | 295 |1502 |  1 |  19k|  22 | 0.000000e+00 |      --      |    Inf |  60.63%
 32.0s|  4400 |   211 |302115 |  37.4 |    45M |  20 | 282 |5381 |   0 |1511 |  0 |  19k|  22 | 0.000000e+00 |      --      |    Inf |  61.04%
 32.5s|  4500 |   194 |304435 |  37.3 |    45M |  20 | 282 |5262 |   0 |1540 |  0 |  19k|  22 | 0.000000e+00 |      --      |    Inf |  64.90%
 33.0s|  4600 |   192 |306537 |  37.1 |    45M |  20 | 282 |5189 |   0 |1568 |  0 |  20k|  22 | 0.000000e+00 |      --      |    Inf |  68.36%
 33.1s|  4700 |   186 |308131 |  36.8 |    45M |  20 | 282 |5390 |   0 |1568 |  0 |  20k|  22 | 0.000000e+00 |      --      |    Inf |  68.49%
 time | node  | left  |LP iter|LP it/n|mem/heur|mdpt |vars |cons |rows |cuts |sepa|confs|strbr|  dualbound   | primalbound  |  gap   | compl. 
 33.4s|  4800 |   190 |310259 |  36.6 |    45M |  20 | 282 |5454 | 291 |1596 |  1 |  20k|  22 | 0.000000e+00 |      --      |    Inf |  68.91%
 33.6s|  4900 |   181 |311429 |  36.3 |    45M |  20 | 282 |5531 | 291 |1602 |  1 |  20k|  22 | 0.000000e+00 |      --      |    Inf |  69.19%
 33.9s|  5000 |   181 |313499 |  36.2 |    45M |  20 | 282 |5594 | 294 |1648 |  1 |  21k|  22 | 0.000000e+00 |      --      |    Inf |  69.65%
 34.1s|  5100 |   177 |315173 |  35.9 |    45M |  20 | 282 |5656 | 294 |1657 |  1 |  21k|  22 | 0.000000e+00 |      --      |    Inf |  69.89%
 34.7s|  5200 |   161 |316986 |  35.7 |    45M |  20 | 282 |5511 | 289 |1678 |  1 |  21k|  22 | 0.000000e+00 |      --      |    Inf |  76.77%
 35.1s|  5300 |   166 |322327 |  35.9 |    45M |  20 | 282 |5434 | 301 |1771 |  2 |  21k|  22 | 0.000000e+00 |      --      |    Inf |  77.93%
 35.4s|  5400 |   158 |324869 |  35.8 |    46M |  20 | 282 |5516 | 293 |1804 |  0 |  21k|  22 | 0.000000e+00 |      --      |    Inf |  79.08%
 35.8s|  5500 |   164 |327610 |  35.7 |    46M |  20 | 282 |5486 | 292 |1855 |  1 |  22k|  22 | 0.000000e+00 |      --      |    Inf |  80.12%
 36.0s|  5600 |   145 |329483 |  35.5 |    46M |  20 | 282 |5547 | 291 |1867 |  1 |  22k|  22 | 0.000000e+00 |      --      |    Inf |  80.62%
 36.2s|  5700 |   138 |332430 |  35.5 |    46M |  20 | 282 |5435 |   0 |1892 |  0 |  22k|  22 | 0.000000e+00 |      --      |    Inf |  81.02%
 36.6s|  5800 |   126 |334684 |  35.3 |    46M |  20 | 282 |5269 | 290 |1928 |  1 |  22k|  22 | 0.000000e+00 |      --      |    Inf |  82.10%
 36.8s|  5900 |   120 |336466 |  35.1 |    46M |  20 | 282 |5319 | 289 |1949 |  1 |  22k|  22 | 0.000000e+00 |      --      |    Inf |  82.58%
 37.1s|  6000 |   119 |339001 |  35.0 |    46M |  20 | 282 |5224 | 291 |1958 |  1 |  22k|  22 | 0.000000e+00 |      --      |    Inf |  82.84%
 37.3s|  6100 |   116 |340871 |  34.9 |    46M |  20 | 282 |5334 | 291 |1979 |  1 |  23k|  22 | 0.000000e+00 |      --      |    Inf |  83.12%
 37.5s|  6200 |   109 |343047 |  34.7 |    46M |  20 | 282 |5360 | 290 |1999 |  1 |  23k|  22 | 0.000000e+00 |      --      |    Inf |  83.35%
 time | node  | left  |LP iter|LP it/n|mem/heur|mdpt |vars |cons |rows |cuts |sepa|confs|strbr|  dualbound   | primalbound  |  gap   | compl. 
 37.7s|  6300 |    89 |344915 |  34.6 |    46M |  20 | 282 |5346 | 292 |2002 |  1 |  23k|  22 | 0.000000e+00 |      --      |    Inf |  83.83%
 38.0s|  6400 |    84 |347856 |  34.5 |    46M |  20 | 282 |5404 | 292 |2042 |  1 |  23k|  22 | 0.000000e+00 |      --      |    Inf |  84.24%
 38.5s|  6500 |    73 |350288 |  34.4 |    46M |  20 | 282 |5310 | 293 |2071 |  0 |  23k|  22 | 0.000000e+00 |      --      |    Inf |  85.56%
 38.8s|  6600 |    75 |353802 |  34.4 |    46M |  20 | 282 |5352 | 291 |2100 |  0 |  24k|  22 | 0.000000e+00 |      --      |    Inf |  86.03%
 39.1s|  6700 |    69 |356491 |  34.4 |    46M |  20 | 282 |5367 | 292 |2134 |  1 |  24k|  22 | 0.000000e+00 |      --      |    Inf |  86.68%
 39.3s|  6800 |    65 |358566 |  34.2 |    46M |  20 | 282 |5378 |   0 |2152 |  0 |  24k|  22 | 0.000000e+00 |      --      |    Inf |  86.88%
 39.6s|  6900 |    61 |361779 |  34.2 |    46M |  20 | 282 |5269 |   0 |2164 |  0 |  24k|  22 | 0.000000e+00 |      --      |    Inf |  87.83%
 39.9s|  7000 |    69 |365450 |  34.2 |    46M |  20 | 282 |5292 | 291 |2189 |  1 |  24k|  22 | 0.000000e+00 |      --      |    Inf |  88.49%
 40.3s|  7100 |    55 |369101 |  34.3 |    46M |  20 | 282 |5250 | 292 |2202 |  1 |  25k|  22 | 0.000000e+00 |      --      |    Inf |  90.63%
 40.6s|  7200 |    62 |372017 |  34.2 |    46M |  20 | 282 |5358 |   0 |2244 |  0 |  25k|  22 | 0.000000e+00 |      --      |    Inf |  91.19%
 40.8s|  7300 |    58 |374012 |  34.1 |    46M |  20 | 282 |5461 |   0 |2271 |  0 |  25k|  22 | 0.000000e+00 |      --      |    Inf |  91.62%
 41.1s|  7400 |    53 |376630 |  34.0 |    46M |  20 | 282 |5428 | 295 |2299 |  1 |  25k|  22 | 0.000000e+00 |      --      |    Inf |  92.11%
 41.7s|  7500 |    59 |380579 |  34.1 |    46M |  20 | 282 |5413 | 298 |2371 |  3 |  25k|  22 | 0.000000e+00 |      --      |    Inf |  93.69%
 42.0s|  7600 |    49 |383291 |  34.0 |    46M |  20 | 282 |5465 | 290 |2431 |  1 |  25k|  22 | 0.000000e+00 |      --      |    Inf |  95.40%
 42.2s|  7700 |    54 |385954 |  33.9 |    46M |  20 | 282 |5461 | 293 |2453 |  0 |  26k|  22 | 0.000000e+00 |      --      |    Inf |  95.88%
 time | node  | left  |LP iter|LP it/n|mem/heur|mdpt |vars |cons |rows |cuts |sepa|confs|strbr|  dualbound   | primalbound  |  gap   | compl. 
 42.5s|  7800 |    41 |388482 |  33.9 |    46M |  20 | 282 |5481 |   0 |2475 |  0 |  26k|  22 | 0.000000e+00 |      --      |    Inf |  96.29%
 42.7s|  7900 |    33 |391019 |  33.8 |    46M |  20 | 282 |5497 | 293 |2501 |  1 |  26k|  22 | 0.000000e+00 |      --      |    Inf |  96.72%
 43.1s|  8000 |    18 |394256 |  33.8 |    46M |  20 | 282 |5343 | 290 |2566 |  1 |  26k|  22 | 0.000000e+00 |      --      |    Inf |  98.98%
 43.4s|  8100 |     9 |397692 |  33.8 |    47M |  20 | 282 |5332 | 293 |2616 |  0 |  26k|  22 | 0.000000e+00 |      --      |    Inf |  99.75%

SCIP Status        : problem is solved [infeasible]
Solving Time (sec) : 43.55
Solving Nodes      : 8168 (total of 11754 nodes in 2 runs)
Primal Bound       : +1.00000000000000e+20 (0 solutions)
Dual Bound         : +1.00000000000000e+20
Gap                : 0.00 %
SCIP Status        : problem is solved [infeasible]
Total Time         :      43.56
  solving          :      43.55
  presolving       :       0.18 (included in solving)
  reading          :       0.00
  copying          :       0.66 (56 #copies) (minimal 0.00, maximal 0.02, average 0.01)
Original Problem   :
  Problem name     : model
  Variables        : 306 (306 binary, 0 integer, 0 implicit integer, 0 continuous)
  Constraints      : 306 initial, 306 maximal
  Objective        : minimize, 0 non-zeros (abs.min = 1e+20, abs.max = -1e+20)
Presolved Problem  :
  Problem name     : t_model
  Variables        : 282 (282 binary, 0 integer, 0 implicit integer, 0 continuous)
  Constraints      : 3435 initial, 5687 maximal
  Objective        : minimize, 0 non-zeros (abs.min = 1e+20, abs.max = -1e+20)
  Nonzeros         : 47743 constraint, 870 clique table
Presolvers         :   ExecTime  SetupTime  Calls  FixedVars   AggrVars   ChgTypes  ChgBounds   AddHoles    DelCons    AddCons   ChgSides   ChgCoefs
  boundshift       :       0.00       0.00      0          0          0          0          0          0          0          0          0          0
  convertinttobin  :       0.00       0.00      0          0          0          0          0          0          0          0          0          0
  domcol           :       0.00       0.00      3          0          0          0          0          0          0          0          0          0
  dualagg          :       0.00       0.00      0          0          0          0          0          0          0          0          0          0
  dualcomp         :       0.00       0.00      0          0          0          0          0          0          0          0          0          0
  dualinfer        :       0.00       0.00      0          0          0          0          0          0          0          0          0          0
  dualsparsify     :       0.00       0.00      1          0          0          0          0          0          0          0          0          0
  gateextraction   :       0.02       0.00      8          0          0          0          0          0         40         20          0          0
  implics          :       0.00       0.00     13          0          0          0          0          0          0          0          0          0
  inttobinary      :       0.00       0.00      0          0          0          0          0          0          0          0          0          0
  qpkktref         :       0.00       0.00      0          0          0          0          0          0          0          0          0          0
  redvub           :       0.00       0.00      0          0          0          0          0          0          0          0          0          0
  sparsify         :       0.00       0.00      1          0          0          0          0          0          0          0          0          0
  stuffing         :       0.00       0.00      0          0          0          0          0          0          0          0          0          0
  trivial          :       0.00       0.00     17         10          0          0          0          0          0          0          0          0
  tworowbnd        :       0.00       0.00      0          0          0          0          0          0          0          0          0          0
  dualfix          :       0.00       0.00     17          0          0          0          0          0          0          0          0          0
  genvbounds       :       0.00       0.00      0          0          0          0          0          0          0          0          0          0
  probing          :       0.00       0.00      2          0          0          0          0          0          0          0          0          0
  pseudoobj        :       0.00       0.00      1          0          0          0          0          0          0          0          0          0
  symmetry         :       0.00       0.00      1          2          0          0          0          0          0          5          0          0
  vbounds          :       0.00       0.00      2          0          3          0          0          0          0          0          0          0
  knapsack         :       0.00       0.00     26          0          0          0          0          0          0          0          0          0
  setppc           :       0.00       0.00     36          0          8          0          0          0         24          0          0          0
  linear           :       0.00       0.00     19          0          0          0          0          0          0          0          0          0
  orbisack         :       0.00       0.00      6          0          0          0          0          0          0          0          0          0
  orbitope         :       0.00       0.00     11          1          0          0          0          0          0          0          0          0
  symresack        :       0.00       0.00      6          0          0          0          0          0          0          0          0          0
  logicor          :       0.13       0.02     25          0          0          0          0          0        540          0          0       1349
  benders          :       0.00       0.00      0          0          0          0          0          0          0          0          0          0
  components       :       0.00       0.00      2          0          0          0          0          0          0          0          0          0
  root node        :          -          -      -          2          -          -          2          -          -          -          -          -
Constraints        :     Number  MaxNumber  #Separate #Propagate    #EnfoLP    #EnfoRelax  #EnfoPS    #Check   #ResProp    Cutoffs    DomReds       Cuts    Applied      Conss   Children
  benderslp        :          0          0          0          0       6754          0          0          8          0          0          0          0          0          0          0
  integral         :          0          0          0          0       6754          0          0          8          0          0          0          0          0          0      13508
  knapsack         :         54+        75         11     107179          0          0          0          0      68185       1150      58925          0          0          0          0
  setppc           :        288+       296         27     106983          0          0          0          3     371128       2654     272822          0          0          0          0
  linear           :          4+       214         27     100249          0          0          0          0       5337        198       6611          0          0          0          0
  orbisack         :          2          2          0          0          0          0          0          0          0          0          0          0          0          0          0
  orbitope         :          2          2          0     104031          0          0          0          0          0          0          0          0          0          0          0
  symresack        :          1          1          0      20976          0          0          0          0        457         41        436          0          0          0          0
  logicor          :       3084+      5213         27      80855          0          0          0          0      85986       1672      67833          3          2          0          0
  benders          :          0          0          0          0          0          0          0          0          0          0          0          0          0          0          0
  countsols        :          0          0          0          0          0          0          0          0          0          0          0          0          0          0          0
  components       :          0          0          0          0          0          0          0          0          0          0          0          0          0          0          0
Constraint Timings :  TotalTime  SetupTime   Separate  Propagate     EnfoLP     EnfoPS     EnfoRelax   Check    ResProp    SB-Prop
  benderslp        :       0.00       0.00       0.00       0.00       0.00       0.00       0.00       0.00       0.00       0.00
  integral         :       0.37       0.00       0.00       0.00       0.36       0.00       0.00       0.00       0.00       0.00
  knapsack         :       1.72       0.00       0.02       1.62       0.00       0.00       0.00       0.00       0.08       0.00
  setppc           :       2.43       0.00       0.00       2.28       0.00       0.00       0.00       0.00       0.15       0.00
  linear           :       0.17       0.00       0.00       0.16       0.00       0.00       0.00       0.00       0.01       0.00
  orbisack         :       0.01       0.00       0.00       0.01       0.00       0.00       0.00       0.00       0.00       0.00
  orbitope         :       0.26       0.00       0.00       0.26       0.00       0.00       0.00       0.00       0.00       0.00
  symresack        :       0.02       0.00       0.00       0.01       0.00       0.00       0.00       0.00       0.00       0.00
  logicor          :       2.85       0.02       0.01       2.74       0.00       0.00       0.00       0.00       0.08       0.00
  benders          :       0.00       0.00       0.00       0.00       0.00       0.00       0.00       0.00       0.00       0.00
  countsols        :       0.00       0.00       0.00       0.00       0.00       0.00       0.00       0.00       0.00       0.00
  components       :       0.00       0.00       0.00       0.00       0.00       0.00       0.00       0.00       0.00       0.00
Propagators        : #Propagate   #ResProp    Cutoffs    DomReds
  dualfix          :          2          0          0          0
  genvbounds       :          0          0          0          0
  nlobbt           :          0          0          0          0
  obbt             :          0          0          0          0
  probing          :          0          0          0          0
  pseudoobj        :          0          0          0          0
  redcost          :          0          0          0          0
  rootredcost      :          0          0          0          0
  symmetry         :          0          0          0          0
  vbounds          :      83861          0          0          0
Propagator Timings :  TotalTime  SetupTime   Presolve  Propagate    ResProp    SB-Prop
  dualfix          :       0.00       0.00       0.00       0.00       0.00       0.00
  genvbounds       :       0.01       0.00       0.00       0.01       0.00       0.00
  nlobbt           :       0.00       0.00       0.00       0.00       0.00       0.00
  obbt             :       0.00       0.00       0.00       0.00       0.00       0.00
  probing          :       0.00       0.00       0.00       0.00       0.00       0.00
  pseudoobj        :       0.01       0.00       0.00       0.01       0.00       0.00
  redcost          :       0.01       0.00       0.00       0.01       0.00       0.00
  rootredcost      :       0.01       0.00       0.00       0.01       0.00       0.00
  symmetry         :       0.01       0.00       0.00       0.01       0.00       0.00
  vbounds          :       0.15       0.00       0.00       0.15       0.00       0.00
Orbital fixing     :
  vars fixed to 0  :          0
  vars fixed to 1  :          0
Conflict Analysis  :       Time      Calls    Success    DomReds  Conflicts   Literals    Reconvs ReconvLits   Dualrays   Nonzeros   LP Iters   (pool size: [10000,10000])
  propagation      :       0.46       5637       4762          -      29020       25.7        390       12.6          -          -          -
  infeasible LP    :       0.70       3029       2501          -      18186       22.2        112        9.7        860       28.7          0
  bound exceed. LP :       0.00          0          0          -          0        0.0          0        0.0          0        0.0          0
  strong branching :       0.00          0          0          -          0        0.0          0        0.0          -          -          0
  pseudo solution  :       0.00          0          0          -          0        0.0          0        0.0          -          -          -
  applied globally :       0.15          -          -          0      25747       17.7          -          -        760          -          -
  applied locally  :          -          -          -          0        352       29.9          -          -        100          -          -
Separators         :   ExecTime  SetupTime      Calls  RootCalls    Cutoffs    DomReds  FoundCuts ViaPoolAdd  DirectAdd    Applied ViaPoolApp  DirectApp      Conss
  cut pool         :       2.37          -       2731         52          -          -      41398      17877          -          -          -          -          -    (maximal pool size:       3343)
  aggregation      :       0.60       0.00       1471         27          0          0          1          0          0          0          0          0          0
  > cmir           :          -          -          -          -          -          -          -          0          0          0          0          0          -
  > flowcover      :          -          -          -          -          -          -          -          0          0          0          0          0          -
  > knapsackcover  :          -          -          -          -          -          -          -          0          0          0          0          0          -
  cgmip            :       0.00       0.00          0          0          0          0          0          0          0          0          0          0          0
  clique           :       0.01       0.00         27         27          0          0          0          0          0          0          0          0          0
  closecuts        :       0.00       0.00          0          0          0          0          0          0          0          0          0          0          0
  convexproj       :       0.00       0.00          0          0          0          0          0          0          0          0          0          0          0
  disjunctive      :       0.00       0.00          0          0          0          0          0          0          0          0          0          0          0
  eccuts           :       0.00       0.00          0          0          0          0          0          0          0          0          0          0          0
  gauge            :       0.00       0.00          0          0          0          0          0          0          0          0          0          0          0
  gomory           :       4.38       0.00       1464         20          0          0      58947      17207      17896       2213       1722        491          0
  > gomorymi       :          -          -          -          -          -          -          -       2217       8948        353         87        266          -
  > strongcg       :          -          -          -          -          -          -          -      14990       8948       1860       1635        225          -
  impliedbounds    :       0.02       0.00       1471         27          0          0          0          0          0          0          0          0          0
  interminor       :       0.00       0.00          0          0          0          0          0          0          0          0          0          0          0
  intobj           :       0.00       0.00          0          0          0          0          0          0          0          0          0          0          0
  mcf              :       0.00       0.00          2          2          0          0          0          0          0          0          0          0          0
  minor            :       0.00       0.00          0          0          0          0          0          0          0          0          0          0          0
  mixing           :       0.00       0.00          0          0          0          0          0          0          0          0          0          0          0
  oddcycle         :       0.00       0.00          0          0          0          0          0          0          0          0          0          0          0
  rapidlearning    :       7.55       0.00         53          2          0       2840          0          0          0          0          0          0        870
  rlt              :       0.00       0.00         20         20          0          0          0          0          0          0          0          0          0
  zerohalf         :       0.64       0.00       1471         27          0          0       2025        670       1679       1503        398       1105          0
Cutselectors       :   ExecTime  SetupTime      Calls  RootCalls   Selected     Forced   Filtered  RootSelec   RootForc   RootFilt 
  hybrid           :       0.04       0.00       1456         27       3718          0      33737         72          0       2119
Pricers            :   ExecTime  SetupTime      Calls       Vars
  problem variables:       0.00          -          0          0
Branching Rules    :   ExecTime  SetupTime   BranchLP  BranchExt   BranchPS    Cutoffs    DomReds       Cuts      Conss   Children
  allfullstrong    :       0.00       0.00          0          0          0          0          0          0          0          0
  cloud            :       0.00       0.00          0          0          0          0          0          0          0          0
  distribution     :       0.00       0.00          0          0          0          0          0          0          0          0
  fullstrong       :       0.00       0.00          0          0          0          0          0          0          0          0
  inference        :       0.00       0.00          0          0          0          0          0          0          0          0
  leastinf         :       0.00       0.00          0          0          0          0          0          0          0          0
  lookahead        :       0.00       0.00          0          0          0          0          0          0          0          0
  mostinf          :       0.00       0.00          0          0          0          0          0          0          0          0
  multaggr         :       0.00       0.00          0          0          0          0          0          0          0          0
  nodereopt        :       0.00       0.00          0          0          0          0          0          0          0          0
  pscost           :       0.00       0.00          0          0          0          0          0          0          0          0
  random           :       0.00       0.00          0          0          0          0          0          0          0          0
  relpscost        :       0.36       0.00       6754          0          0          0          0          0          0      13508
  vanillafullstrong:       0.00       0.00          0          0          0          0          0          0          0          0
Primal Heuristics  :   ExecTime  SetupTime      Calls      Found       Best
  LP solutions     :       0.00          -          -          0          0
  relax solutions  :       0.00          -          -          0          0
  pseudo solutions :       0.00          -          -          0          0
  strong branching :       0.00          -          -          0          0
  actconsdiving    :       0.00       0.00          0          0          0
  adaptivediving   :       0.21       0.00         89          0          0
  alns             :       0.03       0.00          2          0          0
  bound            :       0.00       0.00          0          0          0
  clique           :       0.00       0.00          1          0          0
  coefdiving       :       0.00       0.00          0          0          0
  completesol      :       0.00       0.00          0          0          0
  conflictdiving   :       0.34       0.00        141          0          0
  crossover        :       0.00       0.00          0          0          0
  dins             :       0.00       0.00          0          0          0
  distributiondivin:       0.51       0.00        141          0          0
  dps              :       0.00       0.00          0          0          0
  dualval          :       0.00       0.00          0          0          0
  farkasdiving     :       0.00       0.00          0          0          0
  feaspump         :       0.01       0.00          1          0          0
  fixandinfer      :       0.00       0.00          0          0          0
  fracdiving       :       0.31       0.00        141          0          0
  gins             :       0.00       0.00          0          0          0
  guideddiving     :       0.00       0.00          0          0          0
  indicator        :       0.00       0.00          0          0          0
  intdiving        :       0.00       0.00          0          0          0
  intshifting      :       0.00       0.00          0          0          0
  linesearchdiving :       0.51       0.00        141          0          0
  localbranching   :       0.00       0.00          0          0          0
  locks            :       0.00       0.00          1          0          0
  lpface           :       0.01       0.00          0          0          0
  mpec             :       0.00       0.00          0          0          0
  multistart       :       0.00       0.00          0          0          0
  mutation         :       0.00       0.00          0          0          0
  nlpdiving        :       0.00       0.00          0          0          0
  objpscostdiving  :       0.21       0.00         12          0          0
  octane           :       0.00       0.00          0          0          0
  ofins            :       0.00       0.00          0          0          0
  oneopt           :       0.00       0.00          0          0          0
  padm             :       0.00       0.00          0          0          0
  proximity        :       0.00       0.00          0          0          0
  pscostdiving     :       0.25       0.00        141          0          0
  randrounding     :       0.04       0.00         29          0          0
  rens             :       0.02       0.00          1          0          0
  reoptsols        :       0.00       0.00          0          0          0
  repair           :       0.00       0.00          0          0          0
  rins             :       0.00       0.00          0          0          0
  rootsoldiving    :       0.29       0.00         29          0          0
  rounding         :       0.05       0.00       1217          0          0
  shiftandpropagate:       0.01       0.00          2          0          0
  shifting         :       0.06       0.00        592          0          0
  simplerounding   :       0.00       0.00          0          0          0
  subnlp           :       0.00       0.00          0          0          0
  trivial          :       0.00       0.00          2          0          0
  trivialnegation  :       0.00       0.00          0          0          0
  trustregion      :       0.00       0.00          0          0          0
  trysol           :       0.00       0.00          0          0          0
  twoopt           :       0.00       0.00          0          0          0
  undercover       :       0.00       0.00          0          0          0
  vbounds          :       0.00       0.00          2          0          0
  veclendiving     :       0.34       0.00        141          0          0
  zeroobj          :       0.00       0.00          0          0          0
  zirounding       :       0.01       0.00       1000          0          0
  other solutions  :          -          -          -          0          -
LP                 :       Time      Calls Iterations  Iter/call   Iter/sec  Time-0-It Calls-0-It    ItLimit
  primal LP        :       0.53        643          0       0.00       0.00       0.53        643
  dual LP          :      10.86      11049     373740      34.07   34417.40       0.02         80
  lex dual LP      :       0.00          0          0       0.00          -
  barrier LP       :       0.00          0          0       0.00          -       0.00          0
  resolve instable :       0.00          0          0       0.00          -
  diving/probing LP:       0.91        857      25269      29.49   27627.63
  strong branching :       0.16         22       5183     235.59   31451.39          -          -          0
    (at root node) :          -         22       5183     235.59          -
  conflict analysis:       0.00          0          0       0.00          -
B&B Tree           :
  number of runs   :          2
  nodes            :       8168 (4778 internal, 3390 leaves)
  feasible leaves  :          0
  infeas. leaves   :       3390
  objective leaves :          0
  nodes (total)    :      11754 (6754 internal, 5000 leaves)
  nodes left       :          0
  max depth        :         20
  max depth (total):         20
  backtracks       :       2931 (35.9%)
  early backtracks :          0 (0.0%)
  nodes exc. ref.  :          0 (0.0%)
  delayed cutoffs  :       1389
  repropagations   :       4204 (98312 domain reductions, 1211 cutoffs)
  avg switch length:       4.40
  switching time   :       4.09
Root Node          :
  First LP value   : +0.00000000000000e+00
  First LP Iters   :        109 (33882.50 Iter/sec)
  First LP Time    :       0.00
  Final Dual Bound : +0.00000000000000e+00
  Final Root Iters :       3097
  Root LP Estimate : +5.12951745002048e-03
Solution           :
  Solutions found  :          0 (0 improvements)
  Primal Bound     : infeasible
  Dual Bound       :          -
  Gap              :       0.00 %
Integrals          :      Total       Avg%
  primal-dual      :          -          - (problem infeasible)
  primal-ref       :          -          - (problem infeasible)
  dual-ref         :          -          - (problem infeasible)
written solution information to file <results/final_flowersnark__settings_final_nosymretope_norelabel__4__flowersnark17_3.cip.sol>
@04 1668020598
