FILENAME:   ../instances_new/flowersnark/flowersnark17_3.cip
SETTINGS:   settings_final_moresymresack_relabel_min
TIMELIMIT:  7200
OUTPUTNAME: final_flowersnark__settings_final_moresymresack_relabel_min__3__
BINNAME:    bin/sbcs.linux.x86_64.gnu.opt.cpx
BASENAME:   flowersnark17_3.cip
SEED:       3
@01 ../instances_new/flowersnark/flowersnark17_3.cip ===========
@02 flowersnark17_3.cip
@03 1668048687
SCIP version 8.0.2 [precision: 8 byte] [memory: block] [mode: optimized] [LP solver: CPLEX 20.1.0.0] [GitHash: 5f0473c]
Copyright (C) 2002-2022 Konrad-Zuse-Zentrum fuer Informationstechnik Berlin (ZIB)

Symretope propagation methods - (c) Jasper van Doornmalen, Christopher Hojny.
[GitHash: 8113d1c]

reading parameter file <../settings/settings_final_moresymresack_relabel_min.set> ...

Changed settings:
limits/time = 7200
misc/usesymmetry = 1
randomization/randomseedshift = 3
constraints/orbisack/sepafreq = -1
constraints/symresack/sepafreq = -1
propagating/symmetry/addsymresacks = TRUE
propagating/symmetry/detectsubgroups = FALSE
propagating/symmetry/usesymretopes = FALSE
propagating/symmetry/relabelsymretopes = 2
propagating/symmetry/addmoresymresacks = TRUE
propagating/symmetry/ofsymcomptiming = 0
constraints/symretope/sepafreq = -1
constraints/symretope/peek = FALSE


solving problem ...

original problem has 306 variables (306 bin, 0 int, 0 impl, 0 cont) and 306 constraints
presolving:
(round 1, exhaustive) 0 del vars, 0 del conss, 0 add conss, 0 chg bounds, 0 chg sides, 0 chg coeffs, 306 upgd conss, 0 impls, 306 clqs
   (0.0s) probing: 51/306 (16.7%) - 0 fixings, 0 aggregations, 0 implications, 0 bound changes
   (0.0s) probing aborted: 50/50 successive totally useless probings
   (0.0s) symmetry computation started: requiring (bin +, int +, cont +), (fixed: bin -, int -, cont -)
   (0.0s) symmetry computation finished: 5 generators found (max: 1500, log10 of symmetry group size: 2.6)
(round 2, exhaustive) 7 del vars, 0 del conss, 37 add conss, 0 chg bounds, 0 chg sides, 0 chg coeffs, 306 upgd conss, 0 impls, 303 clqs
(round 3, fast)       16 del vars, 7 del conss, 37 add conss, 0 chg bounds, 0 chg sides, 0 chg coeffs, 306 upgd conss, 0 impls, 299 clqs
(round 4, medium)     17 del vars, 7 del conss, 37 add conss, 0 chg bounds, 0 chg sides, 0 chg coeffs, 306 upgd conss, 0 impls, 299 clqs
(round 5, fast)       18 del vars, 8 del conss, 37 add conss, 0 chg bounds, 0 chg sides, 0 chg coeffs, 306 upgd conss, 0 impls, 298 clqs
   (0.0s) probing cycle finished: starting next cycle
(round 6, exhaustive) 25 del vars, 8 del conss, 37 add conss, 0 chg bounds, 0 chg sides, 0 chg coeffs, 306 upgd conss, 0 impls, 423 clqs
(round 7, fast)       25 del vars, 18 del conss, 37 add conss, 0 chg bounds, 1 chg sides, 0 chg coeffs, 306 upgd conss, 0 impls, 423 clqs
   (0.0s) probing: 104/289 (36.0%) - 0 fixings, 7 aggregations, 161 implications, 0 bound changes
   (0.0s) probing aborted: 50/50 successive totally useless probings
presolving (8 rounds: 8 fast, 5 medium, 4 exhaustive):
 25 deleted vars, 18 deleted constraints, 37 added constraints, 0 tightened bounds, 0 added holes, 1 changed sides, 0 changed coefficients
 0 implications, 429 cliques
presolved problem has 286 variables (286 bin, 0 int, 0 impl, 0 cont) and 325 constraints
    288 constraints of type <setppc>
      3 constraints of type <orbisack>
      2 constraints of type <orbitope>
     32 constraints of type <symresack>
transformed objective value is always integral (scale: 1)
Presolving Time: 0.02

 time | node  | left  |LP iter|LP it/n|mem/heur|mdpt |vars |cons |rows |cuts |sepa|confs|strbr|  dualbound   | primalbound  |  gap   | compl. 
  0.0s|     1 |     0 |   224 |     - |  6114k |   0 | 286 | 364 | 290 |   0 |  0 |  39 |   0 | 0.000000e+00 |      --      |    Inf | unknown
  0.1s|     1 |     0 |   517 |     - |  6230k |   0 | 286 | 567 | 290 |   3 |  1 |  42 |   0 | 0.000000e+00 |      --      |    Inf | unknown
  0.1s|     1 |     0 |   539 |     - |  7404k |   0 | 286 | 568 | 294 |   7 |  2 |  45 |   0 | 0.000000e+00 |      --      |    Inf | unknown
  0.1s|     1 |     0 |   624 |     - |  7954k |   0 | 286 | 569 | 298 |  11 |  3 |  46 |   0 | 0.000000e+00 |      --      |    Inf | unknown
  0.2s|     1 |     0 |   688 |     - |  9208k |   0 | 286 | 572 | 301 |  14 |  4 |  49 |   0 | 0.000000e+00 |      --      |    Inf | unknown
  0.2s|     1 |     0 |   757 |     - |  9599k |   0 | 286 | 573 | 304 |  17 |  5 |  50 |   0 | 0.000000e+00 |      --      |    Inf | unknown
  0.2s|     1 |     0 |   842 |     - |    10M |   0 | 286 | 574 | 307 |  20 |  6 |  51 |   0 | 0.000000e+00 |      --      |    Inf | unknown
  0.2s|     1 |     0 |   946 |     - |    13M |   0 | 286 | 575 | 311 |  24 |  7 |  52 |   0 | 0.000000e+00 |      --      |    Inf | unknown
  0.3s|     1 |     0 |  1072 |     - |    16M |   0 | 286 | 577 | 315 |  28 |  8 |  54 |   0 | 0.000000e+00 |      --      |    Inf | unknown
  0.3s|     1 |     0 |  1160 |     - |    17M |   0 | 286 | 580 | 317 |  30 |  9 |  57 |   0 | 0.000000e+00 |      --      |    Inf | unknown
  0.4s|     1 |     0 |  1289 |     - |    18M |   0 | 286 | 583 | 319 |  32 | 10 |  60 |   0 | 0.000000e+00 |      --      |    Inf | unknown
  0.4s|     1 |     0 |  1388 |     - |    18M |   0 | 286 | 584 | 322 |  35 | 11 |  61 |   0 | 0.000000e+00 |      --      |    Inf | unknown
  0.5s|     1 |     2 |  1570 |     - |    18M |   0 | 286 | 590 | 322 |  35 | 11 |  67 |  11 | 0.000000e+00 |      --      |    Inf | unknown
  1.1s|   100 |    14 |  8812 |  75.0 |    20M |  14 | 286 | 804 |   0 | 104 |  0 | 284 |  11 | 0.000000e+00 |      --      |    Inf |  24.35%
  1.8s|   200 |    27 | 11698 |  51.8 |    21M |  14 | 286 | 952 | 303 | 131 |  1 | 436 |  11 | 0.000000e+00 |      --      |    Inf |  37.60%
 time | node  | left  |LP iter|LP it/n|mem/heur|mdpt |vars |cons |rows |cuts |sepa|confs|strbr|  dualbound   | primalbound  |  gap   | compl. 
  2.5s|   300 |    20 | 15430 |  47.0 |    23M |  15 | 286 |1124 | 302 | 163 |  1 | 611 |  11 | 0.000000e+00 |      --      |    Inf |  52.91%
  2.9s|   400 |    18 | 20914 |  48.9 |    25M |  15 | 286 |1366 | 304 | 210 |  0 | 854 |  11 | 0.000000e+00 |      --      |    Inf |  59.81%
  3.1s|   500 |    16 | 25539 |  48.4 |    26M |  17 | 286 |1611 | 302 | 227 |  1 |1099 |  11 | 0.000000e+00 |      --      |    Inf |  60.44%
  3.7s|   600 |    12 | 29689 |  47.2 |    26M |  17 | 286 |1803 | 300 | 283 |  0 |1292 |  11 | 0.000000e+00 |      --      |    Inf |  61.62%
  4.6s|   700 |    18 | 34151 |  46.9 |    27M |  17 | 286 |1999 | 301 | 324 |  0 |1488 |  11 | 0.000000e+00 |      --      |    Inf |  81.32%
  5.4s|   800 |    34 | 41814 |  50.6 |    27M |  17 | 286 |2181 | 302 | 438 |  1 |1682 |  11 | 0.000000e+00 |      --      |    Inf |  83.76%
  5.6s|   900 |    24 | 46105 |  49.7 |    27M |  17 | 286 |2339 | 303 | 451 |  1 |1866 |  11 | 0.000000e+00 |      --      |    Inf |  84.38%
  6.0s|  1000 |    27 | 51399 |  50.1 |    27M |  17 | 286 |2587 | 302 | 487 |  1 |2166 |  11 | 0.000000e+00 |      --      |    Inf |  84.93%
  6.2s|  1100 |    19 | 56220 |  49.9 |    27M |  17 | 286 |2825 | 303 | 516 |  0 |2455 |  11 | 0.000000e+00 |      --      |    Inf |  85.66%
  6.8s|  1200 |    16 | 62459 |  50.9 |    27M |  17 | 286 |2898 | 302 | 565 |  1 |2662 |  11 | 0.000000e+00 |      --      |    Inf |  90.50%
  7.0s|  1300 |    18 | 66144 |  49.9 |    28M |  18 | 286 |3016 |   0 | 571 |  0 |2973 |  11 | 0.000000e+00 |      --      |    Inf |  90.67%
  7.4s|  1400 |    20 | 70886 |  49.7 |    28M |  18 | 286 |3024 | 310 | 608 |  3 |3219 |  11 | 0.000000e+00 |      --      |    Inf |  91.26%
  7.7s|  1500 |    24 | 74978 |  49.1 |    28M |  18 | 286 |2981 | 308 | 638 |  0 |3503 |  11 | 0.000000e+00 |      --      |    Inf |  91.67%
  7.9s|  1600 |    22 | 78928 |  48.5 |    28M |  18 | 286 |3078 | 303 | 658 |  0 |3734 |  11 | 0.000000e+00 |      --      |    Inf |  92.02%
  8.3s|  1700 |    16 | 82823 |  47.9 |    29M |  18 | 286 |3023 | 302 | 673 |  1 |3905 |  11 | 0.000000e+00 |      --      |    Inf |  95.57%
 time | node  | left  |LP iter|LP it/n|mem/heur|mdpt |vars |cons |rows |cuts |sepa|confs|strbr|  dualbound   | primalbound  |  gap   | compl. 
  8.6s|  1800 |    17 | 86262 |  47.2 |    29M |  18 | 286 |3213 | 302 | 703 |  1 |4246 |  11 | 0.000000e+00 |      --      |    Inf |  96.13%
  8.9s|  1900 |     7 | 90082 |  46.7 |    29M |  18 | 286 |3312 | 302 | 729 |  1 |4504 |  11 | 0.000000e+00 |      --      |    Inf |  96.80%
  9.3s|  2000 |    11 | 95399 |  47.0 |    29M |  18 | 286 |3377 | 306 | 771 |  0 |4787 |  11 | 0.000000e+00 |      --      |    Inf |  97.57%
  9.6s|  2100 |    12 |100453 |  47.2 |    29M |  18 | 286 |3398 | 303 | 819 |  0 |5024 |  11 | 0.000000e+00 |      --      |    Inf |  98.29%
 10.0s|  2200 |     5 |106350 |  47.7 |    29M |  18 | 286 |3498 | 305 | 867 |  0 |5267 |  11 | 0.000000e+00 |      --      |    Inf |  98.88%
 10.4s|  2300 |     3 |111426 |  47.9 |    29M |  18 | 286 |3435 | 305 | 952 |  0 |5426 |  11 | 0.000000e+00 |      --      |    Inf |  99.88%

SCIP Status        : problem is solved [infeasible]
Solving Time (sec) : 10.44
Solving Nodes      : 2326
Primal Bound       : +1.00000000000000e+20 (0 solutions)
Dual Bound         : +1.00000000000000e+20
Gap                : 0.00 %
SCIP Status        : problem is solved [infeasible]
Total Time         :      10.44
  solving          :      10.44
  presolving       :       0.02 (included in solving)
  reading          :       0.00
  copying          :       0.12 (27 #copies) (minimal 0.00, maximal 0.01, average 0.00)
Original Problem   :
  Problem name     : model
  Variables        : 306 (306 binary, 0 integer, 0 implicit integer, 0 continuous)
  Constraints      : 306 initial, 306 maximal
  Objective        : minimize, 0 non-zeros (abs.min = 1e+20, abs.max = -1e+20)
Presolved Problem  :
  Problem name     : t_model
  Variables        : 286 (286 binary, 0 integer, 0 implicit integer, 0 continuous)
  Constraints      : 325 initial, 3507 maximal
  Objective        : minimize, 0 non-zeros (abs.min = 1e+20, abs.max = -1e+20)
  Nonzeros         : 11765 constraint, 1076 clique table
Presolvers         :   ExecTime  SetupTime  Calls  FixedVars   AggrVars   ChgTypes  ChgBounds   AddHoles    DelCons    AddCons   ChgSides   ChgCoefs
  boundshift       :       0.00       0.00      0          0          0          0          0          0          0          0          0          0
  convertinttobin  :       0.00       0.00      0          0          0          0          0          0          0          0          0          0
  domcol           :       0.00       0.00      3          0          0          0          0          0          0          0          0          0
  dualagg          :       0.00       0.00      0          0          0          0          0          0          0          0          0          0
  dualcomp         :       0.00       0.00      0          0          0          0          0          0          0          0          0          0
  dualinfer        :       0.00       0.00      0          0          0          0          0          0          0          0          0          0
  dualsparsify     :       0.00       0.00      1          0          0          0          0          0          0          0          0          0
  gateextraction   :       0.00       0.00      0          0          0          0          0          0          0          0          0          0
  implics          :       0.00       0.00      5          0          0          0          0          0          0          0          0          0
  inttobinary      :       0.00       0.00      0          0          0          0          0          0          0          0          0          0
  qpkktref         :       0.00       0.00      0          0          0          0          0          0          0          0          0          0
  redvub           :       0.00       0.00      0          0          0          0          0          0          0          0          0          0
  sparsify         :       0.00       0.00      1          0          0          0          0          0          0          0          0          0
  stuffing         :       0.00       0.00      0          0          0          0          0          0          0          0          0          0
  trivial          :       0.00       0.00      8          5          0          0          0          0          0          0          0          0
  tworowbnd        :       0.00       0.00      0          0          0          0          0          0          0          0          0          0
  dualfix          :       0.00       0.00      8          0          0          0          0          0          0          0          0          0
  genvbounds       :       0.00       0.00      0          0          0          0          0          0          0          0          0          0
  probing          :       0.01       0.00      3          0          7          0          0          0          0          0          0          0
  pseudoobj        :       0.00       0.00      0          0          0          0          0          0          0          0          0          0
  symmetry         :       0.00       0.00      1          2          0          0          0          0          0         37          0          0
  vbounds          :       0.00       0.00      2          0          0          0          0          0          0          0          0          0
  knapsack         :       0.00       0.00      0          0          0          0          0          0          0          0          0          0
  setppc           :       0.00       0.00     14          0          5          0          0          0         18          0          1          0
  linear           :       0.00       0.00      2          0          0          0          0          0          0          0          0          0
  orbisack         :       0.00       0.00      2          0          0          0          0          0          0          0          0          0
  orbitope         :       0.00       0.00      3          1          0          0          0          0          0          0          0          0
  symresack        :       0.00       0.00      2          0          0          0          0          0          0          0          0          0
  logicor          :       0.00       0.00      0          0          0          0          0          0          0          0          0          0
  benders          :       0.00       0.00      0          0          0          0          0          0          0          0          0          0
  components       :       0.00       0.00      1          0          0          0          0          0          0          0          0          0
  root node        :          -          -      -          6          -          -          6          -          -          -          -          -
Constraints        :     Number  MaxNumber  #Separate #Propagate    #EnfoLP    #EnfoRelax  #EnfoPS    #Check   #ResProp    Cutoffs    DomReds       Cuts    Applied      Conss   Children
  benderslp        :          0          0          0          0       1278          0          0          7          0          0          0          0          0          0          0
  integral         :          0          0          0          0       1278          0          0          7          0          0          0          0          0          0       2556
  knapsack         :          0+        78          0      24271          0          0          0          0       4399        150       5471          0          0          0          0
  setppc           :        288+       301         12      25546          0          0          0          3      72828        520      51089          0          0          0          0
  linear           :          0+       217         11      23876          0          0          0          0       3457         44       3128          0          0          0          0
  orbisack         :          3          3          0         32          0          0          0          0         22          3         25          0          0          0          0
  orbitope         :          2          2          0      24879          0          0          0          0       1397          0        184          0          0          0          0
  symresack        :         32         32          0       4299          0          0          0          0        396         73        289          0          0          0          0
  logicor          :          0+      3013         12      17056          0          0          0          0      11204        190       6615          0          0          0          0
  benders          :          0          0          0          0          0          0          0          0          0          0          0          0          0          0          0
  countsols        :          0          0          0          0          0          0          0          0          0          0          0          0          0          0          0
  components       :          0          0          0          0          0          0          0          0          0          0          0          0          0          0          0
Constraint Timings :  TotalTime  SetupTime   Separate  Propagate     EnfoLP     EnfoPS     EnfoRelax   Check    ResProp    SB-Prop
  benderslp        :       0.00       0.00       0.00       0.00       0.00       0.00       0.00       0.00       0.00       0.00
  integral         :       0.13       0.00       0.00       0.00       0.13       0.00       0.00       0.00       0.00       0.00
  knapsack         :       0.12       0.00       0.00       0.11       0.00       0.00       0.00       0.00       0.01       0.00
  setppc           :       0.33       0.00       0.00       0.31       0.00       0.00       0.00       0.00       0.03       0.00
  linear           :       0.07       0.00       0.00       0.07       0.00       0.00       0.00       0.00       0.00       0.00
  orbisack         :       0.00       0.00       0.00       0.00       0.00       0.00       0.00       0.00       0.00       0.00
  orbitope         :       0.07       0.00       0.00       0.06       0.00       0.00       0.00       0.00       0.01       0.00
  symresack        :       0.01       0.00       0.00       0.01       0.00       0.00       0.00       0.00       0.00       0.00
  logicor          :       0.26       0.00       0.00       0.25       0.00       0.00       0.00       0.00       0.01       0.00
  benders          :       0.00       0.00       0.00       0.00       0.00       0.00       0.00       0.00       0.00       0.00
  countsols        :       0.00       0.00       0.00       0.00       0.00       0.00       0.00       0.00       0.00       0.00
  components       :       0.00       0.00       0.00       0.00       0.00       0.00       0.00       0.00       0.00       0.00
Propagators        : #Propagate   #ResProp    Cutoffs    DomReds
  dualfix          :          2          0          0          0
  genvbounds       :          0          0          0          0
  nlobbt           :          0          0          0          0
  obbt             :          0          0          0          0
  probing          :          0          0          0          0
  pseudoobj        :          0          0          0          0
  redcost          :          0          0          0          0
  rootredcost      :          0          0          0          0
  symmetry         :          0          0          0          0
  vbounds          :      18458          0          0          0
Propagator Timings :  TotalTime  SetupTime   Presolve  Propagate    ResProp    SB-Prop
  dualfix          :       0.00       0.00       0.00       0.00       0.00       0.00
  genvbounds       :       0.00       0.00       0.00       0.00       0.00       0.00
  nlobbt           :       0.00       0.00       0.00       0.00       0.00       0.00
  obbt             :       0.00       0.00       0.00       0.00       0.00       0.00
  probing          :       0.01       0.00       0.01       0.00       0.00       0.00
  pseudoobj        :       0.00       0.00       0.00       0.00       0.00       0.00
  redcost          :       0.00       0.00       0.00       0.00       0.00       0.00
  rootredcost      :       0.00       0.00       0.00       0.00       0.00       0.00
  symmetry         :       0.00       0.00       0.00       0.00       0.00       0.00
  vbounds          :       0.03       0.00       0.00       0.03       0.00       0.00
Orbital fixing     :
  vars fixed to 0  :          0
  vars fixed to 1  :          0
Conflict Analysis  :       Time      Calls    Success    DomReds  Conflicts   Literals    Reconvs ReconvLits   Dualrays   Nonzeros   LP Iters   (pool size: [10000,10000])
  propagation      :       0.07        962        844          -       4798       22.2         86       10.3          -          -          -
  infeasible LP    :       0.18        805        661          -       4860       20.1         30        7.8        284       29.0          0
  bound exceed. LP :       0.00          0          0          -          0        0.0          0        0.0          0        0.0          0
  strong branching :       0.00          0          0          -          0        0.0          0        0.0          -          -          0
  pseudo solution  :       0.00          0          0          -          0        0.0          0        0.0          -          -          -
  applied globally :       0.03          -          -          0       5169       15.6          -          -        261          -          -
  applied locally  :          -          -          -          0         26       23.5          -          -         23          -          -
Separators         :   ExecTime  SetupTime      Calls  RootCalls    Cutoffs    DomReds  FoundCuts ViaPoolAdd  DirectAdd    Applied ViaPoolApp  DirectApp      Conss
  cut pool         :       0.64          -        668         21          -          -      10779       4065          -          -          -          -          -    (maximal pool size:       3448)
  aggregation      :       0.20       0.00        367         11          0          0          0          0          0          0          0          0          0
  > cmir           :          -          -          -          -          -          -          -          0          0          0          0          0          -
  > flowcover      :          -          -          -          -          -          -          -          0          0          0          0          0          -
  > knapsackcover  :          -          -          -          -          -          -          -          0          0          0          0          0          -
  cgmip            :       0.00       0.00          0          0          0          0          0          0          0          0          0          0          0
  clique           :       0.00       0.00         11         11          0          0          6         40          0          7          7          0          0
  closecuts        :       0.00       0.00          0          0          0          0          0          0          0          0          0          0          0
  convexproj       :       0.00       0.00          0          0          0          0          0          0          0          0          0          0          0
  disjunctive      :       0.00       0.00          0          0          0          0          0          0          0          0          0          0          0
  eccuts           :       0.00       0.00          0          0          0          0          0          0          0          0          0          0          0
  gauge            :       0.00       0.00          0          0          0          0          0          0          0          0          0          0          0
  gomory           :       1.33       0.00        366         10          0          0      15980       3828       5284        471        338        133          0
  > gomorymi       :          -          -          -          -          -          -          -        713       2642        105         32         73          -
  > strongcg       :          -          -          -          -          -          -          -       3115       2642        366        306         60          -
  impliedbounds    :       0.01       0.00        367         11          0          4         13         77          0         11         11          0          0
  interminor       :       0.00       0.00          0          0          0          0          0          0          0          0          0          0          0
  intobj           :       0.00       0.00          0          0          0          0          0          0          0          0          0          0          0
  mcf              :       0.00       0.00          1          1          0          0          0          0          0          0          0          0          0
  minor            :       0.00       0.00          0          0          0          0          0          0          0          0          0          0          0
  mixing           :       0.00       0.00          0          0          0          0          0          0          0          0          0          0          0
  oddcycle         :       0.00       0.00          0          0          0          0          0          0          0          0          0          0          0
  rapidlearning    :       2.48       0.00         26          1          0       2962          0          0          0          0          0          0        390
  rlt              :       0.00       0.00         10         10          0          0          0          0          0          0          0          0          0
  zerohalf         :       0.18       0.00        367         11          0          0        576        120        512        463         90        373          0
Cutselectors       :   ExecTime  SetupTime      Calls  RootCalls   Selected     Forced   Filtered  RootSelec   RootForc   RootFilt 
  hybrid           :       0.01       0.00        367         11        952          0       8909         35          0        656
Pricers            :   ExecTime  SetupTime      Calls       Vars
  problem variables:       0.00          -          0          0
Branching Rules    :   ExecTime  SetupTime   BranchLP  BranchExt   BranchPS    Cutoffs    DomReds       Cuts      Conss   Children
  allfullstrong    :       0.00       0.00          0          0          0          0          0          0          0          0
  cloud            :       0.00       0.00          0          0          0          0          0          0          0          0
  distribution     :       0.00       0.00          0          0          0          0          0          0          0          0
  fullstrong       :       0.00       0.00          0          0          0          0          0          0          0          0
  inference        :       0.00       0.00          0          0          0          0          0          0          0          0
  leastinf         :       0.00       0.00          0          0          0          0          0          0          0          0
  lookahead        :       0.00       0.00          0          0          0          0          0          0          0          0
  mostinf          :       0.00       0.00          0          0          0          0          0          0          0          0
  multaggr         :       0.00       0.00          0          0          0          0          0          0          0          0
  nodereopt        :       0.00       0.00          0          0          0          0          0          0          0          0
  pscost           :       0.00       0.00          0          0          0          0          0          0          0          0
  random           :       0.00       0.00          0          0          0          0          0          0          0          0
  relpscost        :       0.13       0.00       1278          0          0          0          0          0          0       2556
  vanillafullstrong:       0.00       0.00          0          0          0          0          0          0          0          0
Primal Heuristics  :   ExecTime  SetupTime      Calls      Found       Best
  LP solutions     :       0.00          -          -          0          0
  relax solutions  :       0.00          -          -          0          0
  pseudo solutions :       0.00          -          -          0          0
  strong branching :       0.00          -          -          0          0
  actconsdiving    :       0.00       0.00          0          0          0
  adaptivediving   :       0.15       0.00         51          0          0
  alns             :       0.01       0.00          1          0          0
  bound            :       0.00       0.00          0          0          0
  clique           :       0.00       0.00          1          0          0
  coefdiving       :       0.00       0.00          0          0          0
  completesol      :       0.00       0.00          0          0          0
  conflictdiving   :       0.06       0.00         26          0          0
  crossover        :       0.00       0.00          0          0          0
  dins             :       0.00       0.00          0          0          0
  distributiondivin:       0.07       0.00         26          0          0
  dps              :       0.00       0.00          0          0          0
  dualval          :       0.00       0.00          0          0          0
  farkasdiving     :       0.00       0.00          0          0          0
  feaspump         :       0.01       0.00          1          0          0
  fixandinfer      :       0.00       0.00          0          0          0
  fracdiving       :       0.04       0.00         27          0          0
  gins             :       0.00       0.00          0          0          0
  guideddiving     :       0.00       0.00          0          0          0
  indicator        :       0.00       0.00          0          0          0
  intdiving        :       0.00       0.00          0          0          0
  intshifting      :       0.00       0.00          0          0          0
  linesearchdiving :       0.06       0.00         21          0          0
  localbranching   :       0.00       0.00          0          0          0
  locks            :       0.00       0.00          1          0          0
  lpface           :       0.00       0.00          0          0          0
  mpec             :       0.00       0.00          0          0          0
  multistart       :       0.00       0.00          0          0          0
  mutation         :       0.00       0.00          0          0          0
  nlpdiving        :       0.00       0.00          0          0          0
  objpscostdiving  :       0.03       0.00          5          0          0
  octane           :       0.00       0.00          0          0          0
  ofins            :       0.00       0.00          0          0          0
  oneopt           :       0.00       0.00          0          0          0
  padm             :       0.00       0.00          0          0          0
  proximity        :       0.00       0.00          0          0          0
  pscostdiving     :       0.06       0.00         27          0          0
  randrounding     :       0.01       0.00         12          0          0
  rens             :       0.00       0.00          0          0          0
  reoptsols        :       0.00       0.00          0          0          0
  repair           :       0.00       0.00          0          0          0
  rins             :       0.00       0.00          0          0          0
  rootsoldiving    :       0.08       0.00          8          0          0
  rounding         :       0.03       0.00        541          0          0
  shiftandpropagate:       0.00       0.00          1          0          0
  shifting         :       0.03       0.00        261          0          0
  simplerounding   :       0.00       0.00          0          0          0
  subnlp           :       0.00       0.00          0          0          0
  trivial          :       0.00       0.00          2          0          0
  trivialnegation  :       0.00       0.00          0          0          0
  trustregion      :       0.00       0.00          0          0          0
  trysol           :       0.00       0.00          0          0          0
  twoopt           :       0.00       0.00          0          0          0
  undercover       :       0.00       0.00          0          0          0
  vbounds          :       0.00       0.00          1          0          0
  veclendiving     :       0.05       0.00         27          0          0
  zeroobj          :       0.00       0.00          0          0          0
  zirounding       :       0.01       0.00       1000          0          0
  other solutions  :          -          -          -          0          -
LP                 :       Time      Calls Iterations  Iter/call   Iter/sec  Time-0-It Calls-0-It    ItLimit
  primal LP        :       0.15        157          0       0.00       0.00       0.15        157
  dual LP          :       2.98       2390     104522      43.95   35020.22       0.00         12
  lex dual LP      :       0.00          0          0       0.00          -
  barrier LP       :       0.00          0          0       0.00          -       0.00          0
  resolve instable :       0.00          0          0       0.00          -
  diving/probing LP:       0.27        235       7756      33.00   29038.68
  strong branching :       0.09         11       2570     233.64   30030.73          -          -          0
    (at root node) :          -         11       2570     233.64          -
  conflict analysis:       0.00          0          0       0.00          -
B&B Tree           :
  number of runs   :          1
  nodes            :       2326 (1278 internal, 1048 leaves)
  feasible leaves  :          0
  infeas. leaves   :       1048
  objective leaves :          0
  nodes (total)    :       2326 (1278 internal, 1048 leaves)
  nodes left       :          0
  max depth        :         18
  max depth (total):         18
  backtracks       :        893 (38.4%)
  early backtracks :          0 (0.0%)
  nodes exc. ref.  :          0 (0.0%)
  delayed cutoffs  :        231
  repropagations   :       1338 (20891 domain reductions, 190 cutoffs)
  avg switch length:       3.58
  switching time   :       0.47
Root Node          :
  First LP value   : +0.00000000000000e+00
  First LP Iters   :        224 (51972.16 Iter/sec)
  First LP Time    :       0.00
  Final Dual Bound : +0.00000000000000e+00
  Final Root Iters :       1388
  Root LP Estimate : +5.98225100858490e-03
Solution           :
  Solutions found  :          0 (0 improvements)
  Primal Bound     : infeasible
  Dual Bound       :          -
  Gap              :       0.00 %
Integrals          :      Total       Avg%
  primal-dual      :          -          - (problem infeasible)
  primal-ref       :          -          - (problem infeasible)
  dual-ref         :          -          - (problem infeasible)
written solution information to file <results/final_flowersnark__settings_final_moresymresack_relabel_min__3__flowersnark17_3.cip.sol>
@04 1668048698
