FILENAME:   ../instances_new/flowersnark/flowersnark15_3.cip
SETTINGS:   settings_final_nosymretope_relabel
TIMELIMIT:  7200
OUTPUTNAME: final_flowersnark__settings_final_nosymretope_relabel__0__
BINNAME:    bin/sbcs.linux.x86_64.gnu.opt.cpx
BASENAME:   flowersnark15_3.cip
SEED:       0
@01 ../instances_new/flowersnark/flowersnark15_3.cip ===========
@02 flowersnark15_3.cip
@03 1667917834
SCIP version 8.0.2 [precision: 8 byte] [memory: block] [mode: optimized] [LP solver: CPLEX 20.1.0.0] [GitHash: 5f0473c]
Copyright (C) 2002-2022 Konrad-Zuse-Zentrum fuer Informationstechnik Berlin (ZIB)

Symretope propagation methods - (c) Jasper van Doornmalen, Christopher Hojny.
[GitHash: 2fd0484]

reading parameter file <../settings/settings_final_nosymretope_relabel.set> ...

Changed settings:
limits/time = 7200
misc/usesymmetry = 1
constraints/orbisack/sepafreq = -1
constraints/symresack/sepafreq = -1
propagating/symmetry/addsymresacks = TRUE
propagating/symmetry/detectsubgroups = FALSE
propagating/symmetry/usesymretopes = FALSE
propagating/symmetry/ofsymcomptiming = 0
constraints/symretope/sepafreq = -1
constraints/symretope/peek = FALSE


solving problem ...

original problem has 270 variables (270 bin, 0 int, 0 impl, 0 cont) and 270 constraints
presolving:
(round 1, exhaustive) 0 del vars, 0 del conss, 0 add conss, 0 chg bounds, 0 chg sides, 0 chg coeffs, 270 upgd conss, 0 impls, 270 clqs
   (0.0s) probing: 51/270 (18.9%) - 0 fixings, 0 aggregations, 0 implications, 0 bound changes
   (0.0s) probing aborted: 50/50 successive totally useless probings
   (0.0s) symmetry computation started: requiring (bin +, int +, cont +), (fixed: bin -, int -, cont -)
   (0.0s) symmetry computation finished: 5 generators found (max: 1500, log10 of symmetry group size: 2.6)
(round 2, exhaustive) 1 del vars, 0 del conss, 5 add conss, 0 chg bounds, 0 chg sides, 0 chg coeffs, 270 upgd conss, 0 impls, 270 clqs
(round 3, fast)       2 del vars, 1 del conss, 5 add conss, 0 chg bounds, 0 chg sides, 0 chg coeffs, 270 upgd conss, 0 impls, 269 clqs
   (0.0s) probing: 56/270 (20.7%) - 0 fixings, 0 aggregations, 0 implications, 0 bound changes
   (0.0s) probing aborted: 50/50 successive totally useless probings
presolving (4 rounds: 4 fast, 3 medium, 3 exhaustive):
 2 deleted vars, 1 deleted constraints, 5 added constraints, 0 tightened bounds, 0 added holes, 0 changed sides, 0 changed coefficients
 0 implications, 269 cliques
presolved problem has 268 variables (268 bin, 0 int, 0 impl, 0 cont) and 274 constraints
    269 constraints of type <setppc>
      2 constraints of type <orbisack>
      2 constraints of type <orbitope>
      1 constraints of type <symresack>
transformed objective value is always integral (scale: 1)
Presolving Time: 0.01

 time | node  | left  |LP iter|LP it/n|mem/heur|mdpt |vars |cons |rows |cuts |sepa|confs|strbr|  dualbound   | primalbound  |  gap   | compl. 
  0.0s|     1 |     0 |   200 |     - |  3947k |   0 | 268 | 333 | 272 |   0 |  0 |  59 |   0 | 0.000000e+00 |      --      |    Inf | unknown
  0.1s|     1 |     0 |   596 |     - |  4661k |   0 | 268 | 534 | 277 |   5 |  1 |  60 |   0 | 0.000000e+00 |      --      |    Inf | unknown
  0.1s|     1 |     0 |   658 |     - |  6518k |   0 | 268 | 535 | 279 |   7 |  2 |  61 |   0 | 0.000000e+00 |      --      |    Inf | unknown
  0.1s|     1 |     0 |   732 |     - |  7775k |   0 | 268 | 536 | 284 |  12 |  3 |  62 |   0 | 0.000000e+00 |      --      |    Inf | unknown
  0.2s|     1 |     0 |   798 |     - |  8749k |   0 | 268 | 537 | 286 |  14 |  4 |  63 |   0 | 0.000000e+00 |      --      |    Inf | unknown
  0.2s|     1 |     0 |   874 |     - |  9541k |   0 | 268 | 538 | 290 |  18 |  5 |  64 |   0 | 0.000000e+00 |      --      |    Inf | unknown
  0.2s|     1 |     0 |   958 |     - |    11M |   0 | 268 | 539 | 293 |  21 |  6 |  65 |   0 | 0.000000e+00 |      --      |    Inf | unknown
  0.3s|     1 |     0 |  1033 |     - |    12M |   0 | 268 | 541 | 295 |  23 |  7 |  67 |   0 | 0.000000e+00 |      --      |    Inf | unknown
  0.3s|     1 |     0 |  1123 |     - |    16M |   0 | 268 | 542 | 298 |  26 |  8 |  68 |   0 | 0.000000e+00 |      --      |    Inf | unknown
  0.3s|     1 |     0 |  1185 |     - |    17M |   0 | 268 | 543 | 300 |  28 |  9 |  69 |   0 | 0.000000e+00 |      --      |    Inf | unknown
  0.4s|     1 |     0 |  1279 |     - |    19M |   0 | 268 | 546 | 304 |  32 | 10 |  72 |   0 | 0.000000e+00 |      --      |    Inf | unknown
  0.4s|     1 |     0 |  1359 |     - |    19M |   0 | 268 | 548 | 305 |  33 | 11 |  74 |   0 | 0.000000e+00 |      --      |    Inf | unknown
  0.4s|     1 |     0 |  1409 |     - |    19M |   0 | 268 | 549 | 296 |  34 | 12 |  75 |   0 | 0.000000e+00 |      --      |    Inf | unknown
  0.5s|     1 |     2 |  1631 |     - |    19M |   0 | 268 | 555 | 296 |  34 | 12 |  81 |  11 | 0.000000e+00 |      --      |    Inf | unknown
  1.2s|   100 |    22 |  9076 |  77.4 |    20M |  15 | 268 | 811 | 276 |  70 |  1 | 337 |  11 | 0.000000e+00 |      --      |    Inf |   7.25%
 time | node  | left  |LP iter|LP it/n|mem/heur|mdpt |vars |cons |rows |cuts |sepa|confs|strbr|  dualbound   | primalbound  |  gap   | compl. 
  1.8s|   200 |    37 | 15969 |  73.2 |    25M |  15 | 268 |1125 | 279 | 146 |  2 | 652 |  11 | 0.000000e+00 |      --      |    Inf |   8.97%
  2.3s|   300 |    34 | 22189 |  69.5 |    26M |  16 | 268 |1416 | 278 | 178 |  0 | 943 |  11 | 0.000000e+00 |      --      |    Inf |  15.86%
  2.7s|   400 |    28 | 27349 |  65.0 |    26M |  16 | 268 |1724 | 278 | 219 |  1 |1251 |  11 | 0.000000e+00 |      --      |    Inf |  20.66%
  3.3s|   500 |    32 | 33168 |  63.6 |    27M |  16 | 268 |2046 | 275 | 253 |  1 |1573 |  11 | 0.000000e+00 |      --      |    Inf |  34.16%
  3.8s|   600 |    27 | 39914 |  64.3 |    27M |  16 | 268 |2322 | 280 | 322 |  0 |1849 |  11 | 0.000000e+00 |      --      |    Inf |  35.82%
  4.2s|   700 |    41 | 46421 |  64.4 |    27M |  16 | 268 |2509 | 280 | 388 |  1 |2037 |  11 | 0.000000e+00 |      --      |    Inf |  36.72%
  4.4s|   800 |    33 | 50383 |  61.3 |    27M |  17 | 268 |2768 | 279 | 400 |  1 |2311 |  11 | 0.000000e+00 |      --      |    Inf |  37.12%
  4.9s|   900 |    49 | 56598 |  61.4 |    28M |  17 | 268 |2945 | 277 | 456 |  1 |2537 |  11 | 0.000000e+00 |      --      |    Inf |  38.26%
  5.3s|  1000 |    60 | 62173 |  60.8 |    28M |  17 | 268 |3143 | 280 | 507 |  1 |2898 |  11 | 0.000000e+00 |      --      |    Inf |  39.14%
  5.5s|  1100 |    43 | 66759 |  59.5 |    28M |  17 | 268 |3261 | 280 | 521 |  0 |3163 |  11 | 0.000000e+00 |      --      |    Inf |  39.88%
  6.1s|  1200 |    57 | 72215 |  59.1 |    28M |  17 | 268 |3217 | 275 | 574 |  0 |3370 |  11 | 0.000000e+00 |      --      |    Inf |  42.18%
  6.7s|  1300 |    71 | 77806 |  58.8 |    29M |  17 | 268 |3160 | 277 | 627 |  1 |3552 |  11 | 0.000000e+00 |      --      |    Inf |  44.32%
  7.3s|  1400 |    85 | 83021 |  58.3 |    29M |  17 | 268 |3230 | 275 | 662 |  1 |3773 |  11 | 0.000000e+00 |      --      |    Inf |  46.59%
  7.6s|  1500 |    84 | 87721 |  57.6 |    29M |  17 | 268 |3386 | 275 | 704 |  1 |4000 |  11 | 0.000000e+00 |      --      |    Inf |  48.04%
  7.9s|  1600 |    75 | 93004 |  57.3 |    29M |  17 | 268 |3553 | 283 | 759 |  0 |4273 |  11 | 0.000000e+00 |      --      |    Inf |  49.04%
 time | node  | left  |LP iter|LP it/n|mem/heur|mdpt |vars |cons |rows |cuts |sepa|confs|strbr|  dualbound   | primalbound  |  gap   | compl. 
  8.5s|  1700 |    58 | 97243 |  56.4 |    29M |  17 | 268 |3453 | 275 | 801 |  1 |4463 |  11 | 0.000000e+00 |      --      |    Inf |  57.54%
  9.2s|  1800 |    52 |102897 |  56.4 |    30M |  17 | 268 |3345 | 279 | 855 |  2 |4656 |  11 | 0.000000e+00 |      --      |    Inf |  62.16%
  9.6s|  1900 |    48 |107373 |  55.8 |    30M |  17 | 268 |3431 | 277 | 927 |  0 |4865 |  11 | 0.000000e+00 |      --      |    Inf |  64.18%
  9.9s|  2000 |    41 |112159 |  55.4 |    30M |  17 | 268 |3452 | 278 | 969 |  2 |5055 |  11 | 0.000000e+00 |      --      |    Inf |  65.35%
 10.2s|  2100 |    36 |115833 |  54.5 |    30M |  17 | 268 |3601 | 277 |1003 |  1 |5346 |  11 | 0.000000e+00 |      --      |    Inf |  66.27%
 10.7s|  2200 |    27 |120967 |  54.4 |    30M |  17 | 268 |3542 | 278 |1044 |  0 |5515 |  11 | 0.000000e+00 |      --      |    Inf |  71.00%
 11.4s|  2300 |    42 |126312 |  54.3 |    30M |  17 | 268 |3553 | 277 |1116 |  0 |5738 |  11 | 0.000000e+00 |      --      |    Inf |  77.56%
 11.8s|  2400 |    54 |131311 |  54.1 |    31M |  17 | 268 |3715 | 281 |1176 |  1 |6009 |  11 | 0.000000e+00 |      --      |    Inf |  78.41%
 12.4s|  2500 |    40 |136556 |  54.1 |    31M |  17 | 268 |3704 |   0 |1227 |  0 |6178 |  11 | 0.000000e+00 |      --      |    Inf |  82.75%
 12.7s|  2600 |    44 |141875 |  54.0 |    31M |  17 | 268 |3709 | 276 |1274 |  1 |6379 |  11 | 0.000000e+00 |      --      |    Inf |  83.57%
 13.0s|  2700 |    36 |146041 |  53.6 |    31M |  17 | 268 |3769 | 278 |1314 |  1 |6540 |  11 | 0.000000e+00 |      --      |    Inf |  84.63%
 13.2s|  2800 |    32 |148984 |  52.7 |    31M |  17 | 268 |3836 | 275 |1317 |  1 |6704 |  11 | 0.000000e+00 |      --      |    Inf |  84.89%
 13.5s|  2900 |    36 |153068 |  52.3 |    32M |  17 | 268 |3977 |   0 |1344 |  0 |6984 |  11 | 0.000000e+00 |      --      |    Inf |  85.35%
 14.0s|  3000 |    36 |157568 |  52.1 |    32M |  17 | 268 |3975 | 278 |1391 |  1 |7158 |  11 | 0.000000e+00 |      --      |    Inf |  86.22%
 14.4s|  3100 |    30 |162256 |  51.9 |    32M |  17 | 268 |3944 | 275 |1445 |  1 |7306 |  11 | 0.000000e+00 |      --      |    Inf |  88.36%
 time | node  | left  |LP iter|LP it/n|mem/heur|mdpt |vars |cons |rows |cuts |sepa|confs|strbr|  dualbound   | primalbound  |  gap   | compl. 
 14.8s|  3200 |    35 |167066 |  51.8 |    32M |  17 | 268 |3998 | 279 |1502 |  0 |7508 |  11 | 0.000000e+00 |      --      |    Inf |  89.70%
 15.3s|  3300 |    22 |172338 |  51.8 |    32M |  17 | 268 |3841 | 278 |1556 |  1 |7630 |  11 | 0.000000e+00 |      --      |    Inf |  91.31%
 15.6s|  3400 |    33 |176529 |  51.5 |    32M |  17 | 268 |3859 | 279 |1620 |  0 |7758 |  11 | 0.000000e+00 |      --      |    Inf |  92.72%
 15.9s|  3500 |    18 |180567 |  51.2 |    32M |  17 | 268 |3953 | 277 |1667 |  1 |7935 |  11 | 0.000000e+00 |      --      |    Inf |  94.19%
 16.4s|  3600 |    14 |184868 |  51.0 |    32M |  17 | 268 |3878 | 278 |1715 |  0 |8109 |  11 | 0.000000e+00 |      --      |    Inf |  95.06%
 16.6s|  3700 |    20 |188683 |  50.6 |    32M |  17 | 268 |3944 | 278 |1740 |  1 |8315 |  11 | 0.000000e+00 |      --      |    Inf |  95.60%
 16.9s|  3800 |    10 |192527 |  50.3 |    33M |  17 | 268 |4076 | 278 |1778 |  1 |8599 |  11 | 0.000000e+00 |      --      |    Inf |  96.18%
 17.1s|  3900 |    12 |195798 |  49.9 |    33M |  17 | 268 |4140 | 279 |1796 |  0 |8833 |  11 | 0.000000e+00 |      --      |    Inf |  96.59%
 17.5s|  4000 |    21 |200854 |  49.9 |    33M |  17 | 268 |4131 | 278 |1872 |  1 |9020 |  11 | 0.000000e+00 |      --      |    Inf |  97.67%
 17.7s|  4100 |    20 |205553 |  49.8 |    33M |  17 | 268 |4233 |   0 |1908 |  0 |9319 |  11 | 0.000000e+00 |      --      |    Inf |  98.14%
 18.0s|  4200 |    11 |208795 |  49.4 |    33M |  17 | 268 |4303 | 275 |1933 |  1 |9530 |  11 | 0.000000e+00 |      --      |    Inf |  98.74%
 18.3s|  4300 |     6 |212374 |  49.1 |    33M |  18 | 268 |4360 | 277 |1979 |  0 |9725 |  11 | 0.000000e+00 |      --      |    Inf |  99.39%

SCIP Status        : problem is solved [infeasible]
Solving Time (sec) : 18.42
Solving Nodes      : 4349
Primal Bound       : +1.00000000000000e+20 (0 solutions)
Dual Bound         : +1.00000000000000e+20
Gap                : 0.00 %
SCIP Status        : problem is solved [infeasible]
Total Time         :      18.42
  solving          :      18.42
  presolving       :       0.01 (included in solving)
  reading          :       0.00
  copying          :       0.24 (34 #copies) (minimal 0.00, maximal 0.01, average 0.01)
Original Problem   :
  Problem name     : model
  Variables        : 270 (270 binary, 0 integer, 0 implicit integer, 0 continuous)
  Constraints      : 270 initial, 270 maximal
  Objective        : minimize, 0 non-zeros (abs.min = 1e+20, abs.max = -1e+20)
Presolved Problem  :
  Problem name     : t_model
  Variables        : 268 (268 binary, 0 integer, 0 implicit integer, 0 continuous)
  Constraints      : 274 initial, 4363 maximal
  Objective        : minimize, 0 non-zeros (abs.min = 1e+20, abs.max = -1e+20)
  Nonzeros         : 1873 constraint, 810 clique table
Presolvers         :   ExecTime  SetupTime  Calls  FixedVars   AggrVars   ChgTypes  ChgBounds   AddHoles    DelCons    AddCons   ChgSides   ChgCoefs
  boundshift       :       0.00       0.00      0          0          0          0          0          0          0          0          0          0
  convertinttobin  :       0.00       0.00      0          0          0          0          0          0          0          0          0          0
  domcol           :       0.00       0.00      2          0          0          0          0          0          0          0          0          0
  dualagg          :       0.00       0.00      0          0          0          0          0          0          0          0          0          0
  dualcomp         :       0.00       0.00      0          0          0          0          0          0          0          0          0          0
  dualinfer        :       0.00       0.00      0          0          0          0          0          0          0          0          0          0
  dualsparsify     :       0.00       0.00      1          0          0          0          0          0          0          0          0          0
  gateextraction   :       0.00       0.00      0          0          0          0          0          0          0          0          0          0
  implics          :       0.00       0.00      3          0          0          0          0          0          0          0          0          0
  inttobinary      :       0.00       0.00      0          0          0          0          0          0          0          0          0          0
  qpkktref         :       0.00       0.00      0          0          0          0          0          0          0          0          0          0
  redvub           :       0.00       0.00      0          0          0          0          0          0          0          0          0          0
  sparsify         :       0.00       0.00      1          0          0          0          0          0          0          0          0          0
  stuffing         :       0.00       0.00      0          0          0          0          0          0          0          0          0          0
  trivial          :       0.00       0.00      4          0          0          0          0          0          0          0          0          0
  tworowbnd        :       0.00       0.00      0          0          0          0          0          0          0          0          0          0
  dualfix          :       0.00       0.00      4          0          0          0          0          0          0          0          0          0
  genvbounds       :       0.00       0.00      0          0          0          0          0          0          0          0          0          0
  probing          :       0.00       0.00      2          0          0          0          0          0          0          0          0          0
  pseudoobj        :       0.00       0.00      0          0          0          0          0          0          0          0          0          0
  symmetry         :       0.00       0.00      1          1          0          0          0          0          0          5          0          0
  vbounds          :       0.00       0.00      1          0          0          0          0          0          0          0          0          0
  knapsack         :       0.00       0.00      0          0          0          0          0          0          0          0          0          0
  setppc           :       0.00       0.00      7          0          1          0          0          0          1          0          0          0
  linear           :       0.00       0.00      2          0          0          0          0          0          0          0          0          0
  orbisack         :       0.00       0.00      1          0          0          0          0          0          0          0          0          0
  orbitope         :       0.00       0.00      1          0          0          0          0          0          0          0          0          0
  symresack        :       0.00       0.00      1          0          0          0          0          0          0          0          0          0
  logicor          :       0.00       0.00      0          0          0          0          0          0          0          0          0          0
  benders          :       0.00       0.00      0          0          0          0          0          0          0          0          0          0
  components       :       0.00       0.00      1          0          0          0          0          0          0          0          0          0
  root node        :          -          -      -          3          -          -          3          -          -          -          -          -
Constraints        :     Number  MaxNumber  #Separate #Propagate    #EnfoLP    #EnfoRelax  #EnfoPS    #Check   #ResProp    Cutoffs    DomReds       Cuts    Applied      Conss   Children
  benderslp        :          0          0          0          0       2347          0          0          7          0          0          0          0          0          0          0
  integral         :          0          0          0          0       2347          0          0          7          0          0          0          0          0          0       4694
  knapsack         :          0+        88          0      40176          0          0          0          0      10297        312      11782          0          0          0          0
  setppc           :        269+       280         12      40747          0          0          0          3     127376        903      90696          0          0          0          0
  linear           :          0+       215         12      39402          0          0          0          0       3384         90       3884          0          0          0          0
  orbisack         :          2          2          0        120          0          0          0          0        481          9        102          0          0          0          0
  orbitope         :          2          2          0      39645          0          0          0          0       1237          4        305          0          0          0          0
  symresack        :          1          1          0       7827          0          0          0          0        635         16         35          0          0          0          0
  logicor          :          0+      3970         12      29208          0          0          0          0      24356        281      16179          2          1          0          0
  benders          :          0          0          0          0          0          0          0          0          0          0          0          0          0          0          0
  countsols        :          0          0          0          0          0          0          0          0          0          0          0          0          0          0          0
  components       :          0          0          0          0          0          0          0          0          0          0          0          0          0          0          0
Constraint Timings :  TotalTime  SetupTime   Separate  Propagate     EnfoLP     EnfoPS     EnfoRelax   Check    ResProp    SB-Prop
  benderslp        :       0.00       0.00       0.00       0.00       0.00       0.00       0.00       0.00       0.00       0.00
  integral         :       0.13       0.00       0.00       0.00       0.13       0.00       0.00       0.00       0.00       0.00
  knapsack         :       0.18       0.00       0.00       0.17       0.00       0.00       0.00       0.00       0.02       0.00
  setppc           :       0.46       0.00       0.00       0.42       0.00       0.00       0.00       0.00       0.03       0.00
  linear           :       0.08       0.00       0.00       0.08       0.00       0.00       0.00       0.00       0.00       0.00
  orbisack         :       0.00       0.00       0.00       0.00       0.00       0.00       0.00       0.00       0.00       0.00
  orbitope         :       0.10       0.00       0.00       0.09       0.00       0.00       0.00       0.00       0.01       0.00
  symresack        :       0.00       0.00       0.00       0.00       0.00       0.00       0.00       0.00       0.00       0.00
  logicor          :       0.45       0.00       0.00       0.44       0.00       0.00       0.00       0.00       0.01       0.00
  benders          :       0.00       0.00       0.00       0.00       0.00       0.00       0.00       0.00       0.00       0.00
  countsols        :       0.00       0.00       0.00       0.00       0.00       0.00       0.00       0.00       0.00       0.00
  components       :       0.00       0.00       0.00       0.00       0.00       0.00       0.00       0.00       0.00       0.00
Propagators        : #Propagate   #ResProp    Cutoffs    DomReds
  dualfix          :          1          0          0          0
  genvbounds       :          0          0          0          0
  nlobbt           :          0          0          0          0
  obbt             :          0          0          0          0
  probing          :          0          0          0          0
  pseudoobj        :          0          0          0          0
  redcost          :          0          0          0          0
  rootredcost      :          0          0          0          0
  symmetry         :          0          0          0          0
  vbounds          :      30751          0          0          0
Propagator Timings :  TotalTime  SetupTime   Presolve  Propagate    ResProp    SB-Prop
  dualfix          :       0.00       0.00       0.00       0.00       0.00       0.00
  genvbounds       :       0.00       0.00       0.00       0.00       0.00       0.00
  nlobbt           :       0.00       0.00       0.00       0.00       0.00       0.00
  obbt             :       0.00       0.00       0.00       0.00       0.00       0.00
  probing          :       0.00       0.00       0.00       0.00       0.00       0.00
  pseudoobj        :       0.00       0.00       0.00       0.00       0.00       0.00
  redcost          :       0.00       0.00       0.00       0.00       0.00       0.00
  rootredcost      :       0.00       0.00       0.00       0.00       0.00       0.00
  symmetry         :       0.00       0.00       0.00       0.00       0.00       0.00
  vbounds          :       0.04       0.00       0.00       0.04       0.00       0.00
Orbital fixing     :
  vars fixed to 0  :          0
  vars fixed to 1  :          0
Conflict Analysis  :       Time      Calls    Success    DomReds  Conflicts   Literals    Reconvs ReconvLits   Dualrays   Nonzeros   LP Iters   (pool size: [10000,10000])
  propagation      :       0.10       1584       1431          -       8514       25.3         95        8.9          -          -          -
  infeasible LP    :       0.22       1548       1214          -       8369       20.6         39        9.2        443       27.3          0
  bound exceed. LP :       0.00          0          0          -          0        0.0          0        0.0          0        0.0          0
  strong branching :       0.00          0          0          -          0        0.0          0        0.0          -          -          0
  pseudo solution  :       0.00          0          0          -          0        0.0          0        0.0          -          -          -
  applied globally :       0.04          -          -          0       9286       16.8          -          -        396          -          -
  applied locally  :          -          -          -          0         67       33.0          -          -         47          -          -
Separators         :   ExecTime  SetupTime      Calls  RootCalls    Cutoffs    DomReds  FoundCuts ViaPoolAdd  DirectAdd    Applied ViaPoolApp  DirectApp      Conss
  cut pool         :       1.27          -       1598         23          -          -      24116       7788          -          -          -          -          -    (maximal pool size:       3792)
  aggregation      :       0.89       0.00        888         12          0          0          2          0          1          0          0          0          0
  > cmir           :          -          -          -          -          -          -          -          0          0          0          0          0          -
  > flowcover      :          -          -          -          -          -          -          -          0          0          0          0          0          -
  > knapsackcover  :          -          -          -          -          -          -          -          0          1          0          0          0          -
  cgmip            :       0.00       0.00          0          0          0          0          0          0          0          0          0          0          0
  clique           :       0.00       0.00         12         12          0          0          0          0          0          0          0          0          0
  closecuts        :       0.00       0.00          0          0          0          0          0          0          0          0          0          0          0
  convexproj       :       0.00       0.00          0          0          0          0          0          0          0          0          0          0          0
  disjunctive      :       0.00       0.00          0          0          0          0          0          0          0          0          0          0          0
  eccuts           :       0.00       0.00          0          0          0          0          0          0          0          0          0          0          0
  gauge            :       0.00       0.00          0          0          0          0          0          0          0          0          0          0          0
  gomory           :       2.71       0.00        886         10          0          0      36700       7621      12696       1026        725        301          0
  > gomorymi       :          -          -          -          -          -          -          -       1308       6348        226         46        180          -
  > strongcg       :          -          -          -          -          -          -          -       6313       6348        800        679        121          -
  impliedbounds    :       0.01       0.00        888         12          0          0          0          0          0          0          0          0          0
  interminor       :       0.00       0.00          0          0          0          0          0          0          0          0          0          0          0
  intobj           :       0.00       0.00          0          0          0          0          0          0          0          0          0          0          0
  mcf              :       0.00       0.00          1          1          0          0          0          0          0          0          0          0          0
  minor            :       0.00       0.00          0          0          0          0          0          0          0          0          0          0          0
  mixing           :       0.00       0.00          0          0          0          0          0          0          0          0          0          0          0
  oddcycle         :       0.00       0.00          0          0          0          0          0          0          0          0          0          0          0
  rapidlearning    :       3.97       0.00         33          1          0       2150          0          0          0          0          0          0        490
  rlt              :       0.00       0.00         10         10          0          0          0          0          0          0          0          0          0
  zerohalf         :       0.39       0.00        888         12          0          0       1271        167       1160        981        120        861          0
Cutselectors       :   ExecTime  SetupTime      Calls  RootCalls   Selected     Forced   Filtered  RootSelec   RootForc   RootFilt 
  hybrid           :       0.02       0.00        885         12       2008          0      19639         34          0       1076
Pricers            :   ExecTime  SetupTime      Calls       Vars
  problem variables:       0.00          -          0          0
Branching Rules    :   ExecTime  SetupTime   BranchLP  BranchExt   BranchPS    Cutoffs    DomReds       Cuts      Conss   Children
  allfullstrong    :       0.00       0.00          0          0          0          0          0          0          0          0
  cloud            :       0.00       0.00          0          0          0          0          0          0          0          0
  distribution     :       0.00       0.00          0          0          0          0          0          0          0          0
  fullstrong       :       0.00       0.00          0          0          0          0          0          0          0          0
  inference        :       0.00       0.00          0          0          0          0          0          0          0          0
  leastinf         :       0.00       0.00          0          0          0          0          0          0          0          0
  lookahead        :       0.00       0.00          0          0          0          0          0          0          0          0
  mostinf          :       0.00       0.00          0          0          0          0          0          0          0          0
  multaggr         :       0.00       0.00          0          0          0          0          0          0          0          0
  nodereopt        :       0.00       0.00          0          0          0          0          0          0          0          0
  pscost           :       0.00       0.00          0          0          0          0          0          0          0          0
  random           :       0.00       0.00          0          0          0          0          0          0          0          0
  relpscost        :       0.13       0.00       2347          0          0          0          0          0          0       4694
  vanillafullstrong:       0.00       0.00          0          0          0          0          0          0          0          0
Primal Heuristics  :   ExecTime  SetupTime      Calls      Found       Best
  LP solutions     :       0.00          -          -          0          0
  relax solutions  :       0.00          -          -          0          0
  pseudo solutions :       0.00          -          -          0          0
  strong branching :       0.00          -          -          0          0
  actconsdiving    :       0.00       0.00          0          0          0
  adaptivediving   :       0.16       0.00         63          0          0
  alns             :       0.00       0.00          1          0          0
  bound            :       0.00       0.00          0          0          0
  clique           :       0.00       0.00          1          0          0
  coefdiving       :       0.00       0.00          0          0          0
  completesol      :       0.00       0.00          0          0          0
  conflictdiving   :       0.08       0.00         44          0          0
  crossover        :       0.00       0.00          0          0          0
  dins             :       0.00       0.00          0          0          0
  distributiondivin:       0.14       0.00         44          0          0
  dps              :       0.00       0.00          0          0          0
  dualval          :       0.00       0.00          0          0          0
  farkasdiving     :       0.00       0.00          0          0          0
  feaspump         :       0.01       0.00          1          0          0
  fixandinfer      :       0.00       0.00          0          0          0
  fracdiving       :       0.07       0.00         45          0          0
  gins             :       0.00       0.00          0          0          0
  guideddiving     :       0.00       0.00          0          0          0
  indicator        :       0.00       0.00          0          0          0
  intdiving        :       0.00       0.00          0          0          0
  intshifting      :       0.00       0.00          0          0          0
  linesearchdiving :       0.11       0.00         42          0          0
  localbranching   :       0.00       0.00          0          0          0
  locks            :       0.00       0.00          1          0          0
  lpface           :       0.00       0.00          0          0          0
  mpec             :       0.00       0.00          0          0          0
  multistart       :       0.00       0.00          0          0          0
  mutation         :       0.00       0.00          0          0          0
  nlpdiving        :       0.00       0.00          0          0          0
  objpscostdiving  :       0.12       0.00         11          0          0
  octane           :       0.00       0.00          0          0          0
  ofins            :       0.00       0.00          0          0          0
  oneopt           :       0.00       0.00          0          0          0
  padm             :       0.00       0.00          0          0          0
  proximity        :       0.00       0.00          0          0          0
  pscostdiving     :       0.08       0.00         45          0          0
  randrounding     :       0.01       0.00         13          0          0
  rens             :       0.00       0.00          0          0          0
  reoptsols        :       0.00       0.00          0          0          0
  repair           :       0.00       0.00          0          0          0
  rins             :       0.00       0.00          0          0          0
  rootsoldiving    :       0.15       0.00         17          0          0
  rounding         :       0.03       0.00        787          0          0
  shiftandpropagate:       0.00       0.00          1          0          0
  shifting         :       0.04       0.00        421          0          0
  simplerounding   :       0.00       0.00          0          0          0
  subnlp           :       0.00       0.00          0          0          0
  trivial          :       0.00       0.00          2          0          0
  trivialnegation  :       0.00       0.00          0          0          0
  trustregion      :       0.00       0.00          0          0          0
  trysol           :       0.00       0.00          0          0          0
  twoopt           :       0.00       0.00          0          0          0
  undercover       :       0.00       0.00          0          0          0
  vbounds          :       0.00       0.00          1          0          0
  veclendiving     :       0.08       0.00         44          0          0
  zeroobj          :       0.00       0.00          0          0          0
  zirounding       :       0.01       0.00       1000          0          0
  other solutions  :          -          -          -          0          -
LP                 :       Time      Calls Iterations  Iter/call   Iter/sec  Time-0-It Calls-0-It    ItLimit
  primal LP        :       0.30        361          0       0.00       0.00       0.30        361
  dual LP          :       5.29       4691     199722      42.80   37756.11       0.01         25
  lex dual LP      :       0.00          0          0       0.00          -
  barrier LP       :       0.00          0          0       0.00          -       0.00          0
  resolve instable :       0.00          0          0       0.00          -
  diving/probing LP:       0.48        457      14408      31.53   30269.23
  strong branching :       0.07         11       2297     208.82   32419.69          -          -          0
    (at root node) :          -         11       2297     208.82          -
  conflict analysis:       0.00          0          0       0.00          -
B&B Tree           :
  number of runs   :          1
  nodes            :       4349 (2347 internal, 2002 leaves)
  feasible leaves  :          0
  infeas. leaves   :       2002
  objective leaves :          0
  nodes (total)    :       4349 (2347 internal, 2002 leaves)
  nodes left       :          0
  max depth        :         18
  max depth (total):         18
  backtracks       :       1639 (37.7%)
  early backtracks :          0 (0.0%)
  nodes exc. ref.  :          0 (0.0%)
  delayed cutoffs  :        346
  repropagations   :       2250 (31934 domain reductions, 292 cutoffs)
  avg switch length:       3.93
  switching time   :       0.78
Root Node          :
  First LP value   : +0.00000000000000e+00
  First LP Iters   :        200 (53191.49 Iter/sec)
  First LP Time    :       0.00
  Final Dual Bound : +0.00000000000000e+00
  Final Root Iters :       1409
  Root LP Estimate : +6.15870317848027e-03
Solution           :
  Solutions found  :          0 (0 improvements)
  Primal Bound     : infeasible
  Dual Bound       :          -
  Gap              :       0.00 %
Integrals          :      Total       Avg%
  primal-dual      :          -          - (problem infeasible)
  primal-ref       :          -          - (problem infeasible)
  dual-ref         :          -          - (problem infeasible)
written solution information to file <results/final_flowersnark__settings_final_nosymretope_relabel__0__flowersnark15_3.cip.sol>
@04 1667917852
