FILENAME:   ../instances_new/flowersnark/flowersnark21_3.cip
SETTINGS:   settings_final_peek_relabel_respect
TIMELIMIT:  7200
OUTPUTNAME: final_flowersnark__settings_final_peek_relabel_respect__1__
BINNAME:    bin/sbcs.linux.x86_64.gnu.opt.cpx
BASENAME:   flowersnark21_3.cip
SEED:       1
@01 ../instances_new/flowersnark/flowersnark21_3.cip ===========
@02 flowersnark21_3.cip
@03 1667947600
SCIP version 8.0.2 [precision: 8 byte] [memory: block] [mode: optimized] [LP solver: CPLEX 20.1.0.0] [GitHash: 5f0473c]
Copyright (C) 2002-2022 Konrad-Zuse-Zentrum fuer Informationstechnik Berlin (ZIB)

Symretope propagation methods - (c) Jasper van Doornmalen, Christopher Hojny.
[GitHash: 2fd0484]

reading parameter file <../settings/settings_final_peek_relabel_respect.set> ...

Changed settings:
limits/time = 7200
misc/usesymmetry = 1
randomization/randomseedshift = 1
constraints/orbisack/sepafreq = -1
constraints/symresack/sepafreq = -1
propagating/symmetry/addsymresacks = TRUE
propagating/symmetry/detectsubgroups = FALSE
propagating/symmetry/relabelsymretopes = 3
propagating/symmetry/ofsymcomptiming = 0
constraints/symretope/sepafreq = -1


solving problem ...

original problem has 378 variables (378 bin, 0 int, 0 impl, 0 cont) and 378 constraints
presolving:
(round 1, exhaustive) 0 del vars, 0 del conss, 0 add conss, 0 chg bounds, 0 chg sides, 0 chg coeffs, 378 upgd conss, 0 impls, 378 clqs
   (0.0s) probing: 51/378 (13.5%) - 0 fixings, 0 aggregations, 0 implications, 0 bound changes
   (0.0s) probing aborted: 50/50 successive totally useless probings
   (0.0s) symmetry computation started: requiring (bin +, int +, cont +), (fixed: bin -, int -, cont -)
   (0.0s) symmetry computation finished: 5 generators found (max: 1500, log10 of symmetry group size: 2.7)
(round 2, exhaustive) 7 del vars, 0 del conss, 5 add conss, 0 chg bounds, 0 chg sides, 0 chg coeffs, 378 upgd conss, 0 impls, 375 clqs
(round 3, fast)       16 del vars, 7 del conss, 5 add conss, 0 chg bounds, 0 chg sides, 0 chg coeffs, 378 upgd conss, 0 impls, 371 clqs
(round 4, medium)     17 del vars, 7 del conss, 5 add conss, 0 chg bounds, 0 chg sides, 0 chg coeffs, 378 upgd conss, 0 impls, 371 clqs
(round 5, fast)       18 del vars, 8 del conss, 5 add conss, 0 chg bounds, 0 chg sides, 0 chg coeffs, 378 upgd conss, 0 impls, 370 clqs
   (0.0s) probing cycle finished: starting next cycle
(round 6, exhaustive) 26 del vars, 8 del conss, 5 add conss, 0 chg bounds, 0 chg sides, 0 chg coeffs, 378 upgd conss, 0 impls, 494 clqs
(round 7, fast)       26 del vars, 19 del conss, 5 add conss, 0 chg bounds, 1 chg sides, 0 chg coeffs, 378 upgd conss, 0 impls, 494 clqs
   (0.0s) probing: 64/359 (17.8%) - 0 fixings, 8 aggregations, 147 implications, 0 bound changes
   (0.0s) probing aborted: 50/50 successive totally useless probings
presolving (8 rounds: 8 fast, 5 medium, 4 exhaustive):
 26 deleted vars, 19 deleted constraints, 5 added constraints, 0 tightened bounds, 0 added holes, 1 changed sides, 0 changed coefficients
 0 implications, 494 cliques
presolved problem has 357 variables (357 bin, 0 int, 0 impl, 0 cont) and 364 constraints
    359 constraints of type <setppc>
      2 constraints of type <orbisack>
      2 constraints of type <orbitope>
      1 constraints of type <symretope>
transformed objective value is always integral (scale: 1)
Presolving Time: 0.03

 time | node  | left  |LP iter|LP it/n|mem/heur|mdpt |vars |cons |rows |cuts |sepa|confs|strbr|  dualbound   | primalbound  |  gap   | compl. 
  0.0s|     1 |     0 |   296 |     - |  6077k |   0 | 357 | 447 | 360 |   0 |  0 |  83 |   0 | 0.000000e+00 |      --      |    Inf | unknown
  0.1s|     1 |     0 |   865 |     - |  6793k |   0 | 357 | 648 | 365 |   5 |  1 |  84 |   0 | 0.000000e+00 |      --      |    Inf | unknown
  0.2s|     1 |     0 |   959 |     - |  8785k |   0 | 357 | 649 | 368 |   8 |  2 |  85 |   0 | 0.000000e+00 |      --      |    Inf | unknown
  0.2s|     1 |     0 |  1052 |     - |    11M |   0 | 357 | 650 | 371 |  11 |  3 |  86 |   0 | 0.000000e+00 |      --      |    Inf | unknown
  0.2s|     1 |     0 |  1126 |     - |    12M |   0 | 357 | 651 | 375 |  15 |  4 |  87 |   0 | 0.000000e+00 |      --      |    Inf | unknown
  0.3s|     1 |     0 |  1220 |     - |    15M |   0 | 357 | 653 | 379 |  19 |  5 |  89 |   0 | 0.000000e+00 |      --      |    Inf | unknown
  0.3s|     1 |     0 |  1296 |     - |    17M |   0 | 357 | 654 | 382 |  22 |  6 |  90 |   0 | 0.000000e+00 |      --      |    Inf | unknown
  0.3s|     1 |     0 |  1381 |     - |    19M |   0 | 357 | 655 | 386 |  26 |  7 |  91 |   0 | 0.000000e+00 |      --      |    Inf | unknown
  0.4s|     1 |     0 |  1466 |     - |    19M |   0 | 357 | 656 | 389 |  29 |  8 |  92 |   0 | 0.000000e+00 |      --      |    Inf | unknown
  0.4s|     1 |     0 |  1568 |     - |    21M |   0 | 357 | 659 | 393 |  33 |  9 |  95 |   0 | 0.000000e+00 |      --      |    Inf | unknown
  0.5s|     1 |     0 |  1711 |     - |    22M |   0 | 357 | 660 | 395 |  35 | 10 |  96 |   0 | 0.000000e+00 |      --      |    Inf | unknown
  0.5s|     1 |     0 |  1922 |     - |    22M |   0 | 357 | 660 | 392 |  37 | 11 |  97 |   0 | 0.000000e+00 |      --      |    Inf | unknown
  0.6s|     1 |     2 |  2243 |     - |    22M |   0 | 357 | 670 | 392 |  37 | 11 | 107 |  12 | 0.000000e+00 |      --      |    Inf | unknown
  1.5s|   100 |    55 | 11236 |  94.6 |    30M |  15 | 357 |1014 | 372 | 144 |  1 | 451 |  12 | 0.000000e+00 |      --      |    Inf |   0.73%
  1.9s|   200 |    86 | 17595 |  79.0 |    31M |  16 | 357 |1561 | 373 | 170 |  0 | 999 |  12 | 0.000000e+00 |      --      |    Inf |   0.94%
 time | node  | left  |LP iter|LP it/n|mem/heur|mdpt |vars |cons |rows |cuts |sepa|confs|strbr|  dualbound   | primalbound  |  gap   | compl. 
  2.0s|   300 |    80 | 20986 |  63.9 |    32M |  17 | 357 |1720 | 373 | 170 |  1 |1162 |  12 | 0.000000e+00 |      --      |    Inf |   1.28%
  2.4s|   400 |    50 | 25108 |  58.2 |    32M |  17 | 357 |1993 | 371 | 188 |  0 |1437 |  12 | 0.000000e+00 |      --      |    Inf |   6.29%
  3.1s|   500 |    68 | 29310 |  55.0 |    33M |  17 | 357 |2212 | 370 | 246 |  1 |1681 |  12 | 0.000000e+00 |      --      |    Inf |  10.48%
  3.4s|   600 |    86 | 33966 |  53.6 |    34M |  17 | 357 |2424 | 373 | 281 |  1 |1929 |  12 | 0.000000e+00 |      --      |    Inf |  11.72%
  3.7s|   700 |   101 | 37476 |  50.9 |    34M |  17 | 357 |2633 |   0 | 305 |  0 |2193 |  12 | 0.000000e+00 |      --      |    Inf |  12.08%
  3.9s|   800 |    78 | 40578 |  48.4 |    34M |  17 | 357 |2753 | 372 | 311 |  1 |2482 |  12 | 0.000000e+00 |      --      |    Inf |  12.95%
  4.1s|   900 |    86 | 44412 |  47.3 |    34M |  19 | 357 |2813 | 374 | 321 |  0 |2784 |  12 | 0.000000e+00 |      --      |    Inf |  13.20%
  4.3s|  1000 |    85 | 48221 |  46.4 |    34M |  20 | 357 |2551 | 372 | 339 |  1 |2980 |  12 | 0.000000e+00 |      --      |    Inf |  13.97%
Restart triggered after 50 consecutive estimations that the remaining tree will be large
(run 1, node 1048) performing user restart

(restart) converted 11 cuts from the global cut pool into linear constraints

presolving:
(round 1, fast)       4 del vars, 95 del conss, 0 add conss, 0 chg bounds, 0 chg sides, 3 chg coeffs, 0 upgd conss, 0 impls, 479 clqs
(round 2, medium)     6 del vars, 95 del conss, 0 add conss, 0 chg bounds, 0 chg sides, 3 chg coeffs, 0 upgd conss, 0 impls, 468 clqs
(round 3, fast)       6 del vars, 101 del conss, 0 add conss, 0 chg bounds, 1 chg sides, 3 chg coeffs, 0 upgd conss, 0 impls, 468 clqs
(round 4, exhaustive) 6 del vars, 109 del conss, 3 add conss, 0 chg bounds, 1 chg sides, 3 chg coeffs, 0 upgd conss, 0 impls, 468 clqs
(round 5, exhaustive) 6 del vars, 114 del conss, 3 add conss, 0 chg bounds, 6 chg sides, 3 chg coeffs, 0 upgd conss, 0 impls, 468 clqs
(round 6, exhaustive) 6 del vars, 114 del conss, 3 add conss, 0 chg bounds, 6 chg sides, 3 chg coeffs, 206 upgd conss, 0 impls, 468 clqs
(round 7, exhaustive) 6 del vars, 124 del conss, 8 add conss, 0 chg bounds, 6 chg sides, 3 chg coeffs, 206 upgd conss, 0 impls, 468 clqs
(round 8, exhaustive) 6 del vars, 258 del conss, 8 add conss, 0 chg bounds, 6 chg sides, 461 chg coeffs, 206 upgd conss, 0 impls, 468 clqs
(round 9, exhaustive) 6 del vars, 266 del conss, 8 add conss, 0 chg bounds, 6 chg sides, 461 chg coeffs, 206 upgd conss, 0 impls, 468 clqs
(round 10, exhaustive) 6 del vars, 266 del conss, 8 add conss, 0 chg bounds, 6 chg sides, 1633 chg coeffs, 206 upgd conss, 0 impls, 468 clqs
(round 11, exhaustive) 6 del vars, 269 del conss, 8 add conss, 0 chg bounds, 6 chg sides, 1640 chg coeffs, 206 upgd conss, 0 impls, 468 clqs
presolving (12 rounds: 12 fast, 10 medium, 9 exhaustive):
 6 deleted vars, 269 deleted constraints, 8 added constraints, 0 tightened bounds, 0 added holes, 6 changed sides, 1640 changed coefficients
 0 implications, 468 cliques
presolved problem has 351 variables (351 bin, 0 int, 0 impl, 0 cont) and 2394 constraints
     61 constraints of type <knapsack>
    358 constraints of type <setppc>
      7 constraints of type <linear>
      2 constraints of type <orbisack>
      2 constraints of type <orbitope>
      1 constraints of type <symretope>
   1963 constraints of type <logicor>
transformed objective value is always integral (scale: 1)
Presolving Time: 0.11

 time | node  | left  |LP iter|LP it/n|mem/heur|mdpt |vars |cons |rows |cuts |sepa|confs|strbr|  dualbound   | primalbound  |  gap   | compl. 
  4.5s|     1 |     0 | 50570 |     - |    38M |   0 | 351 |2409 | 366 |   0 |  0 |3154 |  12 | 0.000000e+00 |      --      |    Inf | unknown
  4.7s|     1 |     0 | 50654 |     - |    38M |   0 | 351 |2587 | 371 |   5 |  1 |3156 |  12 | 0.000000e+00 |      --      |    Inf | unknown
  4.7s|     1 |     0 | 50740 |     - |    38M |   0 | 351 |2589 | 376 |  10 |  2 |3158 |  12 | 0.000000e+00 |      --      |    Inf | unknown
  4.8s|     1 |     0 | 50808 |     - |    38M |   0 | 351 |2599 | 379 |  13 |  3 |3168 |  12 | 0.000000e+00 |      --      |    Inf | unknown
  4.8s|     1 |     0 | 50925 |     - |    38M |   0 | 351 |2601 | 384 |  18 |  4 |3170 |  12 | 0.000000e+00 |      --      |    Inf | unknown
  4.8s|     1 |     0 | 51013 |     - |    38M |   0 | 351 |2603 | 389 |  23 |  5 |3172 |  12 | 0.000000e+00 |      --      |    Inf | unknown
  4.9s|     1 |     0 | 51071 |     - |    38M |   0 | 351 |2606 | 393 |  27 |  6 |3175 |  12 | 0.000000e+00 |      --      |    Inf | unknown
  4.9s|     1 |     0 | 51148 |     - |    38M |   0 | 351 |2607 | 397 |  31 |  7 |3176 |  12 | 0.000000e+00 |      --      |    Inf | unknown
  4.9s|     1 |     0 | 51261 |     - |    38M |   0 | 351 |2608 | 399 |  33 |  8 |3177 |  12 | 0.000000e+00 |      --      |    Inf | unknown
  5.0s|     1 |     0 | 51329 |     - |    38M |   0 | 351 |2609 | 401 |  35 |  9 |3178 |  12 | 0.000000e+00 |      --      |    Inf | unknown
  5.0s|     1 |     0 | 51409 |     - |    38M |   0 | 351 |2610 | 403 |  37 | 10 |3179 |  12 | 0.000000e+00 |      --      |    Inf | unknown
  5.0s|     1 |     0 | 51484 |     - |    38M |   0 | 351 |2611 | 405 |  39 | 11 |3180 |  12 | 0.000000e+00 |      --      |    Inf | unknown
  5.1s|     1 |     0 | 51587 |     - |    38M |   0 | 351 |2613 | 407 |  41 | 12 |3182 |  12 | 0.000000e+00 |      --      |    Inf | unknown
  5.1s|     1 |     0 | 51697 |     - |    38M |   0 | 351 |2614 | 409 |  43 | 13 |3183 |  12 | 0.000000e+00 |      --      |    Inf | unknown
  5.2s|     1 |     2 | 51939 |     - |    38M |   0 | 351 |2621 | 409 |  43 | 13 |3191 |  23 | 0.000000e+00 |      --      |    Inf | unknown
 time | node  | left  |LP iter|LP it/n|mem/heur|mdpt |vars |cons |rows |cuts |sepa|confs|strbr|  dualbound   | primalbound  |  gap   | compl. 
  6.1s|   100 |    14 | 57544 |  47.2 |    39M |  15 | 351 |2816 | 369 |  68 |  0 |3414 |  23 | 0.000000e+00 |      --      |    Inf |   8.03%
  6.7s|   200 |    29 | 64343 |  48.9 |    40M |  15 | 351 |2845 | 370 | 123 |  1 |3589 |  23 | 0.000000e+00 |      --      |    Inf |  11.72%
  7.5s|   300 |    21 | 68415 |  48.3 |    40M |  15 | 351 |2807 | 370 | 175 |  1 |3771 |  23 | 0.000000e+00 |      --      |    Inf |  18.40%
  7.9s|   400 |    29 | 72984 |  48.1 |    41M |  17 | 351 |2869 | 369 | 200 |  1 |4012 |  23 | 0.000000e+00 |      --      |    Inf |  25.18%
  8.2s|   500 |    18 | 77209 |  47.7 |    41M |  17 | 351 |2975 | 374 | 247 |  1 |4241 |  23 | 0.000000e+00 |      --      |    Inf |  25.54%
  8.6s|   600 |    36 | 81107 |  47.2 |    41M |  18 | 351 |3118 | 371 | 259 |  1 |4456 |  23 | 0.000000e+00 |      --      |    Inf |  25.65%
  9.0s|   700 |    72 | 85349 |  46.9 |    42M |  19 | 351 |3418 | 369 | 292 |  1 |4866 |  23 | 0.000000e+00 |      --      |    Inf |  26.50%
  9.2s|   800 |    79 | 88733 |  46.2 |    42M |  19 | 351 |3698 | 369 | 295 |  1 |5243 |  23 | 0.000000e+00 |      --      |    Inf |  26.68%
  9.4s|   900 |    79 | 91242 |  45.1 |    42M |  19 | 351 |3795 | 375 | 299 |  0 |5404 |  23 | 0.000000e+00 |      --      |    Inf |  26.86%
  9.6s|  1000 |    60 | 94053 |  44.3 |    43M |  19 | 351 |3897 | 368 | 299 |  1 |5691 |  23 | 0.000000e+00 |      --      |    Inf |  27.04%
  9.9s|  1100 |    68 | 98437 |  44.3 |    43M |  20 | 351 |4021 | 370 | 310 |  0 |5896 |  23 | 0.000000e+00 |      --      |    Inf |  27.10%
 10.1s|  1200 |    58 |101645 |  43.7 |    43M |  20 | 351 |4052 |   0 | 310 |  0 |6040 |  23 | 0.000000e+00 |      --      |    Inf |  27.21%
 10.3s|  1300 |    36 |105121 |  43.4 |    43M |  20 | 351 |4051 | 368 | 310 |  1 |6169 |  23 | 0.000000e+00 |      --      |    Inf |  27.28%
 10.7s|  1400 |    46 |108964 |  43.2 |    43M |  20 | 351 |4070 | 373 | 330 |  1 |6323 |  23 | 0.000000e+00 |      --      |    Inf |  27.42%
 11.0s|  1500 |    45 |112986 |  43.0 |    43M |  20 | 351 |4135 | 373 | 335 |  0 |6453 |  23 | 0.000000e+00 |      --      |    Inf |  27.58%
 time | node  | left  |LP iter|LP it/n|mem/heur|mdpt |vars |cons |rows |cuts |sepa|confs|strbr|  dualbound   | primalbound  |  gap   | compl. 
 11.2s|  1600 |    45 |117603 |  43.2 |    43M |  20 | 351 |4275 | 370 | 341 |  0 |6642 |  23 | 0.000000e+00 |      --      |    Inf |  27.64%
 11.4s|  1700 |    37 |121459 |  43.0 |    43M |  20 | 351 |4425 |   0 | 341 |  0 |6836 |  23 | 0.000000e+00 |      --      |    Inf |  27.72%
 11.6s|  1800 |    39 |124356 |  42.5 |    43M |  20 | 351 |4416 | 368 | 358 |  1 |6960 |  23 | 0.000000e+00 |      --      |    Inf |  28.12%
 11.8s|  1900 |    52 |127158 |  42.0 |    43M |  20 | 351 |4472 | 369 | 373 |  1 |7133 |  23 | 0.000000e+00 |      --      |    Inf |  28.52%
 12.1s|  2000 |    49 |129835 |  41.5 |    43M |  20 | 351 |4523 |   0 | 373 |  0 |7290 |  23 | 0.000000e+00 |      --      |    Inf |  28.63%
 12.3s|  2100 |    85 |134545 |  41.7 |    43M |  20 | 351 |4548 | 369 | 373 |  1 |7449 |  23 | 0.000000e+00 |      --      |    Inf |  28.66%
 12.6s|  2200 |    65 |137658 |  41.4 |    43M |  20 | 351 |4591 |   0 | 373 |  0 |7664 |  23 | 0.000000e+00 |      --      |    Inf |  28.72%
 13.0s|  2300 |    42 |141480 |  41.3 |    43M |  20 | 351 |4645 | 372 | 382 |  1 |7899 |  23 | 0.000000e+00 |      --      |    Inf |  28.80%
 13.5s|  2400 |    47 |146100 |  41.4 |    43M |  20 | 351 |4653 | 370 | 427 |  1 |8121 |  23 | 0.000000e+00 |      --      |    Inf |  29.29%
 13.8s|  2500 |    46 |149824 |  41.3 |    43M |  20 | 351 |4628 | 369 | 436 |  1 |8285 |  23 | 0.000000e+00 |      --      |    Inf |  29.55%
 14.1s|  2600 |    53 |154068 |  41.3 |    43M |  20 | 351 |4854 | 370 | 461 |  1 |8600 |  23 | 0.000000e+00 |      --      |    Inf |  29.76%
 14.3s|  2700 |    50 |157721 |  41.2 |    44M |  20 | 351 |5013 | 371 | 466 |  1 |8929 |  23 | 0.000000e+00 |      --      |    Inf |  30.15%
 14.6s|  2800 |    38 |161966 |  41.2 |    44M |  20 | 351 |5107 | 369 | 490 |  0 |9141 |  23 | 0.000000e+00 |      --      |    Inf |  30.55%
 14.9s|  2900 |    45 |165691 |  41.1 |    44M |  20 | 351 |5174 | 370 | 519 |  1 |9312 |  23 | 0.000000e+00 |      --      |    Inf |  31.22%
 15.1s|  3000 |    51 |168219 |  40.7 |    44M |  20 | 351 |5259 | 367 | 533 |  1 |9499 |  23 | 0.000000e+00 |      --      |    Inf |  31.40%
 time | node  | left  |LP iter|LP it/n|mem/heur|mdpt |vars |cons |rows |cuts |sepa|confs|strbr|  dualbound   | primalbound  |  gap   | compl. 
 15.2s|  3100 |    47 |169920 |  40.2 |    44M |  20 | 351 |5391 |   0 | 533 |  0 |9702 |  23 | 0.000000e+00 |      --      |    Inf |  31.51%
 15.4s|  3200 |    35 |171737 |  39.6 |    44M |  20 | 351 |5486 | 370 | 533 |  1 |9885 |  23 | 0.000000e+00 |      --      |    Inf |  31.65%
 16.4s|  3300 |    42 |177698 |  40.1 |    45M |  20 | 351 |5233 | 369 | 560 |  0 |  10k|  23 | 0.000000e+00 |      --      |    Inf |  48.54%
 16.9s|  3400 |    38 |181231 |  40.0 |    45M |  20 | 351 |5222 | 372 | 638 |  1 |  10k|  23 | 0.000000e+00 |      --      |    Inf |  53.61%
 17.4s|  3500 |    55 |185803 |  40.1 |    45M |  20 | 351 |5190 | 372 | 656 |  1 |  10k|  23 | 0.000000e+00 |      --      |    Inf |  53.92%
 17.7s|  3600 |    46 |190048 |  40.2 |    45M |  20 | 351 |5221 |   0 | 679 |  0 |  10k|  23 | 0.000000e+00 |      --      |    Inf |  54.20%
 18.0s|  3700 |    42 |195081 |  40.4 |    45M |  20 | 351 |5203 | 372 | 704 |  0 |  10k|  23 | 0.000000e+00 |      --      |    Inf |  54.41%
 18.3s|  3800 |    51 |198773 |  40.3 |    45M |  20 | 351 |5396 | 371 | 727 |  1 |  11k|  23 | 0.000000e+00 |      --      |    Inf |  54.89%
 18.6s|  3900 |    47 |202734 |  40.3 |    45M |  20 | 351 |5510 | 370 | 752 |  1 |  11k|  23 | 0.000000e+00 |      --      |    Inf |  55.17%
 19.1s|  4000 |    53 |208545 |  40.7 |    45M |  20 | 351 |5522 | 368 | 787 |  1 |  11k|  23 | 0.000000e+00 |      --      |    Inf |  55.45%
 19.3s|  4100 |    50 |212590 |  40.7 |    45M |  20 | 351 |5594 | 368 | 787 |  1 |  11k|  23 | 0.000000e+00 |      --      |    Inf |  55.69%
 19.6s|  4200 |    44 |216204 |  40.6 |    45M |  20 | 351 |5763 | 371 | 798 |  1 |  11k|  23 | 0.000000e+00 |      --      |    Inf |  56.01%
 19.9s|  4300 |    60 |221429 |  40.8 |    45M |  20 | 351 |5872 | 370 | 823 |  0 |  12k|  23 | 0.000000e+00 |      --      |    Inf |  56.17%
 20.2s|  4400 |    72 |225917 |  40.9 |    45M |  20 | 351 |6040 | 369 | 853 |  1 |  12k|  23 | 0.000000e+00 |      --      |    Inf |  56.57%
 20.5s|  4500 |    68 |229879 |  40.8 |    45M |  20 | 351 |6159 | 373 | 877 |  1 |  12k|  23 | 0.000000e+00 |      --      |    Inf |  56.76%
 time | node  | left  |LP iter|LP it/n|mem/heur|mdpt |vars |cons |rows |cuts |sepa|confs|strbr|  dualbound   | primalbound  |  gap   | compl. 
 20.8s|  4600 |    66 |234269 |  40.9 |    45M |  20 | 351 |6215 | 371 | 913 |  0 |  12k|  23 | 0.000000e+00 |      --      |    Inf |  57.13%
 21.1s|  4700 |    69 |239484 |  41.1 |    45M |  20 | 351 |6242 | 371 | 933 |  0 |  13k|  23 | 0.000000e+00 |      --      |    Inf |  57.41%
 21.4s|  4800 |    63 |245154 |  41.4 |    46M |  20 | 351 |6256 | 374 | 949 |  0 |  13k|  23 | 0.000000e+00 |      --      |    Inf |  57.59%
 21.9s|  4900 |    67 |250682 |  41.6 |    46M |  20 | 351 |6325 | 371 | 996 |  1 |  13k|  23 | 0.000000e+00 |      --      |    Inf |  58.28%
 22.2s|  5000 |    69 |256905 |  41.9 |    46M |  20 | 351 |6376 | 369 |1020 |  1 |  13k|  23 | 0.000000e+00 |      --      |    Inf |  58.97%
 22.5s|  5100 |    56 |260783 |  41.9 |    46M |  20 | 351 |6335 |   0 |1041 |  0 |  13k|  23 | 0.000000e+00 |      --      |    Inf |  59.60%
 23.0s|  5200 |    58 |264195 |  41.8 |    46M |  20 | 351 |6424 | 372 |1059 |  1 |  14k|  23 | 0.000000e+00 |      --      |    Inf |  59.97%
 23.2s|  5300 |    59 |267622 |  41.6 |    46M |  20 | 351 |6497 | 372 |1059 |  1 |  14k|  23 | 0.000000e+00 |      --      |    Inf |  60.04%
 23.5s|  5400 |    77 |270881 |  41.5 |    46M |  20 | 351 |6561 | 372 |1076 |  0 |  14k|  23 | 0.000000e+00 |      --      |    Inf |  60.26%
 23.8s|  5500 |    79 |273541 |  41.3 |    46M |  20 | 351 |6687 | 372 |1077 |  1 |  14k|  23 | 0.000000e+00 |      --      |    Inf |  60.32%
 24.0s|  5600 |    68 |275500 |  40.9 |    47M |  20 | 351 |6805 | 371 |1077 |  1 |  14k|  23 | 0.000000e+00 |      --      |    Inf |  60.37%
 24.2s|  5700 |    68 |278278 |  40.7 |    47M |  20 | 351 |6828 |   0 |1083 |  0 |  14k|  23 | 0.000000e+00 |      --      |    Inf |  60.50%
 24.4s|  5800 |    72 |280370 |  40.5 |    47M |  20 | 351 |6872 |   0 |1092 |  0 |  15k|  23 | 0.000000e+00 |      --      |    Inf |  60.60%
 24.6s|  5900 |    77 |282781 |  40.2 |    47M |  20 | 351 |6999 | 371 |1098 |  1 |  15k|  23 | 0.000000e+00 |      --      |    Inf |  60.69%
 24.8s|  6000 |    58 |284922 |  40.0 |    47M |  20 | 351 |7046 |   0 |1098 |  0 |  15k|  23 | 0.000000e+00 |      --      |    Inf |  60.86%
 time | node  | left  |LP iter|LP it/n|mem/heur|mdpt |vars |cons |rows |cuts |sepa|confs|strbr|  dualbound   | primalbound  |  gap   | compl. 
 25.2s|  6100 |    59 |289223 |  40.0 |    48M |  20 | 351 |6895 | 371 |1142 |  1 |  15k|  23 | 0.000000e+00 |      --      |    Inf |  61.55%
 25.5s|  6200 |    77 |294015 |  40.1 |    48M |  20 | 351 |6900 |   0 |1151 |  0 |  15k|  23 | 0.000000e+00 |      --      |    Inf |  61.65%
 25.8s|  6300 |    88 |298387 |  40.2 |    48M |  20 | 351 |6944 | 370 |1162 |  0 |  16k|  23 | 0.000000e+00 |      --      |    Inf |  61.73%
 26.1s|  6400 |    92 |302570 |  40.2 |    48M |  20 | 351 |7054 | 369 |1169 |  1 |  16k|  23 | 0.000000e+00 |      --      |    Inf |  62.12%
 26.4s|  6500 |    81 |305668 |  40.1 |    48M |  20 | 351 |7073 | 369 |1189 |  0 |  16k|  23 | 0.000000e+00 |      --      |    Inf |  62.55%
 26.6s|  6600 |    87 |308751 |  39.9 |    48M |  20 | 351 |7118 | 373 |1189 |  1 |  16k|  23 | 0.000000e+00 |      --      |    Inf |  62.60%
 27.0s|  6700 |    83 |312186 |  39.9 |    48M |  20 | 351 |7239 | 369 |1189 |  1 |  17k|  23 | 0.000000e+00 |      --      |    Inf |  62.66%
 27.3s|  6800 |    73 |314123 |  39.6 |    48M |  20 | 351 |7333 |   0 |1189 |  0 |  17k|  23 | 0.000000e+00 |      --      |    Inf |  62.69%
 27.8s|  6900 |    65 |317425 |  39.5 |    48M |  20 | 351 |7347 | 373 |1201 |  0 |  17k|  23 | 0.000000e+00 |      --      |    Inf |  62.94%
 28.6s|  7000 |    90 |322200 |  39.6 |    48M |  20 | 351 |7265 | 370 |1217 |  0 |  17k|  23 | 0.000000e+00 |      --      |    Inf |  63.02%
 28.9s|  7100 |   114 |326279 |  39.6 |    48M |  20 | 351 |7289 | 370 |1248 |  1 |  17k|  23 | 0.000000e+00 |      --      |    Inf |  63.40%
 29.2s|  7200 |   118 |329931 |  39.6 |    49M |  20 | 351 |7394 | 369 |1248 |  0 |  18k|  23 | 0.000000e+00 |      --      |    Inf |  63.55%
 29.4s|  7300 |   114 |333005 |  39.5 |    49M |  20 | 351 |7408 | 368 |1252 |  1 |  18k|  23 | 0.000000e+00 |      --      |    Inf |  63.72%
 29.6s|  7400 |    96 |335672 |  39.3 |    49M |  20 | 351 |7388 | 369 |1252 |  1 |  18k|  23 | 0.000000e+00 |      --      |    Inf |  63.88%
 29.8s|  7500 |    90 |338589 |  39.2 |    49M |  20 | 351 |7452 |   0 |1270 |  0 |  18k|  23 | 0.000000e+00 |      --      |    Inf |  64.05%
 time | node  | left  |LP iter|LP it/n|mem/heur|mdpt |vars |cons |rows |cuts |sepa|confs|strbr|  dualbound   | primalbound  |  gap   | compl. 
 30.1s|  7600 |    92 |342127 |  39.2 |    49M |  20 | 351 |7560 | 371 |1291 |  0 |  18k|  23 | 0.000000e+00 |      --      |    Inf |  64.21%
 30.3s|  7700 |    80 |345450 |  39.1 |    49M |  20 | 351 |7607 |   0 |1291 |  0 |  18k|  23 | 0.000000e+00 |      --      |    Inf |  64.38%
 30.6s|  7800 |    74 |349024 |  39.1 |    49M |  20 | 351 |7517 |   0 |1309 |  0 |  19k|  23 | 0.000000e+00 |      --      |    Inf |  64.93%
 31.1s|  7900 |    90 |354625 |  39.3 |    49M |  20 | 351 |7469 | 371 |1336 |  1 |  19k|  23 | 0.000000e+00 |      --      |    Inf |  65.28%
 31.6s|  8000 |   112 |359961 |  39.4 |    49M |  20 | 351 |7447 | 368 |1404 |  1 |  19k|  23 | 0.000000e+00 |      --      |    Inf |  65.64%
 31.9s|  8100 |   117 |364387 |  39.5 |    49M |  20 | 351 |7521 |   0 |1444 |  0 |  19k|  23 | 0.000000e+00 |      --      |    Inf |  66.24%
 32.2s|  8200 |   120 |367113 |  39.3 |    49M |  20 | 351 |7560 | 375 |1476 |  3 |  19k|  23 | 0.000000e+00 |      --      |    Inf |  66.82%
 32.5s|  8300 |   113 |370058 |  39.2 |    49M |  20 | 351 |7638 | 370 |1501 |  0 |  19k|  23 | 0.000000e+00 |      --      |    Inf |  67.31%
 32.7s|  8400 |    94 |373369 |  39.2 |    49M |  20 | 351 |7658 |   0 |1508 |  0 |  20k|  23 | 0.000000e+00 |      --      |    Inf |  67.75%
 33.1s|  8500 |    85 |378249 |  39.3 |    49M |  20 | 351 |7725 |   0 |1537 |  0 |  20k|  23 | 0.000000e+00 |      --      |    Inf |  68.19%
 33.6s|  8600 |    80 |382161 |  39.3 |    49M |  20 | 351 |7377 | 370 |1564 |  1 |  20k|  23 | 0.000000e+00 |      --      |    Inf |  69.71%
 33.9s|  8700 |    79 |385195 |  39.2 |    49M |  20 | 351 |7397 | 368 |1597 |  1 |  20k|  23 | 0.000000e+00 |      --      |    Inf |  70.61%
 34.1s|  8800 |    78 |388454 |  39.1 |    49M |  20 | 351 |7437 | 369 |1610 |  0 |  20k|  23 | 0.000000e+00 |      --      |    Inf |  71.04%
 34.4s|  8900 |    69 |392189 |  39.1 |    49M |  20 | 351 |7477 |   0 |1630 |  0 |  20k|  23 | 0.000000e+00 |      --      |    Inf |  71.80%
 34.7s|  9000 |    84 |396120 |  39.1 |    50M |  20 | 351 |7356 | 370 |1653 |  1 |  21k|  23 | 0.000000e+00 |      --      |    Inf |  71.97%
 time | node  | left  |LP iter|LP it/n|mem/heur|mdpt |vars |cons |rows |cuts |sepa|confs|strbr|  dualbound   | primalbound  |  gap   | compl. 
 34.9s|  9100 |    73 |399040 |  39.0 |    50M |  20 | 351 |7419 |   0 |1653 |  0 |  21k|  23 | 0.000000e+00 |      --      |    Inf |  72.12%
 35.2s|  9200 |    56 |402985 |  39.0 |    50M |  20 | 351 |7194 | 367 |1666 |  1 |  21k|  23 | 0.000000e+00 |      --      |    Inf |  72.55%
 35.5s|  9300 |    82 |407296 |  39.0 |    50M |  20 | 351 |7238 |   0 |1695 |  0 |  21k|  23 | 0.000000e+00 |      --      |    Inf |  72.65%
 35.8s|  9400 |    83 |410694 |  39.0 |    50M |  20 | 351 |7359 | 369 |1699 |  1 |  22k|  23 | 0.000000e+00 |      --      |    Inf |  72.77%
 36.0s|  9500 |    89 |414037 |  38.9 |    50M |  20 | 351 |7535 | 370 |1699 |  1 |  22k|  23 | 0.000000e+00 |      --      |    Inf |  72.87%
 36.2s|  9600 |    50 |417068 |  38.9 |    50M |  20 | 351 |7477 | 371 |1699 |  0 |  22k|  23 | 0.000000e+00 |      --      |    Inf |  73.29%
 36.4s|  9700 |    66 |419699 |  38.7 |    50M |  20 | 351 |7441 | 370 |1714 |  1 |  22k|  23 | 0.000000e+00 |      --      |    Inf |  73.68%
 36.6s|  9800 |    61 |422442 |  38.6 |    50M |  20 | 351 |7540 | 370 |1714 |  1 |  23k|  23 | 0.000000e+00 |      --      |    Inf |  73.79%
 36.8s|  9900 |    62 |424795 |  38.5 |    50M |  20 | 351 |7590 | 370 |1722 |  1 |  23k|  23 | 0.000000e+00 |      --      |    Inf |  73.95%
 37.0s| 10000 |    52 |427614 |  38.4 |    50M |  20 | 351 |7617 |   0 |1722 |  0 |  23k|  23 | 0.000000e+00 |      --      |    Inf |  74.06%
 37.3s| 10100 |    67 |432290 |  38.5 |    50M |  20 | 351 |7636 |   0 |1747 |  0 |  23k|  23 | 0.000000e+00 |      --      |    Inf |  74.53%
 37.5s| 10200 |    58 |434795 |  38.4 |    50M |  20 | 351 |7717 | 370 |1757 |  1 |  23k|  23 | 0.000000e+00 |      --      |    Inf |  74.77%
 37.7s| 10300 |    55 |437321 |  38.2 |    50M |  20 | 351 |7832 | 369 |1763 |  1 |  23k|  23 | 0.000000e+00 |      --      |    Inf |  74.91%
 37.9s| 10400 |    53 |440222 |  38.2 |    50M |  20 | 351 |7808 | 371 |1779 |  1 |  24k|  23 | 0.000000e+00 |      --      |    Inf |  75.11%
 38.4s| 10500 |    60 |444403 |  38.2 |    50M |  20 | 351 |7747 | 367 |1786 |  1 |  24k|  23 | 0.000000e+00 |      --      |    Inf |  75.32%
 time | node  | left  |LP iter|LP it/n|mem/heur|mdpt |vars |cons |rows |cuts |sepa|confs|strbr|  dualbound   | primalbound  |  gap   | compl. 
 38.8s| 10600 |    77 |449435 |  38.3 |    50M |  20 | 351 |7914 | 368 |1810 |  1 |  24k|  23 | 0.000000e+00 |      --      |    Inf |  75.47%
 39.0s| 10700 |   111 |454199 |  38.4 |    50M |  20 | 351 |8091 | 372 |1817 |  1 |  24k|  23 | 0.000000e+00 |      --      |    Inf |  75.50%
 39.3s| 10800 |   118 |457968 |  38.4 |    50M |  20 | 351 |8218 |   0 |1826 |  0 |  25k|  23 | 0.000000e+00 |      --      |    Inf |  75.56%
 39.5s| 10900 |   111 |461832 |  38.4 |    50M |  20 | 351 |8339 | 372 |1831 |  1 |  25k|  23 | 0.000000e+00 |      --      |    Inf |  75.73%
 40.0s| 11000 |   110 |466210 |  38.4 |    50M |  20 | 351 |8392 | 373 |1850 |  0 |  25k|  23 | 0.000000e+00 |      --      |    Inf |  76.18%
 40.3s| 11100 |   102 |469379 |  38.4 |    50M |  20 | 351 |8478 | 369 |1855 |  1 |  25k|  23 | 0.000000e+00 |      --      |    Inf |  76.46%
 40.5s| 11200 |   106 |472419 |  38.3 |    50M |  20 | 351 |8625 | 369 |1855 |  0 |  25k|  23 | 0.000000e+00 |      --      |    Inf |  76.52%
 40.8s| 11300 |    85 |475204 |  38.2 |    50M |  20 | 351 |8761 | 370 |1867 |  0 |  26k|  23 | 0.000000e+00 |      --      |    Inf |  76.72%
 41.1s| 11400 |    92 |480769 |  38.4 |    50M |  20 | 351 |8857 |   0 |1886 |  0 |  26k|  23 | 0.000000e+00 |      --      |    Inf |  76.82%
 41.3s| 11500 |   102 |484695 |  38.4 |    50M |  20 | 351 |8966 |   0 |1891 |  0 |  26k|  23 | 0.000000e+00 |      --      |    Inf |  77.06%
 41.6s| 11600 |    90 |487531 |  38.3 |    50M |  20 | 351 |9095 | 372 |1893 |  1 |  26k|  23 | 0.000000e+00 |      --      |    Inf |  77.23%
 41.8s| 11700 |    66 |491119 |  38.3 |    50M |  20 | 351 |9146 |   0 |1893 |  0 |  27k|  23 | 0.000000e+00 |      --      |    Inf |  77.43%
 42.1s| 11800 |    56 |495266 |  38.3 |    50M |  20 | 351 |9116 | 369 |1905 |  0 |  27k|  23 | 0.000000e+00 |      --      |    Inf |  77.80%
 42.3s| 11900 |    54 |497809 |  38.2 |    51M |  20 | 351 |8997 | 370 |1917 |  1 |  27k|  23 | 0.000000e+00 |      --      |    Inf |  78.36%
 42.5s| 12000 |    52 |500813 |  38.1 |    51M |  20 | 351 |8979 | 374 |1936 |  1 |  27k|  23 | 0.000000e+00 |      --      |    Inf |  78.57%
 time | node  | left  |LP iter|LP it/n|mem/heur|mdpt |vars |cons |rows |cuts |sepa|confs|strbr|  dualbound   | primalbound  |  gap   | compl. 
 42.7s| 12100 |    61 |504323 |  38.1 |    51M |  20 | 351 |9058 |   0 |1949 |  0 |  27k|  23 | 0.000000e+00 |      --      |    Inf |  78.70%
 43.0s| 12200 |    62 |508234 |  38.1 |    51M |  20 | 351 |9148 | 370 |1953 |  1 |  28k|  23 | 0.000000e+00 |      --      |    Inf |  78.79%
 43.2s| 12300 |    58 |511605 |  38.1 |    51M |  20 | 351 |9213 | 369 |1959 |  1 |  28k|  23 | 0.000000e+00 |      --      |    Inf |  78.92%
 43.4s| 12400 |    50 |514953 |  38.0 |    51M |  20 | 351 |9290 | 373 |1959 |  0 |  28k|  23 | 0.000000e+00 |      --      |    Inf |  78.97%
 43.8s| 12500 |    71 |520242 |  38.2 |    51M |  20 | 351 |9151 | 369 |2021 |  1 |  28k|  23 | 0.000000e+00 |      --      |    Inf |  79.58%
 44.1s| 12600 |    74 |524788 |  38.2 |    51M |  20 | 351 |9190 | 370 |2040 |  1 |  28k|  23 | 0.000000e+00 |      --      |    Inf |  79.86%
 44.3s| 12700 |    65 |527450 |  38.1 |    51M |  20 | 351 |9234 | 375 |2040 |  1 |  29k|  23 | 0.000000e+00 |      --      |    Inf |  80.35%
 44.5s| 12800 |    57 |530258 |  38.1 |    51M |  20 | 351 |9335 | 375 |2040 |  1 |  29k|  23 | 0.000000e+00 |      --      |    Inf |  80.51%
 44.7s| 12900 |    49 |533821 |  38.0 |    51M |  20 | 351 |9346 | 373 |2070 |  1 |  29k|  23 | 0.000000e+00 |      --      |    Inf |  80.80%
 45.0s| 13000 |    49 |537207 |  38.0 |    51M |  20 | 351 |9266 | 368 |2085 |  1 |  29k|  23 | 0.000000e+00 |      --      |    Inf |  81.12%
 45.3s| 13100 |    55 |540725 |  38.0 |    51M |  20 | 351 |9217 | 368 |2119 |  1 |  29k|  23 | 0.000000e+00 |      --      |    Inf |  81.57%
 45.6s| 13200 |    54 |544148 |  38.0 |    51M |  20 | 351 |9317 | 370 |2148 |  1 |  29k|  23 | 0.000000e+00 |      --      |    Inf |  81.88%
 45.9s| 13300 |    50 |547819 |  38.0 |    51M |  20 | 351 |9333 | 373 |2178 |  0 |  30k|  23 | 0.000000e+00 |      --      |    Inf |  82.21%
 46.1s| 13400 |    35 |551392 |  37.9 |    51M |  20 | 351 |9204 | 375 |2198 |  1 |  30k|  23 | 0.000000e+00 |      --      |    Inf |  82.74%
 46.4s| 13500 |    42 |554441 |  37.9 |    51M |  20 | 351 |9197 | 369 |2241 |  1 |  30k|  23 | 0.000000e+00 |      --      |    Inf |  83.21%
 time | node  | left  |LP iter|LP it/n|mem/heur|mdpt |vars |cons |rows |cuts |sepa|confs|strbr|  dualbound   | primalbound  |  gap   | compl. 
 46.7s| 13600 |    60 |558103 |  37.9 |    51M |  20 | 351 |9263 | 369 |2268 |  1 |  30k|  23 | 0.000000e+00 |      --      |    Inf |  83.39%
 46.9s| 13700 |    60 |560817 |  37.8 |    51M |  20 | 351 |9399 |   0 |2279 |  0 |  30k|  23 | 0.000000e+00 |      --      |    Inf |  83.49%
 47.1s| 13800 |    63 |563157 |  37.7 |    51M |  20 | 351 |9538 |   0 |2279 |  0 |  31k|  23 | 0.000000e+00 |      --      |    Inf |  83.56%
 47.3s| 13900 |    44 |565557 |  37.6 |    51M |  20 | 351 |9627 | 373 |2279 |  1 |  31k|  23 | 0.000000e+00 |      --      |    Inf |  83.67%
 47.5s| 14000 |    44 |569821 |  37.6 |    51M |  20 | 351 |9643 | 371 |2316 |  1 |  31k|  23 | 0.000000e+00 |      --      |    Inf |  83.87%
 47.8s| 14100 |    47 |574202 |  37.7 |    51M |  20 | 351 |9792 | 371 |2316 |  1 |  31k|  23 | 0.000000e+00 |      --      |    Inf |  83.93%
 48.0s| 14200 |    51 |577282 |  37.6 |    51M |  20 | 351 |9948 | 370 |2320 |  1 |  31k|  23 | 0.000000e+00 |      --      |    Inf |  84.00%
 48.2s| 14300 |    41 |580050 |  37.6 |    51M |  20 | 351 |  10k| 373 |2331 |  1 |  32k|  23 | 0.000000e+00 |      --      |    Inf |  84.10%
 48.6s| 14400 |    44 |583441 |  37.6 |    51M |  20 | 351 |  10k|   0 |2359 |  0 |  32k|  23 | 0.000000e+00 |      --      |    Inf |  84.50%
 48.7s| 14500 |    36 |584682 |  37.4 |    51M |  20 | 351 |  10k|   0 |2371 |  0 |  32k|  23 | 0.000000e+00 |      --      |    Inf |  84.77%
 49.0s| 14600 |    39 |588100 |  37.4 |    51M |  20 | 351 |  10k| 369 |2378 |  1 |  32k|  23 | 0.000000e+00 |      --      |    Inf |  84.93%
 49.2s| 14700 |    37 |591486 |  37.3 |    51M |  20 | 351 |  10k| 370 |2397 |  0 |  33k|  23 | 0.000000e+00 |      --      |    Inf |  85.12%
 49.5s| 14800 |    38 |595449 |  37.4 |    51M |  20 | 351 |  10k| 370 |2404 |  1 |  33k|  23 | 0.000000e+00 |      --      |    Inf |  85.19%
 49.8s| 14900 |    46 |599548 |  37.4 |    51M |  20 | 351 |  10k|   0 |2419 |  0 |  33k|  23 | 0.000000e+00 |      --      |    Inf |  85.38%
 50.1s| 15000 |    53 |604131 |  37.4 |    52M |  20 | 351 |  10k|   0 |2444 |  0 |  33k|  23 | 0.000000e+00 |      --      |    Inf |  85.75%
 time | node  | left  |LP iter|LP it/n|mem/heur|mdpt |vars |cons |rows |cuts |sepa|confs|strbr|  dualbound   | primalbound  |  gap   | compl. 
 50.4s| 15100 |    41 |607363 |  37.4 |    52M |  20 | 351 |  10k| 372 |2444 |  1 |  33k|  23 | 0.000000e+00 |      --      |    Inf |  85.92%
 50.7s| 15200 |    42 |611494 |  37.4 |    52M |  20 | 351 |  10k| 369 |2481 |  1 |  34k|  23 | 0.000000e+00 |      --      |    Inf |  86.27%
 51.0s| 15300 |    45 |614755 |  37.4 |    52M |  20 | 351 |  10k| 368 |2498 |  1 |  34k|  23 | 0.000000e+00 |      --      |    Inf |  86.49%
 51.3s| 15400 |    47 |617758 |  37.4 |    52M |  20 | 351 |  10k| 369 |2522 |  1 |  34k|  23 | 0.000000e+00 |      --      |    Inf |  86.81%
 51.5s| 15500 |    41 |620661 |  37.3 |    52M |  20 | 351 |  10k|   0 |2535 |  0 |  34k|  23 | 0.000000e+00 |      --      |    Inf |  87.08%
 51.8s| 15600 |    49 |624143 |  37.3 |    52M |  20 | 351 |  10k| 368 |2566 |  1 |  34k|  23 | 0.000000e+00 |      --      |    Inf |  87.36%
 52.1s| 15700 |    46 |628131 |  37.3 |    52M |  20 | 351 |  10k| 369 |2570 |  0 |  35k|  23 | 0.000000e+00 |      --      |    Inf |  87.65%
 52.4s| 15800 |    39 |632127 |  37.3 |    52M |  20 | 351 |  10k| 371 |2600 |  0 |  35k|  23 | 0.000000e+00 |      --      |    Inf |  88.16%
 52.7s| 15900 |    39 |635680 |  37.3 |    52M |  20 | 351 |  10k|   0 |2616 |  0 |  35k|  23 | 0.000000e+00 |      --      |    Inf |  88.55%
 53.0s| 16000 |    30 |638562 |  37.3 |    52M |  20 | 351 |  10k| 370 |2632 |  0 |  35k|  23 | 0.000000e+00 |      --      |    Inf |  88.96%
 53.4s| 16100 |    28 |643352 |  37.3 |    52M |  20 | 351 |  10k| 370 |2655 |  1 |  35k|  23 | 0.000000e+00 |      --      |    Inf |  89.37%
 53.7s| 16200 |    22 |646951 |  37.3 |    52M |  20 | 351 |9994 | 372 |2683 |  1 |  36k|  23 | 0.000000e+00 |      --      |    Inf |  89.95%
 54.2s| 16300 |    39 |650781 |  37.3 |    53M |  20 | 351 |9870 | 368 |2712 |  1 |  36k|  23 | 0.000000e+00 |      --      |    Inf |  90.43%
 54.4s| 16400 |    44 |652996 |  37.2 |    53M |  20 | 351 |9954 | 369 |2715 |  1 |  36k|  23 | 0.000000e+00 |      --      |    Inf |  90.57%
 54.7s| 16500 |    51 |656103 |  37.2 |    53M |  20 | 351 |  10k|   0 |2727 |  0 |  36k|  23 | 0.000000e+00 |      --      |    Inf |  90.89%
 time | node  | left  |LP iter|LP it/n|mem/heur|mdpt |vars |cons |rows |cuts |sepa|confs|strbr|  dualbound   | primalbound  |  gap   | compl. 
 54.9s| 16600 |    44 |658761 |  37.1 |    53M |  20 | 351 |  10k| 367 |2727 |  0 |  36k|  23 | 0.000000e+00 |      --      |    Inf |  91.02%
 55.1s| 16700 |    31 |662153 |  37.1 |    53M |  20 | 351 |9997 | 370 |2727 |  1 |  37k|  23 | 0.000000e+00 |      --      |    Inf |  91.11%
 55.4s| 16800 |    37 |664836 |  37.1 |    53M |  20 | 351 |9977 | 369 |2732 |  1 |  37k|  23 | 0.000000e+00 |      --      |    Inf |  91.23%
 55.6s| 16900 |    35 |667489 |  37.0 |    53M |  20 | 351 |9972 | 371 |2743 |  0 |  37k|  23 | 0.000000e+00 |      --      |    Inf |  91.35%
 55.8s| 17000 |    37 |671028 |  37.0 |    53M |  20 | 351 |9972 | 370 |2750 |  0 |  37k|  23 | 0.000000e+00 |      --      |    Inf |  91.46%
 56.0s| 17100 |    34 |674066 |  37.0 |    53M |  20 | 351 |9973 | 368 |2753 |  0 |  37k|  23 | 0.000000e+00 |      --      |    Inf |  91.58%
 56.3s| 17200 |    33 |677068 |  36.9 |    53M |  20 | 351 |9972 | 372 |2764 |  1 |  37k|  23 | 0.000000e+00 |      --      |    Inf |  91.65%
 56.6s| 17300 |    41 |680795 |  36.9 |    53M |  20 | 351 |9973 | 369 |2775 |  1 |  38k|  23 | 0.000000e+00 |      --      |    Inf |  91.80%
 56.8s| 17400 |    38 |684098 |  36.9 |    53M |  20 | 351 |9977 | 369 |2779 |  1 |  38k|  23 | 0.000000e+00 |      --      |    Inf |  91.87%
 57.1s| 17500 |    33 |686533 |  36.8 |    53M |  20 | 351 |9972 |   0 |2779 |  0 |  38k|  23 | 0.000000e+00 |      --      |    Inf |  92.01%
 57.3s| 17600 |    38 |688980 |  36.8 |    53M |  20 | 351 |9978 | 368 |2789 |  0 |  38k|  23 | 0.000000e+00 |      --      |    Inf |  92.13%
 57.5s| 17700 |    33 |692277 |  36.7 |    53M |  20 | 351 |9978 |   0 |2799 |  0 |  38k|  23 | 0.000000e+00 |      --      |    Inf |  92.21%
 57.8s| 17800 |    34 |695932 |  36.7 |    53M |  20 | 351 |9979 | 369 |2799 |  1 |  38k|  23 | 0.000000e+00 |      --      |    Inf |  92.25%
 58.0s| 17900 |    34 |698632 |  36.7 |    53M |  20 | 351 |9980 | 368 |2802 |  0 |  39k|  23 | 0.000000e+00 |      --      |    Inf |  92.35%
 58.3s| 18000 |    43 |702450 |  36.7 |    53M |  20 | 351 |9982 | 373 |2828 |  0 |  39k|  23 | 0.000000e+00 |      --      |    Inf |  92.47%
 time | node  | left  |LP iter|LP it/n|mem/heur|mdpt |vars |cons |rows |cuts |sepa|confs|strbr|  dualbound   | primalbound  |  gap   | compl. 
 58.5s| 18100 |    36 |705242 |  36.7 |    53M |  20 | 351 |9981 | 373 |2834 |  1 |  39k|  23 | 0.000000e+00 |      --      |    Inf |  92.68%
 58.8s| 18200 |    28 |707829 |  36.6 |    53M |  20 | 351 |9979 | 368 |2839 |  1 |  39k|  23 | 0.000000e+00 |      --      |    Inf |  92.79%
 59.0s| 18300 |    30 |710546 |  36.6 |    53M |  20 | 351 |9980 |   0 |2839 |  0 |  39k|  23 | 0.000000e+00 |      --      |    Inf |  92.86%
 59.2s| 18400 |    29 |713201 |  36.5 |    53M |  20 | 351 |9975 | 371 |2847 |  0 |  39k|  23 | 0.000000e+00 |      --      |    Inf |  92.95%
 59.4s| 18500 |    18 |715628 |  36.4 |    53M |  20 | 351 |9976 | 370 |2847 |  0 |  39k|  23 | 0.000000e+00 |      --      |    Inf |  93.09%
 60.0s| 18600 |    25 |720501 |  36.5 |    53M |  20 | 351 |9961 | 370 |2870 |  1 |  40k|  23 | 0.000000e+00 |      --      |    Inf |  93.42%
 60.2s| 18700 |    18 |723064 |  36.4 |    53M |  20 | 351 |9962 | 370 |2890 |  0 |  40k|  23 | 0.000000e+00 |      --      |    Inf |  93.71%
 60.5s| 18800 |    21 |725712 |  36.4 |    53M |  20 | 351 |9963 | 369 |2900 |  0 |  40k|  23 | 0.000000e+00 |      --      |    Inf |  93.91%
 60.8s| 18900 |    25 |729051 |  36.4 |    53M |  20 | 351 |9963 | 370 |2921 |  1 |  40k|  23 | 0.000000e+00 |      --      |    Inf |  94.12%
 61.1s| 19000 |    26 |733241 |  36.4 |    53M |  20 | 351 |9965 | 369 |2932 |  1 |  40k|  23 | 0.000000e+00 |      --      |    Inf |  94.25%
 61.3s| 19100 |    35 |736443 |  36.4 |    53M |  20 | 351 |9965 | 369 |2946 |  1 |  41k|  23 | 0.000000e+00 |      --      |    Inf |  94.40%
 61.5s| 19200 |    16 |738267 |  36.3 |    53M |  20 | 351 |9970 |   0 |2946 |  0 |  41k|  23 | 0.000000e+00 |      --      |    Inf |  94.70%
 61.9s| 19300 |    31 |742620 |  36.3 |    53M |  20 | 351 |9970 |   0 |2970 |  0 |  41k|  23 | 0.000000e+00 |      --      |    Inf |  94.85%
 62.1s| 19400 |    37 |745112 |  36.3 |    53M |  20 | 351 |9970 |   0 |2975 |  0 |  41k|  23 | 0.000000e+00 |      --      |    Inf |  94.91%
 62.3s| 19500 |    36 |747823 |  36.2 |    53M |  20 | 351 |9970 | 372 |2982 |  1 |  41k|  23 | 0.000000e+00 |      --      |    Inf |  95.02%
 time | node  | left  |LP iter|LP it/n|mem/heur|mdpt |vars |cons |rows |cuts |sepa|confs|strbr|  dualbound   | primalbound  |  gap   | compl. 
 62.5s| 19600 |    27 |749483 |  36.1 |    53M |  20 | 351 |9970 | 372 |2982 |  0 |  42k|  23 | 0.000000e+00 |      --      |    Inf |  95.12%
 62.7s| 19700 |    24 |751704 |  36.1 |    53M |  20 | 351 |9971 | 372 |2982 |  1 |  42k|  23 | 0.000000e+00 |      --      |    Inf |  95.18%
 63.0s| 19800 |    34 |754894 |  36.1 |    53M |  20 | 351 |9971 | 371 |2990 |  1 |  42k|  23 | 0.000000e+00 |      --      |    Inf |  95.25%
 63.2s| 19900 |    31 |757014 |  36.0 |    53M |  20 | 351 |9973 | 370 |2997 |  1 |  42k|  23 | 0.000000e+00 |      --      |    Inf |  95.33%
 63.4s| 20000 |    28 |759199 |  35.9 |    53M |  20 | 351 |9973 | 371 |3007 |  0 |  42k|  23 | 0.000000e+00 |      --      |    Inf |  95.50%
 63.6s| 20100 |    21 |761965 |  35.9 |    53M |  20 | 351 |9975 | 371 |3016 |  1 |  43k|  23 | 0.000000e+00 |      --      |    Inf |  95.62%
 64.0s| 20200 |    26 |766294 |  35.9 |    53M |  20 | 351 |9976 | 369 |3036 |  0 |  43k|  23 | 0.000000e+00 |      --      |    Inf |  95.84%
 64.2s| 20300 |    20 |769490 |  35.9 |    53M |  20 | 351 |9976 |   0 |3047 |  0 |  43k|  23 | 0.000000e+00 |      --      |    Inf |  96.08%
 64.5s| 20400 |    19 |772522 |  35.9 |    53M |  20 | 351 |9976 | 372 |3080 |  1 |  43k|  23 | 0.000000e+00 |      --      |    Inf |  96.43%
 64.8s| 20500 |    15 |776183 |  35.9 |    53M |  20 | 351 |9976 | 370 |3101 |  1 |  43k|  23 | 0.000000e+00 |      --      |    Inf |  96.78%
 65.0s| 20600 |     6 |780009 |  35.9 |    53M |  20 | 351 |9974 | 372 |3119 |  0 |  44k|  23 | 0.000000e+00 |      --      |    Inf |  97.15%
 65.4s| 20700 |     9 |784685 |  35.9 |    53M |  20 | 351 |9974 | 367 |3133 |  1 |  44k|  23 | 0.000000e+00 |      --      |    Inf |  97.36%
 65.6s| 20800 |    13 |788680 |  35.9 |    53M |  20 | 351 |9969 | 371 |3148 |  1 |  44k|  23 | 0.000000e+00 |      --      |    Inf |  97.53%
 65.9s| 20900 |    15 |791935 |  35.9 |    53M |  20 | 351 |9968 |   0 |3170 |  0 |  44k|  23 | 0.000000e+00 |      --      |    Inf |  97.75%
 66.1s| 21000 |    17 |794788 |  35.9 |    54M |  20 | 351 |9961 |   0 |3177 |  0 |  44k|  23 | 0.000000e+00 |      --      |    Inf |  97.98%
 time | node  | left  |LP iter|LP it/n|mem/heur|mdpt |vars |cons |rows |cuts |sepa|confs|strbr|  dualbound   | primalbound  |  gap   | compl. 
 66.4s| 21100 |    11 |798681 |  35.9 |    54M |  20 | 351 |9966 | 369 |3180 |  1 |  44k|  23 | 0.000000e+00 |      --      |    Inf |  98.21%
 66.7s| 21200 |    11 |802902 |  35.9 |    54M |  20 | 351 |9966 | 378 |3206 |  3 |  45k|  23 | 0.000000e+00 |      --      |    Inf |  98.46%
 67.0s| 21300 |    12 |807139 |  36.0 |    54M |  20 | 351 |9966 | 374 |3218 |  1 |  45k|  23 | 0.000000e+00 |      --      |    Inf |  98.62%
 67.3s| 21400 |     6 |811576 |  36.0 |    54M |  20 | 351 |9966 | 372 |3235 |  1 |  45k|  23 | 0.000000e+00 |      --      |    Inf |  98.85%
 67.5s| 21500 |     6 |815335 |  36.0 |    54M |  20 | 351 |9966 | 372 |3241 |  1 |  45k|  23 | 0.000000e+00 |      --      |    Inf |  99.01%
 68.0s| 21600 |    13 |818903 |  36.0 |    54M |  20 | 351 |9966 | 372 |3266 |  1 |  45k|  23 | 0.000000e+00 |      --      |    Inf |  99.16%
 68.3s| 21700 |     9 |821775 |  36.0 |    54M |  20 | 351 |9966 | 371 |3279 |  1 |  45k|  23 | 0.000000e+00 |      --      |    Inf |  99.45%
 68.6s| 21800 |    15 |825532 |  36.0 |    54M |  20 | 351 |9966 |   0 |3316 |  0 |  46k|  23 | 0.000000e+00 |      --      |    Inf |  99.77%
 68.9s| 21900 |     2 |828525 |  36.0 |    54M |  20 | 351 |9966 | 380 |3329 |  3 |  46k|  23 | 0.000000e+00 |      --      |    Inf |  99.90%
 69.1s| 22000 |     5 |831789 |  35.9 |    54M |  20 | 351 |9969 | 372 |3329 |  1 |  46k|  23 | 0.000000e+00 |      --      |    Inf |  99.99%

SCIP Status        : problem is solved [infeasible]
Solving Time (sec) : 69.11
Solving Nodes      : 22009 (total of 23057 nodes in 2 runs)
Primal Bound       : +1.00000000000000e+20 (0 solutions)
Dual Bound         : +1.00000000000000e+20
Gap                : 0.00 %
SCIP Status        : problem is solved [infeasible]
Total Time         :      69.11
  solving          :      69.11
  presolving       :       0.11 (included in solving)
  reading          :       0.00
  copying          :       1.02 (62 #copies) (minimal 0.00, maximal 0.03, average 0.02)
Original Problem   :
  Problem name     : model
  Variables        : 378 (378 binary, 0 integer, 0 implicit integer, 0 continuous)
  Constraints      : 378 initial, 378 maximal
  Objective        : minimize, 0 non-zeros (abs.min = 1e+20, abs.max = -1e+20)
Presolved Problem  :
  Problem name     : t_model
  Variables        : 351 (351 binary, 0 integer, 0 implicit integer, 0 continuous)
  Constraints      : 2394 initial, 10041 maximal
  Objective        : minimize, 0 non-zeros (abs.min = 1e+20, abs.max = -1e+20)
  Nonzeros         : 34651 constraint, 1226 clique table
Presolvers         :   ExecTime  SetupTime  Calls  FixedVars   AggrVars   ChgTypes  ChgBounds   AddHoles    DelCons    AddCons   ChgSides   ChgCoefs
  boundshift       :       0.00       0.00      0          0          0          0          0          0          0          0          0          0
  convertinttobin  :       0.00       0.00      0          0          0          0          0          0          0          0          0          0
  domcol           :       0.00       0.00      4          0          0          0          0          0          0          0          0          0
  dualagg          :       0.00       0.00      0          0          0          0          0          0          0          0          0          0
  dualcomp         :       0.00       0.00      0          0          0          0          0          0          0          0          0          0
  dualinfer        :       0.00       0.00      0          0          0          0          0          0          0          0          0          0
  dualsparsify     :       0.00       0.00      1          0          0          0          0          0          0          0          0          0
  gateextraction   :       0.01       0.00      9          0          0          0          0          0         18          8          0          0
  implics          :       0.00       0.00     15          0          0          0          0          0          0          0          0          0
  inttobinary      :       0.00       0.00      0          0          0          0          0          0          0          0          0          0
  qpkktref         :       0.00       0.00      0          0          0          0          0          0          0          0          0          0
  redvub           :       0.00       0.00      0          0          0          0          0          0          0          0          0          0
  sparsify         :       0.00       0.00      2          0          0          0          0          0          0          0          0          0
  stuffing         :       0.00       0.00      0          0          0          0          0          0          0          0          0          0
  trivial          :       0.00       0.00     20          7          0          0          0          0          0          0          0          0
  tworowbnd        :       0.00       0.00      0          0          0          0          0          0          0          0          0          0
  dualfix          :       0.00       0.00     20          0          0          0          0          0          0          0          0          0
  genvbounds       :       0.00       0.00      0          0          0          0          0          0          0          0          0          0
  probing          :       0.02       0.00      3          0          8          0          0          0          0          0          0          0
  pseudoobj        :       0.00       0.00      1          0          0          0          0          0          0          0          0          0
  symmetry         :       0.00       0.00      1          2          0          0          0          0          0          5          0          0
  vbounds          :       0.00       0.00      3          0          2          0          0          0          0          0          0          0
  knapsack         :       0.00       0.00     29          0          0          0          0          0          0          0          0          0
  setppc           :       0.00       0.00     43          0          7          0          0          0         27          0          2          0
  linear           :       0.00       0.00     21          0          0          0          0          0          5          0          5          0
  orbisack         :       0.00       0.00      7          0          0          0          0          0          0          0          0          0
  orbitope         :       0.00       0.00     13          1          0          0          0          0          0          0          0          0
  symretope        :       0.00       0.00      7          0          0          0          0          0          0          0          0          0
  logicor          :       0.06       0.01     27          0          0          0          0          0        238          0          0       1640
  benders          :       0.00       0.00      0          0          0          0          0          0          0          0          0          0
  components       :       0.00       0.00      2          0          0          0          0          0          0          0          0          0
  root node        :          -          -      -         10          -          -         10          -          -          -          -          -
Constraints        :     Number  MaxNumber  #Separate #Propagate    #EnfoLP    #EnfoRelax  #EnfoPS    #Check   #ResProp    Cutoffs    DomReds       Cuts    Applied      Conss   Children
  benderslp        :          0          0          0          0      13213          0          0         33          0          0          0          0          0          0          0
  integral         :          0          0          0          0      13213          0          0         33          0          0          0          0          0          0      26426
  knapsack         :         61+        86         13     213605          0          0          0          0     159485       1871     121238          0          0          0          0
  setppc           :        358+       369         24     212847          0          0          0         28     711898       4904     655126          3          1          0          0
  linear           :          7+       197         24     206478          0          0          0          0       5824        371      12553          1          1          0          0
  orbisack         :          2          2          0        351          0          0          0          0        895         39        296          0          0          0          0
  orbitope         :          2          2          0     207433          0          0          0          0       5650         13       1229          0          0          0          0
  symretope        :          1          1          0      17593          0          0          0          0      12713        117       1998          0          0          0          0
  logicor          :       1963+      9632         24     155802          0          0          0          0     241337       2406     175787         15          3          0          0
  benders          :          0          0          0          0          0          0          0          0          0          0          0          0          0          0          0
  countsols        :          0          0          0          0          0          0          0          0          0          0          0          0          0          0          0
  components       :          0          0          0          0          0          0          0          0          0          0          0          0          0          0          0
Constraint Timings :  TotalTime  SetupTime   Separate  Propagate     EnfoLP     EnfoPS     EnfoRelax   Check    ResProp    SB-Prop
  benderslp        :       0.00       0.00       0.00       0.00       0.00       0.00       0.00       0.00       0.00       0.00
  integral         :       0.58       0.00       0.00       0.00       0.58       0.00       0.00       0.00       0.00       0.00
  knapsack         :       3.09       0.00       0.02       2.93       0.00       0.00       0.00       0.00       0.14       0.00
  setppc           :       3.56       0.00       0.00       3.33       0.00       0.00       0.00       0.00       0.23       0.00
  linear           :       0.23       0.00       0.00       0.21       0.00       0.00       0.00       0.00       0.01       0.00
  orbisack         :       0.02       0.00       0.00       0.02       0.00       0.00       0.00       0.00       0.00       0.00
  orbitope         :       0.70       0.00       0.00       0.63       0.00       0.00       0.00       0.00       0.06       0.00
  symretope        :       0.61       0.00       0.00       0.53       0.00       0.00       0.00       0.00       0.08       0.00
  logicor          :       4.42       0.01       0.01       4.24       0.00       0.00       0.00       0.00       0.16       0.00
  benders          :       0.00       0.00       0.00       0.00       0.00       0.00       0.00       0.00       0.00       0.00
  countsols        :       0.00       0.00       0.00       0.00       0.00       0.00       0.00       0.00       0.00       0.00
  components       :       0.00       0.00       0.00       0.00       0.00       0.00       0.00       0.00       0.00       0.00
Propagators        : #Propagate   #ResProp    Cutoffs    DomReds
  dualfix          :          2          0          0          0
  genvbounds       :          0          0          0          0
  nlobbt           :          0          0          0          0
  obbt             :          0          0          0          0
  probing          :          0          0          0          0
  pseudoobj        :          0          0          0          0
  redcost          :          0          0          0          0
  rootredcost      :          0          0          0          0
  symmetry         :          0          0          0          0
  vbounds          :     174045          0          0          0
Propagator Timings :  TotalTime  SetupTime   Presolve  Propagate    ResProp    SB-Prop
  dualfix          :       0.00       0.00       0.00       0.00       0.00       0.00
  genvbounds       :       0.02       0.00       0.00       0.02       0.00       0.00
  nlobbt           :       0.00       0.00       0.00       0.00       0.00       0.00
  obbt             :       0.00       0.00       0.00       0.00       0.00       0.00
  probing          :       0.02       0.00       0.02       0.00       0.00       0.00
  pseudoobj        :       0.02       0.00       0.00       0.02       0.00       0.00
  redcost          :       0.01       0.00       0.00       0.01       0.00       0.00
  rootredcost      :       0.01       0.00       0.00       0.01       0.00       0.00
  symmetry         :       0.02       0.00       0.00       0.01       0.00       0.00
  vbounds          :       0.39       0.00       0.00       0.39       0.00       0.00
Orbital fixing     :
  vars fixed to 0  :          0
  vars fixed to 1  :          0
Conflict Analysis  :       Time      Calls    Success    DomReds  Conflicts   Literals    Reconvs ReconvLits   Dualrays   Nonzeros   LP Iters   (pool size: [10000,10000])
  propagation      :       0.86       9450       8752          -      67014       26.7        739       12.9          -          -          -
  infeasible LP    :       2.04       5364       4690          -      41415       24.3        220       10.2       2399       35.2          0
  bound exceed. LP :       0.00          0          0          -          0        0.0          0        0.0          0        0.0          0
  strong branching :       0.00          0          0          -          0        0.0          0        0.0          -          -          0
  pseudo solution  :       0.00          0          0          -          0        0.0          0        0.0          -          -          -
  applied globally :       0.28          -          -          0      43738       18.8          -          -       2135          -          -
  applied locally  :          -          -          -          0        304       31.4          -          -        264          -          -
Separators         :   ExecTime  SetupTime      Calls  RootCalls    Cutoffs    DomReds  FoundCuts ViaPoolAdd  DirectAdd    Applied ViaPoolApp  DirectApp      Conss
  cut pool         :       2.40          -       2547         46          -          -      41350      16508          -          -          -          -          -    (maximal pool size:       3338)
  aggregation      :       0.82       0.00       1382         24          0          0          0          0          0          0          0          0          0
  > cmir           :          -          -          -          -          -          -          -          0          0          0          0          0          -
  > flowcover      :          -          -          -          -          -          -          -          0          0          0          0          0          -
  > knapsackcover  :          -          -          -          -          -          -          -          0          0          0          0          0          -
  cgmip            :       0.00       0.00          0          0          0          0          0          0          0          0          0          0          0
  clique           :       0.01       0.00         24         24          0          0          4          4          0          1          1          0          0
  closecuts        :       0.00       0.00          0          0          0          0          0          0          0          0          0          0          0
  convexproj       :       0.00       0.00          0          0          0          0          0          0          0          0          0          0          0
  disjunctive      :       0.00       0.00          0          0          0          0          0          0          0          0          0          0          0
  eccuts           :       0.00       0.00          0          0          0          0          0          0          0          0          0          0          0
  gauge            :       0.00       0.00          0          0          0          0          0          0          0          0          0          0          0
  gomory           :       5.03       0.00       1376         20          0          0      61699      16020      20668       1921       1425        496          0
  > gomorymi       :          -          -          -          -          -          -          -       2640      10334        408        123        285          -
  > strongcg       :          -          -          -          -          -          -          -      13380      10334       1513       1302        211          -
  impliedbounds    :       0.02       0.00       1382         24          0          0         11         16          0         16         16          0          0
  interminor       :       0.00       0.00          0          0          0          0          0          0          0          0          0          0          0
  intobj           :       0.00       0.00          0          0          0          0          0          0          0          0          0          0          0
  mcf              :       0.00       0.00          2          2          0          0          0          0          0          0          0          0          0
  minor            :       0.00       0.00          0          0          0          0          0          0          0          0          0          0          0
  mixing           :       0.00       0.00          0          0          0          0          0          0          0          0          0          0          0
  oddcycle         :       0.00       0.00          0          0          0          0          0          0          0          0          0          0          0
  rapidlearning    :       7.16       0.00         59          2          0       4960          0          0          0          0          0          0        626
  rlt              :       0.00       0.00         20         20          0          0          0          0          0          0          0          0          0
  zerohalf         :       0.81       0.00       1380         24          0          0       2221        468       1917       1725        333       1392          0
Cutselectors       :   ExecTime  SetupTime      Calls  RootCalls   Selected     Forced   Filtered  RootSelec   RootForc   RootFilt 
  hybrid           :       0.04       0.00       1378         24       3668          0      35350         80          0       1932
Pricers            :   ExecTime  SetupTime      Calls       Vars
  problem variables:       0.00          -          0          0
Branching Rules    :   ExecTime  SetupTime   BranchLP  BranchExt   BranchPS    Cutoffs    DomReds       Cuts      Conss   Children
  allfullstrong    :       0.00       0.00          0          0          0          0          0          0          0          0
  cloud            :       0.00       0.00          0          0          0          0          0          0          0          0
  distribution     :       0.00       0.00          0          0          0          0          0          0          0          0
  fullstrong       :       0.00       0.00          0          0          0          0          0          0          0          0
  inference        :       0.00       0.00          0          0          0          0          0          0          0          0
  leastinf         :       0.00       0.00          0          0          0          0          0          0          0          0
  lookahead        :       0.00       0.00          0          0          0          0          0          0          0          0
  mostinf          :       0.00       0.00          0          0          0          0          0          0          0          0
  multaggr         :       0.00       0.00          0          0          0          0          0          0          0          0
  nodereopt        :       0.00       0.00          0          0          0          0          0          0          0          0
  pscost           :       0.00       0.00          0          0          0          0          0          0          0          0
  random           :       0.00       0.00          0          0          0          0          0          0          0          0
  relpscost        :       0.57       0.00      13213          0          0          0          0          0          0      26426
  vanillafullstrong:       0.00       0.00          0          0          0          0          0          0          0          0
Primal Heuristics  :   ExecTime  SetupTime      Calls      Found       Best
  LP solutions     :       0.00          -          -          0          0
  relax solutions  :       0.00          -          -          0          0
  pseudo solutions :       0.00          -          -          0          0
  strong branching :       0.00          -          -          0          0
  actconsdiving    :       0.00       0.00          0          0          0
  adaptivediving   :       0.27       0.00         76          0          0
  alns             :       0.06       0.00          7          0          0
  bound            :       0.00       0.00          0          0          0
  clique           :       0.00       0.00          1          0          0
  coefdiving       :       0.00       0.00          0          0          0
  completesol      :       0.00       0.00          0          0          0
  conflictdiving   :       0.48       0.00        151          0          0
  crossover        :       0.01       0.00          0          0          0
  dins             :       0.00       0.00          0          0          0
  distributiondivin:       0.54       0.00        150          0          0
  dps              :       0.00       0.00          0          0          0
  dualval          :       0.00       0.00          0          0          0
  farkasdiving     :       0.00       0.00          0          0          0
  feaspump         :       0.37       0.00         36          0          0
  fixandinfer      :       0.00       0.00          0          0          0
  fracdiving       :       0.28       0.00        151          0          0
  gins             :       0.00       0.00          0          0          0
  guideddiving     :       0.00       0.00          0          0          0
  indicator        :       0.01       0.00          0          0          0
  intdiving        :       0.00       0.00          0          0          0
  intshifting      :       0.00       0.00          0          0          0
  linesearchdiving :       0.37       0.00        151          0          0
  localbranching   :       0.00       0.00          0          0          0
  locks            :       0.00       0.00          1          0          0
  lpface           :       0.02       0.00          0          0          0
  mpec             :       0.00       0.00          0          0          0
  multistart       :       0.00       0.00          0          0          0
  mutation         :       0.00       0.00          0          0          0
  nlpdiving        :       0.00       0.00          0          0          0
  objpscostdiving  :       0.25       0.00         10          0          0
  octane           :       0.00       0.00          0          0          0
  ofins            :       0.00       0.00          0          0          0
  oneopt           :       0.00       0.00          0          0          0
  padm             :       0.00       0.00          0          0          0
  proximity        :       0.00       0.00          0          0          0
  pscostdiving     :       0.34       0.00        151          0          0
  randrounding     :       0.04       0.00         51          0          0
  rens             :       0.00       0.00          0          0          0
  reoptsols        :       0.00       0.00          0          0          0
  repair           :       0.00       0.00          0          0          0
  rins             :       0.00       0.00          0          0          0
  rootsoldiving    :       0.34       0.00         24          0          0
  rounding         :       0.07       0.00       1672          0          0
  shiftandpropagate:       0.01       0.00          2          0          0
  shifting         :       0.06       0.00        597          0          0
  simplerounding   :       0.00       0.00          0          0          0
  subnlp           :       0.01       0.00          0          0          0
  trivial          :       0.00       0.00          2          0          0
  trivialnegation  :       0.00       0.00          0          0          0
  trustregion      :       0.00       0.00          0          0          0
  trysol           :       0.01       0.00          0          0          0
  twoopt           :       0.00       0.00          0          0          0
  undercover       :       0.00       0.00          0          0          0
  vbounds          :       0.00       0.00          2          0          0
  veclendiving     :       0.31       0.00        151          0          0
  zeroobj          :       0.00       0.00          0          0          0
  zirounding       :       0.02       0.00       1000          0          0
  other solutions  :          -          -          -          0          -
LP                 :       Time      Calls Iterations  Iter/call   Iter/sec  Time-0-It Calls-0-It    ItLimit
  primal LP        :       0.75        645          0       0.00       0.00       0.75        645
  dual LP          :      24.34      19764     795345      40.58   32679.69       0.06        163
  lex dual LP      :       0.00          0          0       0.00          -
  barrier LP       :       0.00          0          0       0.00          -       0.00          0
  resolve instable :       0.00          0          0       0.00          -
  diving/probing LP:       1.42       1184      36692      30.99   25864.15
  strong branching :       0.20         23       5098     221.65   25942.57          -          -          0
    (at root node) :          -         23       5098     221.65          -
  conflict analysis:       0.00          0          0       0.00          -
B&B Tree           :
  number of runs   :          2
  nodes            :      22009 (12578 internal, 9431 leaves)
  feasible leaves  :          0
  infeas. leaves   :       9431
  objective leaves :          0
  nodes (total)    :      23057 (13213 internal, 9844 leaves)
  nodes left       :          0
  max depth        :         20
  max depth (total):         20
  backtracks       :       7025 (31.9%)
  early backtracks :          0 (0.0%)
  nodes exc. ref.  :          0 (0.0%)
  delayed cutoffs  :       3148
  repropagations   :      13831 (304587 domain reductions, 2826 cutoffs)
  avg switch length:       3.58
  switching time   :       5.63
Root Node          :
  First LP value   : +0.00000000000000e+00
  First LP Iters   :        246 (78594.25 Iter/sec)
  First LP Time    :       0.00
  Final Dual Bound : +0.00000000000000e+00
  Final Root Iters :       3350
  Root LP Estimate : +1.35274364456089e-02
Solution           :
  Solutions found  :          0 (0 improvements)
  Primal Bound     : infeasible
  Dual Bound       :          -
  Gap              :       0.00 %
Integrals          :      Total       Avg%
  primal-dual      :          -          - (problem infeasible)
  primal-ref       :          -          - (problem infeasible)
  dual-ref         :          -          - (problem infeasible)
written solution information to file <results/final_flowersnark__settings_final_peek_relabel_respect__1__flowersnark21_3.cip.sol>
@04 1667947669
