FILENAME:   ../instances_new/flowersnark/flowersnark19_3.cip
SETTINGS:   settings_final_peek_relabel_respect
TIMELIMIT:  7200
OUTPUTNAME: final_flowersnark__settings_final_peek_relabel_respect__1__
BINNAME:    bin/sbcs.linux.x86_64.gnu.opt.cpx
BASENAME:   flowersnark19_3.cip
SEED:       1
@01 ../instances_new/flowersnark/flowersnark19_3.cip ===========
@02 flowersnark19_3.cip
@03 1667947600
SCIP version 8.0.2 [precision: 8 byte] [memory: block] [mode: optimized] [LP solver: CPLEX 20.1.0.0] [GitHash: 5f0473c]
Copyright (C) 2002-2022 Konrad-Zuse-Zentrum fuer Informationstechnik Berlin (ZIB)

Symretope propagation methods - (c) Jasper van Doornmalen, Christopher Hojny.
[GitHash: 2fd0484]

reading parameter file <../settings/settings_final_peek_relabel_respect.set> ...

Changed settings:
limits/time = 7200
misc/usesymmetry = 1
randomization/randomseedshift = 1
constraints/orbisack/sepafreq = -1
constraints/symresack/sepafreq = -1
propagating/symmetry/addsymresacks = TRUE
propagating/symmetry/detectsubgroups = FALSE
propagating/symmetry/relabelsymretopes = 3
propagating/symmetry/ofsymcomptiming = 0
constraints/symretope/sepafreq = -1


solving problem ...

original problem has 342 variables (342 bin, 0 int, 0 impl, 0 cont) and 342 constraints
presolving:
(round 1, exhaustive) 0 del vars, 0 del conss, 0 add conss, 0 chg bounds, 0 chg sides, 0 chg coeffs, 342 upgd conss, 0 impls, 342 clqs
   (0.0s) probing: 51/342 (14.9%) - 0 fixings, 0 aggregations, 0 implications, 0 bound changes
   (0.0s) probing aborted: 50/50 successive totally useless probings
   (0.0s) symmetry computation started: requiring (bin +, int +, cont +), (fixed: bin -, int -, cont -)
   (0.0s) symmetry computation finished: 5 generators found (max: 1500, log10 of symmetry group size: 2.7)
(round 2, exhaustive) 7 del vars, 0 del conss, 5 add conss, 0 chg bounds, 0 chg sides, 0 chg coeffs, 342 upgd conss, 0 impls, 339 clqs
(round 3, fast)       16 del vars, 7 del conss, 5 add conss, 0 chg bounds, 0 chg sides, 0 chg coeffs, 342 upgd conss, 0 impls, 335 clqs
(round 4, medium)     17 del vars, 7 del conss, 5 add conss, 0 chg bounds, 0 chg sides, 0 chg coeffs, 342 upgd conss, 0 impls, 335 clqs
(round 5, fast)       18 del vars, 8 del conss, 5 add conss, 0 chg bounds, 0 chg sides, 0 chg coeffs, 342 upgd conss, 0 impls, 334 clqs
   (0.0s) probing: 57/342 (16.7%) - 0 fixings, 0 aggregations, 0 implications, 0 bound changes
   (0.0s) probing aborted: 50/50 successive totally useless probings
presolving (6 rounds: 6 fast, 4 medium, 3 exhaustive):
 18 deleted vars, 8 deleted constraints, 5 added constraints, 0 tightened bounds, 0 added holes, 0 changed sides, 0 changed coefficients
 0 implications, 334 cliques
presolved problem has 329 variables (329 bin, 0 int, 0 impl, 0 cont) and 339 constraints
    334 constraints of type <setppc>
      2 constraints of type <orbisack>
      2 constraints of type <orbitope>
      1 constraints of type <symretope>
transformed objective value is always integral (scale: 1)
Presolving Time: 0.01

 time | node  | left  |LP iter|LP it/n|mem/heur|mdpt |vars |cons |rows |cuts |sepa|confs|strbr|  dualbound   | primalbound  |  gap   | compl. 
  0.0s|     1 |     0 |   243 |     - |  5521k |   0 | 329 | 392 | 335 |   0 |  0 |  52 |   0 | 0.000000e+00 |      --      |    Inf | unknown
  0.1s|     1 |     0 |   502 |     - |  6115k |   0 | 329 | 593 | 339 |   4 |  1 |  53 |   0 | 0.000000e+00 |      --      |    Inf | unknown
  0.1s|     1 |     0 |   585 |     - |  7922k |   0 | 329 | 594 | 340 |   5 |  2 |  54 |   0 | 0.000000e+00 |      --      |    Inf | unknown
  0.1s|     1 |     0 |   715 |     - |  7991k |   0 | 329 | 595 | 342 |   7 |  3 |  55 |   0 | 0.000000e+00 |      --      |    Inf | unknown
  0.2s|     1 |     0 |   846 |     - |    10M |   0 | 329 | 599 | 344 |   9 |  4 |  59 |   0 | 0.000000e+00 |      --      |    Inf | unknown
  0.2s|     1 |     0 |   908 |     - |    12M |   0 | 329 | 600 | 345 |  10 |  5 |  60 |   0 | 0.000000e+00 |      --      |    Inf | unknown
  0.2s|     1 |     0 |  1055 |     - |    14M |   0 | 329 | 602 | 348 |  13 |  6 |  62 |   0 | 0.000000e+00 |      --      |    Inf | unknown
  0.3s|     1 |     0 |  1183 |     - |    16M |   0 | 329 | 604 | 351 |  16 |  7 |  64 |   0 | 0.000000e+00 |      --      |    Inf | unknown
  0.3s|     1 |     0 |  1251 |     - |    18M |   0 | 329 | 605 | 352 |  17 |  8 |  65 |   0 | 0.000000e+00 |      --      |    Inf | unknown
  0.4s|     1 |     0 |  1393 |     - |    20M |   0 | 329 | 606 | 355 |  20 |  9 |  66 |   0 | 0.000000e+00 |      --      |    Inf | unknown
  0.4s|     1 |     0 |  1497 |     - |    22M |   0 | 329 | 607 | 357 |  22 | 10 |  67 |   0 | 0.000000e+00 |      --      |    Inf | unknown
  0.4s|     1 |     0 |  1561 |     - |    22M |   0 | 329 | 611 | 360 |  25 | 11 |  71 |   0 | 0.000000e+00 |      --      |    Inf | unknown
  0.4s|     1 |     0 |  1633 |     - |    22M |   0 | 329 | 613 | 355 |  26 | 12 |  73 |   0 | 0.000000e+00 |      --      |    Inf | unknown
  0.6s|     1 |     2 |  2965 |     - |    22M |   0 | 329 | 633 | 355 |  26 | 12 |  93 |  11 | 0.000000e+00 |      --      |    Inf | unknown
  2.0s|   100 |    56 | 13952 | 124.4 |    26M |  16 | 329 | 946 | 346 |  69 |  1 | 406 |  11 | 0.000000e+00 |      --      |    Inf | unknown
 time | node  | left  |LP iter|LP it/n|mem/heur|mdpt |vars |cons |rows |cuts |sepa|confs|strbr|  dualbound   | primalbound  |  gap   | compl. 
  2.6s|   200 |    97 | 20499 |  94.8 |    30M |  16 | 329 |1341 | 348 | 130 |  1 | 804 |  11 | 0.000000e+00 |      --      |    Inf |   0.57%
  3.1s|   300 |   133 | 27870 |  87.7 |    35M |  19 | 329 |1775 | 349 | 184 |  0 |1238 |  11 | 0.000000e+00 |      --      |    Inf |   1.02%
  3.4s|   400 |   158 | 32746 |  78.0 |    32M |  19 | 329 |2111 | 348 | 214 |  0 |1574 |  11 | 0.000000e+00 |      --      |    Inf |   1.77%
  3.7s|   500 |   163 | 36491 |  69.9 |    32M |  19 | 329 |2334 | 348 | 236 |  0 |1802 |  11 | 0.000000e+00 |      --      |    Inf |   2.55%
  4.1s|   600 |   181 | 40818 |  65.4 |    32M |  19 | 329 |2668 | 348 | 236 |  1 |2164 |  11 | 0.000000e+00 |      --      |    Inf |   2.84%
  4.3s|   700 |   182 | 43711 |  60.2 |    32M |  19 | 329 |2776 | 348 | 244 |  1 |2377 |  11 | 0.000000e+00 |      --      |    Inf |   3.12%
  4.6s|   800 |   201 | 48313 |  58.4 |    33M |  19 | 329 |2998 | 351 | 273 |  0 |2773 |  11 | 0.000000e+00 |      --      |    Inf |   3.24%
  4.9s|   900 |   183 | 52450 |  56.5 |    33M |  19 | 329 |2977 | 350 | 281 |  0 |3131 |  11 | 0.000000e+00 |      --      |    Inf |   3.52%
  5.1s|  1000 |   183 | 55758 |  54.2 |    34M |  20 | 329 |2869 |   0 | 303 |  0 |3376 |  11 | 0.000000e+00 |      --      |    Inf |   3.82%
Restart triggered after 50 consecutive estimations that the remaining tree will be large
(run 1, node 1055) performing user restart

(restart) converted 13 cuts from the global cut pool into linear constraints

presolving:
(round 1, fast)       0 del vars, 94 del conss, 0 add conss, 0 chg bounds, 0 chg sides, 0 chg coeffs, 0 upgd conss, 0 impls, 345 clqs
(round 2, medium)     5 del vars, 94 del conss, 0 add conss, 0 chg bounds, 0 chg sides, 0 chg coeffs, 0 upgd conss, 0 impls, 334 clqs
(round 3, fast)       5 del vars, 106 del conss, 0 add conss, 0 chg bounds, 1 chg sides, 5 chg coeffs, 0 upgd conss, 0 impls, 334 clqs
(round 4, exhaustive) 5 del vars, 116 del conss, 5 add conss, 0 chg bounds, 1 chg sides, 5 chg coeffs, 0 upgd conss, 0 impls, 334 clqs
(round 5, exhaustive) 5 del vars, 121 del conss, 5 add conss, 0 chg bounds, 3 chg sides, 5 chg coeffs, 0 upgd conss, 0 impls, 334 clqs
(round 6, exhaustive) 5 del vars, 121 del conss, 5 add conss, 0 chg bounds, 3 chg sides, 5 chg coeffs, 208 upgd conss, 0 impls, 334 clqs
(round 7, exhaustive) 5 del vars, 125 del conss, 7 add conss, 0 chg bounds, 3 chg sides, 5 chg coeffs, 208 upgd conss, 0 impls, 334 clqs
(round 8, exhaustive) 5 del vars, 327 del conss, 7 add conss, 0 chg bounds, 3 chg sides, 400 chg coeffs, 208 upgd conss, 0 impls, 334 clqs
(round 9, exhaustive) 5 del vars, 333 del conss, 7 add conss, 0 chg bounds, 3 chg sides, 401 chg coeffs, 208 upgd conss, 0 impls, 334 clqs
(round 10, exhaustive) 5 del vars, 333 del conss, 7 add conss, 0 chg bounds, 3 chg sides, 1047 chg coeffs, 208 upgd conss, 0 impls, 334 clqs
(round 11, exhaustive) 5 del vars, 337 del conss, 7 add conss, 0 chg bounds, 3 chg sides, 1052 chg coeffs, 208 upgd conss, 0 impls, 334 clqs
presolving (12 rounds: 12 fast, 10 medium, 9 exhaustive):
 5 deleted vars, 337 deleted constraints, 7 added constraints, 0 tightened bounds, 0 added holes, 3 changed sides, 1052 changed coefficients
 0 implications, 334 cliques
presolved problem has 324 variables (324 bin, 0 int, 0 impl, 0 cont) and 2656 constraints
     94 constraints of type <knapsack>
    330 constraints of type <setppc>
     13 constraints of type <linear>
      2 constraints of type <orbisack>
      2 constraints of type <orbitope>
      1 constraints of type <symretope>
   2214 constraints of type <logicor>
transformed objective value is always integral (scale: 1)
Presolving Time: 0.12

 time | node  | left  |LP iter|LP it/n|mem/heur|mdpt |vars |cons |rows |cuts |sepa|confs|strbr|  dualbound   | primalbound  |  gap   | compl. 
  5.3s|     1 |     0 | 57217 |     - |    37M |   0 | 324 |2658 | 340 |   0 |  0 |3517 |  11 | 0.000000e+00 |      --      |    Inf | unknown
  5.6s|     1 |     0 | 57301 |     - |    37M |   0 | 324 |2836 | 346 |   6 |  1 |3519 |  11 | 0.000000e+00 |      --      |    Inf | unknown
  5.6s|     1 |     0 | 57364 |     - |    37M |   0 | 324 |2838 | 351 |  11 |  2 |3521 |  11 | 0.000000e+00 |      --      |    Inf | unknown
  5.7s|     1 |     0 | 57432 |     - |    37M |   0 | 324 |2848 | 355 |  15 |  3 |3531 |  11 | 0.000000e+00 |      --      |    Inf | unknown
  5.7s|     1 |     0 | 57506 |     - |    37M |   0 | 324 |2849 | 357 |  17 |  4 |3532 |  11 | 0.000000e+00 |      --      |    Inf | unknown
  5.8s|     1 |     0 | 57640 |     - |    37M |   0 | 324 |2850 | 360 |  20 |  5 |3533 |  11 | 0.000000e+00 |      --      |    Inf | unknown
  5.8s|     1 |     0 | 57754 |     - |    37M |   0 | 324 |2851 | 364 |  24 |  6 |3534 |  11 | 0.000000e+00 |      --      |    Inf | unknown
  5.8s|     1 |     0 | 57840 |     - |    37M |   0 | 324 |2853 | 367 |  27 |  7 |3536 |  11 | 0.000000e+00 |      --      |    Inf | unknown
  5.9s|     1 |     0 | 57925 |     - |    37M |   0 | 324 |2862 | 370 |  30 |  8 |3545 |  11 | 0.000000e+00 |      --      |    Inf | unknown
  5.9s|     1 |     0 | 58020 |     - |    38M |   0 | 324 |2863 | 372 |  32 |  9 |3546 |  11 | 0.000000e+00 |      --      |    Inf | unknown
  6.0s|     1 |     0 | 58140 |     - |    40M |   0 | 324 |2864 | 376 |  36 | 10 |3547 |  11 | 0.000000e+00 |      --      |    Inf | unknown
  6.0s|     1 |     0 | 58206 |     - |    40M |   0 | 324 |2866 | 378 |  38 | 11 |3549 |  11 | 0.000000e+00 |      --      |    Inf | unknown
  6.1s|     1 |     2 | 58424 |     - |    40M |   0 | 324 |2872 | 378 |  38 | 11 |3555 |  21 | 0.000000e+00 |      --      |    Inf | unknown
  7.1s|   100 |    22 | 63108 |  52.1 |    42M |  14 | 324 |3035 | 341 |  89 |  1 |3757 |  21 | 0.000000e+00 |      --      |    Inf |  11.63%
  8.1s|   200 |    31 | 68053 |  51.9 |    44M |  15 | 324 |3065 | 343 | 158 |  1 |3943 |  21 | 0.000000e+00 |      --      |    Inf |  23.02%
 time | node  | left  |LP iter|LP it/n|mem/heur|mdpt |vars |cons |rows |cuts |sepa|confs|strbr|  dualbound   | primalbound  |  gap   | compl. 
  9.1s|   300 |    28 | 73450 |  52.1 |    45M |  15 | 324 |3066 | 347 | 218 |  2 |4183 |  21 | 0.000000e+00 |      --      |    Inf |  34.61%
  9.3s|   400 |    30 | 77349 |  51.2 |    45M |  17 | 324 |3170 | 340 | 230 |  0 |4425 |  21 | 0.000000e+00 |      --      |    Inf |  35.32%
  9.9s|   500 |    39 | 81660 |  50.7 |    46M |  17 | 324 |3260 | 344 | 242 |  0 |4692 |  21 | 0.000000e+00 |      --      |    Inf |  35.68%
 10.2s|   600 |    52 | 86909 |  50.8 |    46M |  18 | 324 |3384 | 343 | 268 |  1 |4953 |  21 | 0.000000e+00 |      --      |    Inf |  35.91%
 10.5s|   700 |    58 | 89954 |  49.6 |    46M |  19 | 324 |3506 | 346 | 276 |  1 |5284 |  21 | 0.000000e+00 |      --      |    Inf |  36.06%
 10.9s|   800 |    77 | 94196 |  49.2 |    46M |  19 | 324 |3555 |   0 | 296 |  0 |5551 |  21 | 0.000000e+00 |      --      |    Inf |  36.53%
 11.2s|   900 |    94 | 98143 |  48.7 |    46M |  19 | 324 |3636 |   0 | 315 |  0 |5844 |  21 | 0.000000e+00 |      --      |    Inf |  36.67%
 11.4s|  1000 |    68 |100594 |  47.5 |    46M |  19 | 324 |3640 | 341 | 315 |  1 |6044 |  21 | 0.000000e+00 |      --      |    Inf |  36.91%
 11.7s|  1100 |    60 |104367 |  47.1 |    46M |  19 | 324 |3722 | 341 | 329 |  1 |6346 |  21 | 0.000000e+00 |      --      |    Inf |  37.29%
 12.2s|  1200 |    40 |107480 |  46.4 |    46M |  19 | 324 |3688 | 340 | 329 |  1 |6563 |  21 | 0.000000e+00 |      --      |    Inf |  37.50%
 12.8s|  1300 |    30 |112579 |  46.6 |    46M |  19 | 324 |3600 | 340 | 388 |  1 |6702 |  21 | 0.000000e+00 |      --      |    Inf |  42.67%
 13.2s|  1400 |    38 |117158 |  46.5 |    47M |  19 | 324 |3664 | 348 | 440 |  2 |6926 |  21 | 0.000000e+00 |      --      |    Inf |  43.40%
 13.7s|  1500 |    30 |121369 |  46.4 |    47M |  19 | 324 |3640 | 343 | 497 |  1 |7090 |  21 | 0.000000e+00 |      --      |    Inf |  44.35%
 14.6s|  1600 |    57 |125252 |  46.1 |    47M |  19 | 324 |3739 | 342 | 517 |  0 |7360 |  21 | 0.000000e+00 |      --      |    Inf |  53.87%
 15.3s|  1700 |    93 |130973 |  46.5 |    47M |  19 | 324 |3964 | 341 | 559 |  0 |7700 |  21 | 0.000000e+00 |      --      |    Inf |  54.21%
 time | node  | left  |LP iter|LP it/n|mem/heur|mdpt |vars |cons |rows |cuts |sepa|confs|strbr|  dualbound   | primalbound  |  gap   | compl. 
 15.8s|  1800 |   129 |136724 |  46.9 |    47M |  19 | 324 |4378 | 344 | 607 |  1 |8233 |  21 | 0.000000e+00 |      --      |    Inf |  54.64%
 16.2s|  1900 |   128 |141269 |  46.8 |    47M |  19 | 324 |4523 |   0 | 642 |  0 |8582 |  21 | 0.000000e+00 |      --      |    Inf |  55.04%
 16.6s|  2000 |   104 |144684 |  46.4 |    47M |  19 | 324 |4465 | 343 | 657 |  1 |8807 |  21 | 0.000000e+00 |      --      |    Inf |  55.60%
 16.8s|  2100 |    97 |146864 |  45.6 |    47M |  19 | 324 |4546 |   0 | 703 |  0 |9033 |  21 | 0.000000e+00 |      --      |    Inf |  56.58%
 17.1s|  2200 |    96 |148560 |  44.7 |    48M |  19 | 324 |4703 | 342 | 739 |  1 |9283 |  21 | 0.000000e+00 |      --      |    Inf |  57.36%
 17.4s|  2300 |    86 |152549 |  44.6 |    48M |  19 | 324 |4629 | 343 | 773 |  1 |9462 |  21 | 0.000000e+00 |      --      |    Inf |  58.06%
 17.7s|  2400 |    84 |155746 |  44.2 |    48M |  19 | 324 |4649 | 342 | 807 |  0 |9700 |  21 | 0.000000e+00 |      --      |    Inf |  58.88%
 18.4s|  2500 |    88 |159582 |  44.1 |    48M |  19 | 324 |4566 | 342 | 829 |  1 |9933 |  21 | 0.000000e+00 |      --      |    Inf |  62.70%
 18.7s|  2600 |   100 |164150 |  44.1 |    48M |  19 | 324 |4605 | 343 | 850 |  1 |  10k|  21 | 0.000000e+00 |      --      |    Inf |  63.03%
 19.0s|  2700 |   109 |168083 |  44.0 |    48M |  19 | 324 |4754 |   0 | 857 |  0 |  10k|  21 | 0.000000e+00 |      --      |    Inf |  63.22%
 19.2s|  2800 |   103 |170944 |  43.6 |    48M |  19 | 324 |4822 | 343 | 862 |  0 |  10k|  21 | 0.000000e+00 |      --      |    Inf |  63.47%
 19.6s|  2900 |   115 |175341 |  43.6 |    48M |  19 | 324 |4953 | 341 | 887 |  1 |  10k|  21 | 0.000000e+00 |      --      |    Inf |  63.91%
 19.8s|  3000 |   118 |178425 |  43.3 |    48M |  19 | 324 |5170 | 348 | 906 |  2 |  11k|  21 | 0.000000e+00 |      --      |    Inf |  64.07%
 20.1s|  3100 |   113 |181951 |  43.1 |    48M |  19 | 324 |5254 | 344 | 936 |  1 |  11k|  21 | 0.000000e+00 |      --      |    Inf |  64.64%
 20.4s|  3200 |   105 |186407 |  43.1 |    49M |  19 | 324 |5312 | 343 | 949 |  1 |  11k|  21 | 0.000000e+00 |      --      |    Inf |  64.92%
 time | node  | left  |LP iter|LP it/n|mem/heur|mdpt |vars |cons |rows |cuts |sepa|confs|strbr|  dualbound   | primalbound  |  gap   | compl. 
 20.7s|  3300 |   103 |189967 |  43.0 |    49M |  19 | 324 |5475 | 343 | 959 |  0 |  11k|  21 | 0.000000e+00 |      --      |    Inf |  65.11%
 21.2s|  3400 |   106 |193040 |  42.7 |    49M |  19 | 324 |5382 |   0 | 969 |  0 |  11k|  21 | 0.000000e+00 |      --      |    Inf |  65.50%
 21.5s|  3500 |   108 |195599 |  42.3 |    49M |  19 | 324 |5423 | 343 |1023 |  1 |  12k|  21 | 0.000000e+00 |      --      |    Inf |  66.26%
 21.9s|  3600 |   118 |198701 |  42.1 |    49M |  19 | 324 |5322 | 342 |1052 |  1 |  12k|  21 | 0.000000e+00 |      --      |    Inf |  66.86%
 22.2s|  3700 |   116 |202109 |  41.9 |    49M |  19 | 324 |5363 |   0 |1070 |  0 |  12k|  21 | 0.000000e+00 |      --      |    Inf |  67.18%
 22.5s|  3800 |   127 |205814 |  41.8 |    49M |  19 | 324 |5416 | 342 |1079 |  1 |  12k|  21 | 0.000000e+00 |      --      |    Inf |  67.43%
 22.9s|  3900 |   126 |210059 |  41.8 |    49M |  19 | 324 |5459 | 343 |1111 |  1 |  12k|  21 | 0.000000e+00 |      --      |    Inf |  67.90%
 23.1s|  4000 |   106 |212844 |  41.5 |    49M |  19 | 324 |5518 | 345 |1133 |  1 |  12k|  21 | 0.000000e+00 |      --      |    Inf |  68.31%
 23.4s|  4100 |    91 |216099 |  41.4 |    49M |  19 | 324 |5663 | 344 |1146 |  1 |  13k|  21 | 0.000000e+00 |      --      |    Inf |  69.17%
 24.0s|  4200 |   105 |220106 |  41.3 |    49M |  19 | 324 |5806 |   0 |1187 |  0 |  13k|  21 | 0.000000e+00 |      --      |    Inf |  69.65%
 24.2s|  4300 |   117 |222582 |  41.0 |    50M |  19 | 324 |6020 | 342 |1193 |  1 |  13k|  21 | 0.000000e+00 |      --      |    Inf |  69.99%
 24.5s|  4400 |    94 |225043 |  40.7 |    50M |  19 | 324 |6093 | 344 |1211 |  1 |  14k|  21 | 0.000000e+00 |      --      |    Inf |  70.43%
 24.7s|  4500 |    94 |227119 |  40.4 |    50M |  19 | 324 |6116 | 346 |1225 |  2 |  14k|  21 | 0.000000e+00 |      --      |    Inf |  70.75%
 25.1s|  4600 |    92 |230531 |  40.3 |    50M |  19 | 324 |6284 |   0 |1277 |  0 |  14k|  21 | 0.000000e+00 |      --      |    Inf |  71.79%
 25.4s|  4700 |    93 |233995 |  40.2 |    50M |  19 | 324 |6341 | 342 |1306 |  1 |  14k|  21 | 0.000000e+00 |      --      |    Inf |  72.23%
 time | node  | left  |LP iter|LP it/n|mem/heur|mdpt |vars |cons |rows |cuts |sepa|confs|strbr|  dualbound   | primalbound  |  gap   | compl. 
 25.7s|  4800 |    55 |236967 |  40.0 |    51M |  19 | 324 |6112 | 342 |1325 |  1 |  15k|  21 | 0.000000e+00 |      --      |    Inf |  73.14%
 27.1s|  4900 |    48 |243166 |  40.3 |    51M |  19 | 324 |5860 | 343 |1362 |  1 |  15k|  21 | 0.000000e+00 |      --      |    Inf |  77.36%
 27.5s|  5000 |    51 |248019 |  40.5 |    51M |  19 | 324 |5982 | 344 |1408 |  1 |  15k|  21 | 0.000000e+00 |      --      |    Inf |  78.08%
 28.0s|  5100 |    59 |253307 |  40.7 |    51M |  19 | 324 |6141 | 342 |1494 |  0 |  15k|  21 | 0.000000e+00 |      --      |    Inf |  79.00%
 28.5s|  5200 |    54 |257339 |  40.7 |    51M |  19 | 324 |6075 | 340 |1524 |  1 |  15k|  21 | 0.000000e+00 |      --      |    Inf |  81.47%
 29.0s|  5300 |    56 |260696 |  40.6 |    51M |  19 | 324 |6107 | 342 |1569 |  1 |  16k|  21 | 0.000000e+00 |      --      |    Inf |  83.70%
 29.5s|  5400 |    63 |265151 |  40.6 |    51M |  19 | 324 |6245 | 341 |1635 |  1 |  16k|  21 | 0.000000e+00 |      --      |    Inf |  85.31%
 29.7s|  5500 |    50 |267575 |  40.4 |    51M |  19 | 324 |6315 | 344 |1651 |  1 |  16k|  21 | 0.000000e+00 |      --      |    Inf |  86.11%
 30.4s|  5600 |    50 |271729 |  40.4 |    51M |  19 | 324 |6168 | 340 |1718 |  1 |  16k|  21 | 0.000000e+00 |      --      |    Inf |  87.62%
 30.7s|  5700 |    62 |276386 |  40.5 |    51M |  19 | 324 |6035 | 342 |1753 |  1 |  16k|  21 | 0.000000e+00 |      --      |    Inf |  88.20%
 31.0s|  5800 |    74 |279867 |  40.4 |    51M |  19 | 324 |6106 |   0 |1753 |  0 |  17k|  21 | 0.000000e+00 |      --      |    Inf |  89.39%
 31.7s|  5900 |    76 |284551 |  40.5 |    51M |  19 | 324 |6120 |   0 |1800 |  0 |  17k|  21 | 0.000000e+00 |      --      |    Inf |  90.11%
 32.1s|  6000 |    78 |288474 |  40.5 |    51M |  19 | 324 |6155 |   0 |1827 |  0 |  17k|  21 | 0.000000e+00 |      --      |    Inf |  90.42%
 32.3s|  6100 |    70 |291211 |  40.3 |    51M |  19 | 324 |6165 | 342 |1827 |  1 |  17k|  21 | 0.000000e+00 |      --      |    Inf |  91.09%
 32.7s|  6200 |    79 |295610 |  40.3 |    51M |  19 | 324 |6347 | 344 |1865 |  0 |  18k|  21 | 0.000000e+00 |      --      |    Inf |  91.55%
 time | node  | left  |LP iter|LP it/n|mem/heur|mdpt |vars |cons |rows |cuts |sepa|confs|strbr|  dualbound   | primalbound  |  gap   | compl. 
 33.1s|  6300 |    63 |299602 |  40.3 |    52M |  19 | 324 |6382 | 345 |1910 |  1 |  18k|  21 | 0.000000e+00 |      --      |    Inf |  92.55%
 33.4s|  6400 |    45 |303629 |  40.3 |    52M |  19 | 324 |6148 | 341 |1931 |  1 |  18k|  21 | 0.000000e+00 |      --      |    Inf |  93.42%
 33.8s|  6500 |    41 |307491 |  40.3 |    52M |  19 | 324 |6002 | 343 |1977 |  1 |  18k|  21 | 0.000000e+00 |      --      |    Inf |  94.16%
 34.1s|  6600 |    30 |310797 |  40.2 |    52M |  19 | 324 |5857 | 344 |2026 |  1 |  18k|  21 | 0.000000e+00 |      --      |    Inf |  95.06%
 34.6s|  6700 |    27 |315064 |  40.3 |    52M |  19 | 324 |5772 | 344 |2090 |  2 |  18k|  21 | 0.000000e+00 |      --      |    Inf |  96.30%
 35.0s|  6800 |    19 |319411 |  40.3 |    52M |  19 | 324 |5655 | 344 |2137 |  1 |  19k|  21 | 0.000000e+00 |      --      |    Inf |  97.57%
 35.4s|  6900 |    18 |323035 |  40.2 |    52M |  19 | 324 |5621 | 340 |2204 |  0 |  19k|  21 | 0.000000e+00 |      --      |    Inf |  98.71%
 35.8s|  7000 |     3 |327707 |  40.3 |    52M |  19 | 324 |5701 | 347 |2256 |  2 |  19k|  21 | 0.000000e+00 |      --      |    Inf |  99.80%

SCIP Status        : problem is solved [infeasible]
Solving Time (sec) : 35.92
Solving Nodes      : 7033 (total of 8088 nodes in 2 runs)
Primal Bound       : +1.00000000000000e+20 (0 solutions)
Dual Bound         : +1.00000000000000e+20
Gap                : 0.00 %
SCIP Status        : problem is solved [infeasible]
Total Time         :      35.92
  solving          :      35.92
  presolving       :       0.12 (included in solving)
  reading          :       0.00
  copying          :       0.45 (42 #copies) (minimal 0.00, maximal 0.02, average 0.01)
Original Problem   :
  Problem name     : model
  Variables        : 342 (342 binary, 0 integer, 0 implicit integer, 0 continuous)
  Constraints      : 342 initial, 342 maximal
  Objective        : minimize, 0 non-zeros (abs.min = 1e+20, abs.max = -1e+20)
Presolved Problem  :
  Problem name     : t_model
  Variables        : 324 (324 binary, 0 integer, 0 implicit integer, 0 continuous)
  Constraints      : 2656 initial, 6407 maximal
  Objective        : minimize, 0 non-zeros (abs.min = 1e+20, abs.max = -1e+20)
  Nonzeros         : 39728 constraint, 1009 clique table
Presolvers         :   ExecTime  SetupTime  Calls  FixedVars   AggrVars   ChgTypes  ChgBounds   AddHoles    DelCons    AddCons   ChgSides   ChgCoefs
  boundshift       :       0.00       0.00      0          0          0          0          0          0          0          0          0          0
  convertinttobin  :       0.00       0.00      0          0          0          0          0          0          0          0          0          0
  domcol           :       0.00       0.00      3          0          0          0          0          0          0          0          0          0
  dualagg          :       0.00       0.00      0          0          0          0          0          0          0          0          0          0
  dualcomp         :       0.00       0.00      0          0          0          0          0          0          0          0          0          0
  dualinfer        :       0.00       0.00      0          0          0          0          0          0          0          0          0          0
  dualsparsify     :       0.00       0.00      1          0          0          0          0          0          0          0          0          0
  gateextraction   :       0.01       0.00      9          0          0          0          0          0         14          7          0          0
  implics          :       0.00       0.00     14          0          0          0          0          0          0          0          0          0
  inttobinary      :       0.00       0.00      0          0          0          0          0          0          0          0          0          0
  qpkktref         :       0.00       0.00      0          0          0          0          0          0          0          0          0          0
  redvub           :       0.00       0.00      0          0          0          0          0          0          0          0          0          0
  sparsify         :       0.00       0.00      1          0          0          0          0          0          0          0          0          0
  stuffing         :       0.00       0.00      0          0          0          0          0          0          0          0          0          0
  trivial          :       0.00       0.00     18          5          0          0          0          0          0          0          0          0
  tworowbnd        :       0.00       0.00      0          0          0          0          0          0          0          0          0          0
  dualfix          :       0.00       0.00     18          0          0          0          0          0          0          0          0          0
  genvbounds       :       0.00       0.00      0          0          0          0          0          0          0          0          0          0
  probing          :       0.00       0.00      2          0          0          0          0          0          0          0          0          0
  pseudoobj        :       0.00       0.00      1          0          0          0          0          0          0          0          0          0
  symmetry         :       0.00       0.00      1          2          0          0          0          0          0          5          0          0
  vbounds          :       0.00       0.00      2          0          5          0          0          0          0          0          0          0
  knapsack         :       0.00       0.00     29          0          0          0          0          0          0          0          0          0
  setppc           :       0.00       0.00     39          0          5          0          0          0         25          0          1          0
  linear           :       0.00       0.00     21          0          0          0          0          0          4          0          2          0
  orbisack         :       0.00       0.00      6          0          0          0          0          0          0          0          0          0
  orbitope         :       0.00       0.00     12          1          0          0          0          0          0          0          0          0
  symretope        :       0.00       0.00      6          0          0          0          0          0          0          0          0          0
  logicor          :       0.07       0.01     27          0          0          0          0          0        302          0          0       1052
  benders          :       0.00       0.00      0          0          0          0          0          0          0          0          0          0
  components       :       0.00       0.00      2          0          0          0          0          0          0          0          0          0
  root node        :          -          -      -          2          -          -          2          -          -          -          -          -
Constraints        :     Number  MaxNumber  #Separate #Propagate    #EnfoLP    #EnfoRelax  #EnfoPS    #Check   #ResProp    Cutoffs    DomReds       Cuts    Applied      Conss   Children
  benderslp        :          0          0          0          0       4717          0          0          8          0          0          0          0          0          0          0
  integral         :          0          0          0          0       4717          0          0          8          0          0          0          0          0          0       9434
  knapsack         :         94+        97         11      86862          0          0          0          0      96670        993      59937          0          0          0          0
  setppc           :        330+       348         23      86638          0          0          0          3     313418       2009     206493          2          0          0          0
  linear           :         13+       199         24      83984          0          0          0          0       6031        179       5848          0          0          0          0
  orbisack         :          2          2          0        308          0          0          0          0       1065         37        295          0          0          0          0
  orbitope         :          2          2          0      84313          0          0          0          0       5114          7        439          0          0          0          0
  symretope        :          1          1          0       6187          0          0          0          0       5334        114        706          0          0          0          0
  logicor          :       2214+      5841         23      66362          0          0          0          0      77499       1292      48772          9          6          0          0
  benders          :          0          0          0          0          0          0          0          0          0          0          0          0          0          0          0
  countsols        :          0          0          0          0          0          0          0          0          0          0          0          0          0          0          0
  components       :          0          0          0          0          0          0          0          0          0          0          0          0          0          0          0
Constraint Timings :  TotalTime  SetupTime   Separate  Propagate     EnfoLP     EnfoPS     EnfoRelax   Check    ResProp    SB-Prop
  benderslp        :       0.00       0.00       0.00       0.00       0.00       0.00       0.00       0.00       0.00       0.00
  integral         :       0.35       0.00       0.00       0.00       0.35       0.00       0.00       0.00       0.00       0.00
  knapsack         :       2.16       0.00       0.03       2.05       0.00       0.00       0.00       0.00       0.08       0.00
  setppc           :       1.61       0.00       0.00       1.52       0.00       0.00       0.00       0.00       0.09       0.00
  linear           :       0.15       0.00       0.00       0.14       0.00       0.00       0.00       0.00       0.01       0.00
  orbisack         :       0.01       0.00       0.00       0.01       0.00       0.00       0.00       0.00       0.00       0.00
  orbitope         :       0.28       0.00       0.00       0.23       0.00       0.00       0.00       0.00       0.05       0.00
  symretope        :       0.24       0.00       0.00       0.12       0.00       0.00       0.00       0.00       0.11       0.00
  logicor          :       1.58       0.01       0.01       1.51       0.00       0.00       0.00       0.00       0.05       0.00
  benders          :       0.00       0.00       0.00       0.00       0.00       0.00       0.00       0.00       0.00       0.00
  countsols        :       0.00       0.00       0.00       0.00       0.00       0.00       0.00       0.00       0.00       0.00
  components       :       0.00       0.00       0.00       0.00       0.00       0.00       0.00       0.00       0.00       0.00
Propagators        : #Propagate   #ResProp    Cutoffs    DomReds
  dualfix          :          2          0          0          0
  genvbounds       :          0          0          0          0
  nlobbt           :          0          0          0          0
  obbt             :          0          0          0          0
  probing          :          0          0          0          0
  pseudoobj        :          0          0          0          0
  redcost          :          0          0          0          0
  rootredcost      :          0          0          0          0
  symmetry         :          0          0          0          0
  vbounds          :      69517          0          0          0
Propagator Timings :  TotalTime  SetupTime   Presolve  Propagate    ResProp    SB-Prop
  dualfix          :       0.00       0.00       0.00       0.00       0.00       0.00
  genvbounds       :       0.01       0.00       0.00       0.01       0.00       0.00
  nlobbt           :       0.00       0.00       0.00       0.00       0.00       0.00
  obbt             :       0.00       0.00       0.00       0.00       0.00       0.00
  probing          :       0.00       0.00       0.00       0.00       0.00       0.00
  pseudoobj        :       0.01       0.00       0.00       0.01       0.00       0.00
  redcost          :       0.00       0.00       0.00       0.00       0.00       0.00
  rootredcost      :       0.00       0.00       0.00       0.00       0.00       0.00
  symmetry         :       0.01       0.00       0.00       0.01       0.00       0.00
  vbounds          :       0.12       0.00       0.00       0.12       0.00       0.00
Orbital fixing     :
  vars fixed to 0  :          0
  vars fixed to 1  :          0
Conflict Analysis  :       Time      Calls    Success    DomReds  Conflicts   Literals    Reconvs ReconvLits   Dualrays   Nonzeros   LP Iters   (pool size: [10000,10000])
  propagation      :       0.48       4515       3808          -      23488       30.1        356       11.8          -          -          -
  infeasible LP    :       0.44       1960       1681          -      12315       25.3         73        8.8        772       32.0          0
  bound exceed. LP :       0.00          0          0          -          0        0.0          0        0.0          0        0.0          0
  strong branching :       0.00          0          0          -          0        0.0          0        0.0          -          -          0
  pseudo solution  :       0.00          0          0          -          0        0.0          0        0.0          -          -          -
  applied globally :       0.10          -          -          0      18614       18.8          -          -        658          -          -
  applied locally  :          -          -          -          0        259       45.3          -          -        114          -          -
Separators         :   ExecTime  SetupTime      Calls  RootCalls    Cutoffs    DomReds  FoundCuts ViaPoolAdd  DirectAdd    Applied ViaPoolApp  DirectApp      Conss
  cut pool         :       1.73          -       1943         44          -          -      31258      13294          -          -          -          -          -    (maximal pool size:       3800)
  aggregation      :       1.45       0.00       1054         23          0          0          2          0          2          1          0          1          0
  > cmir           :          -          -          -          -          -          -          -          0          1          1          0          1          -
  > flowcover      :          -          -          -          -          -          -          -          0          0          0          0          0          -
  > knapsackcover  :          -          -          -          -          -          -          -          0          1          0          0          0          -
  cgmip            :       0.00       0.00          0          0          0          0          0          0          0          0          0          0          0
  clique           :       0.01       0.00         23         23          0          0          0          0          0          0          0          0          0
  closecuts        :       0.00       0.00          0          0          0          0          0          0          0          0          0          0          0
  convexproj       :       0.00       0.00          0          0          0          0          0          0          0          0          0          0          0
  disjunctive      :       0.00       0.00          0          0          0          0          0          0          0          0          0          0          0
  eccuts           :       0.00       0.00          0          0          0          0          0          0          0          0          0          0          0
  gauge            :       0.00       0.00          0          0          0          0          0          0          0          0          0          0          0
  gomory           :       3.58       0.00       1051         20          0          0      45594      12971      14540       1402       1030        372          0
  > gomorymi       :          -          -          -          -          -          -          -       2633       7270        302         78        224          -
  > strongcg       :          -          -          -          -          -          -          -      10338       7270       1100        952        148          -
  impliedbounds    :       0.01       0.00       1054         23          0          0          6         17          0         17         17          0          0
  interminor       :       0.00       0.00          0          0          0          0          0          0          0          0          0          0          0
  intobj           :       0.00       0.00          0          0          0          0          0          0          0          0          0          0          0
  mcf              :       0.00       0.00          2          2          0          0          0          0          0          0          0          0          0
  minor            :       0.00       0.00          0          0          0          0          0          0          0          0          0          0          0
  mixing           :       0.00       0.00          0          0          0          0          0          0          0          0          0          0          0
  oddcycle         :       0.00       0.00          0          0          0          0          0          0          0          0          0          0          0
  rapidlearning    :       6.87       0.00         40          2          0       2642          0          0          0          0          0          0        726
  rlt              :       0.00       0.00         20         20          0          0          0          0          0          0          0          0          0
  zerohalf         :       0.55       0.00       1054         23          0          0       1549        306       1351       1146        200        946          0
Cutselectors       :   ExecTime  SetupTime      Calls  RootCalls   Selected     Forced   Filtered  RootSelec   RootForc   RootFilt 
  hybrid           :       0.03       0.00       1049         23       2572          0      26626         64          0       2394
Pricers            :   ExecTime  SetupTime      Calls       Vars
  problem variables:       0.00          -          0          0
Branching Rules    :   ExecTime  SetupTime   BranchLP  BranchExt   BranchPS    Cutoffs    DomReds       Cuts      Conss   Children
  allfullstrong    :       0.00       0.00          0          0          0          0          0          0          0          0
  cloud            :       0.00       0.00          0          0          0          0          0          0          0          0
  distribution     :       0.00       0.00          0          0          0          0          0          0          0          0
  fullstrong       :       0.00       0.00          0          0          0          0          0          0          0          0
  inference        :       0.00       0.00          0          0          0          0          0          0          0          0
  leastinf         :       0.00       0.00          0          0          0          0          0          0          0          0
  lookahead        :       0.00       0.00          0          0          0          0          0          0          0          0
  mostinf          :       0.00       0.00          0          0          0          0          0          0          0          0
  multaggr         :       0.00       0.00          0          0          0          0          0          0          0          0
  nodereopt        :       0.00       0.00          0          0          0          0          0          0          0          0
  pscost           :       0.00       0.00          0          0          0          0          0          0          0          0
  random           :       0.00       0.00          0          0          0          0          0          0          0          0
  relpscost        :       0.35       0.00       4717          0          0          0          0          0          0       9434
  vanillafullstrong:       0.00       0.00          0          0          0          0          0          0          0          0
Primal Heuristics  :   ExecTime  SetupTime      Calls      Found       Best
  LP solutions     :       0.00          -          -          0          0
  relax solutions  :       0.00          -          -          0          0
  pseudo solutions :       0.00          -          -          0          0
  strong branching :       0.00          -          -          0          0
  actconsdiving    :       0.00       0.00          0          0          0
  adaptivediving   :       0.25       0.00         77          0          0
  alns             :       0.02       0.00          2          0          0
  bound            :       0.00       0.00          0          0          0
  clique           :       0.00       0.00          1          0          0
  coefdiving       :       0.00       0.00          0          0          0
  completesol      :       0.00       0.00          0          0          0
  conflictdiving   :       0.39       0.00        146          0          0
  crossover        :       0.00       0.00          0          0          0
  dins             :       0.00       0.00          0          0          0
  distributiondivin:       0.48       0.00        148          0          0
  dps              :       0.00       0.00          0          0          0
  dualval          :       0.00       0.00          0          0          0
  farkasdiving     :       0.00       0.00          0          0          0
  feaspump         :       0.02       0.00          2          0          0
  fixandinfer      :       0.00       0.00          0          0          0
  fracdiving       :       0.29       0.00        149          0          0
  gins             :       0.00       0.00          0          0          0
  guideddiving     :       0.00       0.00          0          0          0
  indicator        :       0.00       0.00          0          0          0
  intdiving        :       0.00       0.00          0          0          0
  intshifting      :       0.00       0.00          0          0          0
  linesearchdiving :       0.48       0.00        138          0          0
  localbranching   :       0.00       0.00          0          0          0
  locks            :       0.00       0.00          1          0          0
  lpface           :       0.01       0.00          0          0          0
  mpec             :       0.00       0.00          0          0          0
  multistart       :       0.00       0.00          0          0          0
  mutation         :       0.00       0.00          0          0          0
  nlpdiving        :       0.00       0.00          0          0          0
  objpscostdiving  :       0.16       0.00         13          0          0
  octane           :       0.00       0.00          0          0          0
  ofins            :       0.00       0.00          0          0          0
  oneopt           :       0.00       0.00          0          0          0
  padm             :       0.00       0.00          0          0          0
  proximity        :       0.00       0.00          0          0          0
  pscostdiving     :       0.32       0.00        148          0          0
  randrounding     :       0.04       0.00         25          0          0
  rens             :       0.00       0.00          0          0          0
  reoptsols        :       0.00       0.00          0          0          0
  repair           :       0.00       0.00          0          0          0
  rins             :       0.00       0.00          0          0          0
  rootsoldiving    :       0.25       0.00         18          0          0
  rounding         :       0.05       0.00       1026          0          0
  shiftandpropagate:       0.00       0.00          2          0          0
  shifting         :       0.05       0.00        507          0          0
  simplerounding   :       0.00       0.00          0          0          0
  subnlp           :       0.00       0.00          0          0          0
  trivial          :       0.00       0.00          2          0          0
  trivialnegation  :       0.00       0.00          0          0          0
  trustregion      :       0.00       0.00          0          0          0
  trysol           :       0.00       0.00          0          0          0
  twoopt           :       0.00       0.00          0          0          0
  undercover       :       0.00       0.00          0          0          0
  vbounds          :       0.00       0.00          2          0          0
  veclendiving     :       0.35       0.00        148          0          0
  zeroobj          :       0.00       0.00          0          0          0
  zirounding       :       0.01       0.00       1000          0          0
  other solutions  :          -          -          -          0          -
LP                 :       Time      Calls Iterations  Iter/call   Iter/sec  Time-0-It Calls-0-It    ItLimit
  primal LP        :       0.47        450          0       0.00       0.00       0.47        450
  dual LP          :       9.25       7547     303500      40.49   32823.55       0.01         51
  lex dual LP      :       0.00          0          0       0.00          -
  barrier LP       :       0.00          0          0       0.00          -       0.00          0
  resolve instable :       0.00          0          0       0.00          -
  diving/probing LP:       0.90        688      25624      37.24   28555.57
  strong branching :       0.21         21       5905     281.19   28376.87          -          -          0
    (at root node) :          -         21       5905     281.19          -
  conflict analysis:       0.00          0          0       0.00          -
B&B Tree           :
  number of runs   :          2
  nodes            :       7033 (4055 internal, 2978 leaves)
  feasible leaves  :          0
  infeas. leaves   :       2978
  objective leaves :          0
  nodes (total)    :       8088 (4717 internal, 3371 leaves)
  nodes left       :          0
  max depth        :         19
  max depth (total):         20
  backtracks       :       2786 (39.6%)
  early backtracks :          0 (0.0%)
  nodes exc. ref.  :          0 (0.0%)
  delayed cutoffs  :       1078
  repropagations   :       3488 (79059 domain reductions, 878 cutoffs)
  avg switch length:       4.09
  switching time   :       2.45
Root Node          :
  First LP value   : +0.00000000000000e+00
  First LP Iters   :        243 (51823.42 Iter/sec)
  First LP Time    :       0.00
  Final Dual Bound : +0.00000000000000e+00
  Final Root Iters :       2944
  Root LP Estimate : +9.38517838260131e-03
Solution           :
  Solutions found  :          0 (0 improvements)
  Primal Bound     : infeasible
  Dual Bound       :          -
  Gap              :       0.00 %
Integrals          :      Total       Avg%
  primal-dual      :          -          - (problem infeasible)
  primal-ref       :          -          - (problem infeasible)
  dual-ref         :          -          - (problem infeasible)
written solution information to file <results/final_flowersnark__settings_final_peek_relabel_respect__1__flowersnark19_3.cip.sol>
@04 1667947636
