FILENAME:   ../instances_new/flowersnark/flowersnark23_3.cip
SETTINGS:   settings_final_nopeek_norelabel
TIMELIMIT:  7200
OUTPUTNAME: final_flowersnark__settings_final_nopeek_norelabel__4__
BINNAME:    bin/sbcs.linux.x86_64.gnu.opt.cpx
BASENAME:   flowersnark23_3.cip
SEED:       4
@01 ../instances_new/flowersnark/flowersnark23_3.cip ===========
@02 flowersnark23_3.cip
@03 1668020660
SCIP version 8.0.2 [precision: 8 byte] [memory: block] [mode: optimized] [LP solver: CPLEX 20.1.0.0] [GitHash: 5f0473c]
Copyright (C) 2002-2022 Konrad-Zuse-Zentrum fuer Informationstechnik Berlin (ZIB)

Symretope propagation methods - (c) Jasper van Doornmalen, Christopher Hojny.
[GitHash: 2fd0484]

reading parameter file <../settings/settings_final_nopeek_norelabel.set> ...

Changed settings:
limits/time = 7200
misc/usesymmetry = 1
randomization/randomseedshift = 4
constraints/orbisack/sepafreq = -1
constraints/symresack/sepafreq = -1
propagating/symmetry/addsymresacks = TRUE
propagating/symmetry/detectsubgroups = FALSE
propagating/symmetry/relabelsymretopes = 0
propagating/symmetry/ofsymcomptiming = 0
constraints/symretope/sepafreq = -1
constraints/symretope/peek = FALSE


solving problem ...

original problem has 414 variables (414 bin, 0 int, 0 impl, 0 cont) and 414 constraints
presolving:
(round 1, exhaustive) 0 del vars, 0 del conss, 0 add conss, 0 chg bounds, 0 chg sides, 0 chg coeffs, 414 upgd conss, 0 impls, 414 clqs
   (0.0s) probing: 51/414 (12.3%) - 0 fixings, 0 aggregations, 0 implications, 0 bound changes
   (0.0s) probing aborted: 50/50 successive totally useless probings
   (0.0s) symmetry computation started: requiring (bin +, int +, cont +), (fixed: bin -, int -, cont -)
   (0.0s) symmetry computation finished: 5 generators found (max: 1500, log10 of symmetry group size: 2.7)
(round 2, exhaustive) 7 del vars, 0 del conss, 5 add conss, 0 chg bounds, 0 chg sides, 0 chg coeffs, 414 upgd conss, 0 impls, 411 clqs
(round 3, fast)       16 del vars, 7 del conss, 5 add conss, 0 chg bounds, 0 chg sides, 0 chg coeffs, 414 upgd conss, 0 impls, 407 clqs
(round 4, medium)     22 del vars, 7 del conss, 5 add conss, 0 chg bounds, 0 chg sides, 0 chg coeffs, 414 upgd conss, 0 impls, 403 clqs
(round 5, fast)       31 del vars, 15 del conss, 5 add conss, 0 chg bounds, 0 chg sides, 0 chg coeffs, 414 upgd conss, 0 impls, 399 clqs
   (0.0s) probing: 56/414 (13.5%) - 0 fixings, 0 aggregations, 0 implications, 0 bound changes
   (0.0s) probing aborted: 50/50 successive totally useless probings
presolving (6 rounds: 6 fast, 4 medium, 3 exhaustive):
 31 deleted vars, 15 deleted constraints, 5 added constraints, 0 tightened bounds, 0 added holes, 0 changed sides, 0 changed coefficients
 0 implications, 399 cliques
presolved problem has 393 variables (393 bin, 0 int, 0 impl, 0 cont) and 404 constraints
    399 constraints of type <setppc>
      2 constraints of type <orbisack>
      2 constraints of type <orbitope>
      1 constraints of type <symretope>
transformed objective value is always integral (scale: 1)
Presolving Time: 0.01

 time | node  | left  |LP iter|LP it/n|mem/heur|mdpt |vars |cons |rows |cuts |sepa|confs|strbr|  dualbound   | primalbound  |  gap   | compl. 
  0.0s|     1 |     0 |   146 |     - |  6700k |   0 | 393 | 432 | 399 |   0 |  0 |  27 |   0 | 0.000000e+00 |      --      |    Inf | unknown
  0.1s|     1 |     0 |   708 |     - |  7978k |   0 | 393 | 633 | 402 |   3 |  1 |  28 |   0 | 0.000000e+00 |      --      |    Inf | unknown
  0.2s|     1 |     0 |   825 |     - |  9533k |   0 | 393 | 636 | 404 |   5 |  2 |  31 |   0 | 0.000000e+00 |      --      |    Inf | unknown
  0.2s|     1 |     0 |   957 |     - |    11M |   0 | 393 | 637 | 406 |   7 |  4 |  32 |   0 | 0.000000e+00 |      --      |    Inf | unknown
  0.3s|     1 |     0 |  1049 |     - |    13M |   0 | 393 | 638 | 410 |  11 |  5 |  33 |   0 | 0.000000e+00 |      --      |    Inf | unknown
  0.3s|     1 |     0 |  1136 |     - |    15M |   0 | 393 | 639 | 413 |  14 |  6 |  34 |   0 | 0.000000e+00 |      --      |    Inf | unknown
  0.3s|     1 |     0 |  1209 |     - |    18M |   0 | 393 | 642 | 416 |  17 |  7 |  37 |   0 | 0.000000e+00 |      --      |    Inf | unknown
  0.4s|     1 |     0 |  1307 |     - |    20M |   0 | 393 | 643 | 419 |  20 |  8 |  38 |   0 | 0.000000e+00 |      --      |    Inf | unknown
  0.4s|     1 |     0 |  1386 |     - |    22M |   0 | 393 | 644 | 421 |  22 |  9 |  39 |   0 | 0.000000e+00 |      --      |    Inf | unknown
  0.5s|     1 |     0 |  1517 |     - |    23M |   0 | 393 | 646 | 424 |  25 | 10 |  41 |   0 | 0.000000e+00 |      --      |    Inf | unknown
  0.5s|     1 |     0 |  1629 |     - |    25M |   0 | 393 | 647 | 427 |  28 | 11 |  42 |   0 | 0.000000e+00 |      --      |    Inf | unknown
  0.7s|     1 |     2 |  1762 |     - |    25M |   0 | 393 | 656 | 427 |  28 | 11 |  51 |  11 | 0.000000e+00 |      --      |    Inf | unknown
  1.7s|   100 |    36 |  9105 |  75.5 |    28M |  17 | 393 | 920 | 414 |  50 |  1 | 316 |  11 | 0.000000e+00 |      --      |    Inf |  18.90%
  1.9s|   200 |    55 | 13396 |  59.1 |    28M |  19 | 393 |1227 | 414 |  50 |  0 | 623 |  11 | 0.000000e+00 |      --      |    Inf |  18.95%
  2.2s|   300 |    55 | 17499 |  53.1 |    28M |  20 | 393 |1547 |   0 |  57 |  0 | 943 |  11 | 0.000000e+00 |      --      |    Inf |  19.03%
 time | node  | left  |LP iter|LP it/n|mem/heur|mdpt |vars |cons |rows |cuts |sepa|confs|strbr|  dualbound   | primalbound  |  gap   | compl. 
  2.3s|   400 |    55 | 21274 |  49.2 |    28M |  20 | 393 |1761 | 413 |  57 |  0 |1157 |  11 | 0.000000e+00 |      --      |    Inf |  19.08%
  2.6s|   500 |    59 | 25069 |  47.0 |    29M |  20 | 393 |1939 | 413 |  61 |  0 |1336 |  11 | 0.000000e+00 |      --      |    Inf |  19.10%
  2.8s|   600 |    49 | 27759 |  43.6 |    29M |  20 | 393 |2246 | 413 |  61 |  1 |1645 |  11 | 0.000000e+00 |      --      |    Inf |  19.18%
  3.0s|   700 |    57 | 30827 |  41.8 |    29M |  20 | 393 |2459 | 413 |  61 |  1 |1869 |  11 | 0.000000e+00 |      --      |    Inf |  19.21%
  3.2s|   800 |    55 | 33218 |  39.5 |    30M |  20 | 393 |2626 | 415 |  66 |  1 |2051 |  11 | 0.000000e+00 |      --      |    Inf |  19.29%
  3.4s|   900 |    72 | 37746 |  40.2 |    31M |  20 | 393 |2850 | 413 |  78 |  0 |2306 |  11 | 0.000000e+00 |      --      |    Inf |  19.38%
Restart triggered after 50 consecutive estimations that the remaining tree will be large
(run 1, node 979) performing user restart

(restart) converted 12 cuts from the global cut pool into linear constraints

presolving:
(round 1, fast)       0 del vars, 42 del conss, 0 add conss, 0 chg bounds, 0 chg sides, 0 chg coeffs, 0 upgd conss, 0 impls, 402 clqs
(round 2, medium)     3 del vars, 42 del conss, 0 add conss, 0 chg bounds, 0 chg sides, 0 chg coeffs, 0 upgd conss, 0 impls, 397 clqs
(round 3, fast)       3 del vars, 48 del conss, 0 add conss, 0 chg bounds, 0 chg sides, 0 chg coeffs, 0 upgd conss, 0 impls, 397 clqs
(round 4, exhaustive) 3 del vars, 59 del conss, 5 add conss, 0 chg bounds, 0 chg sides, 0 chg coeffs, 0 upgd conss, 0 impls, 397 clqs
(round 5, exhaustive) 3 del vars, 68 del conss, 5 add conss, 0 chg bounds, 7 chg sides, 0 chg coeffs, 0 upgd conss, 0 impls, 397 clqs
(round 6, exhaustive) 3 del vars, 68 del conss, 5 add conss, 0 chg bounds, 7 chg sides, 0 chg coeffs, 205 upgd conss, 0 impls, 397 clqs
(round 7, exhaustive) 3 del vars, 76 del conss, 9 add conss, 0 chg bounds, 7 chg sides, 0 chg coeffs, 205 upgd conss, 0 impls, 397 clqs
(round 8, exhaustive) 3 del vars, 245 del conss, 9 add conss, 0 chg bounds, 7 chg sides, 288 chg coeffs, 205 upgd conss, 0 impls, 397 clqs
(round 9, exhaustive) 3 del vars, 253 del conss, 9 add conss, 0 chg bounds, 7 chg sides, 288 chg coeffs, 205 upgd conss, 0 impls, 397 clqs
(round 10, exhaustive) 3 del vars, 253 del conss, 9 add conss, 0 chg bounds, 7 chg sides, 313 chg coeffs, 205 upgd conss, 0 impls, 397 clqs
presolving (11 rounds: 11 fast, 9 medium, 8 exhaustive):
 3 deleted vars, 253 deleted constraints, 9 added constraints, 0 tightened bounds, 0 added holes, 7 changed sides, 313 changed coefficients
 0 implications, 397 cliques
presolved problem has 390 variables (390 bin, 0 int, 0 impl, 0 cont) and 2800 constraints
     92 constraints of type <knapsack>
    394 constraints of type <setppc>
     12 constraints of type <linear>
      2 constraints of type <orbisack>
      2 constraints of type <orbitope>
      1 constraints of type <symretope>
   2297 constraints of type <logicor>
transformed objective value is always integral (scale: 1)
Presolving Time: 0.12

 time | node  | left  |LP iter|LP it/n|mem/heur|mdpt |vars |cons |rows |cuts |sepa|confs|strbr|  dualbound   | primalbound  |  gap   | compl. 
  3.7s|     1 |     0 | 41347 |     - |    31M |   0 | 390 |2802 | 405 |   0 |  0 |2510 |  11 | 0.000000e+00 |      --      |    Inf | unknown
  4.1s|     1 |     0 | 41409 |     - |    32M |   0 | 390 |2975 | 408 |   3 |  1 |2512 |  11 | 0.000000e+00 |      --      |    Inf | unknown
  4.1s|     1 |     0 | 41516 |     - |    32M |   0 | 390 |2980 | 410 |   5 |  2 |2517 |  11 | 0.000000e+00 |      --      |    Inf | unknown
  4.1s|     1 |     0 | 41560 |     - |    32M |   0 | 390 |2981 | 411 |   6 |  3 |2518 |  11 | 0.000000e+00 |      --      |    Inf | unknown
  4.1s|     1 |     0 | 41612 |     - |    32M |   0 | 390 |2982 | 414 |   9 |  4 |2519 |  11 | 0.000000e+00 |      --      |    Inf | unknown
  4.2s|     1 |     0 | 41699 |     - |    32M |   0 | 390 |2984 | 417 |  12 |  5 |2521 |  11 | 0.000000e+00 |      --      |    Inf | unknown
  4.2s|     1 |     0 | 41775 |     - |    32M |   0 | 390 |2989 | 418 |  13 |  6 |2526 |  11 | 0.000000e+00 |      --      |    Inf | unknown
  4.2s|     1 |     0 | 41859 |     - |    32M |   0 | 390 |2991 | 419 |  14 |  7 |2528 |  11 | 0.000000e+00 |      --      |    Inf | unknown
  4.3s|     1 |     0 | 41941 |     - |    32M |   0 | 390 |2993 | 420 |  15 |  8 |2530 |  11 | 0.000000e+00 |      --      |    Inf | unknown
  4.3s|     1 |     0 | 42041 |     - |    32M |   0 | 390 |2994 | 423 |  18 |  9 |2531 |  11 | 0.000000e+00 |      --      |    Inf | unknown
  4.3s|     1 |     0 | 42181 |     - |    32M |   0 | 390 |2995 | 424 |  19 | 10 |2532 |  11 | 0.000000e+00 |      --      |    Inf | unknown
  4.4s|     1 |     2 | 42181 |     - |    32M |   0 | 390 |2998 | 424 |  19 | 11 |2535 |  22 | 0.000000e+00 |      --      |    Inf | unknown
  5.7s|   100 |    63 | 50202 |  43.9 |    33M |  18 | 390 |3449 | 403 |  39 |  1 |3001 |  22 | 0.000000e+00 |      --      |    Inf |   2.05%
  6.9s|   200 |   120 | 58344 |  47.1 |    36M |  20 | 390 |3918 | 404 |  86 |  1 |3522 |  22 | 0.000000e+00 |      --      |    Inf |   2.19%
  7.5s|   300 |   157 | 63596 |  47.5 |    37M |  20 | 390 |4020 |   0 | 103 |  0 |3831 |  22 | 0.000000e+00 |      --      |    Inf |   2.32%
 time | node  | left  |LP iter|LP it/n|mem/heur|mdpt |vars |cons |rows |cuts |sepa|confs|strbr|  dualbound   | primalbound  |  gap   | compl. 
  8.2s|   400 |   174 | 67689 |  47.0 |    37M |  20 | 390 |3842 | 403 | 113 |  1 |4088 |  22 | 0.000000e+00 |      --      |    Inf |   2.38%
  8.9s|   500 |   211 | 72631 |  47.2 |    39M |  20 | 390 |3623 | 403 | 139 |  1 |4333 |  22 | 0.000000e+00 |      --      |    Inf |   2.60%
  9.7s|   600 |   217 | 78177 |  47.7 |    39M |  20 | 390 |3552 | 403 | 168 |  0 |4582 |  22 | 0.000000e+00 |      --      |    Inf |   3.86%
 10.5s|   700 |   227 | 81832 |  47.1 |    39M |  20 | 390 |3325 | 400 | 168 |  1 |4836 |  22 | 0.000000e+00 |      --      |    Inf |   4.22%
 10.9s|   800 |   219 | 86391 |  47.0 |    39M |  20 | 390 |3142 | 403 | 183 |  1 |5017 |  22 | 0.000000e+00 |      --      |    Inf |  10.51%
 11.4s|   900 |   232 | 91381 |  47.1 |    39M |  20 | 390 |3021 | 403 | 203 |  1 |5270 |  22 | 0.000000e+00 |      --      |    Inf |  10.69%
 11.8s|  1000 |   260 | 96022 |  47.1 |    39M |  20 | 390 |3074 |   0 | 230 |  0 |5572 |  22 | 0.000000e+00 |      --      |    Inf |  11.00%
 12.8s|  1100 |   284 |102264 |  47.8 |    39M |  20 | 390 |2894 | 413 | 279 |  3 |5735 |  22 | 0.000000e+00 |      --      |    Inf |  11.59%
 13.4s|  1200 |   314 |107044 |  47.8 |    39M |  20 | 390 |2901 | 403 | 298 |  1 |6017 |  22 | 0.000000e+00 |      --      |    Inf |  18.27%
 14.0s|  1300 |   323 |111020 |  47.5 |    39M |  20 | 390 |2880 | 403 | 315 |  0 |6249 |  22 | 0.000000e+00 |      --      |    Inf |  18.33%
 14.3s|  1400 |   328 |113971 |  46.7 |    39M |  20 | 390 |3002 |   0 | 325 |  0 |6461 |  22 | 0.000000e+00 |      --      |    Inf |  18.45%
 14.7s|  1500 |   350 |119117 |  46.9 |    39M |  20 | 390 |3013 | 401 | 358 |  1 |6703 |  22 | 0.000000e+00 |      --      |    Inf |  18.87%
 15.0s|  1600 |   348 |121993 |  46.2 |    39M |  20 | 390 |3135 | 406 | 358 |  1 |6997 |  22 | 0.000000e+00 |      --      |    Inf |  18.98%
 15.3s|  1700 |   358 |126478 |  46.2 |    40M |  20 | 390 |3160 | 403 | 368 |  1 |7178 |  22 | 0.000000e+00 |      --      |    Inf |  19.06%
 15.8s|  1800 |   359 |130302 |  45.9 |    40M |  20 | 390 |3278 | 403 | 388 |  0 |7419 |  22 | 0.000000e+00 |      --      |    Inf |  19.14%
 time | node  | left  |LP iter|LP it/n|mem/heur|mdpt |vars |cons |rows |cuts |sepa|confs|strbr|  dualbound   | primalbound  |  gap   | compl. 
 16.0s|  1900 |   372 |133777 |  45.5 |    40M |  20 | 390 |3561 |   0 | 388 |  0 |7815 |  22 | 0.000000e+00 |      --      |    Inf |  19.48%
 16.4s|  2000 |   368 |136736 |  45.0 |    40M |  20 | 390 |3544 | 403 | 392 |  1 |8053 |  22 | 0.000000e+00 |      --      |    Inf |  19.65%
 16.7s|  2100 |   380 |140130 |  44.6 |    40M |  20 | 390 |3655 | 403 | 392 |  1 |8279 |  22 | 0.000000e+00 |      --      |    Inf |  19.68%
 17.0s|  2200 |   397 |144253 |  44.5 |    40M |  20 | 390 |3781 | 403 | 395 |  0 |8536 |  22 | 0.000000e+00 |      --      |    Inf |  19.80%
 17.4s|  2300 |   423 |148342 |  44.4 |    40M |  20 | 390 |3859 |   0 | 417 |  0 |8795 |  22 | 0.000000e+00 |      --      |    Inf |  20.03%
 17.6s|  2400 |   419 |151656 |  44.0 |    40M |  20 | 390 |4033 |   0 | 417 |  0 |9063 |  22 | 0.000000e+00 |      --      |    Inf |  20.10%
 18.1s|  2500 |   437 |157116 |  44.3 |    41M |  20 | 390 |3992 | 402 | 461 |  1 |9297 |  22 | 0.000000e+00 |      --      |    Inf |  20.56%
 18.4s|  2600 |   470 |160168 |  44.0 |    41M |  20 | 390 |4183 | 403 | 475 |  1 |9725 |  22 | 0.000000e+00 |      --      |    Inf |  20.73%
 18.7s|  2700 |   478 |163349 |  43.6 |    41M |  20 | 390 |4211 | 402 | 485 |  0 |9925 |  22 | 0.000000e+00 |      --      |    Inf |  20.84%
 19.2s|  2800 |   481 |168209 |  43.8 |    41M |  20 | 390 |4044 | 402 | 501 |  1 |  10k|  22 | 0.000000e+00 |      --      |    Inf |  21.59%
 19.9s|  2900 |   498 |171668 |  43.5 |    41M |  20 | 390 |4048 |   0 | 509 |  0 |  10k|  22 | 0.000000e+00 |      --      |    Inf |  21.69%
 20.1s|  3000 |   503 |174752 |  43.2 |    42M |  20 | 390 |3942 | 402 | 518 |  1 |  10k|  22 | 0.000000e+00 |      --      |    Inf |  22.07%
 20.7s|  3100 |   514 |177960 |  42.9 |    42M |  20 | 390 |3998 | 401 | 521 |  1 |  10k|  22 | 0.000000e+00 |      --      |    Inf |  22.09%
 21.1s|  3200 |   522 |182443 |  43.0 |    42M |  20 | 390 |3975 |   0 | 534 |  0 |  11k|  22 | 0.000000e+00 |      --      |    Inf |  22.25%
 21.9s|  3300 |   557 |186211 |  42.9 |    42M |  20 | 390 |4104 | 401 | 553 |  1 |  11k|  22 | 0.000000e+00 |      --      |    Inf |  22.36%
 time | node  | left  |LP iter|LP it/n|mem/heur|mdpt |vars |cons |rows |cuts |sepa|confs|strbr|  dualbound   | primalbound  |  gap   | compl. 
 22.4s|  3400 |   584 |190339 |  42.8 |    42M |  25 | 390 |4310 | 401 | 558 |  1 |  11k|  22 | 0.000000e+00 |      --      |    Inf |  22.37%
 22.7s|  3500 |   602 |194997 |  42.9 |    43M |  26 | 390 |4404 | 402 | 571 |  1 |  12k|  22 | 0.000000e+00 |      --      |    Inf |  22.60%
 23.0s|  3600 |   618 |198925 |  42.8 |    43M |  26 | 390 |4471 | 401 | 572 |  1 |  12k|  22 | 0.000000e+00 |      --      |    Inf |  22.64%
 23.3s|  3700 |   629 |202757 |  42.7 |    43M |  26 | 390 |4520 | 401 | 572 |  1 |  12k|  22 | 0.000000e+00 |      --      |    Inf |  22.70%
 23.6s|  3800 |   625 |206121 |  42.5 |    43M |  26 | 390 |4395 | 401 | 576 |  1 |  12k|  22 | 0.000000e+00 |      --      |    Inf |  22.93%
 24.0s|  3900 |   646 |211113 |  42.7 |    43M |  26 | 390 |4189 | 403 | 603 |  1 |  12k|  22 | 0.000000e+00 |      --      |    Inf |  23.95%
 24.3s|  4000 |   654 |214145 |  42.4 |    43M |  26 | 390 |4168 | 404 | 619 |  1 |  12k|  22 | 0.000000e+00 |      --      |    Inf |  24.40%
 24.6s|  4100 |   642 |217062 |  42.2 |    43M |  26 | 390 |4133 | 403 | 619 |  1 |  13k|  22 | 0.000000e+00 |      --      |    Inf |  24.53%
 24.9s|  4200 |   661 |222090 |  42.3 |    43M |  26 | 390 |4212 | 404 | 625 |  2 |  13k|  22 | 0.000000e+00 |      --      |    Inf |  24.59%
 25.4s|  4300 |   707 |226800 |  42.4 |    43M |  26 | 390 |4120 | 402 | 653 |  1 |  13k|  22 | 0.000000e+00 |      --      |    Inf |  24.71%
 25.7s|  4400 |   713 |229485 |  42.1 |    43M |  26 | 390 |4188 | 401 | 656 |  1 |  14k|  22 | 0.000000e+00 |      --      |    Inf |  24.84%
 26.1s|  4500 |   738 |233320 |  42.1 |    44M |  26 | 390 |4196 | 403 | 680 |  1 |  14k|  22 | 0.000000e+00 |      --      |    Inf |  25.31%
 26.4s|  4600 |   746 |236601 |  41.9 |    44M |  26 | 390 |4314 | 400 | 698 |  0 |  14k|  22 | 0.000000e+00 |      --      |    Inf |  25.64%
 26.7s|  4700 |   757 |240335 |  41.8 |    44M |  26 | 390 |4310 | 402 | 704 |  1 |  14k|  22 | 0.000000e+00 |      --      |    Inf |  26.04%
 26.9s|  4800 |   774 |243952 |  41.7 |    44M |  26 | 390 |4457 | 402 | 706 |  1 |  15k|  22 | 0.000000e+00 |      --      |    Inf |  26.16%
 time | node  | left  |LP iter|LP it/n|mem/heur|mdpt |vars |cons |rows |cuts |sepa|confs|strbr|  dualbound   | primalbound  |  gap   | compl. 
 27.4s|  4900 |   794 |248747 |  41.8 |    44M |  26 | 390 |4569 | 403 | 729 |  0 |  15k|  22 | 0.000000e+00 |      --      |    Inf |  26.20%
 27.8s|  5000 |   807 |252983 |  41.8 |    45M |  26 | 390 |4587 | 403 | 750 |  0 |  15k|  22 | 0.000000e+00 |      --      |    Inf |  26.45%
 28.1s|  5100 |   819 |256004 |  41.6 |    45M |  26 | 390 |4842 | 404 | 758 |  1 |  15k|  22 | 0.000000e+00 |      --      |    Inf |  26.54%
 28.5s|  5200 |   836 |260916 |  41.8 |    45M |  26 | 390 |4798 | 404 | 782 |  0 |  16k|  22 | 0.000000e+00 |      --      |    Inf |  26.66%
 28.7s|  5300 |   845 |263937 |  41.6 |    45M |  26 | 390 |4896 | 402 | 782 |  1 |  16k|  22 | 0.000000e+00 |      --      |    Inf |  26.72%
 29.1s|  5400 |   884 |269004 |  41.7 |    45M |  26 | 390 |4933 | 403 | 809 |  1 |  16k|  22 | 0.000000e+00 |      --      |    Inf |  26.77%
 29.4s|  5500 |   899 |272761 |  41.7 |    45M |  26 | 390 |5091 | 403 | 820 |  1 |  16k|  22 | 0.000000e+00 |      --      |    Inf |  26.84%
 29.8s|  5600 |   904 |276673 |  41.6 |    45M |  26 | 390 |5074 | 400 | 838 |  1 |  17k|  22 | 0.000000e+00 |      --      |    Inf |  27.18%
 30.1s|  5700 |   907 |280373 |  41.6 |    46M |  26 | 390 |5002 | 402 | 849 |  1 |  17k|  22 | 0.000000e+00 |      --      |    Inf |  27.56%
 30.4s|  5800 |   921 |283376 |  41.4 |    46M |  26 | 390 |4917 | 401 | 863 |  1 |  17k|  22 | 0.000000e+00 |      --      |    Inf |  27.66%
 30.7s|  5900 |   931 |286262 |  41.2 |    46M |  26 | 390 |4930 | 402 | 868 |  1 |  17k|  22 | 0.000000e+00 |      --      |    Inf |  27.73%
 31.0s|  6000 |   938 |289645 |  41.1 |    46M |  26 | 390 |4891 | 404 | 868 |  1 |  18k|  22 | 0.000000e+00 |      --      |    Inf |  27.81%
 31.2s|  6100 |   939 |292702 |  40.9 |    46M |  26 | 390 |4899 | 402 | 874 |  1 |  18k|  22 | 0.000000e+00 |      --      |    Inf |  27.93%
 31.6s|  6200 |   935 |295781 |  40.8 |    46M |  26 | 390 |4661 | 400 | 875 |  1 |  18k|  22 | 0.000000e+00 |      --      |    Inf |  28.12%
 32.0s|  6300 |   944 |299094 |  40.7 |    46M |  26 | 390 |4580 | 402 | 903 |  1 |  18k|  22 | 0.000000e+00 |      --      |    Inf |  28.43%
 time | node  | left  |LP iter|LP it/n|mem/heur|mdpt |vars |cons |rows |cuts |sepa|confs|strbr|  dualbound   | primalbound  |  gap   | compl. 
 32.3s|  6400 |   942 |302502 |  40.6 |    46M |  26 | 390 |4360 | 402 | 915 |  1 |  18k|  22 | 0.000000e+00 |      --      |    Inf |  29.67%
 32.6s|  6500 |   943 |304843 |  40.4 |    46M |  26 | 390 |4298 | 402 | 915 |  1 |  19k|  22 | 0.000000e+00 |      --      |    Inf |  29.74%
 32.8s|  6600 |   942 |307846 |  40.2 |    46M |  26 | 390 |4370 | 402 | 915 |  1 |  19k|  22 | 0.000000e+00 |      --      |    Inf |  29.80%
 33.1s|  6700 |   942 |310001 |  40.0 |    46M |  26 | 390 |4394 | 405 | 924 |  1 |  19k|  22 | 0.000000e+00 |      --      |    Inf |  29.87%
 33.4s|  6800 |   955 |312405 |  39.8 |    46M |  26 | 390 |4553 | 405 | 935 |  1 |  19k|  22 | 0.000000e+00 |      --      |    Inf |  29.95%
 33.6s|  6900 |   952 |314412 |  39.5 |    46M |  26 | 390 |4649 |   0 | 942 |  0 |  20k|  22 | 0.000000e+00 |      --      |    Inf |  30.02%
 34.0s|  7000 |   965 |320077 |  39.8 |    46M |  26 | 390 |4670 | 403 | 971 |  0 |  20k|  22 | 0.000000e+00 |      --      |    Inf |  30.55%
 34.3s|  7100 |   975 |323155 |  39.6 |    46M |  26 | 390 |4755 |   0 | 971 |  0 |  20k|  22 | 0.000000e+00 |      --      |    Inf |  30.66%
 34.6s|  7200 |   971 |326230 |  39.5 |    46M |  26 | 390 |4671 | 403 | 971 |  1 |  20k|  22 | 0.000000e+00 |      --      |    Inf |  30.88%
 34.8s|  7300 |   976 |328385 |  39.3 |    46M |  26 | 390 |4675 | 402 | 971 |  1 |  20k|  22 | 0.000000e+00 |      --      |    Inf |  30.96%
 35.1s|  7400 |   975 |331675 |  39.2 |    46M |  26 | 390 |4692 | 403 | 971 |  1 |  21k|  22 | 0.000000e+00 |      --      |    Inf |  31.01%
 35.4s|  7500 |   975 |335388 |  39.2 |    47M |  26 | 390 |4723 | 403 | 980 |  0 |  21k|  22 | 0.000000e+00 |      --      |    Inf |  31.29%
 35.7s|  7600 |   979 |339183 |  39.2 |    47M |  26 | 390 |4693 | 402 | 985 |  1 |  21k|  22 | 0.000000e+00 |      --      |    Inf |  31.57%
 36.1s|  7700 |   964 |343108 |  39.2 |    47M |  26 | 390 |4605 | 402 |1013 |  0 |  21k|  22 | 0.000000e+00 |      --      |    Inf |  31.99%
 36.4s|  7800 |   950 |345971 |  39.1 |    47M |  26 | 390 |4473 | 402 |1015 |  1 |  21k|  22 | 0.000000e+00 |      --      |    Inf |  32.17%
 time | node  | left  |LP iter|LP it/n|mem/heur|mdpt |vars |cons |rows |cuts |sepa|confs|strbr|  dualbound   | primalbound  |  gap   | compl. 
 36.8s|  7900 |   948 |350027 |  39.1 |    47M |  26 | 390 |4326 |   0 |1030 |  0 |  22k|  22 | 0.000000e+00 |      --      |    Inf |  32.51%
 37.1s|  8000 |   954 |354337 |  39.1 |    47M |  26 | 390 |4317 | 404 |1035 |  1 |  22k|  22 | 0.000000e+00 |      --      |    Inf |  32.58%
 37.6s|  8100 |   952 |358649 |  39.2 |    47M |  26 | 390 |4111 | 402 |1053 |  1 |  22k|  22 | 0.000000e+00 |      --      |    Inf |  32.96%
 37.9s|  8200 |   966 |361767 |  39.1 |    47M |  26 | 390 |4434 | 402 |1065 |  1 |  23k|  22 | 0.000000e+00 |      --      |    Inf |  33.00%
 38.2s|  8300 |   966 |365405 |  39.1 |    47M |  26 | 390 |4554 | 406 |1079 |  2 |  23k|  22 | 0.000000e+00 |      --      |    Inf |  33.09%
 38.6s|  8400 |   960 |369456 |  39.1 |    47M |  26 | 390 |4519 |   0 |1090 |  0 |  23k|  22 | 0.000000e+00 |      --      |    Inf |  33.29%
 38.9s|  8500 |   958 |372758 |  39.0 |    47M |  26 | 390 |4423 | 402 |1090 |  1 |  23k|  22 | 0.000000e+00 |      --      |    Inf |  33.55%
 39.3s|  8600 |   968 |376591 |  39.0 |    47M |  26 | 390 |4380 | 402 |1116 |  1 |  23k|  22 | 0.000000e+00 |      --      |    Inf |  34.21%
 39.7s|  8700 |   965 |380590 |  39.0 |    47M |  26 | 390 |4458 | 401 |1139 |  1 |  24k|  22 | 0.000000e+00 |      --      |    Inf |  34.60%
 40.0s|  8800 |   950 |383656 |  38.9 |    47M |  26 | 390 |4226 | 404 |1145 |  1 |  24k|  22 | 0.000000e+00 |      --      |    Inf |  34.79%
 40.3s|  8900 |   945 |386886 |  38.9 |    47M |  26 | 390 |4193 | 400 |1161 |  1 |  24k|  22 | 0.000000e+00 |      --      |    Inf |  35.16%
 40.7s|  9000 |   917 |389461 |  38.7 |    47M |  26 | 390 |4072 | 402 |1172 |  1 |  24k|  22 | 0.000000e+00 |      --      |    Inf |  35.66%
 41.2s|  9100 |   910 |394022 |  38.8 |    47M |  26 | 390 |3962 | 404 |1194 |  1 |  25k|  22 | 0.000000e+00 |      --      |    Inf |  36.06%
 41.5s|  9200 |   901 |397747 |  38.8 |    48M |  26 | 390 |3973 | 402 |1205 |  0 |  25k|  22 | 0.000000e+00 |      --      |    Inf |  36.23%
 41.9s|  9300 |   879 |401464 |  38.8 |    48M |  26 | 390 |3853 | 403 |1232 |  0 |  25k|  22 | 0.000000e+00 |      --      |    Inf |  36.92%
 time | node  | left  |LP iter|LP it/n|mem/heur|mdpt |vars |cons |rows |cuts |sepa|confs|strbr|  dualbound   | primalbound  |  gap   | compl. 
 42.3s|  9400 |   874 |405086 |  38.8 |    48M |  26 | 390 |3889 | 403 |1252 |  0 |  25k|  22 | 0.000000e+00 |      --      |    Inf |  37.12%
 42.7s|  9500 |   860 |408665 |  38.7 |    48M |  26 | 390 |3800 | 408 |1273 |  1 |  25k|  22 | 0.000000e+00 |      --      |    Inf |  38.38%
 43.1s|  9600 |   890 |413246 |  38.8 |    48M |  26 | 390 |4029 | 402 |1275 |  1 |  26k|  22 | 0.000000e+00 |      --      |    Inf |  38.47%
 43.4s|  9700 |   877 |416790 |  38.8 |    48M |  26 | 390 |4096 | 401 |1282 |  1 |  26k|  22 | 0.000000e+00 |      --      |    Inf |  39.20%
 43.8s|  9800 |   868 |420598 |  38.8 |    48M |  26 | 390 |4104 | 400 |1293 |  1 |  26k|  22 | 0.000000e+00 |      --      |    Inf |  40.03%
 44.2s|  9900 |   876 |424532 |  38.8 |    48M |  26 | 390 |4234 | 403 |1317 |  1 |  26k|  22 | 0.000000e+00 |      --      |    Inf |  40.25%
 44.6s| 10000 |   877 |428277 |  38.8 |    48M |  26 | 390 |4306 | 402 |1354 |  0 |  27k|  22 | 0.000000e+00 |      --      |    Inf |  41.13%
 45.0s| 10100 |   865 |431401 |  38.7 |    48M |  26 | 390 |4262 | 400 |1370 |  1 |  27k|  22 | 0.000000e+00 |      --      |    Inf |  41.68%
 45.4s| 10200 |   914 |436341 |  38.8 |    48M |  26 | 390 |4400 |   0 |1392 |  0 |  27k|  22 | 0.000000e+00 |      --      |    Inf |  41.87%
 45.7s| 10300 |   943 |439776 |  38.7 |    48M |  26 | 390 |4530 |   0 |1414 |  0 |  27k|  22 | 0.000000e+00 |      --      |    Inf |  42.00%
 46.0s| 10400 |   946 |442657 |  38.7 |    48M |  26 | 390 |4534 | 404 |1414 |  1 |  28k|  22 | 0.000000e+00 |      --      |    Inf |  42.06%
 46.2s| 10500 |   952 |444728 |  38.5 |    48M |  26 | 390 |4693 | 404 |1419 |  1 |  28k|  22 | 0.000000e+00 |      --      |    Inf |  42.37%
 46.7s| 10600 |   994 |450929 |  38.7 |    49M |  26 | 390 |4838 | 402 |1468 |  1 |  28k|  22 | 0.000000e+00 |      --      |    Inf |  42.69%
 47.0s| 10700 |   996 |454315 |  38.7 |    49M |  26 | 390 |4963 |   0 |1471 |  0 |  28k|  22 | 0.000000e+00 |      --      |    Inf |  42.71%
 47.3s| 10800 |   999 |458281 |  38.7 |    49M |  26 | 390 |5038 | 402 |1478 |  1 |  28k|  22 | 0.000000e+00 |      --      |    Inf |  42.77%
 time | node  | left  |LP iter|LP it/n|mem/heur|mdpt |vars |cons |rows |cuts |sepa|confs|strbr|  dualbound   | primalbound  |  gap   | compl. 
 47.6s| 10900 |  1015 |461034 |  38.6 |    49M |  26 | 390 |5082 | 402 |1483 |  1 |  29k|  22 | 0.000000e+00 |      --      |    Inf |  42.79%
 48.0s| 11000 |  1019 |463955 |  38.5 |    49M |  26 | 390 |5109 | 401 |1483 |  1 |  29k|  22 | 0.000000e+00 |      --      |    Inf |  42.83%
 48.3s| 11100 |  1012 |467218 |  38.4 |    49M |  26 | 390 |5141 |   0 |1491 |  0 |  29k|  22 | 0.000000e+00 |      --      |    Inf |  43.16%
 48.5s| 11200 |  1018 |469780 |  38.3 |    49M |  26 | 390 |5140 | 403 |1499 |  1 |  29k|  22 | 0.000000e+00 |      --      |    Inf |  43.30%
 48.8s| 11300 |  1043 |473993 |  38.4 |    49M |  26 | 390 |5251 | 404 |1511 |  0 |  29k|  22 | 0.000000e+00 |      --      |    Inf |  43.31%
 49.1s| 11400 |  1056 |477696 |  38.4 |    49M |  26 | 390 |5453 | 403 |1511 |  0 |  30k|  22 | 0.000000e+00 |      --      |    Inf |  43.35%
 49.4s| 11500 |  1064 |481611 |  38.4 |    49M |  26 | 390 |5578 |   0 |1517 |  0 |  30k|  22 | 0.000000e+00 |      --      |    Inf |  43.39%
 49.7s| 11600 |  1053 |484478 |  38.3 |    49M |  26 | 390 |5601 | 402 |1517 |  1 |  30k|  22 | 0.000000e+00 |      --      |    Inf |  43.48%
 49.9s| 11700 |  1065 |487338 |  38.2 |    49M |  26 | 390 |5657 |   0 |1519 |  0 |  30k|  22 | 0.000000e+00 |      --      |    Inf |  43.52%
 50.3s| 11800 |  1090 |490994 |  38.2 |    50M |  26 | 390 |5781 | 404 |1542 |  1 |  30k|  22 | 0.000000e+00 |      --      |    Inf |  43.56%
 50.5s| 11900 |  1094 |494495 |  38.2 |    50M |  26 | 390 |5834 | 404 |1548 |  1 |  31k|  22 | 0.000000e+00 |      --      |    Inf |  43.69%
 50.8s| 12000 |  1088 |496986 |  38.1 |    50M |  26 | 390 |5832 | 403 |1548 |  1 |  31k|  22 | 0.000000e+00 |      --      |    Inf |  43.77%
 51.2s| 12100 |  1080 |500514 |  38.1 |    50M |  26 | 390 |5698 | 402 |1560 |  1 |  31k|  22 | 0.000000e+00 |      --      |    Inf |  44.14%
 51.5s| 12200 |  1077 |503526 |  38.0 |    50M |  26 | 390 |5630 | 405 |1560 |  1 |  31k|  22 | 0.000000e+00 |      --      |    Inf |  44.24%
 51.8s| 12300 |  1069 |506210 |  37.9 |    50M |  26 | 390 |5501 | 403 |1560 |  1 |  31k|  22 | 0.000000e+00 |      --      |    Inf |  44.35%
 time | node  | left  |LP iter|LP it/n|mem/heur|mdpt |vars |cons |rows |cuts |sepa|confs|strbr|  dualbound   | primalbound  |  gap   | compl. 
 52.1s| 12400 |  1069 |509249 |  37.9 |    50M |  26 | 390 |5478 | 402 |1563 |  1 |  32k|  22 | 0.000000e+00 |      --      |    Inf |  44.63%
 52.3s| 12500 |  1074 |512438 |  37.8 |    50M |  26 | 390 |5466 | 402 |1570 |  1 |  32k|  22 | 0.000000e+00 |      --      |    Inf |  44.78%
 52.7s| 12600 |  1082 |516534 |  37.8 |    50M |  26 | 390 |5418 | 403 |1583 |  0 |  32k|  22 | 0.000000e+00 |      --      |    Inf |  45.24%
 53.2s| 12700 |  1083 |520797 |  37.9 |    50M |  26 | 390 |5430 | 403 |1609 |  1 |  32k|  22 | 0.000000e+00 |      --      |    Inf |  45.88%
 53.6s| 12800 |  1077 |525115 |  37.9 |    51M |  26 | 390 |5290 |   0 |1620 |  0 |  32k|  22 | 0.000000e+00 |      --      |    Inf |  46.70%
 54.0s| 12900 |  1063 |528657 |  37.9 |    51M |  26 | 390 |5043 | 402 |1630 |  0 |  33k|  22 | 0.000000e+00 |      --      |    Inf |  47.05%
 54.2s| 13000 |  1061 |530776 |  37.8 |    51M |  26 | 390 |5059 |   0 |1635 |  0 |  33k|  22 | 0.000000e+00 |      --      |    Inf |  47.13%
 54.6s| 13100 |  1052 |534317 |  37.8 |    51M |  26 | 390 |4951 |   0 |1635 |  0 |  33k|  22 | 0.000000e+00 |      --      |    Inf |  47.30%
 54.8s| 13200 |  1038 |536390 |  37.6 |    51M |  26 | 390 |4972 | 403 |1640 |  1 |  33k|  22 | 0.000000e+00 |      --      |    Inf |  47.76%
 55.2s| 13300 |  1012 |539478 |  37.6 |    51M |  26 | 390 |4805 |   0 |1651 |  0 |  33k|  22 | 0.000000e+00 |      --      |    Inf |  47.99%
 55.7s| 13400 |   992 |543216 |  37.6 |    51M |  26 | 390 |4695 | 403 |1683 |  0 |  34k|  22 | 0.000000e+00 |      --      |    Inf |  48.42%
 55.9s| 13500 |  1008 |546456 |  37.5 |    51M |  26 | 390 |4737 | 406 |1683 |  1 |  34k|  22 | 0.000000e+00 |      --      |    Inf |  48.51%
 56.2s| 13600 |   997 |549226 |  37.5 |    51M |  26 | 390 |4841 | 403 |1690 |  2 |  34k|  22 | 0.000000e+00 |      --      |    Inf |  48.56%
 56.6s| 13700 |  1010 |553254 |  37.5 |    51M |  26 | 390 |4858 | 404 |1714 |  1 |  34k|  22 | 0.000000e+00 |      --      |    Inf |  48.77%
 56.9s| 13800 |   987 |556496 |  37.5 |    51M |  26 | 390 |4876 | 402 |1722 |  0 |  34k|  22 | 0.000000e+00 |      --      |    Inf |  48.97%
 time | node  | left  |LP iter|LP it/n|mem/heur|mdpt |vars |cons |rows |cuts |sepa|confs|strbr|  dualbound   | primalbound  |  gap   | compl. 
 57.2s| 13900 |   966 |558962 |  37.4 |    51M |  26 | 390 |4778 |   0 |1727 |  0 |  35k|  22 | 0.000000e+00 |      --      |    Inf |  49.26%
 57.5s| 14000 |   963 |561370 |  37.3 |    51M |  26 | 390 |4835 | 403 |1727 |  1 |  35k|  22 | 0.000000e+00 |      --      |    Inf |  49.39%
 57.8s| 14100 |   950 |564641 |  37.3 |    51M |  26 | 390 |4832 |   0 |1727 |  0 |  35k|  22 | 0.000000e+00 |      --      |    Inf |  49.56%
 58.1s| 14200 |   928 |566696 |  37.1 |    51M |  26 | 390 |4827 |   0 |1728 |  0 |  35k|  22 | 0.000000e+00 |      --      |    Inf |  49.70%
 58.4s| 14300 |   931 |570398 |  37.1 |    51M |  26 | 390 |4790 | 403 |1745 |  1 |  35k|  22 | 0.000000e+00 |      --      |    Inf |  50.09%
 58.7s| 14400 |   924 |573670 |  37.1 |    51M |  26 | 390 |4796 | 404 |1752 |  1 |  36k|  22 | 0.000000e+00 |      --      |    Inf |  50.40%
 59.1s| 14500 |   923 |576547 |  37.1 |    51M |  26 | 390 |4850 | 403 |1762 |  1 |  36k|  22 | 0.000000e+00 |      --      |    Inf |  50.57%
 59.5s| 14600 |   925 |580535 |  37.1 |    51M |  26 | 390 |4838 | 402 |1768 |  1 |  36k|  22 | 0.000000e+00 |      --      |    Inf |  50.68%
 59.8s| 14700 |   921 |583966 |  37.1 |    51M |  26 | 390 |4756 | 403 |1786 |  1 |  36k|  22 | 0.000000e+00 |      --      |    Inf |  51.05%
 60.0s| 14800 |   921 |586041 |  37.0 |    51M |  26 | 390 |4822 | 402 |1786 |  1 |  36k|  22 | 0.000000e+00 |      --      |    Inf |  51.09%
 60.4s| 14900 |   891 |589100 |  36.9 |    51M |  26 | 390 |4799 |   0 |1801 |  0 |  36k|  22 | 0.000000e+00 |      --      |    Inf |  51.37%
 60.7s| 15000 |   881 |592162 |  36.9 |    51M |  26 | 390 |4754 | 403 |1804 |  1 |  37k|  22 | 0.000000e+00 |      --      |    Inf |  51.49%
 60.9s| 15100 |   871 |594664 |  36.8 |    51M |  26 | 390 |4820 | 402 |1812 |  1 |  37k|  22 | 0.000000e+00 |      --      |    Inf |  51.67%
 61.2s| 15200 |   858 |597749 |  36.8 |    51M |  26 | 390 |4914 | 402 |1812 |  1 |  37k|  22 | 0.000000e+00 |      --      |    Inf |  51.83%
 61.5s| 15300 |   854 |601718 |  36.8 |    51M |  26 | 390 |4991 | 402 |1812 |  0 |  37k|  22 | 0.000000e+00 |      --      |    Inf |  51.99%
 time | node  | left  |LP iter|LP it/n|mem/heur|mdpt |vars |cons |rows |cuts |sepa|confs|strbr|  dualbound   | primalbound  |  gap   | compl. 
 61.8s| 15400 |   842 |604313 |  36.7 |    51M |  26 | 390 |5027 |   0 |1819 |  0 |  37k|  22 | 0.000000e+00 |      --      |    Inf |  52.18%
 62.1s| 15500 |   836 |607314 |  36.7 |    51M |  26 | 390 |4954 | 404 |1824 |  0 |  38k|  22 | 0.000000e+00 |      --      |    Inf |  52.32%
 62.5s| 15600 |   834 |610530 |  36.7 |    51M |  26 | 390 |4973 |   0 |1847 |  0 |  38k|  22 | 0.000000e+00 |      --      |    Inf |  52.82%
 62.9s| 15700 |   786 |614537 |  36.7 |    51M |  26 | 390 |4906 | 402 |1869 |  1 |  38k|  22 | 0.000000e+00 |      --      |    Inf |  53.53%
 63.2s| 15800 |   769 |617569 |  36.6 |    51M |  26 | 390 |4892 | 404 |1880 |  1 |  38k|  22 | 0.000000e+00 |      --      |    Inf |  53.80%
 63.5s| 15900 |   776 |620283 |  36.6 |    51M |  26 | 390 |4920 |   0 |1895 |  0 |  38k|  22 | 0.000000e+00 |      --      |    Inf |  54.05%
 63.8s| 16000 |   775 |622793 |  36.5 |    51M |  26 | 390 |5025 |   0 |1895 |  0 |  39k|  22 | 0.000000e+00 |      --      |    Inf |  54.11%
 64.0s| 16100 |   763 |625043 |  36.4 |    51M |  26 | 390 |5164 | 403 |1895 |  1 |  39k|  22 | 0.000000e+00 |      --      |    Inf |  54.14%
 64.4s| 16200 |   740 |628807 |  36.4 |    51M |  26 | 390 |5068 | 402 |1916 |  1 |  39k|  22 | 0.000000e+00 |      --      |    Inf |  54.30%
 64.7s| 16300 |   750 |631680 |  36.4 |    51M |  26 | 390 |5079 | 403 |1918 |  1 |  39k|  22 | 0.000000e+00 |      --      |    Inf |  54.33%
 65.1s| 16400 |   721 |634750 |  36.4 |    51M |  26 | 390 |5041 | 405 |1931 |  1 |  39k|  22 | 0.000000e+00 |      --      |    Inf |  54.70%
 65.5s| 16500 |   714 |638959 |  36.4 |    51M |  26 | 390 |4905 | 403 |1949 |  0 |  39k|  22 | 0.000000e+00 |      --      |    Inf |  54.95%
 65.8s| 16600 |   708 |643132 |  36.4 |    51M |  26 | 390 |4842 | 402 |1949 |  1 |  40k|  22 | 0.000000e+00 |      --      |    Inf |  55.07%
 66.3s| 16700 |   693 |647013 |  36.4 |    51M |  26 | 390 |4802 | 402 |1961 |  1 |  40k|  22 | 0.000000e+00 |      --      |    Inf |  55.32%
 66.6s| 16800 |   696 |650205 |  36.4 |    51M |  26 | 390 |4807 |   0 |1984 |  0 |  40k|  22 | 0.000000e+00 |      --      |    Inf |  55.75%
 time | node  | left  |LP iter|LP it/n|mem/heur|mdpt |vars |cons |rows |cuts |sepa|confs|strbr|  dualbound   | primalbound  |  gap   | compl. 
 67.0s| 16900 |   704 |654038 |  36.4 |    52M |  26 | 390 |4904 |   0 |2009 |  0 |  40k|  22 | 0.000000e+00 |      --      |    Inf |  55.91%
 67.5s| 17000 |   729 |658432 |  36.5 |    52M |  26 | 390 |5100 |   0 |2034 |  0 |  41k|  22 | 0.000000e+00 |      --      |    Inf |  56.17%
 67.8s| 17100 |   751 |662659 |  36.5 |    52M |  26 | 390 |5297 |   0 |2039 |  0 |  41k|  22 | 0.000000e+00 |      --      |    Inf |  56.29%
 68.1s| 17200 |   747 |666844 |  36.5 |    52M |  26 | 390 |5387 | 405 |2046 |  1 |  41k|  22 | 0.000000e+00 |      --      |    Inf |  56.45%
 68.4s| 17300 |   750 |669329 |  36.5 |    52M |  26 | 390 |5477 | 403 |2059 |  1 |  41k|  22 | 0.000000e+00 |      --      |    Inf |  56.57%
 68.7s| 17400 |   762 |671586 |  36.4 |    53M |  26 | 390 |5622 |   0 |2064 |  0 |  41k|  22 | 0.000000e+00 |      --      |    Inf |  56.65%
 68.9s| 17500 |   755 |673220 |  36.3 |    53M |  26 | 390 |5758 | 403 |2065 |  1 |  42k|  22 | 0.000000e+00 |      --      |    Inf |  56.75%
 69.2s| 17600 |   771 |676059 |  36.2 |    53M |  26 | 390 |5867 | 402 |2075 |  1 |  42k|  22 | 0.000000e+00 |      --      |    Inf |  56.86%
 69.6s| 17700 |   795 |681937 |  36.4 |    53M |  26 | 390 |6093 | 403 |2091 |  1 |  42k|  22 | 0.000000e+00 |      --      |    Inf |  56.93%
 69.9s| 17800 |   772 |685309 |  36.3 |    53M |  26 | 390 |6114 | 404 |2091 |  1 |  42k|  22 | 0.000000e+00 |      --      |    Inf |  57.28%
 70.3s| 17900 |   774 |689622 |  36.4 |    53M |  26 | 390 |5975 | 403 |2110 |  1 |  43k|  22 | 0.000000e+00 |      --      |    Inf |  57.65%
 70.7s| 18000 |   756 |692869 |  36.4 |    53M |  26 | 390 |5647 | 404 |2110 |  1 |  43k|  22 | 0.000000e+00 |      --      |    Inf |  57.89%
 71.0s| 18100 |   743 |695938 |  36.3 |    53M |  26 | 390 |5571 | 403 |2117 |  1 |  43k|  22 | 0.000000e+00 |      --      |    Inf |  58.05%
 71.4s| 18200 |   744 |699459 |  36.3 |    53M |  26 | 390 |5437 | 402 |2123 |  1 |  43k|  22 | 0.000000e+00 |      --      |    Inf |  58.25%
 71.7s| 18300 |   759 |703388 |  36.3 |    53M |  26 | 390 |5528 | 404 |2130 |  1 |  43k|  22 | 0.000000e+00 |      --      |    Inf |  58.41%
 time | node  | left  |LP iter|LP it/n|mem/heur|mdpt |vars |cons |rows |cuts |sepa|confs|strbr|  dualbound   | primalbound  |  gap   | compl. 
 72.0s| 18400 |   747 |706088 |  36.3 |    53M |  26 | 390 |5588 | 403 |2134 |  1 |  44k|  22 | 0.000000e+00 |      --      |    Inf |  58.46%
 72.3s| 18500 |   729 |708828 |  36.2 |    53M |  26 | 390 |5515 |   0 |2134 |  0 |  44k|  22 | 0.000000e+00 |      --      |    Inf |  58.58%
 72.8s| 18600 |   758 |714755 |  36.4 |    53M |  26 | 390 |5475 |   0 |2184 |  0 |  44k|  22 | 0.000000e+00 |      --      |    Inf |  58.90%
 73.2s| 18700 |   781 |718914 |  36.4 |    53M |  26 | 390 |5574 |   0 |2204 |  0 |  44k|  22 | 0.000000e+00 |      --      |    Inf |  59.16%
 73.6s| 18800 |   774 |723600 |  36.4 |    53M |  26 | 390 |5638 |   0 |2247 |  0 |  44k|  22 | 0.000000e+00 |      --      |    Inf |  59.54%
 73.9s| 18900 |   769 |727396 |  36.4 |    53M |  26 | 390 |5684 |   0 |2266 |  0 |  44k|  22 | 0.000000e+00 |      --      |    Inf |  59.97%
 74.3s| 19000 |   767 |730890 |  36.4 |    53M |  26 | 390 |5737 | 401 |2289 |  1 |  45k|  22 | 0.000000e+00 |      --      |    Inf |  61.63%
 74.7s| 19100 |   755 |734246 |  36.4 |    53M |  26 | 390 |5781 |   0 |2328 |  0 |  45k|  22 | 0.000000e+00 |      --      |    Inf |  63.08%
 75.2s| 19200 |   758 |739944 |  36.5 |    53M |  26 | 390 |5799 | 405 |2356 |  2 |  45k|  22 | 0.000000e+00 |      --      |    Inf |  63.38%
 75.5s| 19300 |   755 |743638 |  36.5 |    53M |  26 | 390 |5673 | 402 |2363 |  0 |  45k|  22 | 0.000000e+00 |      --      |    Inf |  63.77%
 75.9s| 19400 |   736 |747194 |  36.5 |    53M |  26 | 390 |5566 | 401 |2368 |  1 |  45k|  22 | 0.000000e+00 |      --      |    Inf |  64.19%
 76.3s| 19500 |   732 |751753 |  36.6 |    53M |  26 | 390 |5479 |   0 |2390 |  0 |  45k|  22 | 0.000000e+00 |      --      |    Inf |  64.63%
 76.6s| 19600 |   719 |755043 |  36.6 |    53M |  26 | 390 |5400 |   0 |2407 |  0 |  46k|  22 | 0.000000e+00 |      --      |    Inf |  64.87%
 76.9s| 19700 |   702 |758795 |  36.6 |    53M |  26 | 390 |5272 | 402 |2413 |  1 |  46k|  22 | 0.000000e+00 |      --      |    Inf |  65.07%
 77.3s| 19800 |   700 |762746 |  36.6 |    53M |  26 | 390 |5290 | 404 |2422 |  1 |  46k|  22 | 0.000000e+00 |      --      |    Inf |  65.38%
 time | node  | left  |LP iter|LP it/n|mem/heur|mdpt |vars |cons |rows |cuts |sepa|confs|strbr|  dualbound   | primalbound  |  gap   | compl. 
 77.6s| 19900 |   694 |766012 |  36.6 |    53M |  26 | 390 |5265 |   0 |2427 |  0 |  46k|  22 | 0.000000e+00 |      --      |    Inf |  65.47%
 77.8s| 20000 |   687 |768808 |  36.5 |    53M |  26 | 390 |5285 | 402 |2428 |  1 |  46k|  22 | 0.000000e+00 |      --      |    Inf |  65.57%
 78.2s| 20100 |   678 |772026 |  36.5 |    53M |  26 | 390 |5275 | 403 |2436 |  1 |  46k|  22 | 0.000000e+00 |      --      |    Inf |  65.74%
 78.5s| 20200 |   662 |775413 |  36.5 |    53M |  26 | 390 |5311 |   0 |2439 |  0 |  47k|  22 | 0.000000e+00 |      --      |    Inf |  65.93%
 78.8s| 20300 |   658 |778623 |  36.5 |    53M |  26 | 390 |5314 | 407 |2446 |  0 |  47k|  22 | 0.000000e+00 |      --      |    Inf |  66.18%
 79.1s| 20400 |   644 |782947 |  36.5 |    53M |  26 | 390 |5409 | 402 |2458 |  1 |  47k|  22 | 0.000000e+00 |      --      |    Inf |  66.28%
 79.4s| 20500 |   628 |785796 |  36.5 |    53M |  26 | 390 |5438 | 402 |2458 |  1 |  47k|  22 | 0.000000e+00 |      --      |    Inf |  66.43%
 79.8s| 20600 |   628 |790108 |  36.5 |    53M |  26 | 390 |5446 | 404 |2507 |  1 |  47k|  22 | 0.000000e+00 |      --      |    Inf |  66.86%
 80.1s| 20700 |   618 |793839 |  36.5 |    53M |  26 | 390 |5544 |   0 |2517 |  0 |  48k|  22 | 0.000000e+00 |      --      |    Inf |  67.13%
 80.5s| 20800 |   596 |797784 |  36.5 |    53M |  26 | 390 |5494 |   0 |2531 |  0 |  48k|  22 | 0.000000e+00 |      --      |    Inf |  67.62%
 80.8s| 20900 |   617 |801950 |  36.5 |    53M |  26 | 390 |5539 | 402 |2541 |  0 |  48k|  22 | 0.000000e+00 |      --      |    Inf |  67.75%
 81.1s| 21000 |   616 |807255 |  36.6 |    53M |  26 | 390 |5694 | 402 |2551 |  1 |  48k|  22 | 0.000000e+00 |      --      |    Inf |  67.93%
 81.5s| 21100 |   597 |810588 |  36.6 |    54M |  26 | 390 |5789 |   0 |2574 |  0 |  48k|  22 | 0.000000e+00 |      --      |    Inf |  68.39%
 81.7s| 21200 |   612 |814252 |  36.6 |    54M |  26 | 390 |5837 | 402 |2574 |  1 |  49k|  22 | 0.000000e+00 |      --      |    Inf |  68.45%
 82.0s| 21300 |   619 |817967 |  36.6 |    54M |  26 | 390 |5973 |   0 |2574 |  0 |  49k|  22 | 0.000000e+00 |      --      |    Inf |  68.48%
 time | node  | left  |LP iter|LP it/n|mem/heur|mdpt |vars |cons |rows |cuts |sepa|confs|strbr|  dualbound   | primalbound  |  gap   | compl. 
 82.3s| 21400 |   616 |822276 |  36.6 |    54M |  26 | 390 |6156 | 402 |2574 |  0 |  49k|  22 | 0.000000e+00 |      --      |    Inf |  68.49%
 82.7s| 21500 |   595 |826018 |  36.6 |    54M |  26 | 390 |6155 |   0 |2575 |  0 |  49k|  22 | 0.000000e+00 |      --      |    Inf |  68.61%
 83.0s| 21600 |   585 |829619 |  36.6 |    54M |  26 | 390 |6103 |   0 |2579 |  0 |  49k|  22 | 0.000000e+00 |      --      |    Inf |  68.90%
 83.6s| 21700 |   615 |835052 |  36.7 |    54M |  26 | 390 |6071 | 407 |2625 |  3 |  50k|  22 | 0.000000e+00 |      --      |    Inf |  69.04%
 84.0s| 21800 |   632 |840439 |  36.8 |    54M |  26 | 390 |6150 | 405 |2648 |  1 |  50k|  22 | 0.000000e+00 |      --      |    Inf |  69.25%
 84.3s| 21900 |   635 |844452 |  36.8 |    54M |  26 | 390 |6217 |   0 |2663 |  0 |  50k|  22 | 0.000000e+00 |      --      |    Inf |  69.50%
 84.6s| 22000 |   601 |848101 |  36.8 |    54M |  26 | 390 |6297 |   0 |2672 |  0 |  50k|  22 | 0.000000e+00 |      --      |    Inf |  70.01%
 85.0s| 22100 |   586 |851440 |  36.8 |    54M |  26 | 390 |6062 | 402 |2691 |  1 |  50k|  22 | 0.000000e+00 |      --      |    Inf |  70.37%
 85.3s| 22200 |   588 |854519 |  36.7 |    54M |  26 | 390 |6013 | 402 |2691 |  1 |  51k|  22 | 0.000000e+00 |      --      |    Inf |  70.51%
 85.7s| 22300 |   595 |858955 |  36.8 |    54M |  26 | 390 |6034 | 403 |2705 |  1 |  51k|  22 | 0.000000e+00 |      --      |    Inf |  70.96%
 86.0s| 22400 |   601 |862592 |  36.8 |    54M |  26 | 390 |6084 | 403 |2705 |  0 |  51k|  22 | 0.000000e+00 |      --      |    Inf |  71.03%
 86.2s| 22500 |   574 |865852 |  36.8 |    54M |  26 | 390 |6132 | 402 |2705 |  1 |  51k|  22 | 0.000000e+00 |      --      |    Inf |  71.11%
 86.5s| 22600 |   562 |868425 |  36.7 |    54M |  26 | 390 |6034 | 403 |2705 |  1 |  51k|  22 | 0.000000e+00 |      --      |    Inf |  71.23%
 86.8s| 22700 |   549 |871389 |  36.7 |    54M |  26 | 390 |5968 | 402 |2710 |  1 |  52k|  22 | 0.000000e+00 |      --      |    Inf |  71.51%
 87.2s| 22800 |   521 |874532 |  36.7 |    54M |  26 | 390 |5918 | 403 |2715 |  1 |  52k|  22 | 0.000000e+00 |      --      |    Inf |  72.10%
 time | node  | left  |LP iter|LP it/n|mem/heur|mdpt |vars |cons |rows |cuts |sepa|confs|strbr|  dualbound   | primalbound  |  gap   | compl. 
 87.6s| 22900 |   504 |878251 |  36.7 |    54M |  26 | 390 |5805 | 401 |2730 |  1 |  52k|  22 | 0.000000e+00 |      --      |    Inf |  72.56%
 87.9s| 23000 |   506 |881508 |  36.6 |    54M |  26 | 390 |5846 | 403 |2736 |  1 |  52k|  22 | 0.000000e+00 |      --      |    Inf |  72.85%
 88.2s| 23100 |   502 |884772 |  36.6 |    54M |  26 | 390 |5863 | 403 |2736 |  1 |  53k|  22 | 0.000000e+00 |      --      |    Inf |  73.06%
 88.4s| 23200 |   496 |887789 |  36.6 |    54M |  26 | 390 |5738 |   0 |2738 |  0 |  53k|  22 | 0.000000e+00 |      --      |    Inf |  73.21%
 88.6s| 23300 |   493 |891515 |  36.6 |    54M |  26 | 390 |5762 | 402 |2738 |  1 |  53k|  22 | 0.000000e+00 |      --      |    Inf |  73.23%
 89.0s| 23400 |   478 |895160 |  36.6 |    54M |  26 | 390 |5765 |   0 |2738 |  0 |  53k|  22 | 0.000000e+00 |      --      |    Inf |  73.59%
 89.3s| 23500 |   481 |898678 |  36.6 |    54M |  26 | 390 |5770 |   0 |2742 |  0 |  53k|  22 | 0.000000e+00 |      --      |    Inf |  73.67%
 89.5s| 23600 |   479 |901576 |  36.6 |    54M |  26 | 390 |5895 | 402 |2749 |  0 |  53k|  22 | 0.000000e+00 |      --      |    Inf |  73.77%
 89.8s| 23700 |   484 |904798 |  36.5 |    54M |  26 | 390 |6003 | 401 |2749 |  1 |  53k|  22 | 0.000000e+00 |      --      |    Inf |  73.94%
 90.1s| 23800 |   488 |908386 |  36.5 |    54M |  26 | 390 |6045 | 403 |2769 |  1 |  54k|  22 | 0.000000e+00 |      --      |    Inf |  74.14%
 90.4s| 23900 |   481 |911502 |  36.5 |    54M |  26 | 390 |6220 |   0 |2786 |  0 |  54k|  22 | 0.000000e+00 |      --      |    Inf |  74.71%
 90.7s| 24000 |   475 |914124 |  36.5 |    54M |  26 | 390 |6313 | 405 |2786 |  1 |  54k|  22 | 0.000000e+00 |      --      |    Inf |  74.94%
 91.0s| 24100 |   468 |918206 |  36.5 |    54M |  26 | 390 |6329 |   0 |2786 |  0 |  54k|  22 | 0.000000e+00 |      --      |    Inf |  75.08%
 91.4s| 24200 |   460 |922924 |  36.5 |    54M |  26 | 390 |6194 | 402 |2822 |  1 |  54k|  22 | 0.000000e+00 |      --      |    Inf |  75.64%
 91.7s| 24300 |   468 |926330 |  36.5 |    54M |  26 | 390 |6203 | 403 |2844 |  1 |  55k|  22 | 0.000000e+00 |      --      |    Inf |  75.89%
 time | node  | left  |LP iter|LP it/n|mem/heur|mdpt |vars |cons |rows |cuts |sepa|confs|strbr|  dualbound   | primalbound  |  gap   | compl. 
 92.0s| 24400 |   480 |930321 |  36.5 |    54M |  26 | 390 |6398 | 403 |2856 |  1 |  55k|  22 | 0.000000e+00 |      --      |    Inf |  76.13%
 92.3s| 24500 |   476 |933215 |  36.5 |    54M |  26 | 390 |6551 |   0 |2861 |  0 |  55k|  22 | 0.000000e+00 |      --      |    Inf |  76.27%
 92.6s| 24600 |   459 |935879 |  36.5 |    54M |  26 | 390 |6574 |   0 |2864 |  0 |  55k|  22 | 0.000000e+00 |      --      |    Inf |  76.41%
 93.0s| 24700 |   457 |938903 |  36.5 |    54M |  26 | 390 |6549 | 402 |2896 |  1 |  56k|  22 | 0.000000e+00 |      --      |    Inf |  76.85%
 93.4s| 24800 |   439 |942274 |  36.4 |    54M |  26 | 390 |6343 |   0 |2916 |  0 |  56k|  22 | 0.000000e+00 |      --      |    Inf |  77.60%
 93.8s| 24900 |   422 |945779 |  36.4 |    54M |  26 | 390 |6183 | 402 |2931 |  1 |  56k|  22 | 0.000000e+00 |      --      |    Inf |  78.31%
 94.1s| 25000 |   419 |948252 |  36.4 |    54M |  26 | 390 |6097 | 402 |2959 |  1 |  56k|  22 | 0.000000e+00 |      --      |    Inf |  78.76%
 94.4s| 25100 |   417 |950821 |  36.4 |    54M |  26 | 390 |6104 |   0 |2975 |  0 |  56k|  22 | 0.000000e+00 |      --      |    Inf |  78.96%
 94.6s| 25200 |   424 |953780 |  36.3 |    54M |  26 | 390 |6116 | 401 |2982 |  1 |  56k|  22 | 0.000000e+00 |      --      |    Inf |  79.10%
 95.0s| 25300 |   419 |957767 |  36.3 |    54M |  26 | 390 |6067 | 403 |3000 |  1 |  57k|  22 | 0.000000e+00 |      --      |    Inf |  79.39%
 95.3s| 25400 |   403 |960518 |  36.3 |    54M |  26 | 390 |6105 | 404 |3000 |  1 |  57k|  22 | 0.000000e+00 |      --      |    Inf |  79.58%
 95.6s| 25500 |   434 |965155 |  36.3 |    54M |  26 | 390 |6170 | 403 |3031 |  1 |  57k|  22 | 0.000000e+00 |      --      |    Inf |  79.69%
 95.9s| 25600 |   438 |968528 |  36.3 |    54M |  26 | 390 |6308 |   0 |3043 |  0 |  57k|  22 | 0.000000e+00 |      --      |    Inf |  79.83%
 96.2s| 25700 |   440 |972022 |  36.3 |    54M |  26 | 390 |6540 | 403 |3045 |  1 |  58k|  22 | 0.000000e+00 |      --      |    Inf |  79.95%
 96.6s| 25800 |   409 |975311 |  36.3 |    54M |  26 | 390 |6546 | 404 |3052 |  0 |  58k|  22 | 0.000000e+00 |      --      |    Inf |  80.19%
 time | node  | left  |LP iter|LP it/n|mem/heur|mdpt |vars |cons |rows |cuts |sepa|confs|strbr|  dualbound   | primalbound  |  gap   | compl. 
 96.9s| 25900 |   395 |978347 |  36.3 |    54M |  26 | 390 |6456 | 401 |3072 |  1 |  58k|  22 | 0.000000e+00 |      --      |    Inf |  81.30%
 97.4s| 26000 |   364 |981945 |  36.3 |    54M |  26 | 390 |6214 | 404 |3103 |  1 |  58k|  22 | 0.000000e+00 |      --      |    Inf |  82.46%
 97.7s| 26100 |   379 |986473 |  36.3 |    55M |  26 | 390 |6211 | 407 |3135 |  1 |  58k|  22 | 0.000000e+00 |      --      |    Inf |  82.73%
 98.0s| 26200 |   359 |989392 |  36.3 |    55M |  26 | 390 |6206 |   0 |3141 |  0 |  58k|  22 | 0.000000e+00 |      --      |    Inf |  82.90%
 98.3s| 26300 |   346 |992911 |  36.3 |    55M |  26 | 390 |6002 | 403 |3157 |  1 |  59k|  22 | 0.000000e+00 |      --      |    Inf |  83.82%
 98.6s| 26400 |   331 |995839 |  36.3 |    55M |  26 | 390 |5988 |   0 |3164 |  0 |  59k|  22 | 0.000000e+00 |      --      |    Inf |  84.12%
 98.9s| 26500 |   324 |998944 |  36.2 |    55M |  26 | 390 |5970 | 404 |3171 |  1 |  59k|  22 | 0.000000e+00 |      --      |    Inf |  84.36%
 99.2s| 26600 |   307 |  1001k|  36.2 |    55M |  26 | 390 |5906 | 405 |3176 |  1 |  59k|  22 | 0.000000e+00 |      --      |    Inf |  84.57%
 99.5s| 26700 |   303 |  1004k|  36.2 |    55M |  26 | 390 |5844 | 405 |3190 |  1 |  59k|  22 | 0.000000e+00 |      --      |    Inf |  85.01%
 99.9s| 26800 |   283 |  1008k|  36.2 |    55M |  26 | 390 |5853 | 402 |3210 |  1 |  59k|  22 | 0.000000e+00 |      --      |    Inf |  85.28%
  100s| 26900 |   274 |  1011k|  36.2 |    55M |  26 | 390 |5771 | 405 |3224 |  1 |  59k|  22 | 0.000000e+00 |      --      |    Inf |  85.52%
  100s| 27000 |   255 |  1014k|  36.2 |    55M |  26 | 390 |5703 | 403 |3233 |  1 |  60k|  22 | 0.000000e+00 |      --      |    Inf |  85.97%
  101s| 27100 |   257 |  1018k|  36.2 |    55M |  26 | 390 |5625 | 405 |3248 |  1 |  60k|  22 | 0.000000e+00 |      --      |    Inf |  86.48%
  101s| 27200 |   238 |  1022k|  36.2 |    55M |  26 | 390 |5619 |   0 |3276 |  0 |  60k|  22 | 0.000000e+00 |      --      |    Inf |  87.99%
  101s| 27300 |   237 |  1026k|  36.2 |    55M |  26 | 390 |5636 | 403 |3295 |  1 |  60k|  22 | 0.000000e+00 |      --      |    Inf |  88.71%
 time | node  | left  |LP iter|LP it/n|mem/heur|mdpt |vars |cons |rows |cuts |sepa|confs|strbr|  dualbound   | primalbound  |  gap   | compl. 
  102s| 27400 |   231 |  1029k|  36.2 |    55M |  26 | 390 |5645 | 401 |3302 |  1 |  60k|  22 | 0.000000e+00 |      --      |    Inf |  88.88%
  102s| 27500 |   212 |  1032k|  36.1 |    55M |  26 | 390 |5665 | 400 |3310 |  0 |  60k|  22 | 0.000000e+00 |      --      |    Inf |  89.07%
  102s| 27600 |   214 |  1036k|  36.2 |    55M |  26 | 390 |5649 |   0 |3328 |  0 |  61k|  22 | 0.000000e+00 |      --      |    Inf |  89.51%
  103s| 27700 |   222 |  1039k|  36.1 |    55M |  26 | 390 |5752 |   0 |3350 |  0 |  61k|  22 | 0.000000e+00 |      --      |    Inf |  89.99%
  103s| 27800 |   211 |  1042k|  36.1 |    55M |  26 | 390 |5853 | 403 |3366 |  1 |  61k|  22 | 0.000000e+00 |      --      |    Inf |  90.28%
  103s| 27900 |   197 |  1045k|  36.1 |    55M |  26 | 390 |5758 |   0 |3410 |  0 |  61k|  22 | 0.000000e+00 |      --      |    Inf |  90.75%
  104s| 28000 |   197 |  1049k|  36.1 |    55M |  26 | 390 |5780 | 402 |3429 |  1 |  61k|  22 | 0.000000e+00 |      --      |    Inf |  91.53%
  104s| 28100 |   180 |  1052k|  36.1 |    55M |  26 | 390 |5850 | 403 |3433 |  1 |  62k|  22 | 0.000000e+00 |      --      |    Inf |  92.01%
  104s| 28200 |   221 |  1057k|  36.2 |    55M |  26 | 390 |6002 | 404 |3451 |  1 |  62k|  22 | 0.000000e+00 |      --      |    Inf |  92.07%
  105s| 28300 |   215 |  1060k|  36.1 |    55M |  26 | 390 |6169 | 404 |3452 |  1 |  62k|  22 | 0.000000e+00 |      --      |    Inf |  92.10%
  105s| 28400 |   207 |  1063k|  36.1 |    55M |  26 | 390 |6328 | 404 |3461 |  0 |  62k|  22 | 0.000000e+00 |      --      |    Inf |  92.17%
  105s| 28500 |   186 |  1067k|  36.1 |    55M |  26 | 390 |6394 |   0 |3482 |  0 |  62k|  22 | 0.000000e+00 |      --      |    Inf |  92.49%
  106s| 28600 |   169 |  1071k|  36.1 |    55M |  26 | 390 |6328 | 405 |3539 |  1 |  63k|  22 | 0.000000e+00 |      --      |    Inf |  93.44%
  106s| 28700 |   148 |  1073k|  36.1 |    55M |  26 | 390 |6259 |   0 |3550 |  0 |  63k|  22 | 0.000000e+00 |      --      |    Inf |  93.71%
  106s| 28800 |   135 |  1076k|  36.1 |    55M |  26 | 390 |6125 | 407 |3556 |  1 |  63k|  22 | 0.000000e+00 |      --      |    Inf |  94.11%
 time | node  | left  |LP iter|LP it/n|mem/heur|mdpt |vars |cons |rows |cuts |sepa|confs|strbr|  dualbound   | primalbound  |  gap   | compl. 
  106s| 28900 |   125 |  1080k|  36.1 |    55M |  26 | 390 |6115 | 403 |3573 |  2 |  63k|  22 | 0.000000e+00 |      --      |    Inf |  94.50%
  107s| 29000 |   114 |  1083k|  36.1 |    55M |  26 | 390 |6089 |   0 |3604 |  0 |  63k|  22 | 0.000000e+00 |      --      |    Inf |  95.69%
  107s| 29100 |   102 |  1087k|  36.1 |    55M |  26 | 390 |6072 | 403 |3608 |  0 |  63k|  22 | 0.000000e+00 |      --      |    Inf |  96.13%
  107s| 29200 |   110 |  1091k|  36.1 |    55M |  26 | 390 |6122 | 404 |3625 |  1 |  64k|  22 | 0.000000e+00 |      --      |    Inf |  96.38%
  108s| 29300 |   115 |  1093k|  36.0 |    55M |  26 | 390 |6251 | 404 |3625 |  1 |  64k|  22 | 0.000000e+00 |      --      |    Inf |  96.41%
  108s| 29400 |   110 |  1096k|  36.0 |    55M |  26 | 390 |6336 | 404 |3625 |  0 |  64k|  22 | 0.000000e+00 |      --      |    Inf |  96.45%
  108s| 29500 |   109 |  1100k|  36.0 |    55M |  26 | 390 |6421 |   0 |3628 |  0 |  64k|  22 | 0.000000e+00 |      --      |    Inf |  96.46%
  108s| 29600 |   104 |  1104k|  36.0 |    55M |  26 | 390 |6532 | 403 |3628 |  0 |  64k|  22 | 0.000000e+00 |      --      |    Inf |  96.47%
  109s| 29700 |   118 |  1108k|  36.1 |    55M |  26 | 390 |6656 | 404 |3643 |  0 |  64k|  22 | 0.000000e+00 |      --      |    Inf |  96.50%
  109s| 29800 |   118 |  1111k|  36.0 |    55M |  26 | 390 |6721 | 404 |3643 |  1 |  65k|  22 | 0.000000e+00 |      --      |    Inf |  96.57%
  109s| 29900 |   106 |  1115k|  36.0 |    55M |  26 | 390 |6794 | 403 |3652 |  1 |  65k|  22 | 0.000000e+00 |      --      |    Inf |  96.63%
  110s| 30000 |    99 |  1118k|  36.0 |    55M |  26 | 390 |6808 | 404 |3672 |  1 |  65k|  22 | 0.000000e+00 |      --      |    Inf |  96.85%
  110s| 30100 |    90 |  1121k|  36.0 |    55M |  26 | 390 |6779 | 405 |3672 |  1 |  65k|  22 | 0.000000e+00 |      --      |    Inf |  97.24%
  110s| 30200 |    75 |  1124k|  36.0 |    55M |  26 | 390 |6695 | 406 |3687 |  1 |  65k|  22 | 0.000000e+00 |      --      |    Inf |  97.66%
  111s| 30300 |    82 |  1128k|  36.0 |    56M |  26 | 390 |6813 | 405 |3701 |  1 |  66k|  22 | 0.000000e+00 |      --      |    Inf |  97.97%
 time | node  | left  |LP iter|LP it/n|mem/heur|mdpt |vars |cons |rows |cuts |sepa|confs|strbr|  dualbound   | primalbound  |  gap   | compl. 
  111s| 30400 |    80 |  1133k|  36.0 |    56M |  26 | 390 |6991 | 409 |3717 |  1 |  66k|  22 | 0.000000e+00 |      --      |    Inf |  98.05%
  111s| 30500 |    61 |  1137k|  36.0 |    56M |  26 | 390 |7128 |   0 |3717 |  0 |  66k|  22 | 0.000000e+00 |      --      |    Inf |  98.11%
  111s| 30600 |    44 |  1141k|  36.1 |    56M |  26 | 390 |7024 | 402 |3732 |  1 |  66k|  22 | 0.000000e+00 |      --      |    Inf |  98.43%
  112s| 30700 |    59 |  1144k|  36.1 |    56M |  26 | 390 |7031 | 403 |3768 |  1 |  66k|  22 | 0.000000e+00 |      --      |    Inf |  98.93%
  112s| 30800 |    60 |  1148k|  36.0 |    56M |  26 | 390 |7235 | 406 |3785 |  1 |  67k|  22 | 0.000000e+00 |      --      |    Inf |  98.97%
  112s| 30900 |    61 |  1151k|  36.0 |    56M |  26 | 390 |7291 | 403 |3792 |  1 |  67k|  22 | 0.000000e+00 |      --      |    Inf |  99.01%
  113s| 31000 |    60 |  1154k|  36.0 |    56M |  26 | 390 |7358 |   0 |3792 |  0 |  67k|  22 | 0.000000e+00 |      --      |    Inf |  99.09%
  113s| 31100 |    65 |  1157k|  36.0 |    56M |  26 | 390 |7441 | 403 |3802 |  1 |  67k|  22 | 0.000000e+00 |      --      |    Inf |  99.17%
  113s| 31200 |    53 |  1160k|  36.0 |    56M |  26 | 390 |7593 |   0 |3803 |  0 |  67k|  22 | 0.000000e+00 |      --      |    Inf |  99.25%
  113s| 31300 |    47 |  1164k|  36.0 |    56M |  26 | 390 |7671 | 406 |3803 |  1 |  68k|  22 | 0.000000e+00 |      --      |    Inf |  99.31%
  114s| 31400 |    36 |  1167k|  36.0 |    56M |  26 | 390 |7689 | 403 |3823 |  1 |  68k|  22 | 0.000000e+00 |      --      |    Inf |  99.50%
  114s| 31500 |    16 |  1169k|  35.9 |    56M |  26 | 390 |7627 |   0 |3823 |  0 |  68k|  22 | 0.000000e+00 |      --      |    Inf |  99.67%
  114s| 31600 |    17 |  1172k|  35.9 |    56M |  26 | 390 |7652 |   0 |3823 |  0 |  68k|  22 | 0.000000e+00 |      --      |    Inf |  99.74%
  114s| 31700 |     7 |  1175k|  35.9 |    56M |  26 | 390 |7519 | 403 |3833 |  1 |  68k|  22 | 0.000000e+00 |      --      |    Inf |  99.88%

SCIP Status        : problem is solved [infeasible]
Solving Time (sec) : 114.57
Solving Nodes      : 31735 (total of 32714 nodes in 2 runs)
Primal Bound       : +1.00000000000000e+20 (0 solutions)
Dual Bound         : +1.00000000000000e+20
Gap                : 0.00 %
SCIP Status        : problem is solved [infeasible]
Total Time         :     114.57
  solving          :     114.57
  presolving       :       0.12 (included in solving)
  reading          :       0.00
  copying          :       1.23 (103 #copies) (minimal 0.00, maximal 0.02, average 0.01)
Original Problem   :
  Problem name     : model
  Variables        : 414 (414 binary, 0 integer, 0 implicit integer, 0 continuous)
  Constraints      : 414 initial, 414 maximal
  Objective        : minimize, 0 non-zeros (abs.min = 1e+20, abs.max = -1e+20)
Presolved Problem  :
  Problem name     : t_model
  Variables        : 390 (390 binary, 0 integer, 0 implicit integer, 0 continuous)
  Constraints      : 2800 initial, 7737 maximal
  Objective        : minimize, 0 non-zeros (abs.min = 1e+20, abs.max = -1e+20)
  Nonzeros         : 48245 constraint, 1229 clique table
Presolvers         :   ExecTime  SetupTime  Calls  FixedVars   AggrVars   ChgTypes  ChgBounds   AddHoles    DelCons    AddCons   ChgSides   ChgCoefs
  boundshift       :       0.00       0.00      0          0          0          0          0          0          0          0          0          0
  convertinttobin  :       0.00       0.00      0          0          0          0          0          0          0          0          0          0
  domcol           :       0.00       0.00      3          0          0          0          0          0          0          0          0          0
  dualagg          :       0.00       0.00      0          0          0          0          0          0          0          0          0          0
  dualcomp         :       0.00       0.00      0          0          0          0          0          0          0          0          0          0
  dualinfer        :       0.00       0.00      0          0          0          0          0          0          0          0          0          0
  dualsparsify     :       0.00       0.00      1          0          0          0          0          0          0          0          0          0
  gateextraction   :       0.01       0.00      8          0          0          0          0          0         19          9          0          0
  implics          :       0.00       0.00     13          0          0          0          0          0          0          0          0          0
  inttobinary      :       0.00       0.00      0          0          0          0          0          0          0          0          0          0
  qpkktref         :       0.00       0.00      0          0          0          0          0          0          0          0          0          0
  redvub           :       0.00       0.00      0          0          0          0          0          0          0          0          0          0
  sparsify         :       0.00       0.00      1          0          0          0          0          0          0          0          0          0
  stuffing         :       0.00       0.00      0          0          0          0          0          0          0          0          0          0
  trivial          :       0.00       0.00     17         10          0          0          0          0          0          0          0          0
  tworowbnd        :       0.00       0.00      0          0          0          0          0          0          0          0          0          0
  dualfix          :       0.00       0.00     17          0          0          0          0          0          0          0          0          0
  genvbounds       :       0.00       0.00      0          0          0          0          0          0          0          0          0          0
  probing          :       0.00       0.00      2          0          0          0          0          0          0          0          0          0
  pseudoobj        :       0.00       0.00      1          0          0          0          0          0          0          0          0          0
  symmetry         :       0.00       0.00      1          2          0          0          0          0          0          5          0          0
  vbounds          :       0.00       0.00      2          0          3          0          0          0          0          0          0          0
  knapsack         :       0.00       0.00     26          0          0          0          0          0          0          0          0          0
  setppc           :       0.00       0.00     36          0          8          0          0          0         26          0          0          0
  linear           :       0.00       0.00     19          0          0          0          0          0          7          0          7          0
  orbisack         :       0.00       0.00      5          0          0          0          0          0          0          0          0          0
  orbitope         :       0.00       0.00     11          1          0          0          0          0          0          0          0          0
  symretope        :       0.00       0.00      5          0          0          0          0          0          0          0          0          0
  logicor          :       0.06       0.01     24          0          0          0          0          0        216          0          0        313
  benders          :       0.00       0.00      0          0          0          0          0          0          0          0          0          0
  components       :       0.01       0.00      2          0          0          0          0          0          0          0          0          0
  root node        :          -          -      -          2          -          -          2          -          -          -          -          -
Constraints        :     Number  MaxNumber  #Separate #Propagate    #EnfoLP    #EnfoRelax  #EnfoPS    #Check   #ResProp    Cutoffs    DomReds       Cuts    Applied      Conss   Children
  benderslp        :          0          0          0          0      20255          0          0        586          0          0          0          0          0          0          0
  integral         :          0          0          0          0      20255          0          0        586          0          0          0          0          0          0      40510
  knapsack         :         92+       106         11     295184          0          0          0          0     152258       2572     149822          0          0          0          0
  setppc           :        394+       432         21     293520          0          0          0        581     902513       8132     988565          0          0          0          0
  linear           :         12+       193         21     284750          0          0          0          0       3598        306       9282          0          0          0          0
  orbisack         :          2          2          0          0          0          0          0          0          0          0          0          0          0          0          0
  orbitope         :          2          2          0     284982          0          0          0          0          0          0          0          0          0          0          0
  symretope        :          1          1          0      38064          0          0          0          0      12207        529       9643          0          0          0          0
  logicor          :       2297+      7215         21     226295          0          0          0          0     360898       6614     357977          3          2          0          0
  benders          :          0          0          0          0          0          0          0          0          0          0          0          0          0          0          0
  countsols        :          0          0          0          0          0          0          0          0          0          0          0          0          0          0          0
  components       :          0          0          0          0          0          0          0          0          0          0          0          0          0          0          0
Constraint Timings :  TotalTime  SetupTime   Separate  Propagate     EnfoLP     EnfoPS     EnfoRelax   Check    ResProp    SB-Prop
  benderslp        :       0.01       0.00       0.00       0.00       0.01       0.00       0.00       0.00       0.00       0.00
  integral         :       0.93       0.00       0.00       0.00       0.93       0.00       0.00       0.00       0.00       0.00
  knapsack         :       4.70       0.00       0.01       4.46       0.00       0.00       0.00       0.00       0.22       0.00
  setppc           :       9.11       0.00       0.00       8.66       0.00       0.00       0.00       0.01       0.45       0.00
  linear           :       0.27       0.00       0.00       0.26       0.00       0.00       0.00       0.00       0.02       0.00
  orbisack         :       0.03       0.00       0.00       0.03       0.00       0.00       0.00       0.00       0.00       0.00
  orbitope         :       0.95       0.00       0.00       0.95       0.00       0.00       0.00       0.00       0.00       0.00
  symretope        :       0.80       0.00       0.00       0.77       0.00       0.00       0.00       0.00       0.03       0.00
  logicor          :      12.40       0.01       0.01      11.96       0.00       0.00       0.00       0.00       0.42       0.00
  benders          :       0.00       0.00       0.00       0.00       0.00       0.00       0.00       0.00       0.00       0.00
  countsols        :       0.00       0.00       0.00       0.00       0.00       0.00       0.00       0.00       0.00       0.00
  components       :       0.01       0.00       0.00       0.01       0.00       0.00       0.00       0.00       0.00       0.00
Propagators        : #Propagate   #ResProp    Cutoffs    DomReds
  dualfix          :          2          0          0          0
  genvbounds       :          0          0          0          0
  nlobbt           :          0          0          0          0
  obbt             :          0          0          0          0
  probing          :          0          0          0          0
  pseudoobj        :          0          0          0          0
  redcost          :          0          0          0          0
  rootredcost      :          0          0          0          0
  symmetry         :          0          0          0          0
  vbounds          :     243646          0          0          0
Propagator Timings :  TotalTime  SetupTime   Presolve  Propagate    ResProp    SB-Prop
  dualfix          :       0.00       0.00       0.00       0.00       0.00       0.00
  genvbounds       :       0.04       0.00       0.00       0.04       0.00       0.00
  nlobbt           :       0.00       0.00       0.00       0.00       0.00       0.00
  obbt             :       0.00       0.00       0.00       0.00       0.00       0.00
  probing          :       0.00       0.00       0.00       0.00       0.00       0.00
  pseudoobj        :       0.03       0.00       0.00       0.03       0.00       0.00
  redcost          :       0.02       0.00       0.00       0.02       0.00       0.00
  rootredcost      :       0.02       0.00       0.00       0.02       0.00       0.00
  symmetry         :       0.03       0.00       0.00       0.03       0.00       0.00
  vbounds          :       0.69       0.00       0.00       0.68       0.00       0.00
Orbital fixing     :
  vars fixed to 0  :          0
  vars fixed to 1  :          0
Conflict Analysis  :       Time      Calls    Success    DomReds  Conflicts   Literals    Reconvs ReconvLits   Dualrays   Nonzeros   LP Iters   (pool size: [10000,10000])
  propagation      :       1.63      17899      16216          -     108422       23.4       1749       11.9          -          -          -
  infeasible LP    :       1.84       5178       4816          -      38962       24.2        297        9.5       3215       35.8          0
  bound exceed. LP :       0.00          0          0          -          0        0.0          0        0.0          0        0.0          0
  strong branching :       0.00          0          0          -          0        0.0          0        0.0          -          -          0
  pseudo solution  :       0.00          0          0          -          0        0.0          0        0.0          -          -          -
  applied globally :       0.47          -          -          0      65220       17.2          -          -       2875          -          -
  applied locally  :          -          -          -          0        324       27.4          -          -        340          -          -
Separators         :   ExecTime  SetupTime      Calls  RootCalls    Cutoffs    DomReds  FoundCuts ViaPoolAdd  DirectAdd    Applied ViaPoolApp  DirectApp      Conss
  cut pool         :       3.77          -       3411         41          -          -      47434      14369          -          -          -          -          -    (maximal pool size:       3041)
  aggregation      :       0.32       0.00       1503         21          0          0          2          0          1          0          0          0          0
  > cmir           :          -          -          -          -          -          -          -          0          0          0          0          0          -
  > flowcover      :          -          -          -          -          -          -          -          0          0          0          0          0          -
  > knapsackcover  :          -          -          -          -          -          -          -          0          1          0          0          0          -
  cgmip            :       0.00       0.00          0          0          0          0          0          0          0          0          0          0          0
  clique           :       0.01       0.00         21         21          0          0          0          0          0          0          0          0          0
  closecuts        :       0.00       0.00          0          0          0          0          0          0          0          0          0          0          0
  convexproj       :       0.00       0.00          0          0          0          0          0          0          0          0          0          0          0
  disjunctive      :       0.00       0.00          0          0          0          0          0          0          0          0          0          0          0
  eccuts           :       0.00       0.00          0          0          0          0          0          0          0          0          0          0          0
  gauge            :       0.00       0.00          0          0          0          0          0          0          0          0          0          0          0
  gomory           :       6.34       0.00       1502         20          0          0      65918      13504      19080       1939       1458        481          0
  > gomorymi       :          -          -          -          -          -          -          -       2125       9540        416        128        288          -
  > strongcg       :          -          -          -          -          -          -          -      11379       9540       1523       1330        193          -
  impliedbounds    :       0.04       0.00       1503         21          0          0         13         54          0         52         52          0          0
  interminor       :       0.00       0.00          0          0          0          0          0          0          0          0          0          0          0
  intobj           :       0.00       0.00          0          0          0          0          0          0          0          0          0          0          0
  mcf              :       0.00       0.00          2          2          0          0          0          0          0          0          0          0          0
  minor            :       0.00       0.00          0          0          0          0          0          0          0          0          0          0          0
  mixing           :       0.00       0.00          0          0          0          0          0          0          0          0          0          0          0
  oddcycle         :       0.00       0.00          0          0          0          0          0          0          0          0          0          0          0
  rapidlearning    :       6.95       0.00        100          2          0      12180          0          0          0          0          0          0        569
  rlt              :       0.00       0.00         20         20          0          0          0          0          0          0          0          0          0
  zerohalf         :       1.04       0.00       1503         21          0          0       2491        811       1909       1926        522       1404          0
Cutselectors       :   ExecTime  SetupTime      Calls  RootCalls   Selected     Forced   Filtered  RootSelec   RootForc   RootFilt 
  hybrid           :       0.05       0.00       1574         20       3919          2      31275         47          0       1456
Pricers            :   ExecTime  SetupTime      Calls       Vars
  problem variables:       0.00          -          0          0
Branching Rules    :   ExecTime  SetupTime   BranchLP  BranchExt   BranchPS    Cutoffs    DomReds       Cuts      Conss   Children
  allfullstrong    :       0.00       0.00          0          0          0          0          0          0          0          0
  cloud            :       0.00       0.00          0          0          0          0          0          0          0          0
  distribution     :       0.00       0.00          0          0          0          0          0          0          0          0
  fullstrong       :       0.00       0.00          0          0          0          0          0          0          0          0
  inference        :       0.00       0.00          0          0          0          0          0          0          0          0
  leastinf         :       0.00       0.00          0          0          0          0          0          0          0          0
  lookahead        :       0.00       0.00          0          0          0          0          0          0          0          0
  mostinf          :       0.00       0.00          0          0          0          0          0          0          0          0
  multaggr         :       0.00       0.00          0          0          0          0          0          0          0          0
  nodereopt        :       0.00       0.00          0          0          0          0          0          0          0          0
  pscost           :       0.00       0.00          0          0          0          0          0          0          0          0
  random           :       0.00       0.00          0          0          0          0          0          0          0          0
  relpscost        :       0.91       0.00      20255          0          0          0          0          0          0      40510
  vanillafullstrong:       0.00       0.00          0          0          0          0          0          0          0          0
Primal Heuristics  :   ExecTime  SetupTime      Calls      Found       Best
  LP solutions     :       0.00          -          -          0          0
  relax solutions  :       0.00          -          -          0          0
  pseudo solutions :       0.00          -          -          0          0
  strong branching :       0.00          -          -          0          0
  actconsdiving    :       0.00       0.00          0          0          0
  adaptivediving   :       0.35       0.00         74          0          0
  alns             :       0.06       0.00          6          0          0
  bound            :       0.00       0.00          0          0          0
  clique           :       0.00       0.00          1          0          0
  coefdiving       :       0.00       0.00          0          0          0
  completesol      :       0.00       0.00          0          0          0
  conflictdiving   :       1.19       0.00        342          0          0
  crossover        :       0.01       0.00          0          0          0
  dins             :       0.00       0.00          0          0          0
  distributiondivin:       2.07       0.00        345          0          0
  dps              :       0.00       0.00          0          0          0
  dualval          :       0.00       0.00          0          0          0
  farkasdiving     :       0.00       0.00          0          0          0
  feaspump         :       0.91       0.00         84          0          0
  fixandinfer      :       0.00       0.00          0          0          0
  fracdiving       :       0.96       0.00        345          0          0
  gins             :       0.01       0.00          0          0          0
  guideddiving     :       0.00       0.00          0          0          0
  indicator        :       0.01       0.00          0          0          0
  intdiving        :       0.00       0.00          0          0          0
  intshifting      :       0.00       0.00          0          0          0
  linesearchdiving :       0.74       0.00        347          0          0
  localbranching   :       0.00       0.00          0          0          0
  locks            :       0.00       0.00          1          0          0
  lpface           :       0.04       0.00          0          0          0
  mpec             :       0.00       0.00          0          0          0
  multistart       :       0.00       0.00          0          0          0
  mutation         :       0.00       0.00          0          0          0
  nlpdiving        :       0.00       0.00          0          0          0
  objpscostdiving  :       0.46       0.00         34          0          0
  octane           :       0.00       0.00          0          0          0
  ofins            :       0.01       0.00          0          0          0
  oneopt           :       0.01       0.00          0          0          0
  padm             :       0.00       0.00          0          0          0
  proximity        :       0.00       0.00          0          0          0
  pscostdiving     :       1.17       0.00        345          0          0
  randrounding     :       0.06       0.00        600          0          0
  rens             :       0.02       0.00          1          0          0
  reoptsols        :       0.00       0.00          0          0          0
  repair           :       0.00       0.00          0          0          0
  rins             :       0.01       0.00          0          0          0
  rootsoldiving    :       0.51       0.00         34          0          0
  rounding         :       0.10       0.00       2011          0          0
  shiftandpropagate:       0.01       0.00          2          0          0
  shifting         :       0.08       0.00        716          0          0
  simplerounding   :       0.01       0.00          0          0          0
  subnlp           :       0.01       0.00          0          0          0
  trivial          :       0.00       0.00          2          0          0
  trivialnegation  :       0.00       0.00          0          0          0
  trustregion      :       0.00       0.00          0          0          0
  trysol           :       0.01       0.00          0          0          0
  twoopt           :       0.00       0.00          0          0          0
  undercover       :       0.00       0.00          0          0          0
  vbounds          :       0.00       0.00          2          0          0
  veclendiving     :       0.98       0.00        346          0          0
  zeroobj          :       0.00       0.00          0          0          0
  zirounding       :       0.03       0.00       1000          0          0
  other solutions  :          -          -          -          0          -
LP                 :       Time      Calls Iterations  Iter/call   Iter/sec  Time-0-It Calls-0-It    ItLimit
  primal LP        :       1.08        822          0       0.00       0.00       1.08        822
  dual LP          :      34.97      26662    1106232      41.74   31629.65       0.06        159
  lex dual LP      :       0.00          0          0       0.00          -
  barrier LP       :       0.00          0          0       0.00          -       0.00          0
  resolve instable :       0.00          0          0       0.00          -
  diving/probing LP:       2.93       2569      69964      27.23   23879.62
  strong branching :       0.15         22       3877     176.23   25609.35          -          -          0
    (at root node) :          -         22       3877     176.23          -
  conflict analysis:       0.00          0          0       0.00          -
B&B Tree           :
  number of runs   :          2
  nodes            :      31735 (19682 internal, 12053 leaves)
  feasible leaves  :          0
  infeas. leaves   :      12053
  objective leaves :          0
  nodes (total)    :      32714 (20255 internal, 12459 leaves)
  nodes left       :          0
  max depth        :         26
  max depth (total):         26
  backtracks       :      11611 (36.6%)
  early backtracks :          0 (0.0%)
  nodes exc. ref.  :          0 (0.0%)
  delayed cutoffs  :       7630
  repropagations   :      23702 (573896 domain reductions, 5856 cutoffs)
  avg switch length:       5.41
  switching time   :      15.34
Root Node          :
  First LP value   : +0.00000000000000e+00
  First LP Iters   :        146 (27777.78 Iter/sec)
  First LP Time    :       0.01
  Final Dual Bound : +0.00000000000000e+00
  Final Root Iters :       2869
  Root LP Estimate : +3.60575178373814e-03
Solution           :
  Solutions found  :          0 (0 improvements)
  Primal Bound     : infeasible
  Dual Bound       :          -
  Gap              :       0.00 %
Integrals          :      Total       Avg%
  primal-dual      :          -          - (problem infeasible)
  primal-ref       :          -          - (problem infeasible)
  dual-ref         :          -          - (problem infeasible)
written solution information to file <results/final_flowersnark__settings_final_nopeek_norelabel__4__flowersnark23_3.cip.sol>
@04 1668020775
